[2024-12-19T15:14:56.905+0000] {processor.py:161} INFO - Started process (PID=142) to work on /home/airflow/.local/lib/python3.11/site-packages/airflow/example_dags/example_task_group_decorator.py
[2024-12-19T15:14:56.907+0000] {processor.py:830} INFO - Processing file /home/airflow/.local/lib/python3.11/site-packages/airflow/example_dags/example_task_group_decorator.py for tasks to queue
[2024-12-19T15:14:56.911+0000] {logging_mixin.py:188} INFO - [2024-12-19T15:14:56.910+0000] {dagbag.py:538} INFO - Filling up the DagBag from /home/airflow/.local/lib/python3.11/site-packages/airflow/example_dags/example_task_group_decorator.py
[2024-12-19T15:14:56.938+0000] {processor.py:840} INFO - DAG(s) 'example_task_group_decorator' retrieved from /home/airflow/.local/lib/python3.11/site-packages/airflow/example_dags/example_task_group_decorator.py
[2024-12-19T15:14:57.089+0000] {logging_mixin.py:188} INFO - [2024-12-19T15:14:57.089+0000] {dag.py:3036} INFO - Sync 1 DAGs
[2024-12-19T15:14:57.114+0000] {logging_mixin.py:188} INFO - [2024-12-19T15:14:57.114+0000] {dag.py:3823} INFO - Setting next_dagrun for example_task_group_decorator to 2024-12-18 00:00:00+00:00, run_after=2024-12-19 00:00:00+00:00
[2024-12-19T15:14:57.149+0000] {processor.py:183} INFO - Processing /home/airflow/.local/lib/python3.11/site-packages/airflow/example_dags/example_task_group_decorator.py took 0.249 seconds
[2024-12-19T15:25:16.949+0000] {processor.py:161} INFO - Started process (PID=141) to work on /home/airflow/.local/lib/python3.11/site-packages/airflow/example_dags/example_task_group_decorator.py
[2024-12-19T15:25:16.950+0000] {processor.py:830} INFO - Processing file /home/airflow/.local/lib/python3.11/site-packages/airflow/example_dags/example_task_group_decorator.py for tasks to queue
[2024-12-19T15:25:16.953+0000] {logging_mixin.py:188} INFO - [2024-12-19T15:25:16.952+0000] {dagbag.py:538} INFO - Filling up the DagBag from /home/airflow/.local/lib/python3.11/site-packages/airflow/example_dags/example_task_group_decorator.py
[2024-12-19T15:25:16.977+0000] {processor.py:840} INFO - DAG(s) 'example_task_group_decorator' retrieved from /home/airflow/.local/lib/python3.11/site-packages/airflow/example_dags/example_task_group_decorator.py
[2024-12-19T15:25:17.115+0000] {logging_mixin.py:188} INFO - [2024-12-19T15:25:17.114+0000] {dag.py:3036} INFO - Sync 1 DAGs
[2024-12-19T15:25:17.137+0000] {logging_mixin.py:188} INFO - [2024-12-19T15:25:17.136+0000] {dag.py:3823} INFO - Setting next_dagrun for example_task_group_decorator to 2024-12-18 00:00:00+00:00, run_after=2024-12-19 00:00:00+00:00
[2024-12-19T15:25:17.173+0000] {processor.py:183} INFO - Processing /home/airflow/.local/lib/python3.11/site-packages/airflow/example_dags/example_task_group_decorator.py took 0.230 seconds
[2024-12-19T15:25:47.363+0000] {processor.py:161} INFO - Started process (PID=205) to work on /home/airflow/.local/lib/python3.11/site-packages/airflow/example_dags/example_task_group_decorator.py
[2024-12-19T15:25:47.364+0000] {processor.py:830} INFO - Processing file /home/airflow/.local/lib/python3.11/site-packages/airflow/example_dags/example_task_group_decorator.py for tasks to queue
[2024-12-19T15:25:47.366+0000] {logging_mixin.py:188} INFO - [2024-12-19T15:25:47.366+0000] {dagbag.py:538} INFO - Filling up the DagBag from /home/airflow/.local/lib/python3.11/site-packages/airflow/example_dags/example_task_group_decorator.py
[2024-12-19T15:25:47.387+0000] {processor.py:840} INFO - DAG(s) 'example_task_group_decorator' retrieved from /home/airflow/.local/lib/python3.11/site-packages/airflow/example_dags/example_task_group_decorator.py
[2024-12-19T15:25:47.416+0000] {logging_mixin.py:188} INFO - [2024-12-19T15:25:47.416+0000] {dag.py:3036} INFO - Sync 1 DAGs
[2024-12-19T15:25:47.445+0000] {logging_mixin.py:188} INFO - [2024-12-19T15:25:47.445+0000] {dag.py:3823} INFO - Setting next_dagrun for example_task_group_decorator to 2024-12-18 00:00:00+00:00, run_after=2024-12-19 00:00:00+00:00
[2024-12-19T15:25:47.475+0000] {processor.py:183} INFO - Processing /home/airflow/.local/lib/python3.11/site-packages/airflow/example_dags/example_task_group_decorator.py took 0.116 seconds
[2024-12-19T15:26:17.574+0000] {processor.py:161} INFO - Started process (PID=269) to work on /home/airflow/.local/lib/python3.11/site-packages/airflow/example_dags/example_task_group_decorator.py
[2024-12-19T15:26:17.575+0000] {processor.py:830} INFO - Processing file /home/airflow/.local/lib/python3.11/site-packages/airflow/example_dags/example_task_group_decorator.py for tasks to queue
[2024-12-19T15:26:17.578+0000] {logging_mixin.py:188} INFO - [2024-12-19T15:26:17.578+0000] {dagbag.py:538} INFO - Filling up the DagBag from /home/airflow/.local/lib/python3.11/site-packages/airflow/example_dags/example_task_group_decorator.py
[2024-12-19T15:26:17.599+0000] {processor.py:840} INFO - DAG(s) 'example_task_group_decorator' retrieved from /home/airflow/.local/lib/python3.11/site-packages/airflow/example_dags/example_task_group_decorator.py
[2024-12-19T15:26:17.628+0000] {logging_mixin.py:188} INFO - [2024-12-19T15:26:17.628+0000] {dag.py:3036} INFO - Sync 1 DAGs
[2024-12-19T15:26:17.653+0000] {logging_mixin.py:188} INFO - [2024-12-19T15:26:17.652+0000] {dag.py:3823} INFO - Setting next_dagrun for example_task_group_decorator to 2024-12-18 00:00:00+00:00, run_after=2024-12-19 00:00:00+00:00
[2024-12-19T15:26:17.676+0000] {processor.py:183} INFO - Processing /home/airflow/.local/lib/python3.11/site-packages/airflow/example_dags/example_task_group_decorator.py took 0.107 seconds
[2024-12-19T15:26:48.091+0000] {processor.py:161} INFO - Started process (PID=333) to work on /home/airflow/.local/lib/python3.11/site-packages/airflow/example_dags/example_task_group_decorator.py
[2024-12-19T15:26:48.092+0000] {processor.py:830} INFO - Processing file /home/airflow/.local/lib/python3.11/site-packages/airflow/example_dags/example_task_group_decorator.py for tasks to queue
[2024-12-19T15:26:48.096+0000] {logging_mixin.py:188} INFO - [2024-12-19T15:26:48.095+0000] {dagbag.py:538} INFO - Filling up the DagBag from /home/airflow/.local/lib/python3.11/site-packages/airflow/example_dags/example_task_group_decorator.py
[2024-12-19T15:26:48.118+0000] {processor.py:840} INFO - DAG(s) 'example_task_group_decorator' retrieved from /home/airflow/.local/lib/python3.11/site-packages/airflow/example_dags/example_task_group_decorator.py
[2024-12-19T15:26:48.148+0000] {logging_mixin.py:188} INFO - [2024-12-19T15:26:48.148+0000] {dag.py:3036} INFO - Sync 1 DAGs
[2024-12-19T15:26:48.175+0000] {logging_mixin.py:188} INFO - [2024-12-19T15:26:48.174+0000] {dag.py:3823} INFO - Setting next_dagrun for example_task_group_decorator to 2024-12-18 00:00:00+00:00, run_after=2024-12-19 00:00:00+00:00
[2024-12-19T15:26:48.197+0000] {processor.py:183} INFO - Processing /home/airflow/.local/lib/python3.11/site-packages/airflow/example_dags/example_task_group_decorator.py took 0.112 seconds
[2024-12-19T15:27:18.238+0000] {processor.py:161} INFO - Started process (PID=404) to work on /home/airflow/.local/lib/python3.11/site-packages/airflow/example_dags/example_task_group_decorator.py
[2024-12-19T15:27:18.240+0000] {processor.py:830} INFO - Processing file /home/airflow/.local/lib/python3.11/site-packages/airflow/example_dags/example_task_group_decorator.py for tasks to queue
[2024-12-19T15:27:18.243+0000] {logging_mixin.py:188} INFO - [2024-12-19T15:27:18.242+0000] {dagbag.py:538} INFO - Filling up the DagBag from /home/airflow/.local/lib/python3.11/site-packages/airflow/example_dags/example_task_group_decorator.py
[2024-12-19T15:27:18.261+0000] {processor.py:840} INFO - DAG(s) 'example_task_group_decorator' retrieved from /home/airflow/.local/lib/python3.11/site-packages/airflow/example_dags/example_task_group_decorator.py
[2024-12-19T15:27:18.289+0000] {logging_mixin.py:188} INFO - [2024-12-19T15:27:18.289+0000] {dag.py:3036} INFO - Sync 1 DAGs
[2024-12-19T15:27:18.314+0000] {logging_mixin.py:188} INFO - [2024-12-19T15:27:18.313+0000] {dag.py:3823} INFO - Setting next_dagrun for example_task_group_decorator to 2024-12-18 00:00:00+00:00, run_after=2024-12-19 00:00:00+00:00
[2024-12-19T15:27:18.349+0000] {processor.py:183} INFO - Processing /home/airflow/.local/lib/python3.11/site-packages/airflow/example_dags/example_task_group_decorator.py took 0.114 seconds
[2024-12-19T15:27:48.697+0000] {processor.py:161} INFO - Started process (PID=468) to work on /home/airflow/.local/lib/python3.11/site-packages/airflow/example_dags/example_task_group_decorator.py
[2024-12-19T15:27:48.698+0000] {processor.py:830} INFO - Processing file /home/airflow/.local/lib/python3.11/site-packages/airflow/example_dags/example_task_group_decorator.py for tasks to queue
[2024-12-19T15:27:48.701+0000] {logging_mixin.py:188} INFO - [2024-12-19T15:27:48.700+0000] {dagbag.py:538} INFO - Filling up the DagBag from /home/airflow/.local/lib/python3.11/site-packages/airflow/example_dags/example_task_group_decorator.py
[2024-12-19T15:27:48.720+0000] {processor.py:840} INFO - DAG(s) 'example_task_group_decorator' retrieved from /home/airflow/.local/lib/python3.11/site-packages/airflow/example_dags/example_task_group_decorator.py
[2024-12-19T15:27:48.751+0000] {logging_mixin.py:188} INFO - [2024-12-19T15:27:48.751+0000] {dag.py:3036} INFO - Sync 1 DAGs
[2024-12-19T15:27:48.775+0000] {logging_mixin.py:188} INFO - [2024-12-19T15:27:48.775+0000] {dag.py:3823} INFO - Setting next_dagrun for example_task_group_decorator to 2024-12-18 00:00:00+00:00, run_after=2024-12-19 00:00:00+00:00
[2024-12-19T15:27:48.800+0000] {processor.py:183} INFO - Processing /home/airflow/.local/lib/python3.11/site-packages/airflow/example_dags/example_task_group_decorator.py took 0.108 seconds
[2024-12-19T15:28:18.992+0000] {processor.py:161} INFO - Started process (PID=532) to work on /home/airflow/.local/lib/python3.11/site-packages/airflow/example_dags/example_task_group_decorator.py
[2024-12-19T15:28:18.993+0000] {processor.py:830} INFO - Processing file /home/airflow/.local/lib/python3.11/site-packages/airflow/example_dags/example_task_group_decorator.py for tasks to queue
[2024-12-19T15:28:18.995+0000] {logging_mixin.py:188} INFO - [2024-12-19T15:28:18.995+0000] {dagbag.py:538} INFO - Filling up the DagBag from /home/airflow/.local/lib/python3.11/site-packages/airflow/example_dags/example_task_group_decorator.py
[2024-12-19T15:28:19.014+0000] {processor.py:840} INFO - DAG(s) 'example_task_group_decorator' retrieved from /home/airflow/.local/lib/python3.11/site-packages/airflow/example_dags/example_task_group_decorator.py
[2024-12-19T15:28:19.049+0000] {logging_mixin.py:188} INFO - [2024-12-19T15:28:19.049+0000] {dag.py:3036} INFO - Sync 1 DAGs
[2024-12-19T15:28:19.081+0000] {logging_mixin.py:188} INFO - [2024-12-19T15:28:19.080+0000] {dag.py:3823} INFO - Setting next_dagrun for example_task_group_decorator to 2024-12-18 00:00:00+00:00, run_after=2024-12-19 00:00:00+00:00
[2024-12-19T15:28:19.107+0000] {processor.py:183} INFO - Processing /home/airflow/.local/lib/python3.11/site-packages/airflow/example_dags/example_task_group_decorator.py took 0.120 seconds
[2024-12-19T15:28:49.628+0000] {processor.py:161} INFO - Started process (PID=596) to work on /home/airflow/.local/lib/python3.11/site-packages/airflow/example_dags/example_task_group_decorator.py
[2024-12-19T15:28:49.629+0000] {processor.py:830} INFO - Processing file /home/airflow/.local/lib/python3.11/site-packages/airflow/example_dags/example_task_group_decorator.py for tasks to queue
[2024-12-19T15:28:49.632+0000] {logging_mixin.py:188} INFO - [2024-12-19T15:28:49.631+0000] {dagbag.py:538} INFO - Filling up the DagBag from /home/airflow/.local/lib/python3.11/site-packages/airflow/example_dags/example_task_group_decorator.py
[2024-12-19T15:28:49.653+0000] {processor.py:840} INFO - DAG(s) 'example_task_group_decorator' retrieved from /home/airflow/.local/lib/python3.11/site-packages/airflow/example_dags/example_task_group_decorator.py
[2024-12-19T15:28:49.683+0000] {logging_mixin.py:188} INFO - [2024-12-19T15:28:49.683+0000] {dag.py:3036} INFO - Sync 1 DAGs
[2024-12-19T15:28:49.708+0000] {logging_mixin.py:188} INFO - [2024-12-19T15:28:49.708+0000] {dag.py:3823} INFO - Setting next_dagrun for example_task_group_decorator to 2024-12-18 00:00:00+00:00, run_after=2024-12-19 00:00:00+00:00
[2024-12-19T15:28:49.730+0000] {processor.py:183} INFO - Processing /home/airflow/.local/lib/python3.11/site-packages/airflow/example_dags/example_task_group_decorator.py took 0.107 seconds
[2024-12-19T15:29:20.724+0000] {processor.py:161} INFO - Started process (PID=666) to work on /home/airflow/.local/lib/python3.11/site-packages/airflow/example_dags/example_task_group_decorator.py
[2024-12-19T15:29:20.725+0000] {processor.py:830} INFO - Processing file /home/airflow/.local/lib/python3.11/site-packages/airflow/example_dags/example_task_group_decorator.py for tasks to queue
[2024-12-19T15:29:20.728+0000] {logging_mixin.py:188} INFO - [2024-12-19T15:29:20.727+0000] {dagbag.py:538} INFO - Filling up the DagBag from /home/airflow/.local/lib/python3.11/site-packages/airflow/example_dags/example_task_group_decorator.py
[2024-12-19T15:29:20.746+0000] {processor.py:840} INFO - DAG(s) 'example_task_group_decorator' retrieved from /home/airflow/.local/lib/python3.11/site-packages/airflow/example_dags/example_task_group_decorator.py
[2024-12-19T15:29:20.777+0000] {logging_mixin.py:188} INFO - [2024-12-19T15:29:20.777+0000] {dag.py:3036} INFO - Sync 1 DAGs
[2024-12-19T15:29:20.804+0000] {logging_mixin.py:188} INFO - [2024-12-19T15:29:20.803+0000] {dag.py:3823} INFO - Setting next_dagrun for example_task_group_decorator to 2024-12-18 00:00:00+00:00, run_after=2024-12-19 00:00:00+00:00
[2024-12-19T15:29:20.836+0000] {processor.py:183} INFO - Processing /home/airflow/.local/lib/python3.11/site-packages/airflow/example_dags/example_task_group_decorator.py took 0.117 seconds
[2024-12-19T15:29:51.086+0000] {processor.py:161} INFO - Started process (PID=730) to work on /home/airflow/.local/lib/python3.11/site-packages/airflow/example_dags/example_task_group_decorator.py
[2024-12-19T15:29:51.088+0000] {processor.py:830} INFO - Processing file /home/airflow/.local/lib/python3.11/site-packages/airflow/example_dags/example_task_group_decorator.py for tasks to queue
[2024-12-19T15:29:51.092+0000] {logging_mixin.py:188} INFO - [2024-12-19T15:29:51.092+0000] {dagbag.py:538} INFO - Filling up the DagBag from /home/airflow/.local/lib/python3.11/site-packages/airflow/example_dags/example_task_group_decorator.py
[2024-12-19T15:29:51.130+0000] {processor.py:840} INFO - DAG(s) 'example_task_group_decorator' retrieved from /home/airflow/.local/lib/python3.11/site-packages/airflow/example_dags/example_task_group_decorator.py
[2024-12-19T15:29:51.183+0000] {logging_mixin.py:188} INFO - [2024-12-19T15:29:51.182+0000] {dag.py:3036} INFO - Sync 1 DAGs
[2024-12-19T15:29:51.226+0000] {logging_mixin.py:188} INFO - [2024-12-19T15:29:51.225+0000] {dag.py:3823} INFO - Setting next_dagrun for example_task_group_decorator to 2024-12-18 00:00:00+00:00, run_after=2024-12-19 00:00:00+00:00
[2024-12-19T15:29:51.261+0000] {processor.py:183} INFO - Processing /home/airflow/.local/lib/python3.11/site-packages/airflow/example_dags/example_task_group_decorator.py took 0.183 seconds
[2024-12-19T15:37:28.303+0000] {processor.py:161} INFO - Started process (PID=141) to work on /home/airflow/.local/lib/python3.11/site-packages/airflow/example_dags/example_task_group_decorator.py
[2024-12-19T15:37:28.305+0000] {processor.py:830} INFO - Processing file /home/airflow/.local/lib/python3.11/site-packages/airflow/example_dags/example_task_group_decorator.py for tasks to queue
[2024-12-19T15:37:28.309+0000] {logging_mixin.py:188} INFO - [2024-12-19T15:37:28.308+0000] {dagbag.py:538} INFO - Filling up the DagBag from /home/airflow/.local/lib/python3.11/site-packages/airflow/example_dags/example_task_group_decorator.py
[2024-12-19T15:37:28.335+0000] {processor.py:840} INFO - DAG(s) 'example_task_group_decorator' retrieved from /home/airflow/.local/lib/python3.11/site-packages/airflow/example_dags/example_task_group_decorator.py
[2024-12-19T15:37:28.485+0000] {logging_mixin.py:188} INFO - [2024-12-19T15:37:28.485+0000] {dag.py:3036} INFO - Sync 1 DAGs
[2024-12-19T15:37:28.515+0000] {logging_mixin.py:188} INFO - [2024-12-19T15:37:28.515+0000] {dag.py:3823} INFO - Setting next_dagrun for example_task_group_decorator to 2024-12-18 00:00:00+00:00, run_after=2024-12-19 00:00:00+00:00
[2024-12-19T15:37:28.555+0000] {processor.py:183} INFO - Processing /home/airflow/.local/lib/python3.11/site-packages/airflow/example_dags/example_task_group_decorator.py took 0.259 seconds
[2024-12-19T15:37:59.239+0000] {processor.py:161} INFO - Started process (PID=205) to work on /home/airflow/.local/lib/python3.11/site-packages/airflow/example_dags/example_task_group_decorator.py
[2024-12-19T15:37:59.241+0000] {processor.py:830} INFO - Processing file /home/airflow/.local/lib/python3.11/site-packages/airflow/example_dags/example_task_group_decorator.py for tasks to queue
[2024-12-19T15:37:59.243+0000] {logging_mixin.py:188} INFO - [2024-12-19T15:37:59.243+0000] {dagbag.py:538} INFO - Filling up the DagBag from /home/airflow/.local/lib/python3.11/site-packages/airflow/example_dags/example_task_group_decorator.py
[2024-12-19T15:37:59.263+0000] {processor.py:840} INFO - DAG(s) 'example_task_group_decorator' retrieved from /home/airflow/.local/lib/python3.11/site-packages/airflow/example_dags/example_task_group_decorator.py
[2024-12-19T15:37:59.296+0000] {logging_mixin.py:188} INFO - [2024-12-19T15:37:59.295+0000] {dag.py:3036} INFO - Sync 1 DAGs
[2024-12-19T15:37:59.325+0000] {logging_mixin.py:188} INFO - [2024-12-19T15:37:59.324+0000] {dag.py:3823} INFO - Setting next_dagrun for example_task_group_decorator to 2024-12-18 00:00:00+00:00, run_after=2024-12-19 00:00:00+00:00
[2024-12-19T15:37:59.353+0000] {processor.py:183} INFO - Processing /home/airflow/.local/lib/python3.11/site-packages/airflow/example_dags/example_task_group_decorator.py took 0.118 seconds
[2024-12-19T15:38:30.227+0000] {processor.py:161} INFO - Started process (PID=269) to work on /home/airflow/.local/lib/python3.11/site-packages/airflow/example_dags/example_task_group_decorator.py
[2024-12-19T15:38:30.229+0000] {processor.py:830} INFO - Processing file /home/airflow/.local/lib/python3.11/site-packages/airflow/example_dags/example_task_group_decorator.py for tasks to queue
[2024-12-19T15:38:30.233+0000] {logging_mixin.py:188} INFO - [2024-12-19T15:38:30.233+0000] {dagbag.py:538} INFO - Filling up the DagBag from /home/airflow/.local/lib/python3.11/site-packages/airflow/example_dags/example_task_group_decorator.py
[2024-12-19T15:38:30.265+0000] {processor.py:840} INFO - DAG(s) 'example_task_group_decorator' retrieved from /home/airflow/.local/lib/python3.11/site-packages/airflow/example_dags/example_task_group_decorator.py
[2024-12-19T15:38:30.300+0000] {logging_mixin.py:188} INFO - [2024-12-19T15:38:30.300+0000] {dag.py:3036} INFO - Sync 1 DAGs
[2024-12-19T15:38:30.324+0000] {logging_mixin.py:188} INFO - [2024-12-19T15:38:30.324+0000] {dag.py:3823} INFO - Setting next_dagrun for example_task_group_decorator to 2024-12-18 00:00:00+00:00, run_after=2024-12-19 00:00:00+00:00
[2024-12-19T15:38:30.346+0000] {processor.py:183} INFO - Processing /home/airflow/.local/lib/python3.11/site-packages/airflow/example_dags/example_task_group_decorator.py took 0.127 seconds
[2024-12-19T15:39:01.066+0000] {processor.py:161} INFO - Started process (PID=333) to work on /home/airflow/.local/lib/python3.11/site-packages/airflow/example_dags/example_task_group_decorator.py
[2024-12-19T15:39:01.067+0000] {processor.py:830} INFO - Processing file /home/airflow/.local/lib/python3.11/site-packages/airflow/example_dags/example_task_group_decorator.py for tasks to queue
[2024-12-19T15:39:01.069+0000] {logging_mixin.py:188} INFO - [2024-12-19T15:39:01.069+0000] {dagbag.py:538} INFO - Filling up the DagBag from /home/airflow/.local/lib/python3.11/site-packages/airflow/example_dags/example_task_group_decorator.py
[2024-12-19T15:39:01.086+0000] {processor.py:840} INFO - DAG(s) 'example_task_group_decorator' retrieved from /home/airflow/.local/lib/python3.11/site-packages/airflow/example_dags/example_task_group_decorator.py
[2024-12-19T15:39:01.113+0000] {logging_mixin.py:188} INFO - [2024-12-19T15:39:01.112+0000] {dag.py:3036} INFO - Sync 1 DAGs
[2024-12-19T15:39:01.136+0000] {logging_mixin.py:188} INFO - [2024-12-19T15:39:01.136+0000] {dag.py:3823} INFO - Setting next_dagrun for example_task_group_decorator to 2024-12-18 00:00:00+00:00, run_after=2024-12-19 00:00:00+00:00
[2024-12-19T15:39:01.163+0000] {processor.py:183} INFO - Processing /home/airflow/.local/lib/python3.11/site-packages/airflow/example_dags/example_task_group_decorator.py took 0.101 seconds
[2024-12-19T15:43:06.855+0000] {processor.py:161} INFO - Started process (PID=142) to work on /home/airflow/.local/lib/python3.11/site-packages/airflow/example_dags/example_task_group_decorator.py
[2024-12-19T15:43:06.857+0000] {processor.py:830} INFO - Processing file /home/airflow/.local/lib/python3.11/site-packages/airflow/example_dags/example_task_group_decorator.py for tasks to queue
[2024-12-19T15:43:06.860+0000] {logging_mixin.py:188} INFO - [2024-12-19T15:43:06.860+0000] {dagbag.py:538} INFO - Filling up the DagBag from /home/airflow/.local/lib/python3.11/site-packages/airflow/example_dags/example_task_group_decorator.py
[2024-12-19T15:43:06.881+0000] {processor.py:840} INFO - DAG(s) 'example_task_group_decorator' retrieved from /home/airflow/.local/lib/python3.11/site-packages/airflow/example_dags/example_task_group_decorator.py
[2024-12-19T15:43:07.016+0000] {logging_mixin.py:188} INFO - [2024-12-19T15:43:07.016+0000] {dag.py:3036} INFO - Sync 1 DAGs
[2024-12-19T15:43:07.039+0000] {logging_mixin.py:188} INFO - [2024-12-19T15:43:07.039+0000] {dag.py:3823} INFO - Setting next_dagrun for example_task_group_decorator to 2024-12-18 00:00:00+00:00, run_after=2024-12-19 00:00:00+00:00
[2024-12-19T15:43:07.083+0000] {processor.py:183} INFO - Processing /home/airflow/.local/lib/python3.11/site-packages/airflow/example_dags/example_task_group_decorator.py took 0.233 seconds
[2024-12-19T15:43:37.563+0000] {processor.py:161} INFO - Started process (PID=206) to work on /home/airflow/.local/lib/python3.11/site-packages/airflow/example_dags/example_task_group_decorator.py
[2024-12-19T15:43:37.565+0000] {processor.py:830} INFO - Processing file /home/airflow/.local/lib/python3.11/site-packages/airflow/example_dags/example_task_group_decorator.py for tasks to queue
[2024-12-19T15:43:37.567+0000] {logging_mixin.py:188} INFO - [2024-12-19T15:43:37.567+0000] {dagbag.py:538} INFO - Filling up the DagBag from /home/airflow/.local/lib/python3.11/site-packages/airflow/example_dags/example_task_group_decorator.py
[2024-12-19T15:43:37.586+0000] {processor.py:840} INFO - DAG(s) 'example_task_group_decorator' retrieved from /home/airflow/.local/lib/python3.11/site-packages/airflow/example_dags/example_task_group_decorator.py
[2024-12-19T15:43:37.618+0000] {logging_mixin.py:188} INFO - [2024-12-19T15:43:37.618+0000] {dag.py:3036} INFO - Sync 1 DAGs
[2024-12-19T15:43:37.645+0000] {logging_mixin.py:188} INFO - [2024-12-19T15:43:37.645+0000] {dag.py:3823} INFO - Setting next_dagrun for example_task_group_decorator to 2024-12-18 00:00:00+00:00, run_after=2024-12-19 00:00:00+00:00
[2024-12-19T15:43:37.672+0000] {processor.py:183} INFO - Processing /home/airflow/.local/lib/python3.11/site-packages/airflow/example_dags/example_task_group_decorator.py took 0.114 seconds
[2024-12-19T15:44:08.142+0000] {processor.py:161} INFO - Started process (PID=277) to work on /home/airflow/.local/lib/python3.11/site-packages/airflow/example_dags/example_task_group_decorator.py
[2024-12-19T15:44:08.143+0000] {processor.py:830} INFO - Processing file /home/airflow/.local/lib/python3.11/site-packages/airflow/example_dags/example_task_group_decorator.py for tasks to queue
[2024-12-19T15:44:08.146+0000] {logging_mixin.py:188} INFO - [2024-12-19T15:44:08.145+0000] {dagbag.py:538} INFO - Filling up the DagBag from /home/airflow/.local/lib/python3.11/site-packages/airflow/example_dags/example_task_group_decorator.py
[2024-12-19T15:44:08.164+0000] {processor.py:840} INFO - DAG(s) 'example_task_group_decorator' retrieved from /home/airflow/.local/lib/python3.11/site-packages/airflow/example_dags/example_task_group_decorator.py
[2024-12-19T15:44:08.193+0000] {logging_mixin.py:188} INFO - [2024-12-19T15:44:08.193+0000] {dag.py:3036} INFO - Sync 1 DAGs
[2024-12-19T15:44:08.217+0000] {logging_mixin.py:188} INFO - [2024-12-19T15:44:08.217+0000] {dag.py:3823} INFO - Setting next_dagrun for example_task_group_decorator to 2024-12-18 00:00:00+00:00, run_after=2024-12-19 00:00:00+00:00
[2024-12-19T15:44:08.247+0000] {processor.py:183} INFO - Processing /home/airflow/.local/lib/python3.11/site-packages/airflow/example_dags/example_task_group_decorator.py took 0.109 seconds
[2024-12-19T15:44:38.884+0000] {processor.py:161} INFO - Started process (PID=341) to work on /home/airflow/.local/lib/python3.11/site-packages/airflow/example_dags/example_task_group_decorator.py
[2024-12-19T15:44:38.885+0000] {processor.py:830} INFO - Processing file /home/airflow/.local/lib/python3.11/site-packages/airflow/example_dags/example_task_group_decorator.py for tasks to queue
[2024-12-19T15:44:38.888+0000] {logging_mixin.py:188} INFO - [2024-12-19T15:44:38.888+0000] {dagbag.py:538} INFO - Filling up the DagBag from /home/airflow/.local/lib/python3.11/site-packages/airflow/example_dags/example_task_group_decorator.py
[2024-12-19T15:44:38.909+0000] {processor.py:840} INFO - DAG(s) 'example_task_group_decorator' retrieved from /home/airflow/.local/lib/python3.11/site-packages/airflow/example_dags/example_task_group_decorator.py
[2024-12-19T15:44:38.942+0000] {logging_mixin.py:188} INFO - [2024-12-19T15:44:38.942+0000] {dag.py:3036} INFO - Sync 1 DAGs
[2024-12-19T15:44:38.971+0000] {logging_mixin.py:188} INFO - [2024-12-19T15:44:38.971+0000] {dag.py:3823} INFO - Setting next_dagrun for example_task_group_decorator to 2024-12-18 00:00:00+00:00, run_after=2024-12-19 00:00:00+00:00
[2024-12-19T15:44:39.001+0000] {processor.py:183} INFO - Processing /home/airflow/.local/lib/python3.11/site-packages/airflow/example_dags/example_task_group_decorator.py took 0.122 seconds
[2024-12-19T15:45:09.257+0000] {processor.py:161} INFO - Started process (PID=405) to work on /home/airflow/.local/lib/python3.11/site-packages/airflow/example_dags/example_task_group_decorator.py
[2024-12-19T15:45:09.259+0000] {processor.py:830} INFO - Processing file /home/airflow/.local/lib/python3.11/site-packages/airflow/example_dags/example_task_group_decorator.py for tasks to queue
[2024-12-19T15:45:09.261+0000] {logging_mixin.py:188} INFO - [2024-12-19T15:45:09.261+0000] {dagbag.py:538} INFO - Filling up the DagBag from /home/airflow/.local/lib/python3.11/site-packages/airflow/example_dags/example_task_group_decorator.py
[2024-12-19T15:45:09.278+0000] {processor.py:840} INFO - DAG(s) 'example_task_group_decorator' retrieved from /home/airflow/.local/lib/python3.11/site-packages/airflow/example_dags/example_task_group_decorator.py
[2024-12-19T15:45:09.306+0000] {logging_mixin.py:188} INFO - [2024-12-19T15:45:09.306+0000] {dag.py:3036} INFO - Sync 1 DAGs
[2024-12-19T15:45:09.329+0000] {logging_mixin.py:188} INFO - [2024-12-19T15:45:09.329+0000] {dag.py:3823} INFO - Setting next_dagrun for example_task_group_decorator to 2024-12-18 00:00:00+00:00, run_after=2024-12-19 00:00:00+00:00
[2024-12-19T15:45:09.353+0000] {processor.py:183} INFO - Processing /home/airflow/.local/lib/python3.11/site-packages/airflow/example_dags/example_task_group_decorator.py took 0.099 seconds
[2024-12-19T15:45:39.780+0000] {processor.py:161} INFO - Started process (PID=469) to work on /home/airflow/.local/lib/python3.11/site-packages/airflow/example_dags/example_task_group_decorator.py
[2024-12-19T15:45:39.781+0000] {processor.py:830} INFO - Processing file /home/airflow/.local/lib/python3.11/site-packages/airflow/example_dags/example_task_group_decorator.py for tasks to queue
[2024-12-19T15:45:39.784+0000] {logging_mixin.py:188} INFO - [2024-12-19T15:45:39.784+0000] {dagbag.py:538} INFO - Filling up the DagBag from /home/airflow/.local/lib/python3.11/site-packages/airflow/example_dags/example_task_group_decorator.py
[2024-12-19T15:45:39.804+0000] {processor.py:840} INFO - DAG(s) 'example_task_group_decorator' retrieved from /home/airflow/.local/lib/python3.11/site-packages/airflow/example_dags/example_task_group_decorator.py
[2024-12-19T15:45:39.839+0000] {logging_mixin.py:188} INFO - [2024-12-19T15:45:39.838+0000] {dag.py:3036} INFO - Sync 1 DAGs
[2024-12-19T15:45:39.867+0000] {logging_mixin.py:188} INFO - [2024-12-19T15:45:39.867+0000] {dag.py:3823} INFO - Setting next_dagrun for example_task_group_decorator to 2024-12-18 00:00:00+00:00, run_after=2024-12-19 00:00:00+00:00
[2024-12-19T15:45:39.893+0000] {processor.py:183} INFO - Processing /home/airflow/.local/lib/python3.11/site-packages/airflow/example_dags/example_task_group_decorator.py took 0.119 seconds
[2024-12-19T15:46:10.444+0000] {processor.py:161} INFO - Started process (PID=540) to work on /home/airflow/.local/lib/python3.11/site-packages/airflow/example_dags/example_task_group_decorator.py
[2024-12-19T15:46:10.445+0000] {processor.py:830} INFO - Processing file /home/airflow/.local/lib/python3.11/site-packages/airflow/example_dags/example_task_group_decorator.py for tasks to queue
[2024-12-19T15:46:10.448+0000] {logging_mixin.py:188} INFO - [2024-12-19T15:46:10.448+0000] {dagbag.py:538} INFO - Filling up the DagBag from /home/airflow/.local/lib/python3.11/site-packages/airflow/example_dags/example_task_group_decorator.py
[2024-12-19T15:46:10.471+0000] {processor.py:840} INFO - DAG(s) 'example_task_group_decorator' retrieved from /home/airflow/.local/lib/python3.11/site-packages/airflow/example_dags/example_task_group_decorator.py
[2024-12-19T15:46:10.506+0000] {logging_mixin.py:188} INFO - [2024-12-19T15:46:10.506+0000] {dag.py:3036} INFO - Sync 1 DAGs
[2024-12-19T15:46:10.538+0000] {logging_mixin.py:188} INFO - [2024-12-19T15:46:10.538+0000] {dag.py:3823} INFO - Setting next_dagrun for example_task_group_decorator to 2024-12-18 00:00:00+00:00, run_after=2024-12-19 00:00:00+00:00
[2024-12-19T15:46:10.578+0000] {processor.py:183} INFO - Processing /home/airflow/.local/lib/python3.11/site-packages/airflow/example_dags/example_task_group_decorator.py took 0.139 seconds
[2024-12-19T15:46:41.858+0000] {processor.py:161} INFO - Started process (PID=604) to work on /home/airflow/.local/lib/python3.11/site-packages/airflow/example_dags/example_task_group_decorator.py
[2024-12-19T15:46:41.859+0000] {processor.py:830} INFO - Processing file /home/airflow/.local/lib/python3.11/site-packages/airflow/example_dags/example_task_group_decorator.py for tasks to queue
[2024-12-19T15:46:41.862+0000] {logging_mixin.py:188} INFO - [2024-12-19T15:46:41.861+0000] {dagbag.py:538} INFO - Filling up the DagBag from /home/airflow/.local/lib/python3.11/site-packages/airflow/example_dags/example_task_group_decorator.py
[2024-12-19T15:46:41.880+0000] {processor.py:840} INFO - DAG(s) 'example_task_group_decorator' retrieved from /home/airflow/.local/lib/python3.11/site-packages/airflow/example_dags/example_task_group_decorator.py
[2024-12-19T15:46:41.913+0000] {logging_mixin.py:188} INFO - [2024-12-19T15:46:41.912+0000] {dag.py:3036} INFO - Sync 1 DAGs
[2024-12-19T15:46:41.944+0000] {logging_mixin.py:188} INFO - [2024-12-19T15:46:41.944+0000] {dag.py:3823} INFO - Setting next_dagrun for example_task_group_decorator to 2024-12-18 00:00:00+00:00, run_after=2024-12-19 00:00:00+00:00
[2024-12-19T15:46:41.972+0000] {processor.py:183} INFO - Processing /home/airflow/.local/lib/python3.11/site-packages/airflow/example_dags/example_task_group_decorator.py took 0.118 seconds
[2024-12-19T15:47:12.428+0000] {processor.py:161} INFO - Started process (PID=668) to work on /home/airflow/.local/lib/python3.11/site-packages/airflow/example_dags/example_task_group_decorator.py
[2024-12-19T15:47:12.430+0000] {processor.py:830} INFO - Processing file /home/airflow/.local/lib/python3.11/site-packages/airflow/example_dags/example_task_group_decorator.py for tasks to queue
[2024-12-19T15:47:12.435+0000] {logging_mixin.py:188} INFO - [2024-12-19T15:47:12.434+0000] {dagbag.py:538} INFO - Filling up the DagBag from /home/airflow/.local/lib/python3.11/site-packages/airflow/example_dags/example_task_group_decorator.py
[2024-12-19T15:47:12.485+0000] {processor.py:840} INFO - DAG(s) 'example_task_group_decorator' retrieved from /home/airflow/.local/lib/python3.11/site-packages/airflow/example_dags/example_task_group_decorator.py
[2024-12-19T15:47:12.539+0000] {logging_mixin.py:188} INFO - [2024-12-19T15:47:12.539+0000] {dag.py:3036} INFO - Sync 1 DAGs
[2024-12-19T15:47:12.582+0000] {logging_mixin.py:188} INFO - [2024-12-19T15:47:12.582+0000] {dag.py:3823} INFO - Setting next_dagrun for example_task_group_decorator to 2024-12-18 00:00:00+00:00, run_after=2024-12-19 00:00:00+00:00
[2024-12-19T15:47:12.623+0000] {processor.py:183} INFO - Processing /home/airflow/.local/lib/python3.11/site-packages/airflow/example_dags/example_task_group_decorator.py took 0.204 seconds
[2024-12-19T15:47:42.774+0000] {processor.py:161} INFO - Started process (PID=751) to work on /home/airflow/.local/lib/python3.11/site-packages/airflow/example_dags/example_task_group_decorator.py
[2024-12-19T15:47:42.775+0000] {processor.py:830} INFO - Processing file /home/airflow/.local/lib/python3.11/site-packages/airflow/example_dags/example_task_group_decorator.py for tasks to queue
[2024-12-19T15:47:42.779+0000] {logging_mixin.py:188} INFO - [2024-12-19T15:47:42.778+0000] {dagbag.py:538} INFO - Filling up the DagBag from /home/airflow/.local/lib/python3.11/site-packages/airflow/example_dags/example_task_group_decorator.py
[2024-12-19T15:47:42.800+0000] {processor.py:840} INFO - DAG(s) 'example_task_group_decorator' retrieved from /home/airflow/.local/lib/python3.11/site-packages/airflow/example_dags/example_task_group_decorator.py
[2024-12-19T15:47:42.833+0000] {logging_mixin.py:188} INFO - [2024-12-19T15:47:42.832+0000] {dag.py:3036} INFO - Sync 1 DAGs
[2024-12-19T15:47:42.861+0000] {logging_mixin.py:188} INFO - [2024-12-19T15:47:42.860+0000] {dag.py:3823} INFO - Setting next_dagrun for example_task_group_decorator to 2024-12-18 00:00:00+00:00, run_after=2024-12-19 00:00:00+00:00
[2024-12-19T15:47:42.893+0000] {processor.py:183} INFO - Processing /home/airflow/.local/lib/python3.11/site-packages/airflow/example_dags/example_task_group_decorator.py took 0.123 seconds
[2024-12-19T15:48:13.784+0000] {processor.py:161} INFO - Started process (PID=824) to work on /home/airflow/.local/lib/python3.11/site-packages/airflow/example_dags/example_task_group_decorator.py
[2024-12-19T15:48:13.785+0000] {processor.py:830} INFO - Processing file /home/airflow/.local/lib/python3.11/site-packages/airflow/example_dags/example_task_group_decorator.py for tasks to queue
[2024-12-19T15:48:13.789+0000] {logging_mixin.py:188} INFO - [2024-12-19T15:48:13.788+0000] {dagbag.py:538} INFO - Filling up the DagBag from /home/airflow/.local/lib/python3.11/site-packages/airflow/example_dags/example_task_group_decorator.py
[2024-12-19T15:48:13.820+0000] {processor.py:840} INFO - DAG(s) 'example_task_group_decorator' retrieved from /home/airflow/.local/lib/python3.11/site-packages/airflow/example_dags/example_task_group_decorator.py
[2024-12-19T15:48:13.860+0000] {logging_mixin.py:188} INFO - [2024-12-19T15:48:13.860+0000] {dag.py:3036} INFO - Sync 1 DAGs
[2024-12-19T15:48:13.905+0000] {logging_mixin.py:188} INFO - [2024-12-19T15:48:13.905+0000] {dag.py:3823} INFO - Setting next_dagrun for example_task_group_decorator to 2024-12-18 00:00:00+00:00, run_after=2024-12-19 00:00:00+00:00
[2024-12-19T15:48:13.938+0000] {processor.py:183} INFO - Processing /home/airflow/.local/lib/python3.11/site-packages/airflow/example_dags/example_task_group_decorator.py took 0.161 seconds
[2024-12-19T15:48:44.030+0000] {processor.py:161} INFO - Started process (PID=889) to work on /home/airflow/.local/lib/python3.11/site-packages/airflow/example_dags/example_task_group_decorator.py
[2024-12-19T15:48:44.032+0000] {processor.py:830} INFO - Processing file /home/airflow/.local/lib/python3.11/site-packages/airflow/example_dags/example_task_group_decorator.py for tasks to queue
[2024-12-19T15:48:44.035+0000] {logging_mixin.py:188} INFO - [2024-12-19T15:48:44.035+0000] {dagbag.py:538} INFO - Filling up the DagBag from /home/airflow/.local/lib/python3.11/site-packages/airflow/example_dags/example_task_group_decorator.py
[2024-12-19T15:48:44.053+0000] {processor.py:840} INFO - DAG(s) 'example_task_group_decorator' retrieved from /home/airflow/.local/lib/python3.11/site-packages/airflow/example_dags/example_task_group_decorator.py
[2024-12-19T15:48:44.084+0000] {logging_mixin.py:188} INFO - [2024-12-19T15:48:44.084+0000] {dag.py:3036} INFO - Sync 1 DAGs
[2024-12-19T15:48:44.109+0000] {logging_mixin.py:188} INFO - [2024-12-19T15:48:44.109+0000] {dag.py:3823} INFO - Setting next_dagrun for example_task_group_decorator to 2024-12-18 00:00:00+00:00, run_after=2024-12-19 00:00:00+00:00
[2024-12-19T15:48:44.142+0000] {processor.py:183} INFO - Processing /home/airflow/.local/lib/python3.11/site-packages/airflow/example_dags/example_task_group_decorator.py took 0.115 seconds
[2024-12-19T15:49:14.789+0000] {processor.py:161} INFO - Started process (PID=962) to work on /home/airflow/.local/lib/python3.11/site-packages/airflow/example_dags/example_task_group_decorator.py
[2024-12-19T15:49:14.791+0000] {processor.py:830} INFO - Processing file /home/airflow/.local/lib/python3.11/site-packages/airflow/example_dags/example_task_group_decorator.py for tasks to queue
[2024-12-19T15:49:14.794+0000] {logging_mixin.py:188} INFO - [2024-12-19T15:49:14.794+0000] {dagbag.py:538} INFO - Filling up the DagBag from /home/airflow/.local/lib/python3.11/site-packages/airflow/example_dags/example_task_group_decorator.py
[2024-12-19T15:49:14.830+0000] {processor.py:840} INFO - DAG(s) 'example_task_group_decorator' retrieved from /home/airflow/.local/lib/python3.11/site-packages/airflow/example_dags/example_task_group_decorator.py
[2024-12-19T15:49:14.880+0000] {logging_mixin.py:188} INFO - [2024-12-19T15:49:14.880+0000] {dag.py:3036} INFO - Sync 1 DAGs
[2024-12-19T15:49:14.921+0000] {logging_mixin.py:188} INFO - [2024-12-19T15:49:14.921+0000] {dag.py:3823} INFO - Setting next_dagrun for example_task_group_decorator to 2024-12-18 00:00:00+00:00, run_after=2024-12-19 00:00:00+00:00
[2024-12-19T15:49:14.955+0000] {processor.py:183} INFO - Processing /home/airflow/.local/lib/python3.11/site-packages/airflow/example_dags/example_task_group_decorator.py took 0.172 seconds
[2024-12-19T15:49:45.208+0000] {processor.py:161} INFO - Started process (PID=1028) to work on /home/airflow/.local/lib/python3.11/site-packages/airflow/example_dags/example_task_group_decorator.py
[2024-12-19T15:49:45.209+0000] {processor.py:830} INFO - Processing file /home/airflow/.local/lib/python3.11/site-packages/airflow/example_dags/example_task_group_decorator.py for tasks to queue
[2024-12-19T15:49:45.212+0000] {logging_mixin.py:188} INFO - [2024-12-19T15:49:45.211+0000] {dagbag.py:538} INFO - Filling up the DagBag from /home/airflow/.local/lib/python3.11/site-packages/airflow/example_dags/example_task_group_decorator.py
[2024-12-19T15:49:45.235+0000] {processor.py:840} INFO - DAG(s) 'example_task_group_decorator' retrieved from /home/airflow/.local/lib/python3.11/site-packages/airflow/example_dags/example_task_group_decorator.py
[2024-12-19T15:49:45.275+0000] {logging_mixin.py:188} INFO - [2024-12-19T15:49:45.274+0000] {dag.py:3036} INFO - Sync 1 DAGs
[2024-12-19T15:49:45.306+0000] {logging_mixin.py:188} INFO - [2024-12-19T15:49:45.305+0000] {dag.py:3823} INFO - Setting next_dagrun for example_task_group_decorator to 2024-12-18 00:00:00+00:00, run_after=2024-12-19 00:00:00+00:00
[2024-12-19T15:49:45.345+0000] {processor.py:183} INFO - Processing /home/airflow/.local/lib/python3.11/site-packages/airflow/example_dags/example_task_group_decorator.py took 0.142 seconds
[2024-12-19T15:50:15.747+0000] {processor.py:161} INFO - Started process (PID=1099) to work on /home/airflow/.local/lib/python3.11/site-packages/airflow/example_dags/example_task_group_decorator.py
[2024-12-19T15:50:15.748+0000] {processor.py:830} INFO - Processing file /home/airflow/.local/lib/python3.11/site-packages/airflow/example_dags/example_task_group_decorator.py for tasks to queue
[2024-12-19T15:50:15.751+0000] {logging_mixin.py:188} INFO - [2024-12-19T15:50:15.750+0000] {dagbag.py:538} INFO - Filling up the DagBag from /home/airflow/.local/lib/python3.11/site-packages/airflow/example_dags/example_task_group_decorator.py
[2024-12-19T15:50:15.769+0000] {processor.py:840} INFO - DAG(s) 'example_task_group_decorator' retrieved from /home/airflow/.local/lib/python3.11/site-packages/airflow/example_dags/example_task_group_decorator.py
[2024-12-19T15:50:15.799+0000] {logging_mixin.py:188} INFO - [2024-12-19T15:50:15.799+0000] {dag.py:3036} INFO - Sync 1 DAGs
[2024-12-19T15:50:15.826+0000] {logging_mixin.py:188} INFO - [2024-12-19T15:50:15.826+0000] {dag.py:3823} INFO - Setting next_dagrun for example_task_group_decorator to 2024-12-18 00:00:00+00:00, run_after=2024-12-19 00:00:00+00:00
[2024-12-19T15:50:15.863+0000] {processor.py:183} INFO - Processing /home/airflow/.local/lib/python3.11/site-packages/airflow/example_dags/example_task_group_decorator.py took 0.121 seconds
[2024-12-19T15:50:46.323+0000] {processor.py:161} INFO - Started process (PID=1163) to work on /home/airflow/.local/lib/python3.11/site-packages/airflow/example_dags/example_task_group_decorator.py
[2024-12-19T15:50:46.324+0000] {processor.py:830} INFO - Processing file /home/airflow/.local/lib/python3.11/site-packages/airflow/example_dags/example_task_group_decorator.py for tasks to queue
[2024-12-19T15:50:46.327+0000] {logging_mixin.py:188} INFO - [2024-12-19T15:50:46.326+0000] {dagbag.py:538} INFO - Filling up the DagBag from /home/airflow/.local/lib/python3.11/site-packages/airflow/example_dags/example_task_group_decorator.py
[2024-12-19T15:50:46.349+0000] {processor.py:840} INFO - DAG(s) 'example_task_group_decorator' retrieved from /home/airflow/.local/lib/python3.11/site-packages/airflow/example_dags/example_task_group_decorator.py
[2024-12-19T15:50:46.384+0000] {logging_mixin.py:188} INFO - [2024-12-19T15:50:46.384+0000] {dag.py:3036} INFO - Sync 1 DAGs
[2024-12-19T15:50:46.413+0000] {logging_mixin.py:188} INFO - [2024-12-19T15:50:46.413+0000] {dag.py:3823} INFO - Setting next_dagrun for example_task_group_decorator to 2024-12-18 00:00:00+00:00, run_after=2024-12-19 00:00:00+00:00
[2024-12-19T15:50:46.440+0000] {processor.py:183} INFO - Processing /home/airflow/.local/lib/python3.11/site-packages/airflow/example_dags/example_task_group_decorator.py took 0.122 seconds
[2024-12-19T15:51:16.758+0000] {processor.py:161} INFO - Started process (PID=1227) to work on /home/airflow/.local/lib/python3.11/site-packages/airflow/example_dags/example_task_group_decorator.py
[2024-12-19T15:51:16.759+0000] {processor.py:830} INFO - Processing file /home/airflow/.local/lib/python3.11/site-packages/airflow/example_dags/example_task_group_decorator.py for tasks to queue
[2024-12-19T15:51:16.762+0000] {logging_mixin.py:188} INFO - [2024-12-19T15:51:16.762+0000] {dagbag.py:538} INFO - Filling up the DagBag from /home/airflow/.local/lib/python3.11/site-packages/airflow/example_dags/example_task_group_decorator.py
[2024-12-19T15:51:16.782+0000] {processor.py:840} INFO - DAG(s) 'example_task_group_decorator' retrieved from /home/airflow/.local/lib/python3.11/site-packages/airflow/example_dags/example_task_group_decorator.py
[2024-12-19T15:51:16.826+0000] {logging_mixin.py:188} INFO - [2024-12-19T15:51:16.826+0000] {dag.py:3036} INFO - Sync 1 DAGs
[2024-12-19T15:51:16.863+0000] {logging_mixin.py:188} INFO - [2024-12-19T15:51:16.863+0000] {dag.py:3823} INFO - Setting next_dagrun for example_task_group_decorator to 2024-12-18 00:00:00+00:00, run_after=2024-12-19 00:00:00+00:00
[2024-12-19T15:51:16.894+0000] {processor.py:183} INFO - Processing /home/airflow/.local/lib/python3.11/site-packages/airflow/example_dags/example_task_group_decorator.py took 0.141 seconds
[2024-12-19T15:53:49.484+0000] {processor.py:161} INFO - Started process (PID=142) to work on /home/airflow/.local/lib/python3.11/site-packages/airflow/example_dags/example_task_group_decorator.py
[2024-12-19T15:53:49.485+0000] {processor.py:830} INFO - Processing file /home/airflow/.local/lib/python3.11/site-packages/airflow/example_dags/example_task_group_decorator.py for tasks to queue
[2024-12-19T15:53:49.488+0000] {logging_mixin.py:188} INFO - [2024-12-19T15:53:49.488+0000] {dagbag.py:538} INFO - Filling up the DagBag from /home/airflow/.local/lib/python3.11/site-packages/airflow/example_dags/example_task_group_decorator.py
[2024-12-19T15:53:49.532+0000] {processor.py:840} INFO - DAG(s) 'example_task_group_decorator' retrieved from /home/airflow/.local/lib/python3.11/site-packages/airflow/example_dags/example_task_group_decorator.py
[2024-12-19T15:53:49.695+0000] {logging_mixin.py:188} INFO - [2024-12-19T15:53:49.694+0000] {dag.py:3036} INFO - Sync 1 DAGs
[2024-12-19T15:53:49.721+0000] {logging_mixin.py:188} INFO - [2024-12-19T15:53:49.721+0000] {dag.py:3823} INFO - Setting next_dagrun for example_task_group_decorator to 2024-12-18 00:00:00+00:00, run_after=2024-12-19 00:00:00+00:00
[2024-12-19T15:53:49.756+0000] {processor.py:183} INFO - Processing /home/airflow/.local/lib/python3.11/site-packages/airflow/example_dags/example_task_group_decorator.py took 0.276 seconds
[2024-12-19T15:54:20.591+0000] {processor.py:161} INFO - Started process (PID=206) to work on /home/airflow/.local/lib/python3.11/site-packages/airflow/example_dags/example_task_group_decorator.py
[2024-12-19T15:54:20.594+0000] {processor.py:830} INFO - Processing file /home/airflow/.local/lib/python3.11/site-packages/airflow/example_dags/example_task_group_decorator.py for tasks to queue
[2024-12-19T15:54:20.599+0000] {logging_mixin.py:188} INFO - [2024-12-19T15:54:20.598+0000] {dagbag.py:538} INFO - Filling up the DagBag from /home/airflow/.local/lib/python3.11/site-packages/airflow/example_dags/example_task_group_decorator.py
[2024-12-19T15:54:20.632+0000] {processor.py:840} INFO - DAG(s) 'example_task_group_decorator' retrieved from /home/airflow/.local/lib/python3.11/site-packages/airflow/example_dags/example_task_group_decorator.py
[2024-12-19T15:54:20.666+0000] {logging_mixin.py:188} INFO - [2024-12-19T15:54:20.665+0000] {dag.py:3036} INFO - Sync 1 DAGs
[2024-12-19T15:54:20.695+0000] {logging_mixin.py:188} INFO - [2024-12-19T15:54:20.695+0000] {dag.py:3823} INFO - Setting next_dagrun for example_task_group_decorator to 2024-12-18 00:00:00+00:00, run_after=2024-12-19 00:00:00+00:00
[2024-12-19T15:54:20.722+0000] {processor.py:183} INFO - Processing /home/airflow/.local/lib/python3.11/site-packages/airflow/example_dags/example_task_group_decorator.py took 0.140 seconds
[2024-12-19T15:54:51.547+0000] {processor.py:161} INFO - Started process (PID=277) to work on /home/airflow/.local/lib/python3.11/site-packages/airflow/example_dags/example_task_group_decorator.py
[2024-12-19T15:54:51.549+0000] {processor.py:830} INFO - Processing file /home/airflow/.local/lib/python3.11/site-packages/airflow/example_dags/example_task_group_decorator.py for tasks to queue
[2024-12-19T15:54:51.552+0000] {logging_mixin.py:188} INFO - [2024-12-19T15:54:51.551+0000] {dagbag.py:538} INFO - Filling up the DagBag from /home/airflow/.local/lib/python3.11/site-packages/airflow/example_dags/example_task_group_decorator.py
[2024-12-19T15:54:51.570+0000] {processor.py:840} INFO - DAG(s) 'example_task_group_decorator' retrieved from /home/airflow/.local/lib/python3.11/site-packages/airflow/example_dags/example_task_group_decorator.py
[2024-12-19T15:54:51.601+0000] {logging_mixin.py:188} INFO - [2024-12-19T15:54:51.601+0000] {dag.py:3036} INFO - Sync 1 DAGs
[2024-12-19T15:54:51.629+0000] {logging_mixin.py:188} INFO - [2024-12-19T15:54:51.629+0000] {dag.py:3823} INFO - Setting next_dagrun for example_task_group_decorator to 2024-12-18 00:00:00+00:00, run_after=2024-12-19 00:00:00+00:00
[2024-12-19T15:54:51.655+0000] {processor.py:183} INFO - Processing /home/airflow/.local/lib/python3.11/site-packages/airflow/example_dags/example_task_group_decorator.py took 0.112 seconds
[2024-12-19T15:55:22.267+0000] {processor.py:161} INFO - Started process (PID=341) to work on /home/airflow/.local/lib/python3.11/site-packages/airflow/example_dags/example_task_group_decorator.py
[2024-12-19T15:55:22.269+0000] {processor.py:830} INFO - Processing file /home/airflow/.local/lib/python3.11/site-packages/airflow/example_dags/example_task_group_decorator.py for tasks to queue
[2024-12-19T15:55:22.273+0000] {logging_mixin.py:188} INFO - [2024-12-19T15:55:22.273+0000] {dagbag.py:538} INFO - Filling up the DagBag from /home/airflow/.local/lib/python3.11/site-packages/airflow/example_dags/example_task_group_decorator.py
[2024-12-19T15:55:22.293+0000] {processor.py:840} INFO - DAG(s) 'example_task_group_decorator' retrieved from /home/airflow/.local/lib/python3.11/site-packages/airflow/example_dags/example_task_group_decorator.py
[2024-12-19T15:55:22.326+0000] {logging_mixin.py:188} INFO - [2024-12-19T15:55:22.326+0000] {dag.py:3036} INFO - Sync 1 DAGs
[2024-12-19T15:55:22.354+0000] {logging_mixin.py:188} INFO - [2024-12-19T15:55:22.354+0000] {dag.py:3823} INFO - Setting next_dagrun for example_task_group_decorator to 2024-12-18 00:00:00+00:00, run_after=2024-12-19 00:00:00+00:00
[2024-12-19T15:55:22.378+0000] {processor.py:183} INFO - Processing /home/airflow/.local/lib/python3.11/site-packages/airflow/example_dags/example_task_group_decorator.py took 0.119 seconds
[2024-12-19T18:55:58.666+0000] {processor.py:161} INFO - Started process (PID=412) to work on /home/airflow/.local/lib/python3.11/site-packages/airflow/example_dags/example_task_group_decorator.py
[2024-12-19T18:55:58.667+0000] {processor.py:830} INFO - Processing file /home/airflow/.local/lib/python3.11/site-packages/airflow/example_dags/example_task_group_decorator.py for tasks to queue
[2024-12-19T18:55:58.670+0000] {logging_mixin.py:188} INFO - [2024-12-19T18:55:58.670+0000] {dagbag.py:538} INFO - Filling up the DagBag from /home/airflow/.local/lib/python3.11/site-packages/airflow/example_dags/example_task_group_decorator.py
[2024-12-19T18:55:58.692+0000] {processor.py:840} INFO - DAG(s) 'example_task_group_decorator' retrieved from /home/airflow/.local/lib/python3.11/site-packages/airflow/example_dags/example_task_group_decorator.py
[2024-12-19T18:55:58.725+0000] {logging_mixin.py:188} INFO - [2024-12-19T18:55:58.725+0000] {dag.py:3036} INFO - Sync 1 DAGs
[2024-12-19T18:55:58.753+0000] {logging_mixin.py:188} INFO - [2024-12-19T18:55:58.752+0000] {dag.py:3823} INFO - Setting next_dagrun for example_task_group_decorator to 2024-12-18 00:00:00+00:00, run_after=2024-12-19 00:00:00+00:00
[2024-12-19T18:55:58.783+0000] {processor.py:183} INFO - Processing /home/airflow/.local/lib/python3.11/site-packages/airflow/example_dags/example_task_group_decorator.py took 0.122 seconds
[2024-12-19T23:38:12.986+0000] {processor.py:161} INFO - Started process (PID=487) to work on /home/airflow/.local/lib/python3.11/site-packages/airflow/example_dags/example_task_group_decorator.py
[2024-12-19T23:38:12.988+0000] {processor.py:830} INFO - Processing file /home/airflow/.local/lib/python3.11/site-packages/airflow/example_dags/example_task_group_decorator.py for tasks to queue
[2024-12-19T23:38:12.991+0000] {logging_mixin.py:188} INFO - [2024-12-19T23:38:12.990+0000] {dagbag.py:538} INFO - Filling up the DagBag from /home/airflow/.local/lib/python3.11/site-packages/airflow/example_dags/example_task_group_decorator.py
[2024-12-19T23:38:13.015+0000] {processor.py:840} INFO - DAG(s) 'example_task_group_decorator' retrieved from /home/airflow/.local/lib/python3.11/site-packages/airflow/example_dags/example_task_group_decorator.py
[2024-12-19T23:38:13.052+0000] {logging_mixin.py:188} INFO - [2024-12-19T23:38:13.051+0000] {dag.py:3036} INFO - Sync 1 DAGs
[2024-12-19T23:38:13.088+0000] {logging_mixin.py:188} INFO - [2024-12-19T23:38:13.088+0000] {dag.py:3823} INFO - Setting next_dagrun for example_task_group_decorator to 2024-12-18 00:00:00+00:00, run_after=2024-12-19 00:00:00+00:00
[2024-12-19T23:38:13.119+0000] {processor.py:183} INFO - Processing /home/airflow/.local/lib/python3.11/site-packages/airflow/example_dags/example_task_group_decorator.py took 0.138 seconds
[2024-12-19T23:38:43.927+0000] {processor.py:161} INFO - Started process (PID=551) to work on /home/airflow/.local/lib/python3.11/site-packages/airflow/example_dags/example_task_group_decorator.py
[2024-12-19T23:38:43.929+0000] {processor.py:830} INFO - Processing file /home/airflow/.local/lib/python3.11/site-packages/airflow/example_dags/example_task_group_decorator.py for tasks to queue
[2024-12-19T23:38:43.934+0000] {logging_mixin.py:188} INFO - [2024-12-19T23:38:43.934+0000] {dagbag.py:538} INFO - Filling up the DagBag from /home/airflow/.local/lib/python3.11/site-packages/airflow/example_dags/example_task_group_decorator.py
[2024-12-19T23:38:43.971+0000] {processor.py:840} INFO - DAG(s) 'example_task_group_decorator' retrieved from /home/airflow/.local/lib/python3.11/site-packages/airflow/example_dags/example_task_group_decorator.py
[2024-12-19T23:38:44.010+0000] {logging_mixin.py:188} INFO - [2024-12-19T23:38:44.009+0000] {dag.py:3036} INFO - Sync 1 DAGs
[2024-12-19T23:38:44.052+0000] {logging_mixin.py:188} INFO - [2024-12-19T23:38:44.052+0000] {dag.py:3823} INFO - Setting next_dagrun for example_task_group_decorator to 2024-12-18 00:00:00+00:00, run_after=2024-12-19 00:00:00+00:00
[2024-12-19T23:38:44.082+0000] {processor.py:183} INFO - Processing /home/airflow/.local/lib/python3.11/site-packages/airflow/example_dags/example_task_group_decorator.py took 0.168 seconds
[2024-12-19T23:39:14.251+0000] {processor.py:161} INFO - Started process (PID=615) to work on /home/airflow/.local/lib/python3.11/site-packages/airflow/example_dags/example_task_group_decorator.py
[2024-12-19T23:39:14.252+0000] {processor.py:830} INFO - Processing file /home/airflow/.local/lib/python3.11/site-packages/airflow/example_dags/example_task_group_decorator.py for tasks to queue
[2024-12-19T23:39:14.255+0000] {logging_mixin.py:188} INFO - [2024-12-19T23:39:14.255+0000] {dagbag.py:538} INFO - Filling up the DagBag from /home/airflow/.local/lib/python3.11/site-packages/airflow/example_dags/example_task_group_decorator.py
[2024-12-19T23:39:14.275+0000] {processor.py:840} INFO - DAG(s) 'example_task_group_decorator' retrieved from /home/airflow/.local/lib/python3.11/site-packages/airflow/example_dags/example_task_group_decorator.py
[2024-12-19T23:39:14.309+0000] {logging_mixin.py:188} INFO - [2024-12-19T23:39:14.308+0000] {dag.py:3036} INFO - Sync 1 DAGs
[2024-12-19T23:39:14.337+0000] {logging_mixin.py:188} INFO - [2024-12-19T23:39:14.336+0000] {dag.py:3823} INFO - Setting next_dagrun for example_task_group_decorator to 2024-12-18 00:00:00+00:00, run_after=2024-12-19 00:00:00+00:00
[2024-12-19T23:39:14.363+0000] {processor.py:183} INFO - Processing /home/airflow/.local/lib/python3.11/site-packages/airflow/example_dags/example_task_group_decorator.py took 0.117 seconds
[2024-12-19T23:39:44.833+0000] {processor.py:161} INFO - Started process (PID=687) to work on /home/airflow/.local/lib/python3.11/site-packages/airflow/example_dags/example_task_group_decorator.py
[2024-12-19T23:39:44.835+0000] {processor.py:830} INFO - Processing file /home/airflow/.local/lib/python3.11/site-packages/airflow/example_dags/example_task_group_decorator.py for tasks to queue
[2024-12-19T23:39:44.838+0000] {logging_mixin.py:188} INFO - [2024-12-19T23:39:44.838+0000] {dagbag.py:538} INFO - Filling up the DagBag from /home/airflow/.local/lib/python3.11/site-packages/airflow/example_dags/example_task_group_decorator.py
[2024-12-19T23:39:44.863+0000] {processor.py:840} INFO - DAG(s) 'example_task_group_decorator' retrieved from /home/airflow/.local/lib/python3.11/site-packages/airflow/example_dags/example_task_group_decorator.py
[2024-12-19T23:39:44.904+0000] {logging_mixin.py:188} INFO - [2024-12-19T23:39:44.903+0000] {dag.py:3036} INFO - Sync 1 DAGs
[2024-12-19T23:39:44.941+0000] {logging_mixin.py:188} INFO - [2024-12-19T23:39:44.940+0000] {dag.py:3823} INFO - Setting next_dagrun for example_task_group_decorator to 2024-12-18 00:00:00+00:00, run_after=2024-12-19 00:00:00+00:00
[2024-12-19T23:39:44.971+0000] {processor.py:183} INFO - Processing /home/airflow/.local/lib/python3.11/site-packages/airflow/example_dags/example_task_group_decorator.py took 0.143 seconds
[2024-12-19T23:40:15.131+0000] {processor.py:161} INFO - Started process (PID=760) to work on /home/airflow/.local/lib/python3.11/site-packages/airflow/example_dags/example_task_group_decorator.py
[2024-12-19T23:40:15.132+0000] {processor.py:830} INFO - Processing file /home/airflow/.local/lib/python3.11/site-packages/airflow/example_dags/example_task_group_decorator.py for tasks to queue
[2024-12-19T23:40:15.135+0000] {logging_mixin.py:188} INFO - [2024-12-19T23:40:15.134+0000] {dagbag.py:538} INFO - Filling up the DagBag from /home/airflow/.local/lib/python3.11/site-packages/airflow/example_dags/example_task_group_decorator.py
[2024-12-19T23:40:15.159+0000] {processor.py:840} INFO - DAG(s) 'example_task_group_decorator' retrieved from /home/airflow/.local/lib/python3.11/site-packages/airflow/example_dags/example_task_group_decorator.py
[2024-12-19T23:40:15.191+0000] {logging_mixin.py:188} INFO - [2024-12-19T23:40:15.191+0000] {dag.py:3036} INFO - Sync 1 DAGs
[2024-12-19T23:40:15.228+0000] {logging_mixin.py:188} INFO - [2024-12-19T23:40:15.228+0000] {dag.py:3823} INFO - Setting next_dagrun for example_task_group_decorator to 2024-12-18 00:00:00+00:00, run_after=2024-12-19 00:00:00+00:00
[2024-12-19T23:40:15.252+0000] {processor.py:183} INFO - Processing /home/airflow/.local/lib/python3.11/site-packages/airflow/example_dags/example_task_group_decorator.py took 0.127 seconds
[2024-12-19T23:40:45.873+0000] {processor.py:161} INFO - Started process (PID=832) to work on /home/airflow/.local/lib/python3.11/site-packages/airflow/example_dags/example_task_group_decorator.py
[2024-12-19T23:40:45.874+0000] {processor.py:830} INFO - Processing file /home/airflow/.local/lib/python3.11/site-packages/airflow/example_dags/example_task_group_decorator.py for tasks to queue
[2024-12-19T23:40:45.877+0000] {logging_mixin.py:188} INFO - [2024-12-19T23:40:45.876+0000] {dagbag.py:538} INFO - Filling up the DagBag from /home/airflow/.local/lib/python3.11/site-packages/airflow/example_dags/example_task_group_decorator.py
[2024-12-19T23:40:45.900+0000] {processor.py:840} INFO - DAG(s) 'example_task_group_decorator' retrieved from /home/airflow/.local/lib/python3.11/site-packages/airflow/example_dags/example_task_group_decorator.py
[2024-12-19T23:40:45.955+0000] {logging_mixin.py:188} INFO - [2024-12-19T23:40:45.955+0000] {dag.py:3036} INFO - Sync 1 DAGs
[2024-12-19T23:40:45.991+0000] {logging_mixin.py:188} INFO - [2024-12-19T23:40:45.991+0000] {dag.py:3823} INFO - Setting next_dagrun for example_task_group_decorator to 2024-12-18 00:00:00+00:00, run_after=2024-12-19 00:00:00+00:00
[2024-12-19T23:40:46.023+0000] {processor.py:183} INFO - Processing /home/airflow/.local/lib/python3.11/site-packages/airflow/example_dags/example_task_group_decorator.py took 0.154 seconds
[2024-12-19T23:45:58.024+0000] {processor.py:161} INFO - Started process (PID=98) to work on /home/airflow/.local/lib/python3.11/site-packages/airflow/example_dags/example_task_group_decorator.py
[2024-12-19T23:45:58.027+0000] {processor.py:830} INFO - Processing file /home/airflow/.local/lib/python3.11/site-packages/airflow/example_dags/example_task_group_decorator.py for tasks to queue
[2024-12-19T23:45:58.030+0000] {logging_mixin.py:188} INFO - [2024-12-19T23:45:58.029+0000] {dagbag.py:538} INFO - Filling up the DagBag from /home/airflow/.local/lib/python3.11/site-packages/airflow/example_dags/example_task_group_decorator.py
[2024-12-19T23:45:58.053+0000] {processor.py:840} INFO - DAG(s) 'example_task_group_decorator' retrieved from /home/airflow/.local/lib/python3.11/site-packages/airflow/example_dags/example_task_group_decorator.py
[2024-12-19T23:45:58.070+0000] {logging_mixin.py:188} INFO - [2024-12-19T23:45:58.070+0000] {dag.py:3036} INFO - Sync 1 DAGs
[2024-12-19T23:45:58.105+0000] {logging_mixin.py:188} INFO - [2024-12-19T23:45:58.105+0000] {dag.py:3823} INFO - Setting next_dagrun for example_task_group_decorator to 2024-12-18 00:00:00+00:00, run_after=2024-12-19 00:00:00+00:00
[2024-12-19T23:45:58.137+0000] {processor.py:183} INFO - Processing /home/airflow/.local/lib/python3.11/site-packages/airflow/example_dags/example_task_group_decorator.py took 0.119 seconds
[2024-12-19T23:46:28.482+0000] {processor.py:161} INFO - Started process (PID=161) to work on /home/airflow/.local/lib/python3.11/site-packages/airflow/example_dags/example_task_group_decorator.py
[2024-12-19T23:46:28.484+0000] {processor.py:830} INFO - Processing file /home/airflow/.local/lib/python3.11/site-packages/airflow/example_dags/example_task_group_decorator.py for tasks to queue
[2024-12-19T23:46:28.497+0000] {logging_mixin.py:188} INFO - [2024-12-19T23:46:28.497+0000] {dagbag.py:538} INFO - Filling up the DagBag from /home/airflow/.local/lib/python3.11/site-packages/airflow/example_dags/example_task_group_decorator.py
[2024-12-19T23:46:28.541+0000] {processor.py:840} INFO - DAG(s) 'example_task_group_decorator' retrieved from /home/airflow/.local/lib/python3.11/site-packages/airflow/example_dags/example_task_group_decorator.py
[2024-12-19T23:46:28.679+0000] {logging_mixin.py:188} INFO - [2024-12-19T23:46:28.679+0000] {dag.py:3036} INFO - Sync 1 DAGs
[2024-12-19T23:46:28.708+0000] {logging_mixin.py:188} INFO - [2024-12-19T23:46:28.708+0000] {dag.py:3823} INFO - Setting next_dagrun for example_task_group_decorator to 2024-12-18 00:00:00+00:00, run_after=2024-12-19 00:00:00+00:00
[2024-12-19T23:46:28.736+0000] {processor.py:183} INFO - Processing /home/airflow/.local/lib/python3.11/site-packages/airflow/example_dags/example_task_group_decorator.py took 0.260 seconds
[2024-12-19T23:46:58.817+0000] {processor.py:161} INFO - Started process (PID=240) to work on /home/airflow/.local/lib/python3.11/site-packages/airflow/example_dags/example_task_group_decorator.py
[2024-12-19T23:46:58.819+0000] {processor.py:830} INFO - Processing file /home/airflow/.local/lib/python3.11/site-packages/airflow/example_dags/example_task_group_decorator.py for tasks to queue
[2024-12-19T23:46:58.822+0000] {logging_mixin.py:188} INFO - [2024-12-19T23:46:58.821+0000] {dagbag.py:538} INFO - Filling up the DagBag from /home/airflow/.local/lib/python3.11/site-packages/airflow/example_dags/example_task_group_decorator.py
[2024-12-19T23:46:58.845+0000] {processor.py:840} INFO - DAG(s) 'example_task_group_decorator' retrieved from /home/airflow/.local/lib/python3.11/site-packages/airflow/example_dags/example_task_group_decorator.py
[2024-12-19T23:46:58.883+0000] {logging_mixin.py:188} INFO - [2024-12-19T23:46:58.883+0000] {dag.py:3036} INFO - Sync 1 DAGs
[2024-12-19T23:46:58.922+0000] {logging_mixin.py:188} INFO - [2024-12-19T23:46:58.921+0000] {dag.py:3823} INFO - Setting next_dagrun for example_task_group_decorator to 2024-12-18 00:00:00+00:00, run_after=2024-12-19 00:00:00+00:00
[2024-12-19T23:46:58.947+0000] {processor.py:183} INFO - Processing /home/airflow/.local/lib/python3.11/site-packages/airflow/example_dags/example_task_group_decorator.py took 0.135 seconds
[2024-12-19T23:47:29.370+0000] {processor.py:161} INFO - Started process (PID=312) to work on /home/airflow/.local/lib/python3.11/site-packages/airflow/example_dags/example_task_group_decorator.py
[2024-12-19T23:47:29.372+0000] {processor.py:830} INFO - Processing file /home/airflow/.local/lib/python3.11/site-packages/airflow/example_dags/example_task_group_decorator.py for tasks to queue
[2024-12-19T23:47:29.376+0000] {logging_mixin.py:188} INFO - [2024-12-19T23:47:29.375+0000] {dagbag.py:538} INFO - Filling up the DagBag from /home/airflow/.local/lib/python3.11/site-packages/airflow/example_dags/example_task_group_decorator.py
[2024-12-19T23:47:29.397+0000] {processor.py:840} INFO - DAG(s) 'example_task_group_decorator' retrieved from /home/airflow/.local/lib/python3.11/site-packages/airflow/example_dags/example_task_group_decorator.py
[2024-12-19T23:47:29.425+0000] {logging_mixin.py:188} INFO - [2024-12-19T23:47:29.425+0000] {dag.py:3036} INFO - Sync 1 DAGs
[2024-12-19T23:47:29.448+0000] {logging_mixin.py:188} INFO - [2024-12-19T23:47:29.447+0000] {dag.py:3823} INFO - Setting next_dagrun for example_task_group_decorator to 2024-12-18 00:00:00+00:00, run_after=2024-12-19 00:00:00+00:00
[2024-12-19T23:47:29.469+0000] {processor.py:183} INFO - Processing /home/airflow/.local/lib/python3.11/site-packages/airflow/example_dags/example_task_group_decorator.py took 0.105 seconds
[2024-12-19T23:47:59.839+0000] {processor.py:161} INFO - Started process (PID=384) to work on /home/airflow/.local/lib/python3.11/site-packages/airflow/example_dags/example_task_group_decorator.py
[2024-12-19T23:47:59.841+0000] {processor.py:830} INFO - Processing file /home/airflow/.local/lib/python3.11/site-packages/airflow/example_dags/example_task_group_decorator.py for tasks to queue
[2024-12-19T23:47:59.843+0000] {logging_mixin.py:188} INFO - [2024-12-19T23:47:59.843+0000] {dagbag.py:538} INFO - Filling up the DagBag from /home/airflow/.local/lib/python3.11/site-packages/airflow/example_dags/example_task_group_decorator.py
[2024-12-19T23:47:59.861+0000] {processor.py:840} INFO - DAG(s) 'example_task_group_decorator' retrieved from /home/airflow/.local/lib/python3.11/site-packages/airflow/example_dags/example_task_group_decorator.py
[2024-12-19T23:47:59.893+0000] {logging_mixin.py:188} INFO - [2024-12-19T23:47:59.893+0000] {dag.py:3036} INFO - Sync 1 DAGs
[2024-12-19T23:47:59.923+0000] {logging_mixin.py:188} INFO - [2024-12-19T23:47:59.922+0000] {dag.py:3823} INFO - Setting next_dagrun for example_task_group_decorator to 2024-12-18 00:00:00+00:00, run_after=2024-12-19 00:00:00+00:00
[2024-12-19T23:47:59.962+0000] {processor.py:183} INFO - Processing /home/airflow/.local/lib/python3.11/site-packages/airflow/example_dags/example_task_group_decorator.py took 0.126 seconds
[2024-12-19T23:48:30.310+0000] {processor.py:161} INFO - Started process (PID=463) to work on /home/airflow/.local/lib/python3.11/site-packages/airflow/example_dags/example_task_group_decorator.py
[2024-12-19T23:48:30.311+0000] {processor.py:830} INFO - Processing file /home/airflow/.local/lib/python3.11/site-packages/airflow/example_dags/example_task_group_decorator.py for tasks to queue
[2024-12-19T23:48:30.314+0000] {logging_mixin.py:188} INFO - [2024-12-19T23:48:30.313+0000] {dagbag.py:538} INFO - Filling up the DagBag from /home/airflow/.local/lib/python3.11/site-packages/airflow/example_dags/example_task_group_decorator.py
[2024-12-19T23:48:30.335+0000] {processor.py:840} INFO - DAG(s) 'example_task_group_decorator' retrieved from /home/airflow/.local/lib/python3.11/site-packages/airflow/example_dags/example_task_group_decorator.py
[2024-12-19T23:48:30.372+0000] {logging_mixin.py:188} INFO - [2024-12-19T23:48:30.372+0000] {dag.py:3036} INFO - Sync 1 DAGs
[2024-12-19T23:48:30.418+0000] {logging_mixin.py:188} INFO - [2024-12-19T23:48:30.418+0000] {dag.py:3823} INFO - Setting next_dagrun for example_task_group_decorator to 2024-12-18 00:00:00+00:00, run_after=2024-12-19 00:00:00+00:00
[2024-12-19T23:48:30.452+0000] {processor.py:183} INFO - Processing /home/airflow/.local/lib/python3.11/site-packages/airflow/example_dags/example_task_group_decorator.py took 0.147 seconds
[2024-12-19T23:49:01.134+0000] {processor.py:161} INFO - Started process (PID=535) to work on /home/airflow/.local/lib/python3.11/site-packages/airflow/example_dags/example_task_group_decorator.py
[2024-12-19T23:49:01.136+0000] {processor.py:830} INFO - Processing file /home/airflow/.local/lib/python3.11/site-packages/airflow/example_dags/example_task_group_decorator.py for tasks to queue
[2024-12-19T23:49:01.138+0000] {logging_mixin.py:188} INFO - [2024-12-19T23:49:01.138+0000] {dagbag.py:538} INFO - Filling up the DagBag from /home/airflow/.local/lib/python3.11/site-packages/airflow/example_dags/example_task_group_decorator.py
[2024-12-19T23:49:01.156+0000] {processor.py:840} INFO - DAG(s) 'example_task_group_decorator' retrieved from /home/airflow/.local/lib/python3.11/site-packages/airflow/example_dags/example_task_group_decorator.py
[2024-12-19T23:49:01.186+0000] {logging_mixin.py:188} INFO - [2024-12-19T23:49:01.186+0000] {dag.py:3036} INFO - Sync 1 DAGs
[2024-12-19T23:49:01.211+0000] {logging_mixin.py:188} INFO - [2024-12-19T23:49:01.211+0000] {dag.py:3823} INFO - Setting next_dagrun for example_task_group_decorator to 2024-12-18 00:00:00+00:00, run_after=2024-12-19 00:00:00+00:00
[2024-12-19T23:49:01.233+0000] {processor.py:183} INFO - Processing /home/airflow/.local/lib/python3.11/site-packages/airflow/example_dags/example_task_group_decorator.py took 0.103 seconds
[2024-12-19T23:49:32.379+0000] {processor.py:161} INFO - Started process (PID=607) to work on /home/airflow/.local/lib/python3.11/site-packages/airflow/example_dags/example_task_group_decorator.py
[2024-12-19T23:49:32.380+0000] {processor.py:830} INFO - Processing file /home/airflow/.local/lib/python3.11/site-packages/airflow/example_dags/example_task_group_decorator.py for tasks to queue
[2024-12-19T23:49:32.382+0000] {logging_mixin.py:188} INFO - [2024-12-19T23:49:32.382+0000] {dagbag.py:538} INFO - Filling up the DagBag from /home/airflow/.local/lib/python3.11/site-packages/airflow/example_dags/example_task_group_decorator.py
[2024-12-19T23:49:32.398+0000] {processor.py:840} INFO - DAG(s) 'example_task_group_decorator' retrieved from /home/airflow/.local/lib/python3.11/site-packages/airflow/example_dags/example_task_group_decorator.py
[2024-12-19T23:49:32.424+0000] {logging_mixin.py:188} INFO - [2024-12-19T23:49:32.424+0000] {dag.py:3036} INFO - Sync 1 DAGs
[2024-12-19T23:49:32.450+0000] {logging_mixin.py:188} INFO - [2024-12-19T23:49:32.450+0000] {dag.py:3823} INFO - Setting next_dagrun for example_task_group_decorator to 2024-12-18 00:00:00+00:00, run_after=2024-12-19 00:00:00+00:00
[2024-12-19T23:49:32.472+0000] {processor.py:183} INFO - Processing /home/airflow/.local/lib/python3.11/site-packages/airflow/example_dags/example_task_group_decorator.py took 0.097 seconds
[2024-12-19T23:50:02.602+0000] {processor.py:161} INFO - Started process (PID=686) to work on /home/airflow/.local/lib/python3.11/site-packages/airflow/example_dags/example_task_group_decorator.py
[2024-12-19T23:50:02.603+0000] {processor.py:830} INFO - Processing file /home/airflow/.local/lib/python3.11/site-packages/airflow/example_dags/example_task_group_decorator.py for tasks to queue
[2024-12-19T23:50:02.606+0000] {logging_mixin.py:188} INFO - [2024-12-19T23:50:02.605+0000] {dagbag.py:538} INFO - Filling up the DagBag from /home/airflow/.local/lib/python3.11/site-packages/airflow/example_dags/example_task_group_decorator.py
[2024-12-19T23:50:02.625+0000] {processor.py:840} INFO - DAG(s) 'example_task_group_decorator' retrieved from /home/airflow/.local/lib/python3.11/site-packages/airflow/example_dags/example_task_group_decorator.py
[2024-12-19T23:50:02.656+0000] {logging_mixin.py:188} INFO - [2024-12-19T23:50:02.656+0000] {dag.py:3036} INFO - Sync 1 DAGs
[2024-12-19T23:50:02.681+0000] {logging_mixin.py:188} INFO - [2024-12-19T23:50:02.681+0000] {dag.py:3823} INFO - Setting next_dagrun for example_task_group_decorator to 2024-12-18 00:00:00+00:00, run_after=2024-12-19 00:00:00+00:00
[2024-12-19T23:50:02.707+0000] {processor.py:183} INFO - Processing /home/airflow/.local/lib/python3.11/site-packages/airflow/example_dags/example_task_group_decorator.py took 0.109 seconds
[2024-12-19T23:50:33.089+0000] {processor.py:161} INFO - Started process (PID=758) to work on /home/airflow/.local/lib/python3.11/site-packages/airflow/example_dags/example_task_group_decorator.py
[2024-12-19T23:50:33.091+0000] {processor.py:830} INFO - Processing file /home/airflow/.local/lib/python3.11/site-packages/airflow/example_dags/example_task_group_decorator.py for tasks to queue
[2024-12-19T23:50:33.093+0000] {logging_mixin.py:188} INFO - [2024-12-19T23:50:33.093+0000] {dagbag.py:538} INFO - Filling up the DagBag from /home/airflow/.local/lib/python3.11/site-packages/airflow/example_dags/example_task_group_decorator.py
[2024-12-19T23:50:33.110+0000] {processor.py:840} INFO - DAG(s) 'example_task_group_decorator' retrieved from /home/airflow/.local/lib/python3.11/site-packages/airflow/example_dags/example_task_group_decorator.py
[2024-12-19T23:50:33.140+0000] {logging_mixin.py:188} INFO - [2024-12-19T23:50:33.140+0000] {dag.py:3036} INFO - Sync 1 DAGs
[2024-12-19T23:50:33.167+0000] {logging_mixin.py:188} INFO - [2024-12-19T23:50:33.167+0000] {dag.py:3823} INFO - Setting next_dagrun for example_task_group_decorator to 2024-12-18 00:00:00+00:00, run_after=2024-12-19 00:00:00+00:00
[2024-12-19T23:50:33.190+0000] {processor.py:183} INFO - Processing /home/airflow/.local/lib/python3.11/site-packages/airflow/example_dags/example_task_group_decorator.py took 0.105 seconds
[2024-12-19T23:51:03.975+0000] {processor.py:161} INFO - Started process (PID=830) to work on /home/airflow/.local/lib/python3.11/site-packages/airflow/example_dags/example_task_group_decorator.py
[2024-12-19T23:51:03.976+0000] {processor.py:830} INFO - Processing file /home/airflow/.local/lib/python3.11/site-packages/airflow/example_dags/example_task_group_decorator.py for tasks to queue
[2024-12-19T23:51:03.979+0000] {logging_mixin.py:188} INFO - [2024-12-19T23:51:03.978+0000] {dagbag.py:538} INFO - Filling up the DagBag from /home/airflow/.local/lib/python3.11/site-packages/airflow/example_dags/example_task_group_decorator.py
[2024-12-19T23:51:03.996+0000] {processor.py:840} INFO - DAG(s) 'example_task_group_decorator' retrieved from /home/airflow/.local/lib/python3.11/site-packages/airflow/example_dags/example_task_group_decorator.py
[2024-12-19T23:51:04.027+0000] {logging_mixin.py:188} INFO - [2024-12-19T23:51:04.027+0000] {dag.py:3036} INFO - Sync 1 DAGs
[2024-12-19T23:51:04.056+0000] {logging_mixin.py:188} INFO - [2024-12-19T23:51:04.055+0000] {dag.py:3823} INFO - Setting next_dagrun for example_task_group_decorator to 2024-12-18 00:00:00+00:00, run_after=2024-12-19 00:00:00+00:00
[2024-12-19T23:51:04.079+0000] {processor.py:183} INFO - Processing /home/airflow/.local/lib/python3.11/site-packages/airflow/example_dags/example_task_group_decorator.py took 0.108 seconds
[2024-12-19T23:51:34.730+0000] {processor.py:161} INFO - Started process (PID=909) to work on /home/airflow/.local/lib/python3.11/site-packages/airflow/example_dags/example_task_group_decorator.py
[2024-12-19T23:51:34.731+0000] {processor.py:830} INFO - Processing file /home/airflow/.local/lib/python3.11/site-packages/airflow/example_dags/example_task_group_decorator.py for tasks to queue
[2024-12-19T23:51:34.733+0000] {logging_mixin.py:188} INFO - [2024-12-19T23:51:34.733+0000] {dagbag.py:538} INFO - Filling up the DagBag from /home/airflow/.local/lib/python3.11/site-packages/airflow/example_dags/example_task_group_decorator.py
[2024-12-19T23:51:34.748+0000] {processor.py:840} INFO - DAG(s) 'example_task_group_decorator' retrieved from /home/airflow/.local/lib/python3.11/site-packages/airflow/example_dags/example_task_group_decorator.py
[2024-12-19T23:51:34.781+0000] {logging_mixin.py:188} INFO - [2024-12-19T23:51:34.781+0000] {dag.py:3036} INFO - Sync 1 DAGs
[2024-12-19T23:51:34.808+0000] {logging_mixin.py:188} INFO - [2024-12-19T23:51:34.808+0000] {dag.py:3823} INFO - Setting next_dagrun for example_task_group_decorator to 2024-12-18 00:00:00+00:00, run_after=2024-12-19 00:00:00+00:00
[2024-12-19T23:51:34.844+0000] {processor.py:183} INFO - Processing /home/airflow/.local/lib/python3.11/site-packages/airflow/example_dags/example_task_group_decorator.py took 0.118 seconds
[2024-12-19T23:52:05.390+0000] {processor.py:161} INFO - Started process (PID=972) to work on /home/airflow/.local/lib/python3.11/site-packages/airflow/example_dags/example_task_group_decorator.py
[2024-12-19T23:52:05.392+0000] {processor.py:830} INFO - Processing file /home/airflow/.local/lib/python3.11/site-packages/airflow/example_dags/example_task_group_decorator.py for tasks to queue
[2024-12-19T23:52:05.395+0000] {logging_mixin.py:188} INFO - [2024-12-19T23:52:05.394+0000] {dagbag.py:538} INFO - Filling up the DagBag from /home/airflow/.local/lib/python3.11/site-packages/airflow/example_dags/example_task_group_decorator.py
[2024-12-19T23:52:05.413+0000] {processor.py:840} INFO - DAG(s) 'example_task_group_decorator' retrieved from /home/airflow/.local/lib/python3.11/site-packages/airflow/example_dags/example_task_group_decorator.py
[2024-12-19T23:52:05.453+0000] {logging_mixin.py:188} INFO - [2024-12-19T23:52:05.453+0000] {dag.py:3036} INFO - Sync 1 DAGs
[2024-12-19T23:52:05.494+0000] {logging_mixin.py:188} INFO - [2024-12-19T23:52:05.494+0000] {dag.py:3823} INFO - Setting next_dagrun for example_task_group_decorator to 2024-12-18 00:00:00+00:00, run_after=2024-12-19 00:00:00+00:00
[2024-12-19T23:52:05.538+0000] {processor.py:183} INFO - Processing /home/airflow/.local/lib/python3.11/site-packages/airflow/example_dags/example_task_group_decorator.py took 0.152 seconds
[2024-12-19T23:52:36.455+0000] {processor.py:161} INFO - Started process (PID=1053) to work on /home/airflow/.local/lib/python3.11/site-packages/airflow/example_dags/example_task_group_decorator.py
[2024-12-19T23:52:36.457+0000] {processor.py:830} INFO - Processing file /home/airflow/.local/lib/python3.11/site-packages/airflow/example_dags/example_task_group_decorator.py for tasks to queue
[2024-12-19T23:52:36.459+0000] {logging_mixin.py:188} INFO - [2024-12-19T23:52:36.459+0000] {dagbag.py:538} INFO - Filling up the DagBag from /home/airflow/.local/lib/python3.11/site-packages/airflow/example_dags/example_task_group_decorator.py
[2024-12-19T23:52:36.484+0000] {processor.py:840} INFO - DAG(s) 'example_task_group_decorator' retrieved from /home/airflow/.local/lib/python3.11/site-packages/airflow/example_dags/example_task_group_decorator.py
[2024-12-19T23:52:36.518+0000] {logging_mixin.py:188} INFO - [2024-12-19T23:52:36.518+0000] {dag.py:3036} INFO - Sync 1 DAGs
[2024-12-19T23:52:36.550+0000] {logging_mixin.py:188} INFO - [2024-12-19T23:52:36.550+0000] {dag.py:3823} INFO - Setting next_dagrun for example_task_group_decorator to 2024-12-18 00:00:00+00:00, run_after=2024-12-19 00:00:00+00:00
[2024-12-19T23:52:36.576+0000] {processor.py:183} INFO - Processing /home/airflow/.local/lib/python3.11/site-packages/airflow/example_dags/example_task_group_decorator.py took 0.128 seconds
[2024-12-19T23:53:07.229+0000] {processor.py:161} INFO - Started process (PID=1132) to work on /home/airflow/.local/lib/python3.11/site-packages/airflow/example_dags/example_task_group_decorator.py
[2024-12-19T23:53:07.231+0000] {processor.py:830} INFO - Processing file /home/airflow/.local/lib/python3.11/site-packages/airflow/example_dags/example_task_group_decorator.py for tasks to queue
[2024-12-19T23:53:07.233+0000] {logging_mixin.py:188} INFO - [2024-12-19T23:53:07.233+0000] {dagbag.py:538} INFO - Filling up the DagBag from /home/airflow/.local/lib/python3.11/site-packages/airflow/example_dags/example_task_group_decorator.py
[2024-12-19T23:53:07.259+0000] {processor.py:840} INFO - DAG(s) 'example_task_group_decorator' retrieved from /home/airflow/.local/lib/python3.11/site-packages/airflow/example_dags/example_task_group_decorator.py
[2024-12-19T23:53:07.289+0000] {logging_mixin.py:188} INFO - [2024-12-19T23:53:07.289+0000] {dag.py:3036} INFO - Sync 1 DAGs
[2024-12-19T23:53:07.313+0000] {logging_mixin.py:188} INFO - [2024-12-19T23:53:07.312+0000] {dag.py:3823} INFO - Setting next_dagrun for example_task_group_decorator to 2024-12-18 00:00:00+00:00, run_after=2024-12-19 00:00:00+00:00
[2024-12-19T23:53:07.335+0000] {processor.py:183} INFO - Processing /home/airflow/.local/lib/python3.11/site-packages/airflow/example_dags/example_task_group_decorator.py took 0.110 seconds
[2024-12-19T23:53:38.214+0000] {processor.py:161} INFO - Started process (PID=1204) to work on /home/airflow/.local/lib/python3.11/site-packages/airflow/example_dags/example_task_group_decorator.py
[2024-12-19T23:53:38.216+0000] {processor.py:830} INFO - Processing file /home/airflow/.local/lib/python3.11/site-packages/airflow/example_dags/example_task_group_decorator.py for tasks to queue
[2024-12-19T23:53:38.220+0000] {logging_mixin.py:188} INFO - [2024-12-19T23:53:38.219+0000] {dagbag.py:538} INFO - Filling up the DagBag from /home/airflow/.local/lib/python3.11/site-packages/airflow/example_dags/example_task_group_decorator.py
[2024-12-19T23:53:38.241+0000] {processor.py:840} INFO - DAG(s) 'example_task_group_decorator' retrieved from /home/airflow/.local/lib/python3.11/site-packages/airflow/example_dags/example_task_group_decorator.py
[2024-12-19T23:53:38.280+0000] {logging_mixin.py:188} INFO - [2024-12-19T23:53:38.280+0000] {dag.py:3036} INFO - Sync 1 DAGs
[2024-12-19T23:53:38.313+0000] {logging_mixin.py:188} INFO - [2024-12-19T23:53:38.313+0000] {dag.py:3823} INFO - Setting next_dagrun for example_task_group_decorator to 2024-12-18 00:00:00+00:00, run_after=2024-12-19 00:00:00+00:00
[2024-12-19T23:53:38.339+0000] {processor.py:183} INFO - Processing /home/airflow/.local/lib/python3.11/site-packages/airflow/example_dags/example_task_group_decorator.py took 0.129 seconds
[2024-12-19T23:54:08.614+0000] {processor.py:161} INFO - Started process (PID=1277) to work on /home/airflow/.local/lib/python3.11/site-packages/airflow/example_dags/example_task_group_decorator.py
[2024-12-19T23:54:08.616+0000] {processor.py:830} INFO - Processing file /home/airflow/.local/lib/python3.11/site-packages/airflow/example_dags/example_task_group_decorator.py for tasks to queue
[2024-12-19T23:54:08.622+0000] {logging_mixin.py:188} INFO - [2024-12-19T23:54:08.622+0000] {dagbag.py:538} INFO - Filling up the DagBag from /home/airflow/.local/lib/python3.11/site-packages/airflow/example_dags/example_task_group_decorator.py
[2024-12-19T23:54:08.640+0000] {processor.py:840} INFO - DAG(s) 'example_task_group_decorator' retrieved from /home/airflow/.local/lib/python3.11/site-packages/airflow/example_dags/example_task_group_decorator.py
[2024-12-19T23:54:08.669+0000] {logging_mixin.py:188} INFO - [2024-12-19T23:54:08.668+0000] {dag.py:3036} INFO - Sync 1 DAGs
[2024-12-19T23:54:08.697+0000] {logging_mixin.py:188} INFO - [2024-12-19T23:54:08.697+0000] {dag.py:3823} INFO - Setting next_dagrun for example_task_group_decorator to 2024-12-18 00:00:00+00:00, run_after=2024-12-19 00:00:00+00:00
[2024-12-19T23:54:08.728+0000] {processor.py:183} INFO - Processing /home/airflow/.local/lib/python3.11/site-packages/airflow/example_dags/example_task_group_decorator.py took 0.117 seconds
[2024-12-19T23:54:38.848+0000] {processor.py:161} INFO - Started process (PID=1349) to work on /home/airflow/.local/lib/python3.11/site-packages/airflow/example_dags/example_task_group_decorator.py
[2024-12-19T23:54:38.850+0000] {processor.py:830} INFO - Processing file /home/airflow/.local/lib/python3.11/site-packages/airflow/example_dags/example_task_group_decorator.py for tasks to queue
[2024-12-19T23:54:38.854+0000] {logging_mixin.py:188} INFO - [2024-12-19T23:54:38.854+0000] {dagbag.py:538} INFO - Filling up the DagBag from /home/airflow/.local/lib/python3.11/site-packages/airflow/example_dags/example_task_group_decorator.py
[2024-12-19T23:54:38.887+0000] {processor.py:840} INFO - DAG(s) 'example_task_group_decorator' retrieved from /home/airflow/.local/lib/python3.11/site-packages/airflow/example_dags/example_task_group_decorator.py
[2024-12-19T23:54:38.920+0000] {logging_mixin.py:188} INFO - [2024-12-19T23:54:38.920+0000] {dag.py:3036} INFO - Sync 1 DAGs
[2024-12-19T23:54:38.946+0000] {logging_mixin.py:188} INFO - [2024-12-19T23:54:38.946+0000] {dag.py:3823} INFO - Setting next_dagrun for example_task_group_decorator to 2024-12-18 00:00:00+00:00, run_after=2024-12-19 00:00:00+00:00
[2024-12-19T23:54:38.970+0000] {processor.py:183} INFO - Processing /home/airflow/.local/lib/python3.11/site-packages/airflow/example_dags/example_task_group_decorator.py took 0.128 seconds
[2024-12-19T23:55:09.777+0000] {processor.py:161} INFO - Started process (PID=1427) to work on /home/airflow/.local/lib/python3.11/site-packages/airflow/example_dags/example_task_group_decorator.py
[2024-12-19T23:55:09.778+0000] {processor.py:830} INFO - Processing file /home/airflow/.local/lib/python3.11/site-packages/airflow/example_dags/example_task_group_decorator.py for tasks to queue
[2024-12-19T23:55:09.781+0000] {logging_mixin.py:188} INFO - [2024-12-19T23:55:09.780+0000] {dagbag.py:538} INFO - Filling up the DagBag from /home/airflow/.local/lib/python3.11/site-packages/airflow/example_dags/example_task_group_decorator.py
[2024-12-19T23:55:09.796+0000] {processor.py:840} INFO - DAG(s) 'example_task_group_decorator' retrieved from /home/airflow/.local/lib/python3.11/site-packages/airflow/example_dags/example_task_group_decorator.py
[2024-12-19T23:55:09.836+0000] {logging_mixin.py:188} INFO - [2024-12-19T23:55:09.836+0000] {dag.py:3036} INFO - Sync 1 DAGs
[2024-12-19T23:55:09.867+0000] {logging_mixin.py:188} INFO - [2024-12-19T23:55:09.867+0000] {dag.py:3823} INFO - Setting next_dagrun for example_task_group_decorator to 2024-12-18 00:00:00+00:00, run_after=2024-12-19 00:00:00+00:00
[2024-12-19T23:55:09.895+0000] {processor.py:183} INFO - Processing /home/airflow/.local/lib/python3.11/site-packages/airflow/example_dags/example_task_group_decorator.py took 0.121 seconds
[2024-12-19T23:55:39.991+0000] {processor.py:161} INFO - Started process (PID=1490) to work on /home/airflow/.local/lib/python3.11/site-packages/airflow/example_dags/example_task_group_decorator.py
[2024-12-19T23:55:39.993+0000] {processor.py:830} INFO - Processing file /home/airflow/.local/lib/python3.11/site-packages/airflow/example_dags/example_task_group_decorator.py for tasks to queue
[2024-12-19T23:55:39.996+0000] {logging_mixin.py:188} INFO - [2024-12-19T23:55:39.995+0000] {dagbag.py:538} INFO - Filling up the DagBag from /home/airflow/.local/lib/python3.11/site-packages/airflow/example_dags/example_task_group_decorator.py
[2024-12-19T23:55:40.014+0000] {processor.py:840} INFO - DAG(s) 'example_task_group_decorator' retrieved from /home/airflow/.local/lib/python3.11/site-packages/airflow/example_dags/example_task_group_decorator.py
[2024-12-19T23:55:40.042+0000] {logging_mixin.py:188} INFO - [2024-12-19T23:55:40.042+0000] {dag.py:3036} INFO - Sync 1 DAGs
[2024-12-19T23:55:40.065+0000] {logging_mixin.py:188} INFO - [2024-12-19T23:55:40.065+0000] {dag.py:3823} INFO - Setting next_dagrun for example_task_group_decorator to 2024-12-18 00:00:00+00:00, run_after=2024-12-19 00:00:00+00:00
[2024-12-19T23:55:40.087+0000] {processor.py:183} INFO - Processing /home/airflow/.local/lib/python3.11/site-packages/airflow/example_dags/example_task_group_decorator.py took 0.103 seconds
[2024-12-19T23:56:10.333+0000] {processor.py:161} INFO - Started process (PID=1562) to work on /home/airflow/.local/lib/python3.11/site-packages/airflow/example_dags/example_task_group_decorator.py
[2024-12-19T23:56:10.334+0000] {processor.py:830} INFO - Processing file /home/airflow/.local/lib/python3.11/site-packages/airflow/example_dags/example_task_group_decorator.py for tasks to queue
[2024-12-19T23:56:10.337+0000] {logging_mixin.py:188} INFO - [2024-12-19T23:56:10.336+0000] {dagbag.py:538} INFO - Filling up the DagBag from /home/airflow/.local/lib/python3.11/site-packages/airflow/example_dags/example_task_group_decorator.py
[2024-12-19T23:56:10.354+0000] {processor.py:840} INFO - DAG(s) 'example_task_group_decorator' retrieved from /home/airflow/.local/lib/python3.11/site-packages/airflow/example_dags/example_task_group_decorator.py
[2024-12-19T23:56:10.382+0000] {logging_mixin.py:188} INFO - [2024-12-19T23:56:10.382+0000] {dag.py:3036} INFO - Sync 1 DAGs
[2024-12-19T23:56:10.405+0000] {logging_mixin.py:188} INFO - [2024-12-19T23:56:10.405+0000] {dag.py:3823} INFO - Setting next_dagrun for example_task_group_decorator to 2024-12-18 00:00:00+00:00, run_after=2024-12-19 00:00:00+00:00
[2024-12-19T23:56:10.427+0000] {processor.py:183} INFO - Processing /home/airflow/.local/lib/python3.11/site-packages/airflow/example_dags/example_task_group_decorator.py took 0.098 seconds
[2024-12-19T23:56:40.750+0000] {processor.py:161} INFO - Started process (PID=1641) to work on /home/airflow/.local/lib/python3.11/site-packages/airflow/example_dags/example_task_group_decorator.py
[2024-12-19T23:56:40.751+0000] {processor.py:830} INFO - Processing file /home/airflow/.local/lib/python3.11/site-packages/airflow/example_dags/example_task_group_decorator.py for tasks to queue
[2024-12-19T23:56:40.753+0000] {logging_mixin.py:188} INFO - [2024-12-19T23:56:40.753+0000] {dagbag.py:538} INFO - Filling up the DagBag from /home/airflow/.local/lib/python3.11/site-packages/airflow/example_dags/example_task_group_decorator.py
[2024-12-19T23:56:40.773+0000] {processor.py:840} INFO - DAG(s) 'example_task_group_decorator' retrieved from /home/airflow/.local/lib/python3.11/site-packages/airflow/example_dags/example_task_group_decorator.py
[2024-12-19T23:56:40.804+0000] {logging_mixin.py:188} INFO - [2024-12-19T23:56:40.804+0000] {dag.py:3036} INFO - Sync 1 DAGs
[2024-12-19T23:56:40.835+0000] {logging_mixin.py:188} INFO - [2024-12-19T23:56:40.834+0000] {dag.py:3823} INFO - Setting next_dagrun for example_task_group_decorator to 2024-12-18 00:00:00+00:00, run_after=2024-12-19 00:00:00+00:00
[2024-12-19T23:56:40.859+0000] {processor.py:183} INFO - Processing /home/airflow/.local/lib/python3.11/site-packages/airflow/example_dags/example_task_group_decorator.py took 0.115 seconds
[2024-12-19T23:57:11.374+0000] {processor.py:161} INFO - Started process (PID=1713) to work on /home/airflow/.local/lib/python3.11/site-packages/airflow/example_dags/example_task_group_decorator.py
[2024-12-19T23:57:11.375+0000] {processor.py:830} INFO - Processing file /home/airflow/.local/lib/python3.11/site-packages/airflow/example_dags/example_task_group_decorator.py for tasks to queue
[2024-12-19T23:57:11.378+0000] {logging_mixin.py:188} INFO - [2024-12-19T23:57:11.378+0000] {dagbag.py:538} INFO - Filling up the DagBag from /home/airflow/.local/lib/python3.11/site-packages/airflow/example_dags/example_task_group_decorator.py
[2024-12-19T23:57:11.400+0000] {processor.py:840} INFO - DAG(s) 'example_task_group_decorator' retrieved from /home/airflow/.local/lib/python3.11/site-packages/airflow/example_dags/example_task_group_decorator.py
[2024-12-19T23:57:11.427+0000] {logging_mixin.py:188} INFO - [2024-12-19T23:57:11.427+0000] {dag.py:3036} INFO - Sync 1 DAGs
[2024-12-19T23:57:11.451+0000] {logging_mixin.py:188} INFO - [2024-12-19T23:57:11.450+0000] {dag.py:3823} INFO - Setting next_dagrun for example_task_group_decorator to 2024-12-18 00:00:00+00:00, run_after=2024-12-19 00:00:00+00:00
[2024-12-19T23:57:11.473+0000] {processor.py:183} INFO - Processing /home/airflow/.local/lib/python3.11/site-packages/airflow/example_dags/example_task_group_decorator.py took 0.104 seconds
[2024-12-19T23:57:42.025+0000] {processor.py:161} INFO - Started process (PID=1785) to work on /home/airflow/.local/lib/python3.11/site-packages/airflow/example_dags/example_task_group_decorator.py
[2024-12-19T23:57:42.026+0000] {processor.py:830} INFO - Processing file /home/airflow/.local/lib/python3.11/site-packages/airflow/example_dags/example_task_group_decorator.py for tasks to queue
[2024-12-19T23:57:42.030+0000] {logging_mixin.py:188} INFO - [2024-12-19T23:57:42.029+0000] {dagbag.py:538} INFO - Filling up the DagBag from /home/airflow/.local/lib/python3.11/site-packages/airflow/example_dags/example_task_group_decorator.py
[2024-12-19T23:57:42.050+0000] {processor.py:840} INFO - DAG(s) 'example_task_group_decorator' retrieved from /home/airflow/.local/lib/python3.11/site-packages/airflow/example_dags/example_task_group_decorator.py
[2024-12-19T23:57:42.078+0000] {logging_mixin.py:188} INFO - [2024-12-19T23:57:42.078+0000] {dag.py:3036} INFO - Sync 1 DAGs
[2024-12-19T23:57:42.101+0000] {logging_mixin.py:188} INFO - [2024-12-19T23:57:42.101+0000] {dag.py:3823} INFO - Setting next_dagrun for example_task_group_decorator to 2024-12-18 00:00:00+00:00, run_after=2024-12-19 00:00:00+00:00
[2024-12-19T23:57:42.123+0000] {processor.py:183} INFO - Processing /home/airflow/.local/lib/python3.11/site-packages/airflow/example_dags/example_task_group_decorator.py took 0.103 seconds
[2024-12-19T23:58:12.227+0000] {processor.py:161} INFO - Started process (PID=1864) to work on /home/airflow/.local/lib/python3.11/site-packages/airflow/example_dags/example_task_group_decorator.py
[2024-12-19T23:58:12.228+0000] {processor.py:830} INFO - Processing file /home/airflow/.local/lib/python3.11/site-packages/airflow/example_dags/example_task_group_decorator.py for tasks to queue
[2024-12-19T23:58:12.230+0000] {logging_mixin.py:188} INFO - [2024-12-19T23:58:12.230+0000] {dagbag.py:538} INFO - Filling up the DagBag from /home/airflow/.local/lib/python3.11/site-packages/airflow/example_dags/example_task_group_decorator.py
[2024-12-19T23:58:12.247+0000] {processor.py:840} INFO - DAG(s) 'example_task_group_decorator' retrieved from /home/airflow/.local/lib/python3.11/site-packages/airflow/example_dags/example_task_group_decorator.py
[2024-12-19T23:58:12.273+0000] {logging_mixin.py:188} INFO - [2024-12-19T23:58:12.273+0000] {dag.py:3036} INFO - Sync 1 DAGs
[2024-12-19T23:58:12.304+0000] {logging_mixin.py:188} INFO - [2024-12-19T23:58:12.303+0000] {dag.py:3823} INFO - Setting next_dagrun for example_task_group_decorator to 2024-12-18 00:00:00+00:00, run_after=2024-12-19 00:00:00+00:00
[2024-12-19T23:58:12.334+0000] {processor.py:183} INFO - Processing /home/airflow/.local/lib/python3.11/site-packages/airflow/example_dags/example_task_group_decorator.py took 0.110 seconds
[2024-12-19T23:58:42.721+0000] {processor.py:161} INFO - Started process (PID=1936) to work on /home/airflow/.local/lib/python3.11/site-packages/airflow/example_dags/example_task_group_decorator.py
[2024-12-19T23:58:42.722+0000] {processor.py:830} INFO - Processing file /home/airflow/.local/lib/python3.11/site-packages/airflow/example_dags/example_task_group_decorator.py for tasks to queue
[2024-12-19T23:58:42.725+0000] {logging_mixin.py:188} INFO - [2024-12-19T23:58:42.724+0000] {dagbag.py:538} INFO - Filling up the DagBag from /home/airflow/.local/lib/python3.11/site-packages/airflow/example_dags/example_task_group_decorator.py
[2024-12-19T23:58:42.745+0000] {processor.py:840} INFO - DAG(s) 'example_task_group_decorator' retrieved from /home/airflow/.local/lib/python3.11/site-packages/airflow/example_dags/example_task_group_decorator.py
[2024-12-19T23:58:42.775+0000] {logging_mixin.py:188} INFO - [2024-12-19T23:58:42.774+0000] {dag.py:3036} INFO - Sync 1 DAGs
[2024-12-19T23:58:42.802+0000] {logging_mixin.py:188} INFO - [2024-12-19T23:58:42.801+0000] {dag.py:3823} INFO - Setting next_dagrun for example_task_group_decorator to 2024-12-18 00:00:00+00:00, run_after=2024-12-19 00:00:00+00:00
[2024-12-19T23:58:42.830+0000] {processor.py:183} INFO - Processing /home/airflow/.local/lib/python3.11/site-packages/airflow/example_dags/example_task_group_decorator.py took 0.114 seconds
[2024-12-19T23:59:13.433+0000] {processor.py:161} INFO - Started process (PID=2008) to work on /home/airflow/.local/lib/python3.11/site-packages/airflow/example_dags/example_task_group_decorator.py
[2024-12-19T23:59:13.435+0000] {processor.py:830} INFO - Processing file /home/airflow/.local/lib/python3.11/site-packages/airflow/example_dags/example_task_group_decorator.py for tasks to queue
[2024-12-19T23:59:13.439+0000] {logging_mixin.py:188} INFO - [2024-12-19T23:59:13.439+0000] {dagbag.py:538} INFO - Filling up the DagBag from /home/airflow/.local/lib/python3.11/site-packages/airflow/example_dags/example_task_group_decorator.py
[2024-12-19T23:59:13.468+0000] {processor.py:840} INFO - DAG(s) 'example_task_group_decorator' retrieved from /home/airflow/.local/lib/python3.11/site-packages/airflow/example_dags/example_task_group_decorator.py
[2024-12-19T23:59:13.500+0000] {logging_mixin.py:188} INFO - [2024-12-19T23:59:13.500+0000] {dag.py:3036} INFO - Sync 1 DAGs
[2024-12-19T23:59:13.526+0000] {logging_mixin.py:188} INFO - [2024-12-19T23:59:13.526+0000] {dag.py:3823} INFO - Setting next_dagrun for example_task_group_decorator to 2024-12-18 00:00:00+00:00, run_after=2024-12-19 00:00:00+00:00
[2024-12-19T23:59:13.552+0000] {processor.py:183} INFO - Processing /home/airflow/.local/lib/python3.11/site-packages/airflow/example_dags/example_task_group_decorator.py took 0.123 seconds
[2024-12-19T23:59:43.879+0000] {processor.py:161} INFO - Started process (PID=2081) to work on /home/airflow/.local/lib/python3.11/site-packages/airflow/example_dags/example_task_group_decorator.py
[2024-12-19T23:59:43.880+0000] {processor.py:830} INFO - Processing file /home/airflow/.local/lib/python3.11/site-packages/airflow/example_dags/example_task_group_decorator.py for tasks to queue
[2024-12-19T23:59:43.883+0000] {logging_mixin.py:188} INFO - [2024-12-19T23:59:43.882+0000] {dagbag.py:538} INFO - Filling up the DagBag from /home/airflow/.local/lib/python3.11/site-packages/airflow/example_dags/example_task_group_decorator.py
[2024-12-19T23:59:43.916+0000] {processor.py:840} INFO - DAG(s) 'example_task_group_decorator' retrieved from /home/airflow/.local/lib/python3.11/site-packages/airflow/example_dags/example_task_group_decorator.py
[2024-12-19T23:59:43.956+0000] {logging_mixin.py:188} INFO - [2024-12-19T23:59:43.955+0000] {dag.py:3036} INFO - Sync 1 DAGs
[2024-12-19T23:59:43.995+0000] {logging_mixin.py:188} INFO - [2024-12-19T23:59:43.994+0000] {dag.py:3823} INFO - Setting next_dagrun for example_task_group_decorator to 2024-12-18 00:00:00+00:00, run_after=2024-12-19 00:00:00+00:00
[2024-12-19T23:59:44.024+0000] {processor.py:183} INFO - Processing /home/airflow/.local/lib/python3.11/site-packages/airflow/example_dags/example_task_group_decorator.py took 0.150 seconds
