[2024-12-19T15:14:57.480+0000] {processor.py:161} INFO - Started process (PID=147) to work on /home/airflow/.local/lib/python3.11/site-packages/airflow/example_dags/example_dag_decorator.py
[2024-12-19T15:14:57.482+0000] {processor.py:830} INFO - Processing file /home/airflow/.local/lib/python3.11/site-packages/airflow/example_dags/example_dag_decorator.py for tasks to queue
[2024-12-19T15:14:57.485+0000] {logging_mixin.py:188} INFO - [2024-12-19T15:14:57.484+0000] {dagbag.py:538} INFO - Filling up the DagBag from /home/airflow/.local/lib/python3.11/site-packages/airflow/example_dags/example_dag_decorator.py
[2024-12-19T15:14:57.785+0000] {processor.py:840} INFO - DAG(s) 'example_dag_decorator' retrieved from /home/airflow/.local/lib/python3.11/site-packages/airflow/example_dags/example_dag_decorator.py
[2024-12-19T15:14:57.932+0000] {logging_mixin.py:188} INFO - [2024-12-19T15:14:57.931+0000] {dag.py:3036} INFO - Sync 1 DAGs
[2024-12-19T15:14:57.948+0000] {logging_mixin.py:188} INFO - [2024-12-19T15:14:57.948+0000] {dag.py:3823} INFO - Setting next_dagrun for example_dag_decorator to None, run_after=None
[2024-12-19T15:14:57.975+0000] {processor.py:183} INFO - Processing /home/airflow/.local/lib/python3.11/site-packages/airflow/example_dags/example_dag_decorator.py took 0.500 seconds
[2024-12-19T15:25:17.919+0000] {processor.py:161} INFO - Started process (PID=146) to work on /home/airflow/.local/lib/python3.11/site-packages/airflow/example_dags/example_dag_decorator.py
[2024-12-19T15:25:17.920+0000] {processor.py:830} INFO - Processing file /home/airflow/.local/lib/python3.11/site-packages/airflow/example_dags/example_dag_decorator.py for tasks to queue
[2024-12-19T15:25:17.923+0000] {logging_mixin.py:188} INFO - [2024-12-19T15:25:17.922+0000] {dagbag.py:538} INFO - Filling up the DagBag from /home/airflow/.local/lib/python3.11/site-packages/airflow/example_dags/example_dag_decorator.py
[2024-12-19T15:25:18.228+0000] {processor.py:840} INFO - DAG(s) 'example_dag_decorator' retrieved from /home/airflow/.local/lib/python3.11/site-packages/airflow/example_dags/example_dag_decorator.py
[2024-12-19T15:25:18.408+0000] {logging_mixin.py:188} INFO - [2024-12-19T15:25:18.408+0000] {dag.py:3036} INFO - Sync 1 DAGs
[2024-12-19T15:25:18.424+0000] {logging_mixin.py:188} INFO - [2024-12-19T15:25:18.424+0000] {dag.py:3823} INFO - Setting next_dagrun for example_dag_decorator to None, run_after=None
[2024-12-19T15:25:18.447+0000] {processor.py:183} INFO - Processing /home/airflow/.local/lib/python3.11/site-packages/airflow/example_dags/example_dag_decorator.py took 0.533 seconds
[2024-12-19T15:25:48.690+0000] {processor.py:161} INFO - Started process (PID=210) to work on /home/airflow/.local/lib/python3.11/site-packages/airflow/example_dags/example_dag_decorator.py
[2024-12-19T15:25:48.692+0000] {processor.py:830} INFO - Processing file /home/airflow/.local/lib/python3.11/site-packages/airflow/example_dags/example_dag_decorator.py for tasks to queue
[2024-12-19T15:25:48.694+0000] {logging_mixin.py:188} INFO - [2024-12-19T15:25:48.694+0000] {dagbag.py:538} INFO - Filling up the DagBag from /home/airflow/.local/lib/python3.11/site-packages/airflow/example_dags/example_dag_decorator.py
[2024-12-19T15:25:48.814+0000] {processor.py:840} INFO - DAG(s) 'example_dag_decorator' retrieved from /home/airflow/.local/lib/python3.11/site-packages/airflow/example_dags/example_dag_decorator.py
[2024-12-19T15:25:48.934+0000] {logging_mixin.py:188} INFO - [2024-12-19T15:25:48.934+0000] {dag.py:3036} INFO - Sync 1 DAGs
[2024-12-19T15:25:48.947+0000] {logging_mixin.py:188} INFO - [2024-12-19T15:25:48.946+0000] {dag.py:3823} INFO - Setting next_dagrun for example_dag_decorator to None, run_after=None
[2024-12-19T15:25:48.971+0000] {processor.py:183} INFO - Processing /home/airflow/.local/lib/python3.11/site-packages/airflow/example_dags/example_dag_decorator.py took 0.286 seconds
[2024-12-19T15:26:19.023+0000] {processor.py:161} INFO - Started process (PID=275) to work on /home/airflow/.local/lib/python3.11/site-packages/airflow/example_dags/example_dag_decorator.py
[2024-12-19T15:26:19.025+0000] {processor.py:830} INFO - Processing file /home/airflow/.local/lib/python3.11/site-packages/airflow/example_dags/example_dag_decorator.py for tasks to queue
[2024-12-19T15:26:19.028+0000] {logging_mixin.py:188} INFO - [2024-12-19T15:26:19.028+0000] {dagbag.py:538} INFO - Filling up the DagBag from /home/airflow/.local/lib/python3.11/site-packages/airflow/example_dags/example_dag_decorator.py
[2024-12-19T15:26:19.150+0000] {processor.py:840} INFO - DAG(s) 'example_dag_decorator' retrieved from /home/airflow/.local/lib/python3.11/site-packages/airflow/example_dags/example_dag_decorator.py
[2024-12-19T15:26:19.282+0000] {logging_mixin.py:188} INFO - [2024-12-19T15:26:19.282+0000] {dag.py:3036} INFO - Sync 1 DAGs
[2024-12-19T15:26:19.296+0000] {logging_mixin.py:188} INFO - [2024-12-19T15:26:19.296+0000] {dag.py:3823} INFO - Setting next_dagrun for example_dag_decorator to None, run_after=None
[2024-12-19T15:26:19.320+0000] {processor.py:183} INFO - Processing /home/airflow/.local/lib/python3.11/site-packages/airflow/example_dags/example_dag_decorator.py took 0.301 seconds
[2024-12-19T15:26:49.747+0000] {processor.py:161} INFO - Started process (PID=347) to work on /home/airflow/.local/lib/python3.11/site-packages/airflow/example_dags/example_dag_decorator.py
[2024-12-19T15:26:49.748+0000] {processor.py:830} INFO - Processing file /home/airflow/.local/lib/python3.11/site-packages/airflow/example_dags/example_dag_decorator.py for tasks to queue
[2024-12-19T15:26:49.750+0000] {logging_mixin.py:188} INFO - [2024-12-19T15:26:49.750+0000] {dagbag.py:538} INFO - Filling up the DagBag from /home/airflow/.local/lib/python3.11/site-packages/airflow/example_dags/example_dag_decorator.py
[2024-12-19T15:26:49.890+0000] {processor.py:840} INFO - DAG(s) 'example_dag_decorator' retrieved from /home/airflow/.local/lib/python3.11/site-packages/airflow/example_dags/example_dag_decorator.py
[2024-12-19T15:26:50.042+0000] {logging_mixin.py:188} INFO - [2024-12-19T15:26:50.042+0000] {dag.py:3036} INFO - Sync 1 DAGs
[2024-12-19T15:26:50.057+0000] {logging_mixin.py:188} INFO - [2024-12-19T15:26:50.057+0000] {dag.py:3823} INFO - Setting next_dagrun for example_dag_decorator to None, run_after=None
[2024-12-19T15:26:50.092+0000] {processor.py:183} INFO - Processing /home/airflow/.local/lib/python3.11/site-packages/airflow/example_dags/example_dag_decorator.py took 0.351 seconds
[2024-12-19T15:27:20.241+0000] {processor.py:161} INFO - Started process (PID=412) to work on /home/airflow/.local/lib/python3.11/site-packages/airflow/example_dags/example_dag_decorator.py
[2024-12-19T15:27:20.243+0000] {processor.py:830} INFO - Processing file /home/airflow/.local/lib/python3.11/site-packages/airflow/example_dags/example_dag_decorator.py for tasks to queue
[2024-12-19T15:27:20.247+0000] {logging_mixin.py:188} INFO - [2024-12-19T15:27:20.247+0000] {dagbag.py:538} INFO - Filling up the DagBag from /home/airflow/.local/lib/python3.11/site-packages/airflow/example_dags/example_dag_decorator.py
[2024-12-19T15:27:20.357+0000] {processor.py:840} INFO - DAG(s) 'example_dag_decorator' retrieved from /home/airflow/.local/lib/python3.11/site-packages/airflow/example_dags/example_dag_decorator.py
[2024-12-19T15:27:20.472+0000] {logging_mixin.py:188} INFO - [2024-12-19T15:27:20.472+0000] {dag.py:3036} INFO - Sync 1 DAGs
[2024-12-19T15:27:20.485+0000] {logging_mixin.py:188} INFO - [2024-12-19T15:27:20.485+0000] {dag.py:3823} INFO - Setting next_dagrun for example_dag_decorator to None, run_after=None
[2024-12-19T15:27:20.524+0000] {processor.py:183} INFO - Processing /home/airflow/.local/lib/python3.11/site-packages/airflow/example_dags/example_dag_decorator.py took 0.290 seconds
[2024-12-19T15:27:51.374+0000] {processor.py:161} INFO - Started process (PID=476) to work on /home/airflow/.local/lib/python3.11/site-packages/airflow/example_dags/example_dag_decorator.py
[2024-12-19T15:27:51.376+0000] {processor.py:830} INFO - Processing file /home/airflow/.local/lib/python3.11/site-packages/airflow/example_dags/example_dag_decorator.py for tasks to queue
[2024-12-19T15:27:51.379+0000] {logging_mixin.py:188} INFO - [2024-12-19T15:27:51.378+0000] {dagbag.py:538} INFO - Filling up the DagBag from /home/airflow/.local/lib/python3.11/site-packages/airflow/example_dags/example_dag_decorator.py
[2024-12-19T15:27:51.599+0000] {processor.py:840} INFO - DAG(s) 'example_dag_decorator' retrieved from /home/airflow/.local/lib/python3.11/site-packages/airflow/example_dags/example_dag_decorator.py
[2024-12-19T15:27:51.777+0000] {logging_mixin.py:188} INFO - [2024-12-19T15:27:51.777+0000] {dag.py:3036} INFO - Sync 1 DAGs
[2024-12-19T15:27:51.790+0000] {logging_mixin.py:188} INFO - [2024-12-19T15:27:51.789+0000] {dag.py:3823} INFO - Setting next_dagrun for example_dag_decorator to None, run_after=None
[2024-12-19T15:27:51.818+0000] {processor.py:183} INFO - Processing /home/airflow/.local/lib/python3.11/site-packages/airflow/example_dags/example_dag_decorator.py took 0.449 seconds
[2024-12-19T15:28:22.610+0000] {processor.py:161} INFO - Started process (PID=540) to work on /home/airflow/.local/lib/python3.11/site-packages/airflow/example_dags/example_dag_decorator.py
[2024-12-19T15:28:22.612+0000] {processor.py:830} INFO - Processing file /home/airflow/.local/lib/python3.11/site-packages/airflow/example_dags/example_dag_decorator.py for tasks to queue
[2024-12-19T15:28:22.615+0000] {logging_mixin.py:188} INFO - [2024-12-19T15:28:22.614+0000] {dagbag.py:538} INFO - Filling up the DagBag from /home/airflow/.local/lib/python3.11/site-packages/airflow/example_dags/example_dag_decorator.py
[2024-12-19T15:28:22.729+0000] {processor.py:840} INFO - DAG(s) 'example_dag_decorator' retrieved from /home/airflow/.local/lib/python3.11/site-packages/airflow/example_dags/example_dag_decorator.py
[2024-12-19T15:28:22.906+0000] {logging_mixin.py:188} INFO - [2024-12-19T15:28:22.906+0000] {dag.py:3036} INFO - Sync 1 DAGs
[2024-12-19T15:28:22.920+0000] {logging_mixin.py:188} INFO - [2024-12-19T15:28:22.919+0000] {dag.py:3823} INFO - Setting next_dagrun for example_dag_decorator to None, run_after=None
[2024-12-19T15:28:22.948+0000] {processor.py:183} INFO - Processing /home/airflow/.local/lib/python3.11/site-packages/airflow/example_dags/example_dag_decorator.py took 0.342 seconds
[2024-12-19T15:28:53.258+0000] {processor.py:161} INFO - Started process (PID=611) to work on /home/airflow/.local/lib/python3.11/site-packages/airflow/example_dags/example_dag_decorator.py
[2024-12-19T15:28:53.260+0000] {processor.py:830} INFO - Processing file /home/airflow/.local/lib/python3.11/site-packages/airflow/example_dags/example_dag_decorator.py for tasks to queue
[2024-12-19T15:28:53.263+0000] {logging_mixin.py:188} INFO - [2024-12-19T15:28:53.262+0000] {dagbag.py:538} INFO - Filling up the DagBag from /home/airflow/.local/lib/python3.11/site-packages/airflow/example_dags/example_dag_decorator.py
[2024-12-19T15:28:53.494+0000] {processor.py:840} INFO - DAG(s) 'example_dag_decorator' retrieved from /home/airflow/.local/lib/python3.11/site-packages/airflow/example_dags/example_dag_decorator.py
[2024-12-19T15:28:53.540+0000] {logging_mixin.py:188} INFO - [2024-12-19T15:28:53.540+0000] {dag.py:3036} INFO - Sync 1 DAGs
[2024-12-19T15:28:53.566+0000] {logging_mixin.py:188} INFO - [2024-12-19T15:28:53.565+0000] {dag.py:3823} INFO - Setting next_dagrun for example_dag_decorator to None, run_after=None
[2024-12-19T15:28:53.601+0000] {processor.py:183} INFO - Processing /home/airflow/.local/lib/python3.11/site-packages/airflow/example_dags/example_dag_decorator.py took 0.348 seconds
[2024-12-19T15:29:23.749+0000] {processor.py:161} INFO - Started process (PID=675) to work on /home/airflow/.local/lib/python3.11/site-packages/airflow/example_dags/example_dag_decorator.py
[2024-12-19T15:29:23.751+0000] {processor.py:830} INFO - Processing file /home/airflow/.local/lib/python3.11/site-packages/airflow/example_dags/example_dag_decorator.py for tasks to queue
[2024-12-19T15:29:23.755+0000] {logging_mixin.py:188} INFO - [2024-12-19T15:29:23.754+0000] {dagbag.py:538} INFO - Filling up the DagBag from /home/airflow/.local/lib/python3.11/site-packages/airflow/example_dags/example_dag_decorator.py
[2024-12-19T15:29:23.883+0000] {processor.py:840} INFO - DAG(s) 'example_dag_decorator' retrieved from /home/airflow/.local/lib/python3.11/site-packages/airflow/example_dags/example_dag_decorator.py
[2024-12-19T15:29:23.909+0000] {logging_mixin.py:188} INFO - [2024-12-19T15:29:23.909+0000] {dag.py:3036} INFO - Sync 1 DAGs
[2024-12-19T15:29:23.922+0000] {logging_mixin.py:188} INFO - [2024-12-19T15:29:23.922+0000] {dag.py:3823} INFO - Setting next_dagrun for example_dag_decorator to None, run_after=None
[2024-12-19T15:29:23.946+0000] {processor.py:183} INFO - Processing /home/airflow/.local/lib/python3.11/site-packages/airflow/example_dags/example_dag_decorator.py took 0.205 seconds
[2024-12-19T15:29:54.035+0000] {processor.py:161} INFO - Started process (PID=739) to work on /home/airflow/.local/lib/python3.11/site-packages/airflow/example_dags/example_dag_decorator.py
[2024-12-19T15:29:54.039+0000] {processor.py:830} INFO - Processing file /home/airflow/.local/lib/python3.11/site-packages/airflow/example_dags/example_dag_decorator.py for tasks to queue
[2024-12-19T15:29:54.044+0000] {logging_mixin.py:188} INFO - [2024-12-19T15:29:54.043+0000] {dagbag.py:538} INFO - Filling up the DagBag from /home/airflow/.local/lib/python3.11/site-packages/airflow/example_dags/example_dag_decorator.py
[2024-12-19T15:29:54.168+0000] {processor.py:840} INFO - DAG(s) 'example_dag_decorator' retrieved from /home/airflow/.local/lib/python3.11/site-packages/airflow/example_dags/example_dag_decorator.py
[2024-12-19T15:29:54.193+0000] {logging_mixin.py:188} INFO - [2024-12-19T15:29:54.193+0000] {dag.py:3036} INFO - Sync 1 DAGs
[2024-12-19T15:29:54.206+0000] {logging_mixin.py:188} INFO - [2024-12-19T15:29:54.206+0000] {dag.py:3823} INFO - Setting next_dagrun for example_dag_decorator to None, run_after=None
[2024-12-19T15:29:54.245+0000] {processor.py:183} INFO - Processing /home/airflow/.local/lib/python3.11/site-packages/airflow/example_dags/example_dag_decorator.py took 0.216 seconds
[2024-12-19T15:37:29.319+0000] {processor.py:161} INFO - Started process (PID=146) to work on /home/airflow/.local/lib/python3.11/site-packages/airflow/example_dags/example_dag_decorator.py
[2024-12-19T15:37:29.322+0000] {processor.py:830} INFO - Processing file /home/airflow/.local/lib/python3.11/site-packages/airflow/example_dags/example_dag_decorator.py for tasks to queue
[2024-12-19T15:37:29.325+0000] {logging_mixin.py:188} INFO - [2024-12-19T15:37:29.325+0000] {dagbag.py:538} INFO - Filling up the DagBag from /home/airflow/.local/lib/python3.11/site-packages/airflow/example_dags/example_dag_decorator.py
[2024-12-19T15:37:29.623+0000] {processor.py:840} INFO - DAG(s) 'example_dag_decorator' retrieved from /home/airflow/.local/lib/python3.11/site-packages/airflow/example_dags/example_dag_decorator.py
[2024-12-19T15:37:29.744+0000] {logging_mixin.py:188} INFO - [2024-12-19T15:37:29.744+0000] {dag.py:3036} INFO - Sync 1 DAGs
[2024-12-19T15:37:29.756+0000] {logging_mixin.py:188} INFO - [2024-12-19T15:37:29.756+0000] {dag.py:3823} INFO - Setting next_dagrun for example_dag_decorator to None, run_after=None
[2024-12-19T15:37:29.790+0000] {processor.py:183} INFO - Processing /home/airflow/.local/lib/python3.11/site-packages/airflow/example_dags/example_dag_decorator.py took 0.477 seconds
[2024-12-19T15:38:00.718+0000] {processor.py:161} INFO - Started process (PID=210) to work on /home/airflow/.local/lib/python3.11/site-packages/airflow/example_dags/example_dag_decorator.py
[2024-12-19T15:38:00.720+0000] {processor.py:830} INFO - Processing file /home/airflow/.local/lib/python3.11/site-packages/airflow/example_dags/example_dag_decorator.py for tasks to queue
[2024-12-19T15:38:00.725+0000] {logging_mixin.py:188} INFO - [2024-12-19T15:38:00.724+0000] {dagbag.py:538} INFO - Filling up the DagBag from /home/airflow/.local/lib/python3.11/site-packages/airflow/example_dags/example_dag_decorator.py
[2024-12-19T15:38:00.858+0000] {processor.py:840} INFO - DAG(s) 'example_dag_decorator' retrieved from /home/airflow/.local/lib/python3.11/site-packages/airflow/example_dags/example_dag_decorator.py
[2024-12-19T15:38:00.990+0000] {logging_mixin.py:188} INFO - [2024-12-19T15:38:00.990+0000] {dag.py:3036} INFO - Sync 1 DAGs
[2024-12-19T15:38:01.004+0000] {logging_mixin.py:188} INFO - [2024-12-19T15:38:01.004+0000] {dag.py:3823} INFO - Setting next_dagrun for example_dag_decorator to None, run_after=None
[2024-12-19T15:38:01.028+0000] {processor.py:183} INFO - Processing /home/airflow/.local/lib/python3.11/site-packages/airflow/example_dags/example_dag_decorator.py took 0.316 seconds
[2024-12-19T15:38:31.765+0000] {processor.py:161} INFO - Started process (PID=274) to work on /home/airflow/.local/lib/python3.11/site-packages/airflow/example_dags/example_dag_decorator.py
[2024-12-19T15:38:31.767+0000] {processor.py:830} INFO - Processing file /home/airflow/.local/lib/python3.11/site-packages/airflow/example_dags/example_dag_decorator.py for tasks to queue
[2024-12-19T15:38:31.769+0000] {logging_mixin.py:188} INFO - [2024-12-19T15:38:31.769+0000] {dagbag.py:538} INFO - Filling up the DagBag from /home/airflow/.local/lib/python3.11/site-packages/airflow/example_dags/example_dag_decorator.py
[2024-12-19T15:38:31.887+0000] {processor.py:840} INFO - DAG(s) 'example_dag_decorator' retrieved from /home/airflow/.local/lib/python3.11/site-packages/airflow/example_dags/example_dag_decorator.py
[2024-12-19T15:38:32.012+0000] {logging_mixin.py:188} INFO - [2024-12-19T15:38:32.012+0000] {dag.py:3036} INFO - Sync 1 DAGs
[2024-12-19T15:38:32.024+0000] {logging_mixin.py:188} INFO - [2024-12-19T15:38:32.024+0000] {dag.py:3823} INFO - Setting next_dagrun for example_dag_decorator to None, run_after=None
[2024-12-19T15:38:32.049+0000] {processor.py:183} INFO - Processing /home/airflow/.local/lib/python3.11/site-packages/airflow/example_dags/example_dag_decorator.py took 0.289 seconds
[2024-12-19T15:39:02.562+0000] {processor.py:161} INFO - Started process (PID=338) to work on /home/airflow/.local/lib/python3.11/site-packages/airflow/example_dags/example_dag_decorator.py
[2024-12-19T15:39:02.563+0000] {processor.py:830} INFO - Processing file /home/airflow/.local/lib/python3.11/site-packages/airflow/example_dags/example_dag_decorator.py for tasks to queue
[2024-12-19T15:39:02.567+0000] {logging_mixin.py:188} INFO - [2024-12-19T15:39:02.566+0000] {dagbag.py:538} INFO - Filling up the DagBag from /home/airflow/.local/lib/python3.11/site-packages/airflow/example_dags/example_dag_decorator.py
[2024-12-19T15:39:02.707+0000] {processor.py:840} INFO - DAG(s) 'example_dag_decorator' retrieved from /home/airflow/.local/lib/python3.11/site-packages/airflow/example_dags/example_dag_decorator.py
[2024-12-19T15:39:02.870+0000] {logging_mixin.py:188} INFO - [2024-12-19T15:39:02.870+0000] {dag.py:3036} INFO - Sync 1 DAGs
[2024-12-19T15:39:02.882+0000] {logging_mixin.py:188} INFO - [2024-12-19T15:39:02.882+0000] {dag.py:3823} INFO - Setting next_dagrun for example_dag_decorator to None, run_after=None
[2024-12-19T15:39:02.909+0000] {processor.py:183} INFO - Processing /home/airflow/.local/lib/python3.11/site-packages/airflow/example_dags/example_dag_decorator.py took 0.352 seconds
[2024-12-19T15:43:07.505+0000] {processor.py:161} INFO - Started process (PID=147) to work on /home/airflow/.local/lib/python3.11/site-packages/airflow/example_dags/example_dag_decorator.py
[2024-12-19T15:43:07.506+0000] {processor.py:830} INFO - Processing file /home/airflow/.local/lib/python3.11/site-packages/airflow/example_dags/example_dag_decorator.py for tasks to queue
[2024-12-19T15:43:07.510+0000] {logging_mixin.py:188} INFO - [2024-12-19T15:43:07.509+0000] {dagbag.py:538} INFO - Filling up the DagBag from /home/airflow/.local/lib/python3.11/site-packages/airflow/example_dags/example_dag_decorator.py
[2024-12-19T15:43:07.651+0000] {processor.py:840} INFO - DAG(s) 'example_dag_decorator' retrieved from /home/airflow/.local/lib/python3.11/site-packages/airflow/example_dags/example_dag_decorator.py
[2024-12-19T15:43:07.793+0000] {logging_mixin.py:188} INFO - [2024-12-19T15:43:07.793+0000] {dag.py:3036} INFO - Sync 1 DAGs
[2024-12-19T15:43:07.812+0000] {logging_mixin.py:188} INFO - [2024-12-19T15:43:07.811+0000] {dag.py:3823} INFO - Setting next_dagrun for example_dag_decorator to None, run_after=None
[2024-12-19T15:43:07.859+0000] {processor.py:183} INFO - Processing /home/airflow/.local/lib/python3.11/site-packages/airflow/example_dags/example_dag_decorator.py took 0.358 seconds
[2024-12-19T15:43:37.945+0000] {processor.py:161} INFO - Started process (PID=211) to work on /home/airflow/.local/lib/python3.11/site-packages/airflow/example_dags/example_dag_decorator.py
[2024-12-19T15:43:37.947+0000] {processor.py:830} INFO - Processing file /home/airflow/.local/lib/python3.11/site-packages/airflow/example_dags/example_dag_decorator.py for tasks to queue
[2024-12-19T15:43:37.949+0000] {logging_mixin.py:188} INFO - [2024-12-19T15:43:37.949+0000] {dagbag.py:538} INFO - Filling up the DagBag from /home/airflow/.local/lib/python3.11/site-packages/airflow/example_dags/example_dag_decorator.py
[2024-12-19T15:43:38.074+0000] {processor.py:840} INFO - DAG(s) 'example_dag_decorator' retrieved from /home/airflow/.local/lib/python3.11/site-packages/airflow/example_dags/example_dag_decorator.py
[2024-12-19T15:43:38.182+0000] {logging_mixin.py:188} INFO - [2024-12-19T15:43:38.182+0000] {dag.py:3036} INFO - Sync 1 DAGs
[2024-12-19T15:43:38.194+0000] {logging_mixin.py:188} INFO - [2024-12-19T15:43:38.193+0000] {dag.py:3823} INFO - Setting next_dagrun for example_dag_decorator to None, run_after=None
[2024-12-19T15:43:38.226+0000] {processor.py:183} INFO - Processing /home/airflow/.local/lib/python3.11/site-packages/airflow/example_dags/example_dag_decorator.py took 0.285 seconds
[2024-12-19T15:44:08.570+0000] {processor.py:161} INFO - Started process (PID=282) to work on /home/airflow/.local/lib/python3.11/site-packages/airflow/example_dags/example_dag_decorator.py
[2024-12-19T15:44:08.571+0000] {processor.py:830} INFO - Processing file /home/airflow/.local/lib/python3.11/site-packages/airflow/example_dags/example_dag_decorator.py for tasks to queue
[2024-12-19T15:44:08.574+0000] {logging_mixin.py:188} INFO - [2024-12-19T15:44:08.574+0000] {dagbag.py:538} INFO - Filling up the DagBag from /home/airflow/.local/lib/python3.11/site-packages/airflow/example_dags/example_dag_decorator.py
[2024-12-19T15:44:08.685+0000] {processor.py:840} INFO - DAG(s) 'example_dag_decorator' retrieved from /home/airflow/.local/lib/python3.11/site-packages/airflow/example_dags/example_dag_decorator.py
[2024-12-19T15:44:08.813+0000] {logging_mixin.py:188} INFO - [2024-12-19T15:44:08.813+0000] {dag.py:3036} INFO - Sync 1 DAGs
[2024-12-19T15:44:08.829+0000] {logging_mixin.py:188} INFO - [2024-12-19T15:44:08.828+0000] {dag.py:3823} INFO - Setting next_dagrun for example_dag_decorator to None, run_after=None
[2024-12-19T15:44:08.853+0000] {processor.py:183} INFO - Processing /home/airflow/.local/lib/python3.11/site-packages/airflow/example_dags/example_dag_decorator.py took 0.289 seconds
[2024-12-19T15:44:39.320+0000] {processor.py:161} INFO - Started process (PID=346) to work on /home/airflow/.local/lib/python3.11/site-packages/airflow/example_dags/example_dag_decorator.py
[2024-12-19T15:44:39.322+0000] {processor.py:830} INFO - Processing file /home/airflow/.local/lib/python3.11/site-packages/airflow/example_dags/example_dag_decorator.py for tasks to queue
[2024-12-19T15:44:39.325+0000] {logging_mixin.py:188} INFO - [2024-12-19T15:44:39.325+0000] {dagbag.py:538} INFO - Filling up the DagBag from /home/airflow/.local/lib/python3.11/site-packages/airflow/example_dags/example_dag_decorator.py
[2024-12-19T15:44:39.452+0000] {processor.py:840} INFO - DAG(s) 'example_dag_decorator' retrieved from /home/airflow/.local/lib/python3.11/site-packages/airflow/example_dags/example_dag_decorator.py
[2024-12-19T15:44:39.598+0000] {logging_mixin.py:188} INFO - [2024-12-19T15:44:39.597+0000] {dag.py:3036} INFO - Sync 1 DAGs
[2024-12-19T15:44:39.615+0000] {logging_mixin.py:188} INFO - [2024-12-19T15:44:39.614+0000] {dag.py:3823} INFO - Setting next_dagrun for example_dag_decorator to None, run_after=None
[2024-12-19T15:44:39.643+0000] {processor.py:183} INFO - Processing /home/airflow/.local/lib/python3.11/site-packages/airflow/example_dags/example_dag_decorator.py took 0.328 seconds
[2024-12-19T15:45:09.757+0000] {processor.py:161} INFO - Started process (PID=410) to work on /home/airflow/.local/lib/python3.11/site-packages/airflow/example_dags/example_dag_decorator.py
[2024-12-19T15:45:09.758+0000] {processor.py:830} INFO - Processing file /home/airflow/.local/lib/python3.11/site-packages/airflow/example_dags/example_dag_decorator.py for tasks to queue
[2024-12-19T15:45:09.761+0000] {logging_mixin.py:188} INFO - [2024-12-19T15:45:09.760+0000] {dagbag.py:538} INFO - Filling up the DagBag from /home/airflow/.local/lib/python3.11/site-packages/airflow/example_dags/example_dag_decorator.py
[2024-12-19T15:45:09.874+0000] {processor.py:840} INFO - DAG(s) 'example_dag_decorator' retrieved from /home/airflow/.local/lib/python3.11/site-packages/airflow/example_dags/example_dag_decorator.py
[2024-12-19T15:45:09.992+0000] {logging_mixin.py:188} INFO - [2024-12-19T15:45:09.992+0000] {dag.py:3036} INFO - Sync 1 DAGs
[2024-12-19T15:45:10.004+0000] {logging_mixin.py:188} INFO - [2024-12-19T15:45:10.004+0000] {dag.py:3823} INFO - Setting next_dagrun for example_dag_decorator to None, run_after=None
[2024-12-19T15:45:10.029+0000] {processor.py:183} INFO - Processing /home/airflow/.local/lib/python3.11/site-packages/airflow/example_dags/example_dag_decorator.py took 0.277 seconds
[2024-12-19T15:45:40.124+0000] {processor.py:161} INFO - Started process (PID=474) to work on /home/airflow/.local/lib/python3.11/site-packages/airflow/example_dags/example_dag_decorator.py
[2024-12-19T15:45:40.125+0000] {processor.py:830} INFO - Processing file /home/airflow/.local/lib/python3.11/site-packages/airflow/example_dags/example_dag_decorator.py for tasks to queue
[2024-12-19T15:45:40.128+0000] {logging_mixin.py:188} INFO - [2024-12-19T15:45:40.128+0000] {dagbag.py:538} INFO - Filling up the DagBag from /home/airflow/.local/lib/python3.11/site-packages/airflow/example_dags/example_dag_decorator.py
[2024-12-19T15:45:40.261+0000] {processor.py:840} INFO - DAG(s) 'example_dag_decorator' retrieved from /home/airflow/.local/lib/python3.11/site-packages/airflow/example_dags/example_dag_decorator.py
[2024-12-19T15:45:40.416+0000] {logging_mixin.py:188} INFO - [2024-12-19T15:45:40.416+0000] {dag.py:3036} INFO - Sync 1 DAGs
[2024-12-19T15:45:40.433+0000] {logging_mixin.py:188} INFO - [2024-12-19T15:45:40.433+0000] {dag.py:3823} INFO - Setting next_dagrun for example_dag_decorator to None, run_after=None
[2024-12-19T15:45:40.470+0000] {processor.py:183} INFO - Processing /home/airflow/.local/lib/python3.11/site-packages/airflow/example_dags/example_dag_decorator.py took 0.351 seconds
[2024-12-19T15:46:11.003+0000] {processor.py:161} INFO - Started process (PID=545) to work on /home/airflow/.local/lib/python3.11/site-packages/airflow/example_dags/example_dag_decorator.py
[2024-12-19T15:46:11.004+0000] {processor.py:830} INFO - Processing file /home/airflow/.local/lib/python3.11/site-packages/airflow/example_dags/example_dag_decorator.py for tasks to queue
[2024-12-19T15:46:11.007+0000] {logging_mixin.py:188} INFO - [2024-12-19T15:46:11.007+0000] {dagbag.py:538} INFO - Filling up the DagBag from /home/airflow/.local/lib/python3.11/site-packages/airflow/example_dags/example_dag_decorator.py
[2024-12-19T15:46:11.140+0000] {processor.py:840} INFO - DAG(s) 'example_dag_decorator' retrieved from /home/airflow/.local/lib/python3.11/site-packages/airflow/example_dags/example_dag_decorator.py
[2024-12-19T15:46:11.316+0000] {logging_mixin.py:188} INFO - [2024-12-19T15:46:11.316+0000] {dag.py:3036} INFO - Sync 1 DAGs
[2024-12-19T15:46:11.329+0000] {logging_mixin.py:188} INFO - [2024-12-19T15:46:11.329+0000] {dag.py:3823} INFO - Setting next_dagrun for example_dag_decorator to None, run_after=None
[2024-12-19T15:46:11.357+0000] {processor.py:183} INFO - Processing /home/airflow/.local/lib/python3.11/site-packages/airflow/example_dags/example_dag_decorator.py took 0.358 seconds
[2024-12-19T15:46:42.217+0000] {processor.py:161} INFO - Started process (PID=609) to work on /home/airflow/.local/lib/python3.11/site-packages/airflow/example_dags/example_dag_decorator.py
[2024-12-19T15:46:42.219+0000] {processor.py:830} INFO - Processing file /home/airflow/.local/lib/python3.11/site-packages/airflow/example_dags/example_dag_decorator.py for tasks to queue
[2024-12-19T15:46:42.221+0000] {logging_mixin.py:188} INFO - [2024-12-19T15:46:42.221+0000] {dagbag.py:538} INFO - Filling up the DagBag from /home/airflow/.local/lib/python3.11/site-packages/airflow/example_dags/example_dag_decorator.py
[2024-12-19T15:46:42.346+0000] {processor.py:840} INFO - DAG(s) 'example_dag_decorator' retrieved from /home/airflow/.local/lib/python3.11/site-packages/airflow/example_dags/example_dag_decorator.py
[2024-12-19T15:46:42.509+0000] {logging_mixin.py:188} INFO - [2024-12-19T15:46:42.509+0000] {dag.py:3036} INFO - Sync 1 DAGs
[2024-12-19T15:46:42.521+0000] {logging_mixin.py:188} INFO - [2024-12-19T15:46:42.521+0000] {dag.py:3823} INFO - Setting next_dagrun for example_dag_decorator to None, run_after=None
[2024-12-19T15:46:42.542+0000] {processor.py:183} INFO - Processing /home/airflow/.local/lib/python3.11/site-packages/airflow/example_dags/example_dag_decorator.py took 0.330 seconds
[2024-12-19T15:47:13.123+0000] {processor.py:161} INFO - Started process (PID=673) to work on /home/airflow/.local/lib/python3.11/site-packages/airflow/example_dags/example_dag_decorator.py
[2024-12-19T15:47:13.124+0000] {processor.py:830} INFO - Processing file /home/airflow/.local/lib/python3.11/site-packages/airflow/example_dags/example_dag_decorator.py for tasks to queue
[2024-12-19T15:47:13.127+0000] {logging_mixin.py:188} INFO - [2024-12-19T15:47:13.126+0000] {dagbag.py:538} INFO - Filling up the DagBag from /home/airflow/.local/lib/python3.11/site-packages/airflow/example_dags/example_dag_decorator.py
[2024-12-19T15:47:13.253+0000] {processor.py:840} INFO - DAG(s) 'example_dag_decorator' retrieved from /home/airflow/.local/lib/python3.11/site-packages/airflow/example_dags/example_dag_decorator.py
[2024-12-19T15:47:13.385+0000] {logging_mixin.py:188} INFO - [2024-12-19T15:47:13.385+0000] {dag.py:3036} INFO - Sync 1 DAGs
[2024-12-19T15:47:13.400+0000] {logging_mixin.py:188} INFO - [2024-12-19T15:47:13.399+0000] {dag.py:3823} INFO - Setting next_dagrun for example_dag_decorator to None, run_after=None
[2024-12-19T15:47:13.427+0000] {processor.py:183} INFO - Processing /home/airflow/.local/lib/python3.11/site-packages/airflow/example_dags/example_dag_decorator.py took 0.309 seconds
[2024-12-19T15:47:44.270+0000] {processor.py:161} INFO - Started process (PID=757) to work on /home/airflow/.local/lib/python3.11/site-packages/airflow/example_dags/example_dag_decorator.py
[2024-12-19T15:47:44.272+0000] {processor.py:830} INFO - Processing file /home/airflow/.local/lib/python3.11/site-packages/airflow/example_dags/example_dag_decorator.py for tasks to queue
[2024-12-19T15:47:44.276+0000] {logging_mixin.py:188} INFO - [2024-12-19T15:47:44.275+0000] {dagbag.py:538} INFO - Filling up the DagBag from /home/airflow/.local/lib/python3.11/site-packages/airflow/example_dags/example_dag_decorator.py
[2024-12-19T15:47:44.402+0000] {processor.py:840} INFO - DAG(s) 'example_dag_decorator' retrieved from /home/airflow/.local/lib/python3.11/site-packages/airflow/example_dags/example_dag_decorator.py
[2024-12-19T15:47:44.620+0000] {logging_mixin.py:188} INFO - [2024-12-19T15:47:44.620+0000] {dag.py:3036} INFO - Sync 1 DAGs
[2024-12-19T15:47:44.640+0000] {logging_mixin.py:188} INFO - [2024-12-19T15:47:44.640+0000] {dag.py:3823} INFO - Setting next_dagrun for example_dag_decorator to None, run_after=None
[2024-12-19T15:47:44.682+0000] {processor.py:183} INFO - Processing /home/airflow/.local/lib/python3.11/site-packages/airflow/example_dags/example_dag_decorator.py took 0.421 seconds
[2024-12-19T15:48:15.432+0000] {processor.py:161} INFO - Started process (PID=830) to work on /home/airflow/.local/lib/python3.11/site-packages/airflow/example_dags/example_dag_decorator.py
[2024-12-19T15:48:15.434+0000] {processor.py:830} INFO - Processing file /home/airflow/.local/lib/python3.11/site-packages/airflow/example_dags/example_dag_decorator.py for tasks to queue
[2024-12-19T15:48:15.438+0000] {logging_mixin.py:188} INFO - [2024-12-19T15:48:15.437+0000] {dagbag.py:538} INFO - Filling up the DagBag from /home/airflow/.local/lib/python3.11/site-packages/airflow/example_dags/example_dag_decorator.py
[2024-12-19T15:48:15.615+0000] {processor.py:840} INFO - DAG(s) 'example_dag_decorator' retrieved from /home/airflow/.local/lib/python3.11/site-packages/airflow/example_dags/example_dag_decorator.py
[2024-12-19T15:48:15.786+0000] {logging_mixin.py:188} INFO - [2024-12-19T15:48:15.785+0000] {dag.py:3036} INFO - Sync 1 DAGs
[2024-12-19T15:48:15.803+0000] {logging_mixin.py:188} INFO - [2024-12-19T15:48:15.803+0000] {dag.py:3823} INFO - Setting next_dagrun for example_dag_decorator to None, run_after=None
[2024-12-19T15:48:15.852+0000] {processor.py:183} INFO - Processing /home/airflow/.local/lib/python3.11/site-packages/airflow/example_dags/example_dag_decorator.py took 0.426 seconds
[2024-12-19T15:48:46.504+0000] {processor.py:161} INFO - Started process (PID=901) to work on /home/airflow/.local/lib/python3.11/site-packages/airflow/example_dags/example_dag_decorator.py
[2024-12-19T15:48:46.506+0000] {processor.py:830} INFO - Processing file /home/airflow/.local/lib/python3.11/site-packages/airflow/example_dags/example_dag_decorator.py for tasks to queue
[2024-12-19T15:48:46.510+0000] {logging_mixin.py:188} INFO - [2024-12-19T15:48:46.510+0000] {dagbag.py:538} INFO - Filling up the DagBag from /home/airflow/.local/lib/python3.11/site-packages/airflow/example_dags/example_dag_decorator.py
[2024-12-19T15:48:46.638+0000] {processor.py:840} INFO - DAG(s) 'example_dag_decorator' retrieved from /home/airflow/.local/lib/python3.11/site-packages/airflow/example_dags/example_dag_decorator.py
[2024-12-19T15:48:46.769+0000] {logging_mixin.py:188} INFO - [2024-12-19T15:48:46.768+0000] {dag.py:3036} INFO - Sync 1 DAGs
[2024-12-19T15:48:46.782+0000] {logging_mixin.py:188} INFO - [2024-12-19T15:48:46.782+0000] {dag.py:3823} INFO - Setting next_dagrun for example_dag_decorator to None, run_after=None
[2024-12-19T15:48:46.809+0000] {processor.py:183} INFO - Processing /home/airflow/.local/lib/python3.11/site-packages/airflow/example_dags/example_dag_decorator.py took 0.311 seconds
[2024-12-19T15:49:17.205+0000] {processor.py:161} INFO - Started process (PID=967) to work on /home/airflow/.local/lib/python3.11/site-packages/airflow/example_dags/example_dag_decorator.py
[2024-12-19T15:49:17.206+0000] {processor.py:830} INFO - Processing file /home/airflow/.local/lib/python3.11/site-packages/airflow/example_dags/example_dag_decorator.py for tasks to queue
[2024-12-19T15:49:17.209+0000] {logging_mixin.py:188} INFO - [2024-12-19T15:49:17.208+0000] {dagbag.py:538} INFO - Filling up the DagBag from /home/airflow/.local/lib/python3.11/site-packages/airflow/example_dags/example_dag_decorator.py
[2024-12-19T15:49:17.321+0000] {processor.py:840} INFO - DAG(s) 'example_dag_decorator' retrieved from /home/airflow/.local/lib/python3.11/site-packages/airflow/example_dags/example_dag_decorator.py
[2024-12-19T15:49:17.478+0000] {logging_mixin.py:188} INFO - [2024-12-19T15:49:17.478+0000] {dag.py:3036} INFO - Sync 1 DAGs
[2024-12-19T15:49:17.499+0000] {logging_mixin.py:188} INFO - [2024-12-19T15:49:17.498+0000] {dag.py:3823} INFO - Setting next_dagrun for example_dag_decorator to None, run_after=None
[2024-12-19T15:49:17.543+0000] {processor.py:183} INFO - Processing /home/airflow/.local/lib/python3.11/site-packages/airflow/example_dags/example_dag_decorator.py took 0.342 seconds
[2024-12-19T15:49:47.615+0000] {processor.py:161} INFO - Started process (PID=1040) to work on /home/airflow/.local/lib/python3.11/site-packages/airflow/example_dags/example_dag_decorator.py
[2024-12-19T15:49:47.616+0000] {processor.py:830} INFO - Processing file /home/airflow/.local/lib/python3.11/site-packages/airflow/example_dags/example_dag_decorator.py for tasks to queue
[2024-12-19T15:49:47.619+0000] {logging_mixin.py:188} INFO - [2024-12-19T15:49:47.619+0000] {dagbag.py:538} INFO - Filling up the DagBag from /home/airflow/.local/lib/python3.11/site-packages/airflow/example_dags/example_dag_decorator.py
[2024-12-19T15:49:47.739+0000] {processor.py:840} INFO - DAG(s) 'example_dag_decorator' retrieved from /home/airflow/.local/lib/python3.11/site-packages/airflow/example_dags/example_dag_decorator.py
[2024-12-19T15:49:47.885+0000] {logging_mixin.py:188} INFO - [2024-12-19T15:49:47.884+0000] {dag.py:3036} INFO - Sync 1 DAGs
[2024-12-19T15:49:47.900+0000] {logging_mixin.py:188} INFO - [2024-12-19T15:49:47.900+0000] {dag.py:3823} INFO - Setting next_dagrun for example_dag_decorator to None, run_after=None
[2024-12-19T15:49:47.929+0000] {processor.py:183} INFO - Processing /home/airflow/.local/lib/python3.11/site-packages/airflow/example_dags/example_dag_decorator.py took 0.318 seconds
[2024-12-19T15:50:18.133+0000] {processor.py:161} INFO - Started process (PID=1106) to work on /home/airflow/.local/lib/python3.11/site-packages/airflow/example_dags/example_dag_decorator.py
[2024-12-19T15:50:18.134+0000] {processor.py:830} INFO - Processing file /home/airflow/.local/lib/python3.11/site-packages/airflow/example_dags/example_dag_decorator.py for tasks to queue
[2024-12-19T15:50:18.137+0000] {logging_mixin.py:188} INFO - [2024-12-19T15:50:18.137+0000] {dagbag.py:538} INFO - Filling up the DagBag from /home/airflow/.local/lib/python3.11/site-packages/airflow/example_dags/example_dag_decorator.py
[2024-12-19T15:50:18.266+0000] {processor.py:840} INFO - DAG(s) 'example_dag_decorator' retrieved from /home/airflow/.local/lib/python3.11/site-packages/airflow/example_dags/example_dag_decorator.py
[2024-12-19T15:50:18.390+0000] {logging_mixin.py:188} INFO - [2024-12-19T15:50:18.390+0000] {dag.py:3036} INFO - Sync 1 DAGs
[2024-12-19T15:50:18.403+0000] {logging_mixin.py:188} INFO - [2024-12-19T15:50:18.403+0000] {dag.py:3823} INFO - Setting next_dagrun for example_dag_decorator to None, run_after=None
[2024-12-19T15:50:18.430+0000] {processor.py:183} INFO - Processing /home/airflow/.local/lib/python3.11/site-packages/airflow/example_dags/example_dag_decorator.py took 0.302 seconds
[2024-12-19T15:50:48.596+0000] {processor.py:161} INFO - Started process (PID=1168) to work on /home/airflow/.local/lib/python3.11/site-packages/airflow/example_dags/example_dag_decorator.py
[2024-12-19T15:50:48.598+0000] {processor.py:830} INFO - Processing file /home/airflow/.local/lib/python3.11/site-packages/airflow/example_dags/example_dag_decorator.py for tasks to queue
[2024-12-19T15:50:48.601+0000] {logging_mixin.py:188} INFO - [2024-12-19T15:50:48.600+0000] {dagbag.py:538} INFO - Filling up the DagBag from /home/airflow/.local/lib/python3.11/site-packages/airflow/example_dags/example_dag_decorator.py
[2024-12-19T15:50:48.715+0000] {processor.py:840} INFO - DAG(s) 'example_dag_decorator' retrieved from /home/airflow/.local/lib/python3.11/site-packages/airflow/example_dags/example_dag_decorator.py
[2024-12-19T15:50:48.844+0000] {logging_mixin.py:188} INFO - [2024-12-19T15:50:48.844+0000] {dag.py:3036} INFO - Sync 1 DAGs
[2024-12-19T15:50:48.856+0000] {logging_mixin.py:188} INFO - [2024-12-19T15:50:48.855+0000] {dag.py:3823} INFO - Setting next_dagrun for example_dag_decorator to None, run_after=None
[2024-12-19T15:50:48.877+0000] {processor.py:183} INFO - Processing /home/airflow/.local/lib/python3.11/site-packages/airflow/example_dags/example_dag_decorator.py took 0.285 seconds
[2024-12-19T15:51:19.017+0000] {processor.py:161} INFO - Started process (PID=1232) to work on /home/airflow/.local/lib/python3.11/site-packages/airflow/example_dags/example_dag_decorator.py
[2024-12-19T15:51:19.019+0000] {processor.py:830} INFO - Processing file /home/airflow/.local/lib/python3.11/site-packages/airflow/example_dags/example_dag_decorator.py for tasks to queue
[2024-12-19T15:51:19.021+0000] {logging_mixin.py:188} INFO - [2024-12-19T15:51:19.021+0000] {dagbag.py:538} INFO - Filling up the DagBag from /home/airflow/.local/lib/python3.11/site-packages/airflow/example_dags/example_dag_decorator.py
[2024-12-19T15:51:19.137+0000] {processor.py:840} INFO - DAG(s) 'example_dag_decorator' retrieved from /home/airflow/.local/lib/python3.11/site-packages/airflow/example_dags/example_dag_decorator.py
[2024-12-19T15:51:19.268+0000] {logging_mixin.py:188} INFO - [2024-12-19T15:51:19.267+0000] {dag.py:3036} INFO - Sync 1 DAGs
[2024-12-19T15:51:19.285+0000] {logging_mixin.py:188} INFO - [2024-12-19T15:51:19.284+0000] {dag.py:3823} INFO - Setting next_dagrun for example_dag_decorator to None, run_after=None
[2024-12-19T15:51:19.313+0000] {processor.py:183} INFO - Processing /home/airflow/.local/lib/python3.11/site-packages/airflow/example_dags/example_dag_decorator.py took 0.301 seconds
[2024-12-19T15:53:50.324+0000] {processor.py:161} INFO - Started process (PID=147) to work on /home/airflow/.local/lib/python3.11/site-packages/airflow/example_dags/example_dag_decorator.py
[2024-12-19T15:53:50.326+0000] {processor.py:830} INFO - Processing file /home/airflow/.local/lib/python3.11/site-packages/airflow/example_dags/example_dag_decorator.py for tasks to queue
[2024-12-19T15:53:50.329+0000] {logging_mixin.py:188} INFO - [2024-12-19T15:53:50.328+0000] {dagbag.py:538} INFO - Filling up the DagBag from /home/airflow/.local/lib/python3.11/site-packages/airflow/example_dags/example_dag_decorator.py
[2024-12-19T15:53:50.487+0000] {processor.py:840} INFO - DAG(s) 'example_dag_decorator' retrieved from /home/airflow/.local/lib/python3.11/site-packages/airflow/example_dags/example_dag_decorator.py
[2024-12-19T15:53:50.658+0000] {logging_mixin.py:188} INFO - [2024-12-19T15:53:50.658+0000] {dag.py:3036} INFO - Sync 1 DAGs
[2024-12-19T15:53:50.671+0000] {logging_mixin.py:188} INFO - [2024-12-19T15:53:50.670+0000] {dag.py:3823} INFO - Setting next_dagrun for example_dag_decorator to None, run_after=None
[2024-12-19T15:53:50.701+0000] {processor.py:183} INFO - Processing /home/airflow/.local/lib/python3.11/site-packages/airflow/example_dags/example_dag_decorator.py took 0.381 seconds
[2024-12-19T15:54:21.013+0000] {processor.py:161} INFO - Started process (PID=211) to work on /home/airflow/.local/lib/python3.11/site-packages/airflow/example_dags/example_dag_decorator.py
[2024-12-19T15:54:21.015+0000] {processor.py:830} INFO - Processing file /home/airflow/.local/lib/python3.11/site-packages/airflow/example_dags/example_dag_decorator.py for tasks to queue
[2024-12-19T15:54:21.018+0000] {logging_mixin.py:188} INFO - [2024-12-19T15:54:21.018+0000] {dagbag.py:538} INFO - Filling up the DagBag from /home/airflow/.local/lib/python3.11/site-packages/airflow/example_dags/example_dag_decorator.py
[2024-12-19T15:54:21.153+0000] {processor.py:840} INFO - DAG(s) 'example_dag_decorator' retrieved from /home/airflow/.local/lib/python3.11/site-packages/airflow/example_dags/example_dag_decorator.py
[2024-12-19T15:54:21.297+0000] {logging_mixin.py:188} INFO - [2024-12-19T15:54:21.296+0000] {dag.py:3036} INFO - Sync 1 DAGs
[2024-12-19T15:54:21.313+0000] {logging_mixin.py:188} INFO - [2024-12-19T15:54:21.313+0000] {dag.py:3823} INFO - Setting next_dagrun for example_dag_decorator to None, run_after=None
[2024-12-19T15:54:21.337+0000] {processor.py:183} INFO - Processing /home/airflow/.local/lib/python3.11/site-packages/airflow/example_dags/example_dag_decorator.py took 0.336 seconds
[2024-12-19T15:54:51.987+0000] {processor.py:161} INFO - Started process (PID=282) to work on /home/airflow/.local/lib/python3.11/site-packages/airflow/example_dags/example_dag_decorator.py
[2024-12-19T15:54:51.988+0000] {processor.py:830} INFO - Processing file /home/airflow/.local/lib/python3.11/site-packages/airflow/example_dags/example_dag_decorator.py for tasks to queue
[2024-12-19T15:54:51.991+0000] {logging_mixin.py:188} INFO - [2024-12-19T15:54:51.991+0000] {dagbag.py:538} INFO - Filling up the DagBag from /home/airflow/.local/lib/python3.11/site-packages/airflow/example_dags/example_dag_decorator.py
[2024-12-19T15:54:52.134+0000] {processor.py:840} INFO - DAG(s) 'example_dag_decorator' retrieved from /home/airflow/.local/lib/python3.11/site-packages/airflow/example_dags/example_dag_decorator.py
[2024-12-19T15:54:52.163+0000] {logging_mixin.py:188} INFO - [2024-12-19T15:54:52.163+0000] {dag.py:3036} INFO - Sync 1 DAGs
[2024-12-19T15:54:52.178+0000] {logging_mixin.py:188} INFO - [2024-12-19T15:54:52.178+0000] {dag.py:3823} INFO - Setting next_dagrun for example_dag_decorator to None, run_after=None
[2024-12-19T15:54:52.210+0000] {processor.py:183} INFO - Processing /home/airflow/.local/lib/python3.11/site-packages/airflow/example_dags/example_dag_decorator.py took 0.228 seconds
[2024-12-19T15:55:22.927+0000] {processor.py:161} INFO - Started process (PID=347) to work on /home/airflow/.local/lib/python3.11/site-packages/airflow/example_dags/example_dag_decorator.py
[2024-12-19T15:55:22.929+0000] {processor.py:830} INFO - Processing file /home/airflow/.local/lib/python3.11/site-packages/airflow/example_dags/example_dag_decorator.py for tasks to queue
[2024-12-19T15:55:22.932+0000] {logging_mixin.py:188} INFO - [2024-12-19T15:55:22.931+0000] {dagbag.py:538} INFO - Filling up the DagBag from /home/airflow/.local/lib/python3.11/site-packages/airflow/example_dags/example_dag_decorator.py
[2024-12-19T15:55:23.059+0000] {processor.py:840} INFO - DAG(s) 'example_dag_decorator' retrieved from /home/airflow/.local/lib/python3.11/site-packages/airflow/example_dags/example_dag_decorator.py
[2024-12-19T15:55:23.198+0000] {logging_mixin.py:188} INFO - [2024-12-19T15:55:23.198+0000] {dag.py:3036} INFO - Sync 1 DAGs
[2024-12-19T15:55:23.213+0000] {logging_mixin.py:188} INFO - [2024-12-19T15:55:23.212+0000] {dag.py:3823} INFO - Setting next_dagrun for example_dag_decorator to None, run_after=None
[2024-12-19T15:55:23.241+0000] {processor.py:183} INFO - Processing /home/airflow/.local/lib/python3.11/site-packages/airflow/example_dags/example_dag_decorator.py took 0.318 seconds
[2024-12-19T18:55:59.128+0000] {processor.py:161} INFO - Started process (PID=417) to work on /home/airflow/.local/lib/python3.11/site-packages/airflow/example_dags/example_dag_decorator.py
[2024-12-19T18:55:59.130+0000] {processor.py:830} INFO - Processing file /home/airflow/.local/lib/python3.11/site-packages/airflow/example_dags/example_dag_decorator.py for tasks to queue
[2024-12-19T18:55:59.133+0000] {logging_mixin.py:188} INFO - [2024-12-19T18:55:59.133+0000] {dagbag.py:538} INFO - Filling up the DagBag from /home/airflow/.local/lib/python3.11/site-packages/airflow/example_dags/example_dag_decorator.py
[2024-12-19T18:55:59.316+0000] {processor.py:840} INFO - DAG(s) 'example_dag_decorator' retrieved from /home/airflow/.local/lib/python3.11/site-packages/airflow/example_dags/example_dag_decorator.py
[2024-12-19T18:55:59.491+0000] {logging_mixin.py:188} INFO - [2024-12-19T18:55:59.491+0000] {dag.py:3036} INFO - Sync 1 DAGs
[2024-12-19T18:55:59.506+0000] {logging_mixin.py:188} INFO - [2024-12-19T18:55:59.506+0000] {dag.py:3823} INFO - Setting next_dagrun for example_dag_decorator to None, run_after=None
[2024-12-19T18:55:59.538+0000] {processor.py:183} INFO - Processing /home/airflow/.local/lib/python3.11/site-packages/airflow/example_dags/example_dag_decorator.py took 0.416 seconds
[2024-12-19T23:38:13.426+0000] {processor.py:161} INFO - Started process (PID=492) to work on /home/airflow/.local/lib/python3.11/site-packages/airflow/example_dags/example_dag_decorator.py
[2024-12-19T23:38:13.428+0000] {processor.py:830} INFO - Processing file /home/airflow/.local/lib/python3.11/site-packages/airflow/example_dags/example_dag_decorator.py for tasks to queue
[2024-12-19T23:38:13.433+0000] {logging_mixin.py:188} INFO - [2024-12-19T23:38:13.432+0000] {dagbag.py:538} INFO - Filling up the DagBag from /home/airflow/.local/lib/python3.11/site-packages/airflow/example_dags/example_dag_decorator.py
[2024-12-19T23:38:13.610+0000] {processor.py:840} INFO - DAG(s) 'example_dag_decorator' retrieved from /home/airflow/.local/lib/python3.11/site-packages/airflow/example_dags/example_dag_decorator.py
[2024-12-19T23:38:13.826+0000] {logging_mixin.py:188} INFO - [2024-12-19T23:38:13.825+0000] {dag.py:3036} INFO - Sync 1 DAGs
[2024-12-19T23:38:13.846+0000] {logging_mixin.py:188} INFO - [2024-12-19T23:38:13.845+0000] {dag.py:3823} INFO - Setting next_dagrun for example_dag_decorator to None, run_after=None
[2024-12-19T23:38:13.880+0000] {processor.py:183} INFO - Processing /home/airflow/.local/lib/python3.11/site-packages/airflow/example_dags/example_dag_decorator.py took 0.460 seconds
[2024-12-19T23:38:44.482+0000] {processor.py:161} INFO - Started process (PID=558) to work on /home/airflow/.local/lib/python3.11/site-packages/airflow/example_dags/example_dag_decorator.py
[2024-12-19T23:38:44.483+0000] {processor.py:830} INFO - Processing file /home/airflow/.local/lib/python3.11/site-packages/airflow/example_dags/example_dag_decorator.py for tasks to queue
[2024-12-19T23:38:44.486+0000] {logging_mixin.py:188} INFO - [2024-12-19T23:38:44.485+0000] {dagbag.py:538} INFO - Filling up the DagBag from /home/airflow/.local/lib/python3.11/site-packages/airflow/example_dags/example_dag_decorator.py
[2024-12-19T23:38:44.603+0000] {processor.py:840} INFO - DAG(s) 'example_dag_decorator' retrieved from /home/airflow/.local/lib/python3.11/site-packages/airflow/example_dags/example_dag_decorator.py
[2024-12-19T23:38:44.748+0000] {logging_mixin.py:188} INFO - [2024-12-19T23:38:44.748+0000] {dag.py:3036} INFO - Sync 1 DAGs
[2024-12-19T23:38:44.761+0000] {logging_mixin.py:188} INFO - [2024-12-19T23:38:44.761+0000] {dag.py:3823} INFO - Setting next_dagrun for example_dag_decorator to None, run_after=None
[2024-12-19T23:38:44.789+0000] {processor.py:183} INFO - Processing /home/airflow/.local/lib/python3.11/site-packages/airflow/example_dags/example_dag_decorator.py took 0.311 seconds
[2024-12-19T23:39:14.832+0000] {processor.py:161} INFO - Started process (PID=623) to work on /home/airflow/.local/lib/python3.11/site-packages/airflow/example_dags/example_dag_decorator.py
[2024-12-19T23:39:14.833+0000] {processor.py:830} INFO - Processing file /home/airflow/.local/lib/python3.11/site-packages/airflow/example_dags/example_dag_decorator.py for tasks to queue
[2024-12-19T23:39:14.836+0000] {logging_mixin.py:188} INFO - [2024-12-19T23:39:14.835+0000] {dagbag.py:538} INFO - Filling up the DagBag from /home/airflow/.local/lib/python3.11/site-packages/airflow/example_dags/example_dag_decorator.py
[2024-12-19T23:39:14.962+0000] {processor.py:840} INFO - DAG(s) 'example_dag_decorator' retrieved from /home/airflow/.local/lib/python3.11/site-packages/airflow/example_dags/example_dag_decorator.py
[2024-12-19T23:39:15.091+0000] {logging_mixin.py:188} INFO - [2024-12-19T23:39:15.091+0000] {dag.py:3036} INFO - Sync 1 DAGs
[2024-12-19T23:39:15.103+0000] {logging_mixin.py:188} INFO - [2024-12-19T23:39:15.103+0000] {dag.py:3823} INFO - Setting next_dagrun for example_dag_decorator to None, run_after=None
[2024-12-19T23:39:15.130+0000] {processor.py:183} INFO - Processing /home/airflow/.local/lib/python3.11/site-packages/airflow/example_dags/example_dag_decorator.py took 0.302 seconds
[2024-12-19T23:39:45.645+0000] {processor.py:161} INFO - Started process (PID=696) to work on /home/airflow/.local/lib/python3.11/site-packages/airflow/example_dags/example_dag_decorator.py
[2024-12-19T23:39:45.648+0000] {processor.py:830} INFO - Processing file /home/airflow/.local/lib/python3.11/site-packages/airflow/example_dags/example_dag_decorator.py for tasks to queue
[2024-12-19T23:39:45.652+0000] {logging_mixin.py:188} INFO - [2024-12-19T23:39:45.652+0000] {dagbag.py:538} INFO - Filling up the DagBag from /home/airflow/.local/lib/python3.11/site-packages/airflow/example_dags/example_dag_decorator.py
[2024-12-19T23:39:45.822+0000] {processor.py:840} INFO - DAG(s) 'example_dag_decorator' retrieved from /home/airflow/.local/lib/python3.11/site-packages/airflow/example_dags/example_dag_decorator.py
[2024-12-19T23:39:45.974+0000] {logging_mixin.py:188} INFO - [2024-12-19T23:39:45.973+0000] {dag.py:3036} INFO - Sync 1 DAGs
[2024-12-19T23:39:45.991+0000] {logging_mixin.py:188} INFO - [2024-12-19T23:39:45.990+0000] {dag.py:3823} INFO - Setting next_dagrun for example_dag_decorator to None, run_after=None
[2024-12-19T23:39:46.024+0000] {processor.py:183} INFO - Processing /home/airflow/.local/lib/python3.11/site-packages/airflow/example_dags/example_dag_decorator.py took 0.386 seconds
[2024-12-19T23:40:16.907+0000] {processor.py:161} INFO - Started process (PID=769) to work on /home/airflow/.local/lib/python3.11/site-packages/airflow/example_dags/example_dag_decorator.py
[2024-12-19T23:40:16.909+0000] {processor.py:830} INFO - Processing file /home/airflow/.local/lib/python3.11/site-packages/airflow/example_dags/example_dag_decorator.py for tasks to queue
[2024-12-19T23:40:16.913+0000] {logging_mixin.py:188} INFO - [2024-12-19T23:40:16.912+0000] {dagbag.py:538} INFO - Filling up the DagBag from /home/airflow/.local/lib/python3.11/site-packages/airflow/example_dags/example_dag_decorator.py
[2024-12-19T23:40:17.025+0000] {processor.py:840} INFO - DAG(s) 'example_dag_decorator' retrieved from /home/airflow/.local/lib/python3.11/site-packages/airflow/example_dags/example_dag_decorator.py
[2024-12-19T23:40:17.141+0000] {logging_mixin.py:188} INFO - [2024-12-19T23:40:17.141+0000] {dag.py:3036} INFO - Sync 1 DAGs
[2024-12-19T23:40:17.153+0000] {logging_mixin.py:188} INFO - [2024-12-19T23:40:17.152+0000] {dag.py:3823} INFO - Setting next_dagrun for example_dag_decorator to None, run_after=None
[2024-12-19T23:40:17.177+0000] {processor.py:183} INFO - Processing /home/airflow/.local/lib/python3.11/site-packages/airflow/example_dags/example_dag_decorator.py took 0.276 seconds
[2024-12-19T23:40:47.522+0000] {processor.py:161} INFO - Started process (PID=842) to work on /home/airflow/.local/lib/python3.11/site-packages/airflow/example_dags/example_dag_decorator.py
[2024-12-19T23:40:47.523+0000] {processor.py:830} INFO - Processing file /home/airflow/.local/lib/python3.11/site-packages/airflow/example_dags/example_dag_decorator.py for tasks to queue
[2024-12-19T23:40:47.526+0000] {logging_mixin.py:188} INFO - [2024-12-19T23:40:47.526+0000] {dagbag.py:538} INFO - Filling up the DagBag from /home/airflow/.local/lib/python3.11/site-packages/airflow/example_dags/example_dag_decorator.py
[2024-12-19T23:40:47.659+0000] {processor.py:840} INFO - DAG(s) 'example_dag_decorator' retrieved from /home/airflow/.local/lib/python3.11/site-packages/airflow/example_dags/example_dag_decorator.py
[2024-12-19T23:40:47.801+0000] {logging_mixin.py:188} INFO - [2024-12-19T23:40:47.800+0000] {dag.py:3036} INFO - Sync 1 DAGs
[2024-12-19T23:40:47.812+0000] {logging_mixin.py:188} INFO - [2024-12-19T23:40:47.812+0000] {dag.py:3823} INFO - Setting next_dagrun for example_dag_decorator to None, run_after=None
[2024-12-19T23:40:47.845+0000] {processor.py:183} INFO - Processing /home/airflow/.local/lib/python3.11/site-packages/airflow/example_dags/example_dag_decorator.py took 0.328 seconds
[2024-12-19T23:45:58.630+0000] {processor.py:161} INFO - Started process (PID=103) to work on /home/airflow/.local/lib/python3.11/site-packages/airflow/example_dags/example_dag_decorator.py
[2024-12-19T23:45:58.631+0000] {processor.py:830} INFO - Processing file /home/airflow/.local/lib/python3.11/site-packages/airflow/example_dags/example_dag_decorator.py for tasks to queue
[2024-12-19T23:45:58.634+0000] {logging_mixin.py:188} INFO - [2024-12-19T23:45:58.633+0000] {dagbag.py:538} INFO - Filling up the DagBag from /home/airflow/.local/lib/python3.11/site-packages/airflow/example_dags/example_dag_decorator.py
[2024-12-19T23:45:58.746+0000] {processor.py:840} INFO - DAG(s) 'example_dag_decorator' retrieved from /home/airflow/.local/lib/python3.11/site-packages/airflow/example_dags/example_dag_decorator.py
[2024-12-19T23:45:58.760+0000] {logging_mixin.py:188} INFO - [2024-12-19T23:45:58.759+0000] {dag.py:3036} INFO - Sync 1 DAGs
[2024-12-19T23:45:58.774+0000] {logging_mixin.py:188} INFO - [2024-12-19T23:45:58.774+0000] {dag.py:3823} INFO - Setting next_dagrun for example_dag_decorator to None, run_after=None
[2024-12-19T23:45:58.797+0000] {processor.py:183} INFO - Processing /home/airflow/.local/lib/python3.11/site-packages/airflow/example_dags/example_dag_decorator.py took 0.172 seconds
[2024-12-19T23:46:29.759+0000] {processor.py:161} INFO - Started process (PID=175) to work on /home/airflow/.local/lib/python3.11/site-packages/airflow/example_dags/example_dag_decorator.py
[2024-12-19T23:46:29.760+0000] {processor.py:830} INFO - Processing file /home/airflow/.local/lib/python3.11/site-packages/airflow/example_dags/example_dag_decorator.py for tasks to queue
[2024-12-19T23:46:29.762+0000] {logging_mixin.py:188} INFO - [2024-12-19T23:46:29.762+0000] {dagbag.py:538} INFO - Filling up the DagBag from /home/airflow/.local/lib/python3.11/site-packages/airflow/example_dags/example_dag_decorator.py
[2024-12-19T23:46:29.869+0000] {processor.py:840} INFO - DAG(s) 'example_dag_decorator' retrieved from /home/airflow/.local/lib/python3.11/site-packages/airflow/example_dags/example_dag_decorator.py
[2024-12-19T23:46:30.009+0000] {logging_mixin.py:188} INFO - [2024-12-19T23:46:30.009+0000] {dag.py:3036} INFO - Sync 1 DAGs
[2024-12-19T23:46:30.026+0000] {logging_mixin.py:188} INFO - [2024-12-19T23:46:30.025+0000] {dag.py:3823} INFO - Setting next_dagrun for example_dag_decorator to None, run_after=None
[2024-12-19T23:46:30.056+0000] {processor.py:183} INFO - Processing /home/airflow/.local/lib/python3.11/site-packages/airflow/example_dags/example_dag_decorator.py took 0.300 seconds
[2024-12-19T23:47:00.240+0000] {processor.py:161} INFO - Started process (PID=245) to work on /home/airflow/.local/lib/python3.11/site-packages/airflow/example_dags/example_dag_decorator.py
[2024-12-19T23:47:00.242+0000] {processor.py:830} INFO - Processing file /home/airflow/.local/lib/python3.11/site-packages/airflow/example_dags/example_dag_decorator.py for tasks to queue
[2024-12-19T23:47:00.245+0000] {logging_mixin.py:188} INFO - [2024-12-19T23:47:00.245+0000] {dagbag.py:538} INFO - Filling up the DagBag from /home/airflow/.local/lib/python3.11/site-packages/airflow/example_dags/example_dag_decorator.py
[2024-12-19T23:47:00.381+0000] {processor.py:840} INFO - DAG(s) 'example_dag_decorator' retrieved from /home/airflow/.local/lib/python3.11/site-packages/airflow/example_dags/example_dag_decorator.py
[2024-12-19T23:47:00.488+0000] {logging_mixin.py:188} INFO - [2024-12-19T23:47:00.488+0000] {dag.py:3036} INFO - Sync 1 DAGs
[2024-12-19T23:47:00.502+0000] {logging_mixin.py:188} INFO - [2024-12-19T23:47:00.501+0000] {dag.py:3823} INFO - Setting next_dagrun for example_dag_decorator to None, run_after=None
[2024-12-19T23:47:00.539+0000] {processor.py:183} INFO - Processing /home/airflow/.local/lib/python3.11/site-packages/airflow/example_dags/example_dag_decorator.py took 0.305 seconds
[2024-12-19T23:47:30.647+0000] {processor.py:161} INFO - Started process (PID=317) to work on /home/airflow/.local/lib/python3.11/site-packages/airflow/example_dags/example_dag_decorator.py
[2024-12-19T23:47:30.649+0000] {processor.py:830} INFO - Processing file /home/airflow/.local/lib/python3.11/site-packages/airflow/example_dags/example_dag_decorator.py for tasks to queue
[2024-12-19T23:47:30.651+0000] {logging_mixin.py:188} INFO - [2024-12-19T23:47:30.651+0000] {dagbag.py:538} INFO - Filling up the DagBag from /home/airflow/.local/lib/python3.11/site-packages/airflow/example_dags/example_dag_decorator.py
[2024-12-19T23:47:30.773+0000] {processor.py:840} INFO - DAG(s) 'example_dag_decorator' retrieved from /home/airflow/.local/lib/python3.11/site-packages/airflow/example_dags/example_dag_decorator.py
[2024-12-19T23:47:30.907+0000] {logging_mixin.py:188} INFO - [2024-12-19T23:47:30.907+0000] {dag.py:3036} INFO - Sync 1 DAGs
[2024-12-19T23:47:30.921+0000] {logging_mixin.py:188} INFO - [2024-12-19T23:47:30.921+0000] {dag.py:3823} INFO - Setting next_dagrun for example_dag_decorator to None, run_after=None
[2024-12-19T23:47:30.951+0000] {processor.py:183} INFO - Processing /home/airflow/.local/lib/python3.11/site-packages/airflow/example_dags/example_dag_decorator.py took 0.307 seconds
[2024-12-19T23:48:01.302+0000] {processor.py:161} INFO - Started process (PID=389) to work on /home/airflow/.local/lib/python3.11/site-packages/airflow/example_dags/example_dag_decorator.py
[2024-12-19T23:48:01.304+0000] {processor.py:830} INFO - Processing file /home/airflow/.local/lib/python3.11/site-packages/airflow/example_dags/example_dag_decorator.py for tasks to queue
[2024-12-19T23:48:01.307+0000] {logging_mixin.py:188} INFO - [2024-12-19T23:48:01.306+0000] {dagbag.py:538} INFO - Filling up the DagBag from /home/airflow/.local/lib/python3.11/site-packages/airflow/example_dags/example_dag_decorator.py
[2024-12-19T23:48:01.429+0000] {processor.py:840} INFO - DAG(s) 'example_dag_decorator' retrieved from /home/airflow/.local/lib/python3.11/site-packages/airflow/example_dags/example_dag_decorator.py
[2024-12-19T23:48:01.545+0000] {logging_mixin.py:188} INFO - [2024-12-19T23:48:01.544+0000] {dag.py:3036} INFO - Sync 1 DAGs
[2024-12-19T23:48:01.556+0000] {logging_mixin.py:188} INFO - [2024-12-19T23:48:01.555+0000] {dag.py:3823} INFO - Setting next_dagrun for example_dag_decorator to None, run_after=None
[2024-12-19T23:48:01.577+0000] {processor.py:183} INFO - Processing /home/airflow/.local/lib/python3.11/site-packages/airflow/example_dags/example_dag_decorator.py took 0.280 seconds
[2024-12-19T23:48:31.726+0000] {processor.py:161} INFO - Started process (PID=469) to work on /home/airflow/.local/lib/python3.11/site-packages/airflow/example_dags/example_dag_decorator.py
[2024-12-19T23:48:31.728+0000] {processor.py:830} INFO - Processing file /home/airflow/.local/lib/python3.11/site-packages/airflow/example_dags/example_dag_decorator.py for tasks to queue
[2024-12-19T23:48:31.730+0000] {logging_mixin.py:188} INFO - [2024-12-19T23:48:31.730+0000] {dagbag.py:538} INFO - Filling up the DagBag from /home/airflow/.local/lib/python3.11/site-packages/airflow/example_dags/example_dag_decorator.py
[2024-12-19T23:48:31.845+0000] {processor.py:840} INFO - DAG(s) 'example_dag_decorator' retrieved from /home/airflow/.local/lib/python3.11/site-packages/airflow/example_dags/example_dag_decorator.py
[2024-12-19T23:48:31.974+0000] {logging_mixin.py:188} INFO - [2024-12-19T23:48:31.974+0000] {dag.py:3036} INFO - Sync 1 DAGs
[2024-12-19T23:48:31.985+0000] {logging_mixin.py:188} INFO - [2024-12-19T23:48:31.985+0000] {dag.py:3823} INFO - Setting next_dagrun for example_dag_decorator to None, run_after=None
[2024-12-19T23:48:32.013+0000] {processor.py:183} INFO - Processing /home/airflow/.local/lib/python3.11/site-packages/airflow/example_dags/example_dag_decorator.py took 0.290 seconds
[2024-12-19T23:49:02.521+0000] {processor.py:161} INFO - Started process (PID=540) to work on /home/airflow/.local/lib/python3.11/site-packages/airflow/example_dags/example_dag_decorator.py
[2024-12-19T23:49:02.522+0000] {processor.py:830} INFO - Processing file /home/airflow/.local/lib/python3.11/site-packages/airflow/example_dags/example_dag_decorator.py for tasks to queue
[2024-12-19T23:49:02.525+0000] {logging_mixin.py:188} INFO - [2024-12-19T23:49:02.525+0000] {dagbag.py:538} INFO - Filling up the DagBag from /home/airflow/.local/lib/python3.11/site-packages/airflow/example_dags/example_dag_decorator.py
[2024-12-19T23:49:02.670+0000] {processor.py:840} INFO - DAG(s) 'example_dag_decorator' retrieved from /home/airflow/.local/lib/python3.11/site-packages/airflow/example_dags/example_dag_decorator.py
[2024-12-19T23:49:02.785+0000] {logging_mixin.py:188} INFO - [2024-12-19T23:49:02.785+0000] {dag.py:3036} INFO - Sync 1 DAGs
[2024-12-19T23:49:02.798+0000] {logging_mixin.py:188} INFO - [2024-12-19T23:49:02.798+0000] {dag.py:3823} INFO - Setting next_dagrun for example_dag_decorator to None, run_after=None
[2024-12-19T23:49:02.823+0000] {processor.py:183} INFO - Processing /home/airflow/.local/lib/python3.11/site-packages/airflow/example_dags/example_dag_decorator.py took 0.306 seconds
[2024-12-19T23:49:32.922+0000] {processor.py:161} INFO - Started process (PID=612) to work on /home/airflow/.local/lib/python3.11/site-packages/airflow/example_dags/example_dag_decorator.py
[2024-12-19T23:49:32.923+0000] {processor.py:830} INFO - Processing file /home/airflow/.local/lib/python3.11/site-packages/airflow/example_dags/example_dag_decorator.py for tasks to queue
[2024-12-19T23:49:32.925+0000] {logging_mixin.py:188} INFO - [2024-12-19T23:49:32.925+0000] {dagbag.py:538} INFO - Filling up the DagBag from /home/airflow/.local/lib/python3.11/site-packages/airflow/example_dags/example_dag_decorator.py
[2024-12-19T23:49:33.036+0000] {processor.py:840} INFO - DAG(s) 'example_dag_decorator' retrieved from /home/airflow/.local/lib/python3.11/site-packages/airflow/example_dags/example_dag_decorator.py
[2024-12-19T23:49:33.148+0000] {logging_mixin.py:188} INFO - [2024-12-19T23:49:33.147+0000] {dag.py:3036} INFO - Sync 1 DAGs
[2024-12-19T23:49:33.158+0000] {logging_mixin.py:188} INFO - [2024-12-19T23:49:33.158+0000] {dag.py:3823} INFO - Setting next_dagrun for example_dag_decorator to None, run_after=None
[2024-12-19T23:49:33.190+0000] {processor.py:183} INFO - Processing /home/airflow/.local/lib/python3.11/site-packages/airflow/example_dags/example_dag_decorator.py took 0.274 seconds
[2024-12-19T23:50:03.953+0000] {processor.py:161} INFO - Started process (PID=691) to work on /home/airflow/.local/lib/python3.11/site-packages/airflow/example_dags/example_dag_decorator.py
[2024-12-19T23:50:03.955+0000] {processor.py:830} INFO - Processing file /home/airflow/.local/lib/python3.11/site-packages/airflow/example_dags/example_dag_decorator.py for tasks to queue
[2024-12-19T23:50:03.958+0000] {logging_mixin.py:188} INFO - [2024-12-19T23:50:03.957+0000] {dagbag.py:538} INFO - Filling up the DagBag from /home/airflow/.local/lib/python3.11/site-packages/airflow/example_dags/example_dag_decorator.py
[2024-12-19T23:50:04.077+0000] {processor.py:840} INFO - DAG(s) 'example_dag_decorator' retrieved from /home/airflow/.local/lib/python3.11/site-packages/airflow/example_dags/example_dag_decorator.py
[2024-12-19T23:50:04.214+0000] {logging_mixin.py:188} INFO - [2024-12-19T23:50:04.214+0000] {dag.py:3036} INFO - Sync 1 DAGs
[2024-12-19T23:50:04.226+0000] {logging_mixin.py:188} INFO - [2024-12-19T23:50:04.225+0000] {dag.py:3823} INFO - Setting next_dagrun for example_dag_decorator to None, run_after=None
[2024-12-19T23:50:04.248+0000] {processor.py:183} INFO - Processing /home/airflow/.local/lib/python3.11/site-packages/airflow/example_dags/example_dag_decorator.py took 0.300 seconds
[2024-12-19T23:50:34.476+0000] {processor.py:161} INFO - Started process (PID=763) to work on /home/airflow/.local/lib/python3.11/site-packages/airflow/example_dags/example_dag_decorator.py
[2024-12-19T23:50:34.477+0000] {processor.py:830} INFO - Processing file /home/airflow/.local/lib/python3.11/site-packages/airflow/example_dags/example_dag_decorator.py for tasks to queue
[2024-12-19T23:50:34.481+0000] {logging_mixin.py:188} INFO - [2024-12-19T23:50:34.480+0000] {dagbag.py:538} INFO - Filling up the DagBag from /home/airflow/.local/lib/python3.11/site-packages/airflow/example_dags/example_dag_decorator.py
[2024-12-19T23:50:34.590+0000] {processor.py:840} INFO - DAG(s) 'example_dag_decorator' retrieved from /home/airflow/.local/lib/python3.11/site-packages/airflow/example_dags/example_dag_decorator.py
[2024-12-19T23:50:34.732+0000] {logging_mixin.py:188} INFO - [2024-12-19T23:50:34.732+0000] {dag.py:3036} INFO - Sync 1 DAGs
[2024-12-19T23:50:34.744+0000] {logging_mixin.py:188} INFO - [2024-12-19T23:50:34.744+0000] {dag.py:3823} INFO - Setting next_dagrun for example_dag_decorator to None, run_after=None
[2024-12-19T23:50:34.778+0000] {processor.py:183} INFO - Processing /home/airflow/.local/lib/python3.11/site-packages/airflow/example_dags/example_dag_decorator.py took 0.307 seconds
[2024-12-19T23:51:05.489+0000] {processor.py:161} INFO - Started process (PID=835) to work on /home/airflow/.local/lib/python3.11/site-packages/airflow/example_dags/example_dag_decorator.py
[2024-12-19T23:51:05.491+0000] {processor.py:830} INFO - Processing file /home/airflow/.local/lib/python3.11/site-packages/airflow/example_dags/example_dag_decorator.py for tasks to queue
[2024-12-19T23:51:05.494+0000] {logging_mixin.py:188} INFO - [2024-12-19T23:51:05.494+0000] {dagbag.py:538} INFO - Filling up the DagBag from /home/airflow/.local/lib/python3.11/site-packages/airflow/example_dags/example_dag_decorator.py
[2024-12-19T23:51:05.606+0000] {processor.py:840} INFO - DAG(s) 'example_dag_decorator' retrieved from /home/airflow/.local/lib/python3.11/site-packages/airflow/example_dags/example_dag_decorator.py
[2024-12-19T23:51:05.733+0000] {logging_mixin.py:188} INFO - [2024-12-19T23:51:05.732+0000] {dag.py:3036} INFO - Sync 1 DAGs
[2024-12-19T23:51:05.750+0000] {logging_mixin.py:188} INFO - [2024-12-19T23:51:05.749+0000] {dag.py:3823} INFO - Setting next_dagrun for example_dag_decorator to None, run_after=None
[2024-12-19T23:51:05.785+0000] {processor.py:183} INFO - Processing /home/airflow/.local/lib/python3.11/site-packages/airflow/example_dags/example_dag_decorator.py took 0.301 seconds
[2024-12-19T23:51:36.337+0000] {processor.py:161} INFO - Started process (PID=914) to work on /home/airflow/.local/lib/python3.11/site-packages/airflow/example_dags/example_dag_decorator.py
[2024-12-19T23:51:36.339+0000] {processor.py:830} INFO - Processing file /home/airflow/.local/lib/python3.11/site-packages/airflow/example_dags/example_dag_decorator.py for tasks to queue
[2024-12-19T23:51:36.341+0000] {logging_mixin.py:188} INFO - [2024-12-19T23:51:36.341+0000] {dagbag.py:538} INFO - Filling up the DagBag from /home/airflow/.local/lib/python3.11/site-packages/airflow/example_dags/example_dag_decorator.py
[2024-12-19T23:51:36.446+0000] {processor.py:840} INFO - DAG(s) 'example_dag_decorator' retrieved from /home/airflow/.local/lib/python3.11/site-packages/airflow/example_dags/example_dag_decorator.py
[2024-12-19T23:51:36.576+0000] {logging_mixin.py:188} INFO - [2024-12-19T23:51:36.575+0000] {dag.py:3036} INFO - Sync 1 DAGs
[2024-12-19T23:51:36.594+0000] {logging_mixin.py:188} INFO - [2024-12-19T23:51:36.594+0000] {dag.py:3823} INFO - Setting next_dagrun for example_dag_decorator to None, run_after=None
[2024-12-19T23:51:36.619+0000] {processor.py:183} INFO - Processing /home/airflow/.local/lib/python3.11/site-packages/airflow/example_dags/example_dag_decorator.py took 0.285 seconds
[2024-12-19T23:52:07.034+0000] {processor.py:161} INFO - Started process (PID=978) to work on /home/airflow/.local/lib/python3.11/site-packages/airflow/example_dags/example_dag_decorator.py
[2024-12-19T23:52:07.035+0000] {processor.py:830} INFO - Processing file /home/airflow/.local/lib/python3.11/site-packages/airflow/example_dags/example_dag_decorator.py for tasks to queue
[2024-12-19T23:52:07.038+0000] {logging_mixin.py:188} INFO - [2024-12-19T23:52:07.037+0000] {dagbag.py:538} INFO - Filling up the DagBag from /home/airflow/.local/lib/python3.11/site-packages/airflow/example_dags/example_dag_decorator.py
[2024-12-19T23:52:07.185+0000] {processor.py:840} INFO - DAG(s) 'example_dag_decorator' retrieved from /home/airflow/.local/lib/python3.11/site-packages/airflow/example_dags/example_dag_decorator.py
[2024-12-19T23:52:07.337+0000] {logging_mixin.py:188} INFO - [2024-12-19T23:52:07.337+0000] {dag.py:3036} INFO - Sync 1 DAGs
[2024-12-19T23:52:07.350+0000] {logging_mixin.py:188} INFO - [2024-12-19T23:52:07.350+0000] {dag.py:3823} INFO - Setting next_dagrun for example_dag_decorator to None, run_after=None
[2024-12-19T23:52:07.382+0000] {processor.py:183} INFO - Processing /home/airflow/.local/lib/python3.11/site-packages/airflow/example_dags/example_dag_decorator.py took 0.353 seconds
[2024-12-19T23:52:37.778+0000] {processor.py:161} INFO - Started process (PID=1058) to work on /home/airflow/.local/lib/python3.11/site-packages/airflow/example_dags/example_dag_decorator.py
[2024-12-19T23:52:37.781+0000] {processor.py:830} INFO - Processing file /home/airflow/.local/lib/python3.11/site-packages/airflow/example_dags/example_dag_decorator.py for tasks to queue
[2024-12-19T23:52:37.786+0000] {logging_mixin.py:188} INFO - [2024-12-19T23:52:37.785+0000] {dagbag.py:538} INFO - Filling up the DagBag from /home/airflow/.local/lib/python3.11/site-packages/airflow/example_dags/example_dag_decorator.py
[2024-12-19T23:52:37.904+0000] {processor.py:840} INFO - DAG(s) 'example_dag_decorator' retrieved from /home/airflow/.local/lib/python3.11/site-packages/airflow/example_dags/example_dag_decorator.py
[2024-12-19T23:52:38.029+0000] {logging_mixin.py:188} INFO - [2024-12-19T23:52:38.028+0000] {dag.py:3036} INFO - Sync 1 DAGs
[2024-12-19T23:52:38.041+0000] {logging_mixin.py:188} INFO - [2024-12-19T23:52:38.041+0000] {dag.py:3823} INFO - Setting next_dagrun for example_dag_decorator to None, run_after=None
[2024-12-19T23:52:38.068+0000] {processor.py:183} INFO - Processing /home/airflow/.local/lib/python3.11/site-packages/airflow/example_dags/example_dag_decorator.py took 0.295 seconds
[2024-12-19T23:53:08.538+0000] {processor.py:161} INFO - Started process (PID=1137) to work on /home/airflow/.local/lib/python3.11/site-packages/airflow/example_dags/example_dag_decorator.py
[2024-12-19T23:53:08.539+0000] {processor.py:830} INFO - Processing file /home/airflow/.local/lib/python3.11/site-packages/airflow/example_dags/example_dag_decorator.py for tasks to queue
[2024-12-19T23:53:08.541+0000] {logging_mixin.py:188} INFO - [2024-12-19T23:53:08.541+0000] {dagbag.py:538} INFO - Filling up the DagBag from /home/airflow/.local/lib/python3.11/site-packages/airflow/example_dags/example_dag_decorator.py
[2024-12-19T23:53:08.662+0000] {processor.py:840} INFO - DAG(s) 'example_dag_decorator' retrieved from /home/airflow/.local/lib/python3.11/site-packages/airflow/example_dags/example_dag_decorator.py
[2024-12-19T23:53:08.816+0000] {logging_mixin.py:188} INFO - [2024-12-19T23:53:08.816+0000] {dag.py:3036} INFO - Sync 1 DAGs
[2024-12-19T23:53:08.836+0000] {logging_mixin.py:188} INFO - [2024-12-19T23:53:08.835+0000] {dag.py:3823} INFO - Setting next_dagrun for example_dag_decorator to None, run_after=None
[2024-12-19T23:53:08.874+0000] {processor.py:183} INFO - Processing /home/airflow/.local/lib/python3.11/site-packages/airflow/example_dags/example_dag_decorator.py took 0.339 seconds
[2024-12-19T23:53:38.955+0000] {processor.py:161} INFO - Started process (PID=1210) to work on /home/airflow/.local/lib/python3.11/site-packages/airflow/example_dags/example_dag_decorator.py
[2024-12-19T23:53:38.958+0000] {processor.py:830} INFO - Processing file /home/airflow/.local/lib/python3.11/site-packages/airflow/example_dags/example_dag_decorator.py for tasks to queue
[2024-12-19T23:53:38.963+0000] {logging_mixin.py:188} INFO - [2024-12-19T23:53:38.962+0000] {dagbag.py:538} INFO - Filling up the DagBag from /home/airflow/.local/lib/python3.11/site-packages/airflow/example_dags/example_dag_decorator.py
[2024-12-19T23:53:39.093+0000] {processor.py:840} INFO - DAG(s) 'example_dag_decorator' retrieved from /home/airflow/.local/lib/python3.11/site-packages/airflow/example_dags/example_dag_decorator.py
[2024-12-19T23:53:39.124+0000] {logging_mixin.py:188} INFO - [2024-12-19T23:53:39.124+0000] {dag.py:3036} INFO - Sync 1 DAGs
[2024-12-19T23:53:39.139+0000] {logging_mixin.py:188} INFO - [2024-12-19T23:53:39.138+0000] {dag.py:3823} INFO - Setting next_dagrun for example_dag_decorator to None, run_after=None
[2024-12-19T23:53:39.162+0000] {processor.py:183} INFO - Processing /home/airflow/.local/lib/python3.11/site-packages/airflow/example_dags/example_dag_decorator.py took 0.211 seconds
[2024-12-19T23:54:09.271+0000] {processor.py:161} INFO - Started process (PID=1282) to work on /home/airflow/.local/lib/python3.11/site-packages/airflow/example_dags/example_dag_decorator.py
[2024-12-19T23:54:09.273+0000] {processor.py:830} INFO - Processing file /home/airflow/.local/lib/python3.11/site-packages/airflow/example_dags/example_dag_decorator.py for tasks to queue
[2024-12-19T23:54:09.275+0000] {logging_mixin.py:188} INFO - [2024-12-19T23:54:09.275+0000] {dagbag.py:538} INFO - Filling up the DagBag from /home/airflow/.local/lib/python3.11/site-packages/airflow/example_dags/example_dag_decorator.py
[2024-12-19T23:54:09.385+0000] {processor.py:840} INFO - DAG(s) 'example_dag_decorator' retrieved from /home/airflow/.local/lib/python3.11/site-packages/airflow/example_dags/example_dag_decorator.py
[2024-12-19T23:54:09.528+0000] {logging_mixin.py:188} INFO - [2024-12-19T23:54:09.528+0000] {dag.py:3036} INFO - Sync 1 DAGs
[2024-12-19T23:54:09.543+0000] {logging_mixin.py:188} INFO - [2024-12-19T23:54:09.542+0000] {dag.py:3823} INFO - Setting next_dagrun for example_dag_decorator to None, run_after=None
[2024-12-19T23:54:09.562+0000] {processor.py:183} INFO - Processing /home/airflow/.local/lib/python3.11/site-packages/airflow/example_dags/example_dag_decorator.py took 0.295 seconds
[2024-12-19T23:54:39.662+0000] {processor.py:161} INFO - Started process (PID=1355) to work on /home/airflow/.local/lib/python3.11/site-packages/airflow/example_dags/example_dag_decorator.py
[2024-12-19T23:54:39.663+0000] {processor.py:830} INFO - Processing file /home/airflow/.local/lib/python3.11/site-packages/airflow/example_dags/example_dag_decorator.py for tasks to queue
[2024-12-19T23:54:39.666+0000] {logging_mixin.py:188} INFO - [2024-12-19T23:54:39.665+0000] {dagbag.py:538} INFO - Filling up the DagBag from /home/airflow/.local/lib/python3.11/site-packages/airflow/example_dags/example_dag_decorator.py
[2024-12-19T23:54:39.776+0000] {processor.py:840} INFO - DAG(s) 'example_dag_decorator' retrieved from /home/airflow/.local/lib/python3.11/site-packages/airflow/example_dags/example_dag_decorator.py
[2024-12-19T23:54:39.906+0000] {logging_mixin.py:188} INFO - [2024-12-19T23:54:39.906+0000] {dag.py:3036} INFO - Sync 1 DAGs
[2024-12-19T23:54:39.926+0000] {logging_mixin.py:188} INFO - [2024-12-19T23:54:39.926+0000] {dag.py:3823} INFO - Setting next_dagrun for example_dag_decorator to None, run_after=None
[2024-12-19T23:54:39.963+0000] {processor.py:183} INFO - Processing /home/airflow/.local/lib/python3.11/site-packages/airflow/example_dags/example_dag_decorator.py took 0.305 seconds
[2024-12-19T23:55:10.613+0000] {processor.py:161} INFO - Started process (PID=1433) to work on /home/airflow/.local/lib/python3.11/site-packages/airflow/example_dags/example_dag_decorator.py
[2024-12-19T23:55:10.614+0000] {processor.py:830} INFO - Processing file /home/airflow/.local/lib/python3.11/site-packages/airflow/example_dags/example_dag_decorator.py for tasks to queue
[2024-12-19T23:55:10.616+0000] {logging_mixin.py:188} INFO - [2024-12-19T23:55:10.616+0000] {dagbag.py:538} INFO - Filling up the DagBag from /home/airflow/.local/lib/python3.11/site-packages/airflow/example_dags/example_dag_decorator.py
[2024-12-19T23:55:10.734+0000] {processor.py:840} INFO - DAG(s) 'example_dag_decorator' retrieved from /home/airflow/.local/lib/python3.11/site-packages/airflow/example_dags/example_dag_decorator.py
[2024-12-19T23:55:10.858+0000] {logging_mixin.py:188} INFO - [2024-12-19T23:55:10.857+0000] {dag.py:3036} INFO - Sync 1 DAGs
[2024-12-19T23:55:10.869+0000] {logging_mixin.py:188} INFO - [2024-12-19T23:55:10.869+0000] {dag.py:3823} INFO - Setting next_dagrun for example_dag_decorator to None, run_after=None
[2024-12-19T23:55:10.894+0000] {processor.py:183} INFO - Processing /home/airflow/.local/lib/python3.11/site-packages/airflow/example_dags/example_dag_decorator.py took 0.285 seconds
[2024-12-19T23:55:41.682+0000] {processor.py:161} INFO - Started process (PID=1497) to work on /home/airflow/.local/lib/python3.11/site-packages/airflow/example_dags/example_dag_decorator.py
[2024-12-19T23:55:41.683+0000] {processor.py:830} INFO - Processing file /home/airflow/.local/lib/python3.11/site-packages/airflow/example_dags/example_dag_decorator.py for tasks to queue
[2024-12-19T23:55:41.686+0000] {logging_mixin.py:188} INFO - [2024-12-19T23:55:41.685+0000] {dagbag.py:538} INFO - Filling up the DagBag from /home/airflow/.local/lib/python3.11/site-packages/airflow/example_dags/example_dag_decorator.py
[2024-12-19T23:55:41.809+0000] {processor.py:840} INFO - DAG(s) 'example_dag_decorator' retrieved from /home/airflow/.local/lib/python3.11/site-packages/airflow/example_dags/example_dag_decorator.py
[2024-12-19T23:55:41.925+0000] {logging_mixin.py:188} INFO - [2024-12-19T23:55:41.925+0000] {dag.py:3036} INFO - Sync 1 DAGs
[2024-12-19T23:55:41.942+0000] {logging_mixin.py:188} INFO - [2024-12-19T23:55:41.941+0000] {dag.py:3823} INFO - Setting next_dagrun for example_dag_decorator to None, run_after=None
[2024-12-19T23:55:41.966+0000] {processor.py:183} INFO - Processing /home/airflow/.local/lib/python3.11/site-packages/airflow/example_dags/example_dag_decorator.py took 0.288 seconds
[2024-12-19T23:56:12.943+0000] {processor.py:161} INFO - Started process (PID=1575) to work on /home/airflow/.local/lib/python3.11/site-packages/airflow/example_dags/example_dag_decorator.py
[2024-12-19T23:56:12.944+0000] {processor.py:830} INFO - Processing file /home/airflow/.local/lib/python3.11/site-packages/airflow/example_dags/example_dag_decorator.py for tasks to queue
[2024-12-19T23:56:12.947+0000] {logging_mixin.py:188} INFO - [2024-12-19T23:56:12.946+0000] {dagbag.py:538} INFO - Filling up the DagBag from /home/airflow/.local/lib/python3.11/site-packages/airflow/example_dags/example_dag_decorator.py
[2024-12-19T23:56:13.064+0000] {processor.py:840} INFO - DAG(s) 'example_dag_decorator' retrieved from /home/airflow/.local/lib/python3.11/site-packages/airflow/example_dags/example_dag_decorator.py
[2024-12-19T23:56:13.204+0000] {logging_mixin.py:188} INFO - [2024-12-19T23:56:13.204+0000] {dag.py:3036} INFO - Sync 1 DAGs
[2024-12-19T23:56:13.215+0000] {logging_mixin.py:188} INFO - [2024-12-19T23:56:13.215+0000] {dag.py:3823} INFO - Setting next_dagrun for example_dag_decorator to None, run_after=None
[2024-12-19T23:56:13.238+0000] {processor.py:183} INFO - Processing /home/airflow/.local/lib/python3.11/site-packages/airflow/example_dags/example_dag_decorator.py took 0.299 seconds
[2024-12-19T23:56:43.288+0000] {processor.py:161} INFO - Started process (PID=1647) to work on /home/airflow/.local/lib/python3.11/site-packages/airflow/example_dags/example_dag_decorator.py
[2024-12-19T23:56:43.289+0000] {processor.py:830} INFO - Processing file /home/airflow/.local/lib/python3.11/site-packages/airflow/example_dags/example_dag_decorator.py for tasks to queue
[2024-12-19T23:56:43.292+0000] {logging_mixin.py:188} INFO - [2024-12-19T23:56:43.292+0000] {dagbag.py:538} INFO - Filling up the DagBag from /home/airflow/.local/lib/python3.11/site-packages/airflow/example_dags/example_dag_decorator.py
[2024-12-19T23:56:43.411+0000] {processor.py:840} INFO - DAG(s) 'example_dag_decorator' retrieved from /home/airflow/.local/lib/python3.11/site-packages/airflow/example_dags/example_dag_decorator.py
[2024-12-19T23:56:43.562+0000] {logging_mixin.py:188} INFO - [2024-12-19T23:56:43.561+0000] {dag.py:3036} INFO - Sync 1 DAGs
[2024-12-19T23:56:43.577+0000] {logging_mixin.py:188} INFO - [2024-12-19T23:56:43.577+0000] {dag.py:3823} INFO - Setting next_dagrun for example_dag_decorator to None, run_after=None
[2024-12-19T23:56:43.605+0000] {processor.py:183} INFO - Processing /home/airflow/.local/lib/python3.11/site-packages/airflow/example_dags/example_dag_decorator.py took 0.321 seconds
[2024-12-19T23:57:13.924+0000] {processor.py:161} INFO - Started process (PID=1719) to work on /home/airflow/.local/lib/python3.11/site-packages/airflow/example_dags/example_dag_decorator.py
[2024-12-19T23:57:13.926+0000] {processor.py:830} INFO - Processing file /home/airflow/.local/lib/python3.11/site-packages/airflow/example_dags/example_dag_decorator.py for tasks to queue
[2024-12-19T23:57:13.928+0000] {logging_mixin.py:188} INFO - [2024-12-19T23:57:13.928+0000] {dagbag.py:538} INFO - Filling up the DagBag from /home/airflow/.local/lib/python3.11/site-packages/airflow/example_dags/example_dag_decorator.py
[2024-12-19T23:57:14.037+0000] {processor.py:840} INFO - DAG(s) 'example_dag_decorator' retrieved from /home/airflow/.local/lib/python3.11/site-packages/airflow/example_dags/example_dag_decorator.py
[2024-12-19T23:57:14.156+0000] {logging_mixin.py:188} INFO - [2024-12-19T23:57:14.156+0000] {dag.py:3036} INFO - Sync 1 DAGs
[2024-12-19T23:57:14.167+0000] {logging_mixin.py:188} INFO - [2024-12-19T23:57:14.167+0000] {dag.py:3823} INFO - Setting next_dagrun for example_dag_decorator to None, run_after=None
[2024-12-19T23:57:14.189+0000] {processor.py:183} INFO - Processing /home/airflow/.local/lib/python3.11/site-packages/airflow/example_dags/example_dag_decorator.py took 0.269 seconds
[2024-12-19T23:57:44.621+0000] {processor.py:161} INFO - Started process (PID=1791) to work on /home/airflow/.local/lib/python3.11/site-packages/airflow/example_dags/example_dag_decorator.py
[2024-12-19T23:57:44.623+0000] {processor.py:830} INFO - Processing file /home/airflow/.local/lib/python3.11/site-packages/airflow/example_dags/example_dag_decorator.py for tasks to queue
[2024-12-19T23:57:44.626+0000] {logging_mixin.py:188} INFO - [2024-12-19T23:57:44.625+0000] {dagbag.py:538} INFO - Filling up the DagBag from /home/airflow/.local/lib/python3.11/site-packages/airflow/example_dags/example_dag_decorator.py
[2024-12-19T23:57:44.741+0000] {processor.py:840} INFO - DAG(s) 'example_dag_decorator' retrieved from /home/airflow/.local/lib/python3.11/site-packages/airflow/example_dags/example_dag_decorator.py
[2024-12-19T23:57:44.859+0000] {logging_mixin.py:188} INFO - [2024-12-19T23:57:44.859+0000] {dag.py:3036} INFO - Sync 1 DAGs
[2024-12-19T23:57:44.870+0000] {logging_mixin.py:188} INFO - [2024-12-19T23:57:44.870+0000] {dag.py:3823} INFO - Setting next_dagrun for example_dag_decorator to None, run_after=None
[2024-12-19T23:57:44.893+0000] {processor.py:183} INFO - Processing /home/airflow/.local/lib/python3.11/site-packages/airflow/example_dags/example_dag_decorator.py took 0.278 seconds
[2024-12-19T23:58:15.676+0000] {processor.py:161} INFO - Started process (PID=1870) to work on /home/airflow/.local/lib/python3.11/site-packages/airflow/example_dags/example_dag_decorator.py
[2024-12-19T23:58:15.677+0000] {processor.py:830} INFO - Processing file /home/airflow/.local/lib/python3.11/site-packages/airflow/example_dags/example_dag_decorator.py for tasks to queue
[2024-12-19T23:58:15.680+0000] {logging_mixin.py:188} INFO - [2024-12-19T23:58:15.680+0000] {dagbag.py:538} INFO - Filling up the DagBag from /home/airflow/.local/lib/python3.11/site-packages/airflow/example_dags/example_dag_decorator.py
[2024-12-19T23:58:15.824+0000] {processor.py:840} INFO - DAG(s) 'example_dag_decorator' retrieved from /home/airflow/.local/lib/python3.11/site-packages/airflow/example_dags/example_dag_decorator.py
[2024-12-19T23:58:15.953+0000] {logging_mixin.py:188} INFO - [2024-12-19T23:58:15.953+0000] {dag.py:3036} INFO - Sync 1 DAGs
[2024-12-19T23:58:15.966+0000] {logging_mixin.py:188} INFO - [2024-12-19T23:58:15.966+0000] {dag.py:3823} INFO - Setting next_dagrun for example_dag_decorator to None, run_after=None
[2024-12-19T23:58:15.989+0000] {processor.py:183} INFO - Processing /home/airflow/.local/lib/python3.11/site-packages/airflow/example_dags/example_dag_decorator.py took 0.318 seconds
[2024-12-19T23:58:46.223+0000] {processor.py:161} INFO - Started process (PID=1942) to work on /home/airflow/.local/lib/python3.11/site-packages/airflow/example_dags/example_dag_decorator.py
[2024-12-19T23:58:46.225+0000] {processor.py:830} INFO - Processing file /home/airflow/.local/lib/python3.11/site-packages/airflow/example_dags/example_dag_decorator.py for tasks to queue
[2024-12-19T23:58:46.236+0000] {logging_mixin.py:188} INFO - [2024-12-19T23:58:46.235+0000] {dagbag.py:538} INFO - Filling up the DagBag from /home/airflow/.local/lib/python3.11/site-packages/airflow/example_dags/example_dag_decorator.py
[2024-12-19T23:58:46.467+0000] {processor.py:840} INFO - DAG(s) 'example_dag_decorator' retrieved from /home/airflow/.local/lib/python3.11/site-packages/airflow/example_dags/example_dag_decorator.py
[2024-12-19T23:58:46.509+0000] {logging_mixin.py:188} INFO - [2024-12-19T23:58:46.509+0000] {dag.py:3036} INFO - Sync 1 DAGs
[2024-12-19T23:58:46.545+0000] {logging_mixin.py:188} INFO - [2024-12-19T23:58:46.544+0000] {dag.py:3823} INFO - Setting next_dagrun for example_dag_decorator to None, run_after=None
[2024-12-19T23:58:46.581+0000] {processor.py:183} INFO - Processing /home/airflow/.local/lib/python3.11/site-packages/airflow/example_dags/example_dag_decorator.py took 0.364 seconds
[2024-12-19T23:59:16.928+0000] {processor.py:161} INFO - Started process (PID=2014) to work on /home/airflow/.local/lib/python3.11/site-packages/airflow/example_dags/example_dag_decorator.py
[2024-12-19T23:59:16.930+0000] {processor.py:830} INFO - Processing file /home/airflow/.local/lib/python3.11/site-packages/airflow/example_dags/example_dag_decorator.py for tasks to queue
[2024-12-19T23:59:16.934+0000] {logging_mixin.py:188} INFO - [2024-12-19T23:59:16.934+0000] {dagbag.py:538} INFO - Filling up the DagBag from /home/airflow/.local/lib/python3.11/site-packages/airflow/example_dags/example_dag_decorator.py
[2024-12-19T23:59:17.062+0000] {processor.py:840} INFO - DAG(s) 'example_dag_decorator' retrieved from /home/airflow/.local/lib/python3.11/site-packages/airflow/example_dags/example_dag_decorator.py
[2024-12-19T23:59:17.176+0000] {logging_mixin.py:188} INFO - [2024-12-19T23:59:17.176+0000] {dag.py:3036} INFO - Sync 1 DAGs
[2024-12-19T23:59:17.188+0000] {logging_mixin.py:188} INFO - [2024-12-19T23:59:17.187+0000] {dag.py:3823} INFO - Setting next_dagrun for example_dag_decorator to None, run_after=None
[2024-12-19T23:59:17.211+0000] {processor.py:183} INFO - Processing /home/airflow/.local/lib/python3.11/site-packages/airflow/example_dags/example_dag_decorator.py took 0.290 seconds
[2024-12-19T23:59:47.354+0000] {processor.py:161} INFO - Started process (PID=2094) to work on /home/airflow/.local/lib/python3.11/site-packages/airflow/example_dags/example_dag_decorator.py
[2024-12-19T23:59:47.356+0000] {processor.py:830} INFO - Processing file /home/airflow/.local/lib/python3.11/site-packages/airflow/example_dags/example_dag_decorator.py for tasks to queue
[2024-12-19T23:59:47.358+0000] {logging_mixin.py:188} INFO - [2024-12-19T23:59:47.357+0000] {dagbag.py:538} INFO - Filling up the DagBag from /home/airflow/.local/lib/python3.11/site-packages/airflow/example_dags/example_dag_decorator.py
[2024-12-19T23:59:47.482+0000] {processor.py:840} INFO - DAG(s) 'example_dag_decorator' retrieved from /home/airflow/.local/lib/python3.11/site-packages/airflow/example_dags/example_dag_decorator.py
[2024-12-19T23:59:47.510+0000] {logging_mixin.py:188} INFO - [2024-12-19T23:59:47.509+0000] {dag.py:3036} INFO - Sync 1 DAGs
[2024-12-19T23:59:47.524+0000] {logging_mixin.py:188} INFO - [2024-12-19T23:59:47.524+0000] {dag.py:3823} INFO - Setting next_dagrun for example_dag_decorator to None, run_after=None
[2024-12-19T23:59:47.548+0000] {processor.py:183} INFO - Processing /home/airflow/.local/lib/python3.11/site-packages/airflow/example_dags/example_dag_decorator.py took 0.197 seconds
