[2024-12-19T15:14:56.042+0000] {processor.py:161} INFO - Started process (PID=137) to work on /home/airflow/.local/lib/python3.11/site-packages/airflow/example_dags/example_kubernetes_executor.py
[2024-12-19T15:14:56.043+0000] {processor.py:830} INFO - Processing file /home/airflow/.local/lib/python3.11/site-packages/airflow/example_dags/example_kubernetes_executor.py for tasks to queue
[2024-12-19T15:14:56.045+0000] {logging_mixin.py:188} INFO - [2024-12-19T15:14:56.045+0000] {dagbag.py:538} INFO - Filling up the DagBag from /home/airflow/.local/lib/python3.11/site-packages/airflow/example_dags/example_kubernetes_executor.py
[2024-12-19T15:14:56.063+0000] {processor.py:840} INFO - DAG(s) 'example_kubernetes_executor' retrieved from /home/airflow/.local/lib/python3.11/site-packages/airflow/example_dags/example_kubernetes_executor.py
[2024-12-19T15:14:56.222+0000] {logging_mixin.py:188} INFO - [2024-12-19T15:14:56.222+0000] {dag.py:3036} INFO - Sync 1 DAGs
[2024-12-19T15:14:56.235+0000] {logging_mixin.py:188} INFO - [2024-12-19T15:14:56.234+0000] {dag.py:3823} INFO - Setting next_dagrun for example_kubernetes_executor to None, run_after=None
[2024-12-19T15:14:56.259+0000] {processor.py:183} INFO - Processing /home/airflow/.local/lib/python3.11/site-packages/airflow/example_dags/example_kubernetes_executor.py took 0.221 seconds
[2024-12-19T15:25:16.021+0000] {processor.py:161} INFO - Started process (PID=136) to work on /home/airflow/.local/lib/python3.11/site-packages/airflow/example_dags/example_kubernetes_executor.py
[2024-12-19T15:25:16.023+0000] {processor.py:830} INFO - Processing file /home/airflow/.local/lib/python3.11/site-packages/airflow/example_dags/example_kubernetes_executor.py for tasks to queue
[2024-12-19T15:25:16.026+0000] {logging_mixin.py:188} INFO - [2024-12-19T15:25:16.025+0000] {dagbag.py:538} INFO - Filling up the DagBag from /home/airflow/.local/lib/python3.11/site-packages/airflow/example_dags/example_kubernetes_executor.py
[2024-12-19T15:25:16.044+0000] {processor.py:840} INFO - DAG(s) 'example_kubernetes_executor' retrieved from /home/airflow/.local/lib/python3.11/site-packages/airflow/example_dags/example_kubernetes_executor.py
[2024-12-19T15:25:16.280+0000] {logging_mixin.py:188} INFO - [2024-12-19T15:25:16.280+0000] {dag.py:3036} INFO - Sync 1 DAGs
[2024-12-19T15:25:16.299+0000] {logging_mixin.py:188} INFO - [2024-12-19T15:25:16.299+0000] {dag.py:3823} INFO - Setting next_dagrun for example_kubernetes_executor to None, run_after=None
[2024-12-19T15:25:16.326+0000] {processor.py:183} INFO - Processing /home/airflow/.local/lib/python3.11/site-packages/airflow/example_dags/example_kubernetes_executor.py took 0.310 seconds
[2024-12-19T15:25:46.773+0000] {processor.py:161} INFO - Started process (PID=200) to work on /home/airflow/.local/lib/python3.11/site-packages/airflow/example_dags/example_kubernetes_executor.py
[2024-12-19T15:25:46.774+0000] {processor.py:830} INFO - Processing file /home/airflow/.local/lib/python3.11/site-packages/airflow/example_dags/example_kubernetes_executor.py for tasks to queue
[2024-12-19T15:25:46.776+0000] {logging_mixin.py:188} INFO - [2024-12-19T15:25:46.776+0000] {dagbag.py:538} INFO - Filling up the DagBag from /home/airflow/.local/lib/python3.11/site-packages/airflow/example_dags/example_kubernetes_executor.py
[2024-12-19T15:25:46.791+0000] {processor.py:840} INFO - DAG(s) 'example_kubernetes_executor' retrieved from /home/airflow/.local/lib/python3.11/site-packages/airflow/example_dags/example_kubernetes_executor.py
[2024-12-19T15:25:46.839+0000] {logging_mixin.py:188} INFO - [2024-12-19T15:25:46.839+0000] {dag.py:3036} INFO - Sync 1 DAGs
[2024-12-19T15:25:46.853+0000] {logging_mixin.py:188} INFO - [2024-12-19T15:25:46.853+0000] {dag.py:3823} INFO - Setting next_dagrun for example_kubernetes_executor to None, run_after=None
[2024-12-19T15:25:46.878+0000] {processor.py:183} INFO - Processing /home/airflow/.local/lib/python3.11/site-packages/airflow/example_dags/example_kubernetes_executor.py took 0.109 seconds
[2024-12-19T15:26:17.090+0000] {processor.py:161} INFO - Started process (PID=264) to work on /home/airflow/.local/lib/python3.11/site-packages/airflow/example_dags/example_kubernetes_executor.py
[2024-12-19T15:26:17.092+0000] {processor.py:830} INFO - Processing file /home/airflow/.local/lib/python3.11/site-packages/airflow/example_dags/example_kubernetes_executor.py for tasks to queue
[2024-12-19T15:26:17.094+0000] {logging_mixin.py:188} INFO - [2024-12-19T15:26:17.094+0000] {dagbag.py:538} INFO - Filling up the DagBag from /home/airflow/.local/lib/python3.11/site-packages/airflow/example_dags/example_kubernetes_executor.py
[2024-12-19T15:26:17.108+0000] {processor.py:840} INFO - DAG(s) 'example_kubernetes_executor' retrieved from /home/airflow/.local/lib/python3.11/site-packages/airflow/example_dags/example_kubernetes_executor.py
[2024-12-19T15:26:17.152+0000] {logging_mixin.py:188} INFO - [2024-12-19T15:26:17.152+0000] {dag.py:3036} INFO - Sync 1 DAGs
[2024-12-19T15:26:17.166+0000] {logging_mixin.py:188} INFO - [2024-12-19T15:26:17.166+0000] {dag.py:3823} INFO - Setting next_dagrun for example_kubernetes_executor to None, run_after=None
[2024-12-19T15:26:17.207+0000] {processor.py:183} INFO - Processing /home/airflow/.local/lib/python3.11/site-packages/airflow/example_dags/example_kubernetes_executor.py took 0.120 seconds
[2024-12-19T15:26:47.359+0000] {processor.py:161} INFO - Started process (PID=328) to work on /home/airflow/.local/lib/python3.11/site-packages/airflow/example_dags/example_kubernetes_executor.py
[2024-12-19T15:26:47.360+0000] {processor.py:830} INFO - Processing file /home/airflow/.local/lib/python3.11/site-packages/airflow/example_dags/example_kubernetes_executor.py for tasks to queue
[2024-12-19T15:26:47.363+0000] {logging_mixin.py:188} INFO - [2024-12-19T15:26:47.362+0000] {dagbag.py:538} INFO - Filling up the DagBag from /home/airflow/.local/lib/python3.11/site-packages/airflow/example_dags/example_kubernetes_executor.py
[2024-12-19T15:26:47.379+0000] {processor.py:840} INFO - DAG(s) 'example_kubernetes_executor' retrieved from /home/airflow/.local/lib/python3.11/site-packages/airflow/example_dags/example_kubernetes_executor.py
[2024-12-19T15:26:47.433+0000] {logging_mixin.py:188} INFO - [2024-12-19T15:26:47.432+0000] {dag.py:3036} INFO - Sync 1 DAGs
[2024-12-19T15:26:47.452+0000] {logging_mixin.py:188} INFO - [2024-12-19T15:26:47.452+0000] {dag.py:3823} INFO - Setting next_dagrun for example_kubernetes_executor to None, run_after=None
[2024-12-19T15:26:47.497+0000] {processor.py:183} INFO - Processing /home/airflow/.local/lib/python3.11/site-packages/airflow/example_dags/example_kubernetes_executor.py took 0.143 seconds
[2024-12-19T15:27:17.823+0000] {processor.py:161} INFO - Started process (PID=399) to work on /home/airflow/.local/lib/python3.11/site-packages/airflow/example_dags/example_kubernetes_executor.py
[2024-12-19T15:27:17.824+0000] {processor.py:830} INFO - Processing file /home/airflow/.local/lib/python3.11/site-packages/airflow/example_dags/example_kubernetes_executor.py for tasks to queue
[2024-12-19T15:27:17.827+0000] {logging_mixin.py:188} INFO - [2024-12-19T15:27:17.826+0000] {dagbag.py:538} INFO - Filling up the DagBag from /home/airflow/.local/lib/python3.11/site-packages/airflow/example_dags/example_kubernetes_executor.py
[2024-12-19T15:27:17.842+0000] {processor.py:840} INFO - DAG(s) 'example_kubernetes_executor' retrieved from /home/airflow/.local/lib/python3.11/site-packages/airflow/example_dags/example_kubernetes_executor.py
[2024-12-19T15:27:17.888+0000] {logging_mixin.py:188} INFO - [2024-12-19T15:27:17.887+0000] {dag.py:3036} INFO - Sync 1 DAGs
[2024-12-19T15:27:17.902+0000] {logging_mixin.py:188} INFO - [2024-12-19T15:27:17.902+0000] {dag.py:3823} INFO - Setting next_dagrun for example_kubernetes_executor to None, run_after=None
[2024-12-19T15:27:17.933+0000] {processor.py:183} INFO - Processing /home/airflow/.local/lib/python3.11/site-packages/airflow/example_dags/example_kubernetes_executor.py took 0.114 seconds
[2024-12-19T15:27:48.172+0000] {processor.py:161} INFO - Started process (PID=463) to work on /home/airflow/.local/lib/python3.11/site-packages/airflow/example_dags/example_kubernetes_executor.py
[2024-12-19T15:27:48.174+0000] {processor.py:830} INFO - Processing file /home/airflow/.local/lib/python3.11/site-packages/airflow/example_dags/example_kubernetes_executor.py for tasks to queue
[2024-12-19T15:27:48.179+0000] {logging_mixin.py:188} INFO - [2024-12-19T15:27:48.178+0000] {dagbag.py:538} INFO - Filling up the DagBag from /home/airflow/.local/lib/python3.11/site-packages/airflow/example_dags/example_kubernetes_executor.py
[2024-12-19T15:27:48.202+0000] {processor.py:840} INFO - DAG(s) 'example_kubernetes_executor' retrieved from /home/airflow/.local/lib/python3.11/site-packages/airflow/example_dags/example_kubernetes_executor.py
[2024-12-19T15:27:48.254+0000] {logging_mixin.py:188} INFO - [2024-12-19T15:27:48.253+0000] {dag.py:3036} INFO - Sync 1 DAGs
[2024-12-19T15:27:48.268+0000] {logging_mixin.py:188} INFO - [2024-12-19T15:27:48.268+0000] {dag.py:3823} INFO - Setting next_dagrun for example_kubernetes_executor to None, run_after=None
[2024-12-19T15:27:48.316+0000] {processor.py:183} INFO - Processing /home/airflow/.local/lib/python3.11/site-packages/airflow/example_dags/example_kubernetes_executor.py took 0.148 seconds
[2024-12-19T15:28:18.704+0000] {processor.py:161} INFO - Started process (PID=527) to work on /home/airflow/.local/lib/python3.11/site-packages/airflow/example_dags/example_kubernetes_executor.py
[2024-12-19T15:28:18.705+0000] {processor.py:830} INFO - Processing file /home/airflow/.local/lib/python3.11/site-packages/airflow/example_dags/example_kubernetes_executor.py for tasks to queue
[2024-12-19T15:28:18.708+0000] {logging_mixin.py:188} INFO - [2024-12-19T15:28:18.707+0000] {dagbag.py:538} INFO - Filling up the DagBag from /home/airflow/.local/lib/python3.11/site-packages/airflow/example_dags/example_kubernetes_executor.py
[2024-12-19T15:28:18.724+0000] {processor.py:840} INFO - DAG(s) 'example_kubernetes_executor' retrieved from /home/airflow/.local/lib/python3.11/site-packages/airflow/example_dags/example_kubernetes_executor.py
[2024-12-19T15:28:18.770+0000] {logging_mixin.py:188} INFO - [2024-12-19T15:28:18.769+0000] {dag.py:3036} INFO - Sync 1 DAGs
[2024-12-19T15:28:18.786+0000] {logging_mixin.py:188} INFO - [2024-12-19T15:28:18.785+0000] {dag.py:3823} INFO - Setting next_dagrun for example_kubernetes_executor to None, run_after=None
[2024-12-19T15:28:18.811+0000] {processor.py:183} INFO - Processing /home/airflow/.local/lib/python3.11/site-packages/airflow/example_dags/example_kubernetes_executor.py took 0.111 seconds
[2024-12-19T15:28:49.200+0000] {processor.py:161} INFO - Started process (PID=591) to work on /home/airflow/.local/lib/python3.11/site-packages/airflow/example_dags/example_kubernetes_executor.py
[2024-12-19T15:28:49.201+0000] {processor.py:830} INFO - Processing file /home/airflow/.local/lib/python3.11/site-packages/airflow/example_dags/example_kubernetes_executor.py for tasks to queue
[2024-12-19T15:28:49.205+0000] {logging_mixin.py:188} INFO - [2024-12-19T15:28:49.204+0000] {dagbag.py:538} INFO - Filling up the DagBag from /home/airflow/.local/lib/python3.11/site-packages/airflow/example_dags/example_kubernetes_executor.py
[2024-12-19T15:28:49.221+0000] {processor.py:840} INFO - DAG(s) 'example_kubernetes_executor' retrieved from /home/airflow/.local/lib/python3.11/site-packages/airflow/example_dags/example_kubernetes_executor.py
[2024-12-19T15:28:49.269+0000] {logging_mixin.py:188} INFO - [2024-12-19T15:28:49.269+0000] {dag.py:3036} INFO - Sync 1 DAGs
[2024-12-19T15:28:49.283+0000] {logging_mixin.py:188} INFO - [2024-12-19T15:28:49.283+0000] {dag.py:3823} INFO - Setting next_dagrun for example_kubernetes_executor to None, run_after=None
[2024-12-19T15:28:49.313+0000] {processor.py:183} INFO - Processing /home/airflow/.local/lib/python3.11/site-packages/airflow/example_dags/example_kubernetes_executor.py took 0.118 seconds
[2024-12-19T15:29:20.233+0000] {processor.py:161} INFO - Started process (PID=661) to work on /home/airflow/.local/lib/python3.11/site-packages/airflow/example_dags/example_kubernetes_executor.py
[2024-12-19T15:29:20.235+0000] {processor.py:830} INFO - Processing file /home/airflow/.local/lib/python3.11/site-packages/airflow/example_dags/example_kubernetes_executor.py for tasks to queue
[2024-12-19T15:29:20.238+0000] {logging_mixin.py:188} INFO - [2024-12-19T15:29:20.237+0000] {dagbag.py:538} INFO - Filling up the DagBag from /home/airflow/.local/lib/python3.11/site-packages/airflow/example_dags/example_kubernetes_executor.py
[2024-12-19T15:29:20.259+0000] {processor.py:840} INFO - DAG(s) 'example_kubernetes_executor' retrieved from /home/airflow/.local/lib/python3.11/site-packages/airflow/example_dags/example_kubernetes_executor.py
[2024-12-19T15:29:20.317+0000] {logging_mixin.py:188} INFO - [2024-12-19T15:29:20.317+0000] {dag.py:3036} INFO - Sync 1 DAGs
[2024-12-19T15:29:20.341+0000] {logging_mixin.py:188} INFO - [2024-12-19T15:29:20.340+0000] {dag.py:3823} INFO - Setting next_dagrun for example_kubernetes_executor to None, run_after=None
[2024-12-19T15:29:20.376+0000] {processor.py:183} INFO - Processing /home/airflow/.local/lib/python3.11/site-packages/airflow/example_dags/example_kubernetes_executor.py took 0.148 seconds
[2024-12-19T15:29:50.606+0000] {processor.py:161} INFO - Started process (PID=725) to work on /home/airflow/.local/lib/python3.11/site-packages/airflow/example_dags/example_kubernetes_executor.py
[2024-12-19T15:29:50.607+0000] {processor.py:830} INFO - Processing file /home/airflow/.local/lib/python3.11/site-packages/airflow/example_dags/example_kubernetes_executor.py for tasks to queue
[2024-12-19T15:29:50.610+0000] {logging_mixin.py:188} INFO - [2024-12-19T15:29:50.609+0000] {dagbag.py:538} INFO - Filling up the DagBag from /home/airflow/.local/lib/python3.11/site-packages/airflow/example_dags/example_kubernetes_executor.py
[2024-12-19T15:29:50.625+0000] {processor.py:840} INFO - DAG(s) 'example_kubernetes_executor' retrieved from /home/airflow/.local/lib/python3.11/site-packages/airflow/example_dags/example_kubernetes_executor.py
[2024-12-19T15:29:50.674+0000] {logging_mixin.py:188} INFO - [2024-12-19T15:29:50.674+0000] {dag.py:3036} INFO - Sync 1 DAGs
[2024-12-19T15:29:50.688+0000] {logging_mixin.py:188} INFO - [2024-12-19T15:29:50.688+0000] {dag.py:3823} INFO - Setting next_dagrun for example_kubernetes_executor to None, run_after=None
[2024-12-19T15:29:50.714+0000] {processor.py:183} INFO - Processing /home/airflow/.local/lib/python3.11/site-packages/airflow/example_dags/example_kubernetes_executor.py took 0.113 seconds
[2024-12-19T15:37:27.343+0000] {processor.py:161} INFO - Started process (PID=136) to work on /home/airflow/.local/lib/python3.11/site-packages/airflow/example_dags/example_kubernetes_executor.py
[2024-12-19T15:37:27.345+0000] {processor.py:830} INFO - Processing file /home/airflow/.local/lib/python3.11/site-packages/airflow/example_dags/example_kubernetes_executor.py for tasks to queue
[2024-12-19T15:37:27.347+0000] {logging_mixin.py:188} INFO - [2024-12-19T15:37:27.347+0000] {dagbag.py:538} INFO - Filling up the DagBag from /home/airflow/.local/lib/python3.11/site-packages/airflow/example_dags/example_kubernetes_executor.py
[2024-12-19T15:37:27.367+0000] {processor.py:840} INFO - DAG(s) 'example_kubernetes_executor' retrieved from /home/airflow/.local/lib/python3.11/site-packages/airflow/example_dags/example_kubernetes_executor.py
[2024-12-19T15:37:27.577+0000] {logging_mixin.py:188} INFO - [2024-12-19T15:37:27.577+0000] {dag.py:3036} INFO - Sync 1 DAGs
[2024-12-19T15:37:27.608+0000] {logging_mixin.py:188} INFO - [2024-12-19T15:37:27.607+0000] {dag.py:3823} INFO - Setting next_dagrun for example_kubernetes_executor to None, run_after=None
[2024-12-19T15:37:27.658+0000] {processor.py:183} INFO - Processing /home/airflow/.local/lib/python3.11/site-packages/airflow/example_dags/example_kubernetes_executor.py took 0.318 seconds
[2024-12-19T15:37:57.745+0000] {processor.py:161} INFO - Started process (PID=200) to work on /home/airflow/.local/lib/python3.11/site-packages/airflow/example_dags/example_kubernetes_executor.py
[2024-12-19T15:37:57.747+0000] {processor.py:830} INFO - Processing file /home/airflow/.local/lib/python3.11/site-packages/airflow/example_dags/example_kubernetes_executor.py for tasks to queue
[2024-12-19T15:37:57.749+0000] {logging_mixin.py:188} INFO - [2024-12-19T15:37:57.749+0000] {dagbag.py:538} INFO - Filling up the DagBag from /home/airflow/.local/lib/python3.11/site-packages/airflow/example_dags/example_kubernetes_executor.py
[2024-12-19T15:37:57.768+0000] {processor.py:840} INFO - DAG(s) 'example_kubernetes_executor' retrieved from /home/airflow/.local/lib/python3.11/site-packages/airflow/example_dags/example_kubernetes_executor.py
[2024-12-19T15:37:57.834+0000] {logging_mixin.py:188} INFO - [2024-12-19T15:37:57.834+0000] {dag.py:3036} INFO - Sync 1 DAGs
[2024-12-19T15:37:57.862+0000] {logging_mixin.py:188} INFO - [2024-12-19T15:37:57.862+0000] {dag.py:3823} INFO - Setting next_dagrun for example_kubernetes_executor to None, run_after=None
[2024-12-19T15:37:57.886+0000] {processor.py:183} INFO - Processing /home/airflow/.local/lib/python3.11/site-packages/airflow/example_dags/example_kubernetes_executor.py took 0.148 seconds
[2024-12-19T15:38:28.724+0000] {processor.py:161} INFO - Started process (PID=264) to work on /home/airflow/.local/lib/python3.11/site-packages/airflow/example_dags/example_kubernetes_executor.py
[2024-12-19T15:38:28.725+0000] {processor.py:830} INFO - Processing file /home/airflow/.local/lib/python3.11/site-packages/airflow/example_dags/example_kubernetes_executor.py for tasks to queue
[2024-12-19T15:38:28.728+0000] {logging_mixin.py:188} INFO - [2024-12-19T15:38:28.727+0000] {dagbag.py:538} INFO - Filling up the DagBag from /home/airflow/.local/lib/python3.11/site-packages/airflow/example_dags/example_kubernetes_executor.py
[2024-12-19T15:38:28.743+0000] {processor.py:840} INFO - DAG(s) 'example_kubernetes_executor' retrieved from /home/airflow/.local/lib/python3.11/site-packages/airflow/example_dags/example_kubernetes_executor.py
[2024-12-19T15:38:28.790+0000] {logging_mixin.py:188} INFO - [2024-12-19T15:38:28.790+0000] {dag.py:3036} INFO - Sync 1 DAGs
[2024-12-19T15:38:28.806+0000] {logging_mixin.py:188} INFO - [2024-12-19T15:38:28.805+0000] {dag.py:3823} INFO - Setting next_dagrun for example_kubernetes_executor to None, run_after=None
[2024-12-19T15:38:28.832+0000] {processor.py:183} INFO - Processing /home/airflow/.local/lib/python3.11/site-packages/airflow/example_dags/example_kubernetes_executor.py took 0.111 seconds
[2024-12-19T15:38:59.770+0000] {processor.py:161} INFO - Started process (PID=328) to work on /home/airflow/.local/lib/python3.11/site-packages/airflow/example_dags/example_kubernetes_executor.py
[2024-12-19T15:38:59.771+0000] {processor.py:830} INFO - Processing file /home/airflow/.local/lib/python3.11/site-packages/airflow/example_dags/example_kubernetes_executor.py for tasks to queue
[2024-12-19T15:38:59.773+0000] {logging_mixin.py:188} INFO - [2024-12-19T15:38:59.773+0000] {dagbag.py:538} INFO - Filling up the DagBag from /home/airflow/.local/lib/python3.11/site-packages/airflow/example_dags/example_kubernetes_executor.py
[2024-12-19T15:38:59.787+0000] {processor.py:840} INFO - DAG(s) 'example_kubernetes_executor' retrieved from /home/airflow/.local/lib/python3.11/site-packages/airflow/example_dags/example_kubernetes_executor.py
[2024-12-19T15:38:59.830+0000] {logging_mixin.py:188} INFO - [2024-12-19T15:38:59.829+0000] {dag.py:3036} INFO - Sync 1 DAGs
[2024-12-19T15:38:59.842+0000] {logging_mixin.py:188} INFO - [2024-12-19T15:38:59.841+0000] {dag.py:3823} INFO - Setting next_dagrun for example_kubernetes_executor to None, run_after=None
[2024-12-19T15:38:59.872+0000] {processor.py:183} INFO - Processing /home/airflow/.local/lib/python3.11/site-packages/airflow/example_dags/example_kubernetes_executor.py took 0.106 seconds
[2024-12-19T15:39:31.607+0000] {processor.py:161} INFO - Started process (PID=399) to work on /home/airflow/.local/lib/python3.11/site-packages/airflow/example_dags/example_kubernetes_executor.py
[2024-12-19T15:39:31.609+0000] {processor.py:830} INFO - Processing file /home/airflow/.local/lib/python3.11/site-packages/airflow/example_dags/example_kubernetes_executor.py for tasks to queue
[2024-12-19T15:39:31.613+0000] {logging_mixin.py:188} INFO - [2024-12-19T15:39:31.612+0000] {dagbag.py:538} INFO - Filling up the DagBag from /home/airflow/.local/lib/python3.11/site-packages/airflow/example_dags/example_kubernetes_executor.py
[2024-12-19T15:39:31.661+0000] {processor.py:840} INFO - DAG(s) 'example_kubernetes_executor' retrieved from /home/airflow/.local/lib/python3.11/site-packages/airflow/example_dags/example_kubernetes_executor.py
[2024-12-19T15:43:06.069+0000] {processor.py:161} INFO - Started process (PID=137) to work on /home/airflow/.local/lib/python3.11/site-packages/airflow/example_dags/example_kubernetes_executor.py
[2024-12-19T15:43:06.070+0000] {processor.py:830} INFO - Processing file /home/airflow/.local/lib/python3.11/site-packages/airflow/example_dags/example_kubernetes_executor.py for tasks to queue
[2024-12-19T15:43:06.073+0000] {logging_mixin.py:188} INFO - [2024-12-19T15:43:06.072+0000] {dagbag.py:538} INFO - Filling up the DagBag from /home/airflow/.local/lib/python3.11/site-packages/airflow/example_dags/example_kubernetes_executor.py
[2024-12-19T15:43:06.088+0000] {processor.py:840} INFO - DAG(s) 'example_kubernetes_executor' retrieved from /home/airflow/.local/lib/python3.11/site-packages/airflow/example_dags/example_kubernetes_executor.py
[2024-12-19T15:43:06.226+0000] {logging_mixin.py:188} INFO - [2024-12-19T15:43:06.226+0000] {dag.py:3036} INFO - Sync 1 DAGs
[2024-12-19T15:43:06.237+0000] {logging_mixin.py:188} INFO - [2024-12-19T15:43:06.237+0000] {dag.py:3823} INFO - Setting next_dagrun for example_kubernetes_executor to None, run_after=None
[2024-12-19T15:43:06.268+0000] {processor.py:183} INFO - Processing /home/airflow/.local/lib/python3.11/site-packages/airflow/example_dags/example_kubernetes_executor.py took 0.202 seconds
[2024-12-19T15:43:37.222+0000] {processor.py:161} INFO - Started process (PID=201) to work on /home/airflow/.local/lib/python3.11/site-packages/airflow/example_dags/example_kubernetes_executor.py
[2024-12-19T15:43:37.224+0000] {processor.py:830} INFO - Processing file /home/airflow/.local/lib/python3.11/site-packages/airflow/example_dags/example_kubernetes_executor.py for tasks to queue
[2024-12-19T15:43:37.228+0000] {logging_mixin.py:188} INFO - [2024-12-19T15:43:37.228+0000] {dagbag.py:538} INFO - Filling up the DagBag from /home/airflow/.local/lib/python3.11/site-packages/airflow/example_dags/example_kubernetes_executor.py
[2024-12-19T15:43:37.250+0000] {processor.py:840} INFO - DAG(s) 'example_kubernetes_executor' retrieved from /home/airflow/.local/lib/python3.11/site-packages/airflow/example_dags/example_kubernetes_executor.py
[2024-12-19T15:43:37.302+0000] {logging_mixin.py:188} INFO - [2024-12-19T15:43:37.301+0000] {dag.py:3036} INFO - Sync 1 DAGs
[2024-12-19T15:43:37.317+0000] {logging_mixin.py:188} INFO - [2024-12-19T15:43:37.317+0000] {dag.py:3823} INFO - Setting next_dagrun for example_kubernetes_executor to None, run_after=None
[2024-12-19T15:43:37.347+0000] {processor.py:183} INFO - Processing /home/airflow/.local/lib/python3.11/site-packages/airflow/example_dags/example_kubernetes_executor.py took 0.129 seconds
[2024-12-19T15:44:07.437+0000] {processor.py:161} INFO - Started process (PID=265) to work on /home/airflow/.local/lib/python3.11/site-packages/airflow/example_dags/example_kubernetes_executor.py
[2024-12-19T15:44:07.438+0000] {processor.py:830} INFO - Processing file /home/airflow/.local/lib/python3.11/site-packages/airflow/example_dags/example_kubernetes_executor.py for tasks to queue
[2024-12-19T15:44:07.441+0000] {logging_mixin.py:188} INFO - [2024-12-19T15:44:07.440+0000] {dagbag.py:538} INFO - Filling up the DagBag from /home/airflow/.local/lib/python3.11/site-packages/airflow/example_dags/example_kubernetes_executor.py
[2024-12-19T15:44:07.457+0000] {processor.py:840} INFO - DAG(s) 'example_kubernetes_executor' retrieved from /home/airflow/.local/lib/python3.11/site-packages/airflow/example_dags/example_kubernetes_executor.py
[2024-12-19T15:44:07.506+0000] {logging_mixin.py:188} INFO - [2024-12-19T15:44:07.506+0000] {dag.py:3036} INFO - Sync 1 DAGs
[2024-12-19T15:44:07.525+0000] {logging_mixin.py:188} INFO - [2024-12-19T15:44:07.525+0000] {dag.py:3823} INFO - Setting next_dagrun for example_kubernetes_executor to None, run_after=None
[2024-12-19T15:44:07.566+0000] {processor.py:183} INFO - Processing /home/airflow/.local/lib/python3.11/site-packages/airflow/example_dags/example_kubernetes_executor.py took 0.134 seconds
[2024-12-19T15:44:38.415+0000] {processor.py:161} INFO - Started process (PID=336) to work on /home/airflow/.local/lib/python3.11/site-packages/airflow/example_dags/example_kubernetes_executor.py
[2024-12-19T15:44:38.417+0000] {processor.py:830} INFO - Processing file /home/airflow/.local/lib/python3.11/site-packages/airflow/example_dags/example_kubernetes_executor.py for tasks to queue
[2024-12-19T15:44:38.419+0000] {logging_mixin.py:188} INFO - [2024-12-19T15:44:38.419+0000] {dagbag.py:538} INFO - Filling up the DagBag from /home/airflow/.local/lib/python3.11/site-packages/airflow/example_dags/example_kubernetes_executor.py
[2024-12-19T15:44:38.436+0000] {processor.py:840} INFO - DAG(s) 'example_kubernetes_executor' retrieved from /home/airflow/.local/lib/python3.11/site-packages/airflow/example_dags/example_kubernetes_executor.py
[2024-12-19T15:44:38.492+0000] {logging_mixin.py:188} INFO - [2024-12-19T15:44:38.492+0000] {dag.py:3036} INFO - Sync 1 DAGs
[2024-12-19T15:44:38.508+0000] {logging_mixin.py:188} INFO - [2024-12-19T15:44:38.507+0000] {dag.py:3823} INFO - Setting next_dagrun for example_kubernetes_executor to None, run_after=None
[2024-12-19T15:44:38.538+0000] {processor.py:183} INFO - Processing /home/airflow/.local/lib/python3.11/site-packages/airflow/example_dags/example_kubernetes_executor.py took 0.127 seconds
[2024-12-19T15:45:08.826+0000] {processor.py:161} INFO - Started process (PID=400) to work on /home/airflow/.local/lib/python3.11/site-packages/airflow/example_dags/example_kubernetes_executor.py
[2024-12-19T15:45:08.827+0000] {processor.py:830} INFO - Processing file /home/airflow/.local/lib/python3.11/site-packages/airflow/example_dags/example_kubernetes_executor.py for tasks to queue
[2024-12-19T15:45:08.830+0000] {logging_mixin.py:188} INFO - [2024-12-19T15:45:08.829+0000] {dagbag.py:538} INFO - Filling up the DagBag from /home/airflow/.local/lib/python3.11/site-packages/airflow/example_dags/example_kubernetes_executor.py
[2024-12-19T15:45:08.845+0000] {processor.py:840} INFO - DAG(s) 'example_kubernetes_executor' retrieved from /home/airflow/.local/lib/python3.11/site-packages/airflow/example_dags/example_kubernetes_executor.py
[2024-12-19T15:45:08.889+0000] {logging_mixin.py:188} INFO - [2024-12-19T15:45:08.888+0000] {dag.py:3036} INFO - Sync 1 DAGs
[2024-12-19T15:45:08.903+0000] {logging_mixin.py:188} INFO - [2024-12-19T15:45:08.903+0000] {dag.py:3823} INFO - Setting next_dagrun for example_kubernetes_executor to None, run_after=None
[2024-12-19T15:45:08.927+0000] {processor.py:183} INFO - Processing /home/airflow/.local/lib/python3.11/site-packages/airflow/example_dags/example_kubernetes_executor.py took 0.105 seconds
[2024-12-19T15:45:39.381+0000] {processor.py:161} INFO - Started process (PID=464) to work on /home/airflow/.local/lib/python3.11/site-packages/airflow/example_dags/example_kubernetes_executor.py
[2024-12-19T15:45:39.382+0000] {processor.py:830} INFO - Processing file /home/airflow/.local/lib/python3.11/site-packages/airflow/example_dags/example_kubernetes_executor.py for tasks to queue
[2024-12-19T15:45:39.385+0000] {logging_mixin.py:188} INFO - [2024-12-19T15:45:39.384+0000] {dagbag.py:538} INFO - Filling up the DagBag from /home/airflow/.local/lib/python3.11/site-packages/airflow/example_dags/example_kubernetes_executor.py
[2024-12-19T15:45:39.404+0000] {processor.py:840} INFO - DAG(s) 'example_kubernetes_executor' retrieved from /home/airflow/.local/lib/python3.11/site-packages/airflow/example_dags/example_kubernetes_executor.py
[2024-12-19T15:45:39.459+0000] {logging_mixin.py:188} INFO - [2024-12-19T15:45:39.458+0000] {dag.py:3036} INFO - Sync 1 DAGs
[2024-12-19T15:45:39.476+0000] {logging_mixin.py:188} INFO - [2024-12-19T15:45:39.476+0000] {dag.py:3823} INFO - Setting next_dagrun for example_kubernetes_executor to None, run_after=None
[2024-12-19T15:45:39.505+0000] {processor.py:183} INFO - Processing /home/airflow/.local/lib/python3.11/site-packages/airflow/example_dags/example_kubernetes_executor.py took 0.130 seconds
[2024-12-19T15:46:09.797+0000] {processor.py:161} INFO - Started process (PID=535) to work on /home/airflow/.local/lib/python3.11/site-packages/airflow/example_dags/example_kubernetes_executor.py
[2024-12-19T15:46:09.798+0000] {processor.py:830} INFO - Processing file /home/airflow/.local/lib/python3.11/site-packages/airflow/example_dags/example_kubernetes_executor.py for tasks to queue
[2024-12-19T15:46:09.801+0000] {logging_mixin.py:188} INFO - [2024-12-19T15:46:09.801+0000] {dagbag.py:538} INFO - Filling up the DagBag from /home/airflow/.local/lib/python3.11/site-packages/airflow/example_dags/example_kubernetes_executor.py
[2024-12-19T15:46:09.817+0000] {processor.py:840} INFO - DAG(s) 'example_kubernetes_executor' retrieved from /home/airflow/.local/lib/python3.11/site-packages/airflow/example_dags/example_kubernetes_executor.py
[2024-12-19T15:46:09.876+0000] {logging_mixin.py:188} INFO - [2024-12-19T15:46:09.876+0000] {dag.py:3036} INFO - Sync 1 DAGs
[2024-12-19T15:46:09.899+0000] {logging_mixin.py:188} INFO - [2024-12-19T15:46:09.899+0000] {dag.py:3823} INFO - Setting next_dagrun for example_kubernetes_executor to None, run_after=None
[2024-12-19T15:46:09.927+0000] {processor.py:183} INFO - Processing /home/airflow/.local/lib/python3.11/site-packages/airflow/example_dags/example_kubernetes_executor.py took 0.135 seconds
[2024-12-19T15:46:40.475+0000] {processor.py:161} INFO - Started process (PID=598) to work on /home/airflow/.local/lib/python3.11/site-packages/airflow/example_dags/example_kubernetes_executor.py
[2024-12-19T15:46:40.477+0000] {processor.py:830} INFO - Processing file /home/airflow/.local/lib/python3.11/site-packages/airflow/example_dags/example_kubernetes_executor.py for tasks to queue
[2024-12-19T15:46:40.479+0000] {logging_mixin.py:188} INFO - [2024-12-19T15:46:40.479+0000] {dagbag.py:538} INFO - Filling up the DagBag from /home/airflow/.local/lib/python3.11/site-packages/airflow/example_dags/example_kubernetes_executor.py
[2024-12-19T15:46:40.497+0000] {processor.py:840} INFO - DAG(s) 'example_kubernetes_executor' retrieved from /home/airflow/.local/lib/python3.11/site-packages/airflow/example_dags/example_kubernetes_executor.py
[2024-12-19T15:46:40.548+0000] {logging_mixin.py:188} INFO - [2024-12-19T15:46:40.548+0000] {dag.py:3036} INFO - Sync 1 DAGs
[2024-12-19T15:46:40.569+0000] {logging_mixin.py:188} INFO - [2024-12-19T15:46:40.569+0000] {dag.py:3823} INFO - Setting next_dagrun for example_kubernetes_executor to None, run_after=None
[2024-12-19T15:46:40.611+0000] {processor.py:183} INFO - Processing /home/airflow/.local/lib/python3.11/site-packages/airflow/example_dags/example_kubernetes_executor.py took 0.141 seconds
[2024-12-19T15:47:10.879+0000] {processor.py:161} INFO - Started process (PID=662) to work on /home/airflow/.local/lib/python3.11/site-packages/airflow/example_dags/example_kubernetes_executor.py
[2024-12-19T15:47:10.881+0000] {processor.py:830} INFO - Processing file /home/airflow/.local/lib/python3.11/site-packages/airflow/example_dags/example_kubernetes_executor.py for tasks to queue
[2024-12-19T15:47:10.886+0000] {logging_mixin.py:188} INFO - [2024-12-19T15:47:10.885+0000] {dagbag.py:538} INFO - Filling up the DagBag from /home/airflow/.local/lib/python3.11/site-packages/airflow/example_dags/example_kubernetes_executor.py
[2024-12-19T15:47:10.916+0000] {processor.py:840} INFO - DAG(s) 'example_kubernetes_executor' retrieved from /home/airflow/.local/lib/python3.11/site-packages/airflow/example_dags/example_kubernetes_executor.py
[2024-12-19T15:47:10.974+0000] {logging_mixin.py:188} INFO - [2024-12-19T15:47:10.973+0000] {dag.py:3036} INFO - Sync 1 DAGs
[2024-12-19T15:47:10.988+0000] {logging_mixin.py:188} INFO - [2024-12-19T15:47:10.988+0000] {dag.py:3823} INFO - Setting next_dagrun for example_kubernetes_executor to None, run_after=None
[2024-12-19T15:47:11.019+0000] {processor.py:183} INFO - Processing /home/airflow/.local/lib/python3.11/site-packages/airflow/example_dags/example_kubernetes_executor.py took 0.147 seconds
[2024-12-19T15:47:41.418+0000] {processor.py:161} INFO - Started process (PID=746) to work on /home/airflow/.local/lib/python3.11/site-packages/airflow/example_dags/example_kubernetes_executor.py
[2024-12-19T15:47:41.420+0000] {processor.py:830} INFO - Processing file /home/airflow/.local/lib/python3.11/site-packages/airflow/example_dags/example_kubernetes_executor.py for tasks to queue
[2024-12-19T15:47:41.423+0000] {logging_mixin.py:188} INFO - [2024-12-19T15:47:41.423+0000] {dagbag.py:538} INFO - Filling up the DagBag from /home/airflow/.local/lib/python3.11/site-packages/airflow/example_dags/example_kubernetes_executor.py
[2024-12-19T15:47:41.442+0000] {processor.py:840} INFO - DAG(s) 'example_kubernetes_executor' retrieved from /home/airflow/.local/lib/python3.11/site-packages/airflow/example_dags/example_kubernetes_executor.py
[2024-12-19T15:47:41.498+0000] {logging_mixin.py:188} INFO - [2024-12-19T15:47:41.498+0000] {dag.py:3036} INFO - Sync 1 DAGs
[2024-12-19T15:47:41.512+0000] {logging_mixin.py:188} INFO - [2024-12-19T15:47:41.512+0000] {dag.py:3823} INFO - Setting next_dagrun for example_kubernetes_executor to None, run_after=None
[2024-12-19T15:47:41.544+0000] {processor.py:183} INFO - Processing /home/airflow/.local/lib/python3.11/site-packages/airflow/example_dags/example_kubernetes_executor.py took 0.131 seconds
[2024-12-19T15:48:12.258+0000] {processor.py:161} INFO - Started process (PID=819) to work on /home/airflow/.local/lib/python3.11/site-packages/airflow/example_dags/example_kubernetes_executor.py
[2024-12-19T15:48:12.259+0000] {processor.py:830} INFO - Processing file /home/airflow/.local/lib/python3.11/site-packages/airflow/example_dags/example_kubernetes_executor.py for tasks to queue
[2024-12-19T15:48:12.262+0000] {logging_mixin.py:188} INFO - [2024-12-19T15:48:12.261+0000] {dagbag.py:538} INFO - Filling up the DagBag from /home/airflow/.local/lib/python3.11/site-packages/airflow/example_dags/example_kubernetes_executor.py
[2024-12-19T15:48:12.287+0000] {processor.py:840} INFO - DAG(s) 'example_kubernetes_executor' retrieved from /home/airflow/.local/lib/python3.11/site-packages/airflow/example_dags/example_kubernetes_executor.py
[2024-12-19T15:48:12.340+0000] {logging_mixin.py:188} INFO - [2024-12-19T15:48:12.340+0000] {dag.py:3036} INFO - Sync 1 DAGs
[2024-12-19T15:48:12.357+0000] {logging_mixin.py:188} INFO - [2024-12-19T15:48:12.356+0000] {dag.py:3823} INFO - Setting next_dagrun for example_kubernetes_executor to None, run_after=None
[2024-12-19T15:48:12.382+0000] {processor.py:183} INFO - Processing /home/airflow/.local/lib/python3.11/site-packages/airflow/example_dags/example_kubernetes_executor.py took 0.129 seconds
[2024-12-19T15:48:42.527+0000] {processor.py:161} INFO - Started process (PID=884) to work on /home/airflow/.local/lib/python3.11/site-packages/airflow/example_dags/example_kubernetes_executor.py
[2024-12-19T15:48:42.528+0000] {processor.py:830} INFO - Processing file /home/airflow/.local/lib/python3.11/site-packages/airflow/example_dags/example_kubernetes_executor.py for tasks to queue
[2024-12-19T15:48:42.531+0000] {logging_mixin.py:188} INFO - [2024-12-19T15:48:42.531+0000] {dagbag.py:538} INFO - Filling up the DagBag from /home/airflow/.local/lib/python3.11/site-packages/airflow/example_dags/example_kubernetes_executor.py
[2024-12-19T15:48:42.549+0000] {processor.py:840} INFO - DAG(s) 'example_kubernetes_executor' retrieved from /home/airflow/.local/lib/python3.11/site-packages/airflow/example_dags/example_kubernetes_executor.py
[2024-12-19T15:48:42.607+0000] {logging_mixin.py:188} INFO - [2024-12-19T15:48:42.607+0000] {dag.py:3036} INFO - Sync 1 DAGs
[2024-12-19T15:48:42.626+0000] {logging_mixin.py:188} INFO - [2024-12-19T15:48:42.626+0000] {dag.py:3823} INFO - Setting next_dagrun for example_kubernetes_executor to None, run_after=None
[2024-12-19T15:48:42.653+0000] {processor.py:183} INFO - Processing /home/airflow/.local/lib/python3.11/site-packages/airflow/example_dags/example_kubernetes_executor.py took 0.131 seconds
[2024-12-19T15:49:13.288+0000] {processor.py:161} INFO - Started process (PID=957) to work on /home/airflow/.local/lib/python3.11/site-packages/airflow/example_dags/example_kubernetes_executor.py
[2024-12-19T15:49:13.289+0000] {processor.py:830} INFO - Processing file /home/airflow/.local/lib/python3.11/site-packages/airflow/example_dags/example_kubernetes_executor.py for tasks to queue
[2024-12-19T15:49:13.292+0000] {logging_mixin.py:188} INFO - [2024-12-19T15:49:13.291+0000] {dagbag.py:538} INFO - Filling up the DagBag from /home/airflow/.local/lib/python3.11/site-packages/airflow/example_dags/example_kubernetes_executor.py
[2024-12-19T15:49:13.308+0000] {processor.py:840} INFO - DAG(s) 'example_kubernetes_executor' retrieved from /home/airflow/.local/lib/python3.11/site-packages/airflow/example_dags/example_kubernetes_executor.py
[2024-12-19T15:49:13.358+0000] {logging_mixin.py:188} INFO - [2024-12-19T15:49:13.358+0000] {dag.py:3036} INFO - Sync 1 DAGs
[2024-12-19T15:49:13.372+0000] {logging_mixin.py:188} INFO - [2024-12-19T15:49:13.372+0000] {dag.py:3823} INFO - Setting next_dagrun for example_kubernetes_executor to None, run_after=None
[2024-12-19T15:49:13.396+0000] {processor.py:183} INFO - Processing /home/airflow/.local/lib/python3.11/site-packages/airflow/example_dags/example_kubernetes_executor.py took 0.112 seconds
[2024-12-19T15:49:43.895+0000] {processor.py:161} INFO - Started process (PID=1023) to work on /home/airflow/.local/lib/python3.11/site-packages/airflow/example_dags/example_kubernetes_executor.py
[2024-12-19T15:49:43.897+0000] {processor.py:830} INFO - Processing file /home/airflow/.local/lib/python3.11/site-packages/airflow/example_dags/example_kubernetes_executor.py for tasks to queue
[2024-12-19T15:49:43.900+0000] {logging_mixin.py:188} INFO - [2024-12-19T15:49:43.899+0000] {dagbag.py:538} INFO - Filling up the DagBag from /home/airflow/.local/lib/python3.11/site-packages/airflow/example_dags/example_kubernetes_executor.py
[2024-12-19T15:49:43.916+0000] {processor.py:840} INFO - DAG(s) 'example_kubernetes_executor' retrieved from /home/airflow/.local/lib/python3.11/site-packages/airflow/example_dags/example_kubernetes_executor.py
[2024-12-19T15:49:43.965+0000] {logging_mixin.py:188} INFO - [2024-12-19T15:49:43.964+0000] {dag.py:3036} INFO - Sync 1 DAGs
[2024-12-19T15:49:43.981+0000] {logging_mixin.py:188} INFO - [2024-12-19T15:49:43.981+0000] {dag.py:3823} INFO - Setting next_dagrun for example_kubernetes_executor to None, run_after=None
[2024-12-19T15:49:44.009+0000] {processor.py:183} INFO - Processing /home/airflow/.local/lib/python3.11/site-packages/airflow/example_dags/example_kubernetes_executor.py took 0.117 seconds
[2024-12-19T15:50:14.384+0000] {processor.py:161} INFO - Started process (PID=1094) to work on /home/airflow/.local/lib/python3.11/site-packages/airflow/example_dags/example_kubernetes_executor.py
[2024-12-19T15:50:14.386+0000] {processor.py:830} INFO - Processing file /home/airflow/.local/lib/python3.11/site-packages/airflow/example_dags/example_kubernetes_executor.py for tasks to queue
[2024-12-19T15:50:14.389+0000] {logging_mixin.py:188} INFO - [2024-12-19T15:50:14.388+0000] {dagbag.py:538} INFO - Filling up the DagBag from /home/airflow/.local/lib/python3.11/site-packages/airflow/example_dags/example_kubernetes_executor.py
[2024-12-19T15:50:14.409+0000] {processor.py:840} INFO - DAG(s) 'example_kubernetes_executor' retrieved from /home/airflow/.local/lib/python3.11/site-packages/airflow/example_dags/example_kubernetes_executor.py
[2024-12-19T15:50:14.463+0000] {logging_mixin.py:188} INFO - [2024-12-19T15:50:14.463+0000] {dag.py:3036} INFO - Sync 1 DAGs
[2024-12-19T15:50:14.496+0000] {logging_mixin.py:188} INFO - [2024-12-19T15:50:14.496+0000] {dag.py:3823} INFO - Setting next_dagrun for example_kubernetes_executor to None, run_after=None
[2024-12-19T15:50:14.531+0000] {processor.py:183} INFO - Processing /home/airflow/.local/lib/python3.11/site-packages/airflow/example_dags/example_kubernetes_executor.py took 0.154 seconds
[2024-12-19T15:50:45.153+0000] {processor.py:161} INFO - Started process (PID=1159) to work on /home/airflow/.local/lib/python3.11/site-packages/airflow/example_dags/example_kubernetes_executor.py
[2024-12-19T15:50:45.156+0000] {processor.py:830} INFO - Processing file /home/airflow/.local/lib/python3.11/site-packages/airflow/example_dags/example_kubernetes_executor.py for tasks to queue
[2024-12-19T15:50:45.160+0000] {logging_mixin.py:188} INFO - [2024-12-19T15:50:45.159+0000] {dagbag.py:538} INFO - Filling up the DagBag from /home/airflow/.local/lib/python3.11/site-packages/airflow/example_dags/example_kubernetes_executor.py
[2024-12-19T15:50:45.187+0000] {processor.py:840} INFO - DAG(s) 'example_kubernetes_executor' retrieved from /home/airflow/.local/lib/python3.11/site-packages/airflow/example_dags/example_kubernetes_executor.py
[2024-12-19T15:50:45.268+0000] {logging_mixin.py:188} INFO - [2024-12-19T15:50:45.267+0000] {dag.py:3036} INFO - Sync 1 DAGs
[2024-12-19T15:50:45.286+0000] {logging_mixin.py:188} INFO - [2024-12-19T15:50:45.286+0000] {dag.py:3823} INFO - Setting next_dagrun for example_kubernetes_executor to None, run_after=None
[2024-12-19T15:50:45.311+0000] {processor.py:183} INFO - Processing /home/airflow/.local/lib/python3.11/site-packages/airflow/example_dags/example_kubernetes_executor.py took 0.165 seconds
[2024-12-19T15:51:15.601+0000] {processor.py:161} INFO - Started process (PID=1223) to work on /home/airflow/.local/lib/python3.11/site-packages/airflow/example_dags/example_kubernetes_executor.py
[2024-12-19T15:51:15.603+0000] {processor.py:830} INFO - Processing file /home/airflow/.local/lib/python3.11/site-packages/airflow/example_dags/example_kubernetes_executor.py for tasks to queue
[2024-12-19T15:51:15.606+0000] {logging_mixin.py:188} INFO - [2024-12-19T15:51:15.605+0000] {dagbag.py:538} INFO - Filling up the DagBag from /home/airflow/.local/lib/python3.11/site-packages/airflow/example_dags/example_kubernetes_executor.py
[2024-12-19T15:51:15.620+0000] {processor.py:840} INFO - DAG(s) 'example_kubernetes_executor' retrieved from /home/airflow/.local/lib/python3.11/site-packages/airflow/example_dags/example_kubernetes_executor.py
[2024-12-19T15:51:15.667+0000] {logging_mixin.py:188} INFO - [2024-12-19T15:51:15.667+0000] {dag.py:3036} INFO - Sync 1 DAGs
[2024-12-19T15:51:15.682+0000] {logging_mixin.py:188} INFO - [2024-12-19T15:51:15.681+0000] {dag.py:3823} INFO - Setting next_dagrun for example_kubernetes_executor to None, run_after=None
[2024-12-19T15:51:15.712+0000] {processor.py:183} INFO - Processing /home/airflow/.local/lib/python3.11/site-packages/airflow/example_dags/example_kubernetes_executor.py took 0.114 seconds
[2024-12-19T15:53:48.630+0000] {processor.py:161} INFO - Started process (PID=137) to work on /home/airflow/.local/lib/python3.11/site-packages/airflow/example_dags/example_kubernetes_executor.py
[2024-12-19T15:53:48.631+0000] {processor.py:830} INFO - Processing file /home/airflow/.local/lib/python3.11/site-packages/airflow/example_dags/example_kubernetes_executor.py for tasks to queue
[2024-12-19T15:53:48.636+0000] {logging_mixin.py:188} INFO - [2024-12-19T15:53:48.635+0000] {dagbag.py:538} INFO - Filling up the DagBag from /home/airflow/.local/lib/python3.11/site-packages/airflow/example_dags/example_kubernetes_executor.py
[2024-12-19T15:53:48.666+0000] {processor.py:840} INFO - DAG(s) 'example_kubernetes_executor' retrieved from /home/airflow/.local/lib/python3.11/site-packages/airflow/example_dags/example_kubernetes_executor.py
[2024-12-19T15:53:48.895+0000] {logging_mixin.py:188} INFO - [2024-12-19T15:53:48.895+0000] {dag.py:3036} INFO - Sync 1 DAGs
[2024-12-19T15:53:48.923+0000] {logging_mixin.py:188} INFO - [2024-12-19T15:53:48.922+0000] {dag.py:3823} INFO - Setting next_dagrun for example_kubernetes_executor to None, run_after=None
[2024-12-19T15:53:48.991+0000] {processor.py:183} INFO - Processing /home/airflow/.local/lib/python3.11/site-packages/airflow/example_dags/example_kubernetes_executor.py took 0.368 seconds
[2024-12-19T15:54:19.259+0000] {processor.py:161} INFO - Started process (PID=201) to work on /home/airflow/.local/lib/python3.11/site-packages/airflow/example_dags/example_kubernetes_executor.py
[2024-12-19T15:54:19.261+0000] {processor.py:830} INFO - Processing file /home/airflow/.local/lib/python3.11/site-packages/airflow/example_dags/example_kubernetes_executor.py for tasks to queue
[2024-12-19T15:54:19.263+0000] {logging_mixin.py:188} INFO - [2024-12-19T15:54:19.263+0000] {dagbag.py:538} INFO - Filling up the DagBag from /home/airflow/.local/lib/python3.11/site-packages/airflow/example_dags/example_kubernetes_executor.py
[2024-12-19T15:54:19.280+0000] {processor.py:840} INFO - DAG(s) 'example_kubernetes_executor' retrieved from /home/airflow/.local/lib/python3.11/site-packages/airflow/example_dags/example_kubernetes_executor.py
[2024-12-19T15:54:19.328+0000] {logging_mixin.py:188} INFO - [2024-12-19T15:54:19.328+0000] {dag.py:3036} INFO - Sync 1 DAGs
[2024-12-19T15:54:19.343+0000] {logging_mixin.py:188} INFO - [2024-12-19T15:54:19.342+0000] {dag.py:3823} INFO - Setting next_dagrun for example_kubernetes_executor to None, run_after=None
[2024-12-19T15:54:19.368+0000] {processor.py:183} INFO - Processing /home/airflow/.local/lib/python3.11/site-packages/airflow/example_dags/example_kubernetes_executor.py took 0.113 seconds
[2024-12-19T15:54:50.239+0000] {processor.py:161} INFO - Started process (PID=272) to work on /home/airflow/.local/lib/python3.11/site-packages/airflow/example_dags/example_kubernetes_executor.py
[2024-12-19T15:54:50.240+0000] {processor.py:830} INFO - Processing file /home/airflow/.local/lib/python3.11/site-packages/airflow/example_dags/example_kubernetes_executor.py for tasks to queue
[2024-12-19T15:54:50.242+0000] {logging_mixin.py:188} INFO - [2024-12-19T15:54:50.242+0000] {dagbag.py:538} INFO - Filling up the DagBag from /home/airflow/.local/lib/python3.11/site-packages/airflow/example_dags/example_kubernetes_executor.py
[2024-12-19T15:54:50.256+0000] {processor.py:840} INFO - DAG(s) 'example_kubernetes_executor' retrieved from /home/airflow/.local/lib/python3.11/site-packages/airflow/example_dags/example_kubernetes_executor.py
[2024-12-19T15:54:50.301+0000] {logging_mixin.py:188} INFO - [2024-12-19T15:54:50.301+0000] {dag.py:3036} INFO - Sync 1 DAGs
[2024-12-19T15:54:50.315+0000] {logging_mixin.py:188} INFO - [2024-12-19T15:54:50.315+0000] {dag.py:3823} INFO - Setting next_dagrun for example_kubernetes_executor to None, run_after=None
[2024-12-19T15:54:50.338+0000] {processor.py:183} INFO - Processing /home/airflow/.local/lib/python3.11/site-packages/airflow/example_dags/example_kubernetes_executor.py took 0.102 seconds
[2024-12-19T15:55:20.887+0000] {processor.py:161} INFO - Started process (PID=336) to work on /home/airflow/.local/lib/python3.11/site-packages/airflow/example_dags/example_kubernetes_executor.py
[2024-12-19T15:55:20.888+0000] {processor.py:830} INFO - Processing file /home/airflow/.local/lib/python3.11/site-packages/airflow/example_dags/example_kubernetes_executor.py for tasks to queue
[2024-12-19T15:55:20.891+0000] {logging_mixin.py:188} INFO - [2024-12-19T15:55:20.891+0000] {dagbag.py:538} INFO - Filling up the DagBag from /home/airflow/.local/lib/python3.11/site-packages/airflow/example_dags/example_kubernetes_executor.py
[2024-12-19T15:55:20.905+0000] {processor.py:840} INFO - DAG(s) 'example_kubernetes_executor' retrieved from /home/airflow/.local/lib/python3.11/site-packages/airflow/example_dags/example_kubernetes_executor.py
[2024-12-19T15:55:20.954+0000] {logging_mixin.py:188} INFO - [2024-12-19T15:55:20.954+0000] {dag.py:3036} INFO - Sync 1 DAGs
[2024-12-19T15:55:20.971+0000] {logging_mixin.py:188} INFO - [2024-12-19T15:55:20.970+0000] {dag.py:3823} INFO - Setting next_dagrun for example_kubernetes_executor to None, run_after=None
[2024-12-19T15:55:21.012+0000] {processor.py:183} INFO - Processing /home/airflow/.local/lib/python3.11/site-packages/airflow/example_dags/example_kubernetes_executor.py took 0.129 seconds
[2024-12-19T18:55:56.001+0000] {processor.py:161} INFO - Started process (PID=407) to work on /home/airflow/.local/lib/python3.11/site-packages/airflow/example_dags/example_kubernetes_executor.py
[2024-12-19T18:55:56.003+0000] {processor.py:830} INFO - Processing file /home/airflow/.local/lib/python3.11/site-packages/airflow/example_dags/example_kubernetes_executor.py for tasks to queue
[2024-12-19T18:55:56.008+0000] {logging_mixin.py:188} INFO - [2024-12-19T18:55:56.007+0000] {dagbag.py:538} INFO - Filling up the DagBag from /home/airflow/.local/lib/python3.11/site-packages/airflow/example_dags/example_kubernetes_executor.py
[2024-12-19T18:55:56.037+0000] {processor.py:840} INFO - DAG(s) 'example_kubernetes_executor' retrieved from /home/airflow/.local/lib/python3.11/site-packages/airflow/example_dags/example_kubernetes_executor.py
[2024-12-19T18:55:56.094+0000] {logging_mixin.py:188} INFO - [2024-12-19T18:55:56.094+0000] {dag.py:3036} INFO - Sync 1 DAGs
[2024-12-19T18:55:56.113+0000] {logging_mixin.py:188} INFO - [2024-12-19T18:55:56.112+0000] {dag.py:3823} INFO - Setting next_dagrun for example_kubernetes_executor to None, run_after=None
[2024-12-19T18:55:56.667+0000] {processor.py:183} INFO - Processing /home/airflow/.local/lib/python3.11/site-packages/airflow/example_dags/example_kubernetes_executor.py took 0.673 seconds
[2024-12-19T23:38:12.476+0000] {processor.py:161} INFO - Started process (PID=482) to work on /home/airflow/.local/lib/python3.11/site-packages/airflow/example_dags/example_kubernetes_executor.py
[2024-12-19T23:38:12.481+0000] {processor.py:830} INFO - Processing file /home/airflow/.local/lib/python3.11/site-packages/airflow/example_dags/example_kubernetes_executor.py for tasks to queue
[2024-12-19T23:38:12.484+0000] {logging_mixin.py:188} INFO - [2024-12-19T23:38:12.484+0000] {dagbag.py:538} INFO - Filling up the DagBag from /home/airflow/.local/lib/python3.11/site-packages/airflow/example_dags/example_kubernetes_executor.py
[2024-12-19T23:38:12.509+0000] {processor.py:840} INFO - DAG(s) 'example_kubernetes_executor' retrieved from /home/airflow/.local/lib/python3.11/site-packages/airflow/example_dags/example_kubernetes_executor.py
[2024-12-19T23:38:12.629+0000] {logging_mixin.py:188} INFO - [2024-12-19T23:38:12.628+0000] {dag.py:3036} INFO - Sync 1 DAGs
[2024-12-19T23:38:12.682+0000] {logging_mixin.py:188} INFO - [2024-12-19T23:38:12.682+0000] {dag.py:3823} INFO - Setting next_dagrun for example_kubernetes_executor to None, run_after=None
[2024-12-19T23:38:12.735+0000] {processor.py:183} INFO - Processing /home/airflow/.local/lib/python3.11/site-packages/airflow/example_dags/example_kubernetes_executor.py took 0.265 seconds
[2024-12-19T23:38:43.450+0000] {processor.py:161} INFO - Started process (PID=546) to work on /home/airflow/.local/lib/python3.11/site-packages/airflow/example_dags/example_kubernetes_executor.py
[2024-12-19T23:38:43.452+0000] {processor.py:830} INFO - Processing file /home/airflow/.local/lib/python3.11/site-packages/airflow/example_dags/example_kubernetes_executor.py for tasks to queue
[2024-12-19T23:38:43.461+0000] {logging_mixin.py:188} INFO - [2024-12-19T23:38:43.460+0000] {dagbag.py:538} INFO - Filling up the DagBag from /home/airflow/.local/lib/python3.11/site-packages/airflow/example_dags/example_kubernetes_executor.py
[2024-12-19T23:38:43.491+0000] {processor.py:840} INFO - DAG(s) 'example_kubernetes_executor' retrieved from /home/airflow/.local/lib/python3.11/site-packages/airflow/example_dags/example_kubernetes_executor.py
[2024-12-19T23:38:43.551+0000] {logging_mixin.py:188} INFO - [2024-12-19T23:38:43.550+0000] {dag.py:3036} INFO - Sync 1 DAGs
[2024-12-19T23:38:43.578+0000] {logging_mixin.py:188} INFO - [2024-12-19T23:38:43.578+0000] {dag.py:3823} INFO - Setting next_dagrun for example_kubernetes_executor to None, run_after=None
[2024-12-19T23:38:43.615+0000] {processor.py:183} INFO - Processing /home/airflow/.local/lib/python3.11/site-packages/airflow/example_dags/example_kubernetes_executor.py took 0.170 seconds
[2024-12-19T23:39:13.770+0000] {processor.py:161} INFO - Started process (PID=610) to work on /home/airflow/.local/lib/python3.11/site-packages/airflow/example_dags/example_kubernetes_executor.py
[2024-12-19T23:39:13.771+0000] {processor.py:830} INFO - Processing file /home/airflow/.local/lib/python3.11/site-packages/airflow/example_dags/example_kubernetes_executor.py for tasks to queue
[2024-12-19T23:39:13.774+0000] {logging_mixin.py:188} INFO - [2024-12-19T23:39:13.773+0000] {dagbag.py:538} INFO - Filling up the DagBag from /home/airflow/.local/lib/python3.11/site-packages/airflow/example_dags/example_kubernetes_executor.py
[2024-12-19T23:39:13.788+0000] {processor.py:840} INFO - DAG(s) 'example_kubernetes_executor' retrieved from /home/airflow/.local/lib/python3.11/site-packages/airflow/example_dags/example_kubernetes_executor.py
[2024-12-19T23:39:13.850+0000] {logging_mixin.py:188} INFO - [2024-12-19T23:39:13.849+0000] {dag.py:3036} INFO - Sync 1 DAGs
[2024-12-19T23:39:13.867+0000] {logging_mixin.py:188} INFO - [2024-12-19T23:39:13.867+0000] {dag.py:3823} INFO - Setting next_dagrun for example_kubernetes_executor to None, run_after=None
[2024-12-19T23:39:13.893+0000] {processor.py:183} INFO - Processing /home/airflow/.local/lib/python3.11/site-packages/airflow/example_dags/example_kubernetes_executor.py took 0.126 seconds
[2024-12-19T23:39:44.358+0000] {processor.py:161} INFO - Started process (PID=682) to work on /home/airflow/.local/lib/python3.11/site-packages/airflow/example_dags/example_kubernetes_executor.py
[2024-12-19T23:39:44.361+0000] {processor.py:830} INFO - Processing file /home/airflow/.local/lib/python3.11/site-packages/airflow/example_dags/example_kubernetes_executor.py for tasks to queue
[2024-12-19T23:39:44.365+0000] {logging_mixin.py:188} INFO - [2024-12-19T23:39:44.364+0000] {dagbag.py:538} INFO - Filling up the DagBag from /home/airflow/.local/lib/python3.11/site-packages/airflow/example_dags/example_kubernetes_executor.py
[2024-12-19T23:39:44.403+0000] {processor.py:840} INFO - DAG(s) 'example_kubernetes_executor' retrieved from /home/airflow/.local/lib/python3.11/site-packages/airflow/example_dags/example_kubernetes_executor.py
[2024-12-19T23:39:44.501+0000] {logging_mixin.py:188} INFO - [2024-12-19T23:39:44.501+0000] {dag.py:3036} INFO - Sync 1 DAGs
[2024-12-19T23:39:44.528+0000] {logging_mixin.py:188} INFO - [2024-12-19T23:39:44.528+0000] {dag.py:3823} INFO - Setting next_dagrun for example_kubernetes_executor to None, run_after=None
[2024-12-19T23:39:44.564+0000] {processor.py:183} INFO - Processing /home/airflow/.local/lib/python3.11/site-packages/airflow/example_dags/example_kubernetes_executor.py took 0.215 seconds
[2024-12-19T23:40:14.749+0000] {processor.py:161} INFO - Started process (PID=755) to work on /home/airflow/.local/lib/python3.11/site-packages/airflow/example_dags/example_kubernetes_executor.py
[2024-12-19T23:40:14.751+0000] {processor.py:830} INFO - Processing file /home/airflow/.local/lib/python3.11/site-packages/airflow/example_dags/example_kubernetes_executor.py for tasks to queue
[2024-12-19T23:40:14.754+0000] {logging_mixin.py:188} INFO - [2024-12-19T23:40:14.754+0000] {dagbag.py:538} INFO - Filling up the DagBag from /home/airflow/.local/lib/python3.11/site-packages/airflow/example_dags/example_kubernetes_executor.py
[2024-12-19T23:40:14.775+0000] {processor.py:840} INFO - DAG(s) 'example_kubernetes_executor' retrieved from /home/airflow/.local/lib/python3.11/site-packages/airflow/example_dags/example_kubernetes_executor.py
[2024-12-19T23:40:14.835+0000] {logging_mixin.py:188} INFO - [2024-12-19T23:40:14.835+0000] {dag.py:3036} INFO - Sync 1 DAGs
[2024-12-19T23:40:14.854+0000] {logging_mixin.py:188} INFO - [2024-12-19T23:40:14.853+0000] {dag.py:3823} INFO - Setting next_dagrun for example_kubernetes_executor to None, run_after=None
[2024-12-19T23:40:14.887+0000] {processor.py:183} INFO - Processing /home/airflow/.local/lib/python3.11/site-packages/airflow/example_dags/example_kubernetes_executor.py took 0.142 seconds
[2024-12-19T23:40:45.094+0000] {processor.py:161} INFO - Started process (PID=827) to work on /home/airflow/.local/lib/python3.11/site-packages/airflow/example_dags/example_kubernetes_executor.py
[2024-12-19T23:40:45.106+0000] {processor.py:830} INFO - Processing file /home/airflow/.local/lib/python3.11/site-packages/airflow/example_dags/example_kubernetes_executor.py for tasks to queue
[2024-12-19T23:40:45.110+0000] {logging_mixin.py:188} INFO - [2024-12-19T23:40:45.109+0000] {dagbag.py:538} INFO - Filling up the DagBag from /home/airflow/.local/lib/python3.11/site-packages/airflow/example_dags/example_kubernetes_executor.py
[2024-12-19T23:40:45.128+0000] {processor.py:840} INFO - DAG(s) 'example_kubernetes_executor' retrieved from /home/airflow/.local/lib/python3.11/site-packages/airflow/example_dags/example_kubernetes_executor.py
[2024-12-19T23:40:45.217+0000] {logging_mixin.py:188} INFO - [2024-12-19T23:40:45.217+0000] {dag.py:3036} INFO - Sync 1 DAGs
[2024-12-19T23:40:45.245+0000] {logging_mixin.py:188} INFO - [2024-12-19T23:40:45.245+0000] {dag.py:3823} INFO - Setting next_dagrun for example_kubernetes_executor to None, run_after=None
[2024-12-19T23:40:45.289+0000] {processor.py:183} INFO - Processing /home/airflow/.local/lib/python3.11/site-packages/airflow/example_dags/example_kubernetes_executor.py took 0.200 seconds
[2024-12-19T23:45:57.406+0000] {processor.py:161} INFO - Started process (PID=93) to work on /home/airflow/.local/lib/python3.11/site-packages/airflow/example_dags/example_kubernetes_executor.py
[2024-12-19T23:45:57.407+0000] {processor.py:830} INFO - Processing file /home/airflow/.local/lib/python3.11/site-packages/airflow/example_dags/example_kubernetes_executor.py for tasks to queue
[2024-12-19T23:45:57.409+0000] {logging_mixin.py:188} INFO - [2024-12-19T23:45:57.409+0000] {dagbag.py:538} INFO - Filling up the DagBag from /home/airflow/.local/lib/python3.11/site-packages/airflow/example_dags/example_kubernetes_executor.py
[2024-12-19T23:45:57.428+0000] {processor.py:840} INFO - DAG(s) 'example_kubernetes_executor' retrieved from /home/airflow/.local/lib/python3.11/site-packages/airflow/example_dags/example_kubernetes_executor.py
[2024-12-19T23:45:57.443+0000] {logging_mixin.py:188} INFO - [2024-12-19T23:45:57.443+0000] {dag.py:3036} INFO - Sync 1 DAGs
[2024-12-19T23:45:57.457+0000] {logging_mixin.py:188} INFO - [2024-12-19T23:45:57.457+0000] {dag.py:3823} INFO - Setting next_dagrun for example_kubernetes_executor to None, run_after=None
[2024-12-19T23:45:57.493+0000] {processor.py:183} INFO - Processing /home/airflow/.local/lib/python3.11/site-packages/airflow/example_dags/example_kubernetes_executor.py took 0.091 seconds
[2024-12-19T23:46:27.779+0000] {processor.py:161} INFO - Started process (PID=156) to work on /home/airflow/.local/lib/python3.11/site-packages/airflow/example_dags/example_kubernetes_executor.py
[2024-12-19T23:46:27.781+0000] {processor.py:830} INFO - Processing file /home/airflow/.local/lib/python3.11/site-packages/airflow/example_dags/example_kubernetes_executor.py for tasks to queue
[2024-12-19T23:46:27.783+0000] {logging_mixin.py:188} INFO - [2024-12-19T23:46:27.783+0000] {dagbag.py:538} INFO - Filling up the DagBag from /home/airflow/.local/lib/python3.11/site-packages/airflow/example_dags/example_kubernetes_executor.py
[2024-12-19T23:46:27.799+0000] {processor.py:840} INFO - DAG(s) 'example_kubernetes_executor' retrieved from /home/airflow/.local/lib/python3.11/site-packages/airflow/example_dags/example_kubernetes_executor.py
[2024-12-19T23:46:27.954+0000] {logging_mixin.py:188} INFO - [2024-12-19T23:46:27.954+0000] {dag.py:3036} INFO - Sync 1 DAGs
[2024-12-19T23:46:27.967+0000] {logging_mixin.py:188} INFO - [2024-12-19T23:46:27.967+0000] {dag.py:3823} INFO - Setting next_dagrun for example_kubernetes_executor to None, run_after=None
[2024-12-19T23:46:27.993+0000] {processor.py:183} INFO - Processing /home/airflow/.local/lib/python3.11/site-packages/airflow/example_dags/example_kubernetes_executor.py took 0.219 seconds
[2024-12-19T23:46:58.406+0000] {processor.py:161} INFO - Started process (PID=235) to work on /home/airflow/.local/lib/python3.11/site-packages/airflow/example_dags/example_kubernetes_executor.py
[2024-12-19T23:46:58.407+0000] {processor.py:830} INFO - Processing file /home/airflow/.local/lib/python3.11/site-packages/airflow/example_dags/example_kubernetes_executor.py for tasks to queue
[2024-12-19T23:46:58.410+0000] {logging_mixin.py:188} INFO - [2024-12-19T23:46:58.409+0000] {dagbag.py:538} INFO - Filling up the DagBag from /home/airflow/.local/lib/python3.11/site-packages/airflow/example_dags/example_kubernetes_executor.py
[2024-12-19T23:46:58.429+0000] {processor.py:840} INFO - DAG(s) 'example_kubernetes_executor' retrieved from /home/airflow/.local/lib/python3.11/site-packages/airflow/example_dags/example_kubernetes_executor.py
[2024-12-19T23:46:58.496+0000] {logging_mixin.py:188} INFO - [2024-12-19T23:46:58.496+0000] {dag.py:3036} INFO - Sync 1 DAGs
[2024-12-19T23:46:58.514+0000] {logging_mixin.py:188} INFO - [2024-12-19T23:46:58.514+0000] {dag.py:3823} INFO - Setting next_dagrun for example_kubernetes_executor to None, run_after=None
[2024-12-19T23:46:58.552+0000] {processor.py:183} INFO - Processing /home/airflow/.local/lib/python3.11/site-packages/airflow/example_dags/example_kubernetes_executor.py took 0.149 seconds
[2024-12-19T23:47:28.824+0000] {processor.py:161} INFO - Started process (PID=307) to work on /home/airflow/.local/lib/python3.11/site-packages/airflow/example_dags/example_kubernetes_executor.py
[2024-12-19T23:47:28.825+0000] {processor.py:830} INFO - Processing file /home/airflow/.local/lib/python3.11/site-packages/airflow/example_dags/example_kubernetes_executor.py for tasks to queue
[2024-12-19T23:47:28.828+0000] {logging_mixin.py:188} INFO - [2024-12-19T23:47:28.828+0000] {dagbag.py:538} INFO - Filling up the DagBag from /home/airflow/.local/lib/python3.11/site-packages/airflow/example_dags/example_kubernetes_executor.py
[2024-12-19T23:47:28.845+0000] {processor.py:840} INFO - DAG(s) 'example_kubernetes_executor' retrieved from /home/airflow/.local/lib/python3.11/site-packages/airflow/example_dags/example_kubernetes_executor.py
[2024-12-19T23:47:28.893+0000] {logging_mixin.py:188} INFO - [2024-12-19T23:47:28.893+0000] {dag.py:3036} INFO - Sync 1 DAGs
[2024-12-19T23:47:28.909+0000] {logging_mixin.py:188} INFO - [2024-12-19T23:47:28.909+0000] {dag.py:3823} INFO - Setting next_dagrun for example_kubernetes_executor to None, run_after=None
[2024-12-19T23:47:28.935+0000] {processor.py:183} INFO - Processing /home/airflow/.local/lib/python3.11/site-packages/airflow/example_dags/example_kubernetes_executor.py took 0.116 seconds
[2024-12-19T23:47:59.409+0000] {processor.py:161} INFO - Started process (PID=379) to work on /home/airflow/.local/lib/python3.11/site-packages/airflow/example_dags/example_kubernetes_executor.py
[2024-12-19T23:47:59.410+0000] {processor.py:830} INFO - Processing file /home/airflow/.local/lib/python3.11/site-packages/airflow/example_dags/example_kubernetes_executor.py for tasks to queue
[2024-12-19T23:47:59.414+0000] {logging_mixin.py:188} INFO - [2024-12-19T23:47:59.413+0000] {dagbag.py:538} INFO - Filling up the DagBag from /home/airflow/.local/lib/python3.11/site-packages/airflow/example_dags/example_kubernetes_executor.py
[2024-12-19T23:47:59.430+0000] {processor.py:840} INFO - DAG(s) 'example_kubernetes_executor' retrieved from /home/airflow/.local/lib/python3.11/site-packages/airflow/example_dags/example_kubernetes_executor.py
[2024-12-19T23:47:59.473+0000] {logging_mixin.py:188} INFO - [2024-12-19T23:47:59.473+0000] {dag.py:3036} INFO - Sync 1 DAGs
[2024-12-19T23:47:59.486+0000] {logging_mixin.py:188} INFO - [2024-12-19T23:47:59.486+0000] {dag.py:3823} INFO - Setting next_dagrun for example_kubernetes_executor to None, run_after=None
[2024-12-19T23:47:59.508+0000] {processor.py:183} INFO - Processing /home/airflow/.local/lib/python3.11/site-packages/airflow/example_dags/example_kubernetes_executor.py took 0.104 seconds
[2024-12-19T23:48:29.979+0000] {processor.py:161} INFO - Started process (PID=458) to work on /home/airflow/.local/lib/python3.11/site-packages/airflow/example_dags/example_kubernetes_executor.py
[2024-12-19T23:48:29.980+0000] {processor.py:830} INFO - Processing file /home/airflow/.local/lib/python3.11/site-packages/airflow/example_dags/example_kubernetes_executor.py for tasks to queue
[2024-12-19T23:48:29.983+0000] {logging_mixin.py:188} INFO - [2024-12-19T23:48:29.982+0000] {dagbag.py:538} INFO - Filling up the DagBag from /home/airflow/.local/lib/python3.11/site-packages/airflow/example_dags/example_kubernetes_executor.py
[2024-12-19T23:48:29.999+0000] {processor.py:840} INFO - DAG(s) 'example_kubernetes_executor' retrieved from /home/airflow/.local/lib/python3.11/site-packages/airflow/example_dags/example_kubernetes_executor.py
[2024-12-19T23:48:30.047+0000] {logging_mixin.py:188} INFO - [2024-12-19T23:48:30.047+0000] {dag.py:3036} INFO - Sync 1 DAGs
[2024-12-19T23:48:30.062+0000] {logging_mixin.py:188} INFO - [2024-12-19T23:48:30.062+0000] {dag.py:3823} INFO - Setting next_dagrun for example_kubernetes_executor to None, run_after=None
[2024-12-19T23:48:30.087+0000] {processor.py:183} INFO - Processing /home/airflow/.local/lib/python3.11/site-packages/airflow/example_dags/example_kubernetes_executor.py took 0.111 seconds
[2024-12-19T23:49:00.853+0000] {processor.py:161} INFO - Started process (PID=530) to work on /home/airflow/.local/lib/python3.11/site-packages/airflow/example_dags/example_kubernetes_executor.py
[2024-12-19T23:49:00.854+0000] {processor.py:830} INFO - Processing file /home/airflow/.local/lib/python3.11/site-packages/airflow/example_dags/example_kubernetes_executor.py for tasks to queue
[2024-12-19T23:49:00.857+0000] {logging_mixin.py:188} INFO - [2024-12-19T23:49:00.857+0000] {dagbag.py:538} INFO - Filling up the DagBag from /home/airflow/.local/lib/python3.11/site-packages/airflow/example_dags/example_kubernetes_executor.py
[2024-12-19T23:49:00.873+0000] {processor.py:840} INFO - DAG(s) 'example_kubernetes_executor' retrieved from /home/airflow/.local/lib/python3.11/site-packages/airflow/example_dags/example_kubernetes_executor.py
[2024-12-19T23:49:00.915+0000] {logging_mixin.py:188} INFO - [2024-12-19T23:49:00.915+0000] {dag.py:3036} INFO - Sync 1 DAGs
[2024-12-19T23:49:00.928+0000] {logging_mixin.py:188} INFO - [2024-12-19T23:49:00.928+0000] {dag.py:3823} INFO - Setting next_dagrun for example_kubernetes_executor to None, run_after=None
[2024-12-19T23:49:00.955+0000] {processor.py:183} INFO - Processing /home/airflow/.local/lib/python3.11/site-packages/airflow/example_dags/example_kubernetes_executor.py took 0.106 seconds
[2024-12-19T23:49:31.976+0000] {processor.py:161} INFO - Started process (PID=602) to work on /home/airflow/.local/lib/python3.11/site-packages/airflow/example_dags/example_kubernetes_executor.py
[2024-12-19T23:49:31.977+0000] {processor.py:830} INFO - Processing file /home/airflow/.local/lib/python3.11/site-packages/airflow/example_dags/example_kubernetes_executor.py for tasks to queue
[2024-12-19T23:49:31.980+0000] {logging_mixin.py:188} INFO - [2024-12-19T23:49:31.980+0000] {dagbag.py:538} INFO - Filling up the DagBag from /home/airflow/.local/lib/python3.11/site-packages/airflow/example_dags/example_kubernetes_executor.py
[2024-12-19T23:49:31.996+0000] {processor.py:840} INFO - DAG(s) 'example_kubernetes_executor' retrieved from /home/airflow/.local/lib/python3.11/site-packages/airflow/example_dags/example_kubernetes_executor.py
[2024-12-19T23:49:32.040+0000] {logging_mixin.py:188} INFO - [2024-12-19T23:49:32.040+0000] {dag.py:3036} INFO - Sync 1 DAGs
[2024-12-19T23:49:32.054+0000] {logging_mixin.py:188} INFO - [2024-12-19T23:49:32.053+0000] {dag.py:3823} INFO - Setting next_dagrun for example_kubernetes_executor to None, run_after=None
[2024-12-19T23:49:32.076+0000] {processor.py:183} INFO - Processing /home/airflow/.local/lib/python3.11/site-packages/airflow/example_dags/example_kubernetes_executor.py took 0.106 seconds
[2024-12-19T23:50:02.203+0000] {processor.py:161} INFO - Started process (PID=681) to work on /home/airflow/.local/lib/python3.11/site-packages/airflow/example_dags/example_kubernetes_executor.py
[2024-12-19T23:50:02.204+0000] {processor.py:830} INFO - Processing file /home/airflow/.local/lib/python3.11/site-packages/airflow/example_dags/example_kubernetes_executor.py for tasks to queue
[2024-12-19T23:50:02.207+0000] {logging_mixin.py:188} INFO - [2024-12-19T23:50:02.206+0000] {dagbag.py:538} INFO - Filling up the DagBag from /home/airflow/.local/lib/python3.11/site-packages/airflow/example_dags/example_kubernetes_executor.py
[2024-12-19T23:50:02.221+0000] {processor.py:840} INFO - DAG(s) 'example_kubernetes_executor' retrieved from /home/airflow/.local/lib/python3.11/site-packages/airflow/example_dags/example_kubernetes_executor.py
[2024-12-19T23:50:02.266+0000] {logging_mixin.py:188} INFO - [2024-12-19T23:50:02.266+0000] {dag.py:3036} INFO - Sync 1 DAGs
[2024-12-19T23:50:02.281+0000] {logging_mixin.py:188} INFO - [2024-12-19T23:50:02.281+0000] {dag.py:3823} INFO - Setting next_dagrun for example_kubernetes_executor to None, run_after=None
[2024-12-19T23:50:02.305+0000] {processor.py:183} INFO - Processing /home/airflow/.local/lib/python3.11/site-packages/airflow/example_dags/example_kubernetes_executor.py took 0.106 seconds
[2024-12-19T23:50:32.802+0000] {processor.py:161} INFO - Started process (PID=753) to work on /home/airflow/.local/lib/python3.11/site-packages/airflow/example_dags/example_kubernetes_executor.py
[2024-12-19T23:50:32.804+0000] {processor.py:830} INFO - Processing file /home/airflow/.local/lib/python3.11/site-packages/airflow/example_dags/example_kubernetes_executor.py for tasks to queue
[2024-12-19T23:50:32.808+0000] {logging_mixin.py:188} INFO - [2024-12-19T23:50:32.807+0000] {dagbag.py:538} INFO - Filling up the DagBag from /home/airflow/.local/lib/python3.11/site-packages/airflow/example_dags/example_kubernetes_executor.py
[2024-12-19T23:50:32.827+0000] {processor.py:840} INFO - DAG(s) 'example_kubernetes_executor' retrieved from /home/airflow/.local/lib/python3.11/site-packages/airflow/example_dags/example_kubernetes_executor.py
[2024-12-19T23:50:32.874+0000] {logging_mixin.py:188} INFO - [2024-12-19T23:50:32.873+0000] {dag.py:3036} INFO - Sync 1 DAGs
[2024-12-19T23:50:32.887+0000] {logging_mixin.py:188} INFO - [2024-12-19T23:50:32.886+0000] {dag.py:3823} INFO - Setting next_dagrun for example_kubernetes_executor to None, run_after=None
[2024-12-19T23:50:32.912+0000] {processor.py:183} INFO - Processing /home/airflow/.local/lib/python3.11/site-packages/airflow/example_dags/example_kubernetes_executor.py took 0.115 seconds
[2024-12-19T23:51:03.642+0000] {processor.py:161} INFO - Started process (PID=826) to work on /home/airflow/.local/lib/python3.11/site-packages/airflow/example_dags/example_kubernetes_executor.py
[2024-12-19T23:51:03.643+0000] {processor.py:830} INFO - Processing file /home/airflow/.local/lib/python3.11/site-packages/airflow/example_dags/example_kubernetes_executor.py for tasks to queue
[2024-12-19T23:51:03.646+0000] {logging_mixin.py:188} INFO - [2024-12-19T23:51:03.646+0000] {dagbag.py:538} INFO - Filling up the DagBag from /home/airflow/.local/lib/python3.11/site-packages/airflow/example_dags/example_kubernetes_executor.py
[2024-12-19T23:51:03.661+0000] {processor.py:840} INFO - DAG(s) 'example_kubernetes_executor' retrieved from /home/airflow/.local/lib/python3.11/site-packages/airflow/example_dags/example_kubernetes_executor.py
[2024-12-19T23:51:03.709+0000] {logging_mixin.py:188} INFO - [2024-12-19T23:51:03.709+0000] {dag.py:3036} INFO - Sync 1 DAGs
[2024-12-19T23:51:03.726+0000] {logging_mixin.py:188} INFO - [2024-12-19T23:51:03.725+0000] {dag.py:3823} INFO - Setting next_dagrun for example_kubernetes_executor to None, run_after=None
[2024-12-19T23:51:03.758+0000] {processor.py:183} INFO - Processing /home/airflow/.local/lib/python3.11/site-packages/airflow/example_dags/example_kubernetes_executor.py took 0.121 seconds
[2024-12-19T23:51:33.989+0000] {processor.py:161} INFO - Started process (PID=889) to work on /home/airflow/.local/lib/python3.11/site-packages/airflow/example_dags/example_kubernetes_executor.py
[2024-12-19T23:51:33.991+0000] {processor.py:830} INFO - Processing file /home/airflow/.local/lib/python3.11/site-packages/airflow/example_dags/example_kubernetes_executor.py for tasks to queue
[2024-12-19T23:51:33.994+0000] {logging_mixin.py:188} INFO - [2024-12-19T23:51:33.993+0000] {dagbag.py:538} INFO - Filling up the DagBag from /home/airflow/.local/lib/python3.11/site-packages/airflow/example_dags/example_kubernetes_executor.py
[2024-12-19T23:51:34.010+0000] {processor.py:840} INFO - DAG(s) 'example_kubernetes_executor' retrieved from /home/airflow/.local/lib/python3.11/site-packages/airflow/example_dags/example_kubernetes_executor.py
[2024-12-19T23:51:34.057+0000] {logging_mixin.py:188} INFO - [2024-12-19T23:51:34.057+0000] {dag.py:3036} INFO - Sync 1 DAGs
[2024-12-19T23:51:34.071+0000] {logging_mixin.py:188} INFO - [2024-12-19T23:51:34.070+0000] {dag.py:3823} INFO - Setting next_dagrun for example_kubernetes_executor to None, run_after=None
[2024-12-19T23:51:34.103+0000] {processor.py:183} INFO - Processing /home/airflow/.local/lib/python3.11/site-packages/airflow/example_dags/example_kubernetes_executor.py took 0.118 seconds
[2024-12-19T23:52:04.830+0000] {processor.py:161} INFO - Started process (PID=967) to work on /home/airflow/.local/lib/python3.11/site-packages/airflow/example_dags/example_kubernetes_executor.py
[2024-12-19T23:52:04.832+0000] {processor.py:830} INFO - Processing file /home/airflow/.local/lib/python3.11/site-packages/airflow/example_dags/example_kubernetes_executor.py for tasks to queue
[2024-12-19T23:52:04.837+0000] {logging_mixin.py:188} INFO - [2024-12-19T23:52:04.836+0000] {dagbag.py:538} INFO - Filling up the DagBag from /home/airflow/.local/lib/python3.11/site-packages/airflow/example_dags/example_kubernetes_executor.py
[2024-12-19T23:52:04.865+0000] {processor.py:840} INFO - DAG(s) 'example_kubernetes_executor' retrieved from /home/airflow/.local/lib/python3.11/site-packages/airflow/example_dags/example_kubernetes_executor.py
[2024-12-19T23:52:04.942+0000] {logging_mixin.py:188} INFO - [2024-12-19T23:52:04.942+0000] {dag.py:3036} INFO - Sync 1 DAGs
[2024-12-19T23:52:04.963+0000] {logging_mixin.py:188} INFO - [2024-12-19T23:52:04.963+0000] {dag.py:3823} INFO - Setting next_dagrun for example_kubernetes_executor to None, run_after=None
[2024-12-19T23:52:04.997+0000] {processor.py:183} INFO - Processing /home/airflow/.local/lib/python3.11/site-packages/airflow/example_dags/example_kubernetes_executor.py took 0.174 seconds
[2024-12-19T23:52:35.143+0000] {processor.py:161} INFO - Started process (PID=1048) to work on /home/airflow/.local/lib/python3.11/site-packages/airflow/example_dags/example_kubernetes_executor.py
[2024-12-19T23:52:35.144+0000] {processor.py:830} INFO - Processing file /home/airflow/.local/lib/python3.11/site-packages/airflow/example_dags/example_kubernetes_executor.py for tasks to queue
[2024-12-19T23:52:35.146+0000] {logging_mixin.py:188} INFO - [2024-12-19T23:52:35.146+0000] {dagbag.py:538} INFO - Filling up the DagBag from /home/airflow/.local/lib/python3.11/site-packages/airflow/example_dags/example_kubernetes_executor.py
[2024-12-19T23:52:35.161+0000] {processor.py:840} INFO - DAG(s) 'example_kubernetes_executor' retrieved from /home/airflow/.local/lib/python3.11/site-packages/airflow/example_dags/example_kubernetes_executor.py
[2024-12-19T23:52:35.204+0000] {logging_mixin.py:188} INFO - [2024-12-19T23:52:35.204+0000] {dag.py:3036} INFO - Sync 1 DAGs
[2024-12-19T23:52:35.217+0000] {logging_mixin.py:188} INFO - [2024-12-19T23:52:35.217+0000] {dag.py:3823} INFO - Setting next_dagrun for example_kubernetes_executor to None, run_after=None
[2024-12-19T23:52:35.242+0000] {processor.py:183} INFO - Processing /home/airflow/.local/lib/python3.11/site-packages/airflow/example_dags/example_kubernetes_executor.py took 0.102 seconds
[2024-12-19T23:53:05.834+0000] {processor.py:161} INFO - Started process (PID=1120) to work on /home/airflow/.local/lib/python3.11/site-packages/airflow/example_dags/example_kubernetes_executor.py
[2024-12-19T23:53:05.835+0000] {processor.py:830} INFO - Processing file /home/airflow/.local/lib/python3.11/site-packages/airflow/example_dags/example_kubernetes_executor.py for tasks to queue
[2024-12-19T23:53:05.838+0000] {logging_mixin.py:188} INFO - [2024-12-19T23:53:05.838+0000] {dagbag.py:538} INFO - Filling up the DagBag from /home/airflow/.local/lib/python3.11/site-packages/airflow/example_dags/example_kubernetes_executor.py
[2024-12-19T23:53:05.853+0000] {processor.py:840} INFO - DAG(s) 'example_kubernetes_executor' retrieved from /home/airflow/.local/lib/python3.11/site-packages/airflow/example_dags/example_kubernetes_executor.py
[2024-12-19T23:53:05.898+0000] {logging_mixin.py:188} INFO - [2024-12-19T23:53:05.898+0000] {dag.py:3036} INFO - Sync 1 DAGs
[2024-12-19T23:53:05.912+0000] {logging_mixin.py:188} INFO - [2024-12-19T23:53:05.912+0000] {dag.py:3823} INFO - Setting next_dagrun for example_kubernetes_executor to None, run_after=None
[2024-12-19T23:53:05.954+0000] {processor.py:183} INFO - Processing /home/airflow/.local/lib/python3.11/site-packages/airflow/example_dags/example_kubernetes_executor.py took 0.124 seconds
[2024-12-19T23:53:36.580+0000] {processor.py:161} INFO - Started process (PID=1199) to work on /home/airflow/.local/lib/python3.11/site-packages/airflow/example_dags/example_kubernetes_executor.py
[2024-12-19T23:53:36.581+0000] {processor.py:830} INFO - Processing file /home/airflow/.local/lib/python3.11/site-packages/airflow/example_dags/example_kubernetes_executor.py for tasks to queue
[2024-12-19T23:53:36.584+0000] {logging_mixin.py:188} INFO - [2024-12-19T23:53:36.583+0000] {dagbag.py:538} INFO - Filling up the DagBag from /home/airflow/.local/lib/python3.11/site-packages/airflow/example_dags/example_kubernetes_executor.py
[2024-12-19T23:53:36.598+0000] {processor.py:840} INFO - DAG(s) 'example_kubernetes_executor' retrieved from /home/airflow/.local/lib/python3.11/site-packages/airflow/example_dags/example_kubernetes_executor.py
[2024-12-19T23:53:36.648+0000] {logging_mixin.py:188} INFO - [2024-12-19T23:53:36.648+0000] {dag.py:3036} INFO - Sync 1 DAGs
[2024-12-19T23:53:36.664+0000] {logging_mixin.py:188} INFO - [2024-12-19T23:53:36.663+0000] {dag.py:3823} INFO - Setting next_dagrun for example_kubernetes_executor to None, run_after=None
[2024-12-19T23:53:36.691+0000] {processor.py:183} INFO - Processing /home/airflow/.local/lib/python3.11/site-packages/airflow/example_dags/example_kubernetes_executor.py took 0.115 seconds
[2024-12-19T23:54:06.953+0000] {processor.py:161} INFO - Started process (PID=1271) to work on /home/airflow/.local/lib/python3.11/site-packages/airflow/example_dags/example_kubernetes_executor.py
[2024-12-19T23:54:06.954+0000] {processor.py:830} INFO - Processing file /home/airflow/.local/lib/python3.11/site-packages/airflow/example_dags/example_kubernetes_executor.py for tasks to queue
[2024-12-19T23:54:06.957+0000] {logging_mixin.py:188} INFO - [2024-12-19T23:54:06.956+0000] {dagbag.py:538} INFO - Filling up the DagBag from /home/airflow/.local/lib/python3.11/site-packages/airflow/example_dags/example_kubernetes_executor.py
[2024-12-19T23:54:06.971+0000] {processor.py:840} INFO - DAG(s) 'example_kubernetes_executor' retrieved from /home/airflow/.local/lib/python3.11/site-packages/airflow/example_dags/example_kubernetes_executor.py
[2024-12-19T23:54:07.013+0000] {logging_mixin.py:188} INFO - [2024-12-19T23:54:07.013+0000] {dag.py:3036} INFO - Sync 1 DAGs
[2024-12-19T23:54:07.030+0000] {logging_mixin.py:188} INFO - [2024-12-19T23:54:07.030+0000] {dag.py:3823} INFO - Setting next_dagrun for example_kubernetes_executor to None, run_after=None
[2024-12-19T23:54:07.053+0000] {processor.py:183} INFO - Processing /home/airflow/.local/lib/python3.11/site-packages/airflow/example_dags/example_kubernetes_executor.py took 0.103 seconds
[2024-12-19T23:54:38.039+0000] {processor.py:161} INFO - Started process (PID=1343) to work on /home/airflow/.local/lib/python3.11/site-packages/airflow/example_dags/example_kubernetes_executor.py
[2024-12-19T23:54:38.041+0000] {processor.py:830} INFO - Processing file /home/airflow/.local/lib/python3.11/site-packages/airflow/example_dags/example_kubernetes_executor.py for tasks to queue
[2024-12-19T23:54:38.044+0000] {logging_mixin.py:188} INFO - [2024-12-19T23:54:38.043+0000] {dagbag.py:538} INFO - Filling up the DagBag from /home/airflow/.local/lib/python3.11/site-packages/airflow/example_dags/example_kubernetes_executor.py
[2024-12-19T23:54:38.062+0000] {processor.py:840} INFO - DAG(s) 'example_kubernetes_executor' retrieved from /home/airflow/.local/lib/python3.11/site-packages/airflow/example_dags/example_kubernetes_executor.py
[2024-12-19T23:54:38.105+0000] {logging_mixin.py:188} INFO - [2024-12-19T23:54:38.104+0000] {dag.py:3036} INFO - Sync 1 DAGs
[2024-12-19T23:54:38.118+0000] {logging_mixin.py:188} INFO - [2024-12-19T23:54:38.118+0000] {dag.py:3823} INFO - Setting next_dagrun for example_kubernetes_executor to None, run_after=None
[2024-12-19T23:54:38.143+0000] {processor.py:183} INFO - Processing /home/airflow/.local/lib/python3.11/site-packages/airflow/example_dags/example_kubernetes_executor.py took 0.108 seconds
[2024-12-19T23:55:08.975+0000] {processor.py:161} INFO - Started process (PID=1422) to work on /home/airflow/.local/lib/python3.11/site-packages/airflow/example_dags/example_kubernetes_executor.py
[2024-12-19T23:55:08.977+0000] {processor.py:830} INFO - Processing file /home/airflow/.local/lib/python3.11/site-packages/airflow/example_dags/example_kubernetes_executor.py for tasks to queue
[2024-12-19T23:55:08.980+0000] {logging_mixin.py:188} INFO - [2024-12-19T23:55:08.979+0000] {dagbag.py:538} INFO - Filling up the DagBag from /home/airflow/.local/lib/python3.11/site-packages/airflow/example_dags/example_kubernetes_executor.py
[2024-12-19T23:55:09.005+0000] {processor.py:840} INFO - DAG(s) 'example_kubernetes_executor' retrieved from /home/airflow/.local/lib/python3.11/site-packages/airflow/example_dags/example_kubernetes_executor.py
[2024-12-19T23:55:09.092+0000] {logging_mixin.py:188} INFO - [2024-12-19T23:55:09.091+0000] {dag.py:3036} INFO - Sync 1 DAGs
[2024-12-19T23:55:09.115+0000] {logging_mixin.py:188} INFO - [2024-12-19T23:55:09.114+0000] {dag.py:3823} INFO - Setting next_dagrun for example_kubernetes_executor to None, run_after=None
[2024-12-19T23:55:09.166+0000] {processor.py:183} INFO - Processing /home/airflow/.local/lib/python3.11/site-packages/airflow/example_dags/example_kubernetes_executor.py took 0.194 seconds
[2024-12-19T23:55:39.226+0000] {processor.py:161} INFO - Started process (PID=1485) to work on /home/airflow/.local/lib/python3.11/site-packages/airflow/example_dags/example_kubernetes_executor.py
[2024-12-19T23:55:39.228+0000] {processor.py:830} INFO - Processing file /home/airflow/.local/lib/python3.11/site-packages/airflow/example_dags/example_kubernetes_executor.py for tasks to queue
[2024-12-19T23:55:39.230+0000] {logging_mixin.py:188} INFO - [2024-12-19T23:55:39.230+0000] {dagbag.py:538} INFO - Filling up the DagBag from /home/airflow/.local/lib/python3.11/site-packages/airflow/example_dags/example_kubernetes_executor.py
[2024-12-19T23:55:39.246+0000] {processor.py:840} INFO - DAG(s) 'example_kubernetes_executor' retrieved from /home/airflow/.local/lib/python3.11/site-packages/airflow/example_dags/example_kubernetes_executor.py
[2024-12-19T23:55:39.296+0000] {logging_mixin.py:188} INFO - [2024-12-19T23:55:39.296+0000] {dag.py:3036} INFO - Sync 1 DAGs
[2024-12-19T23:55:39.311+0000] {logging_mixin.py:188} INFO - [2024-12-19T23:55:39.311+0000] {dag.py:3823} INFO - Setting next_dagrun for example_kubernetes_executor to None, run_after=None
[2024-12-19T23:55:39.350+0000] {processor.py:183} INFO - Processing /home/airflow/.local/lib/python3.11/site-packages/airflow/example_dags/example_kubernetes_executor.py took 0.128 seconds
[2024-12-19T23:56:09.868+0000] {processor.py:161} INFO - Started process (PID=1557) to work on /home/airflow/.local/lib/python3.11/site-packages/airflow/example_dags/example_kubernetes_executor.py
[2024-12-19T23:56:09.870+0000] {processor.py:830} INFO - Processing file /home/airflow/.local/lib/python3.11/site-packages/airflow/example_dags/example_kubernetes_executor.py for tasks to queue
[2024-12-19T23:56:09.872+0000] {logging_mixin.py:188} INFO - [2024-12-19T23:56:09.872+0000] {dagbag.py:538} INFO - Filling up the DagBag from /home/airflow/.local/lib/python3.11/site-packages/airflow/example_dags/example_kubernetes_executor.py
[2024-12-19T23:56:09.887+0000] {processor.py:840} INFO - DAG(s) 'example_kubernetes_executor' retrieved from /home/airflow/.local/lib/python3.11/site-packages/airflow/example_dags/example_kubernetes_executor.py
[2024-12-19T23:56:09.931+0000] {logging_mixin.py:188} INFO - [2024-12-19T23:56:09.931+0000] {dag.py:3036} INFO - Sync 1 DAGs
[2024-12-19T23:56:09.944+0000] {logging_mixin.py:188} INFO - [2024-12-19T23:56:09.943+0000] {dag.py:3823} INFO - Setting next_dagrun for example_kubernetes_executor to None, run_after=None
[2024-12-19T23:56:09.969+0000] {processor.py:183} INFO - Processing /home/airflow/.local/lib/python3.11/site-packages/airflow/example_dags/example_kubernetes_executor.py took 0.105 seconds
[2024-12-19T23:56:40.307+0000] {processor.py:161} INFO - Started process (PID=1636) to work on /home/airflow/.local/lib/python3.11/site-packages/airflow/example_dags/example_kubernetes_executor.py
[2024-12-19T23:56:40.308+0000] {processor.py:830} INFO - Processing file /home/airflow/.local/lib/python3.11/site-packages/airflow/example_dags/example_kubernetes_executor.py for tasks to queue
[2024-12-19T23:56:40.311+0000] {logging_mixin.py:188} INFO - [2024-12-19T23:56:40.311+0000] {dagbag.py:538} INFO - Filling up the DagBag from /home/airflow/.local/lib/python3.11/site-packages/airflow/example_dags/example_kubernetes_executor.py
[2024-12-19T23:56:40.326+0000] {processor.py:840} INFO - DAG(s) 'example_kubernetes_executor' retrieved from /home/airflow/.local/lib/python3.11/site-packages/airflow/example_dags/example_kubernetes_executor.py
[2024-12-19T23:56:40.367+0000] {logging_mixin.py:188} INFO - [2024-12-19T23:56:40.367+0000] {dag.py:3036} INFO - Sync 1 DAGs
[2024-12-19T23:56:40.381+0000] {logging_mixin.py:188} INFO - [2024-12-19T23:56:40.381+0000] {dag.py:3823} INFO - Setting next_dagrun for example_kubernetes_executor to None, run_after=None
[2024-12-19T23:56:40.404+0000] {processor.py:183} INFO - Processing /home/airflow/.local/lib/python3.11/site-packages/airflow/example_dags/example_kubernetes_executor.py took 0.101 seconds
[2024-12-19T23:57:10.806+0000] {processor.py:161} INFO - Started process (PID=1708) to work on /home/airflow/.local/lib/python3.11/site-packages/airflow/example_dags/example_kubernetes_executor.py
[2024-12-19T23:57:10.808+0000] {processor.py:830} INFO - Processing file /home/airflow/.local/lib/python3.11/site-packages/airflow/example_dags/example_kubernetes_executor.py for tasks to queue
[2024-12-19T23:57:10.810+0000] {logging_mixin.py:188} INFO - [2024-12-19T23:57:10.810+0000] {dagbag.py:538} INFO - Filling up the DagBag from /home/airflow/.local/lib/python3.11/site-packages/airflow/example_dags/example_kubernetes_executor.py
[2024-12-19T23:57:10.823+0000] {processor.py:840} INFO - DAG(s) 'example_kubernetes_executor' retrieved from /home/airflow/.local/lib/python3.11/site-packages/airflow/example_dags/example_kubernetes_executor.py
[2024-12-19T23:57:10.866+0000] {logging_mixin.py:188} INFO - [2024-12-19T23:57:10.865+0000] {dag.py:3036} INFO - Sync 1 DAGs
[2024-12-19T23:57:10.881+0000] {logging_mixin.py:188} INFO - [2024-12-19T23:57:10.880+0000] {dag.py:3823} INFO - Setting next_dagrun for example_kubernetes_executor to None, run_after=None
[2024-12-19T23:57:10.926+0000] {processor.py:183} INFO - Processing /home/airflow/.local/lib/python3.11/site-packages/airflow/example_dags/example_kubernetes_executor.py took 0.123 seconds
[2024-12-19T23:57:41.478+0000] {processor.py:161} INFO - Started process (PID=1780) to work on /home/airflow/.local/lib/python3.11/site-packages/airflow/example_dags/example_kubernetes_executor.py
[2024-12-19T23:57:41.480+0000] {processor.py:830} INFO - Processing file /home/airflow/.local/lib/python3.11/site-packages/airflow/example_dags/example_kubernetes_executor.py for tasks to queue
[2024-12-19T23:57:41.485+0000] {logging_mixin.py:188} INFO - [2024-12-19T23:57:41.484+0000] {dagbag.py:538} INFO - Filling up the DagBag from /home/airflow/.local/lib/python3.11/site-packages/airflow/example_dags/example_kubernetes_executor.py
[2024-12-19T23:57:41.511+0000] {processor.py:840} INFO - DAG(s) 'example_kubernetes_executor' retrieved from /home/airflow/.local/lib/python3.11/site-packages/airflow/example_dags/example_kubernetes_executor.py
[2024-12-19T23:57:41.570+0000] {logging_mixin.py:188} INFO - [2024-12-19T23:57:41.570+0000] {dag.py:3036} INFO - Sync 1 DAGs
[2024-12-19T23:57:41.593+0000] {logging_mixin.py:188} INFO - [2024-12-19T23:57:41.593+0000] {dag.py:3823} INFO - Setting next_dagrun for example_kubernetes_executor to None, run_after=None
[2024-12-19T23:57:41.639+0000] {processor.py:183} INFO - Processing /home/airflow/.local/lib/python3.11/site-packages/airflow/example_dags/example_kubernetes_executor.py took 0.168 seconds
[2024-12-19T23:58:11.817+0000] {processor.py:161} INFO - Started process (PID=1859) to work on /home/airflow/.local/lib/python3.11/site-packages/airflow/example_dags/example_kubernetes_executor.py
[2024-12-19T23:58:11.818+0000] {processor.py:830} INFO - Processing file /home/airflow/.local/lib/python3.11/site-packages/airflow/example_dags/example_kubernetes_executor.py for tasks to queue
[2024-12-19T23:58:11.821+0000] {logging_mixin.py:188} INFO - [2024-12-19T23:58:11.820+0000] {dagbag.py:538} INFO - Filling up the DagBag from /home/airflow/.local/lib/python3.11/site-packages/airflow/example_dags/example_kubernetes_executor.py
[2024-12-19T23:58:11.835+0000] {processor.py:840} INFO - DAG(s) 'example_kubernetes_executor' retrieved from /home/airflow/.local/lib/python3.11/site-packages/airflow/example_dags/example_kubernetes_executor.py
[2024-12-19T23:58:11.883+0000] {logging_mixin.py:188} INFO - [2024-12-19T23:58:11.882+0000] {dag.py:3036} INFO - Sync 1 DAGs
[2024-12-19T23:58:11.896+0000] {logging_mixin.py:188} INFO - [2024-12-19T23:58:11.896+0000] {dag.py:3823} INFO - Setting next_dagrun for example_kubernetes_executor to None, run_after=None
[2024-12-19T23:58:11.921+0000] {processor.py:183} INFO - Processing /home/airflow/.local/lib/python3.11/site-packages/airflow/example_dags/example_kubernetes_executor.py took 0.108 seconds
[2024-12-19T23:58:42.221+0000] {processor.py:161} INFO - Started process (PID=1931) to work on /home/airflow/.local/lib/python3.11/site-packages/airflow/example_dags/example_kubernetes_executor.py
[2024-12-19T23:58:42.223+0000] {processor.py:830} INFO - Processing file /home/airflow/.local/lib/python3.11/site-packages/airflow/example_dags/example_kubernetes_executor.py for tasks to queue
[2024-12-19T23:58:42.225+0000] {logging_mixin.py:188} INFO - [2024-12-19T23:58:42.225+0000] {dagbag.py:538} INFO - Filling up the DagBag from /home/airflow/.local/lib/python3.11/site-packages/airflow/example_dags/example_kubernetes_executor.py
[2024-12-19T23:58:42.238+0000] {processor.py:840} INFO - DAG(s) 'example_kubernetes_executor' retrieved from /home/airflow/.local/lib/python3.11/site-packages/airflow/example_dags/example_kubernetes_executor.py
[2024-12-19T23:58:42.280+0000] {logging_mixin.py:188} INFO - [2024-12-19T23:58:42.279+0000] {dag.py:3036} INFO - Sync 1 DAGs
[2024-12-19T23:58:42.295+0000] {logging_mixin.py:188} INFO - [2024-12-19T23:58:42.295+0000] {dag.py:3823} INFO - Setting next_dagrun for example_kubernetes_executor to None, run_after=None
[2024-12-19T23:58:42.331+0000] {processor.py:183} INFO - Processing /home/airflow/.local/lib/python3.11/site-packages/airflow/example_dags/example_kubernetes_executor.py took 0.113 seconds
[2024-12-19T23:59:12.939+0000] {processor.py:161} INFO - Started process (PID=2003) to work on /home/airflow/.local/lib/python3.11/site-packages/airflow/example_dags/example_kubernetes_executor.py
[2024-12-19T23:59:12.941+0000] {processor.py:830} INFO - Processing file /home/airflow/.local/lib/python3.11/site-packages/airflow/example_dags/example_kubernetes_executor.py for tasks to queue
[2024-12-19T23:59:12.944+0000] {logging_mixin.py:188} INFO - [2024-12-19T23:59:12.943+0000] {dagbag.py:538} INFO - Filling up the DagBag from /home/airflow/.local/lib/python3.11/site-packages/airflow/example_dags/example_kubernetes_executor.py
[2024-12-19T23:59:12.961+0000] {processor.py:840} INFO - DAG(s) 'example_kubernetes_executor' retrieved from /home/airflow/.local/lib/python3.11/site-packages/airflow/example_dags/example_kubernetes_executor.py
[2024-12-19T23:59:13.009+0000] {logging_mixin.py:188} INFO - [2024-12-19T23:59:13.009+0000] {dag.py:3036} INFO - Sync 1 DAGs
[2024-12-19T23:59:13.025+0000] {logging_mixin.py:188} INFO - [2024-12-19T23:59:13.025+0000] {dag.py:3823} INFO - Setting next_dagrun for example_kubernetes_executor to None, run_after=None
[2024-12-19T23:59:13.055+0000] {processor.py:183} INFO - Processing /home/airflow/.local/lib/python3.11/site-packages/airflow/example_dags/example_kubernetes_executor.py took 0.120 seconds
[2024-12-19T23:59:43.448+0000] {processor.py:161} INFO - Started process (PID=2076) to work on /home/airflow/.local/lib/python3.11/site-packages/airflow/example_dags/example_kubernetes_executor.py
[2024-12-19T23:59:43.449+0000] {processor.py:830} INFO - Processing file /home/airflow/.local/lib/python3.11/site-packages/airflow/example_dags/example_kubernetes_executor.py for tasks to queue
[2024-12-19T23:59:43.452+0000] {logging_mixin.py:188} INFO - [2024-12-19T23:59:43.452+0000] {dagbag.py:538} INFO - Filling up the DagBag from /home/airflow/.local/lib/python3.11/site-packages/airflow/example_dags/example_kubernetes_executor.py
[2024-12-19T23:59:43.471+0000] {processor.py:840} INFO - DAG(s) 'example_kubernetes_executor' retrieved from /home/airflow/.local/lib/python3.11/site-packages/airflow/example_dags/example_kubernetes_executor.py
[2024-12-19T23:59:43.514+0000] {logging_mixin.py:188} INFO - [2024-12-19T23:59:43.513+0000] {dag.py:3036} INFO - Sync 1 DAGs
[2024-12-19T23:59:43.527+0000] {logging_mixin.py:188} INFO - [2024-12-19T23:59:43.527+0000] {dag.py:3823} INFO - Setting next_dagrun for example_kubernetes_executor to None, run_after=None
[2024-12-19T23:59:43.550+0000] {processor.py:183} INFO - Processing /home/airflow/.local/lib/python3.11/site-packages/airflow/example_dags/example_kubernetes_executor.py took 0.106 seconds
