[2024-12-19T15:14:51.625+0000] {processor.py:161} INFO - Started process (PID=108) to work on /home/airflow/.local/lib/python3.11/site-packages/airflow/example_dags/example_params_ui_tutorial.py
[2024-12-19T15:14:51.627+0000] {processor.py:830} INFO - Processing file /home/airflow/.local/lib/python3.11/site-packages/airflow/example_dags/example_params_ui_tutorial.py for tasks to queue
[2024-12-19T15:14:51.629+0000] {logging_mixin.py:188} INFO - [2024-12-19T15:14:51.629+0000] {dagbag.py:538} INFO - Filling up the DagBag from /home/airflow/.local/lib/python3.11/site-packages/airflow/example_dags/example_params_ui_tutorial.py
[2024-12-19T15:14:51.671+0000] {processor.py:840} INFO - DAG(s) 'example_params_ui_tutorial' retrieved from /home/airflow/.local/lib/python3.11/site-packages/airflow/example_dags/example_params_ui_tutorial.py
[2024-12-19T15:14:52.088+0000] {logging_mixin.py:188} INFO - [2024-12-19T15:14:52.087+0000] {dag.py:3036} INFO - Sync 1 DAGs
[2024-12-19T15:14:52.102+0000] {logging_mixin.py:188} INFO - [2024-12-19T15:14:52.101+0000] {dag.py:3823} INFO - Setting next_dagrun for example_params_ui_tutorial to None, run_after=None
[2024-12-19T15:14:52.129+0000] {processor.py:183} INFO - Processing /home/airflow/.local/lib/python3.11/site-packages/airflow/example_dags/example_params_ui_tutorial.py took 0.508 seconds
[2024-12-19T15:25:11.473+0000] {processor.py:161} INFO - Started process (PID=107) to work on /home/airflow/.local/lib/python3.11/site-packages/airflow/example_dags/example_params_ui_tutorial.py
[2024-12-19T15:25:11.474+0000] {processor.py:830} INFO - Processing file /home/airflow/.local/lib/python3.11/site-packages/airflow/example_dags/example_params_ui_tutorial.py for tasks to queue
[2024-12-19T15:25:11.478+0000] {logging_mixin.py:188} INFO - [2024-12-19T15:25:11.477+0000] {dagbag.py:538} INFO - Filling up the DagBag from /home/airflow/.local/lib/python3.11/site-packages/airflow/example_dags/example_params_ui_tutorial.py
[2024-12-19T15:25:11.514+0000] {processor.py:840} INFO - DAG(s) 'example_params_ui_tutorial' retrieved from /home/airflow/.local/lib/python3.11/site-packages/airflow/example_dags/example_params_ui_tutorial.py
[2024-12-19T15:25:11.868+0000] {logging_mixin.py:188} INFO - [2024-12-19T15:25:11.868+0000] {dag.py:3036} INFO - Sync 1 DAGs
[2024-12-19T15:25:11.880+0000] {logging_mixin.py:188} INFO - [2024-12-19T15:25:11.879+0000] {dag.py:3823} INFO - Setting next_dagrun for example_params_ui_tutorial to None, run_after=None
[2024-12-19T15:25:11.910+0000] {processor.py:183} INFO - Processing /home/airflow/.local/lib/python3.11/site-packages/airflow/example_dags/example_params_ui_tutorial.py took 0.443 seconds
[2024-12-19T15:25:42.820+0000] {processor.py:161} INFO - Started process (PID=178) to work on /home/airflow/.local/lib/python3.11/site-packages/airflow/example_dags/example_params_ui_tutorial.py
[2024-12-19T15:25:42.822+0000] {processor.py:830} INFO - Processing file /home/airflow/.local/lib/python3.11/site-packages/airflow/example_dags/example_params_ui_tutorial.py for tasks to queue
[2024-12-19T15:25:42.825+0000] {logging_mixin.py:188} INFO - [2024-12-19T15:25:42.824+0000] {dagbag.py:538} INFO - Filling up the DagBag from /home/airflow/.local/lib/python3.11/site-packages/airflow/example_dags/example_params_ui_tutorial.py
[2024-12-19T15:25:42.840+0000] {processor.py:840} INFO - DAG(s) 'example_params_ui_tutorial' retrieved from /home/airflow/.local/lib/python3.11/site-packages/airflow/example_dags/example_params_ui_tutorial.py
[2024-12-19T15:25:42.911+0000] {logging_mixin.py:188} INFO - [2024-12-19T15:25:42.911+0000] {dag.py:3036} INFO - Sync 1 DAGs
[2024-12-19T15:25:42.930+0000] {logging_mixin.py:188} INFO - [2024-12-19T15:25:42.929+0000] {dag.py:3823} INFO - Setting next_dagrun for example_params_ui_tutorial to None, run_after=None
[2024-12-19T15:25:42.957+0000] {processor.py:183} INFO - Processing /home/airflow/.local/lib/python3.11/site-packages/airflow/example_dags/example_params_ui_tutorial.py took 0.143 seconds
[2024-12-19T15:26:13.205+0000] {processor.py:161} INFO - Started process (PID=242) to work on /home/airflow/.local/lib/python3.11/site-packages/airflow/example_dags/example_params_ui_tutorial.py
[2024-12-19T15:26:13.207+0000] {processor.py:830} INFO - Processing file /home/airflow/.local/lib/python3.11/site-packages/airflow/example_dags/example_params_ui_tutorial.py for tasks to queue
[2024-12-19T15:26:13.211+0000] {logging_mixin.py:188} INFO - [2024-12-19T15:26:13.210+0000] {dagbag.py:538} INFO - Filling up the DagBag from /home/airflow/.local/lib/python3.11/site-packages/airflow/example_dags/example_params_ui_tutorial.py
[2024-12-19T15:26:13.235+0000] {processor.py:840} INFO - DAG(s) 'example_params_ui_tutorial' retrieved from /home/airflow/.local/lib/python3.11/site-packages/airflow/example_dags/example_params_ui_tutorial.py
[2024-12-19T15:26:13.335+0000] {logging_mixin.py:188} INFO - [2024-12-19T15:26:13.334+0000] {dag.py:3036} INFO - Sync 1 DAGs
[2024-12-19T15:26:13.360+0000] {logging_mixin.py:188} INFO - [2024-12-19T15:26:13.359+0000] {dag.py:3823} INFO - Setting next_dagrun for example_params_ui_tutorial to None, run_after=None
[2024-12-19T15:26:13.410+0000] {processor.py:183} INFO - Processing /home/airflow/.local/lib/python3.11/site-packages/airflow/example_dags/example_params_ui_tutorial.py took 0.213 seconds
[2024-12-19T15:26:43.566+0000] {processor.py:161} INFO - Started process (PID=307) to work on /home/airflow/.local/lib/python3.11/site-packages/airflow/example_dags/example_params_ui_tutorial.py
[2024-12-19T15:26:43.567+0000] {processor.py:830} INFO - Processing file /home/airflow/.local/lib/python3.11/site-packages/airflow/example_dags/example_params_ui_tutorial.py for tasks to queue
[2024-12-19T15:26:43.569+0000] {logging_mixin.py:188} INFO - [2024-12-19T15:26:43.569+0000] {dagbag.py:538} INFO - Filling up the DagBag from /home/airflow/.local/lib/python3.11/site-packages/airflow/example_dags/example_params_ui_tutorial.py
[2024-12-19T15:26:43.584+0000] {processor.py:840} INFO - DAG(s) 'example_params_ui_tutorial' retrieved from /home/airflow/.local/lib/python3.11/site-packages/airflow/example_dags/example_params_ui_tutorial.py
[2024-12-19T15:26:43.651+0000] {logging_mixin.py:188} INFO - [2024-12-19T15:26:43.651+0000] {dag.py:3036} INFO - Sync 1 DAGs
[2024-12-19T15:26:43.665+0000] {logging_mixin.py:188} INFO - [2024-12-19T15:26:43.665+0000] {dag.py:3823} INFO - Setting next_dagrun for example_params_ui_tutorial to None, run_after=None
[2024-12-19T15:26:43.690+0000] {processor.py:183} INFO - Processing /home/airflow/.local/lib/python3.11/site-packages/airflow/example_dags/example_params_ui_tutorial.py took 0.128 seconds
[2024-12-19T15:27:14.110+0000] {processor.py:161} INFO - Started process (PID=370) to work on /home/airflow/.local/lib/python3.11/site-packages/airflow/example_dags/example_params_ui_tutorial.py
[2024-12-19T15:27:14.112+0000] {processor.py:830} INFO - Processing file /home/airflow/.local/lib/python3.11/site-packages/airflow/example_dags/example_params_ui_tutorial.py for tasks to queue
[2024-12-19T15:27:14.116+0000] {logging_mixin.py:188} INFO - [2024-12-19T15:27:14.115+0000] {dagbag.py:538} INFO - Filling up the DagBag from /home/airflow/.local/lib/python3.11/site-packages/airflow/example_dags/example_params_ui_tutorial.py
[2024-12-19T15:27:14.133+0000] {processor.py:840} INFO - DAG(s) 'example_params_ui_tutorial' retrieved from /home/airflow/.local/lib/python3.11/site-packages/airflow/example_dags/example_params_ui_tutorial.py
[2024-12-19T15:27:14.198+0000] {logging_mixin.py:188} INFO - [2024-12-19T15:27:14.198+0000] {dag.py:3036} INFO - Sync 1 DAGs
[2024-12-19T15:27:14.215+0000] {logging_mixin.py:188} INFO - [2024-12-19T15:27:14.215+0000] {dag.py:3823} INFO - Setting next_dagrun for example_params_ui_tutorial to None, run_after=None
[2024-12-19T15:27:14.239+0000] {processor.py:183} INFO - Processing /home/airflow/.local/lib/python3.11/site-packages/airflow/example_dags/example_params_ui_tutorial.py took 0.136 seconds
[2024-12-19T15:27:44.387+0000] {processor.py:161} INFO - Started process (PID=442) to work on /home/airflow/.local/lib/python3.11/site-packages/airflow/example_dags/example_params_ui_tutorial.py
[2024-12-19T15:27:44.389+0000] {processor.py:830} INFO - Processing file /home/airflow/.local/lib/python3.11/site-packages/airflow/example_dags/example_params_ui_tutorial.py for tasks to queue
[2024-12-19T15:27:44.392+0000] {logging_mixin.py:188} INFO - [2024-12-19T15:27:44.391+0000] {dagbag.py:538} INFO - Filling up the DagBag from /home/airflow/.local/lib/python3.11/site-packages/airflow/example_dags/example_params_ui_tutorial.py
[2024-12-19T15:27:44.411+0000] {processor.py:840} INFO - DAG(s) 'example_params_ui_tutorial' retrieved from /home/airflow/.local/lib/python3.11/site-packages/airflow/example_dags/example_params_ui_tutorial.py
[2024-12-19T15:27:44.480+0000] {logging_mixin.py:188} INFO - [2024-12-19T15:27:44.480+0000] {dag.py:3036} INFO - Sync 1 DAGs
[2024-12-19T15:27:44.497+0000] {logging_mixin.py:188} INFO - [2024-12-19T15:27:44.496+0000] {dag.py:3823} INFO - Setting next_dagrun for example_params_ui_tutorial to None, run_after=None
[2024-12-19T15:27:44.520+0000] {processor.py:183} INFO - Processing /home/airflow/.local/lib/python3.11/site-packages/airflow/example_dags/example_params_ui_tutorial.py took 0.138 seconds
[2024-12-19T15:28:14.596+0000] {processor.py:161} INFO - Started process (PID=506) to work on /home/airflow/.local/lib/python3.11/site-packages/airflow/example_dags/example_params_ui_tutorial.py
[2024-12-19T15:28:14.597+0000] {processor.py:830} INFO - Processing file /home/airflow/.local/lib/python3.11/site-packages/airflow/example_dags/example_params_ui_tutorial.py for tasks to queue
[2024-12-19T15:28:14.601+0000] {logging_mixin.py:188} INFO - [2024-12-19T15:28:14.600+0000] {dagbag.py:538} INFO - Filling up the DagBag from /home/airflow/.local/lib/python3.11/site-packages/airflow/example_dags/example_params_ui_tutorial.py
[2024-12-19T15:28:14.626+0000] {processor.py:840} INFO - DAG(s) 'example_params_ui_tutorial' retrieved from /home/airflow/.local/lib/python3.11/site-packages/airflow/example_dags/example_params_ui_tutorial.py
[2024-12-19T15:28:14.731+0000] {logging_mixin.py:188} INFO - [2024-12-19T15:28:14.731+0000] {dag.py:3036} INFO - Sync 1 DAGs
[2024-12-19T15:28:14.754+0000] {logging_mixin.py:188} INFO - [2024-12-19T15:28:14.753+0000] {dag.py:3823} INFO - Setting next_dagrun for example_params_ui_tutorial to None, run_after=None
[2024-12-19T15:28:14.790+0000] {processor.py:183} INFO - Processing /home/airflow/.local/lib/python3.11/site-packages/airflow/example_dags/example_params_ui_tutorial.py took 0.201 seconds
[2024-12-19T15:28:45.079+0000] {processor.py:161} INFO - Started process (PID=571) to work on /home/airflow/.local/lib/python3.11/site-packages/airflow/example_dags/example_params_ui_tutorial.py
[2024-12-19T15:28:45.080+0000] {processor.py:830} INFO - Processing file /home/airflow/.local/lib/python3.11/site-packages/airflow/example_dags/example_params_ui_tutorial.py for tasks to queue
[2024-12-19T15:28:45.083+0000] {logging_mixin.py:188} INFO - [2024-12-19T15:28:45.082+0000] {dagbag.py:538} INFO - Filling up the DagBag from /home/airflow/.local/lib/python3.11/site-packages/airflow/example_dags/example_params_ui_tutorial.py
[2024-12-19T15:28:45.100+0000] {processor.py:840} INFO - DAG(s) 'example_params_ui_tutorial' retrieved from /home/airflow/.local/lib/python3.11/site-packages/airflow/example_dags/example_params_ui_tutorial.py
[2024-12-19T15:28:45.219+0000] {logging_mixin.py:188} INFO - [2024-12-19T15:28:45.219+0000] {dag.py:3036} INFO - Sync 1 DAGs
[2024-12-19T15:28:45.235+0000] {logging_mixin.py:188} INFO - [2024-12-19T15:28:45.235+0000] {dag.py:3823} INFO - Setting next_dagrun for example_params_ui_tutorial to None, run_after=None
[2024-12-19T15:28:45.263+0000] {processor.py:183} INFO - Processing /home/airflow/.local/lib/python3.11/site-packages/airflow/example_dags/example_params_ui_tutorial.py took 0.189 seconds
[2024-12-19T15:29:15.503+0000] {processor.py:161} INFO - Started process (PID=633) to work on /home/airflow/.local/lib/python3.11/site-packages/airflow/example_dags/example_params_ui_tutorial.py
[2024-12-19T15:29:15.504+0000] {processor.py:830} INFO - Processing file /home/airflow/.local/lib/python3.11/site-packages/airflow/example_dags/example_params_ui_tutorial.py for tasks to queue
[2024-12-19T15:29:15.508+0000] {logging_mixin.py:188} INFO - [2024-12-19T15:29:15.508+0000] {dagbag.py:538} INFO - Filling up the DagBag from /home/airflow/.local/lib/python3.11/site-packages/airflow/example_dags/example_params_ui_tutorial.py
[2024-12-19T15:29:15.527+0000] {processor.py:840} INFO - DAG(s) 'example_params_ui_tutorial' retrieved from /home/airflow/.local/lib/python3.11/site-packages/airflow/example_dags/example_params_ui_tutorial.py
[2024-12-19T15:29:15.616+0000] {logging_mixin.py:188} INFO - [2024-12-19T15:29:15.616+0000] {dag.py:3036} INFO - Sync 1 DAGs
[2024-12-19T15:29:15.640+0000] {logging_mixin.py:188} INFO - [2024-12-19T15:29:15.640+0000] {dag.py:3823} INFO - Setting next_dagrun for example_params_ui_tutorial to None, run_after=None
[2024-12-19T15:29:15.666+0000] {processor.py:183} INFO - Processing /home/airflow/.local/lib/python3.11/site-packages/airflow/example_dags/example_params_ui_tutorial.py took 0.168 seconds
[2024-12-19T15:29:45.839+0000] {processor.py:161} INFO - Started process (PID=703) to work on /home/airflow/.local/lib/python3.11/site-packages/airflow/example_dags/example_params_ui_tutorial.py
[2024-12-19T15:29:45.841+0000] {processor.py:830} INFO - Processing file /home/airflow/.local/lib/python3.11/site-packages/airflow/example_dags/example_params_ui_tutorial.py for tasks to queue
[2024-12-19T15:29:45.844+0000] {logging_mixin.py:188} INFO - [2024-12-19T15:29:45.843+0000] {dagbag.py:538} INFO - Filling up the DagBag from /home/airflow/.local/lib/python3.11/site-packages/airflow/example_dags/example_params_ui_tutorial.py
[2024-12-19T15:29:45.868+0000] {processor.py:840} INFO - DAG(s) 'example_params_ui_tutorial' retrieved from /home/airflow/.local/lib/python3.11/site-packages/airflow/example_dags/example_params_ui_tutorial.py
[2024-12-19T15:29:45.953+0000] {logging_mixin.py:188} INFO - [2024-12-19T15:29:45.953+0000] {dag.py:3036} INFO - Sync 1 DAGs
[2024-12-19T15:29:45.981+0000] {logging_mixin.py:188} INFO - [2024-12-19T15:29:45.981+0000] {dag.py:3823} INFO - Setting next_dagrun for example_params_ui_tutorial to None, run_after=None
[2024-12-19T15:29:46.012+0000] {processor.py:183} INFO - Processing /home/airflow/.local/lib/python3.11/site-packages/airflow/example_dags/example_params_ui_tutorial.py took 0.178 seconds
[2024-12-19T15:37:22.380+0000] {processor.py:161} INFO - Started process (PID=114) to work on /home/airflow/.local/lib/python3.11/site-packages/airflow/example_dags/example_params_ui_tutorial.py
[2024-12-19T15:37:22.382+0000] {processor.py:830} INFO - Processing file /home/airflow/.local/lib/python3.11/site-packages/airflow/example_dags/example_params_ui_tutorial.py for tasks to queue
[2024-12-19T15:37:22.385+0000] {logging_mixin.py:188} INFO - [2024-12-19T15:37:22.385+0000] {dagbag.py:538} INFO - Filling up the DagBag from /home/airflow/.local/lib/python3.11/site-packages/airflow/example_dags/example_params_ui_tutorial.py
[2024-12-19T15:37:22.419+0000] {processor.py:840} INFO - DAG(s) 'example_params_ui_tutorial' retrieved from /home/airflow/.local/lib/python3.11/site-packages/airflow/example_dags/example_params_ui_tutorial.py
[2024-12-19T15:37:22.787+0000] {logging_mixin.py:188} INFO - [2024-12-19T15:37:22.787+0000] {dag.py:3036} INFO - Sync 1 DAGs
[2024-12-19T15:37:22.799+0000] {logging_mixin.py:188} INFO - [2024-12-19T15:37:22.799+0000] {dag.py:3823} INFO - Setting next_dagrun for example_params_ui_tutorial to None, run_after=None
[2024-12-19T15:37:22.830+0000] {processor.py:183} INFO - Processing /home/airflow/.local/lib/python3.11/site-packages/airflow/example_dags/example_params_ui_tutorial.py took 0.455 seconds
[2024-12-19T15:37:53.188+0000] {processor.py:161} INFO - Started process (PID=171) to work on /home/airflow/.local/lib/python3.11/site-packages/airflow/example_dags/example_params_ui_tutorial.py
[2024-12-19T15:37:53.190+0000] {processor.py:830} INFO - Processing file /home/airflow/.local/lib/python3.11/site-packages/airflow/example_dags/example_params_ui_tutorial.py for tasks to queue
[2024-12-19T15:37:53.200+0000] {logging_mixin.py:188} INFO - [2024-12-19T15:37:53.198+0000] {dagbag.py:538} INFO - Filling up the DagBag from /home/airflow/.local/lib/python3.11/site-packages/airflow/example_dags/example_params_ui_tutorial.py
[2024-12-19T15:37:53.235+0000] {processor.py:840} INFO - DAG(s) 'example_params_ui_tutorial' retrieved from /home/airflow/.local/lib/python3.11/site-packages/airflow/example_dags/example_params_ui_tutorial.py
[2024-12-19T15:37:53.374+0000] {logging_mixin.py:188} INFO - [2024-12-19T15:37:53.373+0000] {dag.py:3036} INFO - Sync 1 DAGs
[2024-12-19T15:37:53.390+0000] {logging_mixin.py:188} INFO - [2024-12-19T15:37:53.390+0000] {dag.py:3823} INFO - Setting next_dagrun for example_params_ui_tutorial to None, run_after=None
[2024-12-19T15:37:53.423+0000] {processor.py:183} INFO - Processing /home/airflow/.local/lib/python3.11/site-packages/airflow/example_dags/example_params_ui_tutorial.py took 0.245 seconds
[2024-12-19T15:38:23.643+0000] {processor.py:161} INFO - Started process (PID=242) to work on /home/airflow/.local/lib/python3.11/site-packages/airflow/example_dags/example_params_ui_tutorial.py
[2024-12-19T15:38:23.644+0000] {processor.py:830} INFO - Processing file /home/airflow/.local/lib/python3.11/site-packages/airflow/example_dags/example_params_ui_tutorial.py for tasks to queue
[2024-12-19T15:38:23.648+0000] {logging_mixin.py:188} INFO - [2024-12-19T15:38:23.648+0000] {dagbag.py:538} INFO - Filling up the DagBag from /home/airflow/.local/lib/python3.11/site-packages/airflow/example_dags/example_params_ui_tutorial.py
[2024-12-19T15:38:23.667+0000] {processor.py:840} INFO - DAG(s) 'example_params_ui_tutorial' retrieved from /home/airflow/.local/lib/python3.11/site-packages/airflow/example_dags/example_params_ui_tutorial.py
[2024-12-19T15:38:23.765+0000] {logging_mixin.py:188} INFO - [2024-12-19T15:38:23.765+0000] {dag.py:3036} INFO - Sync 1 DAGs
[2024-12-19T15:38:23.784+0000] {logging_mixin.py:188} INFO - [2024-12-19T15:38:23.783+0000] {dag.py:3823} INFO - Setting next_dagrun for example_params_ui_tutorial to None, run_after=None
[2024-12-19T15:38:23.813+0000] {processor.py:183} INFO - Processing /home/airflow/.local/lib/python3.11/site-packages/airflow/example_dags/example_params_ui_tutorial.py took 0.176 seconds
[2024-12-19T15:38:54.066+0000] {processor.py:161} INFO - Started process (PID=306) to work on /home/airflow/.local/lib/python3.11/site-packages/airflow/example_dags/example_params_ui_tutorial.py
[2024-12-19T15:38:54.067+0000] {processor.py:830} INFO - Processing file /home/airflow/.local/lib/python3.11/site-packages/airflow/example_dags/example_params_ui_tutorial.py for tasks to queue
[2024-12-19T15:38:54.071+0000] {logging_mixin.py:188} INFO - [2024-12-19T15:38:54.070+0000] {dagbag.py:538} INFO - Filling up the DagBag from /home/airflow/.local/lib/python3.11/site-packages/airflow/example_dags/example_params_ui_tutorial.py
[2024-12-19T15:38:54.087+0000] {processor.py:840} INFO - DAG(s) 'example_params_ui_tutorial' retrieved from /home/airflow/.local/lib/python3.11/site-packages/airflow/example_dags/example_params_ui_tutorial.py
[2024-12-19T15:38:54.151+0000] {logging_mixin.py:188} INFO - [2024-12-19T15:38:54.150+0000] {dag.py:3036} INFO - Sync 1 DAGs
[2024-12-19T15:38:54.164+0000] {logging_mixin.py:188} INFO - [2024-12-19T15:38:54.164+0000] {dag.py:3823} INFO - Setting next_dagrun for example_params_ui_tutorial to None, run_after=None
[2024-12-19T15:38:54.188+0000] {processor.py:183} INFO - Processing /home/airflow/.local/lib/python3.11/site-packages/airflow/example_dags/example_params_ui_tutorial.py took 0.128 seconds
[2024-12-19T15:39:24.257+0000] {processor.py:161} INFO - Started process (PID=370) to work on /home/airflow/.local/lib/python3.11/site-packages/airflow/example_dags/example_params_ui_tutorial.py
[2024-12-19T15:39:24.259+0000] {processor.py:830} INFO - Processing file /home/airflow/.local/lib/python3.11/site-packages/airflow/example_dags/example_params_ui_tutorial.py for tasks to queue
[2024-12-19T15:39:24.265+0000] {logging_mixin.py:188} INFO - [2024-12-19T15:39:24.264+0000] {dagbag.py:538} INFO - Filling up the DagBag from /home/airflow/.local/lib/python3.11/site-packages/airflow/example_dags/example_params_ui_tutorial.py
[2024-12-19T15:39:24.289+0000] {processor.py:840} INFO - DAG(s) 'example_params_ui_tutorial' retrieved from /home/airflow/.local/lib/python3.11/site-packages/airflow/example_dags/example_params_ui_tutorial.py
[2024-12-19T15:39:24.416+0000] {logging_mixin.py:188} INFO - [2024-12-19T15:39:24.415+0000] {dag.py:3036} INFO - Sync 1 DAGs
[2024-12-19T15:39:24.437+0000] {logging_mixin.py:188} INFO - [2024-12-19T15:39:24.437+0000] {dag.py:3823} INFO - Setting next_dagrun for example_params_ui_tutorial to None, run_after=None
[2024-12-19T15:39:24.469+0000] {processor.py:183} INFO - Processing /home/airflow/.local/lib/python3.11/site-packages/airflow/example_dags/example_params_ui_tutorial.py took 0.217 seconds
[2024-12-19T15:43:00.848+0000] {processor.py:161} INFO - Started process (PID=115) to work on /home/airflow/.local/lib/python3.11/site-packages/airflow/example_dags/example_params_ui_tutorial.py
[2024-12-19T15:43:00.850+0000] {processor.py:830} INFO - Processing file /home/airflow/.local/lib/python3.11/site-packages/airflow/example_dags/example_params_ui_tutorial.py for tasks to queue
[2024-12-19T15:43:00.854+0000] {logging_mixin.py:188} INFO - [2024-12-19T15:43:00.853+0000] {dagbag.py:538} INFO - Filling up the DagBag from /home/airflow/.local/lib/python3.11/site-packages/airflow/example_dags/example_params_ui_tutorial.py
[2024-12-19T15:43:00.903+0000] {processor.py:840} INFO - DAG(s) 'example_params_ui_tutorial' retrieved from /home/airflow/.local/lib/python3.11/site-packages/airflow/example_dags/example_params_ui_tutorial.py
[2024-12-19T15:43:01.347+0000] {logging_mixin.py:188} INFO - [2024-12-19T15:43:01.347+0000] {dag.py:3036} INFO - Sync 1 DAGs
[2024-12-19T15:43:01.366+0000] {logging_mixin.py:188} INFO - [2024-12-19T15:43:01.366+0000] {dag.py:3823} INFO - Setting next_dagrun for example_params_ui_tutorial to None, run_after=None
[2024-12-19T15:43:01.404+0000] {processor.py:183} INFO - Processing /home/airflow/.local/lib/python3.11/site-packages/airflow/example_dags/example_params_ui_tutorial.py took 0.560 seconds
[2024-12-19T15:43:31.551+0000] {processor.py:161} INFO - Started process (PID=178) to work on /home/airflow/.local/lib/python3.11/site-packages/airflow/example_dags/example_params_ui_tutorial.py
[2024-12-19T15:43:31.552+0000] {processor.py:830} INFO - Processing file /home/airflow/.local/lib/python3.11/site-packages/airflow/example_dags/example_params_ui_tutorial.py for tasks to queue
[2024-12-19T15:43:31.556+0000] {logging_mixin.py:188} INFO - [2024-12-19T15:43:31.555+0000] {dagbag.py:538} INFO - Filling up the DagBag from /home/airflow/.local/lib/python3.11/site-packages/airflow/example_dags/example_params_ui_tutorial.py
[2024-12-19T15:43:31.574+0000] {processor.py:840} INFO - DAG(s) 'example_params_ui_tutorial' retrieved from /home/airflow/.local/lib/python3.11/site-packages/airflow/example_dags/example_params_ui_tutorial.py
[2024-12-19T15:43:31.659+0000] {logging_mixin.py:188} INFO - [2024-12-19T15:43:31.659+0000] {dag.py:3036} INFO - Sync 1 DAGs
[2024-12-19T15:43:31.674+0000] {logging_mixin.py:188} INFO - [2024-12-19T15:43:31.674+0000] {dag.py:3823} INFO - Setting next_dagrun for example_params_ui_tutorial to None, run_after=None
[2024-12-19T15:43:31.707+0000] {processor.py:183} INFO - Processing /home/airflow/.local/lib/python3.11/site-packages/airflow/example_dags/example_params_ui_tutorial.py took 0.161 seconds
[2024-12-19T15:44:02.183+0000] {processor.py:161} INFO - Started process (PID=242) to work on /home/airflow/.local/lib/python3.11/site-packages/airflow/example_dags/example_params_ui_tutorial.py
[2024-12-19T15:44:02.186+0000] {processor.py:830} INFO - Processing file /home/airflow/.local/lib/python3.11/site-packages/airflow/example_dags/example_params_ui_tutorial.py for tasks to queue
[2024-12-19T15:44:02.190+0000] {logging_mixin.py:188} INFO - [2024-12-19T15:44:02.189+0000] {dagbag.py:538} INFO - Filling up the DagBag from /home/airflow/.local/lib/python3.11/site-packages/airflow/example_dags/example_params_ui_tutorial.py
[2024-12-19T15:44:02.211+0000] {processor.py:840} INFO - DAG(s) 'example_params_ui_tutorial' retrieved from /home/airflow/.local/lib/python3.11/site-packages/airflow/example_dags/example_params_ui_tutorial.py
[2024-12-19T15:44:02.285+0000] {logging_mixin.py:188} INFO - [2024-12-19T15:44:02.285+0000] {dag.py:3036} INFO - Sync 1 DAGs
[2024-12-19T15:44:02.300+0000] {logging_mixin.py:188} INFO - [2024-12-19T15:44:02.300+0000] {dag.py:3823} INFO - Setting next_dagrun for example_params_ui_tutorial to None, run_after=None
[2024-12-19T15:44:02.325+0000] {processor.py:183} INFO - Processing /home/airflow/.local/lib/python3.11/site-packages/airflow/example_dags/example_params_ui_tutorial.py took 0.148 seconds
[2024-12-19T15:44:32.914+0000] {processor.py:161} INFO - Started process (PID=306) to work on /home/airflow/.local/lib/python3.11/site-packages/airflow/example_dags/example_params_ui_tutorial.py
[2024-12-19T15:44:32.916+0000] {processor.py:830} INFO - Processing file /home/airflow/.local/lib/python3.11/site-packages/airflow/example_dags/example_params_ui_tutorial.py for tasks to queue
[2024-12-19T15:44:32.921+0000] {logging_mixin.py:188} INFO - [2024-12-19T15:44:32.920+0000] {dagbag.py:538} INFO - Filling up the DagBag from /home/airflow/.local/lib/python3.11/site-packages/airflow/example_dags/example_params_ui_tutorial.py
[2024-12-19T15:44:32.941+0000] {processor.py:840} INFO - DAG(s) 'example_params_ui_tutorial' retrieved from /home/airflow/.local/lib/python3.11/site-packages/airflow/example_dags/example_params_ui_tutorial.py
[2024-12-19T15:44:33.022+0000] {logging_mixin.py:188} INFO - [2024-12-19T15:44:33.022+0000] {dag.py:3036} INFO - Sync 1 DAGs
[2024-12-19T15:44:33.037+0000] {logging_mixin.py:188} INFO - [2024-12-19T15:44:33.037+0000] {dag.py:3823} INFO - Setting next_dagrun for example_params_ui_tutorial to None, run_after=None
[2024-12-19T15:44:33.076+0000] {processor.py:183} INFO - Processing /home/airflow/.local/lib/python3.11/site-packages/airflow/example_dags/example_params_ui_tutorial.py took 0.169 seconds
[2024-12-19T15:45:03.669+0000] {processor.py:161} INFO - Started process (PID=377) to work on /home/airflow/.local/lib/python3.11/site-packages/airflow/example_dags/example_params_ui_tutorial.py
[2024-12-19T15:45:03.670+0000] {processor.py:830} INFO - Processing file /home/airflow/.local/lib/python3.11/site-packages/airflow/example_dags/example_params_ui_tutorial.py for tasks to queue
[2024-12-19T15:45:03.673+0000] {logging_mixin.py:188} INFO - [2024-12-19T15:45:03.672+0000] {dagbag.py:538} INFO - Filling up the DagBag from /home/airflow/.local/lib/python3.11/site-packages/airflow/example_dags/example_params_ui_tutorial.py
[2024-12-19T15:45:03.687+0000] {processor.py:840} INFO - DAG(s) 'example_params_ui_tutorial' retrieved from /home/airflow/.local/lib/python3.11/site-packages/airflow/example_dags/example_params_ui_tutorial.py
[2024-12-19T15:45:03.769+0000] {logging_mixin.py:188} INFO - [2024-12-19T15:45:03.769+0000] {dag.py:3036} INFO - Sync 1 DAGs
[2024-12-19T15:45:03.784+0000] {logging_mixin.py:188} INFO - [2024-12-19T15:45:03.783+0000] {dag.py:3823} INFO - Setting next_dagrun for example_params_ui_tutorial to None, run_after=None
[2024-12-19T15:45:03.816+0000] {processor.py:183} INFO - Processing /home/airflow/.local/lib/python3.11/site-packages/airflow/example_dags/example_params_ui_tutorial.py took 0.151 seconds
[2024-12-19T15:45:34.059+0000] {processor.py:161} INFO - Started process (PID=441) to work on /home/airflow/.local/lib/python3.11/site-packages/airflow/example_dags/example_params_ui_tutorial.py
[2024-12-19T15:45:34.060+0000] {processor.py:830} INFO - Processing file /home/airflow/.local/lib/python3.11/site-packages/airflow/example_dags/example_params_ui_tutorial.py for tasks to queue
[2024-12-19T15:45:34.062+0000] {logging_mixin.py:188} INFO - [2024-12-19T15:45:34.062+0000] {dagbag.py:538} INFO - Filling up the DagBag from /home/airflow/.local/lib/python3.11/site-packages/airflow/example_dags/example_params_ui_tutorial.py
[2024-12-19T15:45:34.077+0000] {processor.py:840} INFO - DAG(s) 'example_params_ui_tutorial' retrieved from /home/airflow/.local/lib/python3.11/site-packages/airflow/example_dags/example_params_ui_tutorial.py
[2024-12-19T15:45:34.139+0000] {logging_mixin.py:188} INFO - [2024-12-19T15:45:34.139+0000] {dag.py:3036} INFO - Sync 1 DAGs
[2024-12-19T15:45:34.153+0000] {logging_mixin.py:188} INFO - [2024-12-19T15:45:34.153+0000] {dag.py:3823} INFO - Setting next_dagrun for example_params_ui_tutorial to None, run_after=None
[2024-12-19T15:45:34.182+0000] {processor.py:183} INFO - Processing /home/airflow/.local/lib/python3.11/site-packages/airflow/example_dags/example_params_ui_tutorial.py took 0.127 seconds
[2024-12-19T15:46:04.793+0000] {processor.py:161} INFO - Started process (PID=505) to work on /home/airflow/.local/lib/python3.11/site-packages/airflow/example_dags/example_params_ui_tutorial.py
[2024-12-19T15:46:04.795+0000] {processor.py:830} INFO - Processing file /home/airflow/.local/lib/python3.11/site-packages/airflow/example_dags/example_params_ui_tutorial.py for tasks to queue
[2024-12-19T15:46:04.800+0000] {logging_mixin.py:188} INFO - [2024-12-19T15:46:04.799+0000] {dagbag.py:538} INFO - Filling up the DagBag from /home/airflow/.local/lib/python3.11/site-packages/airflow/example_dags/example_params_ui_tutorial.py
[2024-12-19T15:46:04.824+0000] {processor.py:840} INFO - DAG(s) 'example_params_ui_tutorial' retrieved from /home/airflow/.local/lib/python3.11/site-packages/airflow/example_dags/example_params_ui_tutorial.py
[2024-12-19T15:46:04.900+0000] {logging_mixin.py:188} INFO - [2024-12-19T15:46:04.900+0000] {dag.py:3036} INFO - Sync 1 DAGs
[2024-12-19T15:46:04.915+0000] {logging_mixin.py:188} INFO - [2024-12-19T15:46:04.915+0000] {dag.py:3823} INFO - Setting next_dagrun for example_params_ui_tutorial to None, run_after=None
[2024-12-19T15:46:04.940+0000] {processor.py:183} INFO - Processing /home/airflow/.local/lib/python3.11/site-packages/airflow/example_dags/example_params_ui_tutorial.py took 0.154 seconds
[2024-12-19T15:46:35.541+0000] {processor.py:161} INFO - Started process (PID=569) to work on /home/airflow/.local/lib/python3.11/site-packages/airflow/example_dags/example_params_ui_tutorial.py
[2024-12-19T15:46:35.543+0000] {processor.py:830} INFO - Processing file /home/airflow/.local/lib/python3.11/site-packages/airflow/example_dags/example_params_ui_tutorial.py for tasks to queue
[2024-12-19T15:46:35.548+0000] {logging_mixin.py:188} INFO - [2024-12-19T15:46:35.547+0000] {dagbag.py:538} INFO - Filling up the DagBag from /home/airflow/.local/lib/python3.11/site-packages/airflow/example_dags/example_params_ui_tutorial.py
[2024-12-19T15:46:35.566+0000] {processor.py:840} INFO - DAG(s) 'example_params_ui_tutorial' retrieved from /home/airflow/.local/lib/python3.11/site-packages/airflow/example_dags/example_params_ui_tutorial.py
[2024-12-19T15:46:35.639+0000] {logging_mixin.py:188} INFO - [2024-12-19T15:46:35.639+0000] {dag.py:3036} INFO - Sync 1 DAGs
[2024-12-19T15:46:35.652+0000] {logging_mixin.py:188} INFO - [2024-12-19T15:46:35.652+0000] {dag.py:3823} INFO - Setting next_dagrun for example_params_ui_tutorial to None, run_after=None
[2024-12-19T15:46:35.684+0000] {processor.py:183} INFO - Processing /home/airflow/.local/lib/python3.11/site-packages/airflow/example_dags/example_params_ui_tutorial.py took 0.151 seconds
[2024-12-19T15:47:05.904+0000] {processor.py:161} INFO - Started process (PID=640) to work on /home/airflow/.local/lib/python3.11/site-packages/airflow/example_dags/example_params_ui_tutorial.py
[2024-12-19T15:47:05.906+0000] {processor.py:830} INFO - Processing file /home/airflow/.local/lib/python3.11/site-packages/airflow/example_dags/example_params_ui_tutorial.py for tasks to queue
[2024-12-19T15:47:05.909+0000] {logging_mixin.py:188} INFO - [2024-12-19T15:47:05.908+0000] {dagbag.py:538} INFO - Filling up the DagBag from /home/airflow/.local/lib/python3.11/site-packages/airflow/example_dags/example_params_ui_tutorial.py
[2024-12-19T15:47:05.926+0000] {processor.py:840} INFO - DAG(s) 'example_params_ui_tutorial' retrieved from /home/airflow/.local/lib/python3.11/site-packages/airflow/example_dags/example_params_ui_tutorial.py
[2024-12-19T15:47:05.990+0000] {logging_mixin.py:188} INFO - [2024-12-19T15:47:05.990+0000] {dag.py:3036} INFO - Sync 1 DAGs
[2024-12-19T15:47:06.010+0000] {logging_mixin.py:188} INFO - [2024-12-19T15:47:06.010+0000] {dag.py:3823} INFO - Setting next_dagrun for example_params_ui_tutorial to None, run_after=None
[2024-12-19T15:47:06.042+0000] {processor.py:183} INFO - Processing /home/airflow/.local/lib/python3.11/site-packages/airflow/example_dags/example_params_ui_tutorial.py took 0.141 seconds
[2024-12-19T15:47:36.592+0000] {processor.py:161} INFO - Started process (PID=716) to work on /home/airflow/.local/lib/python3.11/site-packages/airflow/example_dags/example_params_ui_tutorial.py
[2024-12-19T15:47:36.594+0000] {processor.py:830} INFO - Processing file /home/airflow/.local/lib/python3.11/site-packages/airflow/example_dags/example_params_ui_tutorial.py for tasks to queue
[2024-12-19T15:47:36.599+0000] {logging_mixin.py:188} INFO - [2024-12-19T15:47:36.598+0000] {dagbag.py:538} INFO - Filling up the DagBag from /home/airflow/.local/lib/python3.11/site-packages/airflow/example_dags/example_params_ui_tutorial.py
[2024-12-19T15:47:36.625+0000] {processor.py:840} INFO - DAG(s) 'example_params_ui_tutorial' retrieved from /home/airflow/.local/lib/python3.11/site-packages/airflow/example_dags/example_params_ui_tutorial.py
[2024-12-19T15:47:36.741+0000] {logging_mixin.py:188} INFO - [2024-12-19T15:47:36.741+0000] {dag.py:3036} INFO - Sync 1 DAGs
[2024-12-19T15:47:36.754+0000] {logging_mixin.py:188} INFO - [2024-12-19T15:47:36.754+0000] {dag.py:3823} INFO - Setting next_dagrun for example_params_ui_tutorial to None, run_after=None
[2024-12-19T15:47:36.780+0000] {processor.py:183} INFO - Processing /home/airflow/.local/lib/python3.11/site-packages/airflow/example_dags/example_params_ui_tutorial.py took 0.195 seconds
[2024-12-19T15:48:07.139+0000] {processor.py:161} INFO - Started process (PID=789) to work on /home/airflow/.local/lib/python3.11/site-packages/airflow/example_dags/example_params_ui_tutorial.py
[2024-12-19T15:48:07.140+0000] {processor.py:830} INFO - Processing file /home/airflow/.local/lib/python3.11/site-packages/airflow/example_dags/example_params_ui_tutorial.py for tasks to queue
[2024-12-19T15:48:07.143+0000] {logging_mixin.py:188} INFO - [2024-12-19T15:48:07.143+0000] {dagbag.py:538} INFO - Filling up the DagBag from /home/airflow/.local/lib/python3.11/site-packages/airflow/example_dags/example_params_ui_tutorial.py
[2024-12-19T15:48:07.161+0000] {processor.py:840} INFO - DAG(s) 'example_params_ui_tutorial' retrieved from /home/airflow/.local/lib/python3.11/site-packages/airflow/example_dags/example_params_ui_tutorial.py
[2024-12-19T15:48:07.232+0000] {logging_mixin.py:188} INFO - [2024-12-19T15:48:07.232+0000] {dag.py:3036} INFO - Sync 1 DAGs
[2024-12-19T15:48:07.248+0000] {logging_mixin.py:188} INFO - [2024-12-19T15:48:07.247+0000] {dag.py:3823} INFO - Setting next_dagrun for example_params_ui_tutorial to None, run_after=None
[2024-12-19T15:48:07.291+0000] {processor.py:183} INFO - Processing /home/airflow/.local/lib/python3.11/site-packages/airflow/example_dags/example_params_ui_tutorial.py took 0.157 seconds
[2024-12-19T15:48:37.675+0000] {processor.py:161} INFO - Started process (PID=854) to work on /home/airflow/.local/lib/python3.11/site-packages/airflow/example_dags/example_params_ui_tutorial.py
[2024-12-19T15:48:37.676+0000] {processor.py:830} INFO - Processing file /home/airflow/.local/lib/python3.11/site-packages/airflow/example_dags/example_params_ui_tutorial.py for tasks to queue
[2024-12-19T15:48:37.679+0000] {logging_mixin.py:188} INFO - [2024-12-19T15:48:37.678+0000] {dagbag.py:538} INFO - Filling up the DagBag from /home/airflow/.local/lib/python3.11/site-packages/airflow/example_dags/example_params_ui_tutorial.py
[2024-12-19T15:48:37.693+0000] {processor.py:840} INFO - DAG(s) 'example_params_ui_tutorial' retrieved from /home/airflow/.local/lib/python3.11/site-packages/airflow/example_dags/example_params_ui_tutorial.py
[2024-12-19T15:48:37.754+0000] {logging_mixin.py:188} INFO - [2024-12-19T15:48:37.754+0000] {dag.py:3036} INFO - Sync 1 DAGs
[2024-12-19T15:48:37.769+0000] {logging_mixin.py:188} INFO - [2024-12-19T15:48:37.768+0000] {dag.py:3823} INFO - Setting next_dagrun for example_params_ui_tutorial to None, run_after=None
[2024-12-19T15:48:37.800+0000] {processor.py:183} INFO - Processing /home/airflow/.local/lib/python3.11/site-packages/airflow/example_dags/example_params_ui_tutorial.py took 0.129 seconds
[2024-12-19T15:49:08.299+0000] {processor.py:161} INFO - Started process (PID=935) to work on /home/airflow/.local/lib/python3.11/site-packages/airflow/example_dags/example_params_ui_tutorial.py
[2024-12-19T15:49:08.300+0000] {processor.py:830} INFO - Processing file /home/airflow/.local/lib/python3.11/site-packages/airflow/example_dags/example_params_ui_tutorial.py for tasks to queue
[2024-12-19T15:49:08.302+0000] {logging_mixin.py:188} INFO - [2024-12-19T15:49:08.302+0000] {dagbag.py:538} INFO - Filling up the DagBag from /home/airflow/.local/lib/python3.11/site-packages/airflow/example_dags/example_params_ui_tutorial.py
[2024-12-19T15:49:08.317+0000] {processor.py:840} INFO - DAG(s) 'example_params_ui_tutorial' retrieved from /home/airflow/.local/lib/python3.11/site-packages/airflow/example_dags/example_params_ui_tutorial.py
[2024-12-19T15:49:08.388+0000] {logging_mixin.py:188} INFO - [2024-12-19T15:49:08.388+0000] {dag.py:3036} INFO - Sync 1 DAGs
[2024-12-19T15:49:08.402+0000] {logging_mixin.py:188} INFO - [2024-12-19T15:49:08.402+0000] {dag.py:3823} INFO - Setting next_dagrun for example_params_ui_tutorial to None, run_after=None
[2024-12-19T15:49:08.436+0000] {processor.py:183} INFO - Processing /home/airflow/.local/lib/python3.11/site-packages/airflow/example_dags/example_params_ui_tutorial.py took 0.141 seconds
[2024-12-19T15:49:39.164+0000] {processor.py:161} INFO - Started process (PID=1001) to work on /home/airflow/.local/lib/python3.11/site-packages/airflow/example_dags/example_params_ui_tutorial.py
[2024-12-19T15:49:39.167+0000] {processor.py:830} INFO - Processing file /home/airflow/.local/lib/python3.11/site-packages/airflow/example_dags/example_params_ui_tutorial.py for tasks to queue
[2024-12-19T15:49:39.171+0000] {logging_mixin.py:188} INFO - [2024-12-19T15:49:39.171+0000] {dagbag.py:538} INFO - Filling up the DagBag from /home/airflow/.local/lib/python3.11/site-packages/airflow/example_dags/example_params_ui_tutorial.py
[2024-12-19T15:49:39.196+0000] {processor.py:840} INFO - DAG(s) 'example_params_ui_tutorial' retrieved from /home/airflow/.local/lib/python3.11/site-packages/airflow/example_dags/example_params_ui_tutorial.py
[2024-12-19T15:49:39.269+0000] {logging_mixin.py:188} INFO - [2024-12-19T15:49:39.268+0000] {dag.py:3036} INFO - Sync 1 DAGs
[2024-12-19T15:49:39.283+0000] {logging_mixin.py:188} INFO - [2024-12-19T15:49:39.283+0000] {dag.py:3823} INFO - Setting next_dagrun for example_params_ui_tutorial to None, run_after=None
[2024-12-19T15:49:39.323+0000] {processor.py:183} INFO - Processing /home/airflow/.local/lib/python3.11/site-packages/airflow/example_dags/example_params_ui_tutorial.py took 0.166 seconds
[2024-12-19T15:50:09.526+0000] {processor.py:161} INFO - Started process (PID=1065) to work on /home/airflow/.local/lib/python3.11/site-packages/airflow/example_dags/example_params_ui_tutorial.py
[2024-12-19T15:50:09.527+0000] {processor.py:830} INFO - Processing file /home/airflow/.local/lib/python3.11/site-packages/airflow/example_dags/example_params_ui_tutorial.py for tasks to queue
[2024-12-19T15:50:09.530+0000] {logging_mixin.py:188} INFO - [2024-12-19T15:50:09.529+0000] {dagbag.py:538} INFO - Filling up the DagBag from /home/airflow/.local/lib/python3.11/site-packages/airflow/example_dags/example_params_ui_tutorial.py
[2024-12-19T15:50:09.544+0000] {processor.py:840} INFO - DAG(s) 'example_params_ui_tutorial' retrieved from /home/airflow/.local/lib/python3.11/site-packages/airflow/example_dags/example_params_ui_tutorial.py
[2024-12-19T15:50:09.606+0000] {logging_mixin.py:188} INFO - [2024-12-19T15:50:09.606+0000] {dag.py:3036} INFO - Sync 1 DAGs
[2024-12-19T15:50:09.620+0000] {logging_mixin.py:188} INFO - [2024-12-19T15:50:09.619+0000] {dag.py:3823} INFO - Setting next_dagrun for example_params_ui_tutorial to None, run_after=None
[2024-12-19T15:50:09.650+0000] {processor.py:183} INFO - Processing /home/airflow/.local/lib/python3.11/site-packages/airflow/example_dags/example_params_ui_tutorial.py took 0.128 seconds
[2024-12-19T15:50:40.060+0000] {processor.py:161} INFO - Started process (PID=1129) to work on /home/airflow/.local/lib/python3.11/site-packages/airflow/example_dags/example_params_ui_tutorial.py
[2024-12-19T15:50:40.061+0000] {processor.py:830} INFO - Processing file /home/airflow/.local/lib/python3.11/site-packages/airflow/example_dags/example_params_ui_tutorial.py for tasks to queue
[2024-12-19T15:50:40.064+0000] {logging_mixin.py:188} INFO - [2024-12-19T15:50:40.064+0000] {dagbag.py:538} INFO - Filling up the DagBag from /home/airflow/.local/lib/python3.11/site-packages/airflow/example_dags/example_params_ui_tutorial.py
[2024-12-19T15:50:40.085+0000] {processor.py:840} INFO - DAG(s) 'example_params_ui_tutorial' retrieved from /home/airflow/.local/lib/python3.11/site-packages/airflow/example_dags/example_params_ui_tutorial.py
[2024-12-19T15:50:40.156+0000] {logging_mixin.py:188} INFO - [2024-12-19T15:50:40.156+0000] {dag.py:3036} INFO - Sync 1 DAGs
[2024-12-19T15:50:40.171+0000] {logging_mixin.py:188} INFO - [2024-12-19T15:50:40.170+0000] {dag.py:3823} INFO - Setting next_dagrun for example_params_ui_tutorial to None, run_after=None
[2024-12-19T15:50:40.196+0000] {processor.py:183} INFO - Processing /home/airflow/.local/lib/python3.11/site-packages/airflow/example_dags/example_params_ui_tutorial.py took 0.141 seconds
[2024-12-19T15:51:10.553+0000] {processor.py:161} INFO - Started process (PID=1200) to work on /home/airflow/.local/lib/python3.11/site-packages/airflow/example_dags/example_params_ui_tutorial.py
[2024-12-19T15:51:10.555+0000] {processor.py:830} INFO - Processing file /home/airflow/.local/lib/python3.11/site-packages/airflow/example_dags/example_params_ui_tutorial.py for tasks to queue
[2024-12-19T15:51:10.558+0000] {logging_mixin.py:188} INFO - [2024-12-19T15:51:10.557+0000] {dagbag.py:538} INFO - Filling up the DagBag from /home/airflow/.local/lib/python3.11/site-packages/airflow/example_dags/example_params_ui_tutorial.py
[2024-12-19T15:51:10.585+0000] {processor.py:840} INFO - DAG(s) 'example_params_ui_tutorial' retrieved from /home/airflow/.local/lib/python3.11/site-packages/airflow/example_dags/example_params_ui_tutorial.py
[2024-12-19T15:51:10.734+0000] {logging_mixin.py:188} INFO - [2024-12-19T15:51:10.733+0000] {dag.py:3036} INFO - Sync 1 DAGs
[2024-12-19T15:51:10.757+0000] {logging_mixin.py:188} INFO - [2024-12-19T15:51:10.757+0000] {dag.py:3823} INFO - Setting next_dagrun for example_params_ui_tutorial to None, run_after=None
[2024-12-19T15:51:10.794+0000] {processor.py:183} INFO - Processing /home/airflow/.local/lib/python3.11/site-packages/airflow/example_dags/example_params_ui_tutorial.py took 0.244 seconds
[2024-12-19T15:53:42.090+0000] {processor.py:161} INFO - Started process (PID=115) to work on /home/airflow/.local/lib/python3.11/site-packages/airflow/example_dags/example_params_ui_tutorial.py
[2024-12-19T15:53:42.092+0000] {processor.py:830} INFO - Processing file /home/airflow/.local/lib/python3.11/site-packages/airflow/example_dags/example_params_ui_tutorial.py for tasks to queue
[2024-12-19T15:53:42.096+0000] {logging_mixin.py:188} INFO - [2024-12-19T15:53:42.095+0000] {dagbag.py:538} INFO - Filling up the DagBag from /home/airflow/.local/lib/python3.11/site-packages/airflow/example_dags/example_params_ui_tutorial.py
[2024-12-19T15:53:42.149+0000] {processor.py:840} INFO - DAG(s) 'example_params_ui_tutorial' retrieved from /home/airflow/.local/lib/python3.11/site-packages/airflow/example_dags/example_params_ui_tutorial.py
[2024-12-19T15:53:42.623+0000] {logging_mixin.py:188} INFO - [2024-12-19T15:53:42.623+0000] {dag.py:3036} INFO - Sync 1 DAGs
[2024-12-19T15:53:42.641+0000] {logging_mixin.py:188} INFO - [2024-12-19T15:53:42.641+0000] {dag.py:3823} INFO - Setting next_dagrun for example_params_ui_tutorial to None, run_after=None
[2024-12-19T15:53:42.679+0000] {processor.py:183} INFO - Processing /home/airflow/.local/lib/python3.11/site-packages/airflow/example_dags/example_params_ui_tutorial.py took 0.594 seconds
[2024-12-19T15:54:12.806+0000] {processor.py:161} INFO - Started process (PID=178) to work on /home/airflow/.local/lib/python3.11/site-packages/airflow/example_dags/example_params_ui_tutorial.py
[2024-12-19T15:54:12.807+0000] {processor.py:830} INFO - Processing file /home/airflow/.local/lib/python3.11/site-packages/airflow/example_dags/example_params_ui_tutorial.py for tasks to queue
[2024-12-19T15:54:12.810+0000] {logging_mixin.py:188} INFO - [2024-12-19T15:54:12.810+0000] {dagbag.py:538} INFO - Filling up the DagBag from /home/airflow/.local/lib/python3.11/site-packages/airflow/example_dags/example_params_ui_tutorial.py
[2024-12-19T15:54:12.827+0000] {processor.py:840} INFO - DAG(s) 'example_params_ui_tutorial' retrieved from /home/airflow/.local/lib/python3.11/site-packages/airflow/example_dags/example_params_ui_tutorial.py
[2024-12-19T15:54:12.889+0000] {logging_mixin.py:188} INFO - [2024-12-19T15:54:12.889+0000] {dag.py:3036} INFO - Sync 1 DAGs
[2024-12-19T15:54:12.903+0000] {logging_mixin.py:188} INFO - [2024-12-19T15:54:12.902+0000] {dag.py:3823} INFO - Setting next_dagrun for example_params_ui_tutorial to None, run_after=None
[2024-12-19T15:54:12.932+0000] {processor.py:183} INFO - Processing /home/airflow/.local/lib/python3.11/site-packages/airflow/example_dags/example_params_ui_tutorial.py took 0.130 seconds
[2024-12-19T15:54:43.450+0000] {processor.py:161} INFO - Started process (PID=242) to work on /home/airflow/.local/lib/python3.11/site-packages/airflow/example_dags/example_params_ui_tutorial.py
[2024-12-19T15:54:43.453+0000] {processor.py:830} INFO - Processing file /home/airflow/.local/lib/python3.11/site-packages/airflow/example_dags/example_params_ui_tutorial.py for tasks to queue
[2024-12-19T15:54:43.457+0000] {logging_mixin.py:188} INFO - [2024-12-19T15:54:43.457+0000] {dagbag.py:538} INFO - Filling up the DagBag from /home/airflow/.local/lib/python3.11/site-packages/airflow/example_dags/example_params_ui_tutorial.py
[2024-12-19T15:54:43.481+0000] {processor.py:840} INFO - DAG(s) 'example_params_ui_tutorial' retrieved from /home/airflow/.local/lib/python3.11/site-packages/airflow/example_dags/example_params_ui_tutorial.py
[2024-12-19T15:54:43.565+0000] {logging_mixin.py:188} INFO - [2024-12-19T15:54:43.564+0000] {dag.py:3036} INFO - Sync 1 DAGs
[2024-12-19T15:54:43.579+0000] {logging_mixin.py:188} INFO - [2024-12-19T15:54:43.579+0000] {dag.py:3823} INFO - Setting next_dagrun for example_params_ui_tutorial to None, run_after=None
[2024-12-19T15:54:43.603+0000] {processor.py:183} INFO - Processing /home/airflow/.local/lib/python3.11/site-packages/airflow/example_dags/example_params_ui_tutorial.py took 0.160 seconds
[2024-12-19T15:55:13.868+0000] {processor.py:161} INFO - Started process (PID=306) to work on /home/airflow/.local/lib/python3.11/site-packages/airflow/example_dags/example_params_ui_tutorial.py
[2024-12-19T15:55:13.871+0000] {processor.py:830} INFO - Processing file /home/airflow/.local/lib/python3.11/site-packages/airflow/example_dags/example_params_ui_tutorial.py for tasks to queue
[2024-12-19T15:55:13.876+0000] {logging_mixin.py:188} INFO - [2024-12-19T15:55:13.875+0000] {dagbag.py:538} INFO - Filling up the DagBag from /home/airflow/.local/lib/python3.11/site-packages/airflow/example_dags/example_params_ui_tutorial.py
[2024-12-19T15:55:13.897+0000] {processor.py:840} INFO - DAG(s) 'example_params_ui_tutorial' retrieved from /home/airflow/.local/lib/python3.11/site-packages/airflow/example_dags/example_params_ui_tutorial.py
[2024-12-19T15:55:13.962+0000] {logging_mixin.py:188} INFO - [2024-12-19T15:55:13.962+0000] {dag.py:3036} INFO - Sync 1 DAGs
[2024-12-19T15:55:13.982+0000] {logging_mixin.py:188} INFO - [2024-12-19T15:55:13.982+0000] {dag.py:3823} INFO - Setting next_dagrun for example_params_ui_tutorial to None, run_after=None
[2024-12-19T15:55:14.016+0000] {processor.py:183} INFO - Processing /home/airflow/.local/lib/python3.11/site-packages/airflow/example_dags/example_params_ui_tutorial.py took 0.155 seconds
[2024-12-19T15:55:44.290+0000] {processor.py:161} INFO - Started process (PID=377) to work on /home/airflow/.local/lib/python3.11/site-packages/airflow/example_dags/example_params_ui_tutorial.py
[2024-12-19T15:55:44.292+0000] {processor.py:830} INFO - Processing file /home/airflow/.local/lib/python3.11/site-packages/airflow/example_dags/example_params_ui_tutorial.py for tasks to queue
[2024-12-19T15:55:44.295+0000] {logging_mixin.py:188} INFO - [2024-12-19T15:55:44.294+0000] {dagbag.py:538} INFO - Filling up the DagBag from /home/airflow/.local/lib/python3.11/site-packages/airflow/example_dags/example_params_ui_tutorial.py
[2024-12-19T15:55:44.312+0000] {processor.py:840} INFO - DAG(s) 'example_params_ui_tutorial' retrieved from /home/airflow/.local/lib/python3.11/site-packages/airflow/example_dags/example_params_ui_tutorial.py
[2024-12-19T15:55:44.393+0000] {logging_mixin.py:188} INFO - [2024-12-19T15:55:44.392+0000] {dag.py:3036} INFO - Sync 1 DAGs
[2024-12-19T15:55:44.410+0000] {logging_mixin.py:188} INFO - [2024-12-19T15:55:44.410+0000] {dag.py:3823} INFO - Setting next_dagrun for example_params_ui_tutorial to None, run_after=None
[2024-12-19T15:55:44.446+0000] {processor.py:183} INFO - Processing /home/airflow/.local/lib/python3.11/site-packages/airflow/example_dags/example_params_ui_tutorial.py took 0.162 seconds
[2024-12-19T18:55:59.994+0000] {processor.py:161} INFO - Started process (PID=426) to work on /home/airflow/.local/lib/python3.11/site-packages/airflow/example_dags/example_params_ui_tutorial.py
[2024-12-19T18:55:59.995+0000] {processor.py:830} INFO - Processing file /home/airflow/.local/lib/python3.11/site-packages/airflow/example_dags/example_params_ui_tutorial.py for tasks to queue
[2024-12-19T18:55:59.997+0000] {logging_mixin.py:188} INFO - [2024-12-19T18:55:59.997+0000] {dagbag.py:538} INFO - Filling up the DagBag from /home/airflow/.local/lib/python3.11/site-packages/airflow/example_dags/example_params_ui_tutorial.py
[2024-12-19T18:56:00.019+0000] {processor.py:840} INFO - DAG(s) 'example_params_ui_tutorial' retrieved from /home/airflow/.local/lib/python3.11/site-packages/airflow/example_dags/example_params_ui_tutorial.py
[2024-12-19T18:56:00.119+0000] {logging_mixin.py:188} INFO - [2024-12-19T18:56:00.119+0000] {dag.py:3036} INFO - Sync 1 DAGs
[2024-12-19T18:56:00.139+0000] {logging_mixin.py:188} INFO - [2024-12-19T18:56:00.138+0000] {dag.py:3823} INFO - Setting next_dagrun for example_params_ui_tutorial to None, run_after=None
[2024-12-19T18:56:00.171+0000] {processor.py:183} INFO - Processing /home/airflow/.local/lib/python3.11/site-packages/airflow/example_dags/example_params_ui_tutorial.py took 0.181 seconds
[2024-12-19T23:38:04.521+0000] {processor.py:161} INFO - Started process (PID=460) to work on /home/airflow/.local/lib/python3.11/site-packages/airflow/example_dags/example_params_ui_tutorial.py
[2024-12-19T23:38:04.548+0000] {processor.py:830} INFO - Processing file /home/airflow/.local/lib/python3.11/site-packages/airflow/example_dags/example_params_ui_tutorial.py for tasks to queue
[2024-12-19T23:38:04.582+0000] {logging_mixin.py:188} INFO - [2024-12-19T23:38:04.570+0000] {dagbag.py:538} INFO - Filling up the DagBag from /home/airflow/.local/lib/python3.11/site-packages/airflow/example_dags/example_params_ui_tutorial.py
[2024-12-19T23:38:04.820+0000] {processor.py:840} INFO - DAG(s) 'example_params_ui_tutorial' retrieved from /home/airflow/.local/lib/python3.11/site-packages/airflow/example_dags/example_params_ui_tutorial.py
[2024-12-19T23:38:05.438+0000] {logging_mixin.py:188} INFO - [2024-12-19T23:38:05.437+0000] {dag.py:3036} INFO - Sync 1 DAGs
[2024-12-19T23:38:05.622+0000] {logging_mixin.py:188} INFO - [2024-12-19T23:38:05.621+0000] {dag.py:3823} INFO - Setting next_dagrun for example_params_ui_tutorial to None, run_after=None
[2024-12-19T23:38:05.901+0000] {processor.py:183} INFO - Processing /home/airflow/.local/lib/python3.11/site-packages/airflow/example_dags/example_params_ui_tutorial.py took 1.435 seconds
[2024-12-19T23:38:36.025+0000] {processor.py:161} INFO - Started process (PID=523) to work on /home/airflow/.local/lib/python3.11/site-packages/airflow/example_dags/example_params_ui_tutorial.py
[2024-12-19T23:38:36.026+0000] {processor.py:830} INFO - Processing file /home/airflow/.local/lib/python3.11/site-packages/airflow/example_dags/example_params_ui_tutorial.py for tasks to queue
[2024-12-19T23:38:36.029+0000] {logging_mixin.py:188} INFO - [2024-12-19T23:38:36.028+0000] {dagbag.py:538} INFO - Filling up the DagBag from /home/airflow/.local/lib/python3.11/site-packages/airflow/example_dags/example_params_ui_tutorial.py
[2024-12-19T23:38:36.042+0000] {processor.py:840} INFO - DAG(s) 'example_params_ui_tutorial' retrieved from /home/airflow/.local/lib/python3.11/site-packages/airflow/example_dags/example_params_ui_tutorial.py
[2024-12-19T23:38:36.103+0000] {logging_mixin.py:188} INFO - [2024-12-19T23:38:36.103+0000] {dag.py:3036} INFO - Sync 1 DAGs
[2024-12-19T23:38:36.118+0000] {logging_mixin.py:188} INFO - [2024-12-19T23:38:36.118+0000] {dag.py:3823} INFO - Setting next_dagrun for example_params_ui_tutorial to None, run_after=None
[2024-12-19T23:38:36.150+0000] {processor.py:183} INFO - Processing /home/airflow/.local/lib/python3.11/site-packages/airflow/example_dags/example_params_ui_tutorial.py took 0.129 seconds
[2024-12-19T23:39:06.704+0000] {processor.py:161} INFO - Started process (PID=587) to work on /home/airflow/.local/lib/python3.11/site-packages/airflow/example_dags/example_params_ui_tutorial.py
[2024-12-19T23:39:06.705+0000] {processor.py:830} INFO - Processing file /home/airflow/.local/lib/python3.11/site-packages/airflow/example_dags/example_params_ui_tutorial.py for tasks to queue
[2024-12-19T23:39:06.708+0000] {logging_mixin.py:188} INFO - [2024-12-19T23:39:06.707+0000] {dagbag.py:538} INFO - Filling up the DagBag from /home/airflow/.local/lib/python3.11/site-packages/airflow/example_dags/example_params_ui_tutorial.py
[2024-12-19T23:39:06.721+0000] {processor.py:840} INFO - DAG(s) 'example_params_ui_tutorial' retrieved from /home/airflow/.local/lib/python3.11/site-packages/airflow/example_dags/example_params_ui_tutorial.py
[2024-12-19T23:39:06.782+0000] {logging_mixin.py:188} INFO - [2024-12-19T23:39:06.782+0000] {dag.py:3036} INFO - Sync 1 DAGs
[2024-12-19T23:39:06.796+0000] {logging_mixin.py:188} INFO - [2024-12-19T23:39:06.795+0000] {dag.py:3823} INFO - Setting next_dagrun for example_params_ui_tutorial to None, run_after=None
[2024-12-19T23:39:06.825+0000] {processor.py:183} INFO - Processing /home/airflow/.local/lib/python3.11/site-packages/airflow/example_dags/example_params_ui_tutorial.py took 0.126 seconds
[2024-12-19T23:39:37.099+0000] {processor.py:161} INFO - Started process (PID=652) to work on /home/airflow/.local/lib/python3.11/site-packages/airflow/example_dags/example_params_ui_tutorial.py
[2024-12-19T23:39:37.101+0000] {processor.py:830} INFO - Processing file /home/airflow/.local/lib/python3.11/site-packages/airflow/example_dags/example_params_ui_tutorial.py for tasks to queue
[2024-12-19T23:39:37.106+0000] {logging_mixin.py:188} INFO - [2024-12-19T23:39:37.105+0000] {dagbag.py:538} INFO - Filling up the DagBag from /home/airflow/.local/lib/python3.11/site-packages/airflow/example_dags/example_params_ui_tutorial.py
[2024-12-19T23:39:37.130+0000] {processor.py:840} INFO - DAG(s) 'example_params_ui_tutorial' retrieved from /home/airflow/.local/lib/python3.11/site-packages/airflow/example_dags/example_params_ui_tutorial.py
[2024-12-19T23:39:37.228+0000] {logging_mixin.py:188} INFO - [2024-12-19T23:39:37.228+0000] {dag.py:3036} INFO - Sync 1 DAGs
[2024-12-19T23:39:37.247+0000] {logging_mixin.py:188} INFO - [2024-12-19T23:39:37.247+0000] {dag.py:3823} INFO - Setting next_dagrun for example_params_ui_tutorial to None, run_after=None
[2024-12-19T23:39:37.282+0000] {processor.py:183} INFO - Processing /home/airflow/.local/lib/python3.11/site-packages/airflow/example_dags/example_params_ui_tutorial.py took 0.191 seconds
[2024-12-19T23:40:07.854+0000] {processor.py:161} INFO - Started process (PID=725) to work on /home/airflow/.local/lib/python3.11/site-packages/airflow/example_dags/example_params_ui_tutorial.py
[2024-12-19T23:40:07.855+0000] {processor.py:830} INFO - Processing file /home/airflow/.local/lib/python3.11/site-packages/airflow/example_dags/example_params_ui_tutorial.py for tasks to queue
[2024-12-19T23:40:07.858+0000] {logging_mixin.py:188} INFO - [2024-12-19T23:40:07.858+0000] {dagbag.py:538} INFO - Filling up the DagBag from /home/airflow/.local/lib/python3.11/site-packages/airflow/example_dags/example_params_ui_tutorial.py
[2024-12-19T23:40:07.874+0000] {processor.py:840} INFO - DAG(s) 'example_params_ui_tutorial' retrieved from /home/airflow/.local/lib/python3.11/site-packages/airflow/example_dags/example_params_ui_tutorial.py
[2024-12-19T23:40:07.934+0000] {logging_mixin.py:188} INFO - [2024-12-19T23:40:07.934+0000] {dag.py:3036} INFO - Sync 1 DAGs
[2024-12-19T23:40:07.947+0000] {logging_mixin.py:188} INFO - [2024-12-19T23:40:07.947+0000] {dag.py:3823} INFO - Setting next_dagrun for example_params_ui_tutorial to None, run_after=None
[2024-12-19T23:40:07.978+0000] {processor.py:183} INFO - Processing /home/airflow/.local/lib/python3.11/site-packages/airflow/example_dags/example_params_ui_tutorial.py took 0.127 seconds
[2024-12-19T23:40:38.314+0000] {processor.py:161} INFO - Started process (PID=805) to work on /home/airflow/.local/lib/python3.11/site-packages/airflow/example_dags/example_params_ui_tutorial.py
[2024-12-19T23:40:38.315+0000] {processor.py:830} INFO - Processing file /home/airflow/.local/lib/python3.11/site-packages/airflow/example_dags/example_params_ui_tutorial.py for tasks to queue
[2024-12-19T23:40:38.318+0000] {logging_mixin.py:188} INFO - [2024-12-19T23:40:38.318+0000] {dagbag.py:538} INFO - Filling up the DagBag from /home/airflow/.local/lib/python3.11/site-packages/airflow/example_dags/example_params_ui_tutorial.py
[2024-12-19T23:40:38.344+0000] {processor.py:840} INFO - DAG(s) 'example_params_ui_tutorial' retrieved from /home/airflow/.local/lib/python3.11/site-packages/airflow/example_dags/example_params_ui_tutorial.py
[2024-12-19T23:40:38.415+0000] {logging_mixin.py:188} INFO - [2024-12-19T23:40:38.415+0000] {dag.py:3036} INFO - Sync 1 DAGs
[2024-12-19T23:40:38.429+0000] {logging_mixin.py:188} INFO - [2024-12-19T23:40:38.429+0000] {dag.py:3823} INFO - Setting next_dagrun for example_params_ui_tutorial to None, run_after=None
[2024-12-19T23:40:38.460+0000] {processor.py:183} INFO - Processing /home/airflow/.local/lib/python3.11/site-packages/airflow/example_dags/example_params_ui_tutorial.py took 0.151 seconds
[2024-12-19T23:41:08.552+0000] {processor.py:161} INFO - Started process (PID=877) to work on /home/airflow/.local/lib/python3.11/site-packages/airflow/example_dags/example_params_ui_tutorial.py
[2024-12-19T23:41:08.553+0000] {processor.py:830} INFO - Processing file /home/airflow/.local/lib/python3.11/site-packages/airflow/example_dags/example_params_ui_tutorial.py for tasks to queue
[2024-12-19T23:41:08.556+0000] {logging_mixin.py:188} INFO - [2024-12-19T23:41:08.555+0000] {dagbag.py:538} INFO - Filling up the DagBag from /home/airflow/.local/lib/python3.11/site-packages/airflow/example_dags/example_params_ui_tutorial.py
[2024-12-19T23:41:08.572+0000] {processor.py:840} INFO - DAG(s) 'example_params_ui_tutorial' retrieved from /home/airflow/.local/lib/python3.11/site-packages/airflow/example_dags/example_params_ui_tutorial.py
[2024-12-19T23:41:08.632+0000] {logging_mixin.py:188} INFO - [2024-12-19T23:41:08.632+0000] {dag.py:3036} INFO - Sync 1 DAGs
[2024-12-19T23:41:08.646+0000] {logging_mixin.py:188} INFO - [2024-12-19T23:41:08.646+0000] {dag.py:3823} INFO - Setting next_dagrun for example_params_ui_tutorial to None, run_after=None
[2024-12-19T23:41:08.671+0000] {processor.py:183} INFO - Processing /home/airflow/.local/lib/python3.11/site-packages/airflow/example_dags/example_params_ui_tutorial.py took 0.123 seconds
[2024-12-19T23:45:53.085+0000] {processor.py:161} INFO - Started process (PID=63) to work on /home/airflow/.local/lib/python3.11/site-packages/airflow/example_dags/example_params_ui_tutorial.py
[2024-12-19T23:45:53.086+0000] {processor.py:830} INFO - Processing file /home/airflow/.local/lib/python3.11/site-packages/airflow/example_dags/example_params_ui_tutorial.py for tasks to queue
[2024-12-19T23:45:53.090+0000] {logging_mixin.py:188} INFO - [2024-12-19T23:45:53.090+0000] {dagbag.py:538} INFO - Filling up the DagBag from /home/airflow/.local/lib/python3.11/site-packages/airflow/example_dags/example_params_ui_tutorial.py
[2024-12-19T23:45:53.120+0000] {processor.py:840} INFO - DAG(s) 'example_params_ui_tutorial' retrieved from /home/airflow/.local/lib/python3.11/site-packages/airflow/example_dags/example_params_ui_tutorial.py
[2024-12-19T23:45:53.173+0000] {logging_mixin.py:188} INFO - [2024-12-19T23:45:53.173+0000] {dag.py:3036} INFO - Sync 1 DAGs
[2024-12-19T23:45:53.214+0000] {logging_mixin.py:188} INFO - [2024-12-19T23:45:53.213+0000] {dag.py:3823} INFO - Setting next_dagrun for example_params_ui_tutorial to None, run_after=None
[2024-12-19T23:45:53.259+0000] {processor.py:183} INFO - Processing /home/airflow/.local/lib/python3.11/site-packages/airflow/example_dags/example_params_ui_tutorial.py took 0.178 seconds
[2024-12-19T23:46:24.085+0000] {processor.py:161} INFO - Started process (PID=134) to work on /home/airflow/.local/lib/python3.11/site-packages/airflow/example_dags/example_params_ui_tutorial.py
[2024-12-19T23:46:24.087+0000] {processor.py:830} INFO - Processing file /home/airflow/.local/lib/python3.11/site-packages/airflow/example_dags/example_params_ui_tutorial.py for tasks to queue
[2024-12-19T23:46:24.093+0000] {logging_mixin.py:188} INFO - [2024-12-19T23:46:24.092+0000] {dagbag.py:538} INFO - Filling up the DagBag from /home/airflow/.local/lib/python3.11/site-packages/airflow/example_dags/example_params_ui_tutorial.py
[2024-12-19T23:46:24.119+0000] {processor.py:840} INFO - DAG(s) 'example_params_ui_tutorial' retrieved from /home/airflow/.local/lib/python3.11/site-packages/airflow/example_dags/example_params_ui_tutorial.py
[2024-12-19T23:46:24.341+0000] {logging_mixin.py:188} INFO - [2024-12-19T23:46:24.341+0000] {dag.py:3036} INFO - Sync 1 DAGs
[2024-12-19T23:46:24.355+0000] {logging_mixin.py:188} INFO - [2024-12-19T23:46:24.355+0000] {dag.py:3823} INFO - Setting next_dagrun for example_params_ui_tutorial to None, run_after=None
[2024-12-19T23:46:24.382+0000] {processor.py:183} INFO - Processing /home/airflow/.local/lib/python3.11/site-packages/airflow/example_dags/example_params_ui_tutorial.py took 0.304 seconds
[2024-12-19T23:46:54.449+0000] {processor.py:161} INFO - Started process (PID=206) to work on /home/airflow/.local/lib/python3.11/site-packages/airflow/example_dags/example_params_ui_tutorial.py
[2024-12-19T23:46:54.450+0000] {processor.py:830} INFO - Processing file /home/airflow/.local/lib/python3.11/site-packages/airflow/example_dags/example_params_ui_tutorial.py for tasks to queue
[2024-12-19T23:46:54.453+0000] {logging_mixin.py:188} INFO - [2024-12-19T23:46:54.453+0000] {dagbag.py:538} INFO - Filling up the DagBag from /home/airflow/.local/lib/python3.11/site-packages/airflow/example_dags/example_params_ui_tutorial.py
[2024-12-19T23:46:54.467+0000] {processor.py:840} INFO - DAG(s) 'example_params_ui_tutorial' retrieved from /home/airflow/.local/lib/python3.11/site-packages/airflow/example_dags/example_params_ui_tutorial.py
[2024-12-19T23:46:54.547+0000] {logging_mixin.py:188} INFO - [2024-12-19T23:46:54.547+0000] {dag.py:3036} INFO - Sync 1 DAGs
[2024-12-19T23:46:54.560+0000] {logging_mixin.py:188} INFO - [2024-12-19T23:46:54.560+0000] {dag.py:3823} INFO - Setting next_dagrun for example_params_ui_tutorial to None, run_after=None
[2024-12-19T23:46:54.582+0000] {processor.py:183} INFO - Processing /home/airflow/.local/lib/python3.11/site-packages/airflow/example_dags/example_params_ui_tutorial.py took 0.138 seconds
[2024-12-19T23:47:24.663+0000] {processor.py:161} INFO - Started process (PID=285) to work on /home/airflow/.local/lib/python3.11/site-packages/airflow/example_dags/example_params_ui_tutorial.py
[2024-12-19T23:47:24.665+0000] {processor.py:830} INFO - Processing file /home/airflow/.local/lib/python3.11/site-packages/airflow/example_dags/example_params_ui_tutorial.py for tasks to queue
[2024-12-19T23:47:24.667+0000] {logging_mixin.py:188} INFO - [2024-12-19T23:47:24.667+0000] {dagbag.py:538} INFO - Filling up the DagBag from /home/airflow/.local/lib/python3.11/site-packages/airflow/example_dags/example_params_ui_tutorial.py
[2024-12-19T23:47:24.684+0000] {processor.py:840} INFO - DAG(s) 'example_params_ui_tutorial' retrieved from /home/airflow/.local/lib/python3.11/site-packages/airflow/example_dags/example_params_ui_tutorial.py
[2024-12-19T23:47:24.756+0000] {logging_mixin.py:188} INFO - [2024-12-19T23:47:24.755+0000] {dag.py:3036} INFO - Sync 1 DAGs
[2024-12-19T23:47:24.785+0000] {logging_mixin.py:188} INFO - [2024-12-19T23:47:24.784+0000] {dag.py:3823} INFO - Setting next_dagrun for example_params_ui_tutorial to None, run_after=None
[2024-12-19T23:47:24.822+0000] {processor.py:183} INFO - Processing /home/airflow/.local/lib/python3.11/site-packages/airflow/example_dags/example_params_ui_tutorial.py took 0.163 seconds
[2024-12-19T23:47:55.547+0000] {processor.py:161} INFO - Started process (PID=357) to work on /home/airflow/.local/lib/python3.11/site-packages/airflow/example_dags/example_params_ui_tutorial.py
[2024-12-19T23:47:55.549+0000] {processor.py:830} INFO - Processing file /home/airflow/.local/lib/python3.11/site-packages/airflow/example_dags/example_params_ui_tutorial.py for tasks to queue
[2024-12-19T23:47:55.553+0000] {logging_mixin.py:188} INFO - [2024-12-19T23:47:55.553+0000] {dagbag.py:538} INFO - Filling up the DagBag from /home/airflow/.local/lib/python3.11/site-packages/airflow/example_dags/example_params_ui_tutorial.py
[2024-12-19T23:47:55.573+0000] {processor.py:840} INFO - DAG(s) 'example_params_ui_tutorial' retrieved from /home/airflow/.local/lib/python3.11/site-packages/airflow/example_dags/example_params_ui_tutorial.py
[2024-12-19T23:47:55.636+0000] {logging_mixin.py:188} INFO - [2024-12-19T23:47:55.636+0000] {dag.py:3036} INFO - Sync 1 DAGs
[2024-12-19T23:47:55.651+0000] {logging_mixin.py:188} INFO - [2024-12-19T23:47:55.651+0000] {dag.py:3823} INFO - Setting next_dagrun for example_params_ui_tutorial to None, run_after=None
[2024-12-19T23:47:55.677+0000] {processor.py:183} INFO - Processing /home/airflow/.local/lib/python3.11/site-packages/airflow/example_dags/example_params_ui_tutorial.py took 0.137 seconds
[2024-12-19T23:48:26.069+0000] {processor.py:161} INFO - Started process (PID=429) to work on /home/airflow/.local/lib/python3.11/site-packages/airflow/example_dags/example_params_ui_tutorial.py
[2024-12-19T23:48:26.072+0000] {processor.py:830} INFO - Processing file /home/airflow/.local/lib/python3.11/site-packages/airflow/example_dags/example_params_ui_tutorial.py for tasks to queue
[2024-12-19T23:48:26.077+0000] {logging_mixin.py:188} INFO - [2024-12-19T23:48:26.076+0000] {dagbag.py:538} INFO - Filling up the DagBag from /home/airflow/.local/lib/python3.11/site-packages/airflow/example_dags/example_params_ui_tutorial.py
[2024-12-19T23:48:26.107+0000] {processor.py:840} INFO - DAG(s) 'example_params_ui_tutorial' retrieved from /home/airflow/.local/lib/python3.11/site-packages/airflow/example_dags/example_params_ui_tutorial.py
[2024-12-19T23:48:26.212+0000] {logging_mixin.py:188} INFO - [2024-12-19T23:48:26.212+0000] {dag.py:3036} INFO - Sync 1 DAGs
[2024-12-19T23:48:26.233+0000] {logging_mixin.py:188} INFO - [2024-12-19T23:48:26.232+0000] {dag.py:3823} INFO - Setting next_dagrun for example_params_ui_tutorial to None, run_after=None
[2024-12-19T23:48:26.263+0000] {processor.py:183} INFO - Processing /home/airflow/.local/lib/python3.11/site-packages/airflow/example_dags/example_params_ui_tutorial.py took 0.204 seconds
[2024-12-19T23:48:56.965+0000] {processor.py:161} INFO - Started process (PID=508) to work on /home/airflow/.local/lib/python3.11/site-packages/airflow/example_dags/example_params_ui_tutorial.py
[2024-12-19T23:48:56.966+0000] {processor.py:830} INFO - Processing file /home/airflow/.local/lib/python3.11/site-packages/airflow/example_dags/example_params_ui_tutorial.py for tasks to queue
[2024-12-19T23:48:56.969+0000] {logging_mixin.py:188} INFO - [2024-12-19T23:48:56.968+0000] {dagbag.py:538} INFO - Filling up the DagBag from /home/airflow/.local/lib/python3.11/site-packages/airflow/example_dags/example_params_ui_tutorial.py
[2024-12-19T23:48:56.983+0000] {processor.py:840} INFO - DAG(s) 'example_params_ui_tutorial' retrieved from /home/airflow/.local/lib/python3.11/site-packages/airflow/example_dags/example_params_ui_tutorial.py
[2024-12-19T23:48:57.055+0000] {logging_mixin.py:188} INFO - [2024-12-19T23:48:57.054+0000] {dag.py:3036} INFO - Sync 1 DAGs
[2024-12-19T23:48:57.071+0000] {logging_mixin.py:188} INFO - [2024-12-19T23:48:57.071+0000] {dag.py:3823} INFO - Setting next_dagrun for example_params_ui_tutorial to None, run_after=None
[2024-12-19T23:48:57.093+0000] {processor.py:183} INFO - Processing /home/airflow/.local/lib/python3.11/site-packages/airflow/example_dags/example_params_ui_tutorial.py took 0.133 seconds
[2024-12-19T23:49:27.170+0000] {processor.py:161} INFO - Started process (PID=580) to work on /home/airflow/.local/lib/python3.11/site-packages/airflow/example_dags/example_params_ui_tutorial.py
[2024-12-19T23:49:27.172+0000] {processor.py:830} INFO - Processing file /home/airflow/.local/lib/python3.11/site-packages/airflow/example_dags/example_params_ui_tutorial.py for tasks to queue
[2024-12-19T23:49:27.176+0000] {logging_mixin.py:188} INFO - [2024-12-19T23:49:27.176+0000] {dagbag.py:538} INFO - Filling up the DagBag from /home/airflow/.local/lib/python3.11/site-packages/airflow/example_dags/example_params_ui_tutorial.py
[2024-12-19T23:49:27.196+0000] {processor.py:840} INFO - DAG(s) 'example_params_ui_tutorial' retrieved from /home/airflow/.local/lib/python3.11/site-packages/airflow/example_dags/example_params_ui_tutorial.py
[2024-12-19T23:49:27.262+0000] {logging_mixin.py:188} INFO - [2024-12-19T23:49:27.261+0000] {dag.py:3036} INFO - Sync 1 DAGs
[2024-12-19T23:49:27.278+0000] {logging_mixin.py:188} INFO - [2024-12-19T23:49:27.278+0000] {dag.py:3823} INFO - Setting next_dagrun for example_params_ui_tutorial to None, run_after=None
[2024-12-19T23:49:27.303+0000] {processor.py:183} INFO - Processing /home/airflow/.local/lib/python3.11/site-packages/airflow/example_dags/example_params_ui_tutorial.py took 0.140 seconds
[2024-12-19T23:49:57.489+0000] {processor.py:161} INFO - Started process (PID=652) to work on /home/airflow/.local/lib/python3.11/site-packages/airflow/example_dags/example_params_ui_tutorial.py
[2024-12-19T23:49:57.491+0000] {processor.py:830} INFO - Processing file /home/airflow/.local/lib/python3.11/site-packages/airflow/example_dags/example_params_ui_tutorial.py for tasks to queue
[2024-12-19T23:49:57.494+0000] {logging_mixin.py:188} INFO - [2024-12-19T23:49:57.493+0000] {dagbag.py:538} INFO - Filling up the DagBag from /home/airflow/.local/lib/python3.11/site-packages/airflow/example_dags/example_params_ui_tutorial.py
[2024-12-19T23:49:57.509+0000] {processor.py:840} INFO - DAG(s) 'example_params_ui_tutorial' retrieved from /home/airflow/.local/lib/python3.11/site-packages/airflow/example_dags/example_params_ui_tutorial.py
[2024-12-19T23:49:57.572+0000] {logging_mixin.py:188} INFO - [2024-12-19T23:49:57.572+0000] {dag.py:3036} INFO - Sync 1 DAGs
[2024-12-19T23:49:57.589+0000] {logging_mixin.py:188} INFO - [2024-12-19T23:49:57.588+0000] {dag.py:3823} INFO - Setting next_dagrun for example_params_ui_tutorial to None, run_after=None
[2024-12-19T23:49:57.611+0000] {processor.py:183} INFO - Processing /home/airflow/.local/lib/python3.11/site-packages/airflow/example_dags/example_params_ui_tutorial.py took 0.127 seconds
[2024-12-19T23:50:27.778+0000] {processor.py:161} INFO - Started process (PID=724) to work on /home/airflow/.local/lib/python3.11/site-packages/airflow/example_dags/example_params_ui_tutorial.py
[2024-12-19T23:50:27.779+0000] {processor.py:830} INFO - Processing file /home/airflow/.local/lib/python3.11/site-packages/airflow/example_dags/example_params_ui_tutorial.py for tasks to queue
[2024-12-19T23:50:27.782+0000] {logging_mixin.py:188} INFO - [2024-12-19T23:50:27.782+0000] {dagbag.py:538} INFO - Filling up the DagBag from /home/airflow/.local/lib/python3.11/site-packages/airflow/example_dags/example_params_ui_tutorial.py
[2024-12-19T23:50:27.798+0000] {processor.py:840} INFO - DAG(s) 'example_params_ui_tutorial' retrieved from /home/airflow/.local/lib/python3.11/site-packages/airflow/example_dags/example_params_ui_tutorial.py
[2024-12-19T23:50:27.869+0000] {logging_mixin.py:188} INFO - [2024-12-19T23:50:27.869+0000] {dag.py:3036} INFO - Sync 1 DAGs
[2024-12-19T23:50:27.884+0000] {logging_mixin.py:188} INFO - [2024-12-19T23:50:27.884+0000] {dag.py:3823} INFO - Setting next_dagrun for example_params_ui_tutorial to None, run_after=None
[2024-12-19T23:50:27.918+0000] {processor.py:183} INFO - Processing /home/airflow/.local/lib/python3.11/site-packages/airflow/example_dags/example_params_ui_tutorial.py took 0.145 seconds
[2024-12-19T23:50:58.293+0000] {processor.py:161} INFO - Started process (PID=794) to work on /home/airflow/.local/lib/python3.11/site-packages/airflow/example_dags/example_params_ui_tutorial.py
[2024-12-19T23:50:58.296+0000] {processor.py:830} INFO - Processing file /home/airflow/.local/lib/python3.11/site-packages/airflow/example_dags/example_params_ui_tutorial.py for tasks to queue
[2024-12-19T23:50:58.301+0000] {logging_mixin.py:188} INFO - [2024-12-19T23:50:58.300+0000] {dagbag.py:538} INFO - Filling up the DagBag from /home/airflow/.local/lib/python3.11/site-packages/airflow/example_dags/example_params_ui_tutorial.py
[2024-12-19T23:50:58.322+0000] {processor.py:840} INFO - DAG(s) 'example_params_ui_tutorial' retrieved from /home/airflow/.local/lib/python3.11/site-packages/airflow/example_dags/example_params_ui_tutorial.py
[2024-12-19T23:50:58.384+0000] {logging_mixin.py:188} INFO - [2024-12-19T23:50:58.383+0000] {dag.py:3036} INFO - Sync 1 DAGs
[2024-12-19T23:50:58.399+0000] {logging_mixin.py:188} INFO - [2024-12-19T23:50:58.399+0000] {dag.py:3823} INFO - Setting next_dagrun for example_params_ui_tutorial to None, run_after=None
[2024-12-19T23:50:58.423+0000] {processor.py:183} INFO - Processing /home/airflow/.local/lib/python3.11/site-packages/airflow/example_dags/example_params_ui_tutorial.py took 0.137 seconds
[2024-12-19T23:51:28.740+0000] {processor.py:161} INFO - Started process (PID=866) to work on /home/airflow/.local/lib/python3.11/site-packages/airflow/example_dags/example_params_ui_tutorial.py
[2024-12-19T23:51:28.741+0000] {processor.py:830} INFO - Processing file /home/airflow/.local/lib/python3.11/site-packages/airflow/example_dags/example_params_ui_tutorial.py for tasks to queue
[2024-12-19T23:51:28.744+0000] {logging_mixin.py:188} INFO - [2024-12-19T23:51:28.743+0000] {dagbag.py:538} INFO - Filling up the DagBag from /home/airflow/.local/lib/python3.11/site-packages/airflow/example_dags/example_params_ui_tutorial.py
[2024-12-19T23:51:28.759+0000] {processor.py:840} INFO - DAG(s) 'example_params_ui_tutorial' retrieved from /home/airflow/.local/lib/python3.11/site-packages/airflow/example_dags/example_params_ui_tutorial.py
[2024-12-19T23:51:28.825+0000] {logging_mixin.py:188} INFO - [2024-12-19T23:51:28.825+0000] {dag.py:3036} INFO - Sync 1 DAGs
[2024-12-19T23:51:28.842+0000] {logging_mixin.py:188} INFO - [2024-12-19T23:51:28.841+0000] {dag.py:3823} INFO - Setting next_dagrun for example_params_ui_tutorial to None, run_after=None
[2024-12-19T23:51:28.889+0000] {processor.py:183} INFO - Processing /home/airflow/.local/lib/python3.11/site-packages/airflow/example_dags/example_params_ui_tutorial.py took 0.153 seconds
[2024-12-19T23:51:59.099+0000] {processor.py:161} INFO - Started process (PID=938) to work on /home/airflow/.local/lib/python3.11/site-packages/airflow/example_dags/example_params_ui_tutorial.py
[2024-12-19T23:51:59.102+0000] {processor.py:830} INFO - Processing file /home/airflow/.local/lib/python3.11/site-packages/airflow/example_dags/example_params_ui_tutorial.py for tasks to queue
[2024-12-19T23:51:59.106+0000] {logging_mixin.py:188} INFO - [2024-12-19T23:51:59.105+0000] {dagbag.py:538} INFO - Filling up the DagBag from /home/airflow/.local/lib/python3.11/site-packages/airflow/example_dags/example_params_ui_tutorial.py
[2024-12-19T23:51:59.147+0000] {processor.py:840} INFO - DAG(s) 'example_params_ui_tutorial' retrieved from /home/airflow/.local/lib/python3.11/site-packages/airflow/example_dags/example_params_ui_tutorial.py
[2024-12-19T23:51:59.238+0000] {logging_mixin.py:188} INFO - [2024-12-19T23:51:59.238+0000] {dag.py:3036} INFO - Sync 1 DAGs
[2024-12-19T23:51:59.253+0000] {logging_mixin.py:188} INFO - [2024-12-19T23:51:59.253+0000] {dag.py:3823} INFO - Setting next_dagrun for example_params_ui_tutorial to None, run_after=None
[2024-12-19T23:51:59.276+0000] {processor.py:183} INFO - Processing /home/airflow/.local/lib/python3.11/site-packages/airflow/example_dags/example_params_ui_tutorial.py took 0.184 seconds
[2024-12-19T23:52:29.580+0000] {processor.py:161} INFO - Started process (PID=1026) to work on /home/airflow/.local/lib/python3.11/site-packages/airflow/example_dags/example_params_ui_tutorial.py
[2024-12-19T23:52:29.581+0000] {processor.py:830} INFO - Processing file /home/airflow/.local/lib/python3.11/site-packages/airflow/example_dags/example_params_ui_tutorial.py for tasks to queue
[2024-12-19T23:52:29.584+0000] {logging_mixin.py:188} INFO - [2024-12-19T23:52:29.584+0000] {dagbag.py:538} INFO - Filling up the DagBag from /home/airflow/.local/lib/python3.11/site-packages/airflow/example_dags/example_params_ui_tutorial.py
[2024-12-19T23:52:29.601+0000] {processor.py:840} INFO - DAG(s) 'example_params_ui_tutorial' retrieved from /home/airflow/.local/lib/python3.11/site-packages/airflow/example_dags/example_params_ui_tutorial.py
[2024-12-19T23:52:29.672+0000] {logging_mixin.py:188} INFO - [2024-12-19T23:52:29.672+0000] {dag.py:3036} INFO - Sync 1 DAGs
[2024-12-19T23:52:29.691+0000] {logging_mixin.py:188} INFO - [2024-12-19T23:52:29.690+0000] {dag.py:3823} INFO - Setting next_dagrun for example_params_ui_tutorial to None, run_after=None
[2024-12-19T23:52:29.714+0000] {processor.py:183} INFO - Processing /home/airflow/.local/lib/python3.11/site-packages/airflow/example_dags/example_params_ui_tutorial.py took 0.138 seconds
[2024-12-19T23:53:00.134+0000] {processor.py:161} INFO - Started process (PID=1098) to work on /home/airflow/.local/lib/python3.11/site-packages/airflow/example_dags/example_params_ui_tutorial.py
[2024-12-19T23:53:00.136+0000] {processor.py:830} INFO - Processing file /home/airflow/.local/lib/python3.11/site-packages/airflow/example_dags/example_params_ui_tutorial.py for tasks to queue
[2024-12-19T23:53:00.140+0000] {logging_mixin.py:188} INFO - [2024-12-19T23:53:00.139+0000] {dagbag.py:538} INFO - Filling up the DagBag from /home/airflow/.local/lib/python3.11/site-packages/airflow/example_dags/example_params_ui_tutorial.py
[2024-12-19T23:53:00.157+0000] {processor.py:840} INFO - DAG(s) 'example_params_ui_tutorial' retrieved from /home/airflow/.local/lib/python3.11/site-packages/airflow/example_dags/example_params_ui_tutorial.py
[2024-12-19T23:53:00.219+0000] {logging_mixin.py:188} INFO - [2024-12-19T23:53:00.218+0000] {dag.py:3036} INFO - Sync 1 DAGs
[2024-12-19T23:53:00.236+0000] {logging_mixin.py:188} INFO - [2024-12-19T23:53:00.236+0000] {dag.py:3823} INFO - Setting next_dagrun for example_params_ui_tutorial to None, run_after=None
[2024-12-19T23:53:00.271+0000] {processor.py:183} INFO - Processing /home/airflow/.local/lib/python3.11/site-packages/airflow/example_dags/example_params_ui_tutorial.py took 0.144 seconds
[2024-12-19T23:53:31.163+0000] {processor.py:161} INFO - Started process (PID=1170) to work on /home/airflow/.local/lib/python3.11/site-packages/airflow/example_dags/example_params_ui_tutorial.py
[2024-12-19T23:53:31.165+0000] {processor.py:830} INFO - Processing file /home/airflow/.local/lib/python3.11/site-packages/airflow/example_dags/example_params_ui_tutorial.py for tasks to queue
[2024-12-19T23:53:31.169+0000] {logging_mixin.py:188} INFO - [2024-12-19T23:53:31.168+0000] {dagbag.py:538} INFO - Filling up the DagBag from /home/airflow/.local/lib/python3.11/site-packages/airflow/example_dags/example_params_ui_tutorial.py
[2024-12-19T23:53:31.186+0000] {processor.py:840} INFO - DAG(s) 'example_params_ui_tutorial' retrieved from /home/airflow/.local/lib/python3.11/site-packages/airflow/example_dags/example_params_ui_tutorial.py
[2024-12-19T23:53:31.248+0000] {logging_mixin.py:188} INFO - [2024-12-19T23:53:31.248+0000] {dag.py:3036} INFO - Sync 1 DAGs
[2024-12-19T23:53:31.262+0000] {logging_mixin.py:188} INFO - [2024-12-19T23:53:31.262+0000] {dag.py:3823} INFO - Setting next_dagrun for example_params_ui_tutorial to None, run_after=None
[2024-12-19T23:53:31.284+0000] {processor.py:183} INFO - Processing /home/airflow/.local/lib/python3.11/site-packages/airflow/example_dags/example_params_ui_tutorial.py took 0.127 seconds
[2024-12-19T23:54:01.362+0000] {processor.py:161} INFO - Started process (PID=1249) to work on /home/airflow/.local/lib/python3.11/site-packages/airflow/example_dags/example_params_ui_tutorial.py
[2024-12-19T23:54:01.363+0000] {processor.py:830} INFO - Processing file /home/airflow/.local/lib/python3.11/site-packages/airflow/example_dags/example_params_ui_tutorial.py for tasks to queue
[2024-12-19T23:54:01.366+0000] {logging_mixin.py:188} INFO - [2024-12-19T23:54:01.365+0000] {dagbag.py:538} INFO - Filling up the DagBag from /home/airflow/.local/lib/python3.11/site-packages/airflow/example_dags/example_params_ui_tutorial.py
[2024-12-19T23:54:01.379+0000] {processor.py:840} INFO - DAG(s) 'example_params_ui_tutorial' retrieved from /home/airflow/.local/lib/python3.11/site-packages/airflow/example_dags/example_params_ui_tutorial.py
[2024-12-19T23:54:01.440+0000] {logging_mixin.py:188} INFO - [2024-12-19T23:54:01.439+0000] {dag.py:3036} INFO - Sync 1 DAGs
[2024-12-19T23:54:01.453+0000] {logging_mixin.py:188} INFO - [2024-12-19T23:54:01.453+0000] {dag.py:3823} INFO - Setting next_dagrun for example_params_ui_tutorial to None, run_after=None
[2024-12-19T23:54:01.475+0000] {processor.py:183} INFO - Processing /home/airflow/.local/lib/python3.11/site-packages/airflow/example_dags/example_params_ui_tutorial.py took 0.117 seconds
[2024-12-19T23:54:31.798+0000] {processor.py:161} INFO - Started process (PID=1312) to work on /home/airflow/.local/lib/python3.11/site-packages/airflow/example_dags/example_params_ui_tutorial.py
[2024-12-19T23:54:31.799+0000] {processor.py:830} INFO - Processing file /home/airflow/.local/lib/python3.11/site-packages/airflow/example_dags/example_params_ui_tutorial.py for tasks to queue
[2024-12-19T23:54:31.802+0000] {logging_mixin.py:188} INFO - [2024-12-19T23:54:31.801+0000] {dagbag.py:538} INFO - Filling up the DagBag from /home/airflow/.local/lib/python3.11/site-packages/airflow/example_dags/example_params_ui_tutorial.py
[2024-12-19T23:54:31.815+0000] {processor.py:840} INFO - DAG(s) 'example_params_ui_tutorial' retrieved from /home/airflow/.local/lib/python3.11/site-packages/airflow/example_dags/example_params_ui_tutorial.py
[2024-12-19T23:54:31.879+0000] {logging_mixin.py:188} INFO - [2024-12-19T23:54:31.879+0000] {dag.py:3036} INFO - Sync 1 DAGs
[2024-12-19T23:54:31.894+0000] {logging_mixin.py:188} INFO - [2024-12-19T23:54:31.894+0000] {dag.py:3823} INFO - Setting next_dagrun for example_params_ui_tutorial to None, run_after=None
[2024-12-19T23:54:31.919+0000] {processor.py:183} INFO - Processing /home/airflow/.local/lib/python3.11/site-packages/airflow/example_dags/example_params_ui_tutorial.py took 0.125 seconds
[2024-12-19T23:55:02.125+0000] {processor.py:161} INFO - Started process (PID=1384) to work on /home/airflow/.local/lib/python3.11/site-packages/airflow/example_dags/example_params_ui_tutorial.py
[2024-12-19T23:55:02.126+0000] {processor.py:830} INFO - Processing file /home/airflow/.local/lib/python3.11/site-packages/airflow/example_dags/example_params_ui_tutorial.py for tasks to queue
[2024-12-19T23:55:02.129+0000] {logging_mixin.py:188} INFO - [2024-12-19T23:55:02.129+0000] {dagbag.py:538} INFO - Filling up the DagBag from /home/airflow/.local/lib/python3.11/site-packages/airflow/example_dags/example_params_ui_tutorial.py
[2024-12-19T23:55:02.144+0000] {processor.py:840} INFO - DAG(s) 'example_params_ui_tutorial' retrieved from /home/airflow/.local/lib/python3.11/site-packages/airflow/example_dags/example_params_ui_tutorial.py
[2024-12-19T23:55:02.206+0000] {logging_mixin.py:188} INFO - [2024-12-19T23:55:02.206+0000] {dag.py:3036} INFO - Sync 1 DAGs
[2024-12-19T23:55:02.220+0000] {logging_mixin.py:188} INFO - [2024-12-19T23:55:02.220+0000] {dag.py:3823} INFO - Setting next_dagrun for example_params_ui_tutorial to None, run_after=None
[2024-12-19T23:55:02.241+0000] {processor.py:183} INFO - Processing /home/airflow/.local/lib/python3.11/site-packages/airflow/example_dags/example_params_ui_tutorial.py took 0.121 seconds
[2024-12-19T23:55:32.603+0000] {processor.py:161} INFO - Started process (PID=1456) to work on /home/airflow/.local/lib/python3.11/site-packages/airflow/example_dags/example_params_ui_tutorial.py
[2024-12-19T23:55:32.606+0000] {processor.py:830} INFO - Processing file /home/airflow/.local/lib/python3.11/site-packages/airflow/example_dags/example_params_ui_tutorial.py for tasks to queue
[2024-12-19T23:55:32.610+0000] {logging_mixin.py:188} INFO - [2024-12-19T23:55:32.610+0000] {dagbag.py:538} INFO - Filling up the DagBag from /home/airflow/.local/lib/python3.11/site-packages/airflow/example_dags/example_params_ui_tutorial.py
[2024-12-19T23:55:32.629+0000] {processor.py:840} INFO - DAG(s) 'example_params_ui_tutorial' retrieved from /home/airflow/.local/lib/python3.11/site-packages/airflow/example_dags/example_params_ui_tutorial.py
[2024-12-19T23:55:32.693+0000] {logging_mixin.py:188} INFO - [2024-12-19T23:55:32.693+0000] {dag.py:3036} INFO - Sync 1 DAGs
[2024-12-19T23:55:32.708+0000] {logging_mixin.py:188} INFO - [2024-12-19T23:55:32.708+0000] {dag.py:3823} INFO - Setting next_dagrun for example_params_ui_tutorial to None, run_after=None
[2024-12-19T23:55:32.730+0000] {processor.py:183} INFO - Processing /home/airflow/.local/lib/python3.11/site-packages/airflow/example_dags/example_params_ui_tutorial.py took 0.133 seconds
[2024-12-19T23:56:03.266+0000] {processor.py:161} INFO - Started process (PID=1535) to work on /home/airflow/.local/lib/python3.11/site-packages/airflow/example_dags/example_params_ui_tutorial.py
[2024-12-19T23:56:03.267+0000] {processor.py:830} INFO - Processing file /home/airflow/.local/lib/python3.11/site-packages/airflow/example_dags/example_params_ui_tutorial.py for tasks to queue
[2024-12-19T23:56:03.270+0000] {logging_mixin.py:188} INFO - [2024-12-19T23:56:03.269+0000] {dagbag.py:538} INFO - Filling up the DagBag from /home/airflow/.local/lib/python3.11/site-packages/airflow/example_dags/example_params_ui_tutorial.py
[2024-12-19T23:56:03.283+0000] {processor.py:840} INFO - DAG(s) 'example_params_ui_tutorial' retrieved from /home/airflow/.local/lib/python3.11/site-packages/airflow/example_dags/example_params_ui_tutorial.py
[2024-12-19T23:56:03.347+0000] {logging_mixin.py:188} INFO - [2024-12-19T23:56:03.347+0000] {dag.py:3036} INFO - Sync 1 DAGs
[2024-12-19T23:56:03.363+0000] {logging_mixin.py:188} INFO - [2024-12-19T23:56:03.363+0000] {dag.py:3823} INFO - Setting next_dagrun for example_params_ui_tutorial to None, run_after=None
[2024-12-19T23:56:03.388+0000] {processor.py:183} INFO - Processing /home/airflow/.local/lib/python3.11/site-packages/airflow/example_dags/example_params_ui_tutorial.py took 0.126 seconds
[2024-12-19T23:56:34.095+0000] {processor.py:161} INFO - Started process (PID=1607) to work on /home/airflow/.local/lib/python3.11/site-packages/airflow/example_dags/example_params_ui_tutorial.py
[2024-12-19T23:56:34.097+0000] {processor.py:830} INFO - Processing file /home/airflow/.local/lib/python3.11/site-packages/airflow/example_dags/example_params_ui_tutorial.py for tasks to queue
[2024-12-19T23:56:34.101+0000] {logging_mixin.py:188} INFO - [2024-12-19T23:56:34.100+0000] {dagbag.py:538} INFO - Filling up the DagBag from /home/airflow/.local/lib/python3.11/site-packages/airflow/example_dags/example_params_ui_tutorial.py
[2024-12-19T23:56:34.119+0000] {processor.py:840} INFO - DAG(s) 'example_params_ui_tutorial' retrieved from /home/airflow/.local/lib/python3.11/site-packages/airflow/example_dags/example_params_ui_tutorial.py
[2024-12-19T23:56:34.183+0000] {logging_mixin.py:188} INFO - [2024-12-19T23:56:34.183+0000] {dag.py:3036} INFO - Sync 1 DAGs
[2024-12-19T23:56:34.200+0000] {logging_mixin.py:188} INFO - [2024-12-19T23:56:34.199+0000] {dag.py:3823} INFO - Setting next_dagrun for example_params_ui_tutorial to None, run_after=None
[2024-12-19T23:56:34.222+0000] {processor.py:183} INFO - Processing /home/airflow/.local/lib/python3.11/site-packages/airflow/example_dags/example_params_ui_tutorial.py took 0.132 seconds
[2024-12-19T23:57:05.041+0000] {processor.py:161} INFO - Started process (PID=1679) to work on /home/airflow/.local/lib/python3.11/site-packages/airflow/example_dags/example_params_ui_tutorial.py
[2024-12-19T23:57:05.043+0000] {processor.py:830} INFO - Processing file /home/airflow/.local/lib/python3.11/site-packages/airflow/example_dags/example_params_ui_tutorial.py for tasks to queue
[2024-12-19T23:57:05.047+0000] {logging_mixin.py:188} INFO - [2024-12-19T23:57:05.047+0000] {dagbag.py:538} INFO - Filling up the DagBag from /home/airflow/.local/lib/python3.11/site-packages/airflow/example_dags/example_params_ui_tutorial.py
[2024-12-19T23:57:05.068+0000] {processor.py:840} INFO - DAG(s) 'example_params_ui_tutorial' retrieved from /home/airflow/.local/lib/python3.11/site-packages/airflow/example_dags/example_params_ui_tutorial.py
[2024-12-19T23:57:05.141+0000] {logging_mixin.py:188} INFO - [2024-12-19T23:57:05.140+0000] {dag.py:3036} INFO - Sync 1 DAGs
[2024-12-19T23:57:05.161+0000] {logging_mixin.py:188} INFO - [2024-12-19T23:57:05.161+0000] {dag.py:3823} INFO - Setting next_dagrun for example_params_ui_tutorial to None, run_after=None
[2024-12-19T23:57:05.181+0000] {processor.py:183} INFO - Processing /home/airflow/.local/lib/python3.11/site-packages/airflow/example_dags/example_params_ui_tutorial.py took 0.147 seconds
[2024-12-19T23:57:35.511+0000] {processor.py:161} INFO - Started process (PID=1758) to work on /home/airflow/.local/lib/python3.11/site-packages/airflow/example_dags/example_params_ui_tutorial.py
[2024-12-19T23:57:35.513+0000] {processor.py:830} INFO - Processing file /home/airflow/.local/lib/python3.11/site-packages/airflow/example_dags/example_params_ui_tutorial.py for tasks to queue
[2024-12-19T23:57:35.515+0000] {logging_mixin.py:188} INFO - [2024-12-19T23:57:35.515+0000] {dagbag.py:538} INFO - Filling up the DagBag from /home/airflow/.local/lib/python3.11/site-packages/airflow/example_dags/example_params_ui_tutorial.py
[2024-12-19T23:57:35.529+0000] {processor.py:840} INFO - DAG(s) 'example_params_ui_tutorial' retrieved from /home/airflow/.local/lib/python3.11/site-packages/airflow/example_dags/example_params_ui_tutorial.py
[2024-12-19T23:57:35.592+0000] {logging_mixin.py:188} INFO - [2024-12-19T23:57:35.591+0000] {dag.py:3036} INFO - Sync 1 DAGs
[2024-12-19T23:57:35.606+0000] {logging_mixin.py:188} INFO - [2024-12-19T23:57:35.606+0000] {dag.py:3823} INFO - Setting next_dagrun for example_params_ui_tutorial to None, run_after=None
[2024-12-19T23:57:35.627+0000] {processor.py:183} INFO - Processing /home/airflow/.local/lib/python3.11/site-packages/airflow/example_dags/example_params_ui_tutorial.py took 0.120 seconds
[2024-12-19T23:58:05.803+0000] {processor.py:161} INFO - Started process (PID=1830) to work on /home/airflow/.local/lib/python3.11/site-packages/airflow/example_dags/example_params_ui_tutorial.py
[2024-12-19T23:58:05.805+0000] {processor.py:830} INFO - Processing file /home/airflow/.local/lib/python3.11/site-packages/airflow/example_dags/example_params_ui_tutorial.py for tasks to queue
[2024-12-19T23:58:05.809+0000] {logging_mixin.py:188} INFO - [2024-12-19T23:58:05.809+0000] {dagbag.py:538} INFO - Filling up the DagBag from /home/airflow/.local/lib/python3.11/site-packages/airflow/example_dags/example_params_ui_tutorial.py
[2024-12-19T23:58:05.827+0000] {processor.py:840} INFO - DAG(s) 'example_params_ui_tutorial' retrieved from /home/airflow/.local/lib/python3.11/site-packages/airflow/example_dags/example_params_ui_tutorial.py
[2024-12-19T23:58:05.891+0000] {logging_mixin.py:188} INFO - [2024-12-19T23:58:05.890+0000] {dag.py:3036} INFO - Sync 1 DAGs
[2024-12-19T23:58:05.906+0000] {logging_mixin.py:188} INFO - [2024-12-19T23:58:05.905+0000] {dag.py:3823} INFO - Setting next_dagrun for example_params_ui_tutorial to None, run_after=None
[2024-12-19T23:58:05.928+0000] {processor.py:183} INFO - Processing /home/airflow/.local/lib/python3.11/site-packages/airflow/example_dags/example_params_ui_tutorial.py took 0.131 seconds
[2024-12-19T23:58:36.353+0000] {processor.py:161} INFO - Started process (PID=1902) to work on /home/airflow/.local/lib/python3.11/site-packages/airflow/example_dags/example_params_ui_tutorial.py
[2024-12-19T23:58:36.354+0000] {processor.py:830} INFO - Processing file /home/airflow/.local/lib/python3.11/site-packages/airflow/example_dags/example_params_ui_tutorial.py for tasks to queue
[2024-12-19T23:58:36.358+0000] {logging_mixin.py:188} INFO - [2024-12-19T23:58:36.357+0000] {dagbag.py:538} INFO - Filling up the DagBag from /home/airflow/.local/lib/python3.11/site-packages/airflow/example_dags/example_params_ui_tutorial.py
[2024-12-19T23:58:36.376+0000] {processor.py:840} INFO - DAG(s) 'example_params_ui_tutorial' retrieved from /home/airflow/.local/lib/python3.11/site-packages/airflow/example_dags/example_params_ui_tutorial.py
[2024-12-19T23:58:36.464+0000] {logging_mixin.py:188} INFO - [2024-12-19T23:58:36.464+0000] {dag.py:3036} INFO - Sync 1 DAGs
[2024-12-19T23:58:36.485+0000] {logging_mixin.py:188} INFO - [2024-12-19T23:58:36.484+0000] {dag.py:3823} INFO - Setting next_dagrun for example_params_ui_tutorial to None, run_after=None
[2024-12-19T23:58:36.510+0000] {processor.py:183} INFO - Processing /home/airflow/.local/lib/python3.11/site-packages/airflow/example_dags/example_params_ui_tutorial.py took 0.162 seconds
[2024-12-19T23:59:06.906+0000] {processor.py:161} INFO - Started process (PID=1973) to work on /home/airflow/.local/lib/python3.11/site-packages/airflow/example_dags/example_params_ui_tutorial.py
[2024-12-19T23:59:06.907+0000] {processor.py:830} INFO - Processing file /home/airflow/.local/lib/python3.11/site-packages/airflow/example_dags/example_params_ui_tutorial.py for tasks to queue
[2024-12-19T23:59:06.911+0000] {logging_mixin.py:188} INFO - [2024-12-19T23:59:06.910+0000] {dagbag.py:538} INFO - Filling up the DagBag from /home/airflow/.local/lib/python3.11/site-packages/airflow/example_dags/example_params_ui_tutorial.py
[2024-12-19T23:59:06.926+0000] {processor.py:840} INFO - DAG(s) 'example_params_ui_tutorial' retrieved from /home/airflow/.local/lib/python3.11/site-packages/airflow/example_dags/example_params_ui_tutorial.py
[2024-12-19T23:59:06.988+0000] {logging_mixin.py:188} INFO - [2024-12-19T23:59:06.988+0000] {dag.py:3036} INFO - Sync 1 DAGs
[2024-12-19T23:59:07.002+0000] {logging_mixin.py:188} INFO - [2024-12-19T23:59:07.002+0000] {dag.py:3823} INFO - Setting next_dagrun for example_params_ui_tutorial to None, run_after=None
[2024-12-19T23:59:07.033+0000] {processor.py:183} INFO - Processing /home/airflow/.local/lib/python3.11/site-packages/airflow/example_dags/example_params_ui_tutorial.py took 0.132 seconds
[2024-12-19T23:59:37.245+0000] {processor.py:161} INFO - Started process (PID=2045) to work on /home/airflow/.local/lib/python3.11/site-packages/airflow/example_dags/example_params_ui_tutorial.py
[2024-12-19T23:59:37.247+0000] {processor.py:830} INFO - Processing file /home/airflow/.local/lib/python3.11/site-packages/airflow/example_dags/example_params_ui_tutorial.py for tasks to queue
[2024-12-19T23:59:37.252+0000] {logging_mixin.py:188} INFO - [2024-12-19T23:59:37.251+0000] {dagbag.py:538} INFO - Filling up the DagBag from /home/airflow/.local/lib/python3.11/site-packages/airflow/example_dags/example_params_ui_tutorial.py
[2024-12-19T23:59:37.276+0000] {processor.py:840} INFO - DAG(s) 'example_params_ui_tutorial' retrieved from /home/airflow/.local/lib/python3.11/site-packages/airflow/example_dags/example_params_ui_tutorial.py
[2024-12-19T23:59:37.356+0000] {logging_mixin.py:188} INFO - [2024-12-19T23:59:37.356+0000] {dag.py:3036} INFO - Sync 1 DAGs
[2024-12-19T23:59:37.368+0000] {logging_mixin.py:188} INFO - [2024-12-19T23:59:37.368+0000] {dag.py:3823} INFO - Setting next_dagrun for example_params_ui_tutorial to None, run_after=None
[2024-12-19T23:59:37.405+0000] {processor.py:183} INFO - Processing /home/airflow/.local/lib/python3.11/site-packages/airflow/example_dags/example_params_ui_tutorial.py took 0.167 seconds
