[2024-12-19T15:14:55.791+0000] {processor.py:161} INFO - Started process (PID=129) to work on /home/airflow/.local/lib/python3.11/site-packages/airflow/example_dags/tutorial.py
[2024-12-19T15:14:55.792+0000] {processor.py:830} INFO - Processing file /home/airflow/.local/lib/python3.11/site-packages/airflow/example_dags/tutorial.py for tasks to queue
[2024-12-19T15:14:55.795+0000] {logging_mixin.py:188} INFO - [2024-12-19T15:14:55.794+0000] {dagbag.py:538} INFO - Filling up the DagBag from /home/airflow/.local/lib/python3.11/site-packages/airflow/example_dags/tutorial.py
[2024-12-19T15:14:55.803+0000] {processor.py:840} INFO - DAG(s) 'tutorial' retrieved from /home/airflow/.local/lib/python3.11/site-packages/airflow/example_dags/tutorial.py
[2024-12-19T15:14:55.950+0000] {logging_mixin.py:188} INFO - [2024-12-19T15:14:55.950+0000] {dag.py:3036} INFO - Sync 1 DAGs
[2024-12-19T15:14:55.974+0000] {logging_mixin.py:188} INFO - [2024-12-19T15:14:55.974+0000] {dag.py:3823} INFO - Setting next_dagrun for tutorial to 2024-12-18 00:00:00+00:00, run_after=2024-12-19 00:00:00+00:00
[2024-12-19T15:14:56.000+0000] {processor.py:183} INFO - Processing /home/airflow/.local/lib/python3.11/site-packages/airflow/example_dags/tutorial.py took 0.213 seconds
[2024-12-19T15:25:15.966+0000] {processor.py:161} INFO - Started process (PID=135) to work on /home/airflow/.local/lib/python3.11/site-packages/airflow/example_dags/tutorial.py
[2024-12-19T15:25:15.968+0000] {processor.py:830} INFO - Processing file /home/airflow/.local/lib/python3.11/site-packages/airflow/example_dags/tutorial.py for tasks to queue
[2024-12-19T15:25:15.971+0000] {logging_mixin.py:188} INFO - [2024-12-19T15:25:15.970+0000] {dagbag.py:538} INFO - Filling up the DagBag from /home/airflow/.local/lib/python3.11/site-packages/airflow/example_dags/tutorial.py
[2024-12-19T15:25:15.981+0000] {processor.py:840} INFO - DAG(s) 'tutorial' retrieved from /home/airflow/.local/lib/python3.11/site-packages/airflow/example_dags/tutorial.py
[2024-12-19T15:25:16.186+0000] {logging_mixin.py:188} INFO - [2024-12-19T15:25:16.185+0000] {dag.py:3036} INFO - Sync 1 DAGs
[2024-12-19T15:25:16.227+0000] {logging_mixin.py:188} INFO - [2024-12-19T15:25:16.226+0000] {dag.py:3823} INFO - Setting next_dagrun for tutorial to 2024-12-18 00:00:00+00:00, run_after=2024-12-19 00:00:00+00:00
[2024-12-19T15:25:16.257+0000] {processor.py:183} INFO - Processing /home/airflow/.local/lib/python3.11/site-packages/airflow/example_dags/tutorial.py took 0.295 seconds
[2024-12-19T15:25:46.633+0000] {processor.py:161} INFO - Started process (PID=199) to work on /home/airflow/.local/lib/python3.11/site-packages/airflow/example_dags/tutorial.py
[2024-12-19T15:25:46.635+0000] {processor.py:830} INFO - Processing file /home/airflow/.local/lib/python3.11/site-packages/airflow/example_dags/tutorial.py for tasks to queue
[2024-12-19T15:25:46.637+0000] {logging_mixin.py:188} INFO - [2024-12-19T15:25:46.637+0000] {dagbag.py:538} INFO - Filling up the DagBag from /home/airflow/.local/lib/python3.11/site-packages/airflow/example_dags/tutorial.py
[2024-12-19T15:25:46.646+0000] {processor.py:840} INFO - DAG(s) 'tutorial' retrieved from /home/airflow/.local/lib/python3.11/site-packages/airflow/example_dags/tutorial.py
[2024-12-19T15:25:46.684+0000] {logging_mixin.py:188} INFO - [2024-12-19T15:25:46.684+0000] {dag.py:3036} INFO - Sync 1 DAGs
[2024-12-19T15:25:46.711+0000] {logging_mixin.py:188} INFO - [2024-12-19T15:25:46.711+0000] {dag.py:3823} INFO - Setting next_dagrun for tutorial to 2024-12-18 00:00:00+00:00, run_after=2024-12-19 00:00:00+00:00
[2024-12-19T15:25:46.737+0000] {processor.py:183} INFO - Processing /home/airflow/.local/lib/python3.11/site-packages/airflow/example_dags/tutorial.py took 0.108 seconds
[2024-12-19T15:26:16.946+0000] {processor.py:161} INFO - Started process (PID=263) to work on /home/airflow/.local/lib/python3.11/site-packages/airflow/example_dags/tutorial.py
[2024-12-19T15:26:16.947+0000] {processor.py:830} INFO - Processing file /home/airflow/.local/lib/python3.11/site-packages/airflow/example_dags/tutorial.py for tasks to queue
[2024-12-19T15:26:16.950+0000] {logging_mixin.py:188} INFO - [2024-12-19T15:26:16.950+0000] {dagbag.py:538} INFO - Filling up the DagBag from /home/airflow/.local/lib/python3.11/site-packages/airflow/example_dags/tutorial.py
[2024-12-19T15:26:16.958+0000] {processor.py:840} INFO - DAG(s) 'tutorial' retrieved from /home/airflow/.local/lib/python3.11/site-packages/airflow/example_dags/tutorial.py
[2024-12-19T15:26:16.984+0000] {logging_mixin.py:188} INFO - [2024-12-19T15:26:16.984+0000] {dag.py:3036} INFO - Sync 1 DAGs
[2024-12-19T15:26:17.014+0000] {logging_mixin.py:188} INFO - [2024-12-19T15:26:17.014+0000] {dag.py:3823} INFO - Setting next_dagrun for tutorial to 2024-12-18 00:00:00+00:00, run_after=2024-12-19 00:00:00+00:00
[2024-12-19T15:26:17.038+0000] {processor.py:183} INFO - Processing /home/airflow/.local/lib/python3.11/site-packages/airflow/example_dags/tutorial.py took 0.097 seconds
[2024-12-19T15:26:47.244+0000] {processor.py:161} INFO - Started process (PID=327) to work on /home/airflow/.local/lib/python3.11/site-packages/airflow/example_dags/tutorial.py
[2024-12-19T15:26:47.245+0000] {processor.py:830} INFO - Processing file /home/airflow/.local/lib/python3.11/site-packages/airflow/example_dags/tutorial.py for tasks to queue
[2024-12-19T15:26:47.248+0000] {logging_mixin.py:188} INFO - [2024-12-19T15:26:47.247+0000] {dagbag.py:538} INFO - Filling up the DagBag from /home/airflow/.local/lib/python3.11/site-packages/airflow/example_dags/tutorial.py
[2024-12-19T15:26:47.257+0000] {processor.py:840} INFO - DAG(s) 'tutorial' retrieved from /home/airflow/.local/lib/python3.11/site-packages/airflow/example_dags/tutorial.py
[2024-12-19T15:26:47.284+0000] {logging_mixin.py:188} INFO - [2024-12-19T15:26:47.284+0000] {dag.py:3036} INFO - Sync 1 DAGs
[2024-12-19T15:26:47.313+0000] {logging_mixin.py:188} INFO - [2024-12-19T15:26:47.313+0000] {dag.py:3823} INFO - Setting next_dagrun for tutorial to 2024-12-18 00:00:00+00:00, run_after=2024-12-19 00:00:00+00:00
[2024-12-19T15:26:47.339+0000] {processor.py:183} INFO - Processing /home/airflow/.local/lib/python3.11/site-packages/airflow/example_dags/tutorial.py took 0.100 seconds
[2024-12-19T15:27:17.682+0000] {processor.py:161} INFO - Started process (PID=398) to work on /home/airflow/.local/lib/python3.11/site-packages/airflow/example_dags/tutorial.py
[2024-12-19T15:27:17.683+0000] {processor.py:830} INFO - Processing file /home/airflow/.local/lib/python3.11/site-packages/airflow/example_dags/tutorial.py for tasks to queue
[2024-12-19T15:27:17.686+0000] {logging_mixin.py:188} INFO - [2024-12-19T15:27:17.685+0000] {dagbag.py:538} INFO - Filling up the DagBag from /home/airflow/.local/lib/python3.11/site-packages/airflow/example_dags/tutorial.py
[2024-12-19T15:27:17.693+0000] {processor.py:840} INFO - DAG(s) 'tutorial' retrieved from /home/airflow/.local/lib/python3.11/site-packages/airflow/example_dags/tutorial.py
[2024-12-19T15:27:17.718+0000] {logging_mixin.py:188} INFO - [2024-12-19T15:27:17.717+0000] {dag.py:3036} INFO - Sync 1 DAGs
[2024-12-19T15:27:17.745+0000] {logging_mixin.py:188} INFO - [2024-12-19T15:27:17.745+0000] {dag.py:3823} INFO - Setting next_dagrun for tutorial to 2024-12-18 00:00:00+00:00, run_after=2024-12-19 00:00:00+00:00
[2024-12-19T15:27:17.781+0000] {processor.py:183} INFO - Processing /home/airflow/.local/lib/python3.11/site-packages/airflow/example_dags/tutorial.py took 0.103 seconds
[2024-12-19T15:27:48.025+0000] {processor.py:161} INFO - Started process (PID=462) to work on /home/airflow/.local/lib/python3.11/site-packages/airflow/example_dags/tutorial.py
[2024-12-19T15:27:48.027+0000] {processor.py:830} INFO - Processing file /home/airflow/.local/lib/python3.11/site-packages/airflow/example_dags/tutorial.py for tasks to queue
[2024-12-19T15:27:48.029+0000] {logging_mixin.py:188} INFO - [2024-12-19T15:27:48.029+0000] {dagbag.py:538} INFO - Filling up the DagBag from /home/airflow/.local/lib/python3.11/site-packages/airflow/example_dags/tutorial.py
[2024-12-19T15:27:48.037+0000] {processor.py:840} INFO - DAG(s) 'tutorial' retrieved from /home/airflow/.local/lib/python3.11/site-packages/airflow/example_dags/tutorial.py
[2024-12-19T15:27:48.064+0000] {logging_mixin.py:188} INFO - [2024-12-19T15:27:48.064+0000] {dag.py:3036} INFO - Sync 1 DAGs
[2024-12-19T15:27:48.090+0000] {logging_mixin.py:188} INFO - [2024-12-19T15:27:48.090+0000] {dag.py:3823} INFO - Setting next_dagrun for tutorial to 2024-12-18 00:00:00+00:00, run_after=2024-12-19 00:00:00+00:00
[2024-12-19T15:27:48.114+0000] {processor.py:183} INFO - Processing /home/airflow/.local/lib/python3.11/site-packages/airflow/example_dags/tutorial.py took 0.092 seconds
[2024-12-19T15:28:18.524+0000] {processor.py:161} INFO - Started process (PID=526) to work on /home/airflow/.local/lib/python3.11/site-packages/airflow/example_dags/tutorial.py
[2024-12-19T15:28:18.526+0000] {processor.py:830} INFO - Processing file /home/airflow/.local/lib/python3.11/site-packages/airflow/example_dags/tutorial.py for tasks to queue
[2024-12-19T15:28:18.529+0000] {logging_mixin.py:188} INFO - [2024-12-19T15:28:18.528+0000] {dagbag.py:538} INFO - Filling up the DagBag from /home/airflow/.local/lib/python3.11/site-packages/airflow/example_dags/tutorial.py
[2024-12-19T15:28:18.537+0000] {processor.py:840} INFO - DAG(s) 'tutorial' retrieved from /home/airflow/.local/lib/python3.11/site-packages/airflow/example_dags/tutorial.py
[2024-12-19T15:28:18.567+0000] {logging_mixin.py:188} INFO - [2024-12-19T15:28:18.567+0000] {dag.py:3036} INFO - Sync 1 DAGs
[2024-12-19T15:28:18.603+0000] {logging_mixin.py:188} INFO - [2024-12-19T15:28:18.603+0000] {dag.py:3823} INFO - Setting next_dagrun for tutorial to 2024-12-18 00:00:00+00:00, run_after=2024-12-19 00:00:00+00:00
[2024-12-19T15:28:18.642+0000] {processor.py:183} INFO - Processing /home/airflow/.local/lib/python3.11/site-packages/airflow/example_dags/tutorial.py took 0.122 seconds
[2024-12-19T15:28:49.200+0000] {processor.py:161} INFO - Started process (PID=590) to work on /home/airflow/.local/lib/python3.11/site-packages/airflow/example_dags/tutorial.py
[2024-12-19T15:28:49.201+0000] {processor.py:830} INFO - Processing file /home/airflow/.local/lib/python3.11/site-packages/airflow/example_dags/tutorial.py for tasks to queue
[2024-12-19T15:28:49.204+0000] {logging_mixin.py:188} INFO - [2024-12-19T15:28:49.204+0000] {dagbag.py:538} INFO - Filling up the DagBag from /home/airflow/.local/lib/python3.11/site-packages/airflow/example_dags/tutorial.py
[2024-12-19T15:28:49.212+0000] {processor.py:840} INFO - DAG(s) 'tutorial' retrieved from /home/airflow/.local/lib/python3.11/site-packages/airflow/example_dags/tutorial.py
[2024-12-19T15:28:49.238+0000] {logging_mixin.py:188} INFO - [2024-12-19T15:28:49.238+0000] {dag.py:3036} INFO - Sync 1 DAGs
[2024-12-19T15:28:49.264+0000] {logging_mixin.py:188} INFO - [2024-12-19T15:28:49.264+0000] {dag.py:3823} INFO - Setting next_dagrun for tutorial to 2024-12-18 00:00:00+00:00, run_after=2024-12-19 00:00:00+00:00
[2024-12-19T15:28:49.288+0000] {processor.py:183} INFO - Processing /home/airflow/.local/lib/python3.11/site-packages/airflow/example_dags/tutorial.py took 0.093 seconds
[2024-12-19T15:29:20.231+0000] {processor.py:161} INFO - Started process (PID=660) to work on /home/airflow/.local/lib/python3.11/site-packages/airflow/example_dags/tutorial.py
[2024-12-19T15:29:20.232+0000] {processor.py:830} INFO - Processing file /home/airflow/.local/lib/python3.11/site-packages/airflow/example_dags/tutorial.py for tasks to queue
[2024-12-19T15:29:20.235+0000] {logging_mixin.py:188} INFO - [2024-12-19T15:29:20.235+0000] {dagbag.py:538} INFO - Filling up the DagBag from /home/airflow/.local/lib/python3.11/site-packages/airflow/example_dags/tutorial.py
[2024-12-19T15:29:20.245+0000] {processor.py:840} INFO - DAG(s) 'tutorial' retrieved from /home/airflow/.local/lib/python3.11/site-packages/airflow/example_dags/tutorial.py
[2024-12-19T15:29:20.273+0000] {logging_mixin.py:188} INFO - [2024-12-19T15:29:20.272+0000] {dag.py:3036} INFO - Sync 1 DAGs
[2024-12-19T15:29:20.307+0000] {logging_mixin.py:188} INFO - [2024-12-19T15:29:20.306+0000] {dag.py:3823} INFO - Setting next_dagrun for tutorial to 2024-12-18 00:00:00+00:00, run_after=2024-12-19 00:00:00+00:00
[2024-12-19T15:29:20.335+0000] {processor.py:183} INFO - Processing /home/airflow/.local/lib/python3.11/site-packages/airflow/example_dags/tutorial.py took 0.110 seconds
[2024-12-19T15:29:50.604+0000] {processor.py:161} INFO - Started process (PID=724) to work on /home/airflow/.local/lib/python3.11/site-packages/airflow/example_dags/tutorial.py
[2024-12-19T15:29:50.605+0000] {processor.py:830} INFO - Processing file /home/airflow/.local/lib/python3.11/site-packages/airflow/example_dags/tutorial.py for tasks to queue
[2024-12-19T15:29:50.608+0000] {logging_mixin.py:188} INFO - [2024-12-19T15:29:50.607+0000] {dagbag.py:538} INFO - Filling up the DagBag from /home/airflow/.local/lib/python3.11/site-packages/airflow/example_dags/tutorial.py
[2024-12-19T15:29:50.615+0000] {processor.py:840} INFO - DAG(s) 'tutorial' retrieved from /home/airflow/.local/lib/python3.11/site-packages/airflow/example_dags/tutorial.py
[2024-12-19T15:29:50.639+0000] {logging_mixin.py:188} INFO - [2024-12-19T15:29:50.638+0000] {dag.py:3036} INFO - Sync 1 DAGs
[2024-12-19T15:29:50.668+0000] {logging_mixin.py:188} INFO - [2024-12-19T15:29:50.668+0000] {dag.py:3823} INFO - Setting next_dagrun for tutorial to 2024-12-18 00:00:00+00:00, run_after=2024-12-19 00:00:00+00:00
[2024-12-19T15:29:50.690+0000] {processor.py:183} INFO - Processing /home/airflow/.local/lib/python3.11/site-packages/airflow/example_dags/tutorial.py took 0.090 seconds
[2024-12-19T15:37:27.337+0000] {processor.py:161} INFO - Started process (PID=135) to work on /home/airflow/.local/lib/python3.11/site-packages/airflow/example_dags/tutorial.py
[2024-12-19T15:37:27.338+0000] {processor.py:830} INFO - Processing file /home/airflow/.local/lib/python3.11/site-packages/airflow/example_dags/tutorial.py for tasks to queue
[2024-12-19T15:37:27.341+0000] {logging_mixin.py:188} INFO - [2024-12-19T15:37:27.340+0000] {dagbag.py:538} INFO - Filling up the DagBag from /home/airflow/.local/lib/python3.11/site-packages/airflow/example_dags/tutorial.py
[2024-12-19T15:37:27.348+0000] {processor.py:840} INFO - DAG(s) 'tutorial' retrieved from /home/airflow/.local/lib/python3.11/site-packages/airflow/example_dags/tutorial.py
[2024-12-19T15:37:27.503+0000] {logging_mixin.py:188} INFO - [2024-12-19T15:37:27.502+0000] {dag.py:3036} INFO - Sync 1 DAGs
[2024-12-19T15:37:27.545+0000] {logging_mixin.py:188} INFO - [2024-12-19T15:37:27.545+0000] {dag.py:3823} INFO - Setting next_dagrun for tutorial to 2024-12-18 00:00:00+00:00, run_after=2024-12-19 00:00:00+00:00
[2024-12-19T15:37:27.590+0000] {processor.py:183} INFO - Processing /home/airflow/.local/lib/python3.11/site-packages/airflow/example_dags/tutorial.py took 0.258 seconds
[2024-12-19T15:37:57.740+0000] {processor.py:161} INFO - Started process (PID=199) to work on /home/airflow/.local/lib/python3.11/site-packages/airflow/example_dags/tutorial.py
[2024-12-19T15:37:57.741+0000] {processor.py:830} INFO - Processing file /home/airflow/.local/lib/python3.11/site-packages/airflow/example_dags/tutorial.py for tasks to queue
[2024-12-19T15:37:57.744+0000] {logging_mixin.py:188} INFO - [2024-12-19T15:37:57.743+0000] {dagbag.py:538} INFO - Filling up the DagBag from /home/airflow/.local/lib/python3.11/site-packages/airflow/example_dags/tutorial.py
[2024-12-19T15:37:57.751+0000] {processor.py:840} INFO - DAG(s) 'tutorial' retrieved from /home/airflow/.local/lib/python3.11/site-packages/airflow/example_dags/tutorial.py
[2024-12-19T15:37:57.782+0000] {logging_mixin.py:188} INFO - [2024-12-19T15:37:57.782+0000] {dag.py:3036} INFO - Sync 1 DAGs
[2024-12-19T15:37:57.818+0000] {logging_mixin.py:188} INFO - [2024-12-19T15:37:57.817+0000] {dag.py:3823} INFO - Setting next_dagrun for tutorial to 2024-12-18 00:00:00+00:00, run_after=2024-12-19 00:00:00+00:00
[2024-12-19T15:37:57.850+0000] {processor.py:183} INFO - Processing /home/airflow/.local/lib/python3.11/site-packages/airflow/example_dags/tutorial.py took 0.115 seconds
[2024-12-19T15:38:28.724+0000] {processor.py:161} INFO - Started process (PID=263) to work on /home/airflow/.local/lib/python3.11/site-packages/airflow/example_dags/tutorial.py
[2024-12-19T15:38:28.725+0000] {processor.py:830} INFO - Processing file /home/airflow/.local/lib/python3.11/site-packages/airflow/example_dags/tutorial.py for tasks to queue
[2024-12-19T15:38:28.728+0000] {logging_mixin.py:188} INFO - [2024-12-19T15:38:28.728+0000] {dagbag.py:538} INFO - Filling up the DagBag from /home/airflow/.local/lib/python3.11/site-packages/airflow/example_dags/tutorial.py
[2024-12-19T15:38:28.736+0000] {processor.py:840} INFO - DAG(s) 'tutorial' retrieved from /home/airflow/.local/lib/python3.11/site-packages/airflow/example_dags/tutorial.py
[2024-12-19T15:38:28.761+0000] {logging_mixin.py:188} INFO - [2024-12-19T15:38:28.761+0000] {dag.py:3036} INFO - Sync 1 DAGs
[2024-12-19T15:38:28.786+0000] {logging_mixin.py:188} INFO - [2024-12-19T15:38:28.786+0000] {dag.py:3823} INFO - Setting next_dagrun for tutorial to 2024-12-18 00:00:00+00:00, run_after=2024-12-19 00:00:00+00:00
[2024-12-19T15:38:28.808+0000] {processor.py:183} INFO - Processing /home/airflow/.local/lib/python3.11/site-packages/airflow/example_dags/tutorial.py took 0.089 seconds
[2024-12-19T15:38:59.606+0000] {processor.py:161} INFO - Started process (PID=327) to work on /home/airflow/.local/lib/python3.11/site-packages/airflow/example_dags/tutorial.py
[2024-12-19T15:38:59.608+0000] {processor.py:830} INFO - Processing file /home/airflow/.local/lib/python3.11/site-packages/airflow/example_dags/tutorial.py for tasks to queue
[2024-12-19T15:38:59.610+0000] {logging_mixin.py:188} INFO - [2024-12-19T15:38:59.610+0000] {dagbag.py:538} INFO - Filling up the DagBag from /home/airflow/.local/lib/python3.11/site-packages/airflow/example_dags/tutorial.py
[2024-12-19T15:38:59.617+0000] {processor.py:840} INFO - DAG(s) 'tutorial' retrieved from /home/airflow/.local/lib/python3.11/site-packages/airflow/example_dags/tutorial.py
[2024-12-19T15:38:59.641+0000] {logging_mixin.py:188} INFO - [2024-12-19T15:38:59.641+0000] {dag.py:3036} INFO - Sync 1 DAGs
[2024-12-19T15:38:59.665+0000] {logging_mixin.py:188} INFO - [2024-12-19T15:38:59.665+0000] {dag.py:3823} INFO - Setting next_dagrun for tutorial to 2024-12-18 00:00:00+00:00, run_after=2024-12-19 00:00:00+00:00
[2024-12-19T15:38:59.696+0000] {processor.py:183} INFO - Processing /home/airflow/.local/lib/python3.11/site-packages/airflow/example_dags/tutorial.py took 0.094 seconds
[2024-12-19T15:39:31.370+0000] {processor.py:161} INFO - Started process (PID=398) to work on /home/airflow/.local/lib/python3.11/site-packages/airflow/example_dags/tutorial.py
[2024-12-19T15:39:31.373+0000] {processor.py:830} INFO - Processing file /home/airflow/.local/lib/python3.11/site-packages/airflow/example_dags/tutorial.py for tasks to queue
[2024-12-19T15:39:31.379+0000] {logging_mixin.py:188} INFO - [2024-12-19T15:39:31.378+0000] {dagbag.py:538} INFO - Filling up the DagBag from /home/airflow/.local/lib/python3.11/site-packages/airflow/example_dags/tutorial.py
[2024-12-19T15:39:31.393+0000] {processor.py:840} INFO - DAG(s) 'tutorial' retrieved from /home/airflow/.local/lib/python3.11/site-packages/airflow/example_dags/tutorial.py
[2024-12-19T15:39:31.432+0000] {logging_mixin.py:188} INFO - [2024-12-19T15:39:31.432+0000] {dag.py:3036} INFO - Sync 1 DAGs
[2024-12-19T15:39:31.486+0000] {logging_mixin.py:188} INFO - [2024-12-19T15:39:31.485+0000] {dag.py:3823} INFO - Setting next_dagrun for tutorial to 2024-12-18 00:00:00+00:00, run_after=2024-12-19 00:00:00+00:00
[2024-12-19T15:39:31.534+0000] {processor.py:183} INFO - Processing /home/airflow/.local/lib/python3.11/site-packages/airflow/example_dags/tutorial.py took 0.171 seconds
[2024-12-19T15:43:05.827+0000] {processor.py:161} INFO - Started process (PID=136) to work on /home/airflow/.local/lib/python3.11/site-packages/airflow/example_dags/tutorial.py
[2024-12-19T15:43:05.828+0000] {processor.py:830} INFO - Processing file /home/airflow/.local/lib/python3.11/site-packages/airflow/example_dags/tutorial.py for tasks to queue
[2024-12-19T15:43:05.831+0000] {logging_mixin.py:188} INFO - [2024-12-19T15:43:05.830+0000] {dagbag.py:538} INFO - Filling up the DagBag from /home/airflow/.local/lib/python3.11/site-packages/airflow/example_dags/tutorial.py
[2024-12-19T15:43:05.838+0000] {processor.py:840} INFO - DAG(s) 'tutorial' retrieved from /home/airflow/.local/lib/python3.11/site-packages/airflow/example_dags/tutorial.py
[2024-12-19T15:43:05.967+0000] {logging_mixin.py:188} INFO - [2024-12-19T15:43:05.967+0000] {dag.py:3036} INFO - Sync 1 DAGs
[2024-12-19T15:43:05.991+0000] {logging_mixin.py:188} INFO - [2024-12-19T15:43:05.990+0000] {dag.py:3823} INFO - Setting next_dagrun for tutorial to 2024-12-18 00:00:00+00:00, run_after=2024-12-19 00:00:00+00:00
[2024-12-19T15:43:06.022+0000] {processor.py:183} INFO - Processing /home/airflow/.local/lib/python3.11/site-packages/airflow/example_dags/tutorial.py took 0.199 seconds
[2024-12-19T15:43:36.099+0000] {processor.py:161} INFO - Started process (PID=200) to work on /home/airflow/.local/lib/python3.11/site-packages/airflow/example_dags/tutorial.py
[2024-12-19T15:43:36.101+0000] {processor.py:830} INFO - Processing file /home/airflow/.local/lib/python3.11/site-packages/airflow/example_dags/tutorial.py for tasks to queue
[2024-12-19T15:43:36.103+0000] {logging_mixin.py:188} INFO - [2024-12-19T15:43:36.103+0000] {dagbag.py:538} INFO - Filling up the DagBag from /home/airflow/.local/lib/python3.11/site-packages/airflow/example_dags/tutorial.py
[2024-12-19T15:43:36.110+0000] {processor.py:840} INFO - DAG(s) 'tutorial' retrieved from /home/airflow/.local/lib/python3.11/site-packages/airflow/example_dags/tutorial.py
[2024-12-19T15:43:36.135+0000] {logging_mixin.py:188} INFO - [2024-12-19T15:43:36.135+0000] {dag.py:3036} INFO - Sync 1 DAGs
[2024-12-19T15:43:36.161+0000] {logging_mixin.py:188} INFO - [2024-12-19T15:43:36.161+0000] {dag.py:3823} INFO - Setting next_dagrun for tutorial to 2024-12-18 00:00:00+00:00, run_after=2024-12-19 00:00:00+00:00
[2024-12-19T15:43:36.186+0000] {processor.py:183} INFO - Processing /home/airflow/.local/lib/python3.11/site-packages/airflow/example_dags/tutorial.py took 0.092 seconds
[2024-12-19T15:44:07.272+0000] {processor.py:161} INFO - Started process (PID=264) to work on /home/airflow/.local/lib/python3.11/site-packages/airflow/example_dags/tutorial.py
[2024-12-19T15:44:07.273+0000] {processor.py:830} INFO - Processing file /home/airflow/.local/lib/python3.11/site-packages/airflow/example_dags/tutorial.py for tasks to queue
[2024-12-19T15:44:07.276+0000] {logging_mixin.py:188} INFO - [2024-12-19T15:44:07.276+0000] {dagbag.py:538} INFO - Filling up the DagBag from /home/airflow/.local/lib/python3.11/site-packages/airflow/example_dags/tutorial.py
[2024-12-19T15:44:07.286+0000] {processor.py:840} INFO - DAG(s) 'tutorial' retrieved from /home/airflow/.local/lib/python3.11/site-packages/airflow/example_dags/tutorial.py
[2024-12-19T15:44:07.325+0000] {logging_mixin.py:188} INFO - [2024-12-19T15:44:07.325+0000] {dag.py:3036} INFO - Sync 1 DAGs
[2024-12-19T15:44:07.381+0000] {logging_mixin.py:188} INFO - [2024-12-19T15:44:07.381+0000] {dag.py:3823} INFO - Setting next_dagrun for tutorial to 2024-12-18 00:00:00+00:00, run_after=2024-12-19 00:00:00+00:00
[2024-12-19T15:44:07.405+0000] {processor.py:183} INFO - Processing /home/airflow/.local/lib/python3.11/site-packages/airflow/example_dags/tutorial.py took 0.139 seconds
[2024-12-19T15:44:38.413+0000] {processor.py:161} INFO - Started process (PID=335) to work on /home/airflow/.local/lib/python3.11/site-packages/airflow/example_dags/tutorial.py
[2024-12-19T15:44:38.414+0000] {processor.py:830} INFO - Processing file /home/airflow/.local/lib/python3.11/site-packages/airflow/example_dags/tutorial.py for tasks to queue
[2024-12-19T15:44:38.416+0000] {logging_mixin.py:188} INFO - [2024-12-19T15:44:38.416+0000] {dagbag.py:538} INFO - Filling up the DagBag from /home/airflow/.local/lib/python3.11/site-packages/airflow/example_dags/tutorial.py
[2024-12-19T15:44:38.424+0000] {processor.py:840} INFO - DAG(s) 'tutorial' retrieved from /home/airflow/.local/lib/python3.11/site-packages/airflow/example_dags/tutorial.py
[2024-12-19T15:44:38.449+0000] {logging_mixin.py:188} INFO - [2024-12-19T15:44:38.449+0000] {dag.py:3036} INFO - Sync 1 DAGs
[2024-12-19T15:44:38.477+0000] {logging_mixin.py:188} INFO - [2024-12-19T15:44:38.477+0000] {dag.py:3823} INFO - Setting next_dagrun for tutorial to 2024-12-18 00:00:00+00:00, run_after=2024-12-19 00:00:00+00:00
[2024-12-19T15:44:38.509+0000] {processor.py:183} INFO - Processing /home/airflow/.local/lib/python3.11/site-packages/airflow/example_dags/tutorial.py took 0.101 seconds
[2024-12-19T15:45:08.826+0000] {processor.py:161} INFO - Started process (PID=399) to work on /home/airflow/.local/lib/python3.11/site-packages/airflow/example_dags/tutorial.py
[2024-12-19T15:45:08.827+0000] {processor.py:830} INFO - Processing file /home/airflow/.local/lib/python3.11/site-packages/airflow/example_dags/tutorial.py for tasks to queue
[2024-12-19T15:45:08.829+0000] {logging_mixin.py:188} INFO - [2024-12-19T15:45:08.829+0000] {dagbag.py:538} INFO - Filling up the DagBag from /home/airflow/.local/lib/python3.11/site-packages/airflow/example_dags/tutorial.py
[2024-12-19T15:45:08.836+0000] {processor.py:840} INFO - DAG(s) 'tutorial' retrieved from /home/airflow/.local/lib/python3.11/site-packages/airflow/example_dags/tutorial.py
[2024-12-19T15:45:08.860+0000] {logging_mixin.py:188} INFO - [2024-12-19T15:45:08.860+0000] {dag.py:3036} INFO - Sync 1 DAGs
[2024-12-19T15:45:08.884+0000] {logging_mixin.py:188} INFO - [2024-12-19T15:45:08.884+0000] {dag.py:3823} INFO - Setting next_dagrun for tutorial to 2024-12-18 00:00:00+00:00, run_after=2024-12-19 00:00:00+00:00
[2024-12-19T15:45:08.915+0000] {processor.py:183} INFO - Processing /home/airflow/.local/lib/python3.11/site-packages/airflow/example_dags/tutorial.py took 0.093 seconds
[2024-12-19T15:45:39.332+0000] {processor.py:161} INFO - Started process (PID=463) to work on /home/airflow/.local/lib/python3.11/site-packages/airflow/example_dags/tutorial.py
[2024-12-19T15:45:39.333+0000] {processor.py:830} INFO - Processing file /home/airflow/.local/lib/python3.11/site-packages/airflow/example_dags/tutorial.py for tasks to queue
[2024-12-19T15:45:39.336+0000] {logging_mixin.py:188} INFO - [2024-12-19T15:45:39.335+0000] {dagbag.py:538} INFO - Filling up the DagBag from /home/airflow/.local/lib/python3.11/site-packages/airflow/example_dags/tutorial.py
[2024-12-19T15:45:39.343+0000] {processor.py:840} INFO - DAG(s) 'tutorial' retrieved from /home/airflow/.local/lib/python3.11/site-packages/airflow/example_dags/tutorial.py
[2024-12-19T15:45:39.373+0000] {logging_mixin.py:188} INFO - [2024-12-19T15:45:39.372+0000] {dag.py:3036} INFO - Sync 1 DAGs
[2024-12-19T15:45:39.405+0000] {logging_mixin.py:188} INFO - [2024-12-19T15:45:39.405+0000] {dag.py:3823} INFO - Setting next_dagrun for tutorial to 2024-12-18 00:00:00+00:00, run_after=2024-12-19 00:00:00+00:00
[2024-12-19T15:45:39.432+0000] {processor.py:183} INFO - Processing /home/airflow/.local/lib/python3.11/site-packages/airflow/example_dags/tutorial.py took 0.106 seconds
[2024-12-19T15:46:09.664+0000] {processor.py:161} INFO - Started process (PID=534) to work on /home/airflow/.local/lib/python3.11/site-packages/airflow/example_dags/tutorial.py
[2024-12-19T15:46:09.666+0000] {processor.py:830} INFO - Processing file /home/airflow/.local/lib/python3.11/site-packages/airflow/example_dags/tutorial.py for tasks to queue
[2024-12-19T15:46:09.669+0000] {logging_mixin.py:188} INFO - [2024-12-19T15:46:09.668+0000] {dagbag.py:538} INFO - Filling up the DagBag from /home/airflow/.local/lib/python3.11/site-packages/airflow/example_dags/tutorial.py
[2024-12-19T15:46:09.676+0000] {processor.py:840} INFO - DAG(s) 'tutorial' retrieved from /home/airflow/.local/lib/python3.11/site-packages/airflow/example_dags/tutorial.py
[2024-12-19T15:46:09.700+0000] {logging_mixin.py:188} INFO - [2024-12-19T15:46:09.700+0000] {dag.py:3036} INFO - Sync 1 DAGs
[2024-12-19T15:46:09.728+0000] {logging_mixin.py:188} INFO - [2024-12-19T15:46:09.727+0000] {dag.py:3823} INFO - Setting next_dagrun for tutorial to 2024-12-18 00:00:00+00:00, run_after=2024-12-19 00:00:00+00:00
[2024-12-19T15:46:09.753+0000] {processor.py:183} INFO - Processing /home/airflow/.local/lib/python3.11/site-packages/airflow/example_dags/tutorial.py took 0.094 seconds
[2024-12-19T15:46:40.306+0000] {processor.py:161} INFO - Started process (PID=597) to work on /home/airflow/.local/lib/python3.11/site-packages/airflow/example_dags/tutorial.py
[2024-12-19T15:46:40.308+0000] {processor.py:830} INFO - Processing file /home/airflow/.local/lib/python3.11/site-packages/airflow/example_dags/tutorial.py for tasks to queue
[2024-12-19T15:46:40.310+0000] {logging_mixin.py:188} INFO - [2024-12-19T15:46:40.310+0000] {dagbag.py:538} INFO - Filling up the DagBag from /home/airflow/.local/lib/python3.11/site-packages/airflow/example_dags/tutorial.py
[2024-12-19T15:46:40.319+0000] {processor.py:840} INFO - DAG(s) 'tutorial' retrieved from /home/airflow/.local/lib/python3.11/site-packages/airflow/example_dags/tutorial.py
[2024-12-19T15:46:40.354+0000] {logging_mixin.py:188} INFO - [2024-12-19T15:46:40.353+0000] {dag.py:3036} INFO - Sync 1 DAGs
[2024-12-19T15:46:40.390+0000] {logging_mixin.py:188} INFO - [2024-12-19T15:46:40.390+0000] {dag.py:3823} INFO - Setting next_dagrun for tutorial to 2024-12-18 00:00:00+00:00, run_after=2024-12-19 00:00:00+00:00
[2024-12-19T15:46:40.421+0000] {processor.py:183} INFO - Processing /home/airflow/.local/lib/python3.11/site-packages/airflow/example_dags/tutorial.py took 0.119 seconds
[2024-12-19T15:47:10.736+0000] {processor.py:161} INFO - Started process (PID=661) to work on /home/airflow/.local/lib/python3.11/site-packages/airflow/example_dags/tutorial.py
[2024-12-19T15:47:10.738+0000] {processor.py:830} INFO - Processing file /home/airflow/.local/lib/python3.11/site-packages/airflow/example_dags/tutorial.py for tasks to queue
[2024-12-19T15:47:10.741+0000] {logging_mixin.py:188} INFO - [2024-12-19T15:47:10.740+0000] {dagbag.py:538} INFO - Filling up the DagBag from /home/airflow/.local/lib/python3.11/site-packages/airflow/example_dags/tutorial.py
[2024-12-19T15:47:10.748+0000] {processor.py:840} INFO - DAG(s) 'tutorial' retrieved from /home/airflow/.local/lib/python3.11/site-packages/airflow/example_dags/tutorial.py
[2024-12-19T15:47:10.773+0000] {logging_mixin.py:188} INFO - [2024-12-19T15:47:10.773+0000] {dag.py:3036} INFO - Sync 1 DAGs
[2024-12-19T15:47:10.798+0000] {logging_mixin.py:188} INFO - [2024-12-19T15:47:10.798+0000] {dag.py:3823} INFO - Setting next_dagrun for tutorial to 2024-12-18 00:00:00+00:00, run_after=2024-12-19 00:00:00+00:00
[2024-12-19T15:47:10.820+0000] {processor.py:183} INFO - Processing /home/airflow/.local/lib/python3.11/site-packages/airflow/example_dags/tutorial.py took 0.089 seconds
[2024-12-19T15:47:41.248+0000] {processor.py:161} INFO - Started process (PID=745) to work on /home/airflow/.local/lib/python3.11/site-packages/airflow/example_dags/tutorial.py
[2024-12-19T15:47:41.249+0000] {processor.py:830} INFO - Processing file /home/airflow/.local/lib/python3.11/site-packages/airflow/example_dags/tutorial.py for tasks to queue
[2024-12-19T15:47:41.252+0000] {logging_mixin.py:188} INFO - [2024-12-19T15:47:41.252+0000] {dagbag.py:538} INFO - Filling up the DagBag from /home/airflow/.local/lib/python3.11/site-packages/airflow/example_dags/tutorial.py
[2024-12-19T15:47:41.260+0000] {processor.py:840} INFO - DAG(s) 'tutorial' retrieved from /home/airflow/.local/lib/python3.11/site-packages/airflow/example_dags/tutorial.py
[2024-12-19T15:47:41.289+0000] {logging_mixin.py:188} INFO - [2024-12-19T15:47:41.288+0000] {dag.py:3036} INFO - Sync 1 DAGs
[2024-12-19T15:47:41.322+0000] {logging_mixin.py:188} INFO - [2024-12-19T15:47:41.322+0000] {dag.py:3823} INFO - Setting next_dagrun for tutorial to 2024-12-18 00:00:00+00:00, run_after=2024-12-19 00:00:00+00:00
[2024-12-19T15:47:41.351+0000] {processor.py:183} INFO - Processing /home/airflow/.local/lib/python3.11/site-packages/airflow/example_dags/tutorial.py took 0.108 seconds
[2024-12-19T15:48:12.110+0000] {processor.py:161} INFO - Started process (PID=818) to work on /home/airflow/.local/lib/python3.11/site-packages/airflow/example_dags/tutorial.py
[2024-12-19T15:48:12.111+0000] {processor.py:830} INFO - Processing file /home/airflow/.local/lib/python3.11/site-packages/airflow/example_dags/tutorial.py for tasks to queue
[2024-12-19T15:48:12.114+0000] {logging_mixin.py:188} INFO - [2024-12-19T15:48:12.114+0000] {dagbag.py:538} INFO - Filling up the DagBag from /home/airflow/.local/lib/python3.11/site-packages/airflow/example_dags/tutorial.py
[2024-12-19T15:48:12.125+0000] {processor.py:840} INFO - DAG(s) 'tutorial' retrieved from /home/airflow/.local/lib/python3.11/site-packages/airflow/example_dags/tutorial.py
[2024-12-19T15:48:12.153+0000] {logging_mixin.py:188} INFO - [2024-12-19T15:48:12.152+0000] {dag.py:3036} INFO - Sync 1 DAGs
[2024-12-19T15:48:12.185+0000] {logging_mixin.py:188} INFO - [2024-12-19T15:48:12.185+0000] {dag.py:3823} INFO - Setting next_dagrun for tutorial to 2024-12-18 00:00:00+00:00, run_after=2024-12-19 00:00:00+00:00
[2024-12-19T15:48:12.210+0000] {processor.py:183} INFO - Processing /home/airflow/.local/lib/python3.11/site-packages/airflow/example_dags/tutorial.py took 0.105 seconds
[2024-12-19T15:48:42.382+0000] {processor.py:161} INFO - Started process (PID=883) to work on /home/airflow/.local/lib/python3.11/site-packages/airflow/example_dags/tutorial.py
[2024-12-19T15:48:42.383+0000] {processor.py:830} INFO - Processing file /home/airflow/.local/lib/python3.11/site-packages/airflow/example_dags/tutorial.py for tasks to queue
[2024-12-19T15:48:42.387+0000] {logging_mixin.py:188} INFO - [2024-12-19T15:48:42.386+0000] {dagbag.py:538} INFO - Filling up the DagBag from /home/airflow/.local/lib/python3.11/site-packages/airflow/example_dags/tutorial.py
[2024-12-19T15:48:42.394+0000] {processor.py:840} INFO - DAG(s) 'tutorial' retrieved from /home/airflow/.local/lib/python3.11/site-packages/airflow/example_dags/tutorial.py
[2024-12-19T15:48:42.417+0000] {logging_mixin.py:188} INFO - [2024-12-19T15:48:42.417+0000] {dag.py:3036} INFO - Sync 1 DAGs
[2024-12-19T15:48:42.449+0000] {logging_mixin.py:188} INFO - [2024-12-19T15:48:42.449+0000] {dag.py:3823} INFO - Setting next_dagrun for tutorial to 2024-12-18 00:00:00+00:00, run_after=2024-12-19 00:00:00+00:00
[2024-12-19T15:48:42.476+0000] {processor.py:183} INFO - Processing /home/airflow/.local/lib/python3.11/site-packages/airflow/example_dags/tutorial.py took 0.100 seconds
[2024-12-19T15:49:13.288+0000] {processor.py:161} INFO - Started process (PID=956) to work on /home/airflow/.local/lib/python3.11/site-packages/airflow/example_dags/tutorial.py
[2024-12-19T15:49:13.289+0000] {processor.py:830} INFO - Processing file /home/airflow/.local/lib/python3.11/site-packages/airflow/example_dags/tutorial.py for tasks to queue
[2024-12-19T15:49:13.292+0000] {logging_mixin.py:188} INFO - [2024-12-19T15:49:13.291+0000] {dagbag.py:538} INFO - Filling up the DagBag from /home/airflow/.local/lib/python3.11/site-packages/airflow/example_dags/tutorial.py
[2024-12-19T15:49:13.299+0000] {processor.py:840} INFO - DAG(s) 'tutorial' retrieved from /home/airflow/.local/lib/python3.11/site-packages/airflow/example_dags/tutorial.py
[2024-12-19T15:49:13.325+0000] {logging_mixin.py:188} INFO - [2024-12-19T15:49:13.325+0000] {dag.py:3036} INFO - Sync 1 DAGs
[2024-12-19T15:49:13.352+0000] {logging_mixin.py:188} INFO - [2024-12-19T15:49:13.352+0000] {dag.py:3823} INFO - Setting next_dagrun for tutorial to 2024-12-18 00:00:00+00:00, run_after=2024-12-19 00:00:00+00:00
[2024-12-19T15:49:13.384+0000] {processor.py:183} INFO - Processing /home/airflow/.local/lib/python3.11/site-packages/airflow/example_dags/tutorial.py took 0.101 seconds
[2024-12-19T15:49:43.759+0000] {processor.py:161} INFO - Started process (PID=1022) to work on /home/airflow/.local/lib/python3.11/site-packages/airflow/example_dags/tutorial.py
[2024-12-19T15:49:43.761+0000] {processor.py:830} INFO - Processing file /home/airflow/.local/lib/python3.11/site-packages/airflow/example_dags/tutorial.py for tasks to queue
[2024-12-19T15:49:43.764+0000] {logging_mixin.py:188} INFO - [2024-12-19T15:49:43.763+0000] {dagbag.py:538} INFO - Filling up the DagBag from /home/airflow/.local/lib/python3.11/site-packages/airflow/example_dags/tutorial.py
[2024-12-19T15:49:43.772+0000] {processor.py:840} INFO - DAG(s) 'tutorial' retrieved from /home/airflow/.local/lib/python3.11/site-packages/airflow/example_dags/tutorial.py
[2024-12-19T15:49:43.800+0000] {logging_mixin.py:188} INFO - [2024-12-19T15:49:43.799+0000] {dag.py:3036} INFO - Sync 1 DAGs
[2024-12-19T15:49:43.828+0000] {logging_mixin.py:188} INFO - [2024-12-19T15:49:43.828+0000] {dag.py:3823} INFO - Setting next_dagrun for tutorial to 2024-12-18 00:00:00+00:00, run_after=2024-12-19 00:00:00+00:00
[2024-12-19T15:49:43.852+0000] {processor.py:183} INFO - Processing /home/airflow/.local/lib/python3.11/site-packages/airflow/example_dags/tutorial.py took 0.099 seconds
[2024-12-19T15:50:14.230+0000] {processor.py:161} INFO - Started process (PID=1093) to work on /home/airflow/.local/lib/python3.11/site-packages/airflow/example_dags/tutorial.py
[2024-12-19T15:50:14.231+0000] {processor.py:830} INFO - Processing file /home/airflow/.local/lib/python3.11/site-packages/airflow/example_dags/tutorial.py for tasks to queue
[2024-12-19T15:50:14.234+0000] {logging_mixin.py:188} INFO - [2024-12-19T15:50:14.234+0000] {dagbag.py:538} INFO - Filling up the DagBag from /home/airflow/.local/lib/python3.11/site-packages/airflow/example_dags/tutorial.py
[2024-12-19T15:50:14.242+0000] {processor.py:840} INFO - DAG(s) 'tutorial' retrieved from /home/airflow/.local/lib/python3.11/site-packages/airflow/example_dags/tutorial.py
[2024-12-19T15:50:14.273+0000] {logging_mixin.py:188} INFO - [2024-12-19T15:50:14.272+0000] {dag.py:3036} INFO - Sync 1 DAGs
[2024-12-19T15:50:14.304+0000] {logging_mixin.py:188} INFO - [2024-12-19T15:50:14.304+0000] {dag.py:3823} INFO - Setting next_dagrun for tutorial to 2024-12-18 00:00:00+00:00, run_after=2024-12-19 00:00:00+00:00
[2024-12-19T15:50:14.335+0000] {processor.py:183} INFO - Processing /home/airflow/.local/lib/python3.11/site-packages/airflow/example_dags/tutorial.py took 0.110 seconds
[2024-12-19T15:50:44.806+0000] {processor.py:161} INFO - Started process (PID=1157) to work on /home/airflow/.local/lib/python3.11/site-packages/airflow/example_dags/tutorial.py
[2024-12-19T15:50:44.807+0000] {processor.py:830} INFO - Processing file /home/airflow/.local/lib/python3.11/site-packages/airflow/example_dags/tutorial.py for tasks to queue
[2024-12-19T15:50:44.811+0000] {logging_mixin.py:188} INFO - [2024-12-19T15:50:44.810+0000] {dagbag.py:538} INFO - Filling up the DagBag from /home/airflow/.local/lib/python3.11/site-packages/airflow/example_dags/tutorial.py
[2024-12-19T15:50:44.821+0000] {processor.py:840} INFO - DAG(s) 'tutorial' retrieved from /home/airflow/.local/lib/python3.11/site-packages/airflow/example_dags/tutorial.py
[2024-12-19T15:50:44.860+0000] {logging_mixin.py:188} INFO - [2024-12-19T15:50:44.860+0000] {dag.py:3036} INFO - Sync 1 DAGs
[2024-12-19T15:50:44.902+0000] {logging_mixin.py:188} INFO - [2024-12-19T15:50:44.902+0000] {dag.py:3823} INFO - Setting next_dagrun for tutorial to 2024-12-18 00:00:00+00:00, run_after=2024-12-19 00:00:00+00:00
[2024-12-19T15:50:44.926+0000] {processor.py:183} INFO - Processing /home/airflow/.local/lib/python3.11/site-packages/airflow/example_dags/tutorial.py took 0.126 seconds
[2024-12-19T15:51:15.323+0000] {processor.py:161} INFO - Started process (PID=1221) to work on /home/airflow/.local/lib/python3.11/site-packages/airflow/example_dags/tutorial.py
[2024-12-19T15:51:15.324+0000] {processor.py:830} INFO - Processing file /home/airflow/.local/lib/python3.11/site-packages/airflow/example_dags/tutorial.py for tasks to queue
[2024-12-19T15:51:15.326+0000] {logging_mixin.py:188} INFO - [2024-12-19T15:51:15.326+0000] {dagbag.py:538} INFO - Filling up the DagBag from /home/airflow/.local/lib/python3.11/site-packages/airflow/example_dags/tutorial.py
[2024-12-19T15:51:15.332+0000] {processor.py:840} INFO - DAG(s) 'tutorial' retrieved from /home/airflow/.local/lib/python3.11/site-packages/airflow/example_dags/tutorial.py
[2024-12-19T15:51:15.357+0000] {logging_mixin.py:188} INFO - [2024-12-19T15:51:15.357+0000] {dag.py:3036} INFO - Sync 1 DAGs
[2024-12-19T15:51:15.384+0000] {logging_mixin.py:188} INFO - [2024-12-19T15:51:15.383+0000] {dag.py:3823} INFO - Setting next_dagrun for tutorial to 2024-12-18 00:00:00+00:00, run_after=2024-12-19 00:00:00+00:00
[2024-12-19T15:51:15.416+0000] {processor.py:183} INFO - Processing /home/airflow/.local/lib/python3.11/site-packages/airflow/example_dags/tutorial.py took 0.098 seconds
[2024-12-19T15:53:48.265+0000] {processor.py:161} INFO - Started process (PID=136) to work on /home/airflow/.local/lib/python3.11/site-packages/airflow/example_dags/tutorial.py
[2024-12-19T15:53:48.266+0000] {processor.py:830} INFO - Processing file /home/airflow/.local/lib/python3.11/site-packages/airflow/example_dags/tutorial.py for tasks to queue
[2024-12-19T15:53:48.269+0000] {logging_mixin.py:188} INFO - [2024-12-19T15:53:48.269+0000] {dagbag.py:538} INFO - Filling up the DagBag from /home/airflow/.local/lib/python3.11/site-packages/airflow/example_dags/tutorial.py
[2024-12-19T15:53:48.280+0000] {processor.py:840} INFO - DAG(s) 'tutorial' retrieved from /home/airflow/.local/lib/python3.11/site-packages/airflow/example_dags/tutorial.py
[2024-12-19T15:53:48.497+0000] {logging_mixin.py:188} INFO - [2024-12-19T15:53:48.497+0000] {dag.py:3036} INFO - Sync 1 DAGs
[2024-12-19T15:53:48.549+0000] {logging_mixin.py:188} INFO - [2024-12-19T15:53:48.549+0000] {dag.py:3823} INFO - Setting next_dagrun for tutorial to 2024-12-18 00:00:00+00:00, run_after=2024-12-19 00:00:00+00:00
[2024-12-19T15:53:48.609+0000] {processor.py:183} INFO - Processing /home/airflow/.local/lib/python3.11/site-packages/airflow/example_dags/tutorial.py took 0.350 seconds
[2024-12-19T15:54:19.259+0000] {processor.py:161} INFO - Started process (PID=200) to work on /home/airflow/.local/lib/python3.11/site-packages/airflow/example_dags/tutorial.py
[2024-12-19T15:54:19.261+0000] {processor.py:830} INFO - Processing file /home/airflow/.local/lib/python3.11/site-packages/airflow/example_dags/tutorial.py for tasks to queue
[2024-12-19T15:54:19.263+0000] {logging_mixin.py:188} INFO - [2024-12-19T15:54:19.263+0000] {dagbag.py:538} INFO - Filling up the DagBag from /home/airflow/.local/lib/python3.11/site-packages/airflow/example_dags/tutorial.py
[2024-12-19T15:54:19.271+0000] {processor.py:840} INFO - DAG(s) 'tutorial' retrieved from /home/airflow/.local/lib/python3.11/site-packages/airflow/example_dags/tutorial.py
[2024-12-19T15:54:19.298+0000] {logging_mixin.py:188} INFO - [2024-12-19T15:54:19.298+0000] {dag.py:3036} INFO - Sync 1 DAGs
[2024-12-19T15:54:19.325+0000] {logging_mixin.py:188} INFO - [2024-12-19T15:54:19.324+0000] {dag.py:3823} INFO - Setting next_dagrun for tutorial to 2024-12-18 00:00:00+00:00, run_after=2024-12-19 00:00:00+00:00
[2024-12-19T15:54:19.348+0000] {processor.py:183} INFO - Processing /home/airflow/.local/lib/python3.11/site-packages/airflow/example_dags/tutorial.py took 0.093 seconds
[2024-12-19T15:54:50.114+0000] {processor.py:161} INFO - Started process (PID=271) to work on /home/airflow/.local/lib/python3.11/site-packages/airflow/example_dags/tutorial.py
[2024-12-19T15:54:50.116+0000] {processor.py:830} INFO - Processing file /home/airflow/.local/lib/python3.11/site-packages/airflow/example_dags/tutorial.py for tasks to queue
[2024-12-19T15:54:50.118+0000] {logging_mixin.py:188} INFO - [2024-12-19T15:54:50.118+0000] {dagbag.py:538} INFO - Filling up the DagBag from /home/airflow/.local/lib/python3.11/site-packages/airflow/example_dags/tutorial.py
[2024-12-19T15:54:50.124+0000] {processor.py:840} INFO - DAG(s) 'tutorial' retrieved from /home/airflow/.local/lib/python3.11/site-packages/airflow/example_dags/tutorial.py
[2024-12-19T15:54:50.150+0000] {logging_mixin.py:188} INFO - [2024-12-19T15:54:50.150+0000] {dag.py:3036} INFO - Sync 1 DAGs
[2024-12-19T15:54:50.177+0000] {logging_mixin.py:188} INFO - [2024-12-19T15:54:50.177+0000] {dag.py:3823} INFO - Setting next_dagrun for tutorial to 2024-12-18 00:00:00+00:00, run_after=2024-12-19 00:00:00+00:00
[2024-12-19T15:54:50.206+0000] {processor.py:183} INFO - Processing /home/airflow/.local/lib/python3.11/site-packages/airflow/example_dags/tutorial.py took 0.097 seconds
[2024-12-19T15:55:20.746+0000] {processor.py:161} INFO - Started process (PID=335) to work on /home/airflow/.local/lib/python3.11/site-packages/airflow/example_dags/tutorial.py
[2024-12-19T15:55:20.748+0000] {processor.py:830} INFO - Processing file /home/airflow/.local/lib/python3.11/site-packages/airflow/example_dags/tutorial.py for tasks to queue
[2024-12-19T15:55:20.752+0000] {logging_mixin.py:188} INFO - [2024-12-19T15:55:20.751+0000] {dagbag.py:538} INFO - Filling up the DagBag from /home/airflow/.local/lib/python3.11/site-packages/airflow/example_dags/tutorial.py
[2024-12-19T15:55:20.761+0000] {processor.py:840} INFO - DAG(s) 'tutorial' retrieved from /home/airflow/.local/lib/python3.11/site-packages/airflow/example_dags/tutorial.py
[2024-12-19T15:55:20.785+0000] {logging_mixin.py:188} INFO - [2024-12-19T15:55:20.785+0000] {dag.py:3036} INFO - Sync 1 DAGs
[2024-12-19T15:55:20.808+0000] {logging_mixin.py:188} INFO - [2024-12-19T15:55:20.808+0000] {dag.py:3823} INFO - Setting next_dagrun for tutorial to 2024-12-18 00:00:00+00:00, run_after=2024-12-19 00:00:00+00:00
[2024-12-19T15:55:20.837+0000] {processor.py:183} INFO - Processing /home/airflow/.local/lib/python3.11/site-packages/airflow/example_dags/tutorial.py took 0.098 seconds
[2024-12-19T18:55:55.917+0000] {processor.py:161} INFO - Started process (PID=406) to work on /home/airflow/.local/lib/python3.11/site-packages/airflow/example_dags/tutorial.py
[2024-12-19T18:55:55.918+0000] {processor.py:830} INFO - Processing file /home/airflow/.local/lib/python3.11/site-packages/airflow/example_dags/tutorial.py for tasks to queue
[2024-12-19T18:55:55.922+0000] {logging_mixin.py:188} INFO - [2024-12-19T18:55:55.921+0000] {dagbag.py:538} INFO - Filling up the DagBag from /home/airflow/.local/lib/python3.11/site-packages/airflow/example_dags/tutorial.py
[2024-12-19T18:55:55.933+0000] {processor.py:840} INFO - DAG(s) 'tutorial' retrieved from /home/airflow/.local/lib/python3.11/site-packages/airflow/example_dags/tutorial.py
[2024-12-19T18:55:55.973+0000] {logging_mixin.py:188} INFO - [2024-12-19T18:55:55.972+0000] {dag.py:3036} INFO - Sync 1 DAGs
[2024-12-19T18:55:56.008+0000] {logging_mixin.py:188} INFO - [2024-12-19T18:55:56.008+0000] {dag.py:3823} INFO - Setting next_dagrun for tutorial to 2024-12-18 00:00:00+00:00, run_after=2024-12-19 00:00:00+00:00
[2024-12-19T18:55:56.663+0000] {processor.py:183} INFO - Processing /home/airflow/.local/lib/python3.11/site-packages/airflow/example_dags/tutorial.py took 0.752 seconds
[2024-12-19T23:38:12.274+0000] {processor.py:161} INFO - Started process (PID=481) to work on /home/airflow/.local/lib/python3.11/site-packages/airflow/example_dags/tutorial.py
[2024-12-19T23:38:12.277+0000] {processor.py:830} INFO - Processing file /home/airflow/.local/lib/python3.11/site-packages/airflow/example_dags/tutorial.py for tasks to queue
[2024-12-19T23:38:12.282+0000] {logging_mixin.py:188} INFO - [2024-12-19T23:38:12.281+0000] {dagbag.py:538} INFO - Filling up the DagBag from /home/airflow/.local/lib/python3.11/site-packages/airflow/example_dags/tutorial.py
[2024-12-19T23:38:12.295+0000] {processor.py:840} INFO - DAG(s) 'tutorial' retrieved from /home/airflow/.local/lib/python3.11/site-packages/airflow/example_dags/tutorial.py
[2024-12-19T23:38:12.334+0000] {logging_mixin.py:188} INFO - [2024-12-19T23:38:12.334+0000] {dag.py:3036} INFO - Sync 1 DAGs
[2024-12-19T23:38:12.390+0000] {logging_mixin.py:188} INFO - [2024-12-19T23:38:12.389+0000] {dag.py:3823} INFO - Setting next_dagrun for tutorial to 2024-12-18 00:00:00+00:00, run_after=2024-12-19 00:00:00+00:00
[2024-12-19T23:38:12.417+0000] {processor.py:183} INFO - Processing /home/airflow/.local/lib/python3.11/site-packages/airflow/example_dags/tutorial.py took 0.148 seconds
[2024-12-19T23:38:43.259+0000] {processor.py:161} INFO - Started process (PID=545) to work on /home/airflow/.local/lib/python3.11/site-packages/airflow/example_dags/tutorial.py
[2024-12-19T23:38:43.260+0000] {processor.py:830} INFO - Processing file /home/airflow/.local/lib/python3.11/site-packages/airflow/example_dags/tutorial.py for tasks to queue
[2024-12-19T23:38:43.263+0000] {logging_mixin.py:188} INFO - [2024-12-19T23:38:43.263+0000] {dagbag.py:538} INFO - Filling up the DagBag from /home/airflow/.local/lib/python3.11/site-packages/airflow/example_dags/tutorial.py
[2024-12-19T23:38:43.274+0000] {processor.py:840} INFO - DAG(s) 'tutorial' retrieved from /home/airflow/.local/lib/python3.11/site-packages/airflow/example_dags/tutorial.py
[2024-12-19T23:38:43.312+0000] {logging_mixin.py:188} INFO - [2024-12-19T23:38:43.312+0000] {dag.py:3036} INFO - Sync 1 DAGs
[2024-12-19T23:38:43.368+0000] {logging_mixin.py:188} INFO - [2024-12-19T23:38:43.368+0000] {dag.py:3823} INFO - Setting next_dagrun for tutorial to 2024-12-18 00:00:00+00:00, run_after=2024-12-19 00:00:00+00:00
[2024-12-19T23:38:43.402+0000] {processor.py:183} INFO - Processing /home/airflow/.local/lib/python3.11/site-packages/airflow/example_dags/tutorial.py took 0.148 seconds
[2024-12-19T23:39:13.629+0000] {processor.py:161} INFO - Started process (PID=609) to work on /home/airflow/.local/lib/python3.11/site-packages/airflow/example_dags/tutorial.py
[2024-12-19T23:39:13.631+0000] {processor.py:830} INFO - Processing file /home/airflow/.local/lib/python3.11/site-packages/airflow/example_dags/tutorial.py for tasks to queue
[2024-12-19T23:39:13.633+0000] {logging_mixin.py:188} INFO - [2024-12-19T23:39:13.633+0000] {dagbag.py:538} INFO - Filling up the DagBag from /home/airflow/.local/lib/python3.11/site-packages/airflow/example_dags/tutorial.py
[2024-12-19T23:39:13.640+0000] {processor.py:840} INFO - DAG(s) 'tutorial' retrieved from /home/airflow/.local/lib/python3.11/site-packages/airflow/example_dags/tutorial.py
[2024-12-19T23:39:13.664+0000] {logging_mixin.py:188} INFO - [2024-12-19T23:39:13.664+0000] {dag.py:3036} INFO - Sync 1 DAGs
[2024-12-19T23:39:13.688+0000] {logging_mixin.py:188} INFO - [2024-12-19T23:39:13.688+0000] {dag.py:3823} INFO - Setting next_dagrun for tutorial to 2024-12-18 00:00:00+00:00, run_after=2024-12-19 00:00:00+00:00
[2024-12-19T23:39:13.718+0000] {processor.py:183} INFO - Processing /home/airflow/.local/lib/python3.11/site-packages/airflow/example_dags/tutorial.py took 0.092 seconds
[2024-12-19T23:39:44.148+0000] {processor.py:161} INFO - Started process (PID=681) to work on /home/airflow/.local/lib/python3.11/site-packages/airflow/example_dags/tutorial.py
[2024-12-19T23:39:44.151+0000] {processor.py:830} INFO - Processing file /home/airflow/.local/lib/python3.11/site-packages/airflow/example_dags/tutorial.py for tasks to queue
[2024-12-19T23:39:44.155+0000] {logging_mixin.py:188} INFO - [2024-12-19T23:39:44.154+0000] {dagbag.py:538} INFO - Filling up the DagBag from /home/airflow/.local/lib/python3.11/site-packages/airflow/example_dags/tutorial.py
[2024-12-19T23:39:44.164+0000] {processor.py:840} INFO - DAG(s) 'tutorial' retrieved from /home/airflow/.local/lib/python3.11/site-packages/airflow/example_dags/tutorial.py
[2024-12-19T23:39:44.192+0000] {logging_mixin.py:188} INFO - [2024-12-19T23:39:44.192+0000] {dag.py:3036} INFO - Sync 1 DAGs
[2024-12-19T23:39:44.245+0000] {logging_mixin.py:188} INFO - [2024-12-19T23:39:44.244+0000] {dag.py:3823} INFO - Setting next_dagrun for tutorial to 2024-12-18 00:00:00+00:00, run_after=2024-12-19 00:00:00+00:00
[2024-12-19T23:39:44.279+0000] {processor.py:183} INFO - Processing /home/airflow/.local/lib/python3.11/site-packages/airflow/example_dags/tutorial.py took 0.138 seconds
[2024-12-19T23:40:14.582+0000] {processor.py:161} INFO - Started process (PID=754) to work on /home/airflow/.local/lib/python3.11/site-packages/airflow/example_dags/tutorial.py
[2024-12-19T23:40:14.583+0000] {processor.py:830} INFO - Processing file /home/airflow/.local/lib/python3.11/site-packages/airflow/example_dags/tutorial.py for tasks to queue
[2024-12-19T23:40:14.586+0000] {logging_mixin.py:188} INFO - [2024-12-19T23:40:14.586+0000] {dagbag.py:538} INFO - Filling up the DagBag from /home/airflow/.local/lib/python3.11/site-packages/airflow/example_dags/tutorial.py
[2024-12-19T23:40:14.593+0000] {processor.py:840} INFO - DAG(s) 'tutorial' retrieved from /home/airflow/.local/lib/python3.11/site-packages/airflow/example_dags/tutorial.py
[2024-12-19T23:40:14.618+0000] {logging_mixin.py:188} INFO - [2024-12-19T23:40:14.618+0000] {dag.py:3036} INFO - Sync 1 DAGs
[2024-12-19T23:40:14.643+0000] {logging_mixin.py:188} INFO - [2024-12-19T23:40:14.642+0000] {dag.py:3823} INFO - Setting next_dagrun for tutorial to 2024-12-18 00:00:00+00:00, run_after=2024-12-19 00:00:00+00:00
[2024-12-19T23:40:14.683+0000] {processor.py:183} INFO - Processing /home/airflow/.local/lib/python3.11/site-packages/airflow/example_dags/tutorial.py took 0.105 seconds
[2024-12-19T23:40:44.942+0000] {processor.py:161} INFO - Started process (PID=826) to work on /home/airflow/.local/lib/python3.11/site-packages/airflow/example_dags/tutorial.py
[2024-12-19T23:40:44.944+0000] {processor.py:830} INFO - Processing file /home/airflow/.local/lib/python3.11/site-packages/airflow/example_dags/tutorial.py for tasks to queue
[2024-12-19T23:40:44.947+0000] {logging_mixin.py:188} INFO - [2024-12-19T23:40:44.946+0000] {dagbag.py:538} INFO - Filling up the DagBag from /home/airflow/.local/lib/python3.11/site-packages/airflow/example_dags/tutorial.py
[2024-12-19T23:40:44.955+0000] {processor.py:840} INFO - DAG(s) 'tutorial' retrieved from /home/airflow/.local/lib/python3.11/site-packages/airflow/example_dags/tutorial.py
[2024-12-19T23:40:44.981+0000] {logging_mixin.py:188} INFO - [2024-12-19T23:40:44.981+0000] {dag.py:3036} INFO - Sync 1 DAGs
[2024-12-19T23:40:45.011+0000] {logging_mixin.py:188} INFO - [2024-12-19T23:40:45.010+0000] {dag.py:3823} INFO - Setting next_dagrun for tutorial to 2024-12-18 00:00:00+00:00, run_after=2024-12-19 00:00:00+00:00
[2024-12-19T23:40:45.046+0000] {processor.py:183} INFO - Processing /home/airflow/.local/lib/python3.11/site-packages/airflow/example_dags/tutorial.py took 0.111 seconds
[2024-12-19T23:45:57.277+0000] {processor.py:161} INFO - Started process (PID=92) to work on /home/airflow/.local/lib/python3.11/site-packages/airflow/example_dags/tutorial.py
[2024-12-19T23:45:57.279+0000] {processor.py:830} INFO - Processing file /home/airflow/.local/lib/python3.11/site-packages/airflow/example_dags/tutorial.py for tasks to queue
[2024-12-19T23:45:57.281+0000] {logging_mixin.py:188} INFO - [2024-12-19T23:45:57.281+0000] {dagbag.py:538} INFO - Filling up the DagBag from /home/airflow/.local/lib/python3.11/site-packages/airflow/example_dags/tutorial.py
[2024-12-19T23:45:57.287+0000] {processor.py:840} INFO - DAG(s) 'tutorial' retrieved from /home/airflow/.local/lib/python3.11/site-packages/airflow/example_dags/tutorial.py
[2024-12-19T23:45:57.301+0000] {logging_mixin.py:188} INFO - [2024-12-19T23:45:57.301+0000] {dag.py:3036} INFO - Sync 1 DAGs
[2024-12-19T23:45:57.336+0000] {logging_mixin.py:188} INFO - [2024-12-19T23:45:57.336+0000] {dag.py:3823} INFO - Setting next_dagrun for tutorial to 2024-12-18 00:00:00+00:00, run_after=2024-12-19 00:00:00+00:00
[2024-12-19T23:45:57.368+0000] {processor.py:183} INFO - Processing /home/airflow/.local/lib/python3.11/site-packages/airflow/example_dags/tutorial.py took 0.096 seconds
[2024-12-19T23:46:27.779+0000] {processor.py:161} INFO - Started process (PID=155) to work on /home/airflow/.local/lib/python3.11/site-packages/airflow/example_dags/tutorial.py
[2024-12-19T23:46:27.781+0000] {processor.py:830} INFO - Processing file /home/airflow/.local/lib/python3.11/site-packages/airflow/example_dags/tutorial.py for tasks to queue
[2024-12-19T23:46:27.783+0000] {logging_mixin.py:188} INFO - [2024-12-19T23:46:27.783+0000] {dagbag.py:538} INFO - Filling up the DagBag from /home/airflow/.local/lib/python3.11/site-packages/airflow/example_dags/tutorial.py
[2024-12-19T23:46:27.791+0000] {processor.py:840} INFO - DAG(s) 'tutorial' retrieved from /home/airflow/.local/lib/python3.11/site-packages/airflow/example_dags/tutorial.py
[2024-12-19T23:46:27.930+0000] {logging_mixin.py:188} INFO - [2024-12-19T23:46:27.929+0000] {dag.py:3036} INFO - Sync 1 DAGs
[2024-12-19T23:46:27.952+0000] {logging_mixin.py:188} INFO - [2024-12-19T23:46:27.952+0000] {dag.py:3823} INFO - Setting next_dagrun for tutorial to 2024-12-18 00:00:00+00:00, run_after=2024-12-19 00:00:00+00:00
[2024-12-19T23:46:27.974+0000] {processor.py:183} INFO - Processing /home/airflow/.local/lib/python3.11/site-packages/airflow/example_dags/tutorial.py took 0.200 seconds
[2024-12-19T23:46:58.276+0000] {processor.py:161} INFO - Started process (PID=234) to work on /home/airflow/.local/lib/python3.11/site-packages/airflow/example_dags/tutorial.py
[2024-12-19T23:46:58.277+0000] {processor.py:830} INFO - Processing file /home/airflow/.local/lib/python3.11/site-packages/airflow/example_dags/tutorial.py for tasks to queue
[2024-12-19T23:46:58.280+0000] {logging_mixin.py:188} INFO - [2024-12-19T23:46:58.279+0000] {dagbag.py:538} INFO - Filling up the DagBag from /home/airflow/.local/lib/python3.11/site-packages/airflow/example_dags/tutorial.py
[2024-12-19T23:46:58.286+0000] {processor.py:840} INFO - DAG(s) 'tutorial' retrieved from /home/airflow/.local/lib/python3.11/site-packages/airflow/example_dags/tutorial.py
[2024-12-19T23:46:58.308+0000] {logging_mixin.py:188} INFO - [2024-12-19T23:46:58.308+0000] {dag.py:3036} INFO - Sync 1 DAGs
[2024-12-19T23:46:58.332+0000] {logging_mixin.py:188} INFO - [2024-12-19T23:46:58.332+0000] {dag.py:3823} INFO - Setting next_dagrun for tutorial to 2024-12-18 00:00:00+00:00, run_after=2024-12-19 00:00:00+00:00
[2024-12-19T23:46:58.363+0000] {processor.py:183} INFO - Processing /home/airflow/.local/lib/python3.11/site-packages/airflow/example_dags/tutorial.py took 0.091 seconds
[2024-12-19T23:47:28.683+0000] {processor.py:161} INFO - Started process (PID=306) to work on /home/airflow/.local/lib/python3.11/site-packages/airflow/example_dags/tutorial.py
[2024-12-19T23:47:28.684+0000] {processor.py:830} INFO - Processing file /home/airflow/.local/lib/python3.11/site-packages/airflow/example_dags/tutorial.py for tasks to queue
[2024-12-19T23:47:28.686+0000] {logging_mixin.py:188} INFO - [2024-12-19T23:47:28.686+0000] {dagbag.py:538} INFO - Filling up the DagBag from /home/airflow/.local/lib/python3.11/site-packages/airflow/example_dags/tutorial.py
[2024-12-19T23:47:28.694+0000] {processor.py:840} INFO - DAG(s) 'tutorial' retrieved from /home/airflow/.local/lib/python3.11/site-packages/airflow/example_dags/tutorial.py
[2024-12-19T23:47:28.718+0000] {logging_mixin.py:188} INFO - [2024-12-19T23:47:28.718+0000] {dag.py:3036} INFO - Sync 1 DAGs
[2024-12-19T23:47:28.744+0000] {logging_mixin.py:188} INFO - [2024-12-19T23:47:28.744+0000] {dag.py:3823} INFO - Setting next_dagrun for tutorial to 2024-12-18 00:00:00+00:00, run_after=2024-12-19 00:00:00+00:00
[2024-12-19T23:47:28.779+0000] {processor.py:183} INFO - Processing /home/airflow/.local/lib/python3.11/site-packages/airflow/example_dags/tutorial.py took 0.100 seconds
[2024-12-19T23:47:59.244+0000] {processor.py:161} INFO - Started process (PID=378) to work on /home/airflow/.local/lib/python3.11/site-packages/airflow/example_dags/tutorial.py
[2024-12-19T23:47:59.245+0000] {processor.py:830} INFO - Processing file /home/airflow/.local/lib/python3.11/site-packages/airflow/example_dags/tutorial.py for tasks to queue
[2024-12-19T23:47:59.248+0000] {logging_mixin.py:188} INFO - [2024-12-19T23:47:59.247+0000] {dagbag.py:538} INFO - Filling up the DagBag from /home/airflow/.local/lib/python3.11/site-packages/airflow/example_dags/tutorial.py
[2024-12-19T23:47:59.256+0000] {processor.py:840} INFO - DAG(s) 'tutorial' retrieved from /home/airflow/.local/lib/python3.11/site-packages/airflow/example_dags/tutorial.py
[2024-12-19T23:47:59.296+0000] {logging_mixin.py:188} INFO - [2024-12-19T23:47:59.295+0000] {dag.py:3036} INFO - Sync 1 DAGs
[2024-12-19T23:47:59.327+0000] {logging_mixin.py:188} INFO - [2024-12-19T23:47:59.327+0000] {dag.py:3823} INFO - Setting next_dagrun for tutorial to 2024-12-18 00:00:00+00:00, run_after=2024-12-19 00:00:00+00:00
[2024-12-19T23:47:59.365+0000] {processor.py:183} INFO - Processing /home/airflow/.local/lib/python3.11/site-packages/airflow/example_dags/tutorial.py took 0.125 seconds
[2024-12-19T23:48:29.847+0000] {processor.py:161} INFO - Started process (PID=457) to work on /home/airflow/.local/lib/python3.11/site-packages/airflow/example_dags/tutorial.py
[2024-12-19T23:48:29.848+0000] {processor.py:830} INFO - Processing file /home/airflow/.local/lib/python3.11/site-packages/airflow/example_dags/tutorial.py for tasks to queue
[2024-12-19T23:48:29.850+0000] {logging_mixin.py:188} INFO - [2024-12-19T23:48:29.850+0000] {dagbag.py:538} INFO - Filling up the DagBag from /home/airflow/.local/lib/python3.11/site-packages/airflow/example_dags/tutorial.py
[2024-12-19T23:48:29.857+0000] {processor.py:840} INFO - DAG(s) 'tutorial' retrieved from /home/airflow/.local/lib/python3.11/site-packages/airflow/example_dags/tutorial.py
[2024-12-19T23:48:29.882+0000] {logging_mixin.py:188} INFO - [2024-12-19T23:48:29.882+0000] {dag.py:3036} INFO - Sync 1 DAGs
[2024-12-19T23:48:29.911+0000] {logging_mixin.py:188} INFO - [2024-12-19T23:48:29.911+0000] {dag.py:3823} INFO - Setting next_dagrun for tutorial to 2024-12-18 00:00:00+00:00, run_after=2024-12-19 00:00:00+00:00
[2024-12-19T23:48:29.940+0000] {processor.py:183} INFO - Processing /home/airflow/.local/lib/python3.11/site-packages/airflow/example_dags/tutorial.py took 0.097 seconds
[2024-12-19T23:49:00.699+0000] {processor.py:161} INFO - Started process (PID=529) to work on /home/airflow/.local/lib/python3.11/site-packages/airflow/example_dags/tutorial.py
[2024-12-19T23:49:00.701+0000] {processor.py:830} INFO - Processing file /home/airflow/.local/lib/python3.11/site-packages/airflow/example_dags/tutorial.py for tasks to queue
[2024-12-19T23:49:00.704+0000] {logging_mixin.py:188} INFO - [2024-12-19T23:49:00.703+0000] {dagbag.py:538} INFO - Filling up the DagBag from /home/airflow/.local/lib/python3.11/site-packages/airflow/example_dags/tutorial.py
[2024-12-19T23:49:00.713+0000] {processor.py:840} INFO - DAG(s) 'tutorial' retrieved from /home/airflow/.local/lib/python3.11/site-packages/airflow/example_dags/tutorial.py
[2024-12-19T23:49:00.741+0000] {logging_mixin.py:188} INFO - [2024-12-19T23:49:00.740+0000] {dag.py:3036} INFO - Sync 1 DAGs
[2024-12-19T23:49:00.762+0000] {logging_mixin.py:188} INFO - [2024-12-19T23:49:00.762+0000] {dag.py:3823} INFO - Setting next_dagrun for tutorial to 2024-12-18 00:00:00+00:00, run_after=2024-12-19 00:00:00+00:00
[2024-12-19T23:49:00.799+0000] {processor.py:183} INFO - Processing /home/airflow/.local/lib/python3.11/site-packages/airflow/example_dags/tutorial.py took 0.105 seconds
[2024-12-19T23:49:31.844+0000] {processor.py:161} INFO - Started process (PID=601) to work on /home/airflow/.local/lib/python3.11/site-packages/airflow/example_dags/tutorial.py
[2024-12-19T23:49:31.846+0000] {processor.py:830} INFO - Processing file /home/airflow/.local/lib/python3.11/site-packages/airflow/example_dags/tutorial.py for tasks to queue
[2024-12-19T23:49:31.848+0000] {logging_mixin.py:188} INFO - [2024-12-19T23:49:31.848+0000] {dagbag.py:538} INFO - Filling up the DagBag from /home/airflow/.local/lib/python3.11/site-packages/airflow/example_dags/tutorial.py
[2024-12-19T23:49:31.854+0000] {processor.py:840} INFO - DAG(s) 'tutorial' retrieved from /home/airflow/.local/lib/python3.11/site-packages/airflow/example_dags/tutorial.py
[2024-12-19T23:49:31.876+0000] {logging_mixin.py:188} INFO - [2024-12-19T23:49:31.876+0000] {dag.py:3036} INFO - Sync 1 DAGs
[2024-12-19T23:49:31.899+0000] {logging_mixin.py:188} INFO - [2024-12-19T23:49:31.898+0000] {dag.py:3823} INFO - Setting next_dagrun for tutorial to 2024-12-18 00:00:00+00:00, run_after=2024-12-19 00:00:00+00:00
[2024-12-19T23:49:31.923+0000] {processor.py:183} INFO - Processing /home/airflow/.local/lib/python3.11/site-packages/airflow/example_dags/tutorial.py took 0.082 seconds
[2024-12-19T23:50:02.079+0000] {processor.py:161} INFO - Started process (PID=680) to work on /home/airflow/.local/lib/python3.11/site-packages/airflow/example_dags/tutorial.py
[2024-12-19T23:50:02.080+0000] {processor.py:830} INFO - Processing file /home/airflow/.local/lib/python3.11/site-packages/airflow/example_dags/tutorial.py for tasks to queue
[2024-12-19T23:50:02.082+0000] {logging_mixin.py:188} INFO - [2024-12-19T23:50:02.082+0000] {dagbag.py:538} INFO - Filling up the DagBag from /home/airflow/.local/lib/python3.11/site-packages/airflow/example_dags/tutorial.py
[2024-12-19T23:50:02.088+0000] {processor.py:840} INFO - DAG(s) 'tutorial' retrieved from /home/airflow/.local/lib/python3.11/site-packages/airflow/example_dags/tutorial.py
[2024-12-19T23:50:02.111+0000] {logging_mixin.py:188} INFO - [2024-12-19T23:50:02.110+0000] {dag.py:3036} INFO - Sync 1 DAGs
[2024-12-19T23:50:02.133+0000] {logging_mixin.py:188} INFO - [2024-12-19T23:50:02.132+0000] {dag.py:3823} INFO - Setting next_dagrun for tutorial to 2024-12-18 00:00:00+00:00, run_after=2024-12-19 00:00:00+00:00
[2024-12-19T23:50:02.160+0000] {processor.py:183} INFO - Processing /home/airflow/.local/lib/python3.11/site-packages/airflow/example_dags/tutorial.py took 0.084 seconds
[2024-12-19T23:50:32.632+0000] {processor.py:161} INFO - Started process (PID=752) to work on /home/airflow/.local/lib/python3.11/site-packages/airflow/example_dags/tutorial.py
[2024-12-19T23:50:32.634+0000] {processor.py:830} INFO - Processing file /home/airflow/.local/lib/python3.11/site-packages/airflow/example_dags/tutorial.py for tasks to queue
[2024-12-19T23:50:32.638+0000] {logging_mixin.py:188} INFO - [2024-12-19T23:50:32.637+0000] {dagbag.py:538} INFO - Filling up the DagBag from /home/airflow/.local/lib/python3.11/site-packages/airflow/example_dags/tutorial.py
[2024-12-19T23:50:32.647+0000] {processor.py:840} INFO - DAG(s) 'tutorial' retrieved from /home/airflow/.local/lib/python3.11/site-packages/airflow/example_dags/tutorial.py
[2024-12-19T23:50:32.684+0000] {logging_mixin.py:188} INFO - [2024-12-19T23:50:32.684+0000] {dag.py:3036} INFO - Sync 1 DAGs
[2024-12-19T23:50:32.715+0000] {logging_mixin.py:188} INFO - [2024-12-19T23:50:32.715+0000] {dag.py:3823} INFO - Setting next_dagrun for tutorial to 2024-12-18 00:00:00+00:00, run_after=2024-12-19 00:00:00+00:00
[2024-12-19T23:50:32.741+0000] {processor.py:183} INFO - Processing /home/airflow/.local/lib/python3.11/site-packages/airflow/example_dags/tutorial.py took 0.116 seconds
[2024-12-19T23:51:03.333+0000] {processor.py:161} INFO - Started process (PID=824) to work on /home/airflow/.local/lib/python3.11/site-packages/airflow/example_dags/tutorial.py
[2024-12-19T23:51:03.334+0000] {processor.py:830} INFO - Processing file /home/airflow/.local/lib/python3.11/site-packages/airflow/example_dags/tutorial.py for tasks to queue
[2024-12-19T23:51:03.337+0000] {logging_mixin.py:188} INFO - [2024-12-19T23:51:03.336+0000] {dagbag.py:538} INFO - Filling up the DagBag from /home/airflow/.local/lib/python3.11/site-packages/airflow/example_dags/tutorial.py
[2024-12-19T23:51:03.344+0000] {processor.py:840} INFO - DAG(s) 'tutorial' retrieved from /home/airflow/.local/lib/python3.11/site-packages/airflow/example_dags/tutorial.py
[2024-12-19T23:51:03.371+0000] {logging_mixin.py:188} INFO - [2024-12-19T23:51:03.371+0000] {dag.py:3036} INFO - Sync 1 DAGs
[2024-12-19T23:51:03.400+0000] {logging_mixin.py:188} INFO - [2024-12-19T23:51:03.400+0000] {dag.py:3823} INFO - Setting next_dagrun for tutorial to 2024-12-18 00:00:00+00:00, run_after=2024-12-19 00:00:00+00:00
[2024-12-19T23:51:03.435+0000] {processor.py:183} INFO - Processing /home/airflow/.local/lib/python3.11/site-packages/airflow/example_dags/tutorial.py took 0.107 seconds
[2024-12-19T23:51:33.843+0000] {processor.py:161} INFO - Started process (PID=888) to work on /home/airflow/.local/lib/python3.11/site-packages/airflow/example_dags/tutorial.py
[2024-12-19T23:51:33.844+0000] {processor.py:830} INFO - Processing file /home/airflow/.local/lib/python3.11/site-packages/airflow/example_dags/tutorial.py for tasks to queue
[2024-12-19T23:51:33.846+0000] {logging_mixin.py:188} INFO - [2024-12-19T23:51:33.846+0000] {dagbag.py:538} INFO - Filling up the DagBag from /home/airflow/.local/lib/python3.11/site-packages/airflow/example_dags/tutorial.py
[2024-12-19T23:51:33.853+0000] {processor.py:840} INFO - DAG(s) 'tutorial' retrieved from /home/airflow/.local/lib/python3.11/site-packages/airflow/example_dags/tutorial.py
[2024-12-19T23:51:33.878+0000] {logging_mixin.py:188} INFO - [2024-12-19T23:51:33.878+0000] {dag.py:3036} INFO - Sync 1 DAGs
[2024-12-19T23:51:33.909+0000] {logging_mixin.py:188} INFO - [2024-12-19T23:51:33.909+0000] {dag.py:3823} INFO - Setting next_dagrun for tutorial to 2024-12-18 00:00:00+00:00, run_after=2024-12-19 00:00:00+00:00
[2024-12-19T23:51:33.943+0000] {processor.py:183} INFO - Processing /home/airflow/.local/lib/python3.11/site-packages/airflow/example_dags/tutorial.py took 0.104 seconds
[2024-12-19T23:52:04.830+0000] {processor.py:161} INFO - Started process (PID=966) to work on /home/airflow/.local/lib/python3.11/site-packages/airflow/example_dags/tutorial.py
[2024-12-19T23:52:04.832+0000] {processor.py:830} INFO - Processing file /home/airflow/.local/lib/python3.11/site-packages/airflow/example_dags/tutorial.py for tasks to queue
[2024-12-19T23:52:04.837+0000] {logging_mixin.py:188} INFO - [2024-12-19T23:52:04.836+0000] {dagbag.py:538} INFO - Filling up the DagBag from /home/airflow/.local/lib/python3.11/site-packages/airflow/example_dags/tutorial.py
[2024-12-19T23:52:04.851+0000] {processor.py:840} INFO - DAG(s) 'tutorial' retrieved from /home/airflow/.local/lib/python3.11/site-packages/airflow/example_dags/tutorial.py
[2024-12-19T23:52:04.894+0000] {logging_mixin.py:188} INFO - [2024-12-19T23:52:04.894+0000] {dag.py:3036} INFO - Sync 1 DAGs
[2024-12-19T23:52:04.936+0000] {logging_mixin.py:188} INFO - [2024-12-19T23:52:04.936+0000] {dag.py:3823} INFO - Setting next_dagrun for tutorial to 2024-12-18 00:00:00+00:00, run_after=2024-12-19 00:00:00+00:00
[2024-12-19T23:52:04.976+0000] {processor.py:183} INFO - Processing /home/airflow/.local/lib/python3.11/site-packages/airflow/example_dags/tutorial.py took 0.152 seconds
[2024-12-19T23:52:35.143+0000] {processor.py:161} INFO - Started process (PID=1047) to work on /home/airflow/.local/lib/python3.11/site-packages/airflow/example_dags/tutorial.py
[2024-12-19T23:52:35.144+0000] {processor.py:830} INFO - Processing file /home/airflow/.local/lib/python3.11/site-packages/airflow/example_dags/tutorial.py for tasks to queue
[2024-12-19T23:52:35.146+0000] {logging_mixin.py:188} INFO - [2024-12-19T23:52:35.146+0000] {dagbag.py:538} INFO - Filling up the DagBag from /home/airflow/.local/lib/python3.11/site-packages/airflow/example_dags/tutorial.py
[2024-12-19T23:52:35.153+0000] {processor.py:840} INFO - DAG(s) 'tutorial' retrieved from /home/airflow/.local/lib/python3.11/site-packages/airflow/example_dags/tutorial.py
[2024-12-19T23:52:35.176+0000] {logging_mixin.py:188} INFO - [2024-12-19T23:52:35.176+0000] {dag.py:3036} INFO - Sync 1 DAGs
[2024-12-19T23:52:35.200+0000] {logging_mixin.py:188} INFO - [2024-12-19T23:52:35.200+0000] {dag.py:3823} INFO - Setting next_dagrun for tutorial to 2024-12-18 00:00:00+00:00, run_after=2024-12-19 00:00:00+00:00
[2024-12-19T23:52:35.223+0000] {processor.py:183} INFO - Processing /home/airflow/.local/lib/python3.11/site-packages/airflow/example_dags/tutorial.py took 0.084 seconds
[2024-12-19T23:53:05.690+0000] {processor.py:161} INFO - Started process (PID=1119) to work on /home/airflow/.local/lib/python3.11/site-packages/airflow/example_dags/tutorial.py
[2024-12-19T23:53:05.692+0000] {processor.py:830} INFO - Processing file /home/airflow/.local/lib/python3.11/site-packages/airflow/example_dags/tutorial.py for tasks to queue
[2024-12-19T23:53:05.694+0000] {logging_mixin.py:188} INFO - [2024-12-19T23:53:05.693+0000] {dagbag.py:538} INFO - Filling up the DagBag from /home/airflow/.local/lib/python3.11/site-packages/airflow/example_dags/tutorial.py
[2024-12-19T23:53:05.701+0000] {processor.py:840} INFO - DAG(s) 'tutorial' retrieved from /home/airflow/.local/lib/python3.11/site-packages/airflow/example_dags/tutorial.py
[2024-12-19T23:53:05.727+0000] {logging_mixin.py:188} INFO - [2024-12-19T23:53:05.727+0000] {dag.py:3036} INFO - Sync 1 DAGs
[2024-12-19T23:53:05.754+0000] {logging_mixin.py:188} INFO - [2024-12-19T23:53:05.754+0000] {dag.py:3823} INFO - Setting next_dagrun for tutorial to 2024-12-18 00:00:00+00:00, run_after=2024-12-19 00:00:00+00:00
[2024-12-19T23:53:05.782+0000] {processor.py:183} INFO - Processing /home/airflow/.local/lib/python3.11/site-packages/airflow/example_dags/tutorial.py took 0.096 seconds
[2024-12-19T23:53:36.580+0000] {processor.py:161} INFO - Started process (PID=1198) to work on /home/airflow/.local/lib/python3.11/site-packages/airflow/example_dags/tutorial.py
[2024-12-19T23:53:36.581+0000] {processor.py:830} INFO - Processing file /home/airflow/.local/lib/python3.11/site-packages/airflow/example_dags/tutorial.py for tasks to queue
[2024-12-19T23:53:36.584+0000] {logging_mixin.py:188} INFO - [2024-12-19T23:53:36.583+0000] {dagbag.py:538} INFO - Filling up the DagBag from /home/airflow/.local/lib/python3.11/site-packages/airflow/example_dags/tutorial.py
[2024-12-19T23:53:36.590+0000] {processor.py:840} INFO - DAG(s) 'tutorial' retrieved from /home/airflow/.local/lib/python3.11/site-packages/airflow/example_dags/tutorial.py
[2024-12-19T23:53:36.618+0000] {logging_mixin.py:188} INFO - [2024-12-19T23:53:36.618+0000] {dag.py:3036} INFO - Sync 1 DAGs
[2024-12-19T23:53:36.648+0000] {logging_mixin.py:188} INFO - [2024-12-19T23:53:36.648+0000] {dag.py:3823} INFO - Setting next_dagrun for tutorial to 2024-12-18 00:00:00+00:00, run_after=2024-12-19 00:00:00+00:00
[2024-12-19T23:53:36.682+0000] {processor.py:183} INFO - Processing /home/airflow/.local/lib/python3.11/site-packages/airflow/example_dags/tutorial.py took 0.106 seconds
[2024-12-19T23:54:06.953+0000] {processor.py:161} INFO - Started process (PID=1270) to work on /home/airflow/.local/lib/python3.11/site-packages/airflow/example_dags/tutorial.py
[2024-12-19T23:54:06.954+0000] {processor.py:830} INFO - Processing file /home/airflow/.local/lib/python3.11/site-packages/airflow/example_dags/tutorial.py for tasks to queue
[2024-12-19T23:54:06.956+0000] {logging_mixin.py:188} INFO - [2024-12-19T23:54:06.956+0000] {dagbag.py:538} INFO - Filling up the DagBag from /home/airflow/.local/lib/python3.11/site-packages/airflow/example_dags/tutorial.py
[2024-12-19T23:54:06.962+0000] {processor.py:840} INFO - DAG(s) 'tutorial' retrieved from /home/airflow/.local/lib/python3.11/site-packages/airflow/example_dags/tutorial.py
[2024-12-19T23:54:06.985+0000] {logging_mixin.py:188} INFO - [2024-12-19T23:54:06.985+0000] {dag.py:3036} INFO - Sync 1 DAGs
[2024-12-19T23:54:07.009+0000] {logging_mixin.py:188} INFO - [2024-12-19T23:54:07.009+0000] {dag.py:3823} INFO - Setting next_dagrun for tutorial to 2024-12-18 00:00:00+00:00, run_after=2024-12-19 00:00:00+00:00
[2024-12-19T23:54:07.035+0000] {processor.py:183} INFO - Processing /home/airflow/.local/lib/python3.11/site-packages/airflow/example_dags/tutorial.py took 0.086 seconds
[2024-12-19T23:54:38.039+0000] {processor.py:161} INFO - Started process (PID=1342) to work on /home/airflow/.local/lib/python3.11/site-packages/airflow/example_dags/tutorial.py
[2024-12-19T23:54:38.040+0000] {processor.py:830} INFO - Processing file /home/airflow/.local/lib/python3.11/site-packages/airflow/example_dags/tutorial.py for tasks to queue
[2024-12-19T23:54:38.043+0000] {logging_mixin.py:188} INFO - [2024-12-19T23:54:38.043+0000] {dagbag.py:538} INFO - Filling up the DagBag from /home/airflow/.local/lib/python3.11/site-packages/airflow/example_dags/tutorial.py
[2024-12-19T23:54:38.051+0000] {processor.py:840} INFO - DAG(s) 'tutorial' retrieved from /home/airflow/.local/lib/python3.11/site-packages/airflow/example_dags/tutorial.py
[2024-12-19T23:54:38.077+0000] {logging_mixin.py:188} INFO - [2024-12-19T23:54:38.077+0000] {dag.py:3036} INFO - Sync 1 DAGs
[2024-12-19T23:54:38.101+0000] {logging_mixin.py:188} INFO - [2024-12-19T23:54:38.101+0000] {dag.py:3823} INFO - Setting next_dagrun for tutorial to 2024-12-18 00:00:00+00:00, run_after=2024-12-19 00:00:00+00:00
[2024-12-19T23:54:38.131+0000] {processor.py:183} INFO - Processing /home/airflow/.local/lib/python3.11/site-packages/airflow/example_dags/tutorial.py took 0.097 seconds
[2024-12-19T23:55:08.831+0000] {processor.py:161} INFO - Started process (PID=1421) to work on /home/airflow/.local/lib/python3.11/site-packages/airflow/example_dags/tutorial.py
[2024-12-19T23:55:08.832+0000] {processor.py:830} INFO - Processing file /home/airflow/.local/lib/python3.11/site-packages/airflow/example_dags/tutorial.py for tasks to queue
[2024-12-19T23:55:08.834+0000] {logging_mixin.py:188} INFO - [2024-12-19T23:55:08.834+0000] {dagbag.py:538} INFO - Filling up the DagBag from /home/airflow/.local/lib/python3.11/site-packages/airflow/example_dags/tutorial.py
[2024-12-19T23:55:08.840+0000] {processor.py:840} INFO - DAG(s) 'tutorial' retrieved from /home/airflow/.local/lib/python3.11/site-packages/airflow/example_dags/tutorial.py
[2024-12-19T23:55:08.863+0000] {logging_mixin.py:188} INFO - [2024-12-19T23:55:08.863+0000] {dag.py:3036} INFO - Sync 1 DAGs
[2024-12-19T23:55:08.896+0000] {logging_mixin.py:188} INFO - [2024-12-19T23:55:08.896+0000] {dag.py:3823} INFO - Setting next_dagrun for tutorial to 2024-12-18 00:00:00+00:00, run_after=2024-12-19 00:00:00+00:00
[2024-12-19T23:55:08.932+0000] {processor.py:183} INFO - Processing /home/airflow/.local/lib/python3.11/site-packages/airflow/example_dags/tutorial.py took 0.104 seconds
[2024-12-19T23:55:39.084+0000] {processor.py:161} INFO - Started process (PID=1484) to work on /home/airflow/.local/lib/python3.11/site-packages/airflow/example_dags/tutorial.py
[2024-12-19T23:55:39.086+0000] {processor.py:830} INFO - Processing file /home/airflow/.local/lib/python3.11/site-packages/airflow/example_dags/tutorial.py for tasks to queue
[2024-12-19T23:55:39.088+0000] {logging_mixin.py:188} INFO - [2024-12-19T23:55:39.088+0000] {dagbag.py:538} INFO - Filling up the DagBag from /home/airflow/.local/lib/python3.11/site-packages/airflow/example_dags/tutorial.py
[2024-12-19T23:55:39.096+0000] {processor.py:840} INFO - DAG(s) 'tutorial' retrieved from /home/airflow/.local/lib/python3.11/site-packages/airflow/example_dags/tutorial.py
[2024-12-19T23:55:39.122+0000] {logging_mixin.py:188} INFO - [2024-12-19T23:55:39.122+0000] {dag.py:3036} INFO - Sync 1 DAGs
[2024-12-19T23:55:39.150+0000] {logging_mixin.py:188} INFO - [2024-12-19T23:55:39.150+0000] {dag.py:3823} INFO - Setting next_dagrun for tutorial to 2024-12-18 00:00:00+00:00, run_after=2024-12-19 00:00:00+00:00
[2024-12-19T23:55:39.180+0000] {processor.py:183} INFO - Processing /home/airflow/.local/lib/python3.11/site-packages/airflow/example_dags/tutorial.py took 0.100 seconds
[2024-12-19T23:56:09.726+0000] {processor.py:161} INFO - Started process (PID=1556) to work on /home/airflow/.local/lib/python3.11/site-packages/airflow/example_dags/tutorial.py
[2024-12-19T23:56:09.727+0000] {processor.py:830} INFO - Processing file /home/airflow/.local/lib/python3.11/site-packages/airflow/example_dags/tutorial.py for tasks to queue
[2024-12-19T23:56:09.729+0000] {logging_mixin.py:188} INFO - [2024-12-19T23:56:09.729+0000] {dagbag.py:538} INFO - Filling up the DagBag from /home/airflow/.local/lib/python3.11/site-packages/airflow/example_dags/tutorial.py
[2024-12-19T23:56:09.736+0000] {processor.py:840} INFO - DAG(s) 'tutorial' retrieved from /home/airflow/.local/lib/python3.11/site-packages/airflow/example_dags/tutorial.py
[2024-12-19T23:56:09.759+0000] {logging_mixin.py:188} INFO - [2024-12-19T23:56:09.759+0000] {dag.py:3036} INFO - Sync 1 DAGs
[2024-12-19T23:56:09.784+0000] {logging_mixin.py:188} INFO - [2024-12-19T23:56:09.784+0000] {dag.py:3823} INFO - Setting next_dagrun for tutorial to 2024-12-18 00:00:00+00:00, run_after=2024-12-19 00:00:00+00:00
[2024-12-19T23:56:09.809+0000] {processor.py:183} INFO - Processing /home/airflow/.local/lib/python3.11/site-packages/airflow/example_dags/tutorial.py took 0.087 seconds
[2024-12-19T23:56:40.166+0000] {processor.py:161} INFO - Started process (PID=1635) to work on /home/airflow/.local/lib/python3.11/site-packages/airflow/example_dags/tutorial.py
[2024-12-19T23:56:40.167+0000] {processor.py:830} INFO - Processing file /home/airflow/.local/lib/python3.11/site-packages/airflow/example_dags/tutorial.py for tasks to queue
[2024-12-19T23:56:40.170+0000] {logging_mixin.py:188} INFO - [2024-12-19T23:56:40.169+0000] {dagbag.py:538} INFO - Filling up the DagBag from /home/airflow/.local/lib/python3.11/site-packages/airflow/example_dags/tutorial.py
[2024-12-19T23:56:40.178+0000] {processor.py:840} INFO - DAG(s) 'tutorial' retrieved from /home/airflow/.local/lib/python3.11/site-packages/airflow/example_dags/tutorial.py
[2024-12-19T23:56:40.203+0000] {logging_mixin.py:188} INFO - [2024-12-19T23:56:40.203+0000] {dag.py:3036} INFO - Sync 1 DAGs
[2024-12-19T23:56:40.229+0000] {logging_mixin.py:188} INFO - [2024-12-19T23:56:40.228+0000] {dag.py:3823} INFO - Setting next_dagrun for tutorial to 2024-12-18 00:00:00+00:00, run_after=2024-12-19 00:00:00+00:00
[2024-12-19T23:56:40.260+0000] {processor.py:183} INFO - Processing /home/airflow/.local/lib/python3.11/site-packages/airflow/example_dags/tutorial.py took 0.098 seconds
[2024-12-19T23:57:10.660+0000] {processor.py:161} INFO - Started process (PID=1707) to work on /home/airflow/.local/lib/python3.11/site-packages/airflow/example_dags/tutorial.py
[2024-12-19T23:57:10.661+0000] {processor.py:830} INFO - Processing file /home/airflow/.local/lib/python3.11/site-packages/airflow/example_dags/tutorial.py for tasks to queue
[2024-12-19T23:57:10.665+0000] {logging_mixin.py:188} INFO - [2024-12-19T23:57:10.664+0000] {dagbag.py:538} INFO - Filling up the DagBag from /home/airflow/.local/lib/python3.11/site-packages/airflow/example_dags/tutorial.py
[2024-12-19T23:57:10.674+0000] {processor.py:840} INFO - DAG(s) 'tutorial' retrieved from /home/airflow/.local/lib/python3.11/site-packages/airflow/example_dags/tutorial.py
[2024-12-19T23:57:10.696+0000] {logging_mixin.py:188} INFO - [2024-12-19T23:57:10.696+0000] {dag.py:3036} INFO - Sync 1 DAGs
[2024-12-19T23:57:10.719+0000] {logging_mixin.py:188} INFO - [2024-12-19T23:57:10.719+0000] {dag.py:3823} INFO - Setting next_dagrun for tutorial to 2024-12-18 00:00:00+00:00, run_after=2024-12-19 00:00:00+00:00
[2024-12-19T23:57:10.755+0000] {processor.py:183} INFO - Processing /home/airflow/.local/lib/python3.11/site-packages/airflow/example_dags/tutorial.py took 0.100 seconds
[2024-12-19T23:57:41.285+0000] {processor.py:161} INFO - Started process (PID=1779) to work on /home/airflow/.local/lib/python3.11/site-packages/airflow/example_dags/tutorial.py
[2024-12-19T23:57:41.286+0000] {processor.py:830} INFO - Processing file /home/airflow/.local/lib/python3.11/site-packages/airflow/example_dags/tutorial.py for tasks to queue
[2024-12-19T23:57:41.289+0000] {logging_mixin.py:188} INFO - [2024-12-19T23:57:41.288+0000] {dagbag.py:538} INFO - Filling up the DagBag from /home/airflow/.local/lib/python3.11/site-packages/airflow/example_dags/tutorial.py
[2024-12-19T23:57:41.295+0000] {processor.py:840} INFO - DAG(s) 'tutorial' retrieved from /home/airflow/.local/lib/python3.11/site-packages/airflow/example_dags/tutorial.py
[2024-12-19T23:57:41.325+0000] {logging_mixin.py:188} INFO - [2024-12-19T23:57:41.325+0000] {dag.py:3036} INFO - Sync 1 DAGs
[2024-12-19T23:57:41.356+0000] {logging_mixin.py:188} INFO - [2024-12-19T23:57:41.356+0000] {dag.py:3823} INFO - Setting next_dagrun for tutorial to 2024-12-18 00:00:00+00:00, run_after=2024-12-19 00:00:00+00:00
[2024-12-19T23:57:41.396+0000] {processor.py:183} INFO - Processing /home/airflow/.local/lib/python3.11/site-packages/airflow/example_dags/tutorial.py took 0.115 seconds
[2024-12-19T23:58:11.816+0000] {processor.py:161} INFO - Started process (PID=1858) to work on /home/airflow/.local/lib/python3.11/site-packages/airflow/example_dags/tutorial.py
[2024-12-19T23:58:11.817+0000] {processor.py:830} INFO - Processing file /home/airflow/.local/lib/python3.11/site-packages/airflow/example_dags/tutorial.py for tasks to queue
[2024-12-19T23:58:11.819+0000] {logging_mixin.py:188} INFO - [2024-12-19T23:58:11.819+0000] {dagbag.py:538} INFO - Filling up the DagBag from /home/airflow/.local/lib/python3.11/site-packages/airflow/example_dags/tutorial.py
[2024-12-19T23:58:11.826+0000] {processor.py:840} INFO - DAG(s) 'tutorial' retrieved from /home/airflow/.local/lib/python3.11/site-packages/airflow/example_dags/tutorial.py
[2024-12-19T23:58:11.852+0000] {logging_mixin.py:188} INFO - [2024-12-19T23:58:11.852+0000] {dag.py:3036} INFO - Sync 1 DAGs
[2024-12-19T23:58:11.876+0000] {logging_mixin.py:188} INFO - [2024-12-19T23:58:11.875+0000] {dag.py:3823} INFO - Setting next_dagrun for tutorial to 2024-12-18 00:00:00+00:00, run_after=2024-12-19 00:00:00+00:00
[2024-12-19T23:58:11.905+0000] {processor.py:183} INFO - Processing /home/airflow/.local/lib/python3.11/site-packages/airflow/example_dags/tutorial.py took 0.093 seconds
[2024-12-19T23:58:42.086+0000] {processor.py:161} INFO - Started process (PID=1930) to work on /home/airflow/.local/lib/python3.11/site-packages/airflow/example_dags/tutorial.py
[2024-12-19T23:58:42.088+0000] {processor.py:830} INFO - Processing file /home/airflow/.local/lib/python3.11/site-packages/airflow/example_dags/tutorial.py for tasks to queue
[2024-12-19T23:58:42.090+0000] {logging_mixin.py:188} INFO - [2024-12-19T23:58:42.090+0000] {dagbag.py:538} INFO - Filling up the DagBag from /home/airflow/.local/lib/python3.11/site-packages/airflow/example_dags/tutorial.py
[2024-12-19T23:58:42.096+0000] {processor.py:840} INFO - DAG(s) 'tutorial' retrieved from /home/airflow/.local/lib/python3.11/site-packages/airflow/example_dags/tutorial.py
[2024-12-19T23:58:42.119+0000] {logging_mixin.py:188} INFO - [2024-12-19T23:58:42.119+0000] {dag.py:3036} INFO - Sync 1 DAGs
[2024-12-19T23:58:42.143+0000] {logging_mixin.py:188} INFO - [2024-12-19T23:58:42.143+0000] {dag.py:3823} INFO - Setting next_dagrun for tutorial to 2024-12-18 00:00:00+00:00, run_after=2024-12-19 00:00:00+00:00
[2024-12-19T23:58:42.180+0000] {processor.py:183} INFO - Processing /home/airflow/.local/lib/python3.11/site-packages/airflow/example_dags/tutorial.py took 0.097 seconds
[2024-12-19T23:59:12.777+0000] {processor.py:161} INFO - Started process (PID=2002) to work on /home/airflow/.local/lib/python3.11/site-packages/airflow/example_dags/tutorial.py
[2024-12-19T23:59:12.778+0000] {processor.py:830} INFO - Processing file /home/airflow/.local/lib/python3.11/site-packages/airflow/example_dags/tutorial.py for tasks to queue
[2024-12-19T23:59:12.781+0000] {logging_mixin.py:188} INFO - [2024-12-19T23:59:12.781+0000] {dagbag.py:538} INFO - Filling up the DagBag from /home/airflow/.local/lib/python3.11/site-packages/airflow/example_dags/tutorial.py
[2024-12-19T23:59:12.789+0000] {processor.py:840} INFO - DAG(s) 'tutorial' retrieved from /home/airflow/.local/lib/python3.11/site-packages/airflow/example_dags/tutorial.py
[2024-12-19T23:59:12.815+0000] {logging_mixin.py:188} INFO - [2024-12-19T23:59:12.815+0000] {dag.py:3036} INFO - Sync 1 DAGs
[2024-12-19T23:59:12.843+0000] {logging_mixin.py:188} INFO - [2024-12-19T23:59:12.843+0000] {dag.py:3823} INFO - Setting next_dagrun for tutorial to 2024-12-18 00:00:00+00:00, run_after=2024-12-19 00:00:00+00:00
[2024-12-19T23:59:12.878+0000] {processor.py:183} INFO - Processing /home/airflow/.local/lib/python3.11/site-packages/airflow/example_dags/tutorial.py took 0.106 seconds
[2024-12-19T23:59:43.364+0000] {processor.py:161} INFO - Started process (PID=2075) to work on /home/airflow/.local/lib/python3.11/site-packages/airflow/example_dags/tutorial.py
[2024-12-19T23:59:43.365+0000] {processor.py:830} INFO - Processing file /home/airflow/.local/lib/python3.11/site-packages/airflow/example_dags/tutorial.py for tasks to queue
[2024-12-19T23:59:43.368+0000] {logging_mixin.py:188} INFO - [2024-12-19T23:59:43.367+0000] {dagbag.py:538} INFO - Filling up the DagBag from /home/airflow/.local/lib/python3.11/site-packages/airflow/example_dags/tutorial.py
[2024-12-19T23:59:43.374+0000] {processor.py:840} INFO - DAG(s) 'tutorial' retrieved from /home/airflow/.local/lib/python3.11/site-packages/airflow/example_dags/tutorial.py
[2024-12-19T23:59:43.397+0000] {logging_mixin.py:188} INFO - [2024-12-19T23:59:43.397+0000] {dag.py:3036} INFO - Sync 1 DAGs
[2024-12-19T23:59:43.422+0000] {logging_mixin.py:188} INFO - [2024-12-19T23:59:43.422+0000] {dag.py:3823} INFO - Setting next_dagrun for tutorial to 2024-12-18 00:00:00+00:00, run_after=2024-12-19 00:00:00+00:00
[2024-12-19T23:59:43.447+0000] {processor.py:183} INFO - Processing /home/airflow/.local/lib/python3.11/site-packages/airflow/example_dags/tutorial.py took 0.086 seconds
