[2024-12-20T00:00:13.283+0000] {processor.py:161} INFO - Started process (PID=2141) to work on /opt/airflow/dags/training_pipeline.py
[2024-12-20T00:00:13.284+0000] {processor.py:830} INFO - Processing file /opt/airflow/dags/training_pipeline.py for tasks to queue
[2024-12-20T00:00:13.287+0000] {logging_mixin.py:188} INFO - [2024-12-20T00:00:13.287+0000] {dagbag.py:538} INFO - Filling up the DagBag from /opt/airflow/dags/training_pipeline.py
[2024-12-20T00:00:13.484+0000] {logging_mixin.py:188} INFO - [2024-12-20T00:00:13.483+0000] {tokens.py:86} WARNING - The added token already exists in the token cache, skipping
[2024-12-20T00:00:13.801+0000] {logging_mixin.py:188} INFO - Accessing as sarahlunette
[2024-12-20T00:00:13.802+0000] {logging_mixin.py:188} INFO - [2024-12-20T00:00:13.801+0000] {helpers.py:107} INFO - Accessing as sarahlunette
[2024-12-20T00:00:14.175+0000] {logging_mixin.py:188} INFO - Client created. Use the name of the repo (Data_Atelier) as the name of the 
bucket
[2024-12-20T00:00:14.176+0000] {logging_mixin.py:188} INFO - [2024-12-20T00:00:14.176+0000] {helpers.py:107} INFO - Client created. Use the name of the repo (Data_Atelier) as the name of the bucket
[2024-12-20T00:00:14.210+0000] {logging_mixin.py:188} INFO - Client created. Use the name of the repo (Data_Atelier) as the name of the 
bucket
[2024-12-20T00:00:14.211+0000] {logging_mixin.py:188} INFO - [2024-12-20T00:00:14.210+0000] {helpers.py:107} INFO - Client created. Use the name of the repo (Data_Atelier) as the name of the bucket
[2024-12-20T00:00:14.629+0000] {logging_mixin.py:188} INFO - Client created. Use the name of the repo (Data_Atelier) as the name of the 
bucket
[2024-12-20T00:00:14.629+0000] {logging_mixin.py:188} INFO - [2024-12-20T00:00:14.629+0000] {helpers.py:107} INFO - Client created. Use the name of the repo (Data_Atelier) as the name of the bucket
[2024-12-20T00:00:16.794+0000] {processor.py:840} INFO - DAG(s) 'my_dag_2' retrieved from /opt/airflow/dags/training_pipeline.py
[2024-12-20T00:00:16.818+0000] {logging_mixin.py:188} INFO - [2024-12-20T00:00:16.818+0000] {dag.py:3036} INFO - Sync 1 DAGs
[2024-12-20T00:00:16.841+0000] {logging_mixin.py:188} INFO - [2024-12-20T00:00:16.841+0000] {dag.py:3823} INFO - Setting next_dagrun for my_dag_2 to 2024-10-27 00:00:00+00:00, run_after=2024-10-28 00:00:00+00:00
[2024-12-20T00:00:16.879+0000] {processor.py:183} INFO - Processing /opt/airflow/dags/training_pipeline.py took 3.601 seconds
[2024-12-20T00:00:46.994+0000] {processor.py:161} INFO - Started process (PID=2229) to work on /opt/airflow/dags/training_pipeline.py
[2024-12-20T00:00:46.995+0000] {processor.py:830} INFO - Processing file /opt/airflow/dags/training_pipeline.py for tasks to queue
[2024-12-20T00:00:46.997+0000] {logging_mixin.py:188} INFO - [2024-12-20T00:00:46.997+0000] {dagbag.py:538} INFO - Filling up the DagBag from /opt/airflow/dags/training_pipeline.py
[2024-12-20T00:00:47.189+0000] {logging_mixin.py:188} INFO - [2024-12-20T00:00:47.189+0000] {tokens.py:86} WARNING - The added token already exists in the token cache, skipping
[2024-12-20T00:00:47.391+0000] {logging_mixin.py:188} INFO - Accessing as sarahlunette
[2024-12-20T00:00:47.392+0000] {logging_mixin.py:188} INFO - [2024-12-20T00:00:47.392+0000] {helpers.py:107} INFO - Accessing as sarahlunette
[2024-12-20T00:00:47.764+0000] {logging_mixin.py:188} INFO - Client created. Use the name of the repo (Data_Atelier) as the name of the 
bucket
[2024-12-20T00:00:47.765+0000] {logging_mixin.py:188} INFO - [2024-12-20T00:00:47.765+0000] {helpers.py:107} INFO - Client created. Use the name of the repo (Data_Atelier) as the name of the bucket
[2024-12-20T00:00:47.812+0000] {logging_mixin.py:188} INFO - Client created. Use the name of the repo (Data_Atelier) as the name of the 
bucket
[2024-12-20T00:00:47.813+0000] {logging_mixin.py:188} INFO - [2024-12-20T00:00:47.813+0000] {helpers.py:107} INFO - Client created. Use the name of the repo (Data_Atelier) as the name of the bucket
[2024-12-20T00:00:48.192+0000] {logging_mixin.py:188} INFO - Client created. Use the name of the repo (Data_Atelier) as the name of the 
bucket
[2024-12-20T00:00:48.193+0000] {logging_mixin.py:188} INFO - [2024-12-20T00:00:48.193+0000] {helpers.py:107} INFO - Client created. Use the name of the repo (Data_Atelier) as the name of the bucket
[2024-12-20T00:00:50.482+0000] {processor.py:840} INFO - DAG(s) 'my_dag_2' retrieved from /opt/airflow/dags/training_pipeline.py
[2024-12-20T00:00:50.507+0000] {logging_mixin.py:188} INFO - [2024-12-20T00:00:50.507+0000] {dag.py:3036} INFO - Sync 1 DAGs
[2024-12-20T00:00:50.528+0000] {logging_mixin.py:188} INFO - [2024-12-20T00:00:50.528+0000] {dag.py:3823} INFO - Setting next_dagrun for my_dag_2 to 2024-10-27 00:00:00+00:00, run_after=2024-10-28 00:00:00+00:00
[2024-12-20T00:00:50.560+0000] {processor.py:183} INFO - Processing /opt/airflow/dags/training_pipeline.py took 3.571 seconds
[2024-12-20T00:01:21.170+0000] {processor.py:161} INFO - Started process (PID=2322) to work on /opt/airflow/dags/training_pipeline.py
[2024-12-20T00:01:21.171+0000] {processor.py:830} INFO - Processing file /opt/airflow/dags/training_pipeline.py for tasks to queue
[2024-12-20T00:01:21.175+0000] {logging_mixin.py:188} INFO - [2024-12-20T00:01:21.174+0000] {dagbag.py:538} INFO - Filling up the DagBag from /opt/airflow/dags/training_pipeline.py
[2024-12-20T00:01:21.387+0000] {logging_mixin.py:188} INFO - [2024-12-20T00:01:21.386+0000] {tokens.py:86} WARNING - The added token already exists in the token cache, skipping
[2024-12-20T00:01:21.582+0000] {logging_mixin.py:188} INFO - Accessing as sarahlunette
[2024-12-20T00:01:21.583+0000] {logging_mixin.py:188} INFO - [2024-12-20T00:01:21.583+0000] {helpers.py:107} INFO - Accessing as sarahlunette
[2024-12-20T00:01:21.960+0000] {logging_mixin.py:188} INFO - Client created. Use the name of the repo (Data_Atelier) as the name of the 
bucket
[2024-12-20T00:01:21.961+0000] {logging_mixin.py:188} INFO - [2024-12-20T00:01:21.961+0000] {helpers.py:107} INFO - Client created. Use the name of the repo (Data_Atelier) as the name of the bucket
[2024-12-20T00:01:22.016+0000] {logging_mixin.py:188} INFO - Client created. Use the name of the repo (Data_Atelier) as the name of the 
bucket
[2024-12-20T00:01:22.017+0000] {logging_mixin.py:188} INFO - [2024-12-20T00:01:22.017+0000] {helpers.py:107} INFO - Client created. Use the name of the repo (Data_Atelier) as the name of the bucket
[2024-12-20T00:01:22.436+0000] {logging_mixin.py:188} INFO - Client created. Use the name of the repo (Data_Atelier) as the name of the 
bucket
[2024-12-20T00:01:22.437+0000] {logging_mixin.py:188} INFO - [2024-12-20T00:01:22.437+0000] {helpers.py:107} INFO - Client created. Use the name of the repo (Data_Atelier) as the name of the bucket
[2024-12-20T00:01:24.814+0000] {processor.py:840} INFO - DAG(s) 'my_dag_2' retrieved from /opt/airflow/dags/training_pipeline.py
[2024-12-20T00:01:24.846+0000] {logging_mixin.py:188} INFO - [2024-12-20T00:01:24.845+0000] {dag.py:3036} INFO - Sync 1 DAGs
[2024-12-20T00:01:24.881+0000] {logging_mixin.py:188} INFO - [2024-12-20T00:01:24.881+0000] {dag.py:3823} INFO - Setting next_dagrun for my_dag_2 to 2024-10-27 00:00:00+00:00, run_after=2024-10-28 00:00:00+00:00
[2024-12-20T00:01:24.921+0000] {processor.py:183} INFO - Processing /opt/airflow/dags/training_pipeline.py took 3.755 seconds
[2024-12-20T00:01:55.777+0000] {processor.py:161} INFO - Started process (PID=2394) to work on /opt/airflow/dags/training_pipeline.py
[2024-12-20T00:01:55.778+0000] {processor.py:830} INFO - Processing file /opt/airflow/dags/training_pipeline.py for tasks to queue
[2024-12-20T00:01:55.781+0000] {logging_mixin.py:188} INFO - [2024-12-20T00:01:55.781+0000] {dagbag.py:538} INFO - Filling up the DagBag from /opt/airflow/dags/training_pipeline.py
[2024-12-20T00:01:55.986+0000] {logging_mixin.py:188} INFO - [2024-12-20T00:01:55.985+0000] {tokens.py:86} WARNING - The added token already exists in the token cache, skipping
[2024-12-20T00:01:56.203+0000] {logging_mixin.py:188} INFO - Accessing as sarahlunette
[2024-12-20T00:01:56.204+0000] {logging_mixin.py:188} INFO - [2024-12-20T00:01:56.203+0000] {helpers.py:107} INFO - Accessing as sarahlunette
[2024-12-20T00:01:56.670+0000] {logging_mixin.py:188} INFO - Client created. Use the name of the repo (Data_Atelier) as the name of the 
bucket
[2024-12-20T00:01:56.672+0000] {logging_mixin.py:188} INFO - [2024-12-20T00:01:56.671+0000] {helpers.py:107} INFO - Client created. Use the name of the repo (Data_Atelier) as the name of the bucket
[2024-12-20T00:01:56.740+0000] {logging_mixin.py:188} INFO - Client created. Use the name of the repo (Data_Atelier) as the name of the 
bucket
[2024-12-20T00:01:56.742+0000] {logging_mixin.py:188} INFO - [2024-12-20T00:01:56.741+0000] {helpers.py:107} INFO - Client created. Use the name of the repo (Data_Atelier) as the name of the bucket
[2024-12-20T00:01:57.118+0000] {logging_mixin.py:188} INFO - Client created. Use the name of the repo (Data_Atelier) as the name of the 
bucket
[2024-12-20T00:01:57.119+0000] {logging_mixin.py:188} INFO - [2024-12-20T00:01:57.119+0000] {helpers.py:107} INFO - Client created. Use the name of the repo (Data_Atelier) as the name of the bucket
[2024-12-20T00:01:59.464+0000] {processor.py:840} INFO - DAG(s) 'my_dag_2' retrieved from /opt/airflow/dags/training_pipeline.py
[2024-12-20T00:01:59.487+0000] {logging_mixin.py:188} INFO - [2024-12-20T00:01:59.486+0000] {dag.py:3036} INFO - Sync 1 DAGs
[2024-12-20T00:01:59.510+0000] {logging_mixin.py:188} INFO - [2024-12-20T00:01:59.509+0000] {dag.py:3823} INFO - Setting next_dagrun for my_dag_2 to 2024-10-27 00:00:00+00:00, run_after=2024-10-28 00:00:00+00:00
[2024-12-20T00:01:59.539+0000] {processor.py:183} INFO - Processing /opt/airflow/dags/training_pipeline.py took 3.767 seconds
[2024-12-20T00:02:30.531+0000] {processor.py:161} INFO - Started process (PID=2473) to work on /opt/airflow/dags/training_pipeline.py
[2024-12-20T00:02:30.533+0000] {processor.py:830} INFO - Processing file /opt/airflow/dags/training_pipeline.py for tasks to queue
[2024-12-20T00:02:30.538+0000] {logging_mixin.py:188} INFO - [2024-12-20T00:02:30.537+0000] {dagbag.py:538} INFO - Filling up the DagBag from /opt/airflow/dags/training_pipeline.py
[2024-12-20T00:02:30.758+0000] {logging_mixin.py:188} INFO - [2024-12-20T00:02:30.758+0000] {tokens.py:86} WARNING - The added token already exists in the token cache, skipping
[2024-12-20T00:02:30.949+0000] {logging_mixin.py:188} INFO - Accessing as sarahlunette
[2024-12-20T00:02:30.950+0000] {logging_mixin.py:188} INFO - [2024-12-20T00:02:30.949+0000] {helpers.py:107} INFO - Accessing as sarahlunette
[2024-12-20T00:02:31.299+0000] {logging_mixin.py:188} INFO - Client created. Use the name of the repo (Data_Atelier) as the name of the 
bucket
[2024-12-20T00:02:31.300+0000] {logging_mixin.py:188} INFO - [2024-12-20T00:02:31.300+0000] {helpers.py:107} INFO - Client created. Use the name of the repo (Data_Atelier) as the name of the bucket
[2024-12-20T00:02:31.354+0000] {logging_mixin.py:188} INFO - Client created. Use the name of the repo (Data_Atelier) as the name of the 
bucket
[2024-12-20T00:02:31.355+0000] {logging_mixin.py:188} INFO - [2024-12-20T00:02:31.355+0000] {helpers.py:107} INFO - Client created. Use the name of the repo (Data_Atelier) as the name of the bucket
[2024-12-20T00:02:31.715+0000] {logging_mixin.py:188} INFO - Client created. Use the name of the repo (Data_Atelier) as the name of the 
bucket
[2024-12-20T00:02:31.716+0000] {logging_mixin.py:188} INFO - [2024-12-20T00:02:31.716+0000] {helpers.py:107} INFO - Client created. Use the name of the repo (Data_Atelier) as the name of the bucket
[2024-12-20T00:02:33.775+0000] {processor.py:840} INFO - DAG(s) 'my_dag_2' retrieved from /opt/airflow/dags/training_pipeline.py
[2024-12-20T00:02:33.798+0000] {logging_mixin.py:188} INFO - [2024-12-20T00:02:33.797+0000] {dag.py:3036} INFO - Sync 1 DAGs
[2024-12-20T00:02:33.967+0000] {logging_mixin.py:188} INFO - [2024-12-20T00:02:33.967+0000] {dag.py:3823} INFO - Setting next_dagrun for my_dag_2 to 2024-10-27 00:00:00+00:00, run_after=2024-10-28 00:00:00+00:00
[2024-12-20T00:02:33.989+0000] {processor.py:183} INFO - Processing /opt/airflow/dags/training_pipeline.py took 3.469 seconds
[2024-12-20T00:03:04.343+0000] {processor.py:161} INFO - Started process (PID=2554) to work on /opt/airflow/dags/training_pipeline.py
[2024-12-20T00:03:04.344+0000] {processor.py:830} INFO - Processing file /opt/airflow/dags/training_pipeline.py for tasks to queue
[2024-12-20T00:03:04.347+0000] {logging_mixin.py:188} INFO - [2024-12-20T00:03:04.346+0000] {dagbag.py:538} INFO - Filling up the DagBag from /opt/airflow/dags/training_pipeline.py
[2024-12-20T00:03:04.533+0000] {logging_mixin.py:188} INFO - [2024-12-20T00:03:04.533+0000] {tokens.py:86} WARNING - The added token already exists in the token cache, skipping
[2024-12-20T00:03:04.727+0000] {logging_mixin.py:188} INFO - Accessing as sarahlunette
[2024-12-20T00:03:04.728+0000] {logging_mixin.py:188} INFO - [2024-12-20T00:03:04.727+0000] {helpers.py:107} INFO - Accessing as sarahlunette
[2024-12-20T00:03:05.062+0000] {logging_mixin.py:188} INFO - Client created. Use the name of the repo (Data_Atelier) as the name of the 
bucket
[2024-12-20T00:03:05.063+0000] {logging_mixin.py:188} INFO - [2024-12-20T00:03:05.063+0000] {helpers.py:107} INFO - Client created. Use the name of the repo (Data_Atelier) as the name of the bucket
[2024-12-20T00:03:05.102+0000] {logging_mixin.py:188} INFO - Client created. Use the name of the repo (Data_Atelier) as the name of the 
bucket
[2024-12-20T00:03:05.102+0000] {logging_mixin.py:188} INFO - [2024-12-20T00:03:05.102+0000] {helpers.py:107} INFO - Client created. Use the name of the repo (Data_Atelier) as the name of the bucket
[2024-12-20T00:03:05.437+0000] {logging_mixin.py:188} INFO - Client created. Use the name of the repo (Data_Atelier) as the name of the 
bucket
[2024-12-20T00:03:05.438+0000] {logging_mixin.py:188} INFO - [2024-12-20T00:03:05.437+0000] {helpers.py:107} INFO - Client created. Use the name of the repo (Data_Atelier) as the name of the bucket
[2024-12-20T00:03:07.604+0000] {processor.py:840} INFO - DAG(s) 'my_dag_2' retrieved from /opt/airflow/dags/training_pipeline.py
[2024-12-20T00:03:07.629+0000] {logging_mixin.py:188} INFO - [2024-12-20T00:03:07.628+0000] {dag.py:3036} INFO - Sync 1 DAGs
[2024-12-20T00:03:07.652+0000] {logging_mixin.py:188} INFO - [2024-12-20T00:03:07.652+0000] {dag.py:3823} INFO - Setting next_dagrun for my_dag_2 to 2024-10-27 00:00:00+00:00, run_after=2024-10-28 00:00:00+00:00
[2024-12-20T00:03:07.837+0000] {processor.py:183} INFO - Processing /opt/airflow/dags/training_pipeline.py took 3.498 seconds
[2024-12-20T00:03:37.925+0000] {processor.py:161} INFO - Started process (PID=2626) to work on /opt/airflow/dags/training_pipeline.py
[2024-12-20T00:03:37.926+0000] {processor.py:830} INFO - Processing file /opt/airflow/dags/training_pipeline.py for tasks to queue
[2024-12-20T00:03:37.929+0000] {logging_mixin.py:188} INFO - [2024-12-20T00:03:37.928+0000] {dagbag.py:538} INFO - Filling up the DagBag from /opt/airflow/dags/training_pipeline.py
[2024-12-20T00:03:38.148+0000] {logging_mixin.py:188} INFO - [2024-12-20T00:03:38.148+0000] {tokens.py:86} WARNING - The added token already exists in the token cache, skipping
[2024-12-20T00:03:38.345+0000] {logging_mixin.py:188} INFO - Accessing as sarahlunette
[2024-12-20T00:03:38.346+0000] {logging_mixin.py:188} INFO - [2024-12-20T00:03:38.345+0000] {helpers.py:107} INFO - Accessing as sarahlunette
[2024-12-20T00:03:38.690+0000] {logging_mixin.py:188} INFO - Client created. Use the name of the repo (Data_Atelier) as the name of the 
bucket
[2024-12-20T00:03:38.691+0000] {logging_mixin.py:188} INFO - [2024-12-20T00:03:38.691+0000] {helpers.py:107} INFO - Client created. Use the name of the repo (Data_Atelier) as the name of the bucket
[2024-12-20T00:03:38.727+0000] {logging_mixin.py:188} INFO - Client created. Use the name of the repo (Data_Atelier) as the name of the 
bucket
[2024-12-20T00:03:38.728+0000] {logging_mixin.py:188} INFO - [2024-12-20T00:03:38.728+0000] {helpers.py:107} INFO - Client created. Use the name of the repo (Data_Atelier) as the name of the bucket
[2024-12-20T00:03:39.122+0000] {logging_mixin.py:188} INFO - Client created. Use the name of the repo (Data_Atelier) as the name of the 
bucket
[2024-12-20T00:03:39.123+0000] {logging_mixin.py:188} INFO - [2024-12-20T00:03:39.123+0000] {helpers.py:107} INFO - Client created. Use the name of the repo (Data_Atelier) as the name of the bucket
[2024-12-20T00:03:41.149+0000] {processor.py:840} INFO - DAG(s) 'my_dag_2' retrieved from /opt/airflow/dags/training_pipeline.py
[2024-12-20T00:03:41.171+0000] {logging_mixin.py:188} INFO - [2024-12-20T00:03:41.171+0000] {dag.py:3036} INFO - Sync 1 DAGs
[2024-12-20T00:03:41.197+0000] {logging_mixin.py:188} INFO - [2024-12-20T00:03:41.197+0000] {dag.py:3823} INFO - Setting next_dagrun for my_dag_2 to 2024-10-27 00:00:00+00:00, run_after=2024-10-28 00:00:00+00:00
[2024-12-20T00:03:41.219+0000] {processor.py:183} INFO - Processing /opt/airflow/dags/training_pipeline.py took 3.298 seconds
[2024-12-20T00:04:11.560+0000] {processor.py:161} INFO - Started process (PID=2705) to work on /opt/airflow/dags/training_pipeline.py
[2024-12-20T00:04:11.561+0000] {processor.py:830} INFO - Processing file /opt/airflow/dags/training_pipeline.py for tasks to queue
[2024-12-20T00:04:11.564+0000] {logging_mixin.py:188} INFO - [2024-12-20T00:04:11.564+0000] {dagbag.py:538} INFO - Filling up the DagBag from /opt/airflow/dags/training_pipeline.py
[2024-12-20T00:04:11.766+0000] {logging_mixin.py:188} INFO - [2024-12-20T00:04:11.765+0000] {tokens.py:86} WARNING - The added token already exists in the token cache, skipping
[2024-12-20T00:04:12.020+0000] {logging_mixin.py:188} INFO - Accessing as sarahlunette
[2024-12-20T00:04:12.021+0000] {logging_mixin.py:188} INFO - [2024-12-20T00:04:12.021+0000] {helpers.py:107} INFO - Accessing as sarahlunette
[2024-12-20T00:04:12.407+0000] {logging_mixin.py:188} INFO - Client created. Use the name of the repo (Data_Atelier) as the name of the 
bucket
[2024-12-20T00:04:12.408+0000] {logging_mixin.py:188} INFO - [2024-12-20T00:04:12.408+0000] {helpers.py:107} INFO - Client created. Use the name of the repo (Data_Atelier) as the name of the bucket
[2024-12-20T00:04:12.477+0000] {logging_mixin.py:188} INFO - Client created. Use the name of the repo (Data_Atelier) as the name of the 
bucket
[2024-12-20T00:04:12.478+0000] {logging_mixin.py:188} INFO - [2024-12-20T00:04:12.478+0000] {helpers.py:107} INFO - Client created. Use the name of the repo (Data_Atelier) as the name of the bucket
[2024-12-20T00:04:12.864+0000] {logging_mixin.py:188} INFO - Client created. Use the name of the repo (Data_Atelier) as the name of the 
bucket
[2024-12-20T00:04:12.865+0000] {logging_mixin.py:188} INFO - [2024-12-20T00:04:12.865+0000] {helpers.py:107} INFO - Client created. Use the name of the repo (Data_Atelier) as the name of the bucket
[2024-12-20T00:04:15.028+0000] {processor.py:840} INFO - DAG(s) 'my_dag_2' retrieved from /opt/airflow/dags/training_pipeline.py
[2024-12-20T00:04:15.055+0000] {logging_mixin.py:188} INFO - [2024-12-20T00:04:15.054+0000] {dag.py:3036} INFO - Sync 1 DAGs
[2024-12-20T00:04:15.077+0000] {logging_mixin.py:188} INFO - [2024-12-20T00:04:15.077+0000] {dag.py:3823} INFO - Setting next_dagrun for my_dag_2 to 2024-10-27 00:00:00+00:00, run_after=2024-10-28 00:00:00+00:00
[2024-12-20T00:04:15.101+0000] {processor.py:183} INFO - Processing /opt/airflow/dags/training_pipeline.py took 3.545 seconds
[2024-12-20T00:04:45.374+0000] {processor.py:161} INFO - Started process (PID=2789) to work on /opt/airflow/dags/training_pipeline.py
[2024-12-20T00:04:45.376+0000] {processor.py:830} INFO - Processing file /opt/airflow/dags/training_pipeline.py for tasks to queue
[2024-12-20T00:04:45.380+0000] {logging_mixin.py:188} INFO - [2024-12-20T00:04:45.380+0000] {dagbag.py:538} INFO - Filling up the DagBag from /opt/airflow/dags/training_pipeline.py
[2024-12-20T00:04:45.594+0000] {logging_mixin.py:188} INFO - [2024-12-20T00:04:45.594+0000] {tokens.py:86} WARNING - The added token already exists in the token cache, skipping
[2024-12-20T00:04:45.802+0000] {logging_mixin.py:188} INFO - Accessing as sarahlunette
[2024-12-20T00:04:45.803+0000] {logging_mixin.py:188} INFO - [2024-12-20T00:04:45.803+0000] {helpers.py:107} INFO - Accessing as sarahlunette
[2024-12-20T00:04:46.149+0000] {logging_mixin.py:188} INFO - Client created. Use the name of the repo (Data_Atelier) as the name of the 
bucket
[2024-12-20T00:04:46.150+0000] {logging_mixin.py:188} INFO - [2024-12-20T00:04:46.150+0000] {helpers.py:107} INFO - Client created. Use the name of the repo (Data_Atelier) as the name of the bucket
[2024-12-20T00:04:46.212+0000] {logging_mixin.py:188} INFO - Client created. Use the name of the repo (Data_Atelier) as the name of the 
bucket
[2024-12-20T00:04:46.213+0000] {logging_mixin.py:188} INFO - [2024-12-20T00:04:46.213+0000] {helpers.py:107} INFO - Client created. Use the name of the repo (Data_Atelier) as the name of the bucket
[2024-12-20T00:04:46.675+0000] {logging_mixin.py:188} INFO - Client created. Use the name of the repo (Data_Atelier) as the name of the 
bucket
[2024-12-20T00:04:46.676+0000] {logging_mixin.py:188} INFO - [2024-12-20T00:04:46.676+0000] {helpers.py:107} INFO - Client created. Use the name of the repo (Data_Atelier) as the name of the bucket
[2024-12-20T00:04:48.936+0000] {processor.py:840} INFO - DAG(s) 'my_dag_2' retrieved from /opt/airflow/dags/training_pipeline.py
[2024-12-20T00:04:48.956+0000] {logging_mixin.py:188} INFO - [2024-12-20T00:04:48.956+0000] {dag.py:3036} INFO - Sync 1 DAGs
[2024-12-20T00:04:48.980+0000] {logging_mixin.py:188} INFO - [2024-12-20T00:04:48.980+0000] {dag.py:3823} INFO - Setting next_dagrun for my_dag_2 to 2024-10-27 00:00:00+00:00, run_after=2024-10-28 00:00:00+00:00
[2024-12-20T00:04:49.003+0000] {processor.py:183} INFO - Processing /opt/airflow/dags/training_pipeline.py took 3.637 seconds
[2024-12-20T00:05:19.134+0000] {processor.py:161} INFO - Started process (PID=2881) to work on /opt/airflow/dags/training_pipeline.py
[2024-12-20T00:05:19.135+0000] {processor.py:830} INFO - Processing file /opt/airflow/dags/training_pipeline.py for tasks to queue
[2024-12-20T00:05:19.138+0000] {logging_mixin.py:188} INFO - [2024-12-20T00:05:19.137+0000] {dagbag.py:538} INFO - Filling up the DagBag from /opt/airflow/dags/training_pipeline.py
[2024-12-20T00:05:19.353+0000] {logging_mixin.py:188} INFO - [2024-12-20T00:05:19.352+0000] {tokens.py:86} WARNING - The added token already exists in the token cache, skipping
[2024-12-20T00:05:19.611+0000] {logging_mixin.py:188} INFO - Accessing as sarahlunette
[2024-12-20T00:05:19.611+0000] {logging_mixin.py:188} INFO - [2024-12-20T00:05:19.611+0000] {helpers.py:107} INFO - Accessing as sarahlunette
[2024-12-20T00:05:19.954+0000] {logging_mixin.py:188} INFO - Client created. Use the name of the repo (Data_Atelier) as the name of the 
bucket
[2024-12-20T00:05:19.955+0000] {logging_mixin.py:188} INFO - [2024-12-20T00:05:19.955+0000] {helpers.py:107} INFO - Client created. Use the name of the repo (Data_Atelier) as the name of the bucket
[2024-12-20T00:05:19.990+0000] {logging_mixin.py:188} INFO - Client created. Use the name of the repo (Data_Atelier) as the name of the 
bucket
[2024-12-20T00:05:19.990+0000] {logging_mixin.py:188} INFO - [2024-12-20T00:05:19.990+0000] {helpers.py:107} INFO - Client created. Use the name of the repo (Data_Atelier) as the name of the bucket
[2024-12-20T00:05:20.333+0000] {logging_mixin.py:188} INFO - Client created. Use the name of the repo (Data_Atelier) as the name of the 
bucket
[2024-12-20T00:05:20.334+0000] {logging_mixin.py:188} INFO - [2024-12-20T00:05:20.333+0000] {helpers.py:107} INFO - Client created. Use the name of the repo (Data_Atelier) as the name of the bucket
[2024-12-20T00:05:22.734+0000] {processor.py:840} INFO - DAG(s) 'my_dag_2' retrieved from /opt/airflow/dags/training_pipeline.py
[2024-12-20T00:05:22.770+0000] {logging_mixin.py:188} INFO - [2024-12-20T00:05:22.769+0000] {dag.py:3036} INFO - Sync 1 DAGs
[2024-12-20T00:05:22.811+0000] {logging_mixin.py:188} INFO - [2024-12-20T00:05:22.811+0000] {dag.py:3823} INFO - Setting next_dagrun for my_dag_2 to 2024-10-27 00:00:00+00:00, run_after=2024-10-28 00:00:00+00:00
[2024-12-20T00:05:22.855+0000] {processor.py:183} INFO - Processing /opt/airflow/dags/training_pipeline.py took 3.725 seconds
[2024-12-20T00:05:53.557+0000] {processor.py:161} INFO - Started process (PID=2963) to work on /opt/airflow/dags/training_pipeline.py
[2024-12-20T00:05:53.560+0000] {processor.py:830} INFO - Processing file /opt/airflow/dags/training_pipeline.py for tasks to queue
[2024-12-20T00:05:53.564+0000] {logging_mixin.py:188} INFO - [2024-12-20T00:05:53.563+0000] {dagbag.py:538} INFO - Filling up the DagBag from /opt/airflow/dags/training_pipeline.py
[2024-12-20T00:05:53.779+0000] {logging_mixin.py:188} INFO - [2024-12-20T00:05:53.779+0000] {tokens.py:86} WARNING - The added token already exists in the token cache, skipping
[2024-12-20T00:05:53.971+0000] {logging_mixin.py:188} INFO - Accessing as sarahlunette
[2024-12-20T00:05:53.972+0000] {logging_mixin.py:188} INFO - [2024-12-20T00:05:53.972+0000] {helpers.py:107} INFO - Accessing as sarahlunette
[2024-12-20T00:05:54.300+0000] {logging_mixin.py:188} INFO - Client created. Use the name of the repo (Data_Atelier) as the name of the 
bucket
[2024-12-20T00:05:54.301+0000] {logging_mixin.py:188} INFO - [2024-12-20T00:05:54.301+0000] {helpers.py:107} INFO - Client created. Use the name of the repo (Data_Atelier) as the name of the bucket
[2024-12-20T00:05:54.345+0000] {logging_mixin.py:188} INFO - Client created. Use the name of the repo (Data_Atelier) as the name of the 
bucket
[2024-12-20T00:05:54.346+0000] {logging_mixin.py:188} INFO - [2024-12-20T00:05:54.345+0000] {helpers.py:107} INFO - Client created. Use the name of the repo (Data_Atelier) as the name of the bucket
[2024-12-20T00:05:54.684+0000] {logging_mixin.py:188} INFO - Client created. Use the name of the repo (Data_Atelier) as the name of the 
bucket
[2024-12-20T00:05:54.686+0000] {logging_mixin.py:188} INFO - [2024-12-20T00:05:54.685+0000] {helpers.py:107} INFO - Client created. Use the name of the repo (Data_Atelier) as the name of the bucket
[2024-12-20T00:05:57.079+0000] {processor.py:840} INFO - DAG(s) 'my_dag_2' retrieved from /opt/airflow/dags/training_pipeline.py
[2024-12-20T00:05:57.107+0000] {logging_mixin.py:188} INFO - [2024-12-20T00:05:57.106+0000] {dag.py:3036} INFO - Sync 1 DAGs
[2024-12-20T00:05:57.290+0000] {logging_mixin.py:188} INFO - [2024-12-20T00:05:57.290+0000] {dag.py:3823} INFO - Setting next_dagrun for my_dag_2 to 2024-10-27 00:00:00+00:00, run_after=2024-10-28 00:00:00+00:00
[2024-12-20T00:05:57.324+0000] {processor.py:183} INFO - Processing /opt/airflow/dags/training_pipeline.py took 3.774 seconds
[2024-12-20T00:06:27.692+0000] {processor.py:161} INFO - Started process (PID=3054) to work on /opt/airflow/dags/training_pipeline.py
[2024-12-20T00:06:27.693+0000] {processor.py:830} INFO - Processing file /opt/airflow/dags/training_pipeline.py for tasks to queue
[2024-12-20T00:06:27.696+0000] {logging_mixin.py:188} INFO - [2024-12-20T00:06:27.695+0000] {dagbag.py:538} INFO - Filling up the DagBag from /opt/airflow/dags/training_pipeline.py
[2024-12-20T00:06:27.945+0000] {logging_mixin.py:188} INFO - [2024-12-20T00:06:27.945+0000] {tokens.py:86} WARNING - The added token already exists in the token cache, skipping
[2024-12-20T00:06:28.273+0000] {logging_mixin.py:188} INFO - Accessing as sarahlunette
[2024-12-20T00:06:28.274+0000] {logging_mixin.py:188} INFO - [2024-12-20T00:06:28.274+0000] {helpers.py:107} INFO - Accessing as sarahlunette
[2024-12-20T00:06:28.661+0000] {logging_mixin.py:188} INFO - Client created. Use the name of the repo (Data_Atelier) as the name of the 
bucket
[2024-12-20T00:06:28.662+0000] {logging_mixin.py:188} INFO - [2024-12-20T00:06:28.662+0000] {helpers.py:107} INFO - Client created. Use the name of the repo (Data_Atelier) as the name of the bucket
[2024-12-20T00:06:28.721+0000] {logging_mixin.py:188} INFO - Client created. Use the name of the repo (Data_Atelier) as the name of the 
bucket
[2024-12-20T00:06:28.722+0000] {logging_mixin.py:188} INFO - [2024-12-20T00:06:28.722+0000] {helpers.py:107} INFO - Client created. Use the name of the repo (Data_Atelier) as the name of the bucket
[2024-12-20T00:06:29.077+0000] {logging_mixin.py:188} INFO - Client created. Use the name of the repo (Data_Atelier) as the name of the 
bucket
[2024-12-20T00:06:29.078+0000] {logging_mixin.py:188} INFO - [2024-12-20T00:06:29.077+0000] {helpers.py:107} INFO - Client created. Use the name of the repo (Data_Atelier) as the name of the bucket
[2024-12-20T00:06:31.079+0000] {processor.py:840} INFO - DAG(s) 'my_dag_2' retrieved from /opt/airflow/dags/training_pipeline.py
[2024-12-20T00:06:31.108+0000] {logging_mixin.py:188} INFO - [2024-12-20T00:06:31.107+0000] {dag.py:3036} INFO - Sync 1 DAGs
[2024-12-20T00:06:31.303+0000] {logging_mixin.py:188} INFO - [2024-12-20T00:06:31.303+0000] {dag.py:3823} INFO - Setting next_dagrun for my_dag_2 to 2024-10-27 00:00:00+00:00, run_after=2024-10-28 00:00:00+00:00
[2024-12-20T00:06:31.338+0000] {processor.py:183} INFO - Processing /opt/airflow/dags/training_pipeline.py took 3.651 seconds
[2024-12-20T00:07:02.056+0000] {processor.py:161} INFO - Started process (PID=3133) to work on /opt/airflow/dags/training_pipeline.py
[2024-12-20T00:07:02.058+0000] {processor.py:830} INFO - Processing file /opt/airflow/dags/training_pipeline.py for tasks to queue
[2024-12-20T00:07:02.061+0000] {logging_mixin.py:188} INFO - [2024-12-20T00:07:02.060+0000] {dagbag.py:538} INFO - Filling up the DagBag from /opt/airflow/dags/training_pipeline.py
[2024-12-20T00:07:02.251+0000] {logging_mixin.py:188} INFO - [2024-12-20T00:07:02.251+0000] {tokens.py:86} WARNING - The added token already exists in the token cache, skipping
[2024-12-20T00:07:02.436+0000] {logging_mixin.py:188} INFO - Accessing as sarahlunette
[2024-12-20T00:07:02.437+0000] {logging_mixin.py:188} INFO - [2024-12-20T00:07:02.436+0000] {helpers.py:107} INFO - Accessing as sarahlunette
[2024-12-20T00:07:02.806+0000] {logging_mixin.py:188} INFO - Client created. Use the name of the repo (Data_Atelier) as the name of the 
bucket
[2024-12-20T00:07:02.807+0000] {logging_mixin.py:188} INFO - [2024-12-20T00:07:02.806+0000] {helpers.py:107} INFO - Client created. Use the name of the repo (Data_Atelier) as the name of the bucket
[2024-12-20T00:07:02.846+0000] {logging_mixin.py:188} INFO - Client created. Use the name of the repo (Data_Atelier) as the name of the 
bucket
[2024-12-20T00:07:02.847+0000] {logging_mixin.py:188} INFO - [2024-12-20T00:07:02.847+0000] {helpers.py:107} INFO - Client created. Use the name of the repo (Data_Atelier) as the name of the bucket
[2024-12-20T00:07:03.197+0000] {logging_mixin.py:188} INFO - Client created. Use the name of the repo (Data_Atelier) as the name of the 
bucket
[2024-12-20T00:07:03.198+0000] {logging_mixin.py:188} INFO - [2024-12-20T00:07:03.198+0000] {helpers.py:107} INFO - Client created. Use the name of the repo (Data_Atelier) as the name of the bucket
[2024-12-20T00:07:05.423+0000] {processor.py:840} INFO - DAG(s) 'my_dag_2' retrieved from /opt/airflow/dags/training_pipeline.py
[2024-12-20T00:07:05.448+0000] {logging_mixin.py:188} INFO - [2024-12-20T00:07:05.447+0000] {dag.py:3036} INFO - Sync 1 DAGs
[2024-12-20T00:07:05.470+0000] {logging_mixin.py:188} INFO - [2024-12-20T00:07:05.469+0000] {dag.py:3823} INFO - Setting next_dagrun for my_dag_2 to 2024-10-27 00:00:00+00:00, run_after=2024-10-28 00:00:00+00:00
[2024-12-20T00:07:05.502+0000] {processor.py:183} INFO - Processing /opt/airflow/dags/training_pipeline.py took 3.454 seconds
[2024-12-20T00:07:35.956+0000] {processor.py:161} INFO - Started process (PID=3205) to work on /opt/airflow/dags/training_pipeline.py
[2024-12-20T00:07:35.958+0000] {processor.py:830} INFO - Processing file /opt/airflow/dags/training_pipeline.py for tasks to queue
[2024-12-20T00:07:35.961+0000] {logging_mixin.py:188} INFO - [2024-12-20T00:07:35.961+0000] {dagbag.py:538} INFO - Filling up the DagBag from /opt/airflow/dags/training_pipeline.py
[2024-12-20T00:07:36.156+0000] {logging_mixin.py:188} INFO - [2024-12-20T00:07:36.156+0000] {tokens.py:86} WARNING - The added token already exists in the token cache, skipping
[2024-12-20T00:07:36.375+0000] {logging_mixin.py:188} INFO - Accessing as sarahlunette
[2024-12-20T00:07:36.377+0000] {logging_mixin.py:188} INFO - [2024-12-20T00:07:36.376+0000] {helpers.py:107} INFO - Accessing as sarahlunette
[2024-12-20T00:07:36.792+0000] {logging_mixin.py:188} INFO - Client created. Use the name of the repo (Data_Atelier) as the name of the 
bucket
[2024-12-20T00:07:36.793+0000] {logging_mixin.py:188} INFO - [2024-12-20T00:07:36.793+0000] {helpers.py:107} INFO - Client created. Use the name of the repo (Data_Atelier) as the name of the bucket
[2024-12-20T00:07:36.829+0000] {logging_mixin.py:188} INFO - Client created. Use the name of the repo (Data_Atelier) as the name of the 
bucket
[2024-12-20T00:07:36.830+0000] {logging_mixin.py:188} INFO - [2024-12-20T00:07:36.829+0000] {helpers.py:107} INFO - Client created. Use the name of the repo (Data_Atelier) as the name of the bucket
[2024-12-20T00:07:37.154+0000] {logging_mixin.py:188} INFO - Client created. Use the name of the repo (Data_Atelier) as the name of the 
bucket
[2024-12-20T00:07:37.155+0000] {logging_mixin.py:188} INFO - [2024-12-20T00:07:37.155+0000] {helpers.py:107} INFO - Client created. Use the name of the repo (Data_Atelier) as the name of the bucket
[2024-12-20T00:07:39.265+0000] {processor.py:840} INFO - DAG(s) 'my_dag_2' retrieved from /opt/airflow/dags/training_pipeline.py
[2024-12-20T00:07:39.297+0000] {logging_mixin.py:188} INFO - [2024-12-20T00:07:39.297+0000] {dag.py:3036} INFO - Sync 1 DAGs
[2024-12-20T00:07:39.322+0000] {logging_mixin.py:188} INFO - [2024-12-20T00:07:39.321+0000] {dag.py:3823} INFO - Setting next_dagrun for my_dag_2 to 2024-10-27 00:00:00+00:00, run_after=2024-10-28 00:00:00+00:00
[2024-12-20T00:07:39.353+0000] {processor.py:183} INFO - Processing /opt/airflow/dags/training_pipeline.py took 3.400 seconds
[2024-12-20T00:08:09.665+0000] {processor.py:161} INFO - Started process (PID=3284) to work on /opt/airflow/dags/training_pipeline.py
[2024-12-20T00:08:09.666+0000] {processor.py:830} INFO - Processing file /opt/airflow/dags/training_pipeline.py for tasks to queue
[2024-12-20T00:08:09.670+0000] {logging_mixin.py:188} INFO - [2024-12-20T00:08:09.669+0000] {dagbag.py:538} INFO - Filling up the DagBag from /opt/airflow/dags/training_pipeline.py
[2024-12-20T00:08:09.858+0000] {logging_mixin.py:188} INFO - [2024-12-20T00:08:09.857+0000] {tokens.py:86} WARNING - The added token already exists in the token cache, skipping
[2024-12-20T00:08:10.054+0000] {logging_mixin.py:188} INFO - Accessing as sarahlunette
[2024-12-20T00:08:10.056+0000] {logging_mixin.py:188} INFO - [2024-12-20T00:08:10.056+0000] {helpers.py:107} INFO - Accessing as sarahlunette
[2024-12-20T00:08:10.425+0000] {logging_mixin.py:188} INFO - Client created. Use the name of the repo (Data_Atelier) as the name of the 
bucket
[2024-12-20T00:08:10.426+0000] {logging_mixin.py:188} INFO - [2024-12-20T00:08:10.426+0000] {helpers.py:107} INFO - Client created. Use the name of the repo (Data_Atelier) as the name of the bucket
[2024-12-20T00:08:10.484+0000] {logging_mixin.py:188} INFO - Client created. Use the name of the repo (Data_Atelier) as the name of the 
bucket
[2024-12-20T00:08:10.485+0000] {logging_mixin.py:188} INFO - [2024-12-20T00:08:10.485+0000] {helpers.py:107} INFO - Client created. Use the name of the repo (Data_Atelier) as the name of the bucket
[2024-12-20T00:08:10.842+0000] {logging_mixin.py:188} INFO - Client created. Use the name of the repo (Data_Atelier) as the name of the 
bucket
[2024-12-20T00:08:10.843+0000] {logging_mixin.py:188} INFO - [2024-12-20T00:08:10.843+0000] {helpers.py:107} INFO - Client created. Use the name of the repo (Data_Atelier) as the name of the bucket
[2024-12-20T00:08:12.962+0000] {processor.py:840} INFO - DAG(s) 'my_dag_2' retrieved from /opt/airflow/dags/training_pipeline.py
[2024-12-20T00:08:12.984+0000] {logging_mixin.py:188} INFO - [2024-12-20T00:08:12.984+0000] {dag.py:3036} INFO - Sync 1 DAGs
[2024-12-20T00:08:13.006+0000] {logging_mixin.py:188} INFO - [2024-12-20T00:08:13.005+0000] {dag.py:3823} INFO - Setting next_dagrun for my_dag_2 to 2024-10-27 00:00:00+00:00, run_after=2024-10-28 00:00:00+00:00
[2024-12-20T00:08:13.035+0000] {processor.py:183} INFO - Processing /opt/airflow/dags/training_pipeline.py took 3.375 seconds
[2024-12-20T00:08:43.669+0000] {processor.py:161} INFO - Started process (PID=3357) to work on /opt/airflow/dags/training_pipeline.py
[2024-12-20T00:08:43.671+0000] {processor.py:830} INFO - Processing file /opt/airflow/dags/training_pipeline.py for tasks to queue
[2024-12-20T00:08:43.674+0000] {logging_mixin.py:188} INFO - [2024-12-20T00:08:43.673+0000] {dagbag.py:538} INFO - Filling up the DagBag from /opt/airflow/dags/training_pipeline.py
[2024-12-20T00:08:43.851+0000] {logging_mixin.py:188} INFO - [2024-12-20T00:08:43.851+0000] {tokens.py:86} WARNING - The added token already exists in the token cache, skipping
[2024-12-20T00:08:44.150+0000] {logging_mixin.py:188} INFO - Accessing as sarahlunette
[2024-12-20T00:08:44.151+0000] {logging_mixin.py:188} INFO - [2024-12-20T00:08:44.151+0000] {helpers.py:107} INFO - Accessing as sarahlunette
[2024-12-20T00:08:44.492+0000] {logging_mixin.py:188} INFO - Client created. Use the name of the repo (Data_Atelier) as the name of the 
bucket
[2024-12-20T00:08:44.492+0000] {logging_mixin.py:188} INFO - [2024-12-20T00:08:44.492+0000] {helpers.py:107} INFO - Client created. Use the name of the repo (Data_Atelier) as the name of the bucket
[2024-12-20T00:08:44.530+0000] {logging_mixin.py:188} INFO - Client created. Use the name of the repo (Data_Atelier) as the name of the 
bucket
[2024-12-20T00:08:44.530+0000] {logging_mixin.py:188} INFO - [2024-12-20T00:08:44.530+0000] {helpers.py:107} INFO - Client created. Use the name of the repo (Data_Atelier) as the name of the bucket
[2024-12-20T00:08:44.861+0000] {logging_mixin.py:188} INFO - Client created. Use the name of the repo (Data_Atelier) as the name of the 
bucket
[2024-12-20T00:08:44.862+0000] {logging_mixin.py:188} INFO - [2024-12-20T00:08:44.862+0000] {helpers.py:107} INFO - Client created. Use the name of the repo (Data_Atelier) as the name of the bucket
[2024-12-20T00:08:47.346+0000] {processor.py:840} INFO - DAG(s) 'my_dag_2' retrieved from /opt/airflow/dags/training_pipeline.py
[2024-12-20T00:08:47.377+0000] {logging_mixin.py:188} INFO - [2024-12-20T00:08:47.376+0000] {dag.py:3036} INFO - Sync 1 DAGs
[2024-12-20T00:08:47.402+0000] {logging_mixin.py:188} INFO - [2024-12-20T00:08:47.402+0000] {dag.py:3823} INFO - Setting next_dagrun for my_dag_2 to 2024-10-27 00:00:00+00:00, run_after=2024-10-28 00:00:00+00:00
[2024-12-20T00:08:47.420+0000] {processor.py:183} INFO - Processing /opt/airflow/dags/training_pipeline.py took 3.756 seconds
[2024-12-20T00:09:18.017+0000] {processor.py:161} INFO - Started process (PID=3442) to work on /opt/airflow/dags/training_pipeline.py
[2024-12-20T00:09:18.019+0000] {processor.py:830} INFO - Processing file /opt/airflow/dags/training_pipeline.py for tasks to queue
[2024-12-20T00:09:18.023+0000] {logging_mixin.py:188} INFO - [2024-12-20T00:09:18.023+0000] {dagbag.py:538} INFO - Filling up the DagBag from /opt/airflow/dags/training_pipeline.py
[2024-12-20T00:09:18.232+0000] {logging_mixin.py:188} INFO - [2024-12-20T00:09:18.231+0000] {tokens.py:86} WARNING - The added token already exists in the token cache, skipping
[2024-12-20T00:09:18.553+0000] {logging_mixin.py:188} INFO - Accessing as sarahlunette
[2024-12-20T00:09:18.553+0000] {logging_mixin.py:188} INFO - [2024-12-20T00:09:18.553+0000] {helpers.py:107} INFO - Accessing as sarahlunette
[2024-12-20T00:09:18.898+0000] {logging_mixin.py:188} INFO - Client created. Use the name of the repo (Data_Atelier) as the name of the 
bucket
[2024-12-20T00:09:18.899+0000] {logging_mixin.py:188} INFO - [2024-12-20T00:09:18.899+0000] {helpers.py:107} INFO - Client created. Use the name of the repo (Data_Atelier) as the name of the bucket
[2024-12-20T00:09:18.953+0000] {logging_mixin.py:188} INFO - Client created. Use the name of the repo (Data_Atelier) as the name of the 
bucket
[2024-12-20T00:09:18.954+0000] {logging_mixin.py:188} INFO - [2024-12-20T00:09:18.954+0000] {helpers.py:107} INFO - Client created. Use the name of the repo (Data_Atelier) as the name of the bucket
[2024-12-20T00:09:19.340+0000] {logging_mixin.py:188} INFO - Client created. Use the name of the repo (Data_Atelier) as the name of the 
bucket
[2024-12-20T00:09:19.341+0000] {logging_mixin.py:188} INFO - [2024-12-20T00:09:19.341+0000] {helpers.py:107} INFO - Client created. Use the name of the repo (Data_Atelier) as the name of the bucket
[2024-12-20T00:09:21.529+0000] {processor.py:840} INFO - DAG(s) 'my_dag_2' retrieved from /opt/airflow/dags/training_pipeline.py
[2024-12-20T00:09:21.569+0000] {logging_mixin.py:188} INFO - [2024-12-20T00:09:21.568+0000] {dag.py:3036} INFO - Sync 1 DAGs
[2024-12-20T00:09:21.593+0000] {logging_mixin.py:188} INFO - [2024-12-20T00:09:21.593+0000] {dag.py:3823} INFO - Setting next_dagrun for my_dag_2 to 2024-10-27 00:00:00+00:00, run_after=2024-10-28 00:00:00+00:00
[2024-12-20T00:09:21.630+0000] {processor.py:183} INFO - Processing /opt/airflow/dags/training_pipeline.py took 3.618 seconds
[2024-12-20T00:09:52.497+0000] {processor.py:161} INFO - Started process (PID=3533) to work on /opt/airflow/dags/training_pipeline.py
[2024-12-20T00:09:52.499+0000] {processor.py:830} INFO - Processing file /opt/airflow/dags/training_pipeline.py for tasks to queue
[2024-12-20T00:09:52.502+0000] {logging_mixin.py:188} INFO - [2024-12-20T00:09:52.501+0000] {dagbag.py:538} INFO - Filling up the DagBag from /opt/airflow/dags/training_pipeline.py
[2024-12-20T00:09:52.742+0000] {logging_mixin.py:188} INFO - [2024-12-20T00:09:52.741+0000] {tokens.py:86} WARNING - The added token already exists in the token cache, skipping
[2024-12-20T00:09:53.078+0000] {logging_mixin.py:188} INFO - Accessing as sarahlunette
[2024-12-20T00:09:53.079+0000] {logging_mixin.py:188} INFO - [2024-12-20T00:09:53.079+0000] {helpers.py:107} INFO - Accessing as sarahlunette
[2024-12-20T00:09:53.425+0000] {logging_mixin.py:188} INFO - Client created. Use the name of the repo (Data_Atelier) as the name of the 
bucket
[2024-12-20T00:09:53.427+0000] {logging_mixin.py:188} INFO - [2024-12-20T00:09:53.426+0000] {helpers.py:107} INFO - Client created. Use the name of the repo (Data_Atelier) as the name of the bucket
[2024-12-20T00:09:53.492+0000] {logging_mixin.py:188} INFO - Client created. Use the name of the repo (Data_Atelier) as the name of the 
bucket
[2024-12-20T00:09:53.494+0000] {logging_mixin.py:188} INFO - [2024-12-20T00:09:53.493+0000] {helpers.py:107} INFO - Client created. Use the name of the repo (Data_Atelier) as the name of the bucket
[2024-12-20T00:09:53.861+0000] {logging_mixin.py:188} INFO - Client created. Use the name of the repo (Data_Atelier) as the name of the 
bucket
[2024-12-20T00:09:53.862+0000] {logging_mixin.py:188} INFO - [2024-12-20T00:09:53.862+0000] {helpers.py:107} INFO - Client created. Use the name of the repo (Data_Atelier) as the name of the bucket
[2024-12-20T00:09:56.001+0000] {processor.py:840} INFO - DAG(s) 'my_dag_2' retrieved from /opt/airflow/dags/training_pipeline.py
[2024-12-20T00:09:56.021+0000] {logging_mixin.py:188} INFO - [2024-12-20T00:09:56.020+0000] {dag.py:3036} INFO - Sync 1 DAGs
[2024-12-20T00:09:56.042+0000] {logging_mixin.py:188} INFO - [2024-12-20T00:09:56.042+0000] {dag.py:3823} INFO - Setting next_dagrun for my_dag_2 to 2024-10-27 00:00:00+00:00, run_after=2024-10-28 00:00:00+00:00
[2024-12-20T00:09:56.064+0000] {processor.py:183} INFO - Processing /opt/airflow/dags/training_pipeline.py took 3.571 seconds
[2024-12-20T00:10:26.633+0000] {processor.py:161} INFO - Started process (PID=3614) to work on /opt/airflow/dags/training_pipeline.py
[2024-12-20T00:10:26.634+0000] {processor.py:830} INFO - Processing file /opt/airflow/dags/training_pipeline.py for tasks to queue
[2024-12-20T00:10:26.638+0000] {logging_mixin.py:188} INFO - [2024-12-20T00:10:26.637+0000] {dagbag.py:538} INFO - Filling up the DagBag from /opt/airflow/dags/training_pipeline.py
[2024-12-20T00:10:26.913+0000] {logging_mixin.py:188} INFO - [2024-12-20T00:10:26.912+0000] {tokens.py:86} WARNING - The added token already exists in the token cache, skipping
[2024-12-20T00:10:27.229+0000] {logging_mixin.py:188} INFO - Accessing as sarahlunette
[2024-12-20T00:10:27.230+0000] {logging_mixin.py:188} INFO - [2024-12-20T00:10:27.230+0000] {helpers.py:107} INFO - Accessing as sarahlunette
[2024-12-20T00:10:27.589+0000] {logging_mixin.py:188} INFO - Client created. Use the name of the repo (Data_Atelier) as the name of the 
bucket
[2024-12-20T00:10:27.589+0000] {logging_mixin.py:188} INFO - [2024-12-20T00:10:27.589+0000] {helpers.py:107} INFO - Client created. Use the name of the repo (Data_Atelier) as the name of the bucket
[2024-12-20T00:10:27.621+0000] {logging_mixin.py:188} INFO - Client created. Use the name of the repo (Data_Atelier) as the name of the 
bucket
[2024-12-20T00:10:27.622+0000] {logging_mixin.py:188} INFO - [2024-12-20T00:10:27.622+0000] {helpers.py:107} INFO - Client created. Use the name of the repo (Data_Atelier) as the name of the bucket
[2024-12-20T00:10:27.959+0000] {logging_mixin.py:188} INFO - Client created. Use the name of the repo (Data_Atelier) as the name of the 
bucket
[2024-12-20T00:10:27.959+0000] {logging_mixin.py:188} INFO - [2024-12-20T00:10:27.959+0000] {helpers.py:107} INFO - Client created. Use the name of the repo (Data_Atelier) as the name of the bucket
[2024-12-20T00:10:30.358+0000] {processor.py:840} INFO - DAG(s) 'my_dag_2' retrieved from /opt/airflow/dags/training_pipeline.py
[2024-12-20T00:10:30.385+0000] {logging_mixin.py:188} INFO - [2024-12-20T00:10:30.385+0000] {dag.py:3036} INFO - Sync 1 DAGs
[2024-12-20T00:10:30.424+0000] {logging_mixin.py:188} INFO - [2024-12-20T00:10:30.423+0000] {dag.py:3823} INFO - Setting next_dagrun for my_dag_2 to 2024-10-27 00:00:00+00:00, run_after=2024-10-28 00:00:00+00:00
[2024-12-20T00:10:30.450+0000] {processor.py:183} INFO - Processing /opt/airflow/dags/training_pipeline.py took 3.822 seconds
[2024-12-20T00:11:00.944+0000] {processor.py:161} INFO - Started process (PID=3705) to work on /opt/airflow/dags/training_pipeline.py
[2024-12-20T00:11:00.946+0000] {processor.py:830} INFO - Processing file /opt/airflow/dags/training_pipeline.py for tasks to queue
[2024-12-20T00:11:00.950+0000] {logging_mixin.py:188} INFO - [2024-12-20T00:11:00.950+0000] {dagbag.py:538} INFO - Filling up the DagBag from /opt/airflow/dags/training_pipeline.py
[2024-12-20T00:11:01.178+0000] {logging_mixin.py:188} INFO - [2024-12-20T00:11:01.178+0000] {tokens.py:86} WARNING - The added token already exists in the token cache, skipping
[2024-12-20T00:11:01.363+0000] {logging_mixin.py:188} INFO - Accessing as sarahlunette
[2024-12-20T00:11:01.364+0000] {logging_mixin.py:188} INFO - [2024-12-20T00:11:01.364+0000] {helpers.py:107} INFO - Accessing as sarahlunette
[2024-12-20T00:11:01.702+0000] {logging_mixin.py:188} INFO - Client created. Use the name of the repo (Data_Atelier) as the name of the 
bucket
[2024-12-20T00:11:01.703+0000] {logging_mixin.py:188} INFO - [2024-12-20T00:11:01.702+0000] {helpers.py:107} INFO - Client created. Use the name of the repo (Data_Atelier) as the name of the bucket
[2024-12-20T00:11:01.774+0000] {logging_mixin.py:188} INFO - Client created. Use the name of the repo (Data_Atelier) as the name of the 
bucket
[2024-12-20T00:11:01.775+0000] {logging_mixin.py:188} INFO - [2024-12-20T00:11:01.775+0000] {helpers.py:107} INFO - Client created. Use the name of the repo (Data_Atelier) as the name of the bucket
[2024-12-20T00:11:02.190+0000] {logging_mixin.py:188} INFO - Client created. Use the name of the repo (Data_Atelier) as the name of the 
bucket
[2024-12-20T00:11:02.191+0000] {logging_mixin.py:188} INFO - [2024-12-20T00:11:02.191+0000] {helpers.py:107} INFO - Client created. Use the name of the repo (Data_Atelier) as the name of the bucket
[2024-12-20T00:11:04.394+0000] {processor.py:840} INFO - DAG(s) 'my_dag_2' retrieved from /opt/airflow/dags/training_pipeline.py
[2024-12-20T00:11:04.413+0000] {logging_mixin.py:188} INFO - [2024-12-20T00:11:04.413+0000] {dag.py:3036} INFO - Sync 1 DAGs
[2024-12-20T00:11:04.432+0000] {logging_mixin.py:188} INFO - [2024-12-20T00:11:04.432+0000] {dag.py:3823} INFO - Setting next_dagrun for my_dag_2 to 2024-10-27 00:00:00+00:00, run_after=2024-10-28 00:00:00+00:00
[2024-12-20T00:11:04.458+0000] {processor.py:183} INFO - Processing /opt/airflow/dags/training_pipeline.py took 3.524 seconds
[2024-12-20T00:11:35.348+0000] {processor.py:161} INFO - Started process (PID=3787) to work on /opt/airflow/dags/training_pipeline.py
[2024-12-20T00:11:35.350+0000] {processor.py:830} INFO - Processing file /opt/airflow/dags/training_pipeline.py for tasks to queue
[2024-12-20T00:11:35.352+0000] {logging_mixin.py:188} INFO - [2024-12-20T00:11:35.352+0000] {dagbag.py:538} INFO - Filling up the DagBag from /opt/airflow/dags/training_pipeline.py
[2024-12-20T00:11:35.557+0000] {logging_mixin.py:188} INFO - [2024-12-20T00:11:35.557+0000] {tokens.py:86} WARNING - The added token already exists in the token cache, skipping
[2024-12-20T00:11:35.744+0000] {logging_mixin.py:188} INFO - Accessing as sarahlunette
[2024-12-20T00:11:35.745+0000] {logging_mixin.py:188} INFO - [2024-12-20T00:11:35.745+0000] {helpers.py:107} INFO - Accessing as sarahlunette
[2024-12-20T00:11:36.152+0000] {logging_mixin.py:188} INFO - Client created. Use the name of the repo (Data_Atelier) as the name of the 
bucket
[2024-12-20T00:11:36.153+0000] {logging_mixin.py:188} INFO - [2024-12-20T00:11:36.153+0000] {helpers.py:107} INFO - Client created. Use the name of the repo (Data_Atelier) as the name of the bucket
[2024-12-20T00:11:36.189+0000] {logging_mixin.py:188} INFO - Client created. Use the name of the repo (Data_Atelier) as the name of the 
bucket
[2024-12-20T00:11:36.190+0000] {logging_mixin.py:188} INFO - [2024-12-20T00:11:36.190+0000] {helpers.py:107} INFO - Client created. Use the name of the repo (Data_Atelier) as the name of the bucket
[2024-12-20T00:11:36.570+0000] {logging_mixin.py:188} INFO - Client created. Use the name of the repo (Data_Atelier) as the name of the 
bucket
[2024-12-20T00:11:36.571+0000] {logging_mixin.py:188} INFO - [2024-12-20T00:11:36.571+0000] {helpers.py:107} INFO - Client created. Use the name of the repo (Data_Atelier) as the name of the bucket
[2024-12-20T00:11:39.009+0000] {processor.py:840} INFO - DAG(s) 'my_dag_2' retrieved from /opt/airflow/dags/training_pipeline.py
[2024-12-20T00:11:39.033+0000] {logging_mixin.py:188} INFO - [2024-12-20T00:11:39.032+0000] {dag.py:3036} INFO - Sync 1 DAGs
[2024-12-20T00:11:39.054+0000] {logging_mixin.py:188} INFO - [2024-12-20T00:11:39.053+0000] {dag.py:3823} INFO - Setting next_dagrun for my_dag_2 to 2024-10-27 00:00:00+00:00, run_after=2024-10-28 00:00:00+00:00
[2024-12-20T00:11:39.089+0000] {processor.py:183} INFO - Processing /opt/airflow/dags/training_pipeline.py took 3.745 seconds
[2024-12-20T00:12:09.676+0000] {processor.py:161} INFO - Started process (PID=3866) to work on /opt/airflow/dags/training_pipeline.py
[2024-12-20T00:12:09.678+0000] {processor.py:830} INFO - Processing file /opt/airflow/dags/training_pipeline.py for tasks to queue
[2024-12-20T00:12:09.681+0000] {logging_mixin.py:188} INFO - [2024-12-20T00:12:09.680+0000] {dagbag.py:538} INFO - Filling up the DagBag from /opt/airflow/dags/training_pipeline.py
[2024-12-20T00:12:09.881+0000] {logging_mixin.py:188} INFO - [2024-12-20T00:12:09.881+0000] {tokens.py:86} WARNING - The added token already exists in the token cache, skipping
[2024-12-20T00:12:10.313+0000] {logging_mixin.py:188} INFO - Accessing as sarahlunette
[2024-12-20T00:12:10.315+0000] {logging_mixin.py:188} INFO - [2024-12-20T00:12:10.314+0000] {helpers.py:107} INFO - Accessing as sarahlunette
[2024-12-20T00:12:10.665+0000] {logging_mixin.py:188} INFO - Client created. Use the name of the repo (Data_Atelier) as the name of the 
bucket
[2024-12-20T00:12:10.666+0000] {logging_mixin.py:188} INFO - [2024-12-20T00:12:10.666+0000] {helpers.py:107} INFO - Client created. Use the name of the repo (Data_Atelier) as the name of the bucket
[2024-12-20T00:12:10.713+0000] {logging_mixin.py:188} INFO - Client created. Use the name of the repo (Data_Atelier) as the name of the 
bucket
[2024-12-20T00:12:10.713+0000] {logging_mixin.py:188} INFO - [2024-12-20T00:12:10.713+0000] {helpers.py:107} INFO - Client created. Use the name of the repo (Data_Atelier) as the name of the bucket
[2024-12-20T00:12:11.063+0000] {logging_mixin.py:188} INFO - Client created. Use the name of the repo (Data_Atelier) as the name of the 
bucket
[2024-12-20T00:12:11.064+0000] {logging_mixin.py:188} INFO - [2024-12-20T00:12:11.064+0000] {helpers.py:107} INFO - Client created. Use the name of the repo (Data_Atelier) as the name of the bucket
[2024-12-20T00:12:13.235+0000] {processor.py:840} INFO - DAG(s) 'my_dag_2' retrieved from /opt/airflow/dags/training_pipeline.py
[2024-12-20T00:12:13.260+0000] {logging_mixin.py:188} INFO - [2024-12-20T00:12:13.259+0000] {dag.py:3036} INFO - Sync 1 DAGs
[2024-12-20T00:12:13.281+0000] {logging_mixin.py:188} INFO - [2024-12-20T00:12:13.281+0000] {dag.py:3823} INFO - Setting next_dagrun for my_dag_2 to 2024-10-27 00:00:00+00:00, run_after=2024-10-28 00:00:00+00:00
[2024-12-20T00:12:13.316+0000] {processor.py:183} INFO - Processing /opt/airflow/dags/training_pipeline.py took 3.644 seconds
[2024-12-20T00:12:44.223+0000] {processor.py:161} INFO - Started process (PID=3945) to work on /opt/airflow/dags/training_pipeline.py
[2024-12-20T00:12:44.287+0000] {processor.py:830} INFO - Processing file /opt/airflow/dags/training_pipeline.py for tasks to queue
[2024-12-20T00:12:44.349+0000] {logging_mixin.py:188} INFO - [2024-12-20T00:12:44.347+0000] {dagbag.py:538} INFO - Filling up the DagBag from /opt/airflow/dags/training_pipeline.py
[2024-12-20T00:12:45.848+0000] {logging_mixin.py:188} INFO - [2024-12-20T00:12:45.847+0000] {tokens.py:86} WARNING - The added token already exists in the token cache, skipping
[2024-12-20T00:12:46.341+0000] {logging_mixin.py:188} INFO - Accessing as sarahlunette
[2024-12-20T00:12:46.370+0000] {logging_mixin.py:188} INFO - [2024-12-20T00:12:46.369+0000] {helpers.py:107} INFO - Accessing as sarahlunette
[2024-12-20T00:12:47.570+0000] {logging_mixin.py:188} INFO - Client created. Use the name of the repo (Data_Atelier) as the name of the 
bucket
[2024-12-20T00:12:47.570+0000] {logging_mixin.py:188} INFO - [2024-12-20T00:12:47.570+0000] {helpers.py:107} INFO - Client created. Use the name of the repo (Data_Atelier) as the name of the bucket
[2024-12-20T00:12:47.605+0000] {logging_mixin.py:188} INFO - Client created. Use the name of the repo (Data_Atelier) as the name of the 
bucket
[2024-12-20T00:12:47.606+0000] {logging_mixin.py:188} INFO - [2024-12-20T00:12:47.606+0000] {helpers.py:107} INFO - Client created. Use the name of the repo (Data_Atelier) as the name of the bucket
[2024-12-20T03:12:50.485+0000] {logging_mixin.py:188} INFO - Client created. Use the name of the repo (Data_Atelier) as the name of the 
bucket
[2024-12-20T03:12:50.499+0000] {logging_mixin.py:188} INFO - [2024-12-20T03:12:50.488+0000] {helpers.py:107} INFO - Client created. Use the name of the repo (Data_Atelier) as the name of the bucket
[2024-12-20T09:17:31.937+0000] {processor.py:161} INFO - Started process (PID=4017) to work on /opt/airflow/dags/training_pipeline.py
[2024-12-20T09:17:31.943+0000] {processor.py:830} INFO - Processing file /opt/airflow/dags/training_pipeline.py for tasks to queue
[2024-12-20T09:17:31.949+0000] {logging_mixin.py:188} INFO - [2024-12-20T09:17:31.947+0000] {dagbag.py:538} INFO - Filling up the DagBag from /opt/airflow/dags/training_pipeline.py
[2024-12-20T09:17:33.391+0000] {logging_mixin.py:188} INFO - [2024-12-20T09:17:33.390+0000] {tokens.py:86} WARNING - The added token already exists in the token cache, skipping
[2024-12-20T09:17:34.222+0000] {logging_mixin.py:188} INFO - Accessing as sarahlunette
[2024-12-20T09:17:34.226+0000] {logging_mixin.py:188} INFO - [2024-12-20T09:17:34.224+0000] {helpers.py:107} INFO - Accessing as sarahlunette
[2024-12-20T09:17:35.041+0000] {logging_mixin.py:188} INFO - Client created. Use the name of the repo (Data_Atelier) as the name of the 
bucket
[2024-12-20T09:17:35.042+0000] {logging_mixin.py:188} INFO - [2024-12-20T09:17:35.042+0000] {helpers.py:107} INFO - Client created. Use the name of the repo (Data_Atelier) as the name of the bucket
[2024-12-20T09:17:35.073+0000] {logging_mixin.py:188} INFO - Client created. Use the name of the repo (Data_Atelier) as the name of the 
bucket
[2024-12-20T09:17:35.075+0000] {logging_mixin.py:188} INFO - [2024-12-20T09:17:35.075+0000] {helpers.py:107} INFO - Client created. Use the name of the repo (Data_Atelier) as the name of the bucket
[2024-12-20T09:17:36.396+0000] {logging_mixin.py:188} INFO - Client created. Use the name of the repo (Data_Atelier) as the name of the 
bucket
[2024-12-20T09:17:36.397+0000] {logging_mixin.py:188} INFO - [2024-12-20T09:17:36.397+0000] {helpers.py:107} INFO - Client created. Use the name of the repo (Data_Atelier) as the name of the bucket
[2024-12-20T09:17:43.908+0000] {processor.py:840} INFO - DAG(s) 'my_dag_2' retrieved from /opt/airflow/dags/training_pipeline.py
[2024-12-20T09:17:44.028+0000] {logging_mixin.py:188} INFO - [2024-12-20T09:17:44.028+0000] {dag.py:3036} INFO - Sync 1 DAGs
[2024-12-20T09:17:44.051+0000] {logging_mixin.py:188} INFO - [2024-12-20T09:17:44.050+0000] {dag.py:3823} INFO - Setting next_dagrun for my_dag_2 to 2024-10-27 00:00:00+00:00, run_after=2024-10-28 00:00:00+00:00
[2024-12-20T09:17:44.088+0000] {processor.py:183} INFO - Processing /opt/airflow/dags/training_pipeline.py took 13.363 seconds
[2024-12-20T09:18:14.734+0000] {processor.py:161} INFO - Started process (PID=4097) to work on /opt/airflow/dags/training_pipeline.py
[2024-12-20T09:18:14.736+0000] {processor.py:830} INFO - Processing file /opt/airflow/dags/training_pipeline.py for tasks to queue
[2024-12-20T09:18:14.737+0000] {logging_mixin.py:188} INFO - [2024-12-20T09:18:14.737+0000] {dagbag.py:538} INFO - Filling up the DagBag from /opt/airflow/dags/training_pipeline.py
[2024-12-20T09:18:14.932+0000] {logging_mixin.py:188} INFO - [2024-12-20T09:18:14.932+0000] {tokens.py:86} WARNING - The added token already exists in the token cache, skipping
[2024-12-20T09:18:15.178+0000] {logging_mixin.py:188} INFO - Accessing as sarahlunette
[2024-12-20T09:18:15.179+0000] {logging_mixin.py:188} INFO - [2024-12-20T09:18:15.179+0000] {helpers.py:107} INFO - Accessing as sarahlunette
[2024-12-20T09:18:15.555+0000] {logging_mixin.py:188} INFO - Client created. Use the name of the repo (Data_Atelier) as the name of the 
bucket
[2024-12-20T09:18:15.555+0000] {logging_mixin.py:188} INFO - [2024-12-20T09:18:15.555+0000] {helpers.py:107} INFO - Client created. Use the name of the repo (Data_Atelier) as the name of the bucket
[2024-12-20T09:18:15.603+0000] {logging_mixin.py:188} INFO - Client created. Use the name of the repo (Data_Atelier) as the name of the 
bucket
[2024-12-20T09:18:15.604+0000] {logging_mixin.py:188} INFO - [2024-12-20T09:18:15.604+0000] {helpers.py:107} INFO - Client created. Use the name of the repo (Data_Atelier) as the name of the bucket
[2024-12-20T09:18:16.026+0000] {logging_mixin.py:188} INFO - Client created. Use the name of the repo (Data_Atelier) as the name of the 
bucket
[2024-12-20T09:18:16.027+0000] {logging_mixin.py:188} INFO - [2024-12-20T09:18:16.027+0000] {helpers.py:107} INFO - Client created. Use the name of the repo (Data_Atelier) as the name of the bucket
[2024-12-20T09:18:18.461+0000] {processor.py:840} INFO - DAG(s) 'my_dag_2' retrieved from /opt/airflow/dags/training_pipeline.py
[2024-12-20T09:18:18.483+0000] {logging_mixin.py:188} INFO - [2024-12-20T09:18:18.483+0000] {dag.py:3036} INFO - Sync 1 DAGs
[2024-12-20T09:18:18.505+0000] {logging_mixin.py:188} INFO - [2024-12-20T09:18:18.505+0000] {dag.py:3823} INFO - Setting next_dagrun for my_dag_2 to 2024-10-27 00:00:00+00:00, run_after=2024-10-28 00:00:00+00:00
[2024-12-20T09:18:18.536+0000] {processor.py:183} INFO - Processing /opt/airflow/dags/training_pipeline.py took 3.806 seconds
[2024-12-20T09:18:43.359+0000] {processor.py:161} INFO - Started process (PID=4174) to work on /opt/airflow/dags/training_pipeline.py
[2024-12-20T09:18:43.360+0000] {processor.py:830} INFO - Processing file /opt/airflow/dags/training_pipeline.py for tasks to queue
[2024-12-20T09:18:43.362+0000] {logging_mixin.py:188} INFO - [2024-12-20T09:18:43.361+0000] {dagbag.py:538} INFO - Filling up the DagBag from /opt/airflow/dags/training_pipeline.py
[2024-12-20T09:18:43.635+0000] {logging_mixin.py:188} INFO - [2024-12-20T09:18:43.634+0000] {tokens.py:86} WARNING - The added token already exists in the token cache, skipping
[2024-12-20T09:18:43.871+0000] {logging_mixin.py:188} INFO - Accessing as sarahlunette
[2024-12-20T09:18:43.872+0000] {logging_mixin.py:188} INFO - [2024-12-20T09:18:43.872+0000] {helpers.py:107} INFO - Accessing as sarahlunette
[2024-12-20T09:18:44.328+0000] {logging_mixin.py:188} INFO - Client created. Use the name of the repo (Data_Atelier) as the name of the 
bucket
[2024-12-20T09:18:44.328+0000] {logging_mixin.py:188} INFO - [2024-12-20T09:18:44.328+0000] {helpers.py:107} INFO - Client created. Use the name of the repo (Data_Atelier) as the name of the bucket
[2024-12-20T09:18:44.364+0000] {logging_mixin.py:188} INFO - Client created. Use the name of the repo (Data_Atelier) as the name of the 
bucket
[2024-12-20T09:18:44.365+0000] {logging_mixin.py:188} INFO - [2024-12-20T09:18:44.365+0000] {helpers.py:107} INFO - Client created. Use the name of the repo (Data_Atelier) as the name of the bucket
[2024-12-20T09:18:44.766+0000] {logging_mixin.py:188} INFO - Client created. Use the name of the repo (Data_Atelier) as the name of the 
bucket
[2024-12-20T09:18:44.767+0000] {logging_mixin.py:188} INFO - [2024-12-20T09:18:44.767+0000] {helpers.py:107} INFO - Client created. Use the name of the repo (Data_Atelier) as the name of the bucket
[2024-12-20T09:18:48.072+0000] {processor.py:840} INFO - DAG(s) 'training_pipeline' retrieved from /opt/airflow/dags/training_pipeline.py
[2024-12-20T09:18:48.213+0000] {logging_mixin.py:188} INFO - [2024-12-20T09:18:48.212+0000] {override.py:1769} INFO - Created Permission View: can delete on DAG:training_pipeline
[2024-12-20T09:18:48.233+0000] {logging_mixin.py:188} INFO - [2024-12-20T09:18:48.232+0000] {override.py:1769} INFO - Created Permission View: can edit on DAG:training_pipeline
[2024-12-20T09:18:48.246+0000] {logging_mixin.py:188} INFO - [2024-12-20T09:18:48.246+0000] {override.py:1769} INFO - Created Permission View: can read on DAG:training_pipeline
[2024-12-20T09:18:48.248+0000] {logging_mixin.py:188} INFO - [2024-12-20T09:18:48.247+0000] {dag.py:3036} INFO - Sync 1 DAGs
[2024-12-20T09:18:48.269+0000] {logging_mixin.py:188} INFO - [2024-12-20T09:18:48.268+0000] {dag.py:3058} INFO - Creating ORM DAG for training_pipeline
[2024-12-20T09:18:48.288+0000] {logging_mixin.py:188} INFO - [2024-12-20T09:18:48.288+0000] {dag.py:3823} INFO - Setting next_dagrun for training_pipeline to 2024-10-27 00:00:00+00:00, run_after=2024-10-28 00:00:00+00:00
[2024-12-20T09:18:48.327+0000] {processor.py:183} INFO - Processing /opt/airflow/dags/training_pipeline.py took 4.973 seconds
[2024-12-20T09:19:05.676+0000] {processor.py:161} INFO - Started process (PID=4229) to work on /opt/airflow/dags/training_pipeline.py
[2024-12-20T09:19:05.680+0000] {processor.py:830} INFO - Processing file /opt/airflow/dags/training_pipeline.py for tasks to queue
[2024-12-20T09:19:05.683+0000] {logging_mixin.py:188} INFO - [2024-12-20T09:19:05.682+0000] {dagbag.py:538} INFO - Filling up the DagBag from /opt/airflow/dags/training_pipeline.py
[2024-12-20T09:19:05.996+0000] {logging_mixin.py:188} INFO - [2024-12-20T09:19:05.996+0000] {tokens.py:86} WARNING - The added token already exists in the token cache, skipping
[2024-12-20T09:19:16.797+0000] {logging_mixin.py:188} INFO - Accessing as sarahlunette
[2024-12-20T09:19:16.798+0000] {logging_mixin.py:188} INFO - [2024-12-20T09:19:16.798+0000] {helpers.py:107} INFO - Accessing as sarahlunette
[2024-12-20T09:19:17.796+0000] {logging_mixin.py:188} INFO - Client created. Use the name of the repo (Data_Atelier) as the name of the 
bucket
[2024-12-20T09:19:17.798+0000] {logging_mixin.py:188} INFO - [2024-12-20T09:19:17.797+0000] {helpers.py:107} INFO - Client created. Use the name of the repo (Data_Atelier) as the name of the bucket
[2024-12-20T09:19:17.840+0000] {logging_mixin.py:188} INFO - Client created. Use the name of the repo (Data_Atelier) as the name of the 
bucket
[2024-12-20T09:19:17.840+0000] {logging_mixin.py:188} INFO - [2024-12-20T09:19:17.840+0000] {helpers.py:107} INFO - Client created. Use the name of the repo (Data_Atelier) as the name of the bucket
[2024-12-20T09:19:19.581+0000] {logging_mixin.py:188} INFO - Client created. Use the name of the repo (Data_Atelier) as the name of the 
bucket
[2024-12-20T09:19:19.582+0000] {logging_mixin.py:188} INFO - [2024-12-20T09:19:19.582+0000] {helpers.py:107} INFO - Client created. Use the name of the repo (Data_Atelier) as the name of the bucket
[2024-12-20T09:19:27.411+0000] {processor.py:840} INFO - DAG(s) 'training_pipeline' retrieved from /opt/airflow/dags/training_pipeline.py
[2024-12-20T09:19:27.467+0000] {logging_mixin.py:188} INFO - [2024-12-20T09:19:27.466+0000] {dag.py:3036} INFO - Sync 1 DAGs
[2024-12-20T09:19:27.515+0000] {logging_mixin.py:188} INFO - [2024-12-20T09:19:27.515+0000] {dag.py:3823} INFO - Setting next_dagrun for training_pipeline to 2024-10-27 00:00:00+00:00, run_after=2024-10-28 00:00:00+00:00
[2024-12-20T09:19:27.553+0000] {processor.py:183} INFO - Processing /opt/airflow/dags/training_pipeline.py took 21.886 seconds
[2024-12-20T09:19:57.856+0000] {processor.py:161} INFO - Started process (PID=4343) to work on /opt/airflow/dags/training_pipeline.py
[2024-12-20T09:19:57.858+0000] {processor.py:830} INFO - Processing file /opt/airflow/dags/training_pipeline.py for tasks to queue
[2024-12-20T09:19:57.860+0000] {logging_mixin.py:188} INFO - [2024-12-20T09:19:57.860+0000] {dagbag.py:538} INFO - Filling up the DagBag from /opt/airflow/dags/training_pipeline.py
[2024-12-20T09:19:58.196+0000] {logging_mixin.py:188} INFO - [2024-12-20T09:19:58.196+0000] {tokens.py:86} WARNING - The added token already exists in the token cache, skipping
[2024-12-20T09:19:58.497+0000] {logging_mixin.py:188} INFO - Accessing as sarahlunette
[2024-12-20T09:19:58.499+0000] {logging_mixin.py:188} INFO - [2024-12-20T09:19:58.498+0000] {helpers.py:107} INFO - Accessing as sarahlunette
[2024-12-20T09:19:58.988+0000] {logging_mixin.py:188} INFO - Client created. Use the name of the repo (Data_Atelier) as the name of the 
bucket
[2024-12-20T09:19:58.988+0000] {logging_mixin.py:188} INFO - [2024-12-20T09:19:58.988+0000] {helpers.py:107} INFO - Client created. Use the name of the repo (Data_Atelier) as the name of the bucket
[2024-12-20T09:19:59.022+0000] {logging_mixin.py:188} INFO - Client created. Use the name of the repo (Data_Atelier) as the name of the 
bucket
[2024-12-20T09:19:59.023+0000] {logging_mixin.py:188} INFO - [2024-12-20T09:19:59.023+0000] {helpers.py:107} INFO - Client created. Use the name of the repo (Data_Atelier) as the name of the bucket
[2024-12-20T09:19:59.502+0000] {logging_mixin.py:188} INFO - Client created. Use the name of the repo (Data_Atelier) as the name of the 
bucket
[2024-12-20T09:19:59.503+0000] {logging_mixin.py:188} INFO - [2024-12-20T09:19:59.503+0000] {helpers.py:107} INFO - Client created. Use the name of the repo (Data_Atelier) as the name of the bucket
[2024-12-20T09:20:03.022+0000] {processor.py:840} INFO - DAG(s) 'training_pipeline' retrieved from /opt/airflow/dags/training_pipeline.py
[2024-12-20T09:20:03.050+0000] {logging_mixin.py:188} INFO - [2024-12-20T09:20:03.049+0000] {dag.py:3036} INFO - Sync 1 DAGs
[2024-12-20T09:20:03.090+0000] {logging_mixin.py:188} INFO - [2024-12-20T09:20:03.090+0000] {dag.py:3823} INFO - Setting next_dagrun for training_pipeline to 2024-10-27 00:00:00+00:00, run_after=2024-10-28 00:00:00+00:00
[2024-12-20T09:20:03.134+0000] {processor.py:183} INFO - Processing /opt/airflow/dags/training_pipeline.py took 5.285 seconds
[2024-12-20T09:20:33.803+0000] {processor.py:161} INFO - Started process (PID=4423) to work on /opt/airflow/dags/training_pipeline.py
[2024-12-20T09:20:33.807+0000] {processor.py:830} INFO - Processing file /opt/airflow/dags/training_pipeline.py for tasks to queue
[2024-12-20T09:20:33.810+0000] {logging_mixin.py:188} INFO - [2024-12-20T09:20:33.809+0000] {dagbag.py:538} INFO - Filling up the DagBag from /opt/airflow/dags/training_pipeline.py
[2024-12-20T09:20:34.424+0000] {logging_mixin.py:188} INFO - [2024-12-20T09:20:34.424+0000] {tokens.py:86} WARNING - The added token already exists in the token cache, skipping
[2024-12-20T09:20:39.504+0000] {logging_mixin.py:188} INFO - Accessing as sarahlunette
[2024-12-20T09:20:39.504+0000] {logging_mixin.py:188} INFO - [2024-12-20T09:20:39.504+0000] {helpers.py:107} INFO - Accessing as sarahlunette
[2024-12-20T09:20:40.044+0000] {logging_mixin.py:188} INFO - Client created. Use the name of the repo (Data_Atelier) as the name of the 
bucket
[2024-12-20T09:20:40.045+0000] {logging_mixin.py:188} INFO - [2024-12-20T09:20:40.045+0000] {helpers.py:107} INFO - Client created. Use the name of the repo (Data_Atelier) as the name of the bucket
[2024-12-20T09:20:40.088+0000] {logging_mixin.py:188} INFO - Client created. Use the name of the repo (Data_Atelier) as the name of the 
bucket
[2024-12-20T09:20:40.089+0000] {logging_mixin.py:188} INFO - [2024-12-20T09:20:40.089+0000] {helpers.py:107} INFO - Client created. Use the name of the repo (Data_Atelier) as the name of the bucket
[2024-12-20T09:20:40.545+0000] {logging_mixin.py:188} INFO - Client created. Use the name of the repo (Data_Atelier) as the name of the 
bucket
[2024-12-20T09:20:40.546+0000] {logging_mixin.py:188} INFO - [2024-12-20T09:20:40.546+0000] {helpers.py:107} INFO - Client created. Use the name of the repo (Data_Atelier) as the name of the bucket
[2024-12-20T09:20:44.051+0000] {processor.py:840} INFO - DAG(s) 'training_pipeline' retrieved from /opt/airflow/dags/training_pipeline.py
[2024-12-20T09:20:44.079+0000] {logging_mixin.py:188} INFO - [2024-12-20T09:20:44.079+0000] {dag.py:3036} INFO - Sync 1 DAGs
[2024-12-20T09:20:44.118+0000] {logging_mixin.py:188} INFO - [2024-12-20T09:20:44.118+0000] {dag.py:3823} INFO - Setting next_dagrun for training_pipeline to 2024-10-27 00:00:00+00:00, run_after=2024-10-28 00:00:00+00:00
[2024-12-20T09:20:44.157+0000] {processor.py:183} INFO - Processing /opt/airflow/dags/training_pipeline.py took 10.368 seconds
[2024-12-20T09:21:14.314+0000] {processor.py:161} INFO - Started process (PID=4511) to work on /opt/airflow/dags/training_pipeline.py
[2024-12-20T09:21:14.317+0000] {processor.py:830} INFO - Processing file /opt/airflow/dags/training_pipeline.py for tasks to queue
[2024-12-20T09:21:14.320+0000] {logging_mixin.py:188} INFO - [2024-12-20T09:21:14.319+0000] {dagbag.py:538} INFO - Filling up the DagBag from /opt/airflow/dags/training_pipeline.py
[2024-12-20T09:21:14.607+0000] {logging_mixin.py:188} INFO - [2024-12-20T09:21:14.606+0000] {tokens.py:86} WARNING - The added token already exists in the token cache, skipping
[2024-12-20T09:21:14.855+0000] {logging_mixin.py:188} INFO - Accessing as sarahlunette
[2024-12-20T09:21:14.856+0000] {logging_mixin.py:188} INFO - [2024-12-20T09:21:14.856+0000] {helpers.py:107} INFO - Accessing as sarahlunette
[2024-12-20T09:21:15.439+0000] {logging_mixin.py:188} INFO - Client created. Use the name of the repo (Data_Atelier) as the name of the 
bucket
[2024-12-20T09:21:15.440+0000] {logging_mixin.py:188} INFO - [2024-12-20T09:21:15.440+0000] {helpers.py:107} INFO - Client created. Use the name of the repo (Data_Atelier) as the name of the bucket
[2024-12-20T09:21:15.491+0000] {logging_mixin.py:188} INFO - Client created. Use the name of the repo (Data_Atelier) as the name of the 
bucket
[2024-12-20T09:21:15.492+0000] {logging_mixin.py:188} INFO - [2024-12-20T09:21:15.492+0000] {helpers.py:107} INFO - Client created. Use the name of the repo (Data_Atelier) as the name of the bucket
[2024-12-20T09:21:16.406+0000] {logging_mixin.py:188} INFO - Client created. Use the name of the repo (Data_Atelier) as the name of the 
bucket
[2024-12-20T09:21:16.408+0000] {logging_mixin.py:188} INFO - [2024-12-20T09:21:16.408+0000] {helpers.py:107} INFO - Client created. Use the name of the repo (Data_Atelier) as the name of the bucket
[2024-12-20T09:21:23.692+0000] {processor.py:840} INFO - DAG(s) 'training_pipeline' retrieved from /opt/airflow/dags/training_pipeline.py
[2024-12-20T09:21:23.862+0000] {logging_mixin.py:188} INFO - [2024-12-20T09:21:23.862+0000] {dag.py:3036} INFO - Sync 1 DAGs
[2024-12-20T09:21:24.103+0000] {logging_mixin.py:188} INFO - [2024-12-20T09:21:24.102+0000] {dag.py:3823} INFO - Setting next_dagrun for training_pipeline to 2024-11-09 00:00:00+00:00, run_after=2024-11-10 00:00:00+00:00
[2024-12-20T09:21:24.239+0000] {processor.py:183} INFO - Processing /opt/airflow/dags/training_pipeline.py took 9.933 seconds
[2024-12-20T09:21:55.025+0000] {processor.py:161} INFO - Started process (PID=4601) to work on /opt/airflow/dags/training_pipeline.py
[2024-12-20T09:21:55.045+0000] {processor.py:830} INFO - Processing file /opt/airflow/dags/training_pipeline.py for tasks to queue
[2024-12-20T09:21:55.049+0000] {logging_mixin.py:188} INFO - [2024-12-20T09:21:55.048+0000] {dagbag.py:538} INFO - Filling up the DagBag from /opt/airflow/dags/training_pipeline.py
[2024-12-20T09:21:56.215+0000] {logging_mixin.py:188} INFO - [2024-12-20T09:21:56.214+0000] {tokens.py:86} WARNING - The added token already exists in the token cache, skipping
[2024-12-20T09:22:04.171+0000] {logging_mixin.py:188} INFO - Accessing as sarahlunette
[2024-12-20T09:22:04.172+0000] {logging_mixin.py:188} INFO - [2024-12-20T09:22:04.172+0000] {helpers.py:107} INFO - Accessing as sarahlunette
[2024-12-20T09:22:04.883+0000] {logging_mixin.py:188} INFO - Client created. Use the name of the repo (Data_Atelier) as the name of the 
bucket
[2024-12-20T09:22:04.890+0000] {logging_mixin.py:188} INFO - [2024-12-20T09:22:04.889+0000] {helpers.py:107} INFO - Client created. Use the name of the repo (Data_Atelier) as the name of the bucket
[2024-12-20T09:22:04.955+0000] {logging_mixin.py:188} INFO - Client created. Use the name of the repo (Data_Atelier) as the name of the 
bucket
[2024-12-20T09:22:04.957+0000] {logging_mixin.py:188} INFO - [2024-12-20T09:22:04.956+0000] {helpers.py:107} INFO - Client created. Use the name of the repo (Data_Atelier) as the name of the bucket
[2024-12-20T09:22:06.084+0000] {logging_mixin.py:188} INFO - Client created. Use the name of the repo (Data_Atelier) as the name of the 
bucket
[2024-12-20T09:22:06.085+0000] {logging_mixin.py:188} INFO - [2024-12-20T09:22:06.085+0000] {helpers.py:107} INFO - Client created. Use the name of the repo (Data_Atelier) as the name of the bucket
[2024-12-20T09:22:12.213+0000] {processor.py:840} INFO - DAG(s) 'training_pipeline' retrieved from /opt/airflow/dags/training_pipeline.py
[2024-12-20T09:22:12.256+0000] {logging_mixin.py:188} INFO - [2024-12-20T09:22:12.255+0000] {dag.py:3036} INFO - Sync 1 DAGs
[2024-12-20T09:22:12.307+0000] {logging_mixin.py:188} INFO - [2024-12-20T09:22:12.306+0000] {dag.py:3823} INFO - Setting next_dagrun for training_pipeline to 2024-11-27 00:00:00+00:00, run_after=2024-11-28 00:00:00+00:00
[2024-12-20T09:22:12.397+0000] {processor.py:183} INFO - Processing /opt/airflow/dags/training_pipeline.py took 17.393 seconds
[2024-12-20T09:22:42.829+0000] {processor.py:161} INFO - Started process (PID=4708) to work on /opt/airflow/dags/training_pipeline.py
[2024-12-20T09:22:42.833+0000] {processor.py:830} INFO - Processing file /opt/airflow/dags/training_pipeline.py for tasks to queue
[2024-12-20T09:22:42.835+0000] {logging_mixin.py:188} INFO - [2024-12-20T09:22:42.834+0000] {dagbag.py:538} INFO - Filling up the DagBag from /opt/airflow/dags/training_pipeline.py
[2024-12-20T09:22:43.237+0000] {logging_mixin.py:188} INFO - [2024-12-20T09:22:43.237+0000] {tokens.py:86} WARNING - The added token already exists in the token cache, skipping
[2024-12-20T09:22:43.530+0000] {logging_mixin.py:188} INFO - Accessing as sarahlunette
[2024-12-20T09:22:43.533+0000] {logging_mixin.py:188} INFO - [2024-12-20T09:22:43.532+0000] {helpers.py:107} INFO - Accessing as sarahlunette
[2024-12-20T09:22:44.469+0000] {logging_mixin.py:188} INFO - Client created. Use the name of the repo (Data_Atelier) as the name of the 
bucket
[2024-12-20T09:22:44.477+0000] {logging_mixin.py:188} INFO - [2024-12-20T09:22:44.477+0000] {helpers.py:107} INFO - Client created. Use the name of the repo (Data_Atelier) as the name of the bucket
[2024-12-20T09:22:44.552+0000] {logging_mixin.py:188} INFO - Client created. Use the name of the repo (Data_Atelier) as the name of the 
bucket
[2024-12-20T09:22:44.553+0000] {logging_mixin.py:188} INFO - [2024-12-20T09:22:44.553+0000] {helpers.py:107} INFO - Client created. Use the name of the repo (Data_Atelier) as the name of the bucket
[2024-12-20T09:22:45.349+0000] {logging_mixin.py:188} INFO - Client created. Use the name of the repo (Data_Atelier) as the name of the 
bucket
[2024-12-20T09:22:45.361+0000] {logging_mixin.py:188} INFO - [2024-12-20T09:22:45.361+0000] {helpers.py:107} INFO - Client created. Use the name of the repo (Data_Atelier) as the name of the bucket
[2024-12-20T09:22:51.628+0000] {processor.py:840} INFO - DAG(s) 'training_pipeline' retrieved from /opt/airflow/dags/training_pipeline.py
[2024-12-20T09:22:51.801+0000] {logging_mixin.py:188} INFO - [2024-12-20T09:22:51.800+0000] {dag.py:3036} INFO - Sync 1 DAGs
[2024-12-20T09:22:51.899+0000] {logging_mixin.py:188} INFO - [2024-12-20T09:22:51.898+0000] {dag.py:3823} INFO - Setting next_dagrun for training_pipeline to 2024-12-14 00:00:00+00:00, run_after=2024-12-15 00:00:00+00:00
[2024-12-20T09:22:52.016+0000] {processor.py:183} INFO - Processing /opt/airflow/dags/training_pipeline.py took 9.194 seconds
[2024-12-20T09:23:22.645+0000] {processor.py:161} INFO - Started process (PID=4794) to work on /opt/airflow/dags/training_pipeline.py
[2024-12-20T09:23:22.647+0000] {processor.py:830} INFO - Processing file /opt/airflow/dags/training_pipeline.py for tasks to queue
[2024-12-20T09:23:22.649+0000] {logging_mixin.py:188} INFO - [2024-12-20T09:23:22.649+0000] {dagbag.py:538} INFO - Filling up the DagBag from /opt/airflow/dags/training_pipeline.py
[2024-12-20T09:23:22.930+0000] {logging_mixin.py:188} INFO - [2024-12-20T09:23:22.930+0000] {tokens.py:86} WARNING - The added token already exists in the token cache, skipping
[2024-12-20T09:23:23.174+0000] {logging_mixin.py:188} INFO - Accessing as sarahlunette
[2024-12-20T09:23:23.175+0000] {logging_mixin.py:188} INFO - [2024-12-20T09:23:23.175+0000] {helpers.py:107} INFO - Accessing as sarahlunette
[2024-12-20T09:23:23.711+0000] {logging_mixin.py:188} INFO - Client created. Use the name of the repo (Data_Atelier) as the name of the 
bucket
[2024-12-20T09:23:23.712+0000] {logging_mixin.py:188} INFO - [2024-12-20T09:23:23.711+0000] {helpers.py:107} INFO - Client created. Use the name of the repo (Data_Atelier) as the name of the bucket
[2024-12-20T09:23:23.747+0000] {logging_mixin.py:188} INFO - Client created. Use the name of the repo (Data_Atelier) as the name of the 
bucket
[2024-12-20T09:23:23.748+0000] {logging_mixin.py:188} INFO - [2024-12-20T09:23:23.747+0000] {helpers.py:107} INFO - Client created. Use the name of the repo (Data_Atelier) as the name of the bucket
[2024-12-20T09:23:24.195+0000] {logging_mixin.py:188} INFO - Client created. Use the name of the repo (Data_Atelier) as the name of the 
bucket
[2024-12-20T09:23:24.196+0000] {logging_mixin.py:188} INFO - [2024-12-20T09:23:24.196+0000] {helpers.py:107} INFO - Client created. Use the name of the repo (Data_Atelier) as the name of the bucket
[2024-12-20T09:23:27.387+0000] {processor.py:840} INFO - DAG(s) 'training_pipeline' retrieved from /opt/airflow/dags/training_pipeline.py
[2024-12-20T09:23:27.413+0000] {logging_mixin.py:188} INFO - [2024-12-20T09:23:27.412+0000] {dag.py:3036} INFO - Sync 1 DAGs
[2024-12-20T09:23:27.441+0000] {logging_mixin.py:188} INFO - [2024-12-20T09:23:27.441+0000] {dag.py:3823} INFO - Setting next_dagrun for training_pipeline to 2024-12-20 00:00:00+00:00, run_after=2024-12-21 00:00:00+00:00
[2024-12-20T09:23:27.476+0000] {processor.py:183} INFO - Processing /opt/airflow/dags/training_pipeline.py took 4.839 seconds
[2024-12-20T09:23:57.664+0000] {processor.py:161} INFO - Started process (PID=4873) to work on /opt/airflow/dags/training_pipeline.py
[2024-12-20T09:23:57.667+0000] {processor.py:830} INFO - Processing file /opt/airflow/dags/training_pipeline.py for tasks to queue
[2024-12-20T09:23:57.670+0000] {logging_mixin.py:188} INFO - [2024-12-20T09:23:57.669+0000] {dagbag.py:538} INFO - Filling up the DagBag from /opt/airflow/dags/training_pipeline.py
[2024-12-20T09:23:58.048+0000] {logging_mixin.py:188} INFO - [2024-12-20T09:23:58.048+0000] {tokens.py:86} WARNING - The added token already exists in the token cache, skipping
[2024-12-20T09:23:58.263+0000] {logging_mixin.py:188} INFO - Accessing as sarahlunette
[2024-12-20T09:23:58.264+0000] {logging_mixin.py:188} INFO - [2024-12-20T09:23:58.264+0000] {helpers.py:107} INFO - Accessing as sarahlunette
[2024-12-20T09:23:58.755+0000] {logging_mixin.py:188} INFO - Client created. Use the name of the repo (Data_Atelier) as the name of the 
bucket
[2024-12-20T09:23:58.757+0000] {logging_mixin.py:188} INFO - [2024-12-20T09:23:58.756+0000] {helpers.py:107} INFO - Client created. Use the name of the repo (Data_Atelier) as the name of the bucket
[2024-12-20T09:23:58.826+0000] {logging_mixin.py:188} INFO - Client created. Use the name of the repo (Data_Atelier) as the name of the 
bucket
[2024-12-20T09:23:58.827+0000] {logging_mixin.py:188} INFO - [2024-12-20T09:23:58.826+0000] {helpers.py:107} INFO - Client created. Use the name of the repo (Data_Atelier) as the name of the bucket
[2024-12-20T09:23:59.315+0000] {logging_mixin.py:188} INFO - Client created. Use the name of the repo (Data_Atelier) as the name of the 
bucket
[2024-12-20T09:23:59.316+0000] {logging_mixin.py:188} INFO - [2024-12-20T09:23:59.316+0000] {helpers.py:107} INFO - Client created. Use the name of the repo (Data_Atelier) as the name of the bucket
[2024-12-20T09:24:02.463+0000] {processor.py:840} INFO - DAG(s) 'training_pipeline' retrieved from /opt/airflow/dags/training_pipeline.py
[2024-12-20T09:24:02.501+0000] {logging_mixin.py:188} INFO - [2024-12-20T09:24:02.501+0000] {dag.py:3036} INFO - Sync 1 DAGs
[2024-12-20T09:24:02.543+0000] {logging_mixin.py:188} INFO - [2024-12-20T09:24:02.542+0000] {dag.py:3823} INFO - Setting next_dagrun for training_pipeline to 2024-12-20 00:00:00+00:00, run_after=2024-12-21 00:00:00+00:00
[2024-12-20T09:24:02.579+0000] {processor.py:183} INFO - Processing /opt/airflow/dags/training_pipeline.py took 4.927 seconds
[2024-12-20T09:24:32.827+0000] {processor.py:161} INFO - Started process (PID=4957) to work on /opt/airflow/dags/training_pipeline.py
[2024-12-20T09:24:32.829+0000] {processor.py:830} INFO - Processing file /opt/airflow/dags/training_pipeline.py for tasks to queue
[2024-12-20T09:24:32.833+0000] {logging_mixin.py:188} INFO - [2024-12-20T09:24:32.831+0000] {dagbag.py:538} INFO - Filling up the DagBag from /opt/airflow/dags/training_pipeline.py
[2024-12-20T09:24:33.155+0000] {logging_mixin.py:188} INFO - [2024-12-20T09:24:33.155+0000] {tokens.py:86} WARNING - The added token already exists in the token cache, skipping
[2024-12-20T09:24:41.815+0000] {logging_mixin.py:188} INFO - Accessing as sarahlunette
[2024-12-20T09:24:41.816+0000] {logging_mixin.py:188} INFO - [2024-12-20T09:24:41.816+0000] {helpers.py:107} INFO - Accessing as sarahlunette
[2024-12-20T09:24:42.407+0000] {logging_mixin.py:188} INFO - Client created. Use the name of the repo (Data_Atelier) as the name of the 
bucket
[2024-12-20T09:24:42.408+0000] {logging_mixin.py:188} INFO - [2024-12-20T09:24:42.408+0000] {helpers.py:107} INFO - Client created. Use the name of the repo (Data_Atelier) as the name of the bucket
[2024-12-20T09:24:42.469+0000] {logging_mixin.py:188} INFO - Client created. Use the name of the repo (Data_Atelier) as the name of the 
bucket
[2024-12-20T09:24:42.470+0000] {logging_mixin.py:188} INFO - [2024-12-20T09:24:42.470+0000] {helpers.py:107} INFO - Client created. Use the name of the repo (Data_Atelier) as the name of the bucket
[2024-12-20T09:24:43.042+0000] {logging_mixin.py:188} INFO - Client created. Use the name of the repo (Data_Atelier) as the name of the 
bucket
[2024-12-20T09:24:43.043+0000] {logging_mixin.py:188} INFO - [2024-12-20T09:24:43.043+0000] {helpers.py:107} INFO - Client created. Use the name of the repo (Data_Atelier) as the name of the bucket
[2024-12-20T09:24:46.041+0000] {processor.py:840} INFO - DAG(s) 'training_pipeline' retrieved from /opt/airflow/dags/training_pipeline.py
[2024-12-20T09:24:46.069+0000] {logging_mixin.py:188} INFO - [2024-12-20T09:24:46.069+0000] {dag.py:3036} INFO - Sync 1 DAGs
[2024-12-20T09:24:46.108+0000] {logging_mixin.py:188} INFO - [2024-12-20T09:24:46.108+0000] {dag.py:3823} INFO - Setting next_dagrun for training_pipeline to 2024-12-20 00:00:00+00:00, run_after=2024-12-21 00:00:00+00:00
[2024-12-20T09:24:46.145+0000] {processor.py:183} INFO - Processing /opt/airflow/dags/training_pipeline.py took 13.327 seconds
[2024-12-20T09:25:16.897+0000] {processor.py:161} INFO - Started process (PID=5066) to work on /opt/airflow/dags/training_pipeline.py
[2024-12-20T09:25:16.899+0000] {processor.py:830} INFO - Processing file /opt/airflow/dags/training_pipeline.py for tasks to queue
[2024-12-20T09:25:16.900+0000] {logging_mixin.py:188} INFO - [2024-12-20T09:25:16.900+0000] {dagbag.py:538} INFO - Filling up the DagBag from /opt/airflow/dags/training_pipeline.py
[2024-12-20T09:25:17.160+0000] {logging_mixin.py:188} INFO - [2024-12-20T09:25:17.160+0000] {tokens.py:86} WARNING - The added token already exists in the token cache, skipping
[2024-12-20T09:25:17.383+0000] {logging_mixin.py:188} INFO - Accessing as sarahlunette
[2024-12-20T09:25:17.384+0000] {logging_mixin.py:188} INFO - [2024-12-20T09:25:17.384+0000] {helpers.py:107} INFO - Accessing as sarahlunette
[2024-12-20T09:25:17.894+0000] {logging_mixin.py:188} INFO - Client created. Use the name of the repo (Data_Atelier) as the name of the 
bucket
[2024-12-20T09:25:17.895+0000] {logging_mixin.py:188} INFO - [2024-12-20T09:25:17.894+0000] {helpers.py:107} INFO - Client created. Use the name of the repo (Data_Atelier) as the name of the bucket
[2024-12-20T09:25:17.936+0000] {logging_mixin.py:188} INFO - Client created. Use the name of the repo (Data_Atelier) as the name of the 
bucket
[2024-12-20T09:25:17.937+0000] {logging_mixin.py:188} INFO - [2024-12-20T09:25:17.937+0000] {helpers.py:107} INFO - Client created. Use the name of the repo (Data_Atelier) as the name of the bucket
[2024-12-20T09:25:18.440+0000] {logging_mixin.py:188} INFO - Client created. Use the name of the repo (Data_Atelier) as the name of the 
bucket
[2024-12-20T09:25:18.441+0000] {logging_mixin.py:188} INFO - [2024-12-20T09:25:18.440+0000] {helpers.py:107} INFO - Client created. Use the name of the repo (Data_Atelier) as the name of the bucket
[2024-12-20T09:25:21.635+0000] {processor.py:840} INFO - DAG(s) 'training_pipeline' retrieved from /opt/airflow/dags/training_pipeline.py
[2024-12-20T09:25:21.667+0000] {logging_mixin.py:188} INFO - [2024-12-20T09:25:21.666+0000] {dag.py:3036} INFO - Sync 1 DAGs
[2024-12-20T09:25:21.707+0000] {logging_mixin.py:188} INFO - [2024-12-20T09:25:21.706+0000] {dag.py:3823} INFO - Setting next_dagrun for training_pipeline to 2024-12-20 00:00:00+00:00, run_after=2024-12-21 00:00:00+00:00
[2024-12-20T09:25:21.751+0000] {processor.py:183} INFO - Processing /opt/airflow/dags/training_pipeline.py took 4.860 seconds
