[2024-12-28T02:50:58.963+0000] {processor.py:161} INFO - Started process (PID=2654) to work on /home/airflow/.local/lib/python3.11/site-packages/airflow/example_dags/example_time_delta_sensor_async.py
[2024-12-28T02:50:58.964+0000] {processor.py:830} INFO - Processing file /home/airflow/.local/lib/python3.11/site-packages/airflow/example_dags/example_time_delta_sensor_async.py for tasks to queue
[2024-12-28T02:50:58.966+0000] {logging_mixin.py:188} INFO - [2024-12-28T02:50:58.965+0000] {dagbag.py:538} INFO - Filling up the DagBag from /home/airflow/.local/lib/python3.11/site-packages/airflow/example_dags/example_time_delta_sensor_async.py
[2024-12-28T02:50:58.975+0000] {processor.py:840} INFO - DAG(s) 'example_time_delta_sensor_async' retrieved from /home/airflow/.local/lib/python3.11/site-packages/airflow/example_dags/example_time_delta_sensor_async.py
[2024-12-28T02:50:59.010+0000] {logging_mixin.py:188} INFO - [2024-12-28T02:50:59.009+0000] {dag.py:3036} INFO - Sync 1 DAGs
[2024-12-28T02:50:59.033+0000] {logging_mixin.py:188} INFO - [2024-12-28T02:50:59.033+0000] {dag.py:3823} INFO - Setting next_dagrun for example_time_delta_sensor_async to None, run_after=None
[2024-12-28T02:50:59.058+0000] {processor.py:183} INFO - Processing /home/airflow/.local/lib/python3.11/site-packages/airflow/example_dags/example_time_delta_sensor_async.py took 0.099 seconds
[2024-12-28T23:29:34.800+0000] {processor.py:161} INFO - Started process (PID=2695) to work on /home/airflow/.local/lib/python3.11/site-packages/airflow/example_dags/example_time_delta_sensor_async.py
[2024-12-28T23:29:34.801+0000] {processor.py:830} INFO - Processing file /home/airflow/.local/lib/python3.11/site-packages/airflow/example_dags/example_time_delta_sensor_async.py for tasks to queue
[2024-12-28T23:29:34.814+0000] {logging_mixin.py:188} INFO - [2024-12-28T23:29:34.813+0000] {dagbag.py:538} INFO - Filling up the DagBag from /home/airflow/.local/lib/python3.11/site-packages/airflow/example_dags/example_time_delta_sensor_async.py
[2024-12-28T23:29:34.838+0000] {processor.py:840} INFO - DAG(s) 'example_time_delta_sensor_async' retrieved from /home/airflow/.local/lib/python3.11/site-packages/airflow/example_dags/example_time_delta_sensor_async.py
[2024-12-28T23:29:34.918+0000] {logging_mixin.py:188} INFO - [2024-12-28T23:29:34.918+0000] {dag.py:3036} INFO - Sync 1 DAGs
[2024-12-28T23:29:34.971+0000] {logging_mixin.py:188} INFO - [2024-12-28T23:29:34.971+0000] {dag.py:3823} INFO - Setting next_dagrun for example_time_delta_sensor_async to None, run_after=None
[2024-12-28T23:29:35.061+0000] {processor.py:183} INFO - Processing /home/airflow/.local/lib/python3.11/site-packages/airflow/example_dags/example_time_delta_sensor_async.py took 0.271 seconds
[2024-12-28T23:30:05.578+0000] {processor.py:161} INFO - Started process (PID=2758) to work on /home/airflow/.local/lib/python3.11/site-packages/airflow/example_dags/example_time_delta_sensor_async.py
[2024-12-28T23:30:05.580+0000] {processor.py:830} INFO - Processing file /home/airflow/.local/lib/python3.11/site-packages/airflow/example_dags/example_time_delta_sensor_async.py for tasks to queue
[2024-12-28T23:30:05.581+0000] {logging_mixin.py:188} INFO - [2024-12-28T23:30:05.581+0000] {dagbag.py:538} INFO - Filling up the DagBag from /home/airflow/.local/lib/python3.11/site-packages/airflow/example_dags/example_time_delta_sensor_async.py
[2024-12-28T23:30:05.594+0000] {processor.py:840} INFO - DAG(s) 'example_time_delta_sensor_async' retrieved from /home/airflow/.local/lib/python3.11/site-packages/airflow/example_dags/example_time_delta_sensor_async.py
[2024-12-28T23:30:05.630+0000] {logging_mixin.py:188} INFO - [2024-12-28T23:30:05.630+0000] {dag.py:3036} INFO - Sync 1 DAGs
[2024-12-28T23:30:05.654+0000] {logging_mixin.py:188} INFO - [2024-12-28T23:30:05.653+0000] {dag.py:3823} INFO - Setting next_dagrun for example_time_delta_sensor_async to None, run_after=None
[2024-12-28T23:30:05.686+0000] {processor.py:183} INFO - Processing /home/airflow/.local/lib/python3.11/site-packages/airflow/example_dags/example_time_delta_sensor_async.py took 0.111 seconds
