[2024-12-28T02:50:57.954+0000] {processor.py:161} INFO - Started process (PID=2647) to work on /home/airflow/.local/lib/python3.11/site-packages/airflow/example_dags/example_latest_only_with_trigger.py
[2024-12-28T02:50:57.961+0000] {processor.py:830} INFO - Processing file /home/airflow/.local/lib/python3.11/site-packages/airflow/example_dags/example_latest_only_with_trigger.py for tasks to queue
[2024-12-28T02:50:57.967+0000] {logging_mixin.py:188} INFO - [2024-12-28T02:50:57.966+0000] {dagbag.py:538} INFO - Filling up the DagBag from /home/airflow/.local/lib/python3.11/site-packages/airflow/example_dags/example_latest_only_with_trigger.py
[2024-12-28T02:50:57.977+0000] {processor.py:840} INFO - DAG(s) 'latest_only_with_trigger' retrieved from /home/airflow/.local/lib/python3.11/site-packages/airflow/example_dags/example_latest_only_with_trigger.py
[2024-12-28T02:50:58.021+0000] {logging_mixin.py:188} INFO - [2024-12-28T02:50:58.021+0000] {dag.py:3036} INFO - Sync 1 DAGs
[2024-12-28T02:50:58.075+0000] {logging_mixin.py:188} INFO - [2024-12-28T02:50:58.074+0000] {dag.py:3823} INFO - Setting next_dagrun for latest_only_with_trigger to 2024-12-27 20:00:00+00:00, run_after=2024-12-28 00:00:00+00:00
[2024-12-28T02:50:58.117+0000] {processor.py:183} INFO - Processing /home/airflow/.local/lib/python3.11/site-packages/airflow/example_dags/example_latest_only_with_trigger.py took 0.166 seconds
[2024-12-28T23:29:36.800+0000] {processor.py:161} INFO - Started process (PID=2709) to work on /home/airflow/.local/lib/python3.11/site-packages/airflow/example_dags/example_latest_only_with_trigger.py
[2024-12-28T23:29:36.803+0000] {processor.py:830} INFO - Processing file /home/airflow/.local/lib/python3.11/site-packages/airflow/example_dags/example_latest_only_with_trigger.py for tasks to queue
[2024-12-28T23:29:36.805+0000] {logging_mixin.py:188} INFO - [2024-12-28T23:29:36.804+0000] {dagbag.py:538} INFO - Filling up the DagBag from /home/airflow/.local/lib/python3.11/site-packages/airflow/example_dags/example_latest_only_with_trigger.py
[2024-12-28T23:29:36.822+0000] {processor.py:840} INFO - DAG(s) 'latest_only_with_trigger' retrieved from /home/airflow/.local/lib/python3.11/site-packages/airflow/example_dags/example_latest_only_with_trigger.py
[2024-12-28T23:29:36.894+0000] {logging_mixin.py:188} INFO - [2024-12-28T23:29:36.893+0000] {dag.py:3036} INFO - Sync 1 DAGs
[2024-12-28T23:29:36.985+0000] {logging_mixin.py:188} INFO - [2024-12-28T23:29:36.985+0000] {dag.py:3823} INFO - Setting next_dagrun for latest_only_with_trigger to 2024-12-28 16:00:00+00:00, run_after=2024-12-28 20:00:00+00:00
[2024-12-28T23:29:37.037+0000] {processor.py:183} INFO - Processing /home/airflow/.local/lib/python3.11/site-packages/airflow/example_dags/example_latest_only_with_trigger.py took 0.242 seconds
[2024-12-28T23:30:07.215+0000] {processor.py:161} INFO - Started process (PID=2774) to work on /home/airflow/.local/lib/python3.11/site-packages/airflow/example_dags/example_latest_only_with_trigger.py
[2024-12-28T23:30:07.217+0000] {processor.py:830} INFO - Processing file /home/airflow/.local/lib/python3.11/site-packages/airflow/example_dags/example_latest_only_with_trigger.py for tasks to queue
[2024-12-28T23:30:07.218+0000] {logging_mixin.py:188} INFO - [2024-12-28T23:30:07.218+0000] {dagbag.py:538} INFO - Filling up the DagBag from /home/airflow/.local/lib/python3.11/site-packages/airflow/example_dags/example_latest_only_with_trigger.py
[2024-12-28T23:30:07.229+0000] {processor.py:840} INFO - DAG(s) 'latest_only_with_trigger' retrieved from /home/airflow/.local/lib/python3.11/site-packages/airflow/example_dags/example_latest_only_with_trigger.py
[2024-12-28T23:30:07.253+0000] {logging_mixin.py:188} INFO - [2024-12-28T23:30:07.253+0000] {dag.py:3036} INFO - Sync 1 DAGs
[2024-12-28T23:30:07.278+0000] {logging_mixin.py:188} INFO - [2024-12-28T23:30:07.278+0000] {dag.py:3823} INFO - Setting next_dagrun for latest_only_with_trigger to 2024-12-28 16:00:00+00:00, run_after=2024-12-28 20:00:00+00:00
[2024-12-28T23:30:07.301+0000] {processor.py:183} INFO - Processing /home/airflow/.local/lib/python3.11/site-packages/airflow/example_dags/example_latest_only_with_trigger.py took 0.090 seconds
