[2024-12-28T23:29:35.828+0000] {processor.py:161} INFO - Started process (PID=2704) to work on /home/airflow/.local/lib/python3.11/site-packages/airflow/example_dags/example_subdag_operator.py
[2024-12-28T23:29:35.830+0000] {processor.py:830} INFO - Processing file /home/airflow/.local/lib/python3.11/site-packages/airflow/example_dags/example_subdag_operator.py for tasks to queue
[2024-12-28T23:29:35.831+0000] {logging_mixin.py:188} INFO - [2024-12-28T23:29:35.831+0000] {dagbag.py:538} INFO - Filling up the DagBag from /home/airflow/.local/lib/python3.11/site-packages/airflow/example_dags/example_subdag_operator.py
[2024-12-28T23:29:35.903+0000] {processor.py:840} INFO - DAG(s) 'example_subdag_operator.section-1', 'example_subdag_operator.section-2', 'example_subdag_operator' retrieved from /home/airflow/.local/lib/python3.11/site-packages/airflow/example_dags/example_subdag_operator.py
[2024-12-28T23:29:36.247+0000] {logging_mixin.py:188} INFO - [2024-12-28T23:29:36.247+0000] {dag.py:3036} INFO - Sync 3 DAGs
[2024-12-28T23:29:36.320+0000] {logging_mixin.py:188} INFO - [2024-12-28T23:29:36.320+0000] {dag.py:3823} INFO - Setting next_dagrun for example_subdag_operator to 2022-01-01 00:00:00+00:00, run_after=2022-01-01 00:00:00+00:00
[2024-12-28T23:29:36.325+0000] {logging_mixin.py:188} INFO - [2024-12-28T23:29:36.325+0000] {dag.py:3823} INFO - Setting next_dagrun for example_subdag_operator.section-1 to None, run_after=None
[2024-12-28T23:29:36.328+0000] {logging_mixin.py:188} INFO - [2024-12-28T23:29:36.327+0000] {dag.py:3823} INFO - Setting next_dagrun for example_subdag_operator.section-2 to None, run_after=None
[2024-12-28T23:29:36.361+0000] {logging_mixin.py:188} INFO - [2024-12-28T23:29:36.361+0000] {dag.py:3036} INFO - Sync 2 DAGs
[2024-12-28T23:29:36.370+0000] {logging_mixin.py:188} INFO - [2024-12-28T23:29:36.370+0000] {dag.py:3823} INFO - Setting next_dagrun for example_subdag_operator.section-1 to None, run_after=None
[2024-12-28T23:29:36.373+0000] {logging_mixin.py:188} INFO - [2024-12-28T23:29:36.372+0000] {dag.py:3823} INFO - Setting next_dagrun for example_subdag_operator.section-2 to None, run_after=None
[2024-12-28T23:29:36.422+0000] {processor.py:183} INFO - Processing /home/airflow/.local/lib/python3.11/site-packages/airflow/example_dags/example_subdag_operator.py took 0.609 seconds
[2024-12-28T23:30:06.615+0000] {processor.py:161} INFO - Started process (PID=2763) to work on /home/airflow/.local/lib/python3.11/site-packages/airflow/example_dags/example_subdag_operator.py
[2024-12-28T23:30:06.616+0000] {processor.py:830} INFO - Processing file /home/airflow/.local/lib/python3.11/site-packages/airflow/example_dags/example_subdag_operator.py for tasks to queue
[2024-12-28T23:30:06.617+0000] {logging_mixin.py:188} INFO - [2024-12-28T23:30:06.617+0000] {dagbag.py:538} INFO - Filling up the DagBag from /home/airflow/.local/lib/python3.11/site-packages/airflow/example_dags/example_subdag_operator.py
[2024-12-28T23:30:06.647+0000] {processor.py:840} INFO - DAG(s) 'example_subdag_operator.section-1', 'example_subdag_operator.section-2', 'example_subdag_operator' retrieved from /home/airflow/.local/lib/python3.11/site-packages/airflow/example_dags/example_subdag_operator.py
[2024-12-28T23:30:06.666+0000] {logging_mixin.py:188} INFO - [2024-12-28T23:30:06.666+0000] {dag.py:3036} INFO - Sync 3 DAGs
[2024-12-28T23:30:06.689+0000] {logging_mixin.py:188} INFO - [2024-12-28T23:30:06.689+0000] {dag.py:3823} INFO - Setting next_dagrun for example_subdag_operator to 2022-01-01 00:00:00+00:00, run_after=2022-01-01 00:00:00+00:00
[2024-12-28T23:30:06.694+0000] {logging_mixin.py:188} INFO - [2024-12-28T23:30:06.693+0000] {dag.py:3823} INFO - Setting next_dagrun for example_subdag_operator.section-1 to None, run_after=None
[2024-12-28T23:30:06.695+0000] {logging_mixin.py:188} INFO - [2024-12-28T23:30:06.695+0000] {dag.py:3823} INFO - Setting next_dagrun for example_subdag_operator.section-2 to None, run_after=None
[2024-12-28T23:30:06.703+0000] {logging_mixin.py:188} INFO - [2024-12-28T23:30:06.703+0000] {dag.py:3036} INFO - Sync 2 DAGs
[2024-12-28T23:30:06.709+0000] {logging_mixin.py:188} INFO - [2024-12-28T23:30:06.709+0000] {dag.py:3823} INFO - Setting next_dagrun for example_subdag_operator.section-1 to None, run_after=None
[2024-12-28T23:30:06.710+0000] {logging_mixin.py:188} INFO - [2024-12-28T23:30:06.710+0000] {dag.py:3823} INFO - Setting next_dagrun for example_subdag_operator.section-2 to None, run_after=None
[2024-12-28T23:30:06.733+0000] {processor.py:183} INFO - Processing /home/airflow/.local/lib/python3.11/site-packages/airflow/example_dags/example_subdag_operator.py took 0.122 seconds
