[2024-12-28T02:50:58.165+0000] {processor.py:161} INFO - Started process (PID=2649) to work on /home/airflow/.local/lib/python3.11/site-packages/airflow/example_dags/example_external_task_marker_dag.py
[2024-12-28T02:50:58.174+0000] {processor.py:830} INFO - Processing file /home/airflow/.local/lib/python3.11/site-packages/airflow/example_dags/example_external_task_marker_dag.py for tasks to queue
[2024-12-28T02:50:58.176+0000] {logging_mixin.py:188} INFO - [2024-12-28T02:50:58.175+0000] {dagbag.py:538} INFO - Filling up the DagBag from /home/airflow/.local/lib/python3.11/site-packages/airflow/example_dags/example_external_task_marker_dag.py
[2024-12-28T02:50:58.196+0000] {processor.py:840} INFO - DAG(s) 'example_external_task_marker_parent', 'example_external_task_marker_child' retrieved from /home/airflow/.local/lib/python3.11/site-packages/airflow/example_dags/example_external_task_marker_dag.py
[2024-12-28T02:50:58.263+0000] {logging_mixin.py:188} INFO - [2024-12-28T02:50:58.263+0000] {dag.py:3036} INFO - Sync 2 DAGs
[2024-12-28T02:50:58.290+0000] {logging_mixin.py:188} INFO - [2024-12-28T02:50:58.289+0000] {dag.py:3823} INFO - Setting next_dagrun for example_external_task_marker_child to None, run_after=None
[2024-12-28T02:50:58.302+0000] {logging_mixin.py:188} INFO - [2024-12-28T02:50:58.302+0000] {dag.py:3823} INFO - Setting next_dagrun for example_external_task_marker_parent to None, run_after=None
[2024-12-28T02:50:58.344+0000] {processor.py:183} INFO - Processing /home/airflow/.local/lib/python3.11/site-packages/airflow/example_dags/example_external_task_marker_dag.py took 0.183 seconds
[2024-12-28T23:29:37.105+0000] {processor.py:161} INFO - Started process (PID=2711) to work on /home/airflow/.local/lib/python3.11/site-packages/airflow/example_dags/example_external_task_marker_dag.py
[2024-12-28T23:29:37.120+0000] {processor.py:830} INFO - Processing file /home/airflow/.local/lib/python3.11/site-packages/airflow/example_dags/example_external_task_marker_dag.py for tasks to queue
[2024-12-28T23:29:37.122+0000] {logging_mixin.py:188} INFO - [2024-12-28T23:29:37.122+0000] {dagbag.py:538} INFO - Filling up the DagBag from /home/airflow/.local/lib/python3.11/site-packages/airflow/example_dags/example_external_task_marker_dag.py
[2024-12-28T23:29:37.142+0000] {processor.py:840} INFO - DAG(s) 'example_external_task_marker_parent', 'example_external_task_marker_child' retrieved from /home/airflow/.local/lib/python3.11/site-packages/airflow/example_dags/example_external_task_marker_dag.py
[2024-12-28T23:29:37.199+0000] {logging_mixin.py:188} INFO - [2024-12-28T23:29:37.198+0000] {dag.py:3036} INFO - Sync 2 DAGs
[2024-12-28T23:29:37.252+0000] {logging_mixin.py:188} INFO - [2024-12-28T23:29:37.252+0000] {dag.py:3823} INFO - Setting next_dagrun for example_external_task_marker_child to None, run_after=None
[2024-12-28T23:29:37.267+0000] {logging_mixin.py:188} INFO - [2024-12-28T23:29:37.267+0000] {dag.py:3823} INFO - Setting next_dagrun for example_external_task_marker_parent to None, run_after=None
[2024-12-28T23:29:37.316+0000] {processor.py:183} INFO - Processing /home/airflow/.local/lib/python3.11/site-packages/airflow/example_dags/example_external_task_marker_dag.py took 0.216 seconds
[2024-12-28T23:30:07.491+0000] {processor.py:161} INFO - Started process (PID=2776) to work on /home/airflow/.local/lib/python3.11/site-packages/airflow/example_dags/example_external_task_marker_dag.py
[2024-12-28T23:30:07.492+0000] {processor.py:830} INFO - Processing file /home/airflow/.local/lib/python3.11/site-packages/airflow/example_dags/example_external_task_marker_dag.py for tasks to queue
[2024-12-28T23:30:07.494+0000] {logging_mixin.py:188} INFO - [2024-12-28T23:30:07.493+0000] {dagbag.py:538} INFO - Filling up the DagBag from /home/airflow/.local/lib/python3.11/site-packages/airflow/example_dags/example_external_task_marker_dag.py
[2024-12-28T23:30:07.503+0000] {processor.py:840} INFO - DAG(s) 'example_external_task_marker_parent', 'example_external_task_marker_child' retrieved from /home/airflow/.local/lib/python3.11/site-packages/airflow/example_dags/example_external_task_marker_dag.py
[2024-12-28T23:30:07.530+0000] {logging_mixin.py:188} INFO - [2024-12-28T23:30:07.530+0000] {dag.py:3036} INFO - Sync 2 DAGs
[2024-12-28T23:30:07.544+0000] {logging_mixin.py:188} INFO - [2024-12-28T23:30:07.544+0000] {dag.py:3823} INFO - Setting next_dagrun for example_external_task_marker_child to None, run_after=None
[2024-12-28T23:30:07.548+0000] {logging_mixin.py:188} INFO - [2024-12-28T23:30:07.548+0000] {dag.py:3823} INFO - Setting next_dagrun for example_external_task_marker_parent to None, run_after=None
[2024-12-28T23:30:07.568+0000] {processor.py:183} INFO - Processing /home/airflow/.local/lib/python3.11/site-packages/airflow/example_dags/example_external_task_marker_dag.py took 0.082 seconds
