[2024-12-23T09:32:48.499+0000] {processor.py:161} INFO - Started process (PID=2807) to work on /home/airflow/.local/lib/python3.11/site-packages/airflow/example_dags/example_time_delta_sensor_async.py
[2024-12-23T09:32:48.500+0000] {processor.py:830} INFO - Processing file /home/airflow/.local/lib/python3.11/site-packages/airflow/example_dags/example_time_delta_sensor_async.py for tasks to queue
[2024-12-23T09:32:48.502+0000] {logging_mixin.py:188} INFO - [2024-12-23T09:32:48.501+0000] {dagbag.py:538} INFO - Filling up the DagBag from /home/airflow/.local/lib/python3.11/site-packages/airflow/example_dags/example_time_delta_sensor_async.py
[2024-12-23T09:32:48.518+0000] {processor.py:840} INFO - DAG(s) 'example_time_delta_sensor_async' retrieved from /home/airflow/.local/lib/python3.11/site-packages/airflow/example_dags/example_time_delta_sensor_async.py
[2024-12-23T09:32:48.553+0000] {logging_mixin.py:188} INFO - [2024-12-23T09:32:48.553+0000] {dag.py:3036} INFO - Sync 1 DAGs
[2024-12-23T09:32:48.583+0000] {logging_mixin.py:188} INFO - [2024-12-23T09:32:48.583+0000] {dag.py:3823} INFO - Setting next_dagrun for example_time_delta_sensor_async to None, run_after=None
[2024-12-23T09:32:48.716+0000] {processor.py:183} INFO - Processing /home/airflow/.local/lib/python3.11/site-packages/airflow/example_dags/example_time_delta_sensor_async.py took 0.223 seconds
[2024-12-23T09:33:19.705+0000] {processor.py:161} INFO - Started process (PID=2884) to work on /home/airflow/.local/lib/python3.11/site-packages/airflow/example_dags/example_time_delta_sensor_async.py
[2024-12-23T09:33:19.706+0000] {processor.py:830} INFO - Processing file /home/airflow/.local/lib/python3.11/site-packages/airflow/example_dags/example_time_delta_sensor_async.py for tasks to queue
[2024-12-23T09:33:19.708+0000] {logging_mixin.py:188} INFO - [2024-12-23T09:33:19.707+0000] {dagbag.py:538} INFO - Filling up the DagBag from /home/airflow/.local/lib/python3.11/site-packages/airflow/example_dags/example_time_delta_sensor_async.py
[2024-12-23T09:33:19.714+0000] {processor.py:840} INFO - DAG(s) 'example_time_delta_sensor_async' retrieved from /home/airflow/.local/lib/python3.11/site-packages/airflow/example_dags/example_time_delta_sensor_async.py
[2024-12-23T09:33:19.740+0000] {logging_mixin.py:188} INFO - [2024-12-23T09:33:19.740+0000] {dag.py:3036} INFO - Sync 1 DAGs
[2024-12-23T09:33:19.762+0000] {logging_mixin.py:188} INFO - [2024-12-23T09:33:19.761+0000] {dag.py:3823} INFO - Setting next_dagrun for example_time_delta_sensor_async to None, run_after=None
[2024-12-23T09:33:19.800+0000] {processor.py:183} INFO - Processing /home/airflow/.local/lib/python3.11/site-packages/airflow/example_dags/example_time_delta_sensor_async.py took 0.100 seconds
[2024-12-23T09:33:50.302+0000] {processor.py:161} INFO - Started process (PID=2956) to work on /home/airflow/.local/lib/python3.11/site-packages/airflow/example_dags/example_time_delta_sensor_async.py
[2024-12-23T09:33:50.304+0000] {processor.py:830} INFO - Processing file /home/airflow/.local/lib/python3.11/site-packages/airflow/example_dags/example_time_delta_sensor_async.py for tasks to queue
[2024-12-23T09:33:50.305+0000] {logging_mixin.py:188} INFO - [2024-12-23T09:33:50.304+0000] {dagbag.py:538} INFO - Filling up the DagBag from /home/airflow/.local/lib/python3.11/site-packages/airflow/example_dags/example_time_delta_sensor_async.py
[2024-12-23T09:33:50.311+0000] {processor.py:840} INFO - DAG(s) 'example_time_delta_sensor_async' retrieved from /home/airflow/.local/lib/python3.11/site-packages/airflow/example_dags/example_time_delta_sensor_async.py
[2024-12-23T09:33:50.337+0000] {logging_mixin.py:188} INFO - [2024-12-23T09:33:50.336+0000] {dag.py:3036} INFO - Sync 1 DAGs
[2024-12-23T09:33:50.353+0000] {logging_mixin.py:188} INFO - [2024-12-23T09:33:50.353+0000] {dag.py:3823} INFO - Setting next_dagrun for example_time_delta_sensor_async to None, run_after=None
[2024-12-23T09:33:50.388+0000] {processor.py:183} INFO - Processing /home/airflow/.local/lib/python3.11/site-packages/airflow/example_dags/example_time_delta_sensor_async.py took 0.090 seconds
[2024-12-23T09:34:20.989+0000] {processor.py:161} INFO - Started process (PID=3028) to work on /home/airflow/.local/lib/python3.11/site-packages/airflow/example_dags/example_time_delta_sensor_async.py
[2024-12-23T09:34:20.992+0000] {processor.py:830} INFO - Processing file /home/airflow/.local/lib/python3.11/site-packages/airflow/example_dags/example_time_delta_sensor_async.py for tasks to queue
[2024-12-23T09:34:20.993+0000] {logging_mixin.py:188} INFO - [2024-12-23T09:34:20.993+0000] {dagbag.py:538} INFO - Filling up the DagBag from /home/airflow/.local/lib/python3.11/site-packages/airflow/example_dags/example_time_delta_sensor_async.py
[2024-12-23T09:34:21.003+0000] {processor.py:840} INFO - DAG(s) 'example_time_delta_sensor_async' retrieved from /home/airflow/.local/lib/python3.11/site-packages/airflow/example_dags/example_time_delta_sensor_async.py
[2024-12-23T09:34:21.028+0000] {logging_mixin.py:188} INFO - [2024-12-23T09:34:21.028+0000] {dag.py:3036} INFO - Sync 1 DAGs
[2024-12-23T09:34:21.042+0000] {logging_mixin.py:188} INFO - [2024-12-23T09:34:21.041+0000] {dag.py:3823} INFO - Setting next_dagrun for example_time_delta_sensor_async to None, run_after=None
[2024-12-23T09:34:21.071+0000] {processor.py:183} INFO - Processing /home/airflow/.local/lib/python3.11/site-packages/airflow/example_dags/example_time_delta_sensor_async.py took 0.089 seconds
[2024-12-23T09:34:51.143+0000] {processor.py:161} INFO - Started process (PID=3100) to work on /home/airflow/.local/lib/python3.11/site-packages/airflow/example_dags/example_time_delta_sensor_async.py
[2024-12-23T09:34:51.144+0000] {processor.py:830} INFO - Processing file /home/airflow/.local/lib/python3.11/site-packages/airflow/example_dags/example_time_delta_sensor_async.py for tasks to queue
[2024-12-23T09:34:51.145+0000] {logging_mixin.py:188} INFO - [2024-12-23T09:34:51.145+0000] {dagbag.py:538} INFO - Filling up the DagBag from /home/airflow/.local/lib/python3.11/site-packages/airflow/example_dags/example_time_delta_sensor_async.py
[2024-12-23T09:34:51.151+0000] {processor.py:840} INFO - DAG(s) 'example_time_delta_sensor_async' retrieved from /home/airflow/.local/lib/python3.11/site-packages/airflow/example_dags/example_time_delta_sensor_async.py
[2024-12-23T09:34:51.175+0000] {logging_mixin.py:188} INFO - [2024-12-23T09:34:51.175+0000] {dag.py:3036} INFO - Sync 1 DAGs
[2024-12-23T09:34:51.189+0000] {logging_mixin.py:188} INFO - [2024-12-23T09:34:51.189+0000] {dag.py:3823} INFO - Setting next_dagrun for example_time_delta_sensor_async to None, run_after=None
[2024-12-23T09:34:51.212+0000] {processor.py:183} INFO - Processing /home/airflow/.local/lib/python3.11/site-packages/airflow/example_dags/example_time_delta_sensor_async.py took 0.073 seconds
[2024-12-23T09:35:21.967+0000] {processor.py:161} INFO - Started process (PID=3177) to work on /home/airflow/.local/lib/python3.11/site-packages/airflow/example_dags/example_time_delta_sensor_async.py
[2024-12-23T09:35:21.968+0000] {processor.py:830} INFO - Processing file /home/airflow/.local/lib/python3.11/site-packages/airflow/example_dags/example_time_delta_sensor_async.py for tasks to queue
[2024-12-23T09:35:21.969+0000] {logging_mixin.py:188} INFO - [2024-12-23T09:35:21.969+0000] {dagbag.py:538} INFO - Filling up the DagBag from /home/airflow/.local/lib/python3.11/site-packages/airflow/example_dags/example_time_delta_sensor_async.py
[2024-12-23T09:35:21.974+0000] {processor.py:840} INFO - DAG(s) 'example_time_delta_sensor_async' retrieved from /home/airflow/.local/lib/python3.11/site-packages/airflow/example_dags/example_time_delta_sensor_async.py
[2024-12-23T09:35:21.999+0000] {logging_mixin.py:188} INFO - [2024-12-23T09:35:21.999+0000] {dag.py:3036} INFO - Sync 1 DAGs
[2024-12-23T09:35:22.013+0000] {logging_mixin.py:188} INFO - [2024-12-23T09:35:22.013+0000] {dag.py:3823} INFO - Setting next_dagrun for example_time_delta_sensor_async to None, run_after=None
[2024-12-23T09:35:22.043+0000] {processor.py:183} INFO - Processing /home/airflow/.local/lib/python3.11/site-packages/airflow/example_dags/example_time_delta_sensor_async.py took 0.080 seconds
[2024-12-23T09:35:52.352+0000] {processor.py:161} INFO - Started process (PID=3249) to work on /home/airflow/.local/lib/python3.11/site-packages/airflow/example_dags/example_time_delta_sensor_async.py
[2024-12-23T09:35:52.354+0000] {processor.py:830} INFO - Processing file /home/airflow/.local/lib/python3.11/site-packages/airflow/example_dags/example_time_delta_sensor_async.py for tasks to queue
[2024-12-23T09:35:52.355+0000] {logging_mixin.py:188} INFO - [2024-12-23T09:35:52.355+0000] {dagbag.py:538} INFO - Filling up the DagBag from /home/airflow/.local/lib/python3.11/site-packages/airflow/example_dags/example_time_delta_sensor_async.py
[2024-12-23T09:35:52.360+0000] {processor.py:840} INFO - DAG(s) 'example_time_delta_sensor_async' retrieved from /home/airflow/.local/lib/python3.11/site-packages/airflow/example_dags/example_time_delta_sensor_async.py
[2024-12-23T09:35:52.385+0000] {logging_mixin.py:188} INFO - [2024-12-23T09:35:52.385+0000] {dag.py:3036} INFO - Sync 1 DAGs
[2024-12-23T09:35:52.400+0000] {logging_mixin.py:188} INFO - [2024-12-23T09:35:52.399+0000] {dag.py:3823} INFO - Setting next_dagrun for example_time_delta_sensor_async to None, run_after=None
[2024-12-23T09:35:52.431+0000] {processor.py:183} INFO - Processing /home/airflow/.local/lib/python3.11/site-packages/airflow/example_dags/example_time_delta_sensor_async.py took 0.083 seconds
[2024-12-23T09:36:22.983+0000] {processor.py:161} INFO - Started process (PID=3315) to work on /home/airflow/.local/lib/python3.11/site-packages/airflow/example_dags/example_time_delta_sensor_async.py
[2024-12-23T09:36:22.985+0000] {processor.py:830} INFO - Processing file /home/airflow/.local/lib/python3.11/site-packages/airflow/example_dags/example_time_delta_sensor_async.py for tasks to queue
[2024-12-23T09:36:22.987+0000] {logging_mixin.py:188} INFO - [2024-12-23T09:36:22.987+0000] {dagbag.py:538} INFO - Filling up the DagBag from /home/airflow/.local/lib/python3.11/site-packages/airflow/example_dags/example_time_delta_sensor_async.py
[2024-12-23T09:36:22.994+0000] {processor.py:840} INFO - DAG(s) 'example_time_delta_sensor_async' retrieved from /home/airflow/.local/lib/python3.11/site-packages/airflow/example_dags/example_time_delta_sensor_async.py
[2024-12-23T09:36:23.024+0000] {logging_mixin.py:188} INFO - [2024-12-23T09:36:23.024+0000] {dag.py:3036} INFO - Sync 1 DAGs
[2024-12-23T09:36:23.040+0000] {logging_mixin.py:188} INFO - [2024-12-23T09:36:23.039+0000] {dag.py:3823} INFO - Setting next_dagrun for example_time_delta_sensor_async to None, run_after=None
[2024-12-23T09:36:23.074+0000] {processor.py:183} INFO - Processing /home/airflow/.local/lib/python3.11/site-packages/airflow/example_dags/example_time_delta_sensor_async.py took 0.096 seconds
[2024-12-23T09:36:53.207+0000] {processor.py:161} INFO - Started process (PID=3385) to work on /home/airflow/.local/lib/python3.11/site-packages/airflow/example_dags/example_time_delta_sensor_async.py
[2024-12-23T09:36:53.210+0000] {processor.py:830} INFO - Processing file /home/airflow/.local/lib/python3.11/site-packages/airflow/example_dags/example_time_delta_sensor_async.py for tasks to queue
[2024-12-23T09:36:53.213+0000] {logging_mixin.py:188} INFO - [2024-12-23T09:36:53.212+0000] {dagbag.py:538} INFO - Filling up the DagBag from /home/airflow/.local/lib/python3.11/site-packages/airflow/example_dags/example_time_delta_sensor_async.py
[2024-12-23T09:36:53.222+0000] {processor.py:840} INFO - DAG(s) 'example_time_delta_sensor_async' retrieved from /home/airflow/.local/lib/python3.11/site-packages/airflow/example_dags/example_time_delta_sensor_async.py
[2024-12-23T09:36:53.269+0000] {logging_mixin.py:188} INFO - [2024-12-23T09:36:53.268+0000] {dag.py:3036} INFO - Sync 1 DAGs
[2024-12-23T09:36:53.286+0000] {logging_mixin.py:188} INFO - [2024-12-23T09:36:53.286+0000] {dag.py:3823} INFO - Setting next_dagrun for example_time_delta_sensor_async to None, run_after=None
[2024-12-23T09:36:53.318+0000] {processor.py:183} INFO - Processing /home/airflow/.local/lib/python3.11/site-packages/airflow/example_dags/example_time_delta_sensor_async.py took 0.117 seconds
[2024-12-23T09:37:23.700+0000] {processor.py:161} INFO - Started process (PID=3457) to work on /home/airflow/.local/lib/python3.11/site-packages/airflow/example_dags/example_time_delta_sensor_async.py
[2024-12-23T09:37:23.702+0000] {processor.py:830} INFO - Processing file /home/airflow/.local/lib/python3.11/site-packages/airflow/example_dags/example_time_delta_sensor_async.py for tasks to queue
[2024-12-23T09:37:23.703+0000] {logging_mixin.py:188} INFO - [2024-12-23T09:37:23.703+0000] {dagbag.py:538} INFO - Filling up the DagBag from /home/airflow/.local/lib/python3.11/site-packages/airflow/example_dags/example_time_delta_sensor_async.py
[2024-12-23T09:37:23.709+0000] {processor.py:840} INFO - DAG(s) 'example_time_delta_sensor_async' retrieved from /home/airflow/.local/lib/python3.11/site-packages/airflow/example_dags/example_time_delta_sensor_async.py
[2024-12-23T09:37:23.739+0000] {logging_mixin.py:188} INFO - [2024-12-23T09:37:23.739+0000] {dag.py:3036} INFO - Sync 1 DAGs
[2024-12-23T09:37:23.755+0000] {logging_mixin.py:188} INFO - [2024-12-23T09:37:23.754+0000] {dag.py:3823} INFO - Setting next_dagrun for example_time_delta_sensor_async to None, run_after=None
[2024-12-23T09:37:23.786+0000] {processor.py:183} INFO - Processing /home/airflow/.local/lib/python3.11/site-packages/airflow/example_dags/example_time_delta_sensor_async.py took 0.092 seconds
[2024-12-23T09:37:53.931+0000] {processor.py:161} INFO - Started process (PID=3536) to work on /home/airflow/.local/lib/python3.11/site-packages/airflow/example_dags/example_time_delta_sensor_async.py
[2024-12-23T09:37:53.933+0000] {processor.py:830} INFO - Processing file /home/airflow/.local/lib/python3.11/site-packages/airflow/example_dags/example_time_delta_sensor_async.py for tasks to queue
[2024-12-23T09:37:53.934+0000] {logging_mixin.py:188} INFO - [2024-12-23T09:37:53.934+0000] {dagbag.py:538} INFO - Filling up the DagBag from /home/airflow/.local/lib/python3.11/site-packages/airflow/example_dags/example_time_delta_sensor_async.py
[2024-12-23T09:37:53.940+0000] {processor.py:840} INFO - DAG(s) 'example_time_delta_sensor_async' retrieved from /home/airflow/.local/lib/python3.11/site-packages/airflow/example_dags/example_time_delta_sensor_async.py
[2024-12-23T09:37:53.969+0000] {logging_mixin.py:188} INFO - [2024-12-23T09:37:53.969+0000] {dag.py:3036} INFO - Sync 1 DAGs
[2024-12-23T09:37:53.986+0000] {logging_mixin.py:188} INFO - [2024-12-23T09:37:53.986+0000] {dag.py:3823} INFO - Setting next_dagrun for example_time_delta_sensor_async to None, run_after=None
[2024-12-23T09:37:54.032+0000] {processor.py:183} INFO - Processing /home/airflow/.local/lib/python3.11/site-packages/airflow/example_dags/example_time_delta_sensor_async.py took 0.108 seconds
[2024-12-23T09:38:24.274+0000] {processor.py:161} INFO - Started process (PID=3608) to work on /home/airflow/.local/lib/python3.11/site-packages/airflow/example_dags/example_time_delta_sensor_async.py
[2024-12-23T09:38:24.275+0000] {processor.py:830} INFO - Processing file /home/airflow/.local/lib/python3.11/site-packages/airflow/example_dags/example_time_delta_sensor_async.py for tasks to queue
[2024-12-23T09:38:24.276+0000] {logging_mixin.py:188} INFO - [2024-12-23T09:38:24.276+0000] {dagbag.py:538} INFO - Filling up the DagBag from /home/airflow/.local/lib/python3.11/site-packages/airflow/example_dags/example_time_delta_sensor_async.py
[2024-12-23T09:38:24.282+0000] {processor.py:840} INFO - DAG(s) 'example_time_delta_sensor_async' retrieved from /home/airflow/.local/lib/python3.11/site-packages/airflow/example_dags/example_time_delta_sensor_async.py
[2024-12-23T09:38:24.315+0000] {logging_mixin.py:188} INFO - [2024-12-23T09:38:24.315+0000] {dag.py:3036} INFO - Sync 1 DAGs
[2024-12-23T09:38:24.332+0000] {logging_mixin.py:188} INFO - [2024-12-23T09:38:24.331+0000] {dag.py:3823} INFO - Setting next_dagrun for example_time_delta_sensor_async to None, run_after=None
[2024-12-23T09:38:24.365+0000] {processor.py:183} INFO - Processing /home/airflow/.local/lib/python3.11/site-packages/airflow/example_dags/example_time_delta_sensor_async.py took 0.095 seconds
[2024-12-23T09:38:54.812+0000] {processor.py:161} INFO - Started process (PID=3681) to work on /home/airflow/.local/lib/python3.11/site-packages/airflow/example_dags/example_time_delta_sensor_async.py
[2024-12-23T09:38:54.813+0000] {processor.py:830} INFO - Processing file /home/airflow/.local/lib/python3.11/site-packages/airflow/example_dags/example_time_delta_sensor_async.py for tasks to queue
[2024-12-23T09:38:54.814+0000] {logging_mixin.py:188} INFO - [2024-12-23T09:38:54.814+0000] {dagbag.py:538} INFO - Filling up the DagBag from /home/airflow/.local/lib/python3.11/site-packages/airflow/example_dags/example_time_delta_sensor_async.py
[2024-12-23T09:38:54.819+0000] {processor.py:840} INFO - DAG(s) 'example_time_delta_sensor_async' retrieved from /home/airflow/.local/lib/python3.11/site-packages/airflow/example_dags/example_time_delta_sensor_async.py
[2024-12-23T09:38:54.846+0000] {logging_mixin.py:188} INFO - [2024-12-23T09:38:54.846+0000] {dag.py:3036} INFO - Sync 1 DAGs
[2024-12-23T09:38:54.862+0000] {logging_mixin.py:188} INFO - [2024-12-23T09:38:54.861+0000] {dag.py:3823} INFO - Setting next_dagrun for example_time_delta_sensor_async to None, run_after=None
[2024-12-23T09:38:54.894+0000] {processor.py:183} INFO - Processing /home/airflow/.local/lib/python3.11/site-packages/airflow/example_dags/example_time_delta_sensor_async.py took 0.087 seconds
[2024-12-23T09:39:25.516+0000] {processor.py:161} INFO - Started process (PID=3759) to work on /home/airflow/.local/lib/python3.11/site-packages/airflow/example_dags/example_time_delta_sensor_async.py
[2024-12-23T09:39:25.517+0000] {processor.py:830} INFO - Processing file /home/airflow/.local/lib/python3.11/site-packages/airflow/example_dags/example_time_delta_sensor_async.py for tasks to queue
[2024-12-23T09:39:25.518+0000] {logging_mixin.py:188} INFO - [2024-12-23T09:39:25.518+0000] {dagbag.py:538} INFO - Filling up the DagBag from /home/airflow/.local/lib/python3.11/site-packages/airflow/example_dags/example_time_delta_sensor_async.py
[2024-12-23T09:39:25.524+0000] {processor.py:840} INFO - DAG(s) 'example_time_delta_sensor_async' retrieved from /home/airflow/.local/lib/python3.11/site-packages/airflow/example_dags/example_time_delta_sensor_async.py
[2024-12-23T09:39:25.550+0000] {logging_mixin.py:188} INFO - [2024-12-23T09:39:25.550+0000] {dag.py:3036} INFO - Sync 1 DAGs
[2024-12-23T09:39:25.565+0000] {logging_mixin.py:188} INFO - [2024-12-23T09:39:25.565+0000] {dag.py:3823} INFO - Setting next_dagrun for example_time_delta_sensor_async to None, run_after=None
[2024-12-23T09:39:25.598+0000] {processor.py:183} INFO - Processing /home/airflow/.local/lib/python3.11/site-packages/airflow/example_dags/example_time_delta_sensor_async.py took 0.086 seconds
[2024-12-23T09:39:55.878+0000] {processor.py:161} INFO - Started process (PID=3832) to work on /home/airflow/.local/lib/python3.11/site-packages/airflow/example_dags/example_time_delta_sensor_async.py
[2024-12-23T09:39:55.879+0000] {processor.py:830} INFO - Processing file /home/airflow/.local/lib/python3.11/site-packages/airflow/example_dags/example_time_delta_sensor_async.py for tasks to queue
[2024-12-23T09:39:55.881+0000] {logging_mixin.py:188} INFO - [2024-12-23T09:39:55.880+0000] {dagbag.py:538} INFO - Filling up the DagBag from /home/airflow/.local/lib/python3.11/site-packages/airflow/example_dags/example_time_delta_sensor_async.py
[2024-12-23T09:39:55.887+0000] {processor.py:840} INFO - DAG(s) 'example_time_delta_sensor_async' retrieved from /home/airflow/.local/lib/python3.11/site-packages/airflow/example_dags/example_time_delta_sensor_async.py
[2024-12-23T09:39:55.916+0000] {logging_mixin.py:188} INFO - [2024-12-23T09:39:55.916+0000] {dag.py:3036} INFO - Sync 1 DAGs
[2024-12-23T09:39:55.941+0000] {logging_mixin.py:188} INFO - [2024-12-23T09:39:55.941+0000] {dag.py:3823} INFO - Setting next_dagrun for example_time_delta_sensor_async to None, run_after=None
[2024-12-23T09:39:55.972+0000] {processor.py:183} INFO - Processing /home/airflow/.local/lib/python3.11/site-packages/airflow/example_dags/example_time_delta_sensor_async.py took 0.098 seconds
[2024-12-23T09:40:26.705+0000] {processor.py:161} INFO - Started process (PID=3904) to work on /home/airflow/.local/lib/python3.11/site-packages/airflow/example_dags/example_time_delta_sensor_async.py
[2024-12-23T09:40:26.706+0000] {processor.py:830} INFO - Processing file /home/airflow/.local/lib/python3.11/site-packages/airflow/example_dags/example_time_delta_sensor_async.py for tasks to queue
[2024-12-23T09:40:26.708+0000] {logging_mixin.py:188} INFO - [2024-12-23T09:40:26.707+0000] {dagbag.py:538} INFO - Filling up the DagBag from /home/airflow/.local/lib/python3.11/site-packages/airflow/example_dags/example_time_delta_sensor_async.py
[2024-12-23T09:40:26.715+0000] {processor.py:840} INFO - DAG(s) 'example_time_delta_sensor_async' retrieved from /home/airflow/.local/lib/python3.11/site-packages/airflow/example_dags/example_time_delta_sensor_async.py
[2024-12-23T09:40:26.740+0000] {logging_mixin.py:188} INFO - [2024-12-23T09:40:26.740+0000] {dag.py:3036} INFO - Sync 1 DAGs
[2024-12-23T09:40:26.754+0000] {logging_mixin.py:188} INFO - [2024-12-23T09:40:26.754+0000] {dag.py:3823} INFO - Setting next_dagrun for example_time_delta_sensor_async to None, run_after=None
[2024-12-23T09:40:26.785+0000] {processor.py:183} INFO - Processing /home/airflow/.local/lib/python3.11/site-packages/airflow/example_dags/example_time_delta_sensor_async.py took 0.085 seconds
[2024-12-23T09:40:57.201+0000] {processor.py:161} INFO - Started process (PID=3969) to work on /home/airflow/.local/lib/python3.11/site-packages/airflow/example_dags/example_time_delta_sensor_async.py
[2024-12-23T09:40:57.202+0000] {processor.py:830} INFO - Processing file /home/airflow/.local/lib/python3.11/site-packages/airflow/example_dags/example_time_delta_sensor_async.py for tasks to queue
[2024-12-23T09:40:57.203+0000] {logging_mixin.py:188} INFO - [2024-12-23T09:40:57.203+0000] {dagbag.py:538} INFO - Filling up the DagBag from /home/airflow/.local/lib/python3.11/site-packages/airflow/example_dags/example_time_delta_sensor_async.py
[2024-12-23T09:40:57.209+0000] {processor.py:840} INFO - DAG(s) 'example_time_delta_sensor_async' retrieved from /home/airflow/.local/lib/python3.11/site-packages/airflow/example_dags/example_time_delta_sensor_async.py
[2024-12-23T09:40:57.235+0000] {logging_mixin.py:188} INFO - [2024-12-23T09:40:57.235+0000] {dag.py:3036} INFO - Sync 1 DAGs
[2024-12-23T09:40:57.252+0000] {logging_mixin.py:188} INFO - [2024-12-23T09:40:57.252+0000] {dag.py:3823} INFO - Setting next_dagrun for example_time_delta_sensor_async to None, run_after=None
[2024-12-23T09:40:57.282+0000] {processor.py:183} INFO - Processing /home/airflow/.local/lib/python3.11/site-packages/airflow/example_dags/example_time_delta_sensor_async.py took 0.085 seconds
[2024-12-23T09:41:27.422+0000] {processor.py:161} INFO - Started process (PID=4046) to work on /home/airflow/.local/lib/python3.11/site-packages/airflow/example_dags/example_time_delta_sensor_async.py
[2024-12-23T09:41:27.423+0000] {processor.py:830} INFO - Processing file /home/airflow/.local/lib/python3.11/site-packages/airflow/example_dags/example_time_delta_sensor_async.py for tasks to queue
[2024-12-23T09:41:27.424+0000] {logging_mixin.py:188} INFO - [2024-12-23T09:41:27.424+0000] {dagbag.py:538} INFO - Filling up the DagBag from /home/airflow/.local/lib/python3.11/site-packages/airflow/example_dags/example_time_delta_sensor_async.py
[2024-12-23T09:41:27.430+0000] {processor.py:840} INFO - DAG(s) 'example_time_delta_sensor_async' retrieved from /home/airflow/.local/lib/python3.11/site-packages/airflow/example_dags/example_time_delta_sensor_async.py
[2024-12-23T09:41:27.454+0000] {logging_mixin.py:188} INFO - [2024-12-23T09:41:27.454+0000] {dag.py:3036} INFO - Sync 1 DAGs
[2024-12-23T09:41:27.468+0000] {logging_mixin.py:188} INFO - [2024-12-23T09:41:27.468+0000] {dag.py:3823} INFO - Setting next_dagrun for example_time_delta_sensor_async to None, run_after=None
[2024-12-23T09:41:27.492+0000] {processor.py:183} INFO - Processing /home/airflow/.local/lib/python3.11/site-packages/airflow/example_dags/example_time_delta_sensor_async.py took 0.074 seconds
[2024-12-23T09:41:57.965+0000] {processor.py:161} INFO - Started process (PID=4117) to work on /home/airflow/.local/lib/python3.11/site-packages/airflow/example_dags/example_time_delta_sensor_async.py
[2024-12-23T09:41:57.970+0000] {processor.py:830} INFO - Processing file /home/airflow/.local/lib/python3.11/site-packages/airflow/example_dags/example_time_delta_sensor_async.py for tasks to queue
[2024-12-23T09:41:57.973+0000] {logging_mixin.py:188} INFO - [2024-12-23T09:41:57.973+0000] {dagbag.py:538} INFO - Filling up the DagBag from /home/airflow/.local/lib/python3.11/site-packages/airflow/example_dags/example_time_delta_sensor_async.py
[2024-12-23T09:41:57.982+0000] {processor.py:840} INFO - DAG(s) 'example_time_delta_sensor_async' retrieved from /home/airflow/.local/lib/python3.11/site-packages/airflow/example_dags/example_time_delta_sensor_async.py
[2024-12-23T09:41:58.022+0000] {logging_mixin.py:188} INFO - [2024-12-23T09:41:58.022+0000] {dag.py:3036} INFO - Sync 1 DAGs
[2024-12-23T09:41:58.047+0000] {logging_mixin.py:188} INFO - [2024-12-23T09:41:58.046+0000] {dag.py:3823} INFO - Setting next_dagrun for example_time_delta_sensor_async to None, run_after=None
[2024-12-23T09:41:58.076+0000] {processor.py:183} INFO - Processing /home/airflow/.local/lib/python3.11/site-packages/airflow/example_dags/example_time_delta_sensor_async.py took 0.116 seconds
