[2024-12-23T02:44:41.569+0000] {processor.py:161} INFO - Started process (PID=2763) to work on /home/airflow/.local/lib/python3.11/site-packages/airflow/example_dags/example_branch_python_dop_operator_3.py
[2024-12-23T02:44:41.570+0000] {processor.py:830} INFO - Processing file /home/airflow/.local/lib/python3.11/site-packages/airflow/example_dags/example_branch_python_dop_operator_3.py for tasks to queue
[2024-12-23T02:44:41.573+0000] {logging_mixin.py:188} INFO - [2024-12-23T02:44:41.573+0000] {dagbag.py:538} INFO - Filling up the DagBag from /home/airflow/.local/lib/python3.11/site-packages/airflow/example_dags/example_branch_python_dop_operator_3.py
[2024-12-23T02:44:41.587+0000] {processor.py:840} INFO - DAG(s) 'example_branch_dop_operator_v3' retrieved from /home/airflow/.local/lib/python3.11/site-packages/airflow/example_dags/example_branch_python_dop_operator_3.py
[2024-12-23T02:44:41.616+0000] {logging_mixin.py:188} INFO - [2024-12-23T02:44:41.616+0000] {dag.py:3036} INFO - Sync 1 DAGs
[2024-12-23T02:44:41.652+0000] {logging_mixin.py:188} INFO - [2024-12-23T02:44:41.652+0000] {dag.py:3823} INFO - Setting next_dagrun for example_branch_dop_operator_v3 to 2024-12-23 02:43:00+00:00, run_after=2024-12-23 02:44:00+00:00
[2024-12-23T02:44:41.676+0000] {processor.py:183} INFO - Processing /home/airflow/.local/lib/python3.11/site-packages/airflow/example_dags/example_branch_python_dop_operator_3.py took 0.111 seconds
[2024-12-23T09:32:52.158+0000] {processor.py:161} INFO - Started process (PID=2834) to work on /home/airflow/.local/lib/python3.11/site-packages/airflow/example_dags/example_branch_python_dop_operator_3.py
[2024-12-23T09:32:52.160+0000] {processor.py:830} INFO - Processing file /home/airflow/.local/lib/python3.11/site-packages/airflow/example_dags/example_branch_python_dop_operator_3.py for tasks to queue
[2024-12-23T09:32:52.161+0000] {logging_mixin.py:188} INFO - [2024-12-23T09:32:52.161+0000] {dagbag.py:538} INFO - Filling up the DagBag from /home/airflow/.local/lib/python3.11/site-packages/airflow/example_dags/example_branch_python_dop_operator_3.py
[2024-12-23T09:32:52.173+0000] {processor.py:840} INFO - DAG(s) 'example_branch_dop_operator_v3' retrieved from /home/airflow/.local/lib/python3.11/site-packages/airflow/example_dags/example_branch_python_dop_operator_3.py
[2024-12-23T09:32:52.203+0000] {logging_mixin.py:188} INFO - [2024-12-23T09:32:52.202+0000] {dag.py:3036} INFO - Sync 1 DAGs
[2024-12-23T09:32:52.243+0000] {logging_mixin.py:188} INFO - [2024-12-23T09:32:52.243+0000] {dag.py:3823} INFO - Setting next_dagrun for example_branch_dop_operator_v3 to 2024-12-23 09:31:00+00:00, run_after=2024-12-23 09:32:00+00:00
[2024-12-23T09:32:52.275+0000] {processor.py:183} INFO - Processing /home/airflow/.local/lib/python3.11/site-packages/airflow/example_dags/example_branch_python_dop_operator_3.py took 0.122 seconds
[2024-12-23T09:33:22.635+0000] {processor.py:161} INFO - Started process (PID=2897) to work on /home/airflow/.local/lib/python3.11/site-packages/airflow/example_dags/example_branch_python_dop_operator_3.py
[2024-12-23T09:33:22.638+0000] {processor.py:830} INFO - Processing file /home/airflow/.local/lib/python3.11/site-packages/airflow/example_dags/example_branch_python_dop_operator_3.py for tasks to queue
[2024-12-23T09:33:22.640+0000] {logging_mixin.py:188} INFO - [2024-12-23T09:33:22.639+0000] {dagbag.py:538} INFO - Filling up the DagBag from /home/airflow/.local/lib/python3.11/site-packages/airflow/example_dags/example_branch_python_dop_operator_3.py
[2024-12-23T09:33:22.656+0000] {processor.py:840} INFO - DAG(s) 'example_branch_dop_operator_v3' retrieved from /home/airflow/.local/lib/python3.11/site-packages/airflow/example_dags/example_branch_python_dop_operator_3.py
[2024-12-23T09:33:22.688+0000] {logging_mixin.py:188} INFO - [2024-12-23T09:33:22.688+0000] {dag.py:3036} INFO - Sync 1 DAGs
[2024-12-23T09:33:22.733+0000] {logging_mixin.py:188} INFO - [2024-12-23T09:33:22.732+0000] {dag.py:3823} INFO - Setting next_dagrun for example_branch_dop_operator_v3 to 2024-12-23 09:32:00+00:00, run_after=2024-12-23 09:33:00+00:00
[2024-12-23T09:33:22.764+0000] {processor.py:183} INFO - Processing /home/airflow/.local/lib/python3.11/site-packages/airflow/example_dags/example_branch_python_dop_operator_3.py took 0.134 seconds
[2024-12-23T09:33:53.153+0000] {processor.py:161} INFO - Started process (PID=2969) to work on /home/airflow/.local/lib/python3.11/site-packages/airflow/example_dags/example_branch_python_dop_operator_3.py
[2024-12-23T09:33:53.154+0000] {processor.py:830} INFO - Processing file /home/airflow/.local/lib/python3.11/site-packages/airflow/example_dags/example_branch_python_dop_operator_3.py for tasks to queue
[2024-12-23T09:33:53.156+0000] {logging_mixin.py:188} INFO - [2024-12-23T09:33:53.155+0000] {dagbag.py:538} INFO - Filling up the DagBag from /home/airflow/.local/lib/python3.11/site-packages/airflow/example_dags/example_branch_python_dop_operator_3.py
[2024-12-23T09:33:53.166+0000] {processor.py:840} INFO - DAG(s) 'example_branch_dop_operator_v3' retrieved from /home/airflow/.local/lib/python3.11/site-packages/airflow/example_dags/example_branch_python_dop_operator_3.py
[2024-12-23T09:33:53.192+0000] {logging_mixin.py:188} INFO - [2024-12-23T09:33:53.192+0000] {dag.py:3036} INFO - Sync 1 DAGs
[2024-12-23T09:33:53.226+0000] {logging_mixin.py:188} INFO - [2024-12-23T09:33:53.226+0000] {dag.py:3823} INFO - Setting next_dagrun for example_branch_dop_operator_v3 to 2024-12-23 09:32:00+00:00, run_after=2024-12-23 09:33:00+00:00
[2024-12-23T09:33:53.255+0000] {processor.py:183} INFO - Processing /home/airflow/.local/lib/python3.11/site-packages/airflow/example_dags/example_branch_python_dop_operator_3.py took 0.105 seconds
[2024-12-23T09:34:23.990+0000] {processor.py:161} INFO - Started process (PID=3041) to work on /home/airflow/.local/lib/python3.11/site-packages/airflow/example_dags/example_branch_python_dop_operator_3.py
[2024-12-23T09:34:23.992+0000] {processor.py:830} INFO - Processing file /home/airflow/.local/lib/python3.11/site-packages/airflow/example_dags/example_branch_python_dop_operator_3.py for tasks to queue
[2024-12-23T09:34:23.994+0000] {logging_mixin.py:188} INFO - [2024-12-23T09:34:23.994+0000] {dagbag.py:538} INFO - Filling up the DagBag from /home/airflow/.local/lib/python3.11/site-packages/airflow/example_dags/example_branch_python_dop_operator_3.py
[2024-12-23T09:34:24.007+0000] {processor.py:840} INFO - DAG(s) 'example_branch_dop_operator_v3' retrieved from /home/airflow/.local/lib/python3.11/site-packages/airflow/example_dags/example_branch_python_dop_operator_3.py
[2024-12-23T09:34:24.031+0000] {logging_mixin.py:188} INFO - [2024-12-23T09:34:24.031+0000] {dag.py:3036} INFO - Sync 1 DAGs
[2024-12-23T09:34:24.060+0000] {logging_mixin.py:188} INFO - [2024-12-23T09:34:24.060+0000] {dag.py:3823} INFO - Setting next_dagrun for example_branch_dop_operator_v3 to 2024-12-23 09:33:00+00:00, run_after=2024-12-23 09:34:00+00:00
[2024-12-23T09:34:24.082+0000] {processor.py:183} INFO - Processing /home/airflow/.local/lib/python3.11/site-packages/airflow/example_dags/example_branch_python_dop_operator_3.py took 0.099 seconds
[2024-12-23T09:34:54.948+0000] {processor.py:161} INFO - Started process (PID=3120) to work on /home/airflow/.local/lib/python3.11/site-packages/airflow/example_dags/example_branch_python_dop_operator_3.py
[2024-12-23T09:34:54.950+0000] {processor.py:830} INFO - Processing file /home/airflow/.local/lib/python3.11/site-packages/airflow/example_dags/example_branch_python_dop_operator_3.py for tasks to queue
[2024-12-23T09:34:54.951+0000] {logging_mixin.py:188} INFO - [2024-12-23T09:34:54.951+0000] {dagbag.py:538} INFO - Filling up the DagBag from /home/airflow/.local/lib/python3.11/site-packages/airflow/example_dags/example_branch_python_dop_operator_3.py
[2024-12-23T09:34:54.962+0000] {processor.py:840} INFO - DAG(s) 'example_branch_dop_operator_v3' retrieved from /home/airflow/.local/lib/python3.11/site-packages/airflow/example_dags/example_branch_python_dop_operator_3.py
[2024-12-23T09:34:54.989+0000] {logging_mixin.py:188} INFO - [2024-12-23T09:34:54.988+0000] {dag.py:3036} INFO - Sync 1 DAGs
[2024-12-23T09:34:55.019+0000] {logging_mixin.py:188} INFO - [2024-12-23T09:34:55.018+0000] {dag.py:3823} INFO - Setting next_dagrun for example_branch_dop_operator_v3 to 2024-12-23 09:33:00+00:00, run_after=2024-12-23 09:34:00+00:00
[2024-12-23T09:34:55.041+0000] {processor.py:183} INFO - Processing /home/airflow/.local/lib/python3.11/site-packages/airflow/example_dags/example_branch_python_dop_operator_3.py took 0.097 seconds
[2024-12-23T09:35:25.705+0000] {processor.py:161} INFO - Started process (PID=3192) to work on /home/airflow/.local/lib/python3.11/site-packages/airflow/example_dags/example_branch_python_dop_operator_3.py
[2024-12-23T09:35:25.707+0000] {processor.py:830} INFO - Processing file /home/airflow/.local/lib/python3.11/site-packages/airflow/example_dags/example_branch_python_dop_operator_3.py for tasks to queue
[2024-12-23T09:35:25.709+0000] {logging_mixin.py:188} INFO - [2024-12-23T09:35:25.709+0000] {dagbag.py:538} INFO - Filling up the DagBag from /home/airflow/.local/lib/python3.11/site-packages/airflow/example_dags/example_branch_python_dop_operator_3.py
[2024-12-23T09:35:25.723+0000] {processor.py:840} INFO - DAG(s) 'example_branch_dop_operator_v3' retrieved from /home/airflow/.local/lib/python3.11/site-packages/airflow/example_dags/example_branch_python_dop_operator_3.py
[2024-12-23T09:35:25.747+0000] {logging_mixin.py:188} INFO - [2024-12-23T09:35:25.747+0000] {dag.py:3036} INFO - Sync 1 DAGs
[2024-12-23T09:35:25.775+0000] {logging_mixin.py:188} INFO - [2024-12-23T09:35:25.775+0000] {dag.py:3823} INFO - Setting next_dagrun for example_branch_dop_operator_v3 to 2024-12-23 09:34:00+00:00, run_after=2024-12-23 09:35:00+00:00
[2024-12-23T09:35:25.802+0000] {processor.py:183} INFO - Processing /home/airflow/.local/lib/python3.11/site-packages/airflow/example_dags/example_branch_python_dop_operator_3.py took 0.105 seconds
[2024-12-23T09:35:56.070+0000] {processor.py:161} INFO - Started process (PID=3264) to work on /home/airflow/.local/lib/python3.11/site-packages/airflow/example_dags/example_branch_python_dop_operator_3.py
[2024-12-23T09:35:56.071+0000] {processor.py:830} INFO - Processing file /home/airflow/.local/lib/python3.11/site-packages/airflow/example_dags/example_branch_python_dop_operator_3.py for tasks to queue
[2024-12-23T09:35:56.073+0000] {logging_mixin.py:188} INFO - [2024-12-23T09:35:56.072+0000] {dagbag.py:538} INFO - Filling up the DagBag from /home/airflow/.local/lib/python3.11/site-packages/airflow/example_dags/example_branch_python_dop_operator_3.py
[2024-12-23T09:35:56.091+0000] {processor.py:840} INFO - DAG(s) 'example_branch_dop_operator_v3' retrieved from /home/airflow/.local/lib/python3.11/site-packages/airflow/example_dags/example_branch_python_dop_operator_3.py
[2024-12-23T09:35:56.134+0000] {logging_mixin.py:188} INFO - [2024-12-23T09:35:56.133+0000] {dag.py:3036} INFO - Sync 1 DAGs
[2024-12-23T09:35:56.183+0000] {logging_mixin.py:188} INFO - [2024-12-23T09:35:56.183+0000] {dag.py:3823} INFO - Setting next_dagrun for example_branch_dop_operator_v3 to 2024-12-23 09:34:00+00:00, run_after=2024-12-23 09:35:00+00:00
[2024-12-23T09:35:56.212+0000] {processor.py:183} INFO - Processing /home/airflow/.local/lib/python3.11/site-packages/airflow/example_dags/example_branch_python_dop_operator_3.py took 0.148 seconds
[2024-12-23T09:36:26.385+0000] {processor.py:161} INFO - Started process (PID=3337) to work on /home/airflow/.local/lib/python3.11/site-packages/airflow/example_dags/example_branch_python_dop_operator_3.py
[2024-12-23T09:36:26.387+0000] {processor.py:830} INFO - Processing file /home/airflow/.local/lib/python3.11/site-packages/airflow/example_dags/example_branch_python_dop_operator_3.py for tasks to queue
[2024-12-23T09:36:26.389+0000] {logging_mixin.py:188} INFO - [2024-12-23T09:36:26.388+0000] {dagbag.py:538} INFO - Filling up the DagBag from /home/airflow/.local/lib/python3.11/site-packages/airflow/example_dags/example_branch_python_dop_operator_3.py
[2024-12-23T09:36:26.406+0000] {processor.py:840} INFO - DAG(s) 'example_branch_dop_operator_v3' retrieved from /home/airflow/.local/lib/python3.11/site-packages/airflow/example_dags/example_branch_python_dop_operator_3.py
[2024-12-23T09:36:26.450+0000] {logging_mixin.py:188} INFO - [2024-12-23T09:36:26.450+0000] {dag.py:3036} INFO - Sync 1 DAGs
[2024-12-23T09:36:26.498+0000] {logging_mixin.py:188} INFO - [2024-12-23T09:36:26.498+0000] {dag.py:3823} INFO - Setting next_dagrun for example_branch_dop_operator_v3 to 2024-12-23 09:35:00+00:00, run_after=2024-12-23 09:36:00+00:00
[2024-12-23T09:36:26.525+0000] {processor.py:183} INFO - Processing /home/airflow/.local/lib/python3.11/site-packages/airflow/example_dags/example_branch_python_dop_operator_3.py took 0.145 seconds
[2024-12-23T09:36:57.313+0000] {processor.py:161} INFO - Started process (PID=3408) to work on /home/airflow/.local/lib/python3.11/site-packages/airflow/example_dags/example_branch_python_dop_operator_3.py
[2024-12-23T09:36:57.314+0000] {processor.py:830} INFO - Processing file /home/airflow/.local/lib/python3.11/site-packages/airflow/example_dags/example_branch_python_dop_operator_3.py for tasks to queue
[2024-12-23T09:36:57.316+0000] {logging_mixin.py:188} INFO - [2024-12-23T09:36:57.315+0000] {dagbag.py:538} INFO - Filling up the DagBag from /home/airflow/.local/lib/python3.11/site-packages/airflow/example_dags/example_branch_python_dop_operator_3.py
[2024-12-23T09:36:57.330+0000] {processor.py:840} INFO - DAG(s) 'example_branch_dop_operator_v3' retrieved from /home/airflow/.local/lib/python3.11/site-packages/airflow/example_dags/example_branch_python_dop_operator_3.py
[2024-12-23T09:36:57.361+0000] {logging_mixin.py:188} INFO - [2024-12-23T09:36:57.360+0000] {dag.py:3036} INFO - Sync 1 DAGs
[2024-12-23T09:36:57.400+0000] {logging_mixin.py:188} INFO - [2024-12-23T09:36:57.400+0000] {dag.py:3823} INFO - Setting next_dagrun for example_branch_dop_operator_v3 to 2024-12-23 09:35:00+00:00, run_after=2024-12-23 09:36:00+00:00
[2024-12-23T09:36:57.433+0000] {processor.py:183} INFO - Processing /home/airflow/.local/lib/python3.11/site-packages/airflow/example_dags/example_branch_python_dop_operator_3.py took 0.126 seconds
[2024-12-23T09:37:27.871+0000] {processor.py:161} INFO - Started process (PID=3479) to work on /home/airflow/.local/lib/python3.11/site-packages/airflow/example_dags/example_branch_python_dop_operator_3.py
[2024-12-23T09:37:27.873+0000] {processor.py:830} INFO - Processing file /home/airflow/.local/lib/python3.11/site-packages/airflow/example_dags/example_branch_python_dop_operator_3.py for tasks to queue
[2024-12-23T09:37:27.875+0000] {logging_mixin.py:188} INFO - [2024-12-23T09:37:27.874+0000] {dagbag.py:538} INFO - Filling up the DagBag from /home/airflow/.local/lib/python3.11/site-packages/airflow/example_dags/example_branch_python_dop_operator_3.py
[2024-12-23T09:37:27.887+0000] {processor.py:840} INFO - DAG(s) 'example_branch_dop_operator_v3' retrieved from /home/airflow/.local/lib/python3.11/site-packages/airflow/example_dags/example_branch_python_dop_operator_3.py
[2024-12-23T09:37:27.914+0000] {logging_mixin.py:188} INFO - [2024-12-23T09:37:27.914+0000] {dag.py:3036} INFO - Sync 1 DAGs
[2024-12-23T09:37:27.950+0000] {logging_mixin.py:188} INFO - [2024-12-23T09:37:27.950+0000] {dag.py:3823} INFO - Setting next_dagrun for example_branch_dop_operator_v3 to 2024-12-23 09:36:00+00:00, run_after=2024-12-23 09:37:00+00:00
[2024-12-23T09:37:27.983+0000] {processor.py:183} INFO - Processing /home/airflow/.local/lib/python3.11/site-packages/airflow/example_dags/example_branch_python_dop_operator_3.py took 0.116 seconds
[2024-12-23T09:37:58.119+0000] {processor.py:161} INFO - Started process (PID=3549) to work on /home/airflow/.local/lib/python3.11/site-packages/airflow/example_dags/example_branch_python_dop_operator_3.py
[2024-12-23T09:37:58.121+0000] {processor.py:830} INFO - Processing file /home/airflow/.local/lib/python3.11/site-packages/airflow/example_dags/example_branch_python_dop_operator_3.py for tasks to queue
[2024-12-23T09:37:58.122+0000] {logging_mixin.py:188} INFO - [2024-12-23T09:37:58.122+0000] {dagbag.py:538} INFO - Filling up the DagBag from /home/airflow/.local/lib/python3.11/site-packages/airflow/example_dags/example_branch_python_dop_operator_3.py
[2024-12-23T09:37:58.139+0000] {processor.py:840} INFO - DAG(s) 'example_branch_dop_operator_v3' retrieved from /home/airflow/.local/lib/python3.11/site-packages/airflow/example_dags/example_branch_python_dop_operator_3.py
[2024-12-23T09:37:58.172+0000] {logging_mixin.py:188} INFO - [2024-12-23T09:37:58.172+0000] {dag.py:3036} INFO - Sync 1 DAGs
[2024-12-23T09:37:58.214+0000] {logging_mixin.py:188} INFO - [2024-12-23T09:37:58.213+0000] {dag.py:3823} INFO - Setting next_dagrun for example_branch_dop_operator_v3 to 2024-12-23 09:36:00+00:00, run_after=2024-12-23 09:37:00+00:00
[2024-12-23T09:37:58.249+0000] {processor.py:183} INFO - Processing /home/airflow/.local/lib/python3.11/site-packages/airflow/example_dags/example_branch_python_dop_operator_3.py took 0.135 seconds
[2024-12-23T09:38:28.316+0000] {processor.py:161} INFO - Started process (PID=3621) to work on /home/airflow/.local/lib/python3.11/site-packages/airflow/example_dags/example_branch_python_dop_operator_3.py
[2024-12-23T09:38:28.317+0000] {processor.py:830} INFO - Processing file /home/airflow/.local/lib/python3.11/site-packages/airflow/example_dags/example_branch_python_dop_operator_3.py for tasks to queue
[2024-12-23T09:38:28.319+0000] {logging_mixin.py:188} INFO - [2024-12-23T09:38:28.318+0000] {dagbag.py:538} INFO - Filling up the DagBag from /home/airflow/.local/lib/python3.11/site-packages/airflow/example_dags/example_branch_python_dop_operator_3.py
[2024-12-23T09:38:28.328+0000] {processor.py:840} INFO - DAG(s) 'example_branch_dop_operator_v3' retrieved from /home/airflow/.local/lib/python3.11/site-packages/airflow/example_dags/example_branch_python_dop_operator_3.py
[2024-12-23T09:38:28.351+0000] {logging_mixin.py:188} INFO - [2024-12-23T09:38:28.351+0000] {dag.py:3036} INFO - Sync 1 DAGs
[2024-12-23T09:38:28.380+0000] {logging_mixin.py:188} INFO - [2024-12-23T09:38:28.379+0000] {dag.py:3823} INFO - Setting next_dagrun for example_branch_dop_operator_v3 to 2024-12-23 09:37:00+00:00, run_after=2024-12-23 09:38:00+00:00
[2024-12-23T09:38:28.410+0000] {processor.py:183} INFO - Processing /home/airflow/.local/lib/python3.11/site-packages/airflow/example_dags/example_branch_python_dop_operator_3.py took 0.098 seconds
[2024-12-23T09:38:58.894+0000] {processor.py:161} INFO - Started process (PID=3701) to work on /home/airflow/.local/lib/python3.11/site-packages/airflow/example_dags/example_branch_python_dop_operator_3.py
[2024-12-23T09:38:58.896+0000] {processor.py:830} INFO - Processing file /home/airflow/.local/lib/python3.11/site-packages/airflow/example_dags/example_branch_python_dop_operator_3.py for tasks to queue
[2024-12-23T09:38:58.897+0000] {logging_mixin.py:188} INFO - [2024-12-23T09:38:58.897+0000] {dagbag.py:538} INFO - Filling up the DagBag from /home/airflow/.local/lib/python3.11/site-packages/airflow/example_dags/example_branch_python_dop_operator_3.py
[2024-12-23T09:38:58.909+0000] {processor.py:840} INFO - DAG(s) 'example_branch_dop_operator_v3' retrieved from /home/airflow/.local/lib/python3.11/site-packages/airflow/example_dags/example_branch_python_dop_operator_3.py
[2024-12-23T09:38:58.939+0000] {logging_mixin.py:188} INFO - [2024-12-23T09:38:58.939+0000] {dag.py:3036} INFO - Sync 1 DAGs
[2024-12-23T09:38:58.974+0000] {logging_mixin.py:188} INFO - [2024-12-23T09:38:58.974+0000] {dag.py:3823} INFO - Setting next_dagrun for example_branch_dop_operator_v3 to 2024-12-23 09:37:00+00:00, run_after=2024-12-23 09:38:00+00:00
[2024-12-23T09:38:58.999+0000] {processor.py:183} INFO - Processing /home/airflow/.local/lib/python3.11/site-packages/airflow/example_dags/example_branch_python_dop_operator_3.py took 0.110 seconds
[2024-12-23T09:39:29.423+0000] {processor.py:161} INFO - Started process (PID=3773) to work on /home/airflow/.local/lib/python3.11/site-packages/airflow/example_dags/example_branch_python_dop_operator_3.py
[2024-12-23T09:39:29.425+0000] {processor.py:830} INFO - Processing file /home/airflow/.local/lib/python3.11/site-packages/airflow/example_dags/example_branch_python_dop_operator_3.py for tasks to queue
[2024-12-23T09:39:29.426+0000] {logging_mixin.py:188} INFO - [2024-12-23T09:39:29.426+0000] {dagbag.py:538} INFO - Filling up the DagBag from /home/airflow/.local/lib/python3.11/site-packages/airflow/example_dags/example_branch_python_dop_operator_3.py
[2024-12-23T09:39:29.438+0000] {processor.py:840} INFO - DAG(s) 'example_branch_dop_operator_v3' retrieved from /home/airflow/.local/lib/python3.11/site-packages/airflow/example_dags/example_branch_python_dop_operator_3.py
[2024-12-23T09:39:29.463+0000] {logging_mixin.py:188} INFO - [2024-12-23T09:39:29.462+0000] {dag.py:3036} INFO - Sync 1 DAGs
[2024-12-23T09:39:29.495+0000] {logging_mixin.py:188} INFO - [2024-12-23T09:39:29.494+0000] {dag.py:3823} INFO - Setting next_dagrun for example_branch_dop_operator_v3 to 2024-12-23 09:38:00+00:00, run_after=2024-12-23 09:39:00+00:00
[2024-12-23T09:39:29.524+0000] {processor.py:183} INFO - Processing /home/airflow/.local/lib/python3.11/site-packages/airflow/example_dags/example_branch_python_dop_operator_3.py took 0.105 seconds
[2024-12-23T09:39:59.963+0000] {processor.py:161} INFO - Started process (PID=3845) to work on /home/airflow/.local/lib/python3.11/site-packages/airflow/example_dags/example_branch_python_dop_operator_3.py
[2024-12-23T09:39:59.964+0000] {processor.py:830} INFO - Processing file /home/airflow/.local/lib/python3.11/site-packages/airflow/example_dags/example_branch_python_dop_operator_3.py for tasks to queue
[2024-12-23T09:39:59.965+0000] {logging_mixin.py:188} INFO - [2024-12-23T09:39:59.965+0000] {dagbag.py:538} INFO - Filling up the DagBag from /home/airflow/.local/lib/python3.11/site-packages/airflow/example_dags/example_branch_python_dop_operator_3.py
[2024-12-23T09:39:59.976+0000] {processor.py:840} INFO - DAG(s) 'example_branch_dop_operator_v3' retrieved from /home/airflow/.local/lib/python3.11/site-packages/airflow/example_dags/example_branch_python_dop_operator_3.py
[2024-12-23T09:40:00.000+0000] {logging_mixin.py:188} INFO - [2024-12-23T09:40:00.000+0000] {dag.py:3036} INFO - Sync 1 DAGs
[2024-12-23T09:40:00.033+0000] {logging_mixin.py:188} INFO - [2024-12-23T09:40:00.033+0000] {dag.py:3823} INFO - Setting next_dagrun for example_branch_dop_operator_v3 to 2024-12-23 09:39:00+00:00, run_after=2024-12-23 09:40:00+00:00
[2024-12-23T09:40:00.054+0000] {processor.py:183} INFO - Processing /home/airflow/.local/lib/python3.11/site-packages/airflow/example_dags/example_branch_python_dop_operator_3.py took 0.095 seconds
[2024-12-23T09:40:30.641+0000] {processor.py:161} INFO - Started process (PID=3917) to work on /home/airflow/.local/lib/python3.11/site-packages/airflow/example_dags/example_branch_python_dop_operator_3.py
[2024-12-23T09:40:30.642+0000] {processor.py:830} INFO - Processing file /home/airflow/.local/lib/python3.11/site-packages/airflow/example_dags/example_branch_python_dop_operator_3.py for tasks to queue
[2024-12-23T09:40:30.644+0000] {logging_mixin.py:188} INFO - [2024-12-23T09:40:30.643+0000] {dagbag.py:538} INFO - Filling up the DagBag from /home/airflow/.local/lib/python3.11/site-packages/airflow/example_dags/example_branch_python_dop_operator_3.py
[2024-12-23T09:40:30.663+0000] {processor.py:840} INFO - DAG(s) 'example_branch_dop_operator_v3' retrieved from /home/airflow/.local/lib/python3.11/site-packages/airflow/example_dags/example_branch_python_dop_operator_3.py
[2024-12-23T09:40:30.706+0000] {logging_mixin.py:188} INFO - [2024-12-23T09:40:30.706+0000] {dag.py:3036} INFO - Sync 1 DAGs
[2024-12-23T09:40:30.737+0000] {logging_mixin.py:188} INFO - [2024-12-23T09:40:30.736+0000] {dag.py:3823} INFO - Setting next_dagrun for example_branch_dop_operator_v3 to 2024-12-23 09:39:00+00:00, run_after=2024-12-23 09:40:00+00:00
[2024-12-23T09:40:30.760+0000] {processor.py:183} INFO - Processing /home/airflow/.local/lib/python3.11/site-packages/airflow/example_dags/example_branch_python_dop_operator_3.py took 0.123 seconds
[2024-12-23T09:41:01.348+0000] {processor.py:161} INFO - Started process (PID=3996) to work on /home/airflow/.local/lib/python3.11/site-packages/airflow/example_dags/example_branch_python_dop_operator_3.py
[2024-12-23T09:41:01.350+0000] {processor.py:830} INFO - Processing file /home/airflow/.local/lib/python3.11/site-packages/airflow/example_dags/example_branch_python_dop_operator_3.py for tasks to queue
[2024-12-23T09:41:01.351+0000] {logging_mixin.py:188} INFO - [2024-12-23T09:41:01.351+0000] {dagbag.py:538} INFO - Filling up the DagBag from /home/airflow/.local/lib/python3.11/site-packages/airflow/example_dags/example_branch_python_dop_operator_3.py
[2024-12-23T09:41:01.361+0000] {processor.py:840} INFO - DAG(s) 'example_branch_dop_operator_v3' retrieved from /home/airflow/.local/lib/python3.11/site-packages/airflow/example_dags/example_branch_python_dop_operator_3.py
[2024-12-23T09:41:01.385+0000] {logging_mixin.py:188} INFO - [2024-12-23T09:41:01.385+0000] {dag.py:3036} INFO - Sync 1 DAGs
[2024-12-23T09:41:01.414+0000] {logging_mixin.py:188} INFO - [2024-12-23T09:41:01.414+0000] {dag.py:3823} INFO - Setting next_dagrun for example_branch_dop_operator_v3 to 2024-12-23 09:40:00+00:00, run_after=2024-12-23 09:41:00+00:00
[2024-12-23T09:41:01.443+0000] {processor.py:183} INFO - Processing /home/airflow/.local/lib/python3.11/site-packages/airflow/example_dags/example_branch_python_dop_operator_3.py took 0.099 seconds
[2024-12-23T09:41:32.089+0000] {processor.py:161} INFO - Started process (PID=4068) to work on /home/airflow/.local/lib/python3.11/site-packages/airflow/example_dags/example_branch_python_dop_operator_3.py
[2024-12-23T09:41:32.091+0000] {processor.py:830} INFO - Processing file /home/airflow/.local/lib/python3.11/site-packages/airflow/example_dags/example_branch_python_dop_operator_3.py for tasks to queue
[2024-12-23T09:41:32.092+0000] {logging_mixin.py:188} INFO - [2024-12-23T09:41:32.092+0000] {dagbag.py:538} INFO - Filling up the DagBag from /home/airflow/.local/lib/python3.11/site-packages/airflow/example_dags/example_branch_python_dop_operator_3.py
[2024-12-23T09:41:32.105+0000] {processor.py:840} INFO - DAG(s) 'example_branch_dop_operator_v3' retrieved from /home/airflow/.local/lib/python3.11/site-packages/airflow/example_dags/example_branch_python_dop_operator_3.py
[2024-12-23T09:41:32.133+0000] {logging_mixin.py:188} INFO - [2024-12-23T09:41:32.133+0000] {dag.py:3036} INFO - Sync 1 DAGs
[2024-12-23T09:41:32.183+0000] {logging_mixin.py:188} INFO - [2024-12-23T09:41:32.182+0000] {dag.py:3823} INFO - Setting next_dagrun for example_branch_dop_operator_v3 to 2024-12-23 09:40:00+00:00, run_after=2024-12-23 09:41:00+00:00
[2024-12-23T09:41:32.219+0000] {processor.py:183} INFO - Processing /home/airflow/.local/lib/python3.11/site-packages/airflow/example_dags/example_branch_python_dop_operator_3.py took 0.135 seconds
[2024-12-23T09:42:02.339+0000] {processor.py:161} INFO - Started process (PID=4130) to work on /home/airflow/.local/lib/python3.11/site-packages/airflow/example_dags/example_branch_python_dop_operator_3.py
[2024-12-23T09:42:02.341+0000] {processor.py:830} INFO - Processing file /home/airflow/.local/lib/python3.11/site-packages/airflow/example_dags/example_branch_python_dop_operator_3.py for tasks to queue
[2024-12-23T09:42:02.342+0000] {logging_mixin.py:188} INFO - [2024-12-23T09:42:02.342+0000] {dagbag.py:538} INFO - Filling up the DagBag from /home/airflow/.local/lib/python3.11/site-packages/airflow/example_dags/example_branch_python_dop_operator_3.py
[2024-12-23T09:42:02.351+0000] {processor.py:840} INFO - DAG(s) 'example_branch_dop_operator_v3' retrieved from /home/airflow/.local/lib/python3.11/site-packages/airflow/example_dags/example_branch_python_dop_operator_3.py
[2024-12-23T09:42:02.376+0000] {logging_mixin.py:188} INFO - [2024-12-23T09:42:02.376+0000] {dag.py:3036} INFO - Sync 1 DAGs
[2024-12-23T09:42:02.406+0000] {logging_mixin.py:188} INFO - [2024-12-23T09:42:02.406+0000] {dag.py:3823} INFO - Setting next_dagrun for example_branch_dop_operator_v3 to 2024-12-23 09:41:00+00:00, run_after=2024-12-23 09:42:00+00:00
[2024-12-23T09:42:02.444+0000] {processor.py:183} INFO - Processing /home/airflow/.local/lib/python3.11/site-packages/airflow/example_dags/example_branch_python_dop_operator_3.py took 0.109 seconds
[2024-12-23T09:42:32.605+0000] {processor.py:161} INFO - Started process (PID=4202) to work on /home/airflow/.local/lib/python3.11/site-packages/airflow/example_dags/example_branch_python_dop_operator_3.py
[2024-12-23T09:42:32.606+0000] {processor.py:830} INFO - Processing file /home/airflow/.local/lib/python3.11/site-packages/airflow/example_dags/example_branch_python_dop_operator_3.py for tasks to queue
[2024-12-23T09:42:32.608+0000] {logging_mixin.py:188} INFO - [2024-12-23T09:42:32.607+0000] {dagbag.py:538} INFO - Filling up the DagBag from /home/airflow/.local/lib/python3.11/site-packages/airflow/example_dags/example_branch_python_dop_operator_3.py
[2024-12-23T09:42:32.625+0000] {processor.py:840} INFO - DAG(s) 'example_branch_dop_operator_v3' retrieved from /home/airflow/.local/lib/python3.11/site-packages/airflow/example_dags/example_branch_python_dop_operator_3.py
[2024-12-23T09:42:32.653+0000] {logging_mixin.py:188} INFO - [2024-12-23T09:42:32.653+0000] {dag.py:3036} INFO - Sync 1 DAGs
[2024-12-23T09:42:32.688+0000] {logging_mixin.py:188} INFO - [2024-12-23T09:42:32.688+0000] {dag.py:3823} INFO - Setting next_dagrun for example_branch_dop_operator_v3 to 2024-12-23 09:41:00+00:00, run_after=2024-12-23 09:42:00+00:00
[2024-12-23T09:42:32.722+0000] {processor.py:183} INFO - Processing /home/airflow/.local/lib/python3.11/site-packages/airflow/example_dags/example_branch_python_dop_operator_3.py took 0.121 seconds
