[2024-12-23T02:44:40.314+0000] {processor.py:161} INFO - Started process (PID=2757) to work on /home/airflow/.local/lib/python3.11/site-packages/airflow/example_dags/example_subdag_operator.py
[2024-12-23T02:44:40.321+0000] {processor.py:830} INFO - Processing file /home/airflow/.local/lib/python3.11/site-packages/airflow/example_dags/example_subdag_operator.py for tasks to queue
[2024-12-23T02:44:40.330+0000] {logging_mixin.py:188} INFO - [2024-12-23T02:44:40.329+0000] {dagbag.py:538} INFO - Filling up the DagBag from /home/airflow/.local/lib/python3.11/site-packages/airflow/example_dags/example_subdag_operator.py
[2024-12-23T02:44:40.398+0000] {processor.py:840} INFO - DAG(s) 'example_subdag_operator.section-1', 'example_subdag_operator.section-2', 'example_subdag_operator' retrieved from /home/airflow/.local/lib/python3.11/site-packages/airflow/example_dags/example_subdag_operator.py
[2024-12-23T02:44:40.428+0000] {logging_mixin.py:188} INFO - [2024-12-23T02:44:40.428+0000] {dag.py:3036} INFO - Sync 3 DAGs
[2024-12-23T02:44:40.473+0000] {logging_mixin.py:188} INFO - [2024-12-23T02:44:40.472+0000] {dag.py:3823} INFO - Setting next_dagrun for example_subdag_operator to 2022-01-01 00:00:00+00:00, run_after=2022-01-01 00:00:00+00:00
[2024-12-23T02:44:40.480+0000] {logging_mixin.py:188} INFO - [2024-12-23T02:44:40.479+0000] {dag.py:3823} INFO - Setting next_dagrun for example_subdag_operator.section-1 to None, run_after=None
[2024-12-23T02:44:40.498+0000] {logging_mixin.py:188} INFO - [2024-12-23T02:44:40.498+0000] {dag.py:3823} INFO - Setting next_dagrun for example_subdag_operator.section-2 to None, run_after=None
[2024-12-23T02:44:40.514+0000] {logging_mixin.py:188} INFO - [2024-12-23T02:44:40.513+0000] {dag.py:3036} INFO - Sync 2 DAGs
[2024-12-23T02:44:40.526+0000] {logging_mixin.py:188} INFO - [2024-12-23T02:44:40.526+0000] {dag.py:3823} INFO - Setting next_dagrun for example_subdag_operator.section-1 to None, run_after=None
[2024-12-23T02:44:40.528+0000] {logging_mixin.py:188} INFO - [2024-12-23T02:44:40.527+0000] {dag.py:3823} INFO - Setting next_dagrun for example_subdag_operator.section-2 to None, run_after=None
[2024-12-23T02:44:41.194+0000] {processor.py:183} INFO - Processing /home/airflow/.local/lib/python3.11/site-packages/airflow/example_dags/example_subdag_operator.py took 0.891 seconds
[2024-12-23T09:32:50.408+0000] {processor.py:161} INFO - Started process (PID=2821) to work on /home/airflow/.local/lib/python3.11/site-packages/airflow/example_dags/example_subdag_operator.py
[2024-12-23T09:32:50.409+0000] {processor.py:830} INFO - Processing file /home/airflow/.local/lib/python3.11/site-packages/airflow/example_dags/example_subdag_operator.py for tasks to queue
[2024-12-23T09:32:50.410+0000] {logging_mixin.py:188} INFO - [2024-12-23T09:32:50.410+0000] {dagbag.py:538} INFO - Filling up the DagBag from /home/airflow/.local/lib/python3.11/site-packages/airflow/example_dags/example_subdag_operator.py
[2024-12-23T09:32:50.442+0000] {processor.py:840} INFO - DAG(s) 'example_subdag_operator.section-1', 'example_subdag_operator.section-2', 'example_subdag_operator' retrieved from /home/airflow/.local/lib/python3.11/site-packages/airflow/example_dags/example_subdag_operator.py
[2024-12-23T09:32:50.466+0000] {logging_mixin.py:188} INFO - [2024-12-23T09:32:50.465+0000] {dag.py:3036} INFO - Sync 3 DAGs
[2024-12-23T09:32:50.501+0000] {logging_mixin.py:188} INFO - [2024-12-23T09:32:50.500+0000] {dag.py:3823} INFO - Setting next_dagrun for example_subdag_operator to 2022-01-01 00:00:00+00:00, run_after=2022-01-01 00:00:00+00:00
[2024-12-23T09:32:50.507+0000] {logging_mixin.py:188} INFO - [2024-12-23T09:32:50.507+0000] {dag.py:3823} INFO - Setting next_dagrun for example_subdag_operator.section-1 to None, run_after=None
[2024-12-23T09:32:50.509+0000] {logging_mixin.py:188} INFO - [2024-12-23T09:32:50.509+0000] {dag.py:3823} INFO - Setting next_dagrun for example_subdag_operator.section-2 to None, run_after=None
[2024-12-23T09:32:50.519+0000] {logging_mixin.py:188} INFO - [2024-12-23T09:32:50.519+0000] {dag.py:3036} INFO - Sync 2 DAGs
[2024-12-23T09:32:50.528+0000] {logging_mixin.py:188} INFO - [2024-12-23T09:32:50.528+0000] {dag.py:3823} INFO - Setting next_dagrun for example_subdag_operator.section-1 to None, run_after=None
[2024-12-23T09:32:50.529+0000] {logging_mixin.py:188} INFO - [2024-12-23T09:32:50.529+0000] {dag.py:3823} INFO - Setting next_dagrun for example_subdag_operator.section-2 to None, run_after=None
[2024-12-23T09:32:50.547+0000] {processor.py:183} INFO - Processing /home/airflow/.local/lib/python3.11/site-packages/airflow/example_dags/example_subdag_operator.py took 0.143 seconds
[2024-12-23T09:33:21.257+0000] {processor.py:161} INFO - Started process (PID=2891) to work on /home/airflow/.local/lib/python3.11/site-packages/airflow/example_dags/example_subdag_operator.py
[2024-12-23T09:33:21.259+0000] {processor.py:830} INFO - Processing file /home/airflow/.local/lib/python3.11/site-packages/airflow/example_dags/example_subdag_operator.py for tasks to queue
[2024-12-23T09:33:21.260+0000] {logging_mixin.py:188} INFO - [2024-12-23T09:33:21.259+0000] {dagbag.py:538} INFO - Filling up the DagBag from /home/airflow/.local/lib/python3.11/site-packages/airflow/example_dags/example_subdag_operator.py
[2024-12-23T09:33:21.289+0000] {processor.py:840} INFO - DAG(s) 'example_subdag_operator.section-1', 'example_subdag_operator.section-2', 'example_subdag_operator' retrieved from /home/airflow/.local/lib/python3.11/site-packages/airflow/example_dags/example_subdag_operator.py
[2024-12-23T09:33:21.310+0000] {logging_mixin.py:188} INFO - [2024-12-23T09:33:21.310+0000] {dag.py:3036} INFO - Sync 3 DAGs
[2024-12-23T09:33:21.339+0000] {logging_mixin.py:188} INFO - [2024-12-23T09:33:21.338+0000] {dag.py:3823} INFO - Setting next_dagrun for example_subdag_operator to 2022-01-01 00:00:00+00:00, run_after=2022-01-01 00:00:00+00:00
[2024-12-23T09:33:21.343+0000] {logging_mixin.py:188} INFO - [2024-12-23T09:33:21.343+0000] {dag.py:3823} INFO - Setting next_dagrun for example_subdag_operator.section-1 to None, run_after=None
[2024-12-23T09:33:21.345+0000] {logging_mixin.py:188} INFO - [2024-12-23T09:33:21.345+0000] {dag.py:3823} INFO - Setting next_dagrun for example_subdag_operator.section-2 to None, run_after=None
[2024-12-23T09:33:21.354+0000] {logging_mixin.py:188} INFO - [2024-12-23T09:33:21.354+0000] {dag.py:3036} INFO - Sync 2 DAGs
[2024-12-23T09:33:21.360+0000] {logging_mixin.py:188} INFO - [2024-12-23T09:33:21.360+0000] {dag.py:3823} INFO - Setting next_dagrun for example_subdag_operator.section-1 to None, run_after=None
[2024-12-23T09:33:21.361+0000] {logging_mixin.py:188} INFO - [2024-12-23T09:33:21.361+0000] {dag.py:3823} INFO - Setting next_dagrun for example_subdag_operator.section-2 to None, run_after=None
[2024-12-23T09:33:21.378+0000] {processor.py:183} INFO - Processing /home/airflow/.local/lib/python3.11/site-packages/airflow/example_dags/example_subdag_operator.py took 0.124 seconds
[2024-12-23T09:33:51.814+0000] {processor.py:161} INFO - Started process (PID=2963) to work on /home/airflow/.local/lib/python3.11/site-packages/airflow/example_dags/example_subdag_operator.py
[2024-12-23T09:33:51.815+0000] {processor.py:830} INFO - Processing file /home/airflow/.local/lib/python3.11/site-packages/airflow/example_dags/example_subdag_operator.py for tasks to queue
[2024-12-23T09:33:51.817+0000] {logging_mixin.py:188} INFO - [2024-12-23T09:33:51.816+0000] {dagbag.py:538} INFO - Filling up the DagBag from /home/airflow/.local/lib/python3.11/site-packages/airflow/example_dags/example_subdag_operator.py
[2024-12-23T09:33:51.848+0000] {processor.py:840} INFO - DAG(s) 'example_subdag_operator.section-1', 'example_subdag_operator.section-2', 'example_subdag_operator' retrieved from /home/airflow/.local/lib/python3.11/site-packages/airflow/example_dags/example_subdag_operator.py
[2024-12-23T09:33:51.869+0000] {logging_mixin.py:188} INFO - [2024-12-23T09:33:51.869+0000] {dag.py:3036} INFO - Sync 3 DAGs
[2024-12-23T09:33:51.894+0000] {logging_mixin.py:188} INFO - [2024-12-23T09:33:51.893+0000] {dag.py:3823} INFO - Setting next_dagrun for example_subdag_operator to 2022-01-01 00:00:00+00:00, run_after=2022-01-01 00:00:00+00:00
[2024-12-23T09:33:51.898+0000] {logging_mixin.py:188} INFO - [2024-12-23T09:33:51.898+0000] {dag.py:3823} INFO - Setting next_dagrun for example_subdag_operator.section-1 to None, run_after=None
[2024-12-23T09:33:51.900+0000] {logging_mixin.py:188} INFO - [2024-12-23T09:33:51.900+0000] {dag.py:3823} INFO - Setting next_dagrun for example_subdag_operator.section-2 to None, run_after=None
[2024-12-23T09:33:51.908+0000] {logging_mixin.py:188} INFO - [2024-12-23T09:33:51.908+0000] {dag.py:3036} INFO - Sync 2 DAGs
[2024-12-23T09:33:51.914+0000] {logging_mixin.py:188} INFO - [2024-12-23T09:33:51.914+0000] {dag.py:3823} INFO - Setting next_dagrun for example_subdag_operator.section-1 to None, run_after=None
[2024-12-23T09:33:51.915+0000] {logging_mixin.py:188} INFO - [2024-12-23T09:33:51.915+0000] {dag.py:3823} INFO - Setting next_dagrun for example_subdag_operator.section-2 to None, run_after=None
[2024-12-23T09:33:51.929+0000] {processor.py:183} INFO - Processing /home/airflow/.local/lib/python3.11/site-packages/airflow/example_dags/example_subdag_operator.py took 0.119 seconds
[2024-12-23T09:34:22.540+0000] {processor.py:161} INFO - Started process (PID=3035) to work on /home/airflow/.local/lib/python3.11/site-packages/airflow/example_dags/example_subdag_operator.py
[2024-12-23T09:34:22.542+0000] {processor.py:830} INFO - Processing file /home/airflow/.local/lib/python3.11/site-packages/airflow/example_dags/example_subdag_operator.py for tasks to queue
[2024-12-23T09:34:22.544+0000] {logging_mixin.py:188} INFO - [2024-12-23T09:34:22.543+0000] {dagbag.py:538} INFO - Filling up the DagBag from /home/airflow/.local/lib/python3.11/site-packages/airflow/example_dags/example_subdag_operator.py
[2024-12-23T09:34:22.585+0000] {processor.py:840} INFO - DAG(s) 'example_subdag_operator.section-1', 'example_subdag_operator.section-2', 'example_subdag_operator' retrieved from /home/airflow/.local/lib/python3.11/site-packages/airflow/example_dags/example_subdag_operator.py
[2024-12-23T09:34:22.619+0000] {logging_mixin.py:188} INFO - [2024-12-23T09:34:22.619+0000] {dag.py:3036} INFO - Sync 3 DAGs
[2024-12-23T09:34:22.659+0000] {logging_mixin.py:188} INFO - [2024-12-23T09:34:22.658+0000] {dag.py:3823} INFO - Setting next_dagrun for example_subdag_operator to 2022-01-01 00:00:00+00:00, run_after=2022-01-01 00:00:00+00:00
[2024-12-23T09:34:22.664+0000] {logging_mixin.py:188} INFO - [2024-12-23T09:34:22.664+0000] {dag.py:3823} INFO - Setting next_dagrun for example_subdag_operator.section-1 to None, run_after=None
[2024-12-23T09:34:22.667+0000] {logging_mixin.py:188} INFO - [2024-12-23T09:34:22.667+0000] {dag.py:3823} INFO - Setting next_dagrun for example_subdag_operator.section-2 to None, run_after=None
[2024-12-23T09:34:22.679+0000] {logging_mixin.py:188} INFO - [2024-12-23T09:34:22.678+0000] {dag.py:3036} INFO - Sync 2 DAGs
[2024-12-23T09:34:22.686+0000] {logging_mixin.py:188} INFO - [2024-12-23T09:34:22.686+0000] {dag.py:3823} INFO - Setting next_dagrun for example_subdag_operator.section-1 to None, run_after=None
[2024-12-23T09:34:22.687+0000] {logging_mixin.py:188} INFO - [2024-12-23T09:34:22.687+0000] {dag.py:3823} INFO - Setting next_dagrun for example_subdag_operator.section-2 to None, run_after=None
[2024-12-23T09:34:22.704+0000] {processor.py:183} INFO - Processing /home/airflow/.local/lib/python3.11/site-packages/airflow/example_dags/example_subdag_operator.py took 0.169 seconds
[2024-12-23T09:34:53.551+0000] {processor.py:161} INFO - Started process (PID=3114) to work on /home/airflow/.local/lib/python3.11/site-packages/airflow/example_dags/example_subdag_operator.py
[2024-12-23T09:34:53.553+0000] {processor.py:830} INFO - Processing file /home/airflow/.local/lib/python3.11/site-packages/airflow/example_dags/example_subdag_operator.py for tasks to queue
[2024-12-23T09:34:53.554+0000] {logging_mixin.py:188} INFO - [2024-12-23T09:34:53.554+0000] {dagbag.py:538} INFO - Filling up the DagBag from /home/airflow/.local/lib/python3.11/site-packages/airflow/example_dags/example_subdag_operator.py
[2024-12-23T09:34:53.584+0000] {processor.py:840} INFO - DAG(s) 'example_subdag_operator.section-1', 'example_subdag_operator.section-2', 'example_subdag_operator' retrieved from /home/airflow/.local/lib/python3.11/site-packages/airflow/example_dags/example_subdag_operator.py
[2024-12-23T09:34:53.612+0000] {logging_mixin.py:188} INFO - [2024-12-23T09:34:53.612+0000] {dag.py:3036} INFO - Sync 3 DAGs
[2024-12-23T09:34:53.640+0000] {logging_mixin.py:188} INFO - [2024-12-23T09:34:53.640+0000] {dag.py:3823} INFO - Setting next_dagrun for example_subdag_operator to 2022-01-01 00:00:00+00:00, run_after=2022-01-01 00:00:00+00:00
[2024-12-23T09:34:53.645+0000] {logging_mixin.py:188} INFO - [2024-12-23T09:34:53.645+0000] {dag.py:3823} INFO - Setting next_dagrun for example_subdag_operator.section-1 to None, run_after=None
[2024-12-23T09:34:53.648+0000] {logging_mixin.py:188} INFO - [2024-12-23T09:34:53.647+0000] {dag.py:3823} INFO - Setting next_dagrun for example_subdag_operator.section-2 to None, run_after=None
[2024-12-23T09:34:53.660+0000] {logging_mixin.py:188} INFO - [2024-12-23T09:34:53.659+0000] {dag.py:3036} INFO - Sync 2 DAGs
[2024-12-23T09:34:53.668+0000] {logging_mixin.py:188} INFO - [2024-12-23T09:34:53.668+0000] {dag.py:3823} INFO - Setting next_dagrun for example_subdag_operator.section-1 to None, run_after=None
[2024-12-23T09:34:53.669+0000] {logging_mixin.py:188} INFO - [2024-12-23T09:34:53.669+0000] {dag.py:3823} INFO - Setting next_dagrun for example_subdag_operator.section-2 to None, run_after=None
[2024-12-23T09:34:53.688+0000] {processor.py:183} INFO - Processing /home/airflow/.local/lib/python3.11/site-packages/airflow/example_dags/example_subdag_operator.py took 0.141 seconds
[2024-12-23T09:35:24.339+0000] {processor.py:161} INFO - Started process (PID=3186) to work on /home/airflow/.local/lib/python3.11/site-packages/airflow/example_dags/example_subdag_operator.py
[2024-12-23T09:35:24.340+0000] {processor.py:830} INFO - Processing file /home/airflow/.local/lib/python3.11/site-packages/airflow/example_dags/example_subdag_operator.py for tasks to queue
[2024-12-23T09:35:24.341+0000] {logging_mixin.py:188} INFO - [2024-12-23T09:35:24.341+0000] {dagbag.py:538} INFO - Filling up the DagBag from /home/airflow/.local/lib/python3.11/site-packages/airflow/example_dags/example_subdag_operator.py
[2024-12-23T09:35:24.372+0000] {processor.py:840} INFO - DAG(s) 'example_subdag_operator.section-1', 'example_subdag_operator.section-2', 'example_subdag_operator' retrieved from /home/airflow/.local/lib/python3.11/site-packages/airflow/example_dags/example_subdag_operator.py
[2024-12-23T09:35:24.392+0000] {logging_mixin.py:188} INFO - [2024-12-23T09:35:24.392+0000] {dag.py:3036} INFO - Sync 3 DAGs
[2024-12-23T09:35:24.418+0000] {logging_mixin.py:188} INFO - [2024-12-23T09:35:24.418+0000] {dag.py:3823} INFO - Setting next_dagrun for example_subdag_operator to 2022-01-01 00:00:00+00:00, run_after=2022-01-01 00:00:00+00:00
[2024-12-23T09:35:24.422+0000] {logging_mixin.py:188} INFO - [2024-12-23T09:35:24.422+0000] {dag.py:3823} INFO - Setting next_dagrun for example_subdag_operator.section-1 to None, run_after=None
[2024-12-23T09:35:24.424+0000] {logging_mixin.py:188} INFO - [2024-12-23T09:35:24.424+0000] {dag.py:3823} INFO - Setting next_dagrun for example_subdag_operator.section-2 to None, run_after=None
[2024-12-23T09:35:24.432+0000] {logging_mixin.py:188} INFO - [2024-12-23T09:35:24.432+0000] {dag.py:3036} INFO - Sync 2 DAGs
[2024-12-23T09:35:24.438+0000] {logging_mixin.py:188} INFO - [2024-12-23T09:35:24.438+0000] {dag.py:3823} INFO - Setting next_dagrun for example_subdag_operator.section-1 to None, run_after=None
[2024-12-23T09:35:24.439+0000] {logging_mixin.py:188} INFO - [2024-12-23T09:35:24.439+0000] {dag.py:3823} INFO - Setting next_dagrun for example_subdag_operator.section-2 to None, run_after=None
[2024-12-23T09:35:24.455+0000] {processor.py:183} INFO - Processing /home/airflow/.local/lib/python3.11/site-packages/airflow/example_dags/example_subdag_operator.py took 0.120 seconds
[2024-12-23T09:35:54.574+0000] {processor.py:161} INFO - Started process (PID=3258) to work on /home/airflow/.local/lib/python3.11/site-packages/airflow/example_dags/example_subdag_operator.py
[2024-12-23T09:35:54.575+0000] {processor.py:830} INFO - Processing file /home/airflow/.local/lib/python3.11/site-packages/airflow/example_dags/example_subdag_operator.py for tasks to queue
[2024-12-23T09:35:54.577+0000] {logging_mixin.py:188} INFO - [2024-12-23T09:35:54.576+0000] {dagbag.py:538} INFO - Filling up the DagBag from /home/airflow/.local/lib/python3.11/site-packages/airflow/example_dags/example_subdag_operator.py
[2024-12-23T09:35:54.606+0000] {processor.py:840} INFO - DAG(s) 'example_subdag_operator.section-1', 'example_subdag_operator.section-2', 'example_subdag_operator' retrieved from /home/airflow/.local/lib/python3.11/site-packages/airflow/example_dags/example_subdag_operator.py
[2024-12-23T09:35:54.625+0000] {logging_mixin.py:188} INFO - [2024-12-23T09:35:54.625+0000] {dag.py:3036} INFO - Sync 3 DAGs
[2024-12-23T09:35:54.649+0000] {logging_mixin.py:188} INFO - [2024-12-23T09:35:54.649+0000] {dag.py:3823} INFO - Setting next_dagrun for example_subdag_operator to 2022-01-01 00:00:00+00:00, run_after=2022-01-01 00:00:00+00:00
[2024-12-23T09:35:54.654+0000] {logging_mixin.py:188} INFO - [2024-12-23T09:35:54.654+0000] {dag.py:3823} INFO - Setting next_dagrun for example_subdag_operator.section-1 to None, run_after=None
[2024-12-23T09:35:54.656+0000] {logging_mixin.py:188} INFO - [2024-12-23T09:35:54.656+0000] {dag.py:3823} INFO - Setting next_dagrun for example_subdag_operator.section-2 to None, run_after=None
[2024-12-23T09:35:54.665+0000] {logging_mixin.py:188} INFO - [2024-12-23T09:35:54.665+0000] {dag.py:3036} INFO - Sync 2 DAGs
[2024-12-23T09:35:54.671+0000] {logging_mixin.py:188} INFO - [2024-12-23T09:35:54.671+0000] {dag.py:3823} INFO - Setting next_dagrun for example_subdag_operator.section-1 to None, run_after=None
[2024-12-23T09:35:54.672+0000] {logging_mixin.py:188} INFO - [2024-12-23T09:35:54.672+0000] {dag.py:3823} INFO - Setting next_dagrun for example_subdag_operator.section-2 to None, run_after=None
[2024-12-23T09:35:54.686+0000] {processor.py:183} INFO - Processing /home/airflow/.local/lib/python3.11/site-packages/airflow/example_dags/example_subdag_operator.py took 0.116 seconds
[2024-12-23T09:36:25.563+0000] {processor.py:161} INFO - Started process (PID=3331) to work on /home/airflow/.local/lib/python3.11/site-packages/airflow/example_dags/example_subdag_operator.py
[2024-12-23T09:36:25.565+0000] {processor.py:830} INFO - Processing file /home/airflow/.local/lib/python3.11/site-packages/airflow/example_dags/example_subdag_operator.py for tasks to queue
[2024-12-23T09:36:25.566+0000] {logging_mixin.py:188} INFO - [2024-12-23T09:36:25.565+0000] {dagbag.py:538} INFO - Filling up the DagBag from /home/airflow/.local/lib/python3.11/site-packages/airflow/example_dags/example_subdag_operator.py
[2024-12-23T09:36:25.599+0000] {processor.py:840} INFO - DAG(s) 'example_subdag_operator.section-1', 'example_subdag_operator.section-2', 'example_subdag_operator' retrieved from /home/airflow/.local/lib/python3.11/site-packages/airflow/example_dags/example_subdag_operator.py
[2024-12-23T09:36:25.622+0000] {logging_mixin.py:188} INFO - [2024-12-23T09:36:25.622+0000] {dag.py:3036} INFO - Sync 3 DAGs
[2024-12-23T09:36:25.652+0000] {logging_mixin.py:188} INFO - [2024-12-23T09:36:25.651+0000] {dag.py:3823} INFO - Setting next_dagrun for example_subdag_operator to 2022-01-01 00:00:00+00:00, run_after=2022-01-01 00:00:00+00:00
[2024-12-23T09:36:25.658+0000] {logging_mixin.py:188} INFO - [2024-12-23T09:36:25.658+0000] {dag.py:3823} INFO - Setting next_dagrun for example_subdag_operator.section-1 to None, run_after=None
[2024-12-23T09:36:25.660+0000] {logging_mixin.py:188} INFO - [2024-12-23T09:36:25.660+0000] {dag.py:3823} INFO - Setting next_dagrun for example_subdag_operator.section-2 to None, run_after=None
[2024-12-23T09:36:25.670+0000] {logging_mixin.py:188} INFO - [2024-12-23T09:36:25.670+0000] {dag.py:3036} INFO - Sync 2 DAGs
[2024-12-23T09:36:25.678+0000] {logging_mixin.py:188} INFO - [2024-12-23T09:36:25.678+0000] {dag.py:3823} INFO - Setting next_dagrun for example_subdag_operator.section-1 to None, run_after=None
[2024-12-23T09:36:25.678+0000] {logging_mixin.py:188} INFO - [2024-12-23T09:36:25.678+0000] {dag.py:3823} INFO - Setting next_dagrun for example_subdag_operator.section-2 to None, run_after=None
[2024-12-23T09:36:25.693+0000] {processor.py:183} INFO - Processing /home/airflow/.local/lib/python3.11/site-packages/airflow/example_dags/example_subdag_operator.py took 0.134 seconds
[2024-12-23T09:36:55.918+0000] {processor.py:161} INFO - Started process (PID=3394) to work on /home/airflow/.local/lib/python3.11/site-packages/airflow/example_dags/example_subdag_operator.py
[2024-12-23T09:36:55.920+0000] {processor.py:830} INFO - Processing file /home/airflow/.local/lib/python3.11/site-packages/airflow/example_dags/example_subdag_operator.py for tasks to queue
[2024-12-23T09:36:55.922+0000] {logging_mixin.py:188} INFO - [2024-12-23T09:36:55.921+0000] {dagbag.py:538} INFO - Filling up the DagBag from /home/airflow/.local/lib/python3.11/site-packages/airflow/example_dags/example_subdag_operator.py
[2024-12-23T09:36:55.963+0000] {processor.py:840} INFO - DAG(s) 'example_subdag_operator.section-1', 'example_subdag_operator.section-2', 'example_subdag_operator' retrieved from /home/airflow/.local/lib/python3.11/site-packages/airflow/example_dags/example_subdag_operator.py
[2024-12-23T09:36:56.007+0000] {logging_mixin.py:188} INFO - [2024-12-23T09:36:56.007+0000] {dag.py:3036} INFO - Sync 3 DAGs
[2024-12-23T09:36:56.062+0000] {logging_mixin.py:188} INFO - [2024-12-23T09:36:56.062+0000] {dag.py:3823} INFO - Setting next_dagrun for example_subdag_operator to 2022-01-01 00:00:00+00:00, run_after=2022-01-01 00:00:00+00:00
[2024-12-23T09:36:56.069+0000] {logging_mixin.py:188} INFO - [2024-12-23T09:36:56.069+0000] {dag.py:3823} INFO - Setting next_dagrun for example_subdag_operator.section-1 to None, run_after=None
[2024-12-23T09:36:56.072+0000] {logging_mixin.py:188} INFO - [2024-12-23T09:36:56.071+0000] {dag.py:3823} INFO - Setting next_dagrun for example_subdag_operator.section-2 to None, run_after=None
[2024-12-23T09:36:56.086+0000] {logging_mixin.py:188} INFO - [2024-12-23T09:36:56.085+0000] {dag.py:3036} INFO - Sync 2 DAGs
[2024-12-23T09:36:56.094+0000] {logging_mixin.py:188} INFO - [2024-12-23T09:36:56.094+0000] {dag.py:3823} INFO - Setting next_dagrun for example_subdag_operator.section-1 to None, run_after=None
[2024-12-23T09:36:56.095+0000] {logging_mixin.py:188} INFO - [2024-12-23T09:36:56.095+0000] {dag.py:3823} INFO - Setting next_dagrun for example_subdag_operator.section-2 to None, run_after=None
[2024-12-23T09:36:56.122+0000] {processor.py:183} INFO - Processing /home/airflow/.local/lib/python3.11/site-packages/airflow/example_dags/example_subdag_operator.py took 0.210 seconds
[2024-12-23T09:37:26.174+0000] {processor.py:161} INFO - Started process (PID=3471) to work on /home/airflow/.local/lib/python3.11/site-packages/airflow/example_dags/example_subdag_operator.py
[2024-12-23T09:37:26.176+0000] {processor.py:830} INFO - Processing file /home/airflow/.local/lib/python3.11/site-packages/airflow/example_dags/example_subdag_operator.py for tasks to queue
[2024-12-23T09:37:26.178+0000] {logging_mixin.py:188} INFO - [2024-12-23T09:37:26.177+0000] {dagbag.py:538} INFO - Filling up the DagBag from /home/airflow/.local/lib/python3.11/site-packages/airflow/example_dags/example_subdag_operator.py
[2024-12-23T09:37:26.221+0000] {processor.py:840} INFO - DAG(s) 'example_subdag_operator.section-1', 'example_subdag_operator.section-2', 'example_subdag_operator' retrieved from /home/airflow/.local/lib/python3.11/site-packages/airflow/example_dags/example_subdag_operator.py
[2024-12-23T09:37:26.247+0000] {logging_mixin.py:188} INFO - [2024-12-23T09:37:26.247+0000] {dag.py:3036} INFO - Sync 3 DAGs
[2024-12-23T09:37:26.286+0000] {logging_mixin.py:188} INFO - [2024-12-23T09:37:26.286+0000] {dag.py:3823} INFO - Setting next_dagrun for example_subdag_operator to 2022-01-01 00:00:00+00:00, run_after=2022-01-01 00:00:00+00:00
[2024-12-23T09:37:26.293+0000] {logging_mixin.py:188} INFO - [2024-12-23T09:37:26.292+0000] {dag.py:3823} INFO - Setting next_dagrun for example_subdag_operator.section-1 to None, run_after=None
[2024-12-23T09:37:26.295+0000] {logging_mixin.py:188} INFO - [2024-12-23T09:37:26.295+0000] {dag.py:3823} INFO - Setting next_dagrun for example_subdag_operator.section-2 to None, run_after=None
[2024-12-23T09:37:26.307+0000] {logging_mixin.py:188} INFO - [2024-12-23T09:37:26.306+0000] {dag.py:3036} INFO - Sync 2 DAGs
[2024-12-23T09:37:26.315+0000] {logging_mixin.py:188} INFO - [2024-12-23T09:37:26.315+0000] {dag.py:3823} INFO - Setting next_dagrun for example_subdag_operator.section-1 to None, run_after=None
[2024-12-23T09:37:26.316+0000] {logging_mixin.py:188} INFO - [2024-12-23T09:37:26.315+0000] {dag.py:3823} INFO - Setting next_dagrun for example_subdag_operator.section-2 to None, run_after=None
[2024-12-23T09:37:26.341+0000] {processor.py:183} INFO - Processing /home/airflow/.local/lib/python3.11/site-packages/airflow/example_dags/example_subdag_operator.py took 0.175 seconds
[2024-12-23T09:37:56.459+0000] {processor.py:161} INFO - Started process (PID=3543) to work on /home/airflow/.local/lib/python3.11/site-packages/airflow/example_dags/example_subdag_operator.py
[2024-12-23T09:37:56.461+0000] {processor.py:830} INFO - Processing file /home/airflow/.local/lib/python3.11/site-packages/airflow/example_dags/example_subdag_operator.py for tasks to queue
[2024-12-23T09:37:56.472+0000] {logging_mixin.py:188} INFO - [2024-12-23T09:37:56.471+0000] {dagbag.py:538} INFO - Filling up the DagBag from /home/airflow/.local/lib/python3.11/site-packages/airflow/example_dags/example_subdag_operator.py
[2024-12-23T09:37:56.533+0000] {processor.py:840} INFO - DAG(s) 'example_subdag_operator.section-1', 'example_subdag_operator.section-2', 'example_subdag_operator' retrieved from /home/airflow/.local/lib/python3.11/site-packages/airflow/example_dags/example_subdag_operator.py
[2024-12-23T09:37:56.579+0000] {logging_mixin.py:188} INFO - [2024-12-23T09:37:56.579+0000] {dag.py:3036} INFO - Sync 3 DAGs
[2024-12-23T09:37:56.613+0000] {logging_mixin.py:188} INFO - [2024-12-23T09:37:56.613+0000] {dag.py:3823} INFO - Setting next_dagrun for example_subdag_operator to 2022-01-01 00:00:00+00:00, run_after=2022-01-01 00:00:00+00:00
[2024-12-23T09:37:56.618+0000] {logging_mixin.py:188} INFO - [2024-12-23T09:37:56.617+0000] {dag.py:3823} INFO - Setting next_dagrun for example_subdag_operator.section-1 to None, run_after=None
[2024-12-23T09:37:56.621+0000] {logging_mixin.py:188} INFO - [2024-12-23T09:37:56.621+0000] {dag.py:3823} INFO - Setting next_dagrun for example_subdag_operator.section-2 to None, run_after=None
[2024-12-23T09:37:56.634+0000] {logging_mixin.py:188} INFO - [2024-12-23T09:37:56.633+0000] {dag.py:3036} INFO - Sync 2 DAGs
[2024-12-23T09:37:56.641+0000] {logging_mixin.py:188} INFO - [2024-12-23T09:37:56.641+0000] {dag.py:3823} INFO - Setting next_dagrun for example_subdag_operator.section-1 to None, run_after=None
[2024-12-23T09:37:56.642+0000] {logging_mixin.py:188} INFO - [2024-12-23T09:37:56.642+0000] {dag.py:3823} INFO - Setting next_dagrun for example_subdag_operator.section-2 to None, run_after=None
[2024-12-23T09:37:56.658+0000] {processor.py:183} INFO - Processing /home/airflow/.local/lib/python3.11/site-packages/airflow/example_dags/example_subdag_operator.py took 0.205 seconds
[2024-12-23T09:38:26.729+0000] {processor.py:161} INFO - Started process (PID=3615) to work on /home/airflow/.local/lib/python3.11/site-packages/airflow/example_dags/example_subdag_operator.py
[2024-12-23T09:38:26.730+0000] {processor.py:830} INFO - Processing file /home/airflow/.local/lib/python3.11/site-packages/airflow/example_dags/example_subdag_operator.py for tasks to queue
[2024-12-23T09:38:26.731+0000] {logging_mixin.py:188} INFO - [2024-12-23T09:38:26.731+0000] {dagbag.py:538} INFO - Filling up the DagBag from /home/airflow/.local/lib/python3.11/site-packages/airflow/example_dags/example_subdag_operator.py
[2024-12-23T09:38:26.765+0000] {processor.py:840} INFO - DAG(s) 'example_subdag_operator.section-1', 'example_subdag_operator.section-2', 'example_subdag_operator' retrieved from /home/airflow/.local/lib/python3.11/site-packages/airflow/example_dags/example_subdag_operator.py
[2024-12-23T09:38:26.789+0000] {logging_mixin.py:188} INFO - [2024-12-23T09:38:26.789+0000] {dag.py:3036} INFO - Sync 3 DAGs
[2024-12-23T09:38:26.817+0000] {logging_mixin.py:188} INFO - [2024-12-23T09:38:26.817+0000] {dag.py:3823} INFO - Setting next_dagrun for example_subdag_operator to 2022-01-01 00:00:00+00:00, run_after=2022-01-01 00:00:00+00:00
[2024-12-23T09:38:26.822+0000] {logging_mixin.py:188} INFO - [2024-12-23T09:38:26.822+0000] {dag.py:3823} INFO - Setting next_dagrun for example_subdag_operator.section-1 to None, run_after=None
[2024-12-23T09:38:26.824+0000] {logging_mixin.py:188} INFO - [2024-12-23T09:38:26.824+0000] {dag.py:3823} INFO - Setting next_dagrun for example_subdag_operator.section-2 to None, run_after=None
[2024-12-23T09:38:26.833+0000] {logging_mixin.py:188} INFO - [2024-12-23T09:38:26.833+0000] {dag.py:3036} INFO - Sync 2 DAGs
[2024-12-23T09:38:26.841+0000] {logging_mixin.py:188} INFO - [2024-12-23T09:38:26.840+0000] {dag.py:3823} INFO - Setting next_dagrun for example_subdag_operator.section-1 to None, run_after=None
[2024-12-23T09:38:26.841+0000] {logging_mixin.py:188} INFO - [2024-12-23T09:38:26.841+0000] {dag.py:3823} INFO - Setting next_dagrun for example_subdag_operator.section-2 to None, run_after=None
[2024-12-23T09:38:26.860+0000] {processor.py:183} INFO - Processing /home/airflow/.local/lib/python3.11/site-packages/airflow/example_dags/example_subdag_operator.py took 0.136 seconds
[2024-12-23T09:38:57.235+0000] {processor.py:161} INFO - Started process (PID=3688) to work on /home/airflow/.local/lib/python3.11/site-packages/airflow/example_dags/example_subdag_operator.py
[2024-12-23T09:38:57.236+0000] {processor.py:830} INFO - Processing file /home/airflow/.local/lib/python3.11/site-packages/airflow/example_dags/example_subdag_operator.py for tasks to queue
[2024-12-23T09:38:57.238+0000] {logging_mixin.py:188} INFO - [2024-12-23T09:38:57.237+0000] {dagbag.py:538} INFO - Filling up the DagBag from /home/airflow/.local/lib/python3.11/site-packages/airflow/example_dags/example_subdag_operator.py
[2024-12-23T09:38:57.271+0000] {processor.py:840} INFO - DAG(s) 'example_subdag_operator.section-1', 'example_subdag_operator.section-2', 'example_subdag_operator' retrieved from /home/airflow/.local/lib/python3.11/site-packages/airflow/example_dags/example_subdag_operator.py
[2024-12-23T09:38:57.293+0000] {logging_mixin.py:188} INFO - [2024-12-23T09:38:57.293+0000] {dag.py:3036} INFO - Sync 3 DAGs
[2024-12-23T09:38:57.324+0000] {logging_mixin.py:188} INFO - [2024-12-23T09:38:57.323+0000] {dag.py:3823} INFO - Setting next_dagrun for example_subdag_operator to 2022-01-01 00:00:00+00:00, run_after=2022-01-01 00:00:00+00:00
[2024-12-23T09:38:57.328+0000] {logging_mixin.py:188} INFO - [2024-12-23T09:38:57.328+0000] {dag.py:3823} INFO - Setting next_dagrun for example_subdag_operator.section-1 to None, run_after=None
[2024-12-23T09:38:57.330+0000] {logging_mixin.py:188} INFO - [2024-12-23T09:38:57.330+0000] {dag.py:3823} INFO - Setting next_dagrun for example_subdag_operator.section-2 to None, run_after=None
[2024-12-23T09:38:57.339+0000] {logging_mixin.py:188} INFO - [2024-12-23T09:38:57.339+0000] {dag.py:3036} INFO - Sync 2 DAGs
[2024-12-23T09:38:57.346+0000] {logging_mixin.py:188} INFO - [2024-12-23T09:38:57.346+0000] {dag.py:3823} INFO - Setting next_dagrun for example_subdag_operator.section-1 to None, run_after=None
[2024-12-23T09:38:57.347+0000] {logging_mixin.py:188} INFO - [2024-12-23T09:38:57.346+0000] {dag.py:3823} INFO - Setting next_dagrun for example_subdag_operator.section-2 to None, run_after=None
[2024-12-23T09:38:57.362+0000] {processor.py:183} INFO - Processing /home/airflow/.local/lib/python3.11/site-packages/airflow/example_dags/example_subdag_operator.py took 0.132 seconds
[2024-12-23T09:39:27.942+0000] {processor.py:161} INFO - Started process (PID=3767) to work on /home/airflow/.local/lib/python3.11/site-packages/airflow/example_dags/example_subdag_operator.py
[2024-12-23T09:39:27.943+0000] {processor.py:830} INFO - Processing file /home/airflow/.local/lib/python3.11/site-packages/airflow/example_dags/example_subdag_operator.py for tasks to queue
[2024-12-23T09:39:27.944+0000] {logging_mixin.py:188} INFO - [2024-12-23T09:39:27.944+0000] {dagbag.py:538} INFO - Filling up the DagBag from /home/airflow/.local/lib/python3.11/site-packages/airflow/example_dags/example_subdag_operator.py
[2024-12-23T09:39:27.975+0000] {processor.py:840} INFO - DAG(s) 'example_subdag_operator.section-1', 'example_subdag_operator.section-2', 'example_subdag_operator' retrieved from /home/airflow/.local/lib/python3.11/site-packages/airflow/example_dags/example_subdag_operator.py
[2024-12-23T09:39:27.996+0000] {logging_mixin.py:188} INFO - [2024-12-23T09:39:27.996+0000] {dag.py:3036} INFO - Sync 3 DAGs
[2024-12-23T09:39:28.023+0000] {logging_mixin.py:188} INFO - [2024-12-23T09:39:28.022+0000] {dag.py:3823} INFO - Setting next_dagrun for example_subdag_operator to 2022-01-01 00:00:00+00:00, run_after=2022-01-01 00:00:00+00:00
[2024-12-23T09:39:28.027+0000] {logging_mixin.py:188} INFO - [2024-12-23T09:39:28.027+0000] {dag.py:3823} INFO - Setting next_dagrun for example_subdag_operator.section-1 to None, run_after=None
[2024-12-23T09:39:28.029+0000] {logging_mixin.py:188} INFO - [2024-12-23T09:39:28.029+0000] {dag.py:3823} INFO - Setting next_dagrun for example_subdag_operator.section-2 to None, run_after=None
[2024-12-23T09:39:28.038+0000] {logging_mixin.py:188} INFO - [2024-12-23T09:39:28.037+0000] {dag.py:3036} INFO - Sync 2 DAGs
[2024-12-23T09:39:28.044+0000] {logging_mixin.py:188} INFO - [2024-12-23T09:39:28.044+0000] {dag.py:3823} INFO - Setting next_dagrun for example_subdag_operator.section-1 to None, run_after=None
[2024-12-23T09:39:28.045+0000] {logging_mixin.py:188} INFO - [2024-12-23T09:39:28.045+0000] {dag.py:3823} INFO - Setting next_dagrun for example_subdag_operator.section-2 to None, run_after=None
[2024-12-23T09:39:28.066+0000] {processor.py:183} INFO - Processing /home/airflow/.local/lib/python3.11/site-packages/airflow/example_dags/example_subdag_operator.py took 0.128 seconds
[2024-12-23T09:39:58.434+0000] {processor.py:161} INFO - Started process (PID=3839) to work on /home/airflow/.local/lib/python3.11/site-packages/airflow/example_dags/example_subdag_operator.py
[2024-12-23T09:39:58.435+0000] {processor.py:830} INFO - Processing file /home/airflow/.local/lib/python3.11/site-packages/airflow/example_dags/example_subdag_operator.py for tasks to queue
[2024-12-23T09:39:58.437+0000] {logging_mixin.py:188} INFO - [2024-12-23T09:39:58.437+0000] {dagbag.py:538} INFO - Filling up the DagBag from /home/airflow/.local/lib/python3.11/site-packages/airflow/example_dags/example_subdag_operator.py
[2024-12-23T09:39:58.486+0000] {processor.py:840} INFO - DAG(s) 'example_subdag_operator.section-1', 'example_subdag_operator.section-2', 'example_subdag_operator' retrieved from /home/airflow/.local/lib/python3.11/site-packages/airflow/example_dags/example_subdag_operator.py
[2024-12-23T09:39:58.517+0000] {logging_mixin.py:188} INFO - [2024-12-23T09:39:58.516+0000] {dag.py:3036} INFO - Sync 3 DAGs
[2024-12-23T09:39:58.545+0000] {logging_mixin.py:188} INFO - [2024-12-23T09:39:58.545+0000] {dag.py:3823} INFO - Setting next_dagrun for example_subdag_operator to 2022-01-01 00:00:00+00:00, run_after=2022-01-01 00:00:00+00:00
[2024-12-23T09:39:58.550+0000] {logging_mixin.py:188} INFO - [2024-12-23T09:39:58.550+0000] {dag.py:3823} INFO - Setting next_dagrun for example_subdag_operator.section-1 to None, run_after=None
[2024-12-23T09:39:58.552+0000] {logging_mixin.py:188} INFO - [2024-12-23T09:39:58.552+0000] {dag.py:3823} INFO - Setting next_dagrun for example_subdag_operator.section-2 to None, run_after=None
[2024-12-23T09:39:58.561+0000] {logging_mixin.py:188} INFO - [2024-12-23T09:39:58.561+0000] {dag.py:3036} INFO - Sync 2 DAGs
[2024-12-23T09:39:58.568+0000] {logging_mixin.py:188} INFO - [2024-12-23T09:39:58.568+0000] {dag.py:3823} INFO - Setting next_dagrun for example_subdag_operator.section-1 to None, run_after=None
[2024-12-23T09:39:58.569+0000] {logging_mixin.py:188} INFO - [2024-12-23T09:39:58.569+0000] {dag.py:3823} INFO - Setting next_dagrun for example_subdag_operator.section-2 to None, run_after=None
[2024-12-23T09:39:58.593+0000] {processor.py:183} INFO - Processing /home/airflow/.local/lib/python3.11/site-packages/airflow/example_dags/example_subdag_operator.py took 0.165 seconds
[2024-12-23T09:40:29.098+0000] {processor.py:161} INFO - Started process (PID=3911) to work on /home/airflow/.local/lib/python3.11/site-packages/airflow/example_dags/example_subdag_operator.py
[2024-12-23T09:40:29.099+0000] {processor.py:830} INFO - Processing file /home/airflow/.local/lib/python3.11/site-packages/airflow/example_dags/example_subdag_operator.py for tasks to queue
[2024-12-23T09:40:29.101+0000] {logging_mixin.py:188} INFO - [2024-12-23T09:40:29.100+0000] {dagbag.py:538} INFO - Filling up the DagBag from /home/airflow/.local/lib/python3.11/site-packages/airflow/example_dags/example_subdag_operator.py
[2024-12-23T09:40:29.130+0000] {processor.py:840} INFO - DAG(s) 'example_subdag_operator.section-1', 'example_subdag_operator.section-2', 'example_subdag_operator' retrieved from /home/airflow/.local/lib/python3.11/site-packages/airflow/example_dags/example_subdag_operator.py
[2024-12-23T09:40:29.156+0000] {logging_mixin.py:188} INFO - [2024-12-23T09:40:29.156+0000] {dag.py:3036} INFO - Sync 3 DAGs
[2024-12-23T09:40:29.185+0000] {logging_mixin.py:188} INFO - [2024-12-23T09:40:29.185+0000] {dag.py:3823} INFO - Setting next_dagrun for example_subdag_operator to 2022-01-01 00:00:00+00:00, run_after=2022-01-01 00:00:00+00:00
[2024-12-23T09:40:29.190+0000] {logging_mixin.py:188} INFO - [2024-12-23T09:40:29.190+0000] {dag.py:3823} INFO - Setting next_dagrun for example_subdag_operator.section-1 to None, run_after=None
[2024-12-23T09:40:29.192+0000] {logging_mixin.py:188} INFO - [2024-12-23T09:40:29.192+0000] {dag.py:3823} INFO - Setting next_dagrun for example_subdag_operator.section-2 to None, run_after=None
[2024-12-23T09:40:29.202+0000] {logging_mixin.py:188} INFO - [2024-12-23T09:40:29.201+0000] {dag.py:3036} INFO - Sync 2 DAGs
[2024-12-23T09:40:29.209+0000] {logging_mixin.py:188} INFO - [2024-12-23T09:40:29.208+0000] {dag.py:3823} INFO - Setting next_dagrun for example_subdag_operator.section-1 to None, run_after=None
[2024-12-23T09:40:29.210+0000] {logging_mixin.py:188} INFO - [2024-12-23T09:40:29.209+0000] {dag.py:3823} INFO - Setting next_dagrun for example_subdag_operator.section-2 to None, run_after=None
[2024-12-23T09:40:29.238+0000] {processor.py:183} INFO - Processing /home/airflow/.local/lib/python3.11/site-packages/airflow/example_dags/example_subdag_operator.py took 0.144 seconds
[2024-12-23T09:40:59.877+0000] {processor.py:161} INFO - Started process (PID=3990) to work on /home/airflow/.local/lib/python3.11/site-packages/airflow/example_dags/example_subdag_operator.py
[2024-12-23T09:40:59.879+0000] {processor.py:830} INFO - Processing file /home/airflow/.local/lib/python3.11/site-packages/airflow/example_dags/example_subdag_operator.py for tasks to queue
[2024-12-23T09:40:59.880+0000] {logging_mixin.py:188} INFO - [2024-12-23T09:40:59.880+0000] {dagbag.py:538} INFO - Filling up the DagBag from /home/airflow/.local/lib/python3.11/site-packages/airflow/example_dags/example_subdag_operator.py
[2024-12-23T09:40:59.916+0000] {processor.py:840} INFO - DAG(s) 'example_subdag_operator.section-1', 'example_subdag_operator.section-2', 'example_subdag_operator' retrieved from /home/airflow/.local/lib/python3.11/site-packages/airflow/example_dags/example_subdag_operator.py
[2024-12-23T09:40:59.939+0000] {logging_mixin.py:188} INFO - [2024-12-23T09:40:59.939+0000] {dag.py:3036} INFO - Sync 3 DAGs
[2024-12-23T09:40:59.967+0000] {logging_mixin.py:188} INFO - [2024-12-23T09:40:59.966+0000] {dag.py:3823} INFO - Setting next_dagrun for example_subdag_operator to 2022-01-01 00:00:00+00:00, run_after=2022-01-01 00:00:00+00:00
[2024-12-23T09:40:59.971+0000] {logging_mixin.py:188} INFO - [2024-12-23T09:40:59.971+0000] {dag.py:3823} INFO - Setting next_dagrun for example_subdag_operator.section-1 to None, run_after=None
[2024-12-23T09:40:59.973+0000] {logging_mixin.py:188} INFO - [2024-12-23T09:40:59.973+0000] {dag.py:3823} INFO - Setting next_dagrun for example_subdag_operator.section-2 to None, run_after=None
[2024-12-23T09:40:59.984+0000] {logging_mixin.py:188} INFO - [2024-12-23T09:40:59.984+0000] {dag.py:3036} INFO - Sync 2 DAGs
[2024-12-23T09:40:59.990+0000] {logging_mixin.py:188} INFO - [2024-12-23T09:40:59.990+0000] {dag.py:3823} INFO - Setting next_dagrun for example_subdag_operator.section-1 to None, run_after=None
[2024-12-23T09:40:59.991+0000] {logging_mixin.py:188} INFO - [2024-12-23T09:40:59.990+0000] {dag.py:3823} INFO - Setting next_dagrun for example_subdag_operator.section-2 to None, run_after=None
[2024-12-23T09:41:00.014+0000] {processor.py:183} INFO - Processing /home/airflow/.local/lib/python3.11/site-packages/airflow/example_dags/example_subdag_operator.py took 0.141 seconds
[2024-12-23T09:41:30.363+0000] {processor.py:161} INFO - Started process (PID=4054) to work on /home/airflow/.local/lib/python3.11/site-packages/airflow/example_dags/example_subdag_operator.py
[2024-12-23T09:41:30.366+0000] {processor.py:830} INFO - Processing file /home/airflow/.local/lib/python3.11/site-packages/airflow/example_dags/example_subdag_operator.py for tasks to queue
[2024-12-23T09:41:30.369+0000] {logging_mixin.py:188} INFO - [2024-12-23T09:41:30.368+0000] {dagbag.py:538} INFO - Filling up the DagBag from /home/airflow/.local/lib/python3.11/site-packages/airflow/example_dags/example_subdag_operator.py
[2024-12-23T09:41:30.416+0000] {processor.py:840} INFO - DAG(s) 'example_subdag_operator.section-1', 'example_subdag_operator.section-2', 'example_subdag_operator' retrieved from /home/airflow/.local/lib/python3.11/site-packages/airflow/example_dags/example_subdag_operator.py
[2024-12-23T09:41:30.443+0000] {logging_mixin.py:188} INFO - [2024-12-23T09:41:30.442+0000] {dag.py:3036} INFO - Sync 3 DAGs
[2024-12-23T09:41:30.467+0000] {logging_mixin.py:188} INFO - [2024-12-23T09:41:30.466+0000] {dag.py:3823} INFO - Setting next_dagrun for example_subdag_operator to 2022-01-01 00:00:00+00:00, run_after=2022-01-01 00:00:00+00:00
[2024-12-23T09:41:30.471+0000] {logging_mixin.py:188} INFO - [2024-12-23T09:41:30.471+0000] {dag.py:3823} INFO - Setting next_dagrun for example_subdag_operator.section-1 to None, run_after=None
[2024-12-23T09:41:30.473+0000] {logging_mixin.py:188} INFO - [2024-12-23T09:41:30.473+0000] {dag.py:3823} INFO - Setting next_dagrun for example_subdag_operator.section-2 to None, run_after=None
[2024-12-23T09:41:30.483+0000] {logging_mixin.py:188} INFO - [2024-12-23T09:41:30.483+0000] {dag.py:3036} INFO - Sync 2 DAGs
[2024-12-23T09:41:30.490+0000] {logging_mixin.py:188} INFO - [2024-12-23T09:41:30.490+0000] {dag.py:3823} INFO - Setting next_dagrun for example_subdag_operator.section-1 to None, run_after=None
[2024-12-23T09:41:30.491+0000] {logging_mixin.py:188} INFO - [2024-12-23T09:41:30.490+0000] {dag.py:3823} INFO - Setting next_dagrun for example_subdag_operator.section-2 to None, run_after=None
[2024-12-23T09:41:30.507+0000] {processor.py:183} INFO - Processing /home/airflow/.local/lib/python3.11/site-packages/airflow/example_dags/example_subdag_operator.py took 0.154 seconds
[2024-12-23T09:42:00.625+0000] {processor.py:161} INFO - Started process (PID=4124) to work on /home/airflow/.local/lib/python3.11/site-packages/airflow/example_dags/example_subdag_operator.py
[2024-12-23T09:42:00.627+0000] {processor.py:830} INFO - Processing file /home/airflow/.local/lib/python3.11/site-packages/airflow/example_dags/example_subdag_operator.py for tasks to queue
[2024-12-23T09:42:00.628+0000] {logging_mixin.py:188} INFO - [2024-12-23T09:42:00.628+0000] {dagbag.py:538} INFO - Filling up the DagBag from /home/airflow/.local/lib/python3.11/site-packages/airflow/example_dags/example_subdag_operator.py
[2024-12-23T09:42:00.666+0000] {processor.py:840} INFO - DAG(s) 'example_subdag_operator.section-1', 'example_subdag_operator.section-2', 'example_subdag_operator' retrieved from /home/airflow/.local/lib/python3.11/site-packages/airflow/example_dags/example_subdag_operator.py
[2024-12-23T09:42:00.687+0000] {logging_mixin.py:188} INFO - [2024-12-23T09:42:00.687+0000] {dag.py:3036} INFO - Sync 3 DAGs
[2024-12-23T09:42:00.714+0000] {logging_mixin.py:188} INFO - [2024-12-23T09:42:00.714+0000] {dag.py:3823} INFO - Setting next_dagrun for example_subdag_operator to 2022-01-01 00:00:00+00:00, run_after=2022-01-01 00:00:00+00:00
[2024-12-23T09:42:00.718+0000] {logging_mixin.py:188} INFO - [2024-12-23T09:42:00.718+0000] {dag.py:3823} INFO - Setting next_dagrun for example_subdag_operator.section-1 to None, run_after=None
[2024-12-23T09:42:00.720+0000] {logging_mixin.py:188} INFO - [2024-12-23T09:42:00.720+0000] {dag.py:3823} INFO - Setting next_dagrun for example_subdag_operator.section-2 to None, run_after=None
[2024-12-23T09:42:00.731+0000] {logging_mixin.py:188} INFO - [2024-12-23T09:42:00.730+0000] {dag.py:3036} INFO - Sync 2 DAGs
[2024-12-23T09:42:00.738+0000] {logging_mixin.py:188} INFO - [2024-12-23T09:42:00.738+0000] {dag.py:3823} INFO - Setting next_dagrun for example_subdag_operator.section-1 to None, run_after=None
[2024-12-23T09:42:00.739+0000] {logging_mixin.py:188} INFO - [2024-12-23T09:42:00.739+0000] {dag.py:3823} INFO - Setting next_dagrun for example_subdag_operator.section-2 to None, run_after=None
[2024-12-23T09:42:00.755+0000] {processor.py:183} INFO - Processing /home/airflow/.local/lib/python3.11/site-packages/airflow/example_dags/example_subdag_operator.py took 0.134 seconds
[2024-12-23T09:42:30.941+0000] {processor.py:161} INFO - Started process (PID=4196) to work on /home/airflow/.local/lib/python3.11/site-packages/airflow/example_dags/example_subdag_operator.py
[2024-12-23T09:42:30.943+0000] {processor.py:830} INFO - Processing file /home/airflow/.local/lib/python3.11/site-packages/airflow/example_dags/example_subdag_operator.py for tasks to queue
[2024-12-23T09:42:30.944+0000] {logging_mixin.py:188} INFO - [2024-12-23T09:42:30.944+0000] {dagbag.py:538} INFO - Filling up the DagBag from /home/airflow/.local/lib/python3.11/site-packages/airflow/example_dags/example_subdag_operator.py
[2024-12-23T09:42:30.975+0000] {processor.py:840} INFO - DAG(s) 'example_subdag_operator.section-1', 'example_subdag_operator.section-2', 'example_subdag_operator' retrieved from /home/airflow/.local/lib/python3.11/site-packages/airflow/example_dags/example_subdag_operator.py
[2024-12-23T09:42:30.994+0000] {logging_mixin.py:188} INFO - [2024-12-23T09:42:30.994+0000] {dag.py:3036} INFO - Sync 3 DAGs
[2024-12-23T09:42:31.017+0000] {logging_mixin.py:188} INFO - [2024-12-23T09:42:31.017+0000] {dag.py:3823} INFO - Setting next_dagrun for example_subdag_operator to 2022-01-01 00:00:00+00:00, run_after=2022-01-01 00:00:00+00:00
[2024-12-23T09:42:31.021+0000] {logging_mixin.py:188} INFO - [2024-12-23T09:42:31.021+0000] {dag.py:3823} INFO - Setting next_dagrun for example_subdag_operator.section-1 to None, run_after=None
[2024-12-23T09:42:31.023+0000] {logging_mixin.py:188} INFO - [2024-12-23T09:42:31.023+0000] {dag.py:3823} INFO - Setting next_dagrun for example_subdag_operator.section-2 to None, run_after=None
[2024-12-23T09:42:31.031+0000] {logging_mixin.py:188} INFO - [2024-12-23T09:42:31.031+0000] {dag.py:3036} INFO - Sync 2 DAGs
[2024-12-23T09:42:31.038+0000] {logging_mixin.py:188} INFO - [2024-12-23T09:42:31.038+0000] {dag.py:3823} INFO - Setting next_dagrun for example_subdag_operator.section-1 to None, run_after=None
[2024-12-23T09:42:31.039+0000] {logging_mixin.py:188} INFO - [2024-12-23T09:42:31.039+0000] {dag.py:3823} INFO - Setting next_dagrun for example_subdag_operator.section-2 to None, run_after=None
[2024-12-23T09:42:31.054+0000] {processor.py:183} INFO - Processing /home/airflow/.local/lib/python3.11/site-packages/airflow/example_dags/example_subdag_operator.py took 0.118 seconds
[2024-12-23T09:43:01.120+0000] {processor.py:161} INFO - Started process (PID=4275) to work on /home/airflow/.local/lib/python3.11/site-packages/airflow/example_dags/example_subdag_operator.py
[2024-12-23T09:43:01.121+0000] {processor.py:830} INFO - Processing file /home/airflow/.local/lib/python3.11/site-packages/airflow/example_dags/example_subdag_operator.py for tasks to queue
[2024-12-23T09:43:01.123+0000] {logging_mixin.py:188} INFO - [2024-12-23T09:43:01.122+0000] {dagbag.py:538} INFO - Filling up the DagBag from /home/airflow/.local/lib/python3.11/site-packages/airflow/example_dags/example_subdag_operator.py
[2024-12-23T09:43:01.157+0000] {processor.py:840} INFO - DAG(s) 'example_subdag_operator.section-1', 'example_subdag_operator.section-2', 'example_subdag_operator' retrieved from /home/airflow/.local/lib/python3.11/site-packages/airflow/example_dags/example_subdag_operator.py
[2024-12-23T09:43:01.179+0000] {logging_mixin.py:188} INFO - [2024-12-23T09:43:01.178+0000] {dag.py:3036} INFO - Sync 3 DAGs
[2024-12-23T09:43:01.205+0000] {logging_mixin.py:188} INFO - [2024-12-23T09:43:01.205+0000] {dag.py:3823} INFO - Setting next_dagrun for example_subdag_operator to 2022-01-01 00:00:00+00:00, run_after=2022-01-01 00:00:00+00:00
[2024-12-23T09:43:01.210+0000] {logging_mixin.py:188} INFO - [2024-12-23T09:43:01.209+0000] {dag.py:3823} INFO - Setting next_dagrun for example_subdag_operator.section-1 to None, run_after=None
[2024-12-23T09:43:01.211+0000] {logging_mixin.py:188} INFO - [2024-12-23T09:43:01.211+0000] {dag.py:3823} INFO - Setting next_dagrun for example_subdag_operator.section-2 to None, run_after=None
[2024-12-23T09:43:01.220+0000] {logging_mixin.py:188} INFO - [2024-12-23T09:43:01.220+0000] {dag.py:3036} INFO - Sync 2 DAGs
[2024-12-23T09:43:01.228+0000] {logging_mixin.py:188} INFO - [2024-12-23T09:43:01.227+0000] {dag.py:3823} INFO - Setting next_dagrun for example_subdag_operator.section-1 to None, run_after=None
[2024-12-23T09:43:01.229+0000] {logging_mixin.py:188} INFO - [2024-12-23T09:43:01.228+0000] {dag.py:3823} INFO - Setting next_dagrun for example_subdag_operator.section-2 to None, run_after=None
[2024-12-23T09:43:01.244+0000] {processor.py:183} INFO - Processing /home/airflow/.local/lib/python3.11/site-packages/airflow/example_dags/example_subdag_operator.py took 0.130 seconds
[2024-12-23T09:43:31.394+0000] {processor.py:161} INFO - Started process (PID=4348) to work on /home/airflow/.local/lib/python3.11/site-packages/airflow/example_dags/example_subdag_operator.py
[2024-12-23T09:43:31.395+0000] {processor.py:830} INFO - Processing file /home/airflow/.local/lib/python3.11/site-packages/airflow/example_dags/example_subdag_operator.py for tasks to queue
[2024-12-23T09:43:31.397+0000] {logging_mixin.py:188} INFO - [2024-12-23T09:43:31.396+0000] {dagbag.py:538} INFO - Filling up the DagBag from /home/airflow/.local/lib/python3.11/site-packages/airflow/example_dags/example_subdag_operator.py
[2024-12-23T09:43:31.439+0000] {processor.py:840} INFO - DAG(s) 'example_subdag_operator.section-1', 'example_subdag_operator.section-2', 'example_subdag_operator' retrieved from /home/airflow/.local/lib/python3.11/site-packages/airflow/example_dags/example_subdag_operator.py
[2024-12-23T09:43:31.471+0000] {logging_mixin.py:188} INFO - [2024-12-23T09:43:31.471+0000] {dag.py:3036} INFO - Sync 3 DAGs
[2024-12-23T09:43:31.504+0000] {logging_mixin.py:188} INFO - [2024-12-23T09:43:31.504+0000] {dag.py:3823} INFO - Setting next_dagrun for example_subdag_operator to 2022-01-01 00:00:00+00:00, run_after=2022-01-01 00:00:00+00:00
[2024-12-23T09:43:31.510+0000] {logging_mixin.py:188} INFO - [2024-12-23T09:43:31.510+0000] {dag.py:3823} INFO - Setting next_dagrun for example_subdag_operator.section-1 to None, run_after=None
[2024-12-23T09:43:31.512+0000] {logging_mixin.py:188} INFO - [2024-12-23T09:43:31.512+0000] {dag.py:3823} INFO - Setting next_dagrun for example_subdag_operator.section-2 to None, run_after=None
[2024-12-23T09:43:31.523+0000] {logging_mixin.py:188} INFO - [2024-12-23T09:43:31.523+0000] {dag.py:3036} INFO - Sync 2 DAGs
[2024-12-23T09:43:31.533+0000] {logging_mixin.py:188} INFO - [2024-12-23T09:43:31.533+0000] {dag.py:3823} INFO - Setting next_dagrun for example_subdag_operator.section-1 to None, run_after=None
[2024-12-23T09:43:31.534+0000] {logging_mixin.py:188} INFO - [2024-12-23T09:43:31.534+0000] {dag.py:3823} INFO - Setting next_dagrun for example_subdag_operator.section-2 to None, run_after=None
[2024-12-23T09:43:31.550+0000] {processor.py:183} INFO - Processing /home/airflow/.local/lib/python3.11/site-packages/airflow/example_dags/example_subdag_operator.py took 0.163 seconds
[2024-12-23T09:44:01.722+0000] {processor.py:161} INFO - Started process (PID=4420) to work on /home/airflow/.local/lib/python3.11/site-packages/airflow/example_dags/example_subdag_operator.py
[2024-12-23T09:44:01.723+0000] {processor.py:830} INFO - Processing file /home/airflow/.local/lib/python3.11/site-packages/airflow/example_dags/example_subdag_operator.py for tasks to queue
[2024-12-23T09:44:01.725+0000] {logging_mixin.py:188} INFO - [2024-12-23T09:44:01.724+0000] {dagbag.py:538} INFO - Filling up the DagBag from /home/airflow/.local/lib/python3.11/site-packages/airflow/example_dags/example_subdag_operator.py
[2024-12-23T09:44:01.758+0000] {processor.py:840} INFO - DAG(s) 'example_subdag_operator.section-1', 'example_subdag_operator.section-2', 'example_subdag_operator' retrieved from /home/airflow/.local/lib/python3.11/site-packages/airflow/example_dags/example_subdag_operator.py
[2024-12-23T09:44:01.780+0000] {logging_mixin.py:188} INFO - [2024-12-23T09:44:01.779+0000] {dag.py:3036} INFO - Sync 3 DAGs
[2024-12-23T09:44:01.812+0000] {logging_mixin.py:188} INFO - [2024-12-23T09:44:01.812+0000] {dag.py:3823} INFO - Setting next_dagrun for example_subdag_operator to 2022-01-01 00:00:00+00:00, run_after=2022-01-01 00:00:00+00:00
[2024-12-23T09:44:01.817+0000] {logging_mixin.py:188} INFO - [2024-12-23T09:44:01.817+0000] {dag.py:3823} INFO - Setting next_dagrun for example_subdag_operator.section-1 to None, run_after=None
[2024-12-23T09:44:01.819+0000] {logging_mixin.py:188} INFO - [2024-12-23T09:44:01.819+0000] {dag.py:3823} INFO - Setting next_dagrun for example_subdag_operator.section-2 to None, run_after=None
[2024-12-23T09:44:01.828+0000] {logging_mixin.py:188} INFO - [2024-12-23T09:44:01.828+0000] {dag.py:3036} INFO - Sync 2 DAGs
[2024-12-23T09:44:01.835+0000] {logging_mixin.py:188} INFO - [2024-12-23T09:44:01.834+0000] {dag.py:3823} INFO - Setting next_dagrun for example_subdag_operator.section-1 to None, run_after=None
[2024-12-23T09:44:01.836+0000] {logging_mixin.py:188} INFO - [2024-12-23T09:44:01.835+0000] {dag.py:3823} INFO - Setting next_dagrun for example_subdag_operator.section-2 to None, run_after=None
[2024-12-23T09:44:01.855+0000] {processor.py:183} INFO - Processing /home/airflow/.local/lib/python3.11/site-packages/airflow/example_dags/example_subdag_operator.py took 0.139 seconds
[2024-12-23T09:44:31.984+0000] {processor.py:161} INFO - Started process (PID=4492) to work on /home/airflow/.local/lib/python3.11/site-packages/airflow/example_dags/example_subdag_operator.py
[2024-12-23T09:44:31.986+0000] {processor.py:830} INFO - Processing file /home/airflow/.local/lib/python3.11/site-packages/airflow/example_dags/example_subdag_operator.py for tasks to queue
[2024-12-23T09:44:31.987+0000] {logging_mixin.py:188} INFO - [2024-12-23T09:44:31.987+0000] {dagbag.py:538} INFO - Filling up the DagBag from /home/airflow/.local/lib/python3.11/site-packages/airflow/example_dags/example_subdag_operator.py
[2024-12-23T09:44:32.025+0000] {processor.py:840} INFO - DAG(s) 'example_subdag_operator.section-1', 'example_subdag_operator.section-2', 'example_subdag_operator' retrieved from /home/airflow/.local/lib/python3.11/site-packages/airflow/example_dags/example_subdag_operator.py
[2024-12-23T09:44:32.055+0000] {logging_mixin.py:188} INFO - [2024-12-23T09:44:32.055+0000] {dag.py:3036} INFO - Sync 3 DAGs
[2024-12-23T09:44:32.093+0000] {logging_mixin.py:188} INFO - [2024-12-23T09:44:32.093+0000] {dag.py:3823} INFO - Setting next_dagrun for example_subdag_operator to 2022-01-01 00:00:00+00:00, run_after=2022-01-01 00:00:00+00:00
[2024-12-23T09:44:32.098+0000] {logging_mixin.py:188} INFO - [2024-12-23T09:44:32.098+0000] {dag.py:3823} INFO - Setting next_dagrun for example_subdag_operator.section-1 to None, run_after=None
[2024-12-23T09:44:32.100+0000] {logging_mixin.py:188} INFO - [2024-12-23T09:44:32.100+0000] {dag.py:3823} INFO - Setting next_dagrun for example_subdag_operator.section-2 to None, run_after=None
[2024-12-23T09:44:32.111+0000] {logging_mixin.py:188} INFO - [2024-12-23T09:44:32.111+0000] {dag.py:3036} INFO - Sync 2 DAGs
[2024-12-23T09:44:32.119+0000] {logging_mixin.py:188} INFO - [2024-12-23T09:44:32.119+0000] {dag.py:3823} INFO - Setting next_dagrun for example_subdag_operator.section-1 to None, run_after=None
[2024-12-23T09:44:32.121+0000] {logging_mixin.py:188} INFO - [2024-12-23T09:44:32.120+0000] {dag.py:3823} INFO - Setting next_dagrun for example_subdag_operator.section-2 to None, run_after=None
[2024-12-23T09:44:32.142+0000] {processor.py:183} INFO - Processing /home/airflow/.local/lib/python3.11/site-packages/airflow/example_dags/example_subdag_operator.py took 0.161 seconds
[2024-12-23T09:45:02.915+0000] {processor.py:161} INFO - Started process (PID=4563) to work on /home/airflow/.local/lib/python3.11/site-packages/airflow/example_dags/example_subdag_operator.py
[2024-12-23T09:45:02.917+0000] {processor.py:830} INFO - Processing file /home/airflow/.local/lib/python3.11/site-packages/airflow/example_dags/example_subdag_operator.py for tasks to queue
[2024-12-23T09:45:02.918+0000] {logging_mixin.py:188} INFO - [2024-12-23T09:45:02.917+0000] {dagbag.py:538} INFO - Filling up the DagBag from /home/airflow/.local/lib/python3.11/site-packages/airflow/example_dags/example_subdag_operator.py
[2024-12-23T09:45:02.953+0000] {processor.py:840} INFO - DAG(s) 'example_subdag_operator.section-1', 'example_subdag_operator.section-2', 'example_subdag_operator' retrieved from /home/airflow/.local/lib/python3.11/site-packages/airflow/example_dags/example_subdag_operator.py
[2024-12-23T09:45:02.980+0000] {logging_mixin.py:188} INFO - [2024-12-23T09:45:02.979+0000] {dag.py:3036} INFO - Sync 3 DAGs
[2024-12-23T09:45:03.011+0000] {logging_mixin.py:188} INFO - [2024-12-23T09:45:03.011+0000] {dag.py:3823} INFO - Setting next_dagrun for example_subdag_operator to 2022-01-01 00:00:00+00:00, run_after=2022-01-01 00:00:00+00:00
[2024-12-23T09:45:03.019+0000] {logging_mixin.py:188} INFO - [2024-12-23T09:45:03.018+0000] {dag.py:3823} INFO - Setting next_dagrun for example_subdag_operator.section-1 to None, run_after=None
[2024-12-23T09:45:03.022+0000] {logging_mixin.py:188} INFO - [2024-12-23T09:45:03.021+0000] {dag.py:3823} INFO - Setting next_dagrun for example_subdag_operator.section-2 to None, run_after=None
[2024-12-23T09:45:03.037+0000] {logging_mixin.py:188} INFO - [2024-12-23T09:45:03.036+0000] {dag.py:3036} INFO - Sync 2 DAGs
[2024-12-23T09:45:03.046+0000] {logging_mixin.py:188} INFO - [2024-12-23T09:45:03.046+0000] {dag.py:3823} INFO - Setting next_dagrun for example_subdag_operator.section-1 to None, run_after=None
[2024-12-23T09:45:03.047+0000] {logging_mixin.py:188} INFO - [2024-12-23T09:45:03.047+0000] {dag.py:3823} INFO - Setting next_dagrun for example_subdag_operator.section-2 to None, run_after=None
[2024-12-23T09:45:03.072+0000] {processor.py:183} INFO - Processing /home/airflow/.local/lib/python3.11/site-packages/airflow/example_dags/example_subdag_operator.py took 0.162 seconds
