[2024-12-23T09:32:41.767+0000] {processor.py:161} INFO - Started process (PID=2792) to work on /home/airflow/.local/lib/python3.11/site-packages/airflow/example_dags/example_local_kubernetes_executor.py
[2024-12-23T09:32:41.770+0000] {processor.py:830} INFO - Processing file /home/airflow/.local/lib/python3.11/site-packages/airflow/example_dags/example_local_kubernetes_executor.py for tasks to queue
[2024-12-23T09:32:41.773+0000] {logging_mixin.py:188} INFO - [2024-12-23T09:32:41.772+0000] {dagbag.py:538} INFO - Filling up the DagBag from /home/airflow/.local/lib/python3.11/site-packages/airflow/example_dags/example_local_kubernetes_executor.py
[2024-12-23T09:32:41.785+0000] {processor.py:840} INFO - DAG(s) 'example_local_kubernetes_executor' retrieved from /home/airflow/.local/lib/python3.11/site-packages/airflow/example_dags/example_local_kubernetes_executor.py
[2024-12-23T09:32:41.844+0000] {logging_mixin.py:188} INFO - [2024-12-23T09:32:41.844+0000] {dag.py:3036} INFO - Sync 1 DAGs
[2024-12-23T09:32:41.875+0000] {logging_mixin.py:188} INFO - [2024-12-23T09:32:41.875+0000] {dag.py:3823} INFO - Setting next_dagrun for example_local_kubernetes_executor to None, run_after=None
[2024-12-23T09:32:41.919+0000] {processor.py:183} INFO - Processing /home/airflow/.local/lib/python3.11/site-packages/airflow/example_dags/example_local_kubernetes_executor.py took 0.157 seconds
[2024-12-23T09:33:12.907+0000] {processor.py:161} INFO - Started process (PID=2864) to work on /home/airflow/.local/lib/python3.11/site-packages/airflow/example_dags/example_local_kubernetes_executor.py
[2024-12-23T09:33:12.908+0000] {processor.py:830} INFO - Processing file /home/airflow/.local/lib/python3.11/site-packages/airflow/example_dags/example_local_kubernetes_executor.py for tasks to queue
[2024-12-23T09:33:12.911+0000] {logging_mixin.py:188} INFO - [2024-12-23T09:33:12.910+0000] {dagbag.py:538} INFO - Filling up the DagBag from /home/airflow/.local/lib/python3.11/site-packages/airflow/example_dags/example_local_kubernetes_executor.py
[2024-12-23T09:33:12.922+0000] {processor.py:840} INFO - DAG(s) 'example_local_kubernetes_executor' retrieved from /home/airflow/.local/lib/python3.11/site-packages/airflow/example_dags/example_local_kubernetes_executor.py
[2024-12-23T09:33:12.987+0000] {logging_mixin.py:188} INFO - [2024-12-23T09:33:12.986+0000] {dag.py:3036} INFO - Sync 1 DAGs
[2024-12-23T09:33:13.013+0000] {logging_mixin.py:188} INFO - [2024-12-23T09:33:13.013+0000] {dag.py:3823} INFO - Setting next_dagrun for example_local_kubernetes_executor to None, run_after=None
[2024-12-23T09:33:13.041+0000] {processor.py:183} INFO - Processing /home/airflow/.local/lib/python3.11/site-packages/airflow/example_dags/example_local_kubernetes_executor.py took 0.140 seconds
[2024-12-23T09:33:43.891+0000] {processor.py:161} INFO - Started process (PID=2936) to work on /home/airflow/.local/lib/python3.11/site-packages/airflow/example_dags/example_local_kubernetes_executor.py
[2024-12-23T09:33:43.893+0000] {processor.py:830} INFO - Processing file /home/airflow/.local/lib/python3.11/site-packages/airflow/example_dags/example_local_kubernetes_executor.py for tasks to queue
[2024-12-23T09:33:43.894+0000] {logging_mixin.py:188} INFO - [2024-12-23T09:33:43.893+0000] {dagbag.py:538} INFO - Filling up the DagBag from /home/airflow/.local/lib/python3.11/site-packages/airflow/example_dags/example_local_kubernetes_executor.py
[2024-12-23T09:33:43.902+0000] {processor.py:840} INFO - DAG(s) 'example_local_kubernetes_executor' retrieved from /home/airflow/.local/lib/python3.11/site-packages/airflow/example_dags/example_local_kubernetes_executor.py
[2024-12-23T09:33:43.949+0000] {logging_mixin.py:188} INFO - [2024-12-23T09:33:43.949+0000] {dag.py:3036} INFO - Sync 1 DAGs
[2024-12-23T09:33:43.965+0000] {logging_mixin.py:188} INFO - [2024-12-23T09:33:43.965+0000] {dag.py:3823} INFO - Setting next_dagrun for example_local_kubernetes_executor to None, run_after=None
[2024-12-23T09:33:43.991+0000] {processor.py:183} INFO - Processing /home/airflow/.local/lib/python3.11/site-packages/airflow/example_dags/example_local_kubernetes_executor.py took 0.104 seconds
[2024-12-23T09:34:14.544+0000] {processor.py:161} INFO - Started process (PID=3015) to work on /home/airflow/.local/lib/python3.11/site-packages/airflow/example_dags/example_local_kubernetes_executor.py
[2024-12-23T09:34:14.545+0000] {processor.py:830} INFO - Processing file /home/airflow/.local/lib/python3.11/site-packages/airflow/example_dags/example_local_kubernetes_executor.py for tasks to queue
[2024-12-23T09:34:14.547+0000] {logging_mixin.py:188} INFO - [2024-12-23T09:34:14.547+0000] {dagbag.py:538} INFO - Filling up the DagBag from /home/airflow/.local/lib/python3.11/site-packages/airflow/example_dags/example_local_kubernetes_executor.py
[2024-12-23T09:34:14.557+0000] {processor.py:840} INFO - DAG(s) 'example_local_kubernetes_executor' retrieved from /home/airflow/.local/lib/python3.11/site-packages/airflow/example_dags/example_local_kubernetes_executor.py
[2024-12-23T09:34:14.608+0000] {logging_mixin.py:188} INFO - [2024-12-23T09:34:14.607+0000] {dag.py:3036} INFO - Sync 1 DAGs
[2024-12-23T09:34:14.629+0000] {logging_mixin.py:188} INFO - [2024-12-23T09:34:14.629+0000] {dag.py:3823} INFO - Setting next_dagrun for example_local_kubernetes_executor to None, run_after=None
[2024-12-23T09:34:14.657+0000] {processor.py:183} INFO - Processing /home/airflow/.local/lib/python3.11/site-packages/airflow/example_dags/example_local_kubernetes_executor.py took 0.118 seconds
[2024-12-23T09:34:44.820+0000] {processor.py:161} INFO - Started process (PID=3087) to work on /home/airflow/.local/lib/python3.11/site-packages/airflow/example_dags/example_local_kubernetes_executor.py
[2024-12-23T09:34:44.822+0000] {processor.py:830} INFO - Processing file /home/airflow/.local/lib/python3.11/site-packages/airflow/example_dags/example_local_kubernetes_executor.py for tasks to queue
[2024-12-23T09:34:44.824+0000] {logging_mixin.py:188} INFO - [2024-12-23T09:34:44.824+0000] {dagbag.py:538} INFO - Filling up the DagBag from /home/airflow/.local/lib/python3.11/site-packages/airflow/example_dags/example_local_kubernetes_executor.py
[2024-12-23T09:34:44.839+0000] {processor.py:840} INFO - DAG(s) 'example_local_kubernetes_executor' retrieved from /home/airflow/.local/lib/python3.11/site-packages/airflow/example_dags/example_local_kubernetes_executor.py
[2024-12-23T09:34:44.892+0000] {logging_mixin.py:188} INFO - [2024-12-23T09:34:44.891+0000] {dag.py:3036} INFO - Sync 1 DAGs
[2024-12-23T09:34:44.905+0000] {logging_mixin.py:188} INFO - [2024-12-23T09:34:44.905+0000] {dag.py:3823} INFO - Setting next_dagrun for example_local_kubernetes_executor to None, run_after=None
[2024-12-23T09:34:44.927+0000] {processor.py:183} INFO - Processing /home/airflow/.local/lib/python3.11/site-packages/airflow/example_dags/example_local_kubernetes_executor.py took 0.114 seconds
[2024-12-23T09:35:15.103+0000] {processor.py:161} INFO - Started process (PID=3159) to work on /home/airflow/.local/lib/python3.11/site-packages/airflow/example_dags/example_local_kubernetes_executor.py
[2024-12-23T09:35:15.105+0000] {processor.py:830} INFO - Processing file /home/airflow/.local/lib/python3.11/site-packages/airflow/example_dags/example_local_kubernetes_executor.py for tasks to queue
[2024-12-23T09:35:15.107+0000] {logging_mixin.py:188} INFO - [2024-12-23T09:35:15.106+0000] {dagbag.py:538} INFO - Filling up the DagBag from /home/airflow/.local/lib/python3.11/site-packages/airflow/example_dags/example_local_kubernetes_executor.py
[2024-12-23T09:35:15.122+0000] {processor.py:840} INFO - DAG(s) 'example_local_kubernetes_executor' retrieved from /home/airflow/.local/lib/python3.11/site-packages/airflow/example_dags/example_local_kubernetes_executor.py
[2024-12-23T09:35:15.168+0000] {logging_mixin.py:188} INFO - [2024-12-23T09:35:15.168+0000] {dag.py:3036} INFO - Sync 1 DAGs
[2024-12-23T09:35:15.182+0000] {logging_mixin.py:188} INFO - [2024-12-23T09:35:15.182+0000] {dag.py:3823} INFO - Setting next_dagrun for example_local_kubernetes_executor to None, run_after=None
[2024-12-23T09:35:15.205+0000] {processor.py:183} INFO - Processing /home/airflow/.local/lib/python3.11/site-packages/airflow/example_dags/example_local_kubernetes_executor.py took 0.109 seconds
[2024-12-23T09:35:45.841+0000] {processor.py:161} INFO - Started process (PID=3231) to work on /home/airflow/.local/lib/python3.11/site-packages/airflow/example_dags/example_local_kubernetes_executor.py
[2024-12-23T09:35:45.844+0000] {processor.py:830} INFO - Processing file /home/airflow/.local/lib/python3.11/site-packages/airflow/example_dags/example_local_kubernetes_executor.py for tasks to queue
[2024-12-23T09:35:45.856+0000] {logging_mixin.py:188} INFO - [2024-12-23T09:35:45.855+0000] {dagbag.py:538} INFO - Filling up the DagBag from /home/airflow/.local/lib/python3.11/site-packages/airflow/example_dags/example_local_kubernetes_executor.py
[2024-12-23T09:35:45.891+0000] {processor.py:840} INFO - DAG(s) 'example_local_kubernetes_executor' retrieved from /home/airflow/.local/lib/python3.11/site-packages/airflow/example_dags/example_local_kubernetes_executor.py
[2024-12-23T09:35:46.062+0000] {logging_mixin.py:188} INFO - [2024-12-23T09:35:46.061+0000] {dag.py:3036} INFO - Sync 1 DAGs
[2024-12-23T09:35:46.259+0000] {logging_mixin.py:188} INFO - [2024-12-23T09:35:46.258+0000] {dag.py:3823} INFO - Setting next_dagrun for example_local_kubernetes_executor to None, run_after=None
[2024-12-23T09:35:46.558+0000] {processor.py:183} INFO - Processing /home/airflow/.local/lib/python3.11/site-packages/airflow/example_dags/example_local_kubernetes_executor.py took 0.729 seconds
[2024-12-23T09:36:16.698+0000] {processor.py:161} INFO - Started process (PID=3302) to work on /home/airflow/.local/lib/python3.11/site-packages/airflow/example_dags/example_local_kubernetes_executor.py
[2024-12-23T09:36:16.699+0000] {processor.py:830} INFO - Processing file /home/airflow/.local/lib/python3.11/site-packages/airflow/example_dags/example_local_kubernetes_executor.py for tasks to queue
[2024-12-23T09:36:16.700+0000] {logging_mixin.py:188} INFO - [2024-12-23T09:36:16.700+0000] {dagbag.py:538} INFO - Filling up the DagBag from /home/airflow/.local/lib/python3.11/site-packages/airflow/example_dags/example_local_kubernetes_executor.py
[2024-12-23T09:36:16.710+0000] {processor.py:840} INFO - DAG(s) 'example_local_kubernetes_executor' retrieved from /home/airflow/.local/lib/python3.11/site-packages/airflow/example_dags/example_local_kubernetes_executor.py
[2024-12-23T09:36:16.756+0000] {logging_mixin.py:188} INFO - [2024-12-23T09:36:16.756+0000] {dag.py:3036} INFO - Sync 1 DAGs
[2024-12-23T09:36:16.776+0000] {logging_mixin.py:188} INFO - [2024-12-23T09:36:16.776+0000] {dag.py:3823} INFO - Setting next_dagrun for example_local_kubernetes_executor to None, run_after=None
[2024-12-23T09:36:16.801+0000] {processor.py:183} INFO - Processing /home/airflow/.local/lib/python3.11/site-packages/airflow/example_dags/example_local_kubernetes_executor.py took 0.108 seconds
[2024-12-23T09:36:47.222+0000] {processor.py:161} INFO - Started process (PID=3374) to work on /home/airflow/.local/lib/python3.11/site-packages/airflow/example_dags/example_local_kubernetes_executor.py
[2024-12-23T09:36:47.224+0000] {processor.py:830} INFO - Processing file /home/airflow/.local/lib/python3.11/site-packages/airflow/example_dags/example_local_kubernetes_executor.py for tasks to queue
[2024-12-23T09:36:47.225+0000] {logging_mixin.py:188} INFO - [2024-12-23T09:36:47.225+0000] {dagbag.py:538} INFO - Filling up the DagBag from /home/airflow/.local/lib/python3.11/site-packages/airflow/example_dags/example_local_kubernetes_executor.py
[2024-12-23T09:36:47.236+0000] {processor.py:840} INFO - DAG(s) 'example_local_kubernetes_executor' retrieved from /home/airflow/.local/lib/python3.11/site-packages/airflow/example_dags/example_local_kubernetes_executor.py
[2024-12-23T09:36:47.278+0000] {logging_mixin.py:188} INFO - [2024-12-23T09:36:47.278+0000] {dag.py:3036} INFO - Sync 1 DAGs
[2024-12-23T09:36:47.292+0000] {logging_mixin.py:188} INFO - [2024-12-23T09:36:47.292+0000] {dag.py:3823} INFO - Setting next_dagrun for example_local_kubernetes_executor to None, run_after=None
[2024-12-23T09:36:47.324+0000] {processor.py:183} INFO - Processing /home/airflow/.local/lib/python3.11/site-packages/airflow/example_dags/example_local_kubernetes_executor.py took 0.106 seconds
[2024-12-23T09:37:17.900+0000] {processor.py:161} INFO - Started process (PID=3446) to work on /home/airflow/.local/lib/python3.11/site-packages/airflow/example_dags/example_local_kubernetes_executor.py
[2024-12-23T09:37:17.901+0000] {processor.py:830} INFO - Processing file /home/airflow/.local/lib/python3.11/site-packages/airflow/example_dags/example_local_kubernetes_executor.py for tasks to queue
[2024-12-23T09:37:17.903+0000] {logging_mixin.py:188} INFO - [2024-12-23T09:37:17.902+0000] {dagbag.py:538} INFO - Filling up the DagBag from /home/airflow/.local/lib/python3.11/site-packages/airflow/example_dags/example_local_kubernetes_executor.py
[2024-12-23T09:37:17.912+0000] {processor.py:840} INFO - DAG(s) 'example_local_kubernetes_executor' retrieved from /home/airflow/.local/lib/python3.11/site-packages/airflow/example_dags/example_local_kubernetes_executor.py
[2024-12-23T09:37:17.955+0000] {logging_mixin.py:188} INFO - [2024-12-23T09:37:17.954+0000] {dag.py:3036} INFO - Sync 1 DAGs
[2024-12-23T09:37:17.967+0000] {logging_mixin.py:188} INFO - [2024-12-23T09:37:17.967+0000] {dag.py:3823} INFO - Setting next_dagrun for example_local_kubernetes_executor to None, run_after=None
[2024-12-23T09:37:17.997+0000] {processor.py:183} INFO - Processing /home/airflow/.local/lib/python3.11/site-packages/airflow/example_dags/example_local_kubernetes_executor.py took 0.101 seconds
[2024-12-23T09:37:48.080+0000] {processor.py:161} INFO - Started process (PID=3518) to work on /home/airflow/.local/lib/python3.11/site-packages/airflow/example_dags/example_local_kubernetes_executor.py
[2024-12-23T09:37:48.081+0000] {processor.py:830} INFO - Processing file /home/airflow/.local/lib/python3.11/site-packages/airflow/example_dags/example_local_kubernetes_executor.py for tasks to queue
[2024-12-23T09:37:48.082+0000] {logging_mixin.py:188} INFO - [2024-12-23T09:37:48.082+0000] {dagbag.py:538} INFO - Filling up the DagBag from /home/airflow/.local/lib/python3.11/site-packages/airflow/example_dags/example_local_kubernetes_executor.py
[2024-12-23T09:37:48.090+0000] {processor.py:840} INFO - DAG(s) 'example_local_kubernetes_executor' retrieved from /home/airflow/.local/lib/python3.11/site-packages/airflow/example_dags/example_local_kubernetes_executor.py
[2024-12-23T09:37:48.137+0000] {logging_mixin.py:188} INFO - [2024-12-23T09:37:48.136+0000] {dag.py:3036} INFO - Sync 1 DAGs
[2024-12-23T09:37:48.153+0000] {logging_mixin.py:188} INFO - [2024-12-23T09:37:48.153+0000] {dag.py:3823} INFO - Setting next_dagrun for example_local_kubernetes_executor to None, run_after=None
[2024-12-23T09:37:48.183+0000] {processor.py:183} INFO - Processing /home/airflow/.local/lib/python3.11/site-packages/airflow/example_dags/example_local_kubernetes_executor.py took 0.108 seconds
[2024-12-23T09:38:18.489+0000] {processor.py:161} INFO - Started process (PID=3597) to work on /home/airflow/.local/lib/python3.11/site-packages/airflow/example_dags/example_local_kubernetes_executor.py
[2024-12-23T09:38:18.491+0000] {processor.py:830} INFO - Processing file /home/airflow/.local/lib/python3.11/site-packages/airflow/example_dags/example_local_kubernetes_executor.py for tasks to queue
[2024-12-23T09:38:18.493+0000] {logging_mixin.py:188} INFO - [2024-12-23T09:38:18.492+0000] {dagbag.py:538} INFO - Filling up the DagBag from /home/airflow/.local/lib/python3.11/site-packages/airflow/example_dags/example_local_kubernetes_executor.py
[2024-12-23T09:38:18.505+0000] {processor.py:840} INFO - DAG(s) 'example_local_kubernetes_executor' retrieved from /home/airflow/.local/lib/python3.11/site-packages/airflow/example_dags/example_local_kubernetes_executor.py
[2024-12-23T09:38:18.560+0000] {logging_mixin.py:188} INFO - [2024-12-23T09:38:18.560+0000] {dag.py:3036} INFO - Sync 1 DAGs
[2024-12-23T09:38:18.580+0000] {logging_mixin.py:188} INFO - [2024-12-23T09:38:18.579+0000] {dag.py:3823} INFO - Setting next_dagrun for example_local_kubernetes_executor to None, run_after=None
[2024-12-23T09:38:18.612+0000] {processor.py:183} INFO - Processing /home/airflow/.local/lib/python3.11/site-packages/airflow/example_dags/example_local_kubernetes_executor.py took 0.126 seconds
[2024-12-23T09:38:48.939+0000] {processor.py:161} INFO - Started process (PID=3670) to work on /home/airflow/.local/lib/python3.11/site-packages/airflow/example_dags/example_local_kubernetes_executor.py
[2024-12-23T09:38:48.941+0000] {processor.py:830} INFO - Processing file /home/airflow/.local/lib/python3.11/site-packages/airflow/example_dags/example_local_kubernetes_executor.py for tasks to queue
[2024-12-23T09:38:48.943+0000] {logging_mixin.py:188} INFO - [2024-12-23T09:38:48.943+0000] {dagbag.py:538} INFO - Filling up the DagBag from /home/airflow/.local/lib/python3.11/site-packages/airflow/example_dags/example_local_kubernetes_executor.py
[2024-12-23T09:38:48.954+0000] {processor.py:840} INFO - DAG(s) 'example_local_kubernetes_executor' retrieved from /home/airflow/.local/lib/python3.11/site-packages/airflow/example_dags/example_local_kubernetes_executor.py
[2024-12-23T09:38:48.996+0000] {logging_mixin.py:188} INFO - [2024-12-23T09:38:48.995+0000] {dag.py:3036} INFO - Sync 1 DAGs
[2024-12-23T09:38:49.009+0000] {logging_mixin.py:188} INFO - [2024-12-23T09:38:49.009+0000] {dag.py:3823} INFO - Setting next_dagrun for example_local_kubernetes_executor to None, run_after=None
[2024-12-23T09:38:49.041+0000] {processor.py:183} INFO - Processing /home/airflow/.local/lib/python3.11/site-packages/airflow/example_dags/example_local_kubernetes_executor.py took 0.109 seconds
[2024-12-23T09:39:19.595+0000] {processor.py:161} INFO - Started process (PID=3742) to work on /home/airflow/.local/lib/python3.11/site-packages/airflow/example_dags/example_local_kubernetes_executor.py
[2024-12-23T09:39:19.597+0000] {processor.py:830} INFO - Processing file /home/airflow/.local/lib/python3.11/site-packages/airflow/example_dags/example_local_kubernetes_executor.py for tasks to queue
[2024-12-23T09:39:19.599+0000] {logging_mixin.py:188} INFO - [2024-12-23T09:39:19.598+0000] {dagbag.py:538} INFO - Filling up the DagBag from /home/airflow/.local/lib/python3.11/site-packages/airflow/example_dags/example_local_kubernetes_executor.py
[2024-12-23T09:39:19.612+0000] {processor.py:840} INFO - DAG(s) 'example_local_kubernetes_executor' retrieved from /home/airflow/.local/lib/python3.11/site-packages/airflow/example_dags/example_local_kubernetes_executor.py
[2024-12-23T09:39:19.691+0000] {logging_mixin.py:188} INFO - [2024-12-23T09:39:19.691+0000] {dag.py:3036} INFO - Sync 1 DAGs
[2024-12-23T09:39:19.710+0000] {logging_mixin.py:188} INFO - [2024-12-23T09:39:19.710+0000] {dag.py:3823} INFO - Setting next_dagrun for example_local_kubernetes_executor to None, run_after=None
[2024-12-23T09:39:19.745+0000] {processor.py:183} INFO - Processing /home/airflow/.local/lib/python3.11/site-packages/airflow/example_dags/example_local_kubernetes_executor.py took 0.156 seconds
[2024-12-23T09:39:50.173+0000] {processor.py:161} INFO - Started process (PID=3814) to work on /home/airflow/.local/lib/python3.11/site-packages/airflow/example_dags/example_local_kubernetes_executor.py
[2024-12-23T09:39:50.174+0000] {processor.py:830} INFO - Processing file /home/airflow/.local/lib/python3.11/site-packages/airflow/example_dags/example_local_kubernetes_executor.py for tasks to queue
[2024-12-23T09:39:50.175+0000] {logging_mixin.py:188} INFO - [2024-12-23T09:39:50.175+0000] {dagbag.py:538} INFO - Filling up the DagBag from /home/airflow/.local/lib/python3.11/site-packages/airflow/example_dags/example_local_kubernetes_executor.py
[2024-12-23T09:39:50.185+0000] {processor.py:840} INFO - DAG(s) 'example_local_kubernetes_executor' retrieved from /home/airflow/.local/lib/python3.11/site-packages/airflow/example_dags/example_local_kubernetes_executor.py
[2024-12-23T09:39:50.243+0000] {logging_mixin.py:188} INFO - [2024-12-23T09:39:50.242+0000] {dag.py:3036} INFO - Sync 1 DAGs
[2024-12-23T09:39:50.259+0000] {logging_mixin.py:188} INFO - [2024-12-23T09:39:50.259+0000] {dag.py:3823} INFO - Setting next_dagrun for example_local_kubernetes_executor to None, run_after=None
[2024-12-23T09:39:50.287+0000] {processor.py:183} INFO - Processing /home/airflow/.local/lib/python3.11/site-packages/airflow/example_dags/example_local_kubernetes_executor.py took 0.118 seconds
[2024-12-23T09:40:20.739+0000] {processor.py:161} INFO - Started process (PID=3884) to work on /home/airflow/.local/lib/python3.11/site-packages/airflow/example_dags/example_local_kubernetes_executor.py
[2024-12-23T09:40:20.741+0000] {processor.py:830} INFO - Processing file /home/airflow/.local/lib/python3.11/site-packages/airflow/example_dags/example_local_kubernetes_executor.py for tasks to queue
[2024-12-23T09:40:20.742+0000] {logging_mixin.py:188} INFO - [2024-12-23T09:40:20.742+0000] {dagbag.py:538} INFO - Filling up the DagBag from /home/airflow/.local/lib/python3.11/site-packages/airflow/example_dags/example_local_kubernetes_executor.py
[2024-12-23T09:40:20.750+0000] {processor.py:840} INFO - DAG(s) 'example_local_kubernetes_executor' retrieved from /home/airflow/.local/lib/python3.11/site-packages/airflow/example_dags/example_local_kubernetes_executor.py
[2024-12-23T09:40:20.793+0000] {logging_mixin.py:188} INFO - [2024-12-23T09:40:20.793+0000] {dag.py:3036} INFO - Sync 1 DAGs
[2024-12-23T09:40:20.809+0000] {logging_mixin.py:188} INFO - [2024-12-23T09:40:20.809+0000] {dag.py:3823} INFO - Setting next_dagrun for example_local_kubernetes_executor to None, run_after=None
[2024-12-23T09:40:20.844+0000] {processor.py:183} INFO - Processing /home/airflow/.local/lib/python3.11/site-packages/airflow/example_dags/example_local_kubernetes_executor.py took 0.109 seconds
[2024-12-23T09:40:51.289+0000] {processor.py:161} INFO - Started process (PID=3956) to work on /home/airflow/.local/lib/python3.11/site-packages/airflow/example_dags/example_local_kubernetes_executor.py
[2024-12-23T09:40:51.290+0000] {processor.py:830} INFO - Processing file /home/airflow/.local/lib/python3.11/site-packages/airflow/example_dags/example_local_kubernetes_executor.py for tasks to queue
[2024-12-23T09:40:51.292+0000] {logging_mixin.py:188} INFO - [2024-12-23T09:40:51.291+0000] {dagbag.py:538} INFO - Filling up the DagBag from /home/airflow/.local/lib/python3.11/site-packages/airflow/example_dags/example_local_kubernetes_executor.py
[2024-12-23T09:40:51.301+0000] {processor.py:840} INFO - DAG(s) 'example_local_kubernetes_executor' retrieved from /home/airflow/.local/lib/python3.11/site-packages/airflow/example_dags/example_local_kubernetes_executor.py
[2024-12-23T09:40:51.345+0000] {logging_mixin.py:188} INFO - [2024-12-23T09:40:51.344+0000] {dag.py:3036} INFO - Sync 1 DAGs
[2024-12-23T09:40:51.358+0000] {logging_mixin.py:188} INFO - [2024-12-23T09:40:51.358+0000] {dag.py:3823} INFO - Setting next_dagrun for example_local_kubernetes_executor to None, run_after=None
[2024-12-23T09:40:51.397+0000] {processor.py:183} INFO - Processing /home/airflow/.local/lib/python3.11/site-packages/airflow/example_dags/example_local_kubernetes_executor.py took 0.112 seconds
[2024-12-23T09:41:21.623+0000] {processor.py:161} INFO - Started process (PID=4028) to work on /home/airflow/.local/lib/python3.11/site-packages/airflow/example_dags/example_local_kubernetes_executor.py
[2024-12-23T09:41:21.624+0000] {processor.py:830} INFO - Processing file /home/airflow/.local/lib/python3.11/site-packages/airflow/example_dags/example_local_kubernetes_executor.py for tasks to queue
[2024-12-23T09:41:21.626+0000] {logging_mixin.py:188} INFO - [2024-12-23T09:41:21.625+0000] {dagbag.py:538} INFO - Filling up the DagBag from /home/airflow/.local/lib/python3.11/site-packages/airflow/example_dags/example_local_kubernetes_executor.py
[2024-12-23T09:41:21.636+0000] {processor.py:840} INFO - DAG(s) 'example_local_kubernetes_executor' retrieved from /home/airflow/.local/lib/python3.11/site-packages/airflow/example_dags/example_local_kubernetes_executor.py
[2024-12-23T09:41:21.682+0000] {logging_mixin.py:188} INFO - [2024-12-23T09:41:21.681+0000] {dag.py:3036} INFO - Sync 1 DAGs
[2024-12-23T09:41:21.695+0000] {logging_mixin.py:188} INFO - [2024-12-23T09:41:21.695+0000] {dag.py:3823} INFO - Setting next_dagrun for example_local_kubernetes_executor to None, run_after=None
[2024-12-23T09:41:21.726+0000] {processor.py:183} INFO - Processing /home/airflow/.local/lib/python3.11/site-packages/airflow/example_dags/example_local_kubernetes_executor.py took 0.108 seconds
[2024-12-23T09:41:51.983+0000] {processor.py:161} INFO - Started process (PID=4100) to work on /home/airflow/.local/lib/python3.11/site-packages/airflow/example_dags/example_local_kubernetes_executor.py
[2024-12-23T09:41:51.985+0000] {processor.py:830} INFO - Processing file /home/airflow/.local/lib/python3.11/site-packages/airflow/example_dags/example_local_kubernetes_executor.py for tasks to queue
[2024-12-23T09:41:51.987+0000] {logging_mixin.py:188} INFO - [2024-12-23T09:41:51.987+0000] {dagbag.py:538} INFO - Filling up the DagBag from /home/airflow/.local/lib/python3.11/site-packages/airflow/example_dags/example_local_kubernetes_executor.py
[2024-12-23T09:41:51.997+0000] {processor.py:840} INFO - DAG(s) 'example_local_kubernetes_executor' retrieved from /home/airflow/.local/lib/python3.11/site-packages/airflow/example_dags/example_local_kubernetes_executor.py
[2024-12-23T09:41:52.040+0000] {logging_mixin.py:188} INFO - [2024-12-23T09:41:52.039+0000] {dag.py:3036} INFO - Sync 1 DAGs
[2024-12-23T09:41:52.055+0000] {logging_mixin.py:188} INFO - [2024-12-23T09:41:52.055+0000] {dag.py:3823} INFO - Setting next_dagrun for example_local_kubernetes_executor to None, run_after=None
[2024-12-23T09:41:52.078+0000] {processor.py:183} INFO - Processing /home/airflow/.local/lib/python3.11/site-packages/airflow/example_dags/example_local_kubernetes_executor.py took 0.100 seconds
[2024-12-23T09:42:22.278+0000] {processor.py:161} INFO - Started process (PID=4178) to work on /home/airflow/.local/lib/python3.11/site-packages/airflow/example_dags/example_local_kubernetes_executor.py
[2024-12-23T09:42:22.280+0000] {processor.py:830} INFO - Processing file /home/airflow/.local/lib/python3.11/site-packages/airflow/example_dags/example_local_kubernetes_executor.py for tasks to queue
[2024-12-23T09:42:22.281+0000] {logging_mixin.py:188} INFO - [2024-12-23T09:42:22.281+0000] {dagbag.py:538} INFO - Filling up the DagBag from /home/airflow/.local/lib/python3.11/site-packages/airflow/example_dags/example_local_kubernetes_executor.py
[2024-12-23T09:42:22.289+0000] {processor.py:840} INFO - DAG(s) 'example_local_kubernetes_executor' retrieved from /home/airflow/.local/lib/python3.11/site-packages/airflow/example_dags/example_local_kubernetes_executor.py
[2024-12-23T09:42:22.333+0000] {logging_mixin.py:188} INFO - [2024-12-23T09:42:22.332+0000] {dag.py:3036} INFO - Sync 1 DAGs
[2024-12-23T09:42:22.348+0000] {logging_mixin.py:188} INFO - [2024-12-23T09:42:22.347+0000] {dag.py:3823} INFO - Setting next_dagrun for example_local_kubernetes_executor to None, run_after=None
[2024-12-23T09:42:22.379+0000] {processor.py:183} INFO - Processing /home/airflow/.local/lib/python3.11/site-packages/airflow/example_dags/example_local_kubernetes_executor.py took 0.104 seconds
