[2024-12-23T02:44:44.451+0000] {processor.py:161} INFO - Started process (PID=2786) to work on /home/airflow/.local/lib/python3.11/site-packages/airflow/example_dags/example_dynamic_task_mapping_with_no_taskflow_operators.py
[2024-12-23T02:44:44.455+0000] {processor.py:830} INFO - Processing file /home/airflow/.local/lib/python3.11/site-packages/airflow/example_dags/example_dynamic_task_mapping_with_no_taskflow_operators.py for tasks to queue
[2024-12-23T02:44:44.458+0000] {logging_mixin.py:188} INFO - [2024-12-23T02:44:44.457+0000] {dagbag.py:538} INFO - Filling up the DagBag from /home/airflow/.local/lib/python3.11/site-packages/airflow/example_dags/example_dynamic_task_mapping_with_no_taskflow_operators.py
[2024-12-23T02:44:44.469+0000] {processor.py:840} INFO - DAG(s) 'example_dynamic_task_mapping_with_no_taskflow_operators' retrieved from /home/airflow/.local/lib/python3.11/site-packages/airflow/example_dags/example_dynamic_task_mapping_with_no_taskflow_operators.py
[2024-12-23T02:44:44.512+0000] {logging_mixin.py:188} INFO - [2024-12-23T02:44:44.512+0000] {dag.py:3036} INFO - Sync 1 DAGs
[2024-12-23T02:44:44.560+0000] {logging_mixin.py:188} INFO - [2024-12-23T02:44:44.559+0000] {dag.py:3823} INFO - Setting next_dagrun for example_dynamic_task_mapping_with_no_taskflow_operators to 2024-12-22 00:00:00+00:00, run_after=2024-12-23 00:00:00+00:00
[2024-12-23T02:44:44.606+0000] {processor.py:183} INFO - Processing /home/airflow/.local/lib/python3.11/site-packages/airflow/example_dags/example_dynamic_task_mapping_with_no_taskflow_operators.py took 0.165 seconds
[2024-12-23T09:32:54.271+0000] {processor.py:161} INFO - Started process (PID=2851) to work on /home/airflow/.local/lib/python3.11/site-packages/airflow/example_dags/example_dynamic_task_mapping_with_no_taskflow_operators.py
[2024-12-23T09:32:54.273+0000] {processor.py:830} INFO - Processing file /home/airflow/.local/lib/python3.11/site-packages/airflow/example_dags/example_dynamic_task_mapping_with_no_taskflow_operators.py for tasks to queue
[2024-12-23T09:32:54.274+0000] {logging_mixin.py:188} INFO - [2024-12-23T09:32:54.274+0000] {dagbag.py:538} INFO - Filling up the DagBag from /home/airflow/.local/lib/python3.11/site-packages/airflow/example_dags/example_dynamic_task_mapping_with_no_taskflow_operators.py
[2024-12-23T09:32:54.284+0000] {processor.py:840} INFO - DAG(s) 'example_dynamic_task_mapping_with_no_taskflow_operators' retrieved from /home/airflow/.local/lib/python3.11/site-packages/airflow/example_dags/example_dynamic_task_mapping_with_no_taskflow_operators.py
[2024-12-23T09:32:54.308+0000] {logging_mixin.py:188} INFO - [2024-12-23T09:32:54.307+0000] {dag.py:3036} INFO - Sync 1 DAGs
[2024-12-23T09:32:54.341+0000] {logging_mixin.py:188} INFO - [2024-12-23T09:32:54.340+0000] {dag.py:3823} INFO - Setting next_dagrun for example_dynamic_task_mapping_with_no_taskflow_operators to 2024-12-22 00:00:00+00:00, run_after=2024-12-23 00:00:00+00:00
[2024-12-23T09:32:54.363+0000] {processor.py:183} INFO - Processing /home/airflow/.local/lib/python3.11/site-packages/airflow/example_dags/example_dynamic_task_mapping_with_no_taskflow_operators.py took 0.096 seconds
[2024-12-23T09:33:25.112+0000] {processor.py:161} INFO - Started process (PID=2916) to work on /home/airflow/.local/lib/python3.11/site-packages/airflow/example_dags/example_dynamic_task_mapping_with_no_taskflow_operators.py
[2024-12-23T09:33:25.113+0000] {processor.py:830} INFO - Processing file /home/airflow/.local/lib/python3.11/site-packages/airflow/example_dags/example_dynamic_task_mapping_with_no_taskflow_operators.py for tasks to queue
[2024-12-23T09:33:25.115+0000] {logging_mixin.py:188} INFO - [2024-12-23T09:33:25.114+0000] {dagbag.py:538} INFO - Filling up the DagBag from /home/airflow/.local/lib/python3.11/site-packages/airflow/example_dags/example_dynamic_task_mapping_with_no_taskflow_operators.py
[2024-12-23T09:33:25.128+0000] {processor.py:840} INFO - DAG(s) 'example_dynamic_task_mapping_with_no_taskflow_operators' retrieved from /home/airflow/.local/lib/python3.11/site-packages/airflow/example_dags/example_dynamic_task_mapping_with_no_taskflow_operators.py
[2024-12-23T09:33:25.156+0000] {logging_mixin.py:188} INFO - [2024-12-23T09:33:25.156+0000] {dag.py:3036} INFO - Sync 1 DAGs
[2024-12-23T09:33:25.181+0000] {logging_mixin.py:188} INFO - [2024-12-23T09:33:25.180+0000] {dag.py:3823} INFO - Setting next_dagrun for example_dynamic_task_mapping_with_no_taskflow_operators to 2024-12-22 00:00:00+00:00, run_after=2024-12-23 00:00:00+00:00
[2024-12-23T09:33:25.202+0000] {processor.py:183} INFO - Processing /home/airflow/.local/lib/python3.11/site-packages/airflow/example_dags/example_dynamic_task_mapping_with_no_taskflow_operators.py took 0.095 seconds
[2024-12-23T09:33:55.867+0000] {processor.py:161} INFO - Started process (PID=2986) to work on /home/airflow/.local/lib/python3.11/site-packages/airflow/example_dags/example_dynamic_task_mapping_with_no_taskflow_operators.py
[2024-12-23T09:33:55.869+0000] {processor.py:830} INFO - Processing file /home/airflow/.local/lib/python3.11/site-packages/airflow/example_dags/example_dynamic_task_mapping_with_no_taskflow_operators.py for tasks to queue
[2024-12-23T09:33:55.870+0000] {logging_mixin.py:188} INFO - [2024-12-23T09:33:55.870+0000] {dagbag.py:538} INFO - Filling up the DagBag from /home/airflow/.local/lib/python3.11/site-packages/airflow/example_dags/example_dynamic_task_mapping_with_no_taskflow_operators.py
[2024-12-23T09:33:55.880+0000] {processor.py:840} INFO - DAG(s) 'example_dynamic_task_mapping_with_no_taskflow_operators' retrieved from /home/airflow/.local/lib/python3.11/site-packages/airflow/example_dags/example_dynamic_task_mapping_with_no_taskflow_operators.py
[2024-12-23T09:33:55.904+0000] {logging_mixin.py:188} INFO - [2024-12-23T09:33:55.904+0000] {dag.py:3036} INFO - Sync 1 DAGs
[2024-12-23T09:33:55.936+0000] {logging_mixin.py:188} INFO - [2024-12-23T09:33:55.936+0000] {dag.py:3823} INFO - Setting next_dagrun for example_dynamic_task_mapping_with_no_taskflow_operators to 2024-12-22 00:00:00+00:00, run_after=2024-12-23 00:00:00+00:00
[2024-12-23T09:33:55.973+0000] {processor.py:183} INFO - Processing /home/airflow/.local/lib/python3.11/site-packages/airflow/example_dags/example_dynamic_task_mapping_with_no_taskflow_operators.py took 0.110 seconds
[2024-12-23T09:34:26.498+0000] {processor.py:161} INFO - Started process (PID=3065) to work on /home/airflow/.local/lib/python3.11/site-packages/airflow/example_dags/example_dynamic_task_mapping_with_no_taskflow_operators.py
[2024-12-23T09:34:26.499+0000] {processor.py:830} INFO - Processing file /home/airflow/.local/lib/python3.11/site-packages/airflow/example_dags/example_dynamic_task_mapping_with_no_taskflow_operators.py for tasks to queue
[2024-12-23T09:34:26.500+0000] {logging_mixin.py:188} INFO - [2024-12-23T09:34:26.500+0000] {dagbag.py:538} INFO - Filling up the DagBag from /home/airflow/.local/lib/python3.11/site-packages/airflow/example_dags/example_dynamic_task_mapping_with_no_taskflow_operators.py
[2024-12-23T09:34:26.509+0000] {processor.py:840} INFO - DAG(s) 'example_dynamic_task_mapping_with_no_taskflow_operators' retrieved from /home/airflow/.local/lib/python3.11/site-packages/airflow/example_dags/example_dynamic_task_mapping_with_no_taskflow_operators.py
[2024-12-23T09:34:26.531+0000] {logging_mixin.py:188} INFO - [2024-12-23T09:34:26.531+0000] {dag.py:3036} INFO - Sync 1 DAGs
[2024-12-23T09:34:26.555+0000] {logging_mixin.py:188} INFO - [2024-12-23T09:34:26.555+0000] {dag.py:3823} INFO - Setting next_dagrun for example_dynamic_task_mapping_with_no_taskflow_operators to 2024-12-22 00:00:00+00:00, run_after=2024-12-23 00:00:00+00:00
[2024-12-23T09:34:26.582+0000] {processor.py:183} INFO - Processing /home/airflow/.local/lib/python3.11/site-packages/airflow/example_dags/example_dynamic_task_mapping_with_no_taskflow_operators.py took 0.088 seconds
[2024-12-23T09:34:57.437+0000] {processor.py:161} INFO - Started process (PID=3137) to work on /home/airflow/.local/lib/python3.11/site-packages/airflow/example_dags/example_dynamic_task_mapping_with_no_taskflow_operators.py
[2024-12-23T09:34:57.439+0000] {processor.py:830} INFO - Processing file /home/airflow/.local/lib/python3.11/site-packages/airflow/example_dags/example_dynamic_task_mapping_with_no_taskflow_operators.py for tasks to queue
[2024-12-23T09:34:57.441+0000] {logging_mixin.py:188} INFO - [2024-12-23T09:34:57.440+0000] {dagbag.py:538} INFO - Filling up the DagBag from /home/airflow/.local/lib/python3.11/site-packages/airflow/example_dags/example_dynamic_task_mapping_with_no_taskflow_operators.py
[2024-12-23T09:34:57.452+0000] {processor.py:840} INFO - DAG(s) 'example_dynamic_task_mapping_with_no_taskflow_operators' retrieved from /home/airflow/.local/lib/python3.11/site-packages/airflow/example_dags/example_dynamic_task_mapping_with_no_taskflow_operators.py
[2024-12-23T09:34:57.475+0000] {logging_mixin.py:188} INFO - [2024-12-23T09:34:57.475+0000] {dag.py:3036} INFO - Sync 1 DAGs
[2024-12-23T09:34:57.498+0000] {logging_mixin.py:188} INFO - [2024-12-23T09:34:57.498+0000] {dag.py:3823} INFO - Setting next_dagrun for example_dynamic_task_mapping_with_no_taskflow_operators to 2024-12-22 00:00:00+00:00, run_after=2024-12-23 00:00:00+00:00
[2024-12-23T09:34:57.521+0000] {processor.py:183} INFO - Processing /home/airflow/.local/lib/python3.11/site-packages/airflow/example_dags/example_dynamic_task_mapping_with_no_taskflow_operators.py took 0.091 seconds
[2024-12-23T09:35:28.446+0000] {processor.py:161} INFO - Started process (PID=3209) to work on /home/airflow/.local/lib/python3.11/site-packages/airflow/example_dags/example_dynamic_task_mapping_with_no_taskflow_operators.py
[2024-12-23T09:35:28.447+0000] {processor.py:830} INFO - Processing file /home/airflow/.local/lib/python3.11/site-packages/airflow/example_dags/example_dynamic_task_mapping_with_no_taskflow_operators.py for tasks to queue
[2024-12-23T09:35:28.450+0000] {logging_mixin.py:188} INFO - [2024-12-23T09:35:28.449+0000] {dagbag.py:538} INFO - Filling up the DagBag from /home/airflow/.local/lib/python3.11/site-packages/airflow/example_dags/example_dynamic_task_mapping_with_no_taskflow_operators.py
[2024-12-23T09:35:28.463+0000] {processor.py:840} INFO - DAG(s) 'example_dynamic_task_mapping_with_no_taskflow_operators' retrieved from /home/airflow/.local/lib/python3.11/site-packages/airflow/example_dags/example_dynamic_task_mapping_with_no_taskflow_operators.py
[2024-12-23T09:35:28.509+0000] {logging_mixin.py:188} INFO - [2024-12-23T09:35:28.509+0000] {dag.py:3036} INFO - Sync 1 DAGs
[2024-12-23T09:35:28.548+0000] {logging_mixin.py:188} INFO - [2024-12-23T09:35:28.548+0000] {dag.py:3823} INFO - Setting next_dagrun for example_dynamic_task_mapping_with_no_taskflow_operators to 2024-12-22 00:00:00+00:00, run_after=2024-12-23 00:00:00+00:00
[2024-12-23T09:35:28.577+0000] {processor.py:183} INFO - Processing /home/airflow/.local/lib/python3.11/site-packages/airflow/example_dags/example_dynamic_task_mapping_with_no_taskflow_operators.py took 0.138 seconds
[2024-12-23T09:35:58.744+0000] {processor.py:161} INFO - Started process (PID=3280) to work on /home/airflow/.local/lib/python3.11/site-packages/airflow/example_dags/example_dynamic_task_mapping_with_no_taskflow_operators.py
[2024-12-23T09:35:58.746+0000] {processor.py:830} INFO - Processing file /home/airflow/.local/lib/python3.11/site-packages/airflow/example_dags/example_dynamic_task_mapping_with_no_taskflow_operators.py for tasks to queue
[2024-12-23T09:35:58.747+0000] {logging_mixin.py:188} INFO - [2024-12-23T09:35:58.747+0000] {dagbag.py:538} INFO - Filling up the DagBag from /home/airflow/.local/lib/python3.11/site-packages/airflow/example_dags/example_dynamic_task_mapping_with_no_taskflow_operators.py
[2024-12-23T09:35:58.756+0000] {processor.py:840} INFO - DAG(s) 'example_dynamic_task_mapping_with_no_taskflow_operators' retrieved from /home/airflow/.local/lib/python3.11/site-packages/airflow/example_dags/example_dynamic_task_mapping_with_no_taskflow_operators.py
[2024-12-23T09:35:58.780+0000] {logging_mixin.py:188} INFO - [2024-12-23T09:35:58.780+0000] {dag.py:3036} INFO - Sync 1 DAGs
[2024-12-23T09:35:58.813+0000] {logging_mixin.py:188} INFO - [2024-12-23T09:35:58.813+0000] {dag.py:3823} INFO - Setting next_dagrun for example_dynamic_task_mapping_with_no_taskflow_operators to 2024-12-22 00:00:00+00:00, run_after=2024-12-23 00:00:00+00:00
[2024-12-23T09:35:58.841+0000] {processor.py:183} INFO - Processing /home/airflow/.local/lib/python3.11/site-packages/airflow/example_dags/example_dynamic_task_mapping_with_no_taskflow_operators.py took 0.100 seconds
[2024-12-23T09:36:29.239+0000] {processor.py:161} INFO - Started process (PID=3354) to work on /home/airflow/.local/lib/python3.11/site-packages/airflow/example_dags/example_dynamic_task_mapping_with_no_taskflow_operators.py
[2024-12-23T09:36:29.241+0000] {processor.py:830} INFO - Processing file /home/airflow/.local/lib/python3.11/site-packages/airflow/example_dags/example_dynamic_task_mapping_with_no_taskflow_operators.py for tasks to queue
[2024-12-23T09:36:29.242+0000] {logging_mixin.py:188} INFO - [2024-12-23T09:36:29.242+0000] {dagbag.py:538} INFO - Filling up the DagBag from /home/airflow/.local/lib/python3.11/site-packages/airflow/example_dags/example_dynamic_task_mapping_with_no_taskflow_operators.py
[2024-12-23T09:36:29.264+0000] {processor.py:840} INFO - DAG(s) 'example_dynamic_task_mapping_with_no_taskflow_operators' retrieved from /home/airflow/.local/lib/python3.11/site-packages/airflow/example_dags/example_dynamic_task_mapping_with_no_taskflow_operators.py
[2024-12-23T09:36:29.329+0000] {logging_mixin.py:188} INFO - [2024-12-23T09:36:29.329+0000] {dag.py:3036} INFO - Sync 1 DAGs
[2024-12-23T09:36:29.371+0000] {logging_mixin.py:188} INFO - [2024-12-23T09:36:29.371+0000] {dag.py:3823} INFO - Setting next_dagrun for example_dynamic_task_mapping_with_no_taskflow_operators to 2024-12-22 00:00:00+00:00, run_after=2024-12-23 00:00:00+00:00
[2024-12-23T09:36:29.403+0000] {processor.py:183} INFO - Processing /home/airflow/.local/lib/python3.11/site-packages/airflow/example_dags/example_dynamic_task_mapping_with_no_taskflow_operators.py took 0.180 seconds
[2024-12-23T09:37:00.179+0000] {processor.py:161} INFO - Started process (PID=3433) to work on /home/airflow/.local/lib/python3.11/site-packages/airflow/example_dags/example_dynamic_task_mapping_with_no_taskflow_operators.py
[2024-12-23T09:37:00.181+0000] {processor.py:830} INFO - Processing file /home/airflow/.local/lib/python3.11/site-packages/airflow/example_dags/example_dynamic_task_mapping_with_no_taskflow_operators.py for tasks to queue
[2024-12-23T09:37:00.182+0000] {logging_mixin.py:188} INFO - [2024-12-23T09:37:00.182+0000] {dagbag.py:538} INFO - Filling up the DagBag from /home/airflow/.local/lib/python3.11/site-packages/airflow/example_dags/example_dynamic_task_mapping_with_no_taskflow_operators.py
[2024-12-23T09:37:00.191+0000] {processor.py:840} INFO - DAG(s) 'example_dynamic_task_mapping_with_no_taskflow_operators' retrieved from /home/airflow/.local/lib/python3.11/site-packages/airflow/example_dags/example_dynamic_task_mapping_with_no_taskflow_operators.py
[2024-12-23T09:37:00.215+0000] {logging_mixin.py:188} INFO - [2024-12-23T09:37:00.215+0000] {dag.py:3036} INFO - Sync 1 DAGs
[2024-12-23T09:37:00.247+0000] {logging_mixin.py:188} INFO - [2024-12-23T09:37:00.247+0000] {dag.py:3823} INFO - Setting next_dagrun for example_dynamic_task_mapping_with_no_taskflow_operators to 2024-12-22 00:00:00+00:00, run_after=2024-12-23 00:00:00+00:00
[2024-12-23T09:37:00.271+0000] {processor.py:183} INFO - Processing /home/airflow/.local/lib/python3.11/site-packages/airflow/example_dags/example_dynamic_task_mapping_with_no_taskflow_operators.py took 0.096 seconds
[2024-12-23T09:37:31.358+0000] {processor.py:161} INFO - Started process (PID=3497) to work on /home/airflow/.local/lib/python3.11/site-packages/airflow/example_dags/example_dynamic_task_mapping_with_no_taskflow_operators.py
[2024-12-23T09:37:31.360+0000] {processor.py:830} INFO - Processing file /home/airflow/.local/lib/python3.11/site-packages/airflow/example_dags/example_dynamic_task_mapping_with_no_taskflow_operators.py for tasks to queue
[2024-12-23T09:37:31.362+0000] {logging_mixin.py:188} INFO - [2024-12-23T09:37:31.361+0000] {dagbag.py:538} INFO - Filling up the DagBag from /home/airflow/.local/lib/python3.11/site-packages/airflow/example_dags/example_dynamic_task_mapping_with_no_taskflow_operators.py
[2024-12-23T09:37:31.371+0000] {processor.py:840} INFO - DAG(s) 'example_dynamic_task_mapping_with_no_taskflow_operators' retrieved from /home/airflow/.local/lib/python3.11/site-packages/airflow/example_dags/example_dynamic_task_mapping_with_no_taskflow_operators.py
[2024-12-23T09:37:31.396+0000] {logging_mixin.py:188} INFO - [2024-12-23T09:37:31.395+0000] {dag.py:3036} INFO - Sync 1 DAGs
[2024-12-23T09:37:31.421+0000] {logging_mixin.py:188} INFO - [2024-12-23T09:37:31.421+0000] {dag.py:3823} INFO - Setting next_dagrun for example_dynamic_task_mapping_with_no_taskflow_operators to 2024-12-22 00:00:00+00:00, run_after=2024-12-23 00:00:00+00:00
[2024-12-23T09:37:31.443+0000] {processor.py:183} INFO - Processing /home/airflow/.local/lib/python3.11/site-packages/airflow/example_dags/example_dynamic_task_mapping_with_no_taskflow_operators.py took 0.089 seconds
[2024-12-23T09:38:01.827+0000] {processor.py:161} INFO - Started process (PID=3568) to work on /home/airflow/.local/lib/python3.11/site-packages/airflow/example_dags/example_dynamic_task_mapping_with_no_taskflow_operators.py
[2024-12-23T09:38:01.829+0000] {processor.py:830} INFO - Processing file /home/airflow/.local/lib/python3.11/site-packages/airflow/example_dags/example_dynamic_task_mapping_with_no_taskflow_operators.py for tasks to queue
[2024-12-23T09:38:01.831+0000] {logging_mixin.py:188} INFO - [2024-12-23T09:38:01.830+0000] {dagbag.py:538} INFO - Filling up the DagBag from /home/airflow/.local/lib/python3.11/site-packages/airflow/example_dags/example_dynamic_task_mapping_with_no_taskflow_operators.py
[2024-12-23T09:38:01.839+0000] {processor.py:840} INFO - DAG(s) 'example_dynamic_task_mapping_with_no_taskflow_operators' retrieved from /home/airflow/.local/lib/python3.11/site-packages/airflow/example_dags/example_dynamic_task_mapping_with_no_taskflow_operators.py
[2024-12-23T09:38:01.864+0000] {logging_mixin.py:188} INFO - [2024-12-23T09:38:01.864+0000] {dag.py:3036} INFO - Sync 1 DAGs
[2024-12-23T09:38:01.889+0000] {logging_mixin.py:188} INFO - [2024-12-23T09:38:01.888+0000] {dag.py:3823} INFO - Setting next_dagrun for example_dynamic_task_mapping_with_no_taskflow_operators to 2024-12-22 00:00:00+00:00, run_after=2024-12-23 00:00:00+00:00
[2024-12-23T09:38:01.918+0000] {processor.py:183} INFO - Processing /home/airflow/.local/lib/python3.11/site-packages/airflow/example_dags/example_dynamic_task_mapping_with_no_taskflow_operators.py took 0.096 seconds
[2024-12-23T09:38:32.045+0000] {processor.py:161} INFO - Started process (PID=3646) to work on /home/airflow/.local/lib/python3.11/site-packages/airflow/example_dags/example_dynamic_task_mapping_with_no_taskflow_operators.py
[2024-12-23T09:38:32.046+0000] {processor.py:830} INFO - Processing file /home/airflow/.local/lib/python3.11/site-packages/airflow/example_dags/example_dynamic_task_mapping_with_no_taskflow_operators.py for tasks to queue
[2024-12-23T09:38:32.048+0000] {logging_mixin.py:188} INFO - [2024-12-23T09:38:32.047+0000] {dagbag.py:538} INFO - Filling up the DagBag from /home/airflow/.local/lib/python3.11/site-packages/airflow/example_dags/example_dynamic_task_mapping_with_no_taskflow_operators.py
[2024-12-23T09:38:32.057+0000] {processor.py:840} INFO - DAG(s) 'example_dynamic_task_mapping_with_no_taskflow_operators' retrieved from /home/airflow/.local/lib/python3.11/site-packages/airflow/example_dags/example_dynamic_task_mapping_with_no_taskflow_operators.py
[2024-12-23T09:38:32.082+0000] {logging_mixin.py:188} INFO - [2024-12-23T09:38:32.082+0000] {dag.py:3036} INFO - Sync 1 DAGs
[2024-12-23T09:38:32.110+0000] {logging_mixin.py:188} INFO - [2024-12-23T09:38:32.110+0000] {dag.py:3823} INFO - Setting next_dagrun for example_dynamic_task_mapping_with_no_taskflow_operators to 2024-12-22 00:00:00+00:00, run_after=2024-12-23 00:00:00+00:00
[2024-12-23T09:38:32.135+0000] {processor.py:183} INFO - Processing /home/airflow/.local/lib/python3.11/site-packages/airflow/example_dags/example_dynamic_task_mapping_with_no_taskflow_operators.py took 0.094 seconds
[2024-12-23T09:39:02.887+0000] {processor.py:161} INFO - Started process (PID=3720) to work on /home/airflow/.local/lib/python3.11/site-packages/airflow/example_dags/example_dynamic_task_mapping_with_no_taskflow_operators.py
[2024-12-23T09:39:02.889+0000] {processor.py:830} INFO - Processing file /home/airflow/.local/lib/python3.11/site-packages/airflow/example_dags/example_dynamic_task_mapping_with_no_taskflow_operators.py for tasks to queue
[2024-12-23T09:39:02.890+0000] {logging_mixin.py:188} INFO - [2024-12-23T09:39:02.890+0000] {dagbag.py:538} INFO - Filling up the DagBag from /home/airflow/.local/lib/python3.11/site-packages/airflow/example_dags/example_dynamic_task_mapping_with_no_taskflow_operators.py
[2024-12-23T09:39:02.901+0000] {processor.py:840} INFO - DAG(s) 'example_dynamic_task_mapping_with_no_taskflow_operators' retrieved from /home/airflow/.local/lib/python3.11/site-packages/airflow/example_dags/example_dynamic_task_mapping_with_no_taskflow_operators.py
[2024-12-23T09:39:02.929+0000] {logging_mixin.py:188} INFO - [2024-12-23T09:39:02.929+0000] {dag.py:3036} INFO - Sync 1 DAGs
[2024-12-23T09:39:02.972+0000] {logging_mixin.py:188} INFO - [2024-12-23T09:39:02.971+0000] {dag.py:3823} INFO - Setting next_dagrun for example_dynamic_task_mapping_with_no_taskflow_operators to 2024-12-22 00:00:00+00:00, run_after=2024-12-23 00:00:00+00:00
[2024-12-23T09:39:03.078+0000] {processor.py:183} INFO - Processing /home/airflow/.local/lib/python3.11/site-packages/airflow/example_dags/example_dynamic_task_mapping_with_no_taskflow_operators.py took 0.194 seconds
[2024-12-23T09:39:33.414+0000] {processor.py:161} INFO - Started process (PID=3792) to work on /home/airflow/.local/lib/python3.11/site-packages/airflow/example_dags/example_dynamic_task_mapping_with_no_taskflow_operators.py
[2024-12-23T09:39:33.415+0000] {processor.py:830} INFO - Processing file /home/airflow/.local/lib/python3.11/site-packages/airflow/example_dags/example_dynamic_task_mapping_with_no_taskflow_operators.py for tasks to queue
[2024-12-23T09:39:33.416+0000] {logging_mixin.py:188} INFO - [2024-12-23T09:39:33.415+0000] {dagbag.py:538} INFO - Filling up the DagBag from /home/airflow/.local/lib/python3.11/site-packages/airflow/example_dags/example_dynamic_task_mapping_with_no_taskflow_operators.py
[2024-12-23T09:39:33.428+0000] {processor.py:840} INFO - DAG(s) 'example_dynamic_task_mapping_with_no_taskflow_operators' retrieved from /home/airflow/.local/lib/python3.11/site-packages/airflow/example_dags/example_dynamic_task_mapping_with_no_taskflow_operators.py
[2024-12-23T09:39:33.451+0000] {logging_mixin.py:188} INFO - [2024-12-23T09:39:33.450+0000] {dag.py:3036} INFO - Sync 1 DAGs
[2024-12-23T09:39:33.477+0000] {logging_mixin.py:188} INFO - [2024-12-23T09:39:33.477+0000] {dag.py:3823} INFO - Setting next_dagrun for example_dynamic_task_mapping_with_no_taskflow_operators to 2024-12-22 00:00:00+00:00, run_after=2024-12-23 00:00:00+00:00
[2024-12-23T09:39:33.506+0000] {processor.py:183} INFO - Processing /home/airflow/.local/lib/python3.11/site-packages/airflow/example_dags/example_dynamic_task_mapping_with_no_taskflow_operators.py took 0.096 seconds
[2024-12-23T09:40:04.090+0000] {processor.py:161} INFO - Started process (PID=3864) to work on /home/airflow/.local/lib/python3.11/site-packages/airflow/example_dags/example_dynamic_task_mapping_with_no_taskflow_operators.py
[2024-12-23T09:40:04.091+0000] {processor.py:830} INFO - Processing file /home/airflow/.local/lib/python3.11/site-packages/airflow/example_dags/example_dynamic_task_mapping_with_no_taskflow_operators.py for tasks to queue
[2024-12-23T09:40:04.093+0000] {logging_mixin.py:188} INFO - [2024-12-23T09:40:04.092+0000] {dagbag.py:538} INFO - Filling up the DagBag from /home/airflow/.local/lib/python3.11/site-packages/airflow/example_dags/example_dynamic_task_mapping_with_no_taskflow_operators.py
[2024-12-23T09:40:04.100+0000] {processor.py:840} INFO - DAG(s) 'example_dynamic_task_mapping_with_no_taskflow_operators' retrieved from /home/airflow/.local/lib/python3.11/site-packages/airflow/example_dags/example_dynamic_task_mapping_with_no_taskflow_operators.py
[2024-12-23T09:40:04.122+0000] {logging_mixin.py:188} INFO - [2024-12-23T09:40:04.121+0000] {dag.py:3036} INFO - Sync 1 DAGs
[2024-12-23T09:40:04.148+0000] {logging_mixin.py:188} INFO - [2024-12-23T09:40:04.148+0000] {dag.py:3823} INFO - Setting next_dagrun for example_dynamic_task_mapping_with_no_taskflow_operators to 2024-12-22 00:00:00+00:00, run_after=2024-12-23 00:00:00+00:00
[2024-12-23T09:40:04.171+0000] {processor.py:183} INFO - Processing /home/airflow/.local/lib/python3.11/site-packages/airflow/example_dags/example_dynamic_task_mapping_with_no_taskflow_operators.py took 0.084 seconds
[2024-12-23T09:40:34.890+0000] {processor.py:161} INFO - Started process (PID=3941) to work on /home/airflow/.local/lib/python3.11/site-packages/airflow/example_dags/example_dynamic_task_mapping_with_no_taskflow_operators.py
[2024-12-23T09:40:34.891+0000] {processor.py:830} INFO - Processing file /home/airflow/.local/lib/python3.11/site-packages/airflow/example_dags/example_dynamic_task_mapping_with_no_taskflow_operators.py for tasks to queue
[2024-12-23T09:40:34.893+0000] {logging_mixin.py:188} INFO - [2024-12-23T09:40:34.892+0000] {dagbag.py:538} INFO - Filling up the DagBag from /home/airflow/.local/lib/python3.11/site-packages/airflow/example_dags/example_dynamic_task_mapping_with_no_taskflow_operators.py
[2024-12-23T09:40:34.904+0000] {processor.py:840} INFO - DAG(s) 'example_dynamic_task_mapping_with_no_taskflow_operators' retrieved from /home/airflow/.local/lib/python3.11/site-packages/airflow/example_dags/example_dynamic_task_mapping_with_no_taskflow_operators.py
[2024-12-23T09:40:34.929+0000] {logging_mixin.py:188} INFO - [2024-12-23T09:40:34.928+0000] {dag.py:3036} INFO - Sync 1 DAGs
[2024-12-23T09:40:34.955+0000] {logging_mixin.py:188} INFO - [2024-12-23T09:40:34.955+0000] {dag.py:3823} INFO - Setting next_dagrun for example_dynamic_task_mapping_with_no_taskflow_operators to 2024-12-22 00:00:00+00:00, run_after=2024-12-23 00:00:00+00:00
[2024-12-23T09:40:34.983+0000] {processor.py:183} INFO - Processing /home/airflow/.local/lib/python3.11/site-packages/airflow/example_dags/example_dynamic_task_mapping_with_no_taskflow_operators.py took 0.097 seconds
[2024-12-23T09:41:05.092+0000] {processor.py:161} INFO - Started process (PID=4012) to work on /home/airflow/.local/lib/python3.11/site-packages/airflow/example_dags/example_dynamic_task_mapping_with_no_taskflow_operators.py
[2024-12-23T09:41:05.095+0000] {processor.py:830} INFO - Processing file /home/airflow/.local/lib/python3.11/site-packages/airflow/example_dags/example_dynamic_task_mapping_with_no_taskflow_operators.py for tasks to queue
[2024-12-23T09:41:05.097+0000] {logging_mixin.py:188} INFO - [2024-12-23T09:41:05.097+0000] {dagbag.py:538} INFO - Filling up the DagBag from /home/airflow/.local/lib/python3.11/site-packages/airflow/example_dags/example_dynamic_task_mapping_with_no_taskflow_operators.py
[2024-12-23T09:41:05.112+0000] {processor.py:840} INFO - DAG(s) 'example_dynamic_task_mapping_with_no_taskflow_operators' retrieved from /home/airflow/.local/lib/python3.11/site-packages/airflow/example_dags/example_dynamic_task_mapping_with_no_taskflow_operators.py
[2024-12-23T09:41:05.141+0000] {logging_mixin.py:188} INFO - [2024-12-23T09:41:05.141+0000] {dag.py:3036} INFO - Sync 1 DAGs
[2024-12-23T09:41:05.164+0000] {logging_mixin.py:188} INFO - [2024-12-23T09:41:05.164+0000] {dag.py:3823} INFO - Setting next_dagrun for example_dynamic_task_mapping_with_no_taskflow_operators to 2024-12-22 00:00:00+00:00, run_after=2024-12-23 00:00:00+00:00
[2024-12-23T09:41:05.200+0000] {processor.py:183} INFO - Processing /home/airflow/.local/lib/python3.11/site-packages/airflow/example_dags/example_dynamic_task_mapping_with_no_taskflow_operators.py took 0.114 seconds
[2024-12-23T09:41:35.862+0000] {processor.py:161} INFO - Started process (PID=4084) to work on /home/airflow/.local/lib/python3.11/site-packages/airflow/example_dags/example_dynamic_task_mapping_with_no_taskflow_operators.py
[2024-12-23T09:41:35.865+0000] {processor.py:830} INFO - Processing file /home/airflow/.local/lib/python3.11/site-packages/airflow/example_dags/example_dynamic_task_mapping_with_no_taskflow_operators.py for tasks to queue
[2024-12-23T09:41:35.867+0000] {logging_mixin.py:188} INFO - [2024-12-23T09:41:35.866+0000] {dagbag.py:538} INFO - Filling up the DagBag from /home/airflow/.local/lib/python3.11/site-packages/airflow/example_dags/example_dynamic_task_mapping_with_no_taskflow_operators.py
[2024-12-23T09:41:35.882+0000] {processor.py:840} INFO - DAG(s) 'example_dynamic_task_mapping_with_no_taskflow_operators' retrieved from /home/airflow/.local/lib/python3.11/site-packages/airflow/example_dags/example_dynamic_task_mapping_with_no_taskflow_operators.py
[2024-12-23T09:41:35.915+0000] {logging_mixin.py:188} INFO - [2024-12-23T09:41:35.914+0000] {dag.py:3036} INFO - Sync 1 DAGs
[2024-12-23T09:41:35.940+0000] {logging_mixin.py:188} INFO - [2024-12-23T09:41:35.940+0000] {dag.py:3823} INFO - Setting next_dagrun for example_dynamic_task_mapping_with_no_taskflow_operators to 2024-12-22 00:00:00+00:00, run_after=2024-12-23 00:00:00+00:00
[2024-12-23T09:41:35.970+0000] {processor.py:183} INFO - Processing /home/airflow/.local/lib/python3.11/site-packages/airflow/example_dags/example_dynamic_task_mapping_with_no_taskflow_operators.py took 0.115 seconds
[2024-12-23T09:42:06.341+0000] {processor.py:161} INFO - Started process (PID=4161) to work on /home/airflow/.local/lib/python3.11/site-packages/airflow/example_dags/example_dynamic_task_mapping_with_no_taskflow_operators.py
[2024-12-23T09:42:06.343+0000] {processor.py:830} INFO - Processing file /home/airflow/.local/lib/python3.11/site-packages/airflow/example_dags/example_dynamic_task_mapping_with_no_taskflow_operators.py for tasks to queue
[2024-12-23T09:42:06.344+0000] {logging_mixin.py:188} INFO - [2024-12-23T09:42:06.344+0000] {dagbag.py:538} INFO - Filling up the DagBag from /home/airflow/.local/lib/python3.11/site-packages/airflow/example_dags/example_dynamic_task_mapping_with_no_taskflow_operators.py
[2024-12-23T09:42:06.353+0000] {processor.py:840} INFO - DAG(s) 'example_dynamic_task_mapping_with_no_taskflow_operators' retrieved from /home/airflow/.local/lib/python3.11/site-packages/airflow/example_dags/example_dynamic_task_mapping_with_no_taskflow_operators.py
[2024-12-23T09:42:06.382+0000] {logging_mixin.py:188} INFO - [2024-12-23T09:42:06.382+0000] {dag.py:3036} INFO - Sync 1 DAGs
[2024-12-23T09:42:06.416+0000] {logging_mixin.py:188} INFO - [2024-12-23T09:42:06.416+0000] {dag.py:3823} INFO - Setting next_dagrun for example_dynamic_task_mapping_with_no_taskflow_operators to 2024-12-22 00:00:00+00:00, run_after=2024-12-23 00:00:00+00:00
[2024-12-23T09:42:06.456+0000] {processor.py:183} INFO - Processing /home/airflow/.local/lib/python3.11/site-packages/airflow/example_dags/example_dynamic_task_mapping_with_no_taskflow_operators.py took 0.120 seconds
