[2024-12-23T02:44:41.397+0000] {processor.py:161} INFO - Started process (PID=2762) to work on /home/airflow/.local/lib/python3.11/site-packages/airflow/example_dags/example_latest_only_with_trigger.py
[2024-12-23T02:44:41.399+0000] {processor.py:830} INFO - Processing file /home/airflow/.local/lib/python3.11/site-packages/airflow/example_dags/example_latest_only_with_trigger.py for tasks to queue
[2024-12-23T02:44:41.402+0000] {logging_mixin.py:188} INFO - [2024-12-23T02:44:41.402+0000] {dagbag.py:538} INFO - Filling up the DagBag from /home/airflow/.local/lib/python3.11/site-packages/airflow/example_dags/example_latest_only_with_trigger.py
[2024-12-23T02:44:41.412+0000] {processor.py:840} INFO - DAG(s) 'latest_only_with_trigger' retrieved from /home/airflow/.local/lib/python3.11/site-packages/airflow/example_dags/example_latest_only_with_trigger.py
[2024-12-23T02:44:41.439+0000] {logging_mixin.py:188} INFO - [2024-12-23T02:44:41.439+0000] {dag.py:3036} INFO - Sync 1 DAGs
[2024-12-23T02:44:41.470+0000] {logging_mixin.py:188} INFO - [2024-12-23T02:44:41.469+0000] {dag.py:3823} INFO - Setting next_dagrun for latest_only_with_trigger to 2024-12-22 20:00:00+00:00, run_after=2024-12-23 00:00:00+00:00
[2024-12-23T02:44:41.496+0000] {processor.py:183} INFO - Processing /home/airflow/.local/lib/python3.11/site-packages/airflow/example_dags/example_latest_only_with_trigger.py took 0.104 seconds
[2024-12-23T09:32:51.787+0000] {processor.py:161} INFO - Started process (PID=2833) to work on /home/airflow/.local/lib/python3.11/site-packages/airflow/example_dags/example_latest_only_with_trigger.py
[2024-12-23T09:32:51.799+0000] {processor.py:830} INFO - Processing file /home/airflow/.local/lib/python3.11/site-packages/airflow/example_dags/example_latest_only_with_trigger.py for tasks to queue
[2024-12-23T09:32:51.807+0000] {logging_mixin.py:188} INFO - [2024-12-23T09:32:51.803+0000] {dagbag.py:538} INFO - Filling up the DagBag from /home/airflow/.local/lib/python3.11/site-packages/airflow/example_dags/example_latest_only_with_trigger.py
[2024-12-23T09:32:51.892+0000] {processor.py:840} INFO - DAG(s) 'latest_only_with_trigger' retrieved from /home/airflow/.local/lib/python3.11/site-packages/airflow/example_dags/example_latest_only_with_trigger.py
[2024-12-23T09:32:52.029+0000] {logging_mixin.py:188} INFO - [2024-12-23T09:32:52.028+0000] {dag.py:3036} INFO - Sync 1 DAGs
[2024-12-23T09:32:52.073+0000] {logging_mixin.py:188} INFO - [2024-12-23T09:32:52.072+0000] {dag.py:3823} INFO - Setting next_dagrun for latest_only_with_trigger to 2024-12-23 04:00:00+00:00, run_after=2024-12-23 08:00:00+00:00
[2024-12-23T09:32:52.114+0000] {processor.py:183} INFO - Processing /home/airflow/.local/lib/python3.11/site-packages/airflow/example_dags/example_latest_only_with_trigger.py took 0.350 seconds
[2024-12-23T09:33:22.634+0000] {processor.py:161} INFO - Started process (PID=2896) to work on /home/airflow/.local/lib/python3.11/site-packages/airflow/example_dags/example_latest_only_with_trigger.py
[2024-12-23T09:33:22.635+0000] {processor.py:830} INFO - Processing file /home/airflow/.local/lib/python3.11/site-packages/airflow/example_dags/example_latest_only_with_trigger.py for tasks to queue
[2024-12-23T09:33:22.637+0000] {logging_mixin.py:188} INFO - [2024-12-23T09:33:22.637+0000] {dagbag.py:538} INFO - Filling up the DagBag from /home/airflow/.local/lib/python3.11/site-packages/airflow/example_dags/example_latest_only_with_trigger.py
[2024-12-23T09:33:22.649+0000] {processor.py:840} INFO - DAG(s) 'latest_only_with_trigger' retrieved from /home/airflow/.local/lib/python3.11/site-packages/airflow/example_dags/example_latest_only_with_trigger.py
[2024-12-23T09:33:22.682+0000] {logging_mixin.py:188} INFO - [2024-12-23T09:33:22.681+0000] {dag.py:3036} INFO - Sync 1 DAGs
[2024-12-23T09:33:22.717+0000] {logging_mixin.py:188} INFO - [2024-12-23T09:33:22.717+0000] {dag.py:3823} INFO - Setting next_dagrun for latest_only_with_trigger to 2024-12-23 04:00:00+00:00, run_after=2024-12-23 08:00:00+00:00
[2024-12-23T09:33:22.747+0000] {processor.py:183} INFO - Processing /home/airflow/.local/lib/python3.11/site-packages/airflow/example_dags/example_latest_only_with_trigger.py took 0.119 seconds
[2024-12-23T09:33:53.154+0000] {processor.py:161} INFO - Started process (PID=2968) to work on /home/airflow/.local/lib/python3.11/site-packages/airflow/example_dags/example_latest_only_with_trigger.py
[2024-12-23T09:33:53.156+0000] {processor.py:830} INFO - Processing file /home/airflow/.local/lib/python3.11/site-packages/airflow/example_dags/example_latest_only_with_trigger.py for tasks to queue
[2024-12-23T09:33:53.157+0000] {logging_mixin.py:188} INFO - [2024-12-23T09:33:53.157+0000] {dagbag.py:538} INFO - Filling up the DagBag from /home/airflow/.local/lib/python3.11/site-packages/airflow/example_dags/example_latest_only_with_trigger.py
[2024-12-23T09:33:53.164+0000] {processor.py:840} INFO - DAG(s) 'latest_only_with_trigger' retrieved from /home/airflow/.local/lib/python3.11/site-packages/airflow/example_dags/example_latest_only_with_trigger.py
[2024-12-23T09:33:53.191+0000] {logging_mixin.py:188} INFO - [2024-12-23T09:33:53.191+0000] {dag.py:3036} INFO - Sync 1 DAGs
[2024-12-23T09:33:53.221+0000] {logging_mixin.py:188} INFO - [2024-12-23T09:33:53.221+0000] {dag.py:3823} INFO - Setting next_dagrun for latest_only_with_trigger to 2024-12-23 04:00:00+00:00, run_after=2024-12-23 08:00:00+00:00
[2024-12-23T09:33:53.253+0000] {processor.py:183} INFO - Processing /home/airflow/.local/lib/python3.11/site-packages/airflow/example_dags/example_latest_only_with_trigger.py took 0.103 seconds
[2024-12-23T09:34:23.989+0000] {processor.py:161} INFO - Started process (PID=3040) to work on /home/airflow/.local/lib/python3.11/site-packages/airflow/example_dags/example_latest_only_with_trigger.py
[2024-12-23T09:34:23.992+0000] {processor.py:830} INFO - Processing file /home/airflow/.local/lib/python3.11/site-packages/airflow/example_dags/example_latest_only_with_trigger.py for tasks to queue
[2024-12-23T09:34:23.994+0000] {logging_mixin.py:188} INFO - [2024-12-23T09:34:23.993+0000] {dagbag.py:538} INFO - Filling up the DagBag from /home/airflow/.local/lib/python3.11/site-packages/airflow/example_dags/example_latest_only_with_trigger.py
[2024-12-23T09:34:24.003+0000] {processor.py:840} INFO - DAG(s) 'latest_only_with_trigger' retrieved from /home/airflow/.local/lib/python3.11/site-packages/airflow/example_dags/example_latest_only_with_trigger.py
[2024-12-23T09:34:24.028+0000] {logging_mixin.py:188} INFO - [2024-12-23T09:34:24.028+0000] {dag.py:3036} INFO - Sync 1 DAGs
[2024-12-23T09:34:24.053+0000] {logging_mixin.py:188} INFO - [2024-12-23T09:34:24.053+0000] {dag.py:3823} INFO - Setting next_dagrun for latest_only_with_trigger to 2024-12-23 04:00:00+00:00, run_after=2024-12-23 08:00:00+00:00
[2024-12-23T09:34:24.076+0000] {processor.py:183} INFO - Processing /home/airflow/.local/lib/python3.11/site-packages/airflow/example_dags/example_latest_only_with_trigger.py took 0.094 seconds
[2024-12-23T09:34:54.947+0000] {processor.py:161} INFO - Started process (PID=3119) to work on /home/airflow/.local/lib/python3.11/site-packages/airflow/example_dags/example_latest_only_with_trigger.py
[2024-12-23T09:34:54.949+0000] {processor.py:830} INFO - Processing file /home/airflow/.local/lib/python3.11/site-packages/airflow/example_dags/example_latest_only_with_trigger.py for tasks to queue
[2024-12-23T09:34:54.950+0000] {logging_mixin.py:188} INFO - [2024-12-23T09:34:54.950+0000] {dagbag.py:538} INFO - Filling up the DagBag from /home/airflow/.local/lib/python3.11/site-packages/airflow/example_dags/example_latest_only_with_trigger.py
[2024-12-23T09:34:54.958+0000] {processor.py:840} INFO - DAG(s) 'latest_only_with_trigger' retrieved from /home/airflow/.local/lib/python3.11/site-packages/airflow/example_dags/example_latest_only_with_trigger.py
[2024-12-23T09:34:54.985+0000] {logging_mixin.py:188} INFO - [2024-12-23T09:34:54.985+0000] {dag.py:3036} INFO - Sync 1 DAGs
[2024-12-23T09:34:55.010+0000] {logging_mixin.py:188} INFO - [2024-12-23T09:34:55.009+0000] {dag.py:3823} INFO - Setting next_dagrun for latest_only_with_trigger to 2024-12-23 04:00:00+00:00, run_after=2024-12-23 08:00:00+00:00
[2024-12-23T09:34:55.042+0000] {processor.py:183} INFO - Processing /home/airflow/.local/lib/python3.11/site-packages/airflow/example_dags/example_latest_only_with_trigger.py took 0.098 seconds
[2024-12-23T09:35:25.703+0000] {processor.py:161} INFO - Started process (PID=3191) to work on /home/airflow/.local/lib/python3.11/site-packages/airflow/example_dags/example_latest_only_with_trigger.py
[2024-12-23T09:35:25.705+0000] {processor.py:830} INFO - Processing file /home/airflow/.local/lib/python3.11/site-packages/airflow/example_dags/example_latest_only_with_trigger.py for tasks to queue
[2024-12-23T09:35:25.708+0000] {logging_mixin.py:188} INFO - [2024-12-23T09:35:25.707+0000] {dagbag.py:538} INFO - Filling up the DagBag from /home/airflow/.local/lib/python3.11/site-packages/airflow/example_dags/example_latest_only_with_trigger.py
[2024-12-23T09:35:25.718+0000] {processor.py:840} INFO - DAG(s) 'latest_only_with_trigger' retrieved from /home/airflow/.local/lib/python3.11/site-packages/airflow/example_dags/example_latest_only_with_trigger.py
[2024-12-23T09:35:25.745+0000] {logging_mixin.py:188} INFO - [2024-12-23T09:35:25.745+0000] {dag.py:3036} INFO - Sync 1 DAGs
[2024-12-23T09:35:25.770+0000] {logging_mixin.py:188} INFO - [2024-12-23T09:35:25.770+0000] {dag.py:3823} INFO - Setting next_dagrun for latest_only_with_trigger to 2024-12-23 04:00:00+00:00, run_after=2024-12-23 08:00:00+00:00
[2024-12-23T09:35:25.801+0000] {processor.py:183} INFO - Processing /home/airflow/.local/lib/python3.11/site-packages/airflow/example_dags/example_latest_only_with_trigger.py took 0.106 seconds
[2024-12-23T09:35:56.069+0000] {processor.py:161} INFO - Started process (PID=3263) to work on /home/airflow/.local/lib/python3.11/site-packages/airflow/example_dags/example_latest_only_with_trigger.py
[2024-12-23T09:35:56.071+0000] {processor.py:830} INFO - Processing file /home/airflow/.local/lib/python3.11/site-packages/airflow/example_dags/example_latest_only_with_trigger.py for tasks to queue
[2024-12-23T09:35:56.073+0000] {logging_mixin.py:188} INFO - [2024-12-23T09:35:56.072+0000] {dagbag.py:538} INFO - Filling up the DagBag from /home/airflow/.local/lib/python3.11/site-packages/airflow/example_dags/example_latest_only_with_trigger.py
[2024-12-23T09:35:56.084+0000] {processor.py:840} INFO - DAG(s) 'latest_only_with_trigger' retrieved from /home/airflow/.local/lib/python3.11/site-packages/airflow/example_dags/example_latest_only_with_trigger.py
[2024-12-23T09:35:56.127+0000] {logging_mixin.py:188} INFO - [2024-12-23T09:35:56.127+0000] {dag.py:3036} INFO - Sync 1 DAGs
[2024-12-23T09:35:56.171+0000] {logging_mixin.py:188} INFO - [2024-12-23T09:35:56.171+0000] {dag.py:3823} INFO - Setting next_dagrun for latest_only_with_trigger to 2024-12-23 04:00:00+00:00, run_after=2024-12-23 08:00:00+00:00
[2024-12-23T09:35:56.200+0000] {processor.py:183} INFO - Processing /home/airflow/.local/lib/python3.11/site-packages/airflow/example_dags/example_latest_only_with_trigger.py took 0.136 seconds
[2024-12-23T09:36:26.383+0000] {processor.py:161} INFO - Started process (PID=3336) to work on /home/airflow/.local/lib/python3.11/site-packages/airflow/example_dags/example_latest_only_with_trigger.py
[2024-12-23T09:36:26.384+0000] {processor.py:830} INFO - Processing file /home/airflow/.local/lib/python3.11/site-packages/airflow/example_dags/example_latest_only_with_trigger.py for tasks to queue
[2024-12-23T09:36:26.386+0000] {logging_mixin.py:188} INFO - [2024-12-23T09:36:26.385+0000] {dagbag.py:538} INFO - Filling up the DagBag from /home/airflow/.local/lib/python3.11/site-packages/airflow/example_dags/example_latest_only_with_trigger.py
[2024-12-23T09:36:26.397+0000] {processor.py:840} INFO - DAG(s) 'latest_only_with_trigger' retrieved from /home/airflow/.local/lib/python3.11/site-packages/airflow/example_dags/example_latest_only_with_trigger.py
[2024-12-23T09:36:26.439+0000] {logging_mixin.py:188} INFO - [2024-12-23T09:36:26.439+0000] {dag.py:3036} INFO - Sync 1 DAGs
[2024-12-23T09:36:26.480+0000] {logging_mixin.py:188} INFO - [2024-12-23T09:36:26.480+0000] {dag.py:3823} INFO - Setting next_dagrun for latest_only_with_trigger to 2024-12-23 04:00:00+00:00, run_after=2024-12-23 08:00:00+00:00
[2024-12-23T09:36:26.506+0000] {processor.py:183} INFO - Processing /home/airflow/.local/lib/python3.11/site-packages/airflow/example_dags/example_latest_only_with_trigger.py took 0.128 seconds
[2024-12-23T09:36:57.160+0000] {processor.py:161} INFO - Started process (PID=3407) to work on /home/airflow/.local/lib/python3.11/site-packages/airflow/example_dags/example_latest_only_with_trigger.py
[2024-12-23T09:36:57.163+0000] {processor.py:830} INFO - Processing file /home/airflow/.local/lib/python3.11/site-packages/airflow/example_dags/example_latest_only_with_trigger.py for tasks to queue
[2024-12-23T09:36:57.165+0000] {logging_mixin.py:188} INFO - [2024-12-23T09:36:57.165+0000] {dagbag.py:538} INFO - Filling up the DagBag from /home/airflow/.local/lib/python3.11/site-packages/airflow/example_dags/example_latest_only_with_trigger.py
[2024-12-23T09:36:57.176+0000] {processor.py:840} INFO - DAG(s) 'latest_only_with_trigger' retrieved from /home/airflow/.local/lib/python3.11/site-packages/airflow/example_dags/example_latest_only_with_trigger.py
[2024-12-23T09:36:57.212+0000] {logging_mixin.py:188} INFO - [2024-12-23T09:36:57.212+0000] {dag.py:3036} INFO - Sync 1 DAGs
[2024-12-23T09:36:57.246+0000] {logging_mixin.py:188} INFO - [2024-12-23T09:36:57.246+0000] {dag.py:3823} INFO - Setting next_dagrun for latest_only_with_trigger to 2024-12-23 04:00:00+00:00, run_after=2024-12-23 08:00:00+00:00
[2024-12-23T09:36:57.273+0000] {processor.py:183} INFO - Processing /home/airflow/.local/lib/python3.11/site-packages/airflow/example_dags/example_latest_only_with_trigger.py took 0.118 seconds
[2024-12-23T09:37:27.723+0000] {processor.py:161} INFO - Started process (PID=3476) to work on /home/airflow/.local/lib/python3.11/site-packages/airflow/example_dags/example_latest_only_with_trigger.py
[2024-12-23T09:37:27.724+0000] {processor.py:830} INFO - Processing file /home/airflow/.local/lib/python3.11/site-packages/airflow/example_dags/example_latest_only_with_trigger.py for tasks to queue
[2024-12-23T09:37:27.726+0000] {logging_mixin.py:188} INFO - [2024-12-23T09:37:27.725+0000] {dagbag.py:538} INFO - Filling up the DagBag from /home/airflow/.local/lib/python3.11/site-packages/airflow/example_dags/example_latest_only_with_trigger.py
[2024-12-23T09:37:27.734+0000] {processor.py:840} INFO - DAG(s) 'latest_only_with_trigger' retrieved from /home/airflow/.local/lib/python3.11/site-packages/airflow/example_dags/example_latest_only_with_trigger.py
[2024-12-23T09:37:27.764+0000] {logging_mixin.py:188} INFO - [2024-12-23T09:37:27.764+0000] {dag.py:3036} INFO - Sync 1 DAGs
[2024-12-23T09:37:27.794+0000] {logging_mixin.py:188} INFO - [2024-12-23T09:37:27.794+0000] {dag.py:3823} INFO - Setting next_dagrun for latest_only_with_trigger to 2024-12-23 04:00:00+00:00, run_after=2024-12-23 08:00:00+00:00
[2024-12-23T09:37:27.828+0000] {processor.py:183} INFO - Processing /home/airflow/.local/lib/python3.11/site-packages/airflow/example_dags/example_latest_only_with_trigger.py took 0.110 seconds
[2024-12-23T09:37:57.982+0000] {processor.py:161} INFO - Started process (PID=3548) to work on /home/airflow/.local/lib/python3.11/site-packages/airflow/example_dags/example_latest_only_with_trigger.py
[2024-12-23T09:37:57.983+0000] {processor.py:830} INFO - Processing file /home/airflow/.local/lib/python3.11/site-packages/airflow/example_dags/example_latest_only_with_trigger.py for tasks to queue
[2024-12-23T09:37:57.984+0000] {logging_mixin.py:188} INFO - [2024-12-23T09:37:57.984+0000] {dagbag.py:538} INFO - Filling up the DagBag from /home/airflow/.local/lib/python3.11/site-packages/airflow/example_dags/example_latest_only_with_trigger.py
[2024-12-23T09:37:57.991+0000] {processor.py:840} INFO - DAG(s) 'latest_only_with_trigger' retrieved from /home/airflow/.local/lib/python3.11/site-packages/airflow/example_dags/example_latest_only_with_trigger.py
[2024-12-23T09:37:58.017+0000] {logging_mixin.py:188} INFO - [2024-12-23T09:37:58.016+0000] {dag.py:3036} INFO - Sync 1 DAGs
[2024-12-23T09:37:58.044+0000] {logging_mixin.py:188} INFO - [2024-12-23T09:37:58.044+0000] {dag.py:3823} INFO - Setting next_dagrun for latest_only_with_trigger to 2024-12-23 04:00:00+00:00, run_after=2024-12-23 08:00:00+00:00
[2024-12-23T09:37:58.069+0000] {processor.py:183} INFO - Processing /home/airflow/.local/lib/python3.11/site-packages/airflow/example_dags/example_latest_only_with_trigger.py took 0.091 seconds
[2024-12-23T09:38:28.182+0000] {processor.py:161} INFO - Started process (PID=3620) to work on /home/airflow/.local/lib/python3.11/site-packages/airflow/example_dags/example_latest_only_with_trigger.py
[2024-12-23T09:38:28.183+0000] {processor.py:830} INFO - Processing file /home/airflow/.local/lib/python3.11/site-packages/airflow/example_dags/example_latest_only_with_trigger.py for tasks to queue
[2024-12-23T09:38:28.184+0000] {logging_mixin.py:188} INFO - [2024-12-23T09:38:28.184+0000] {dagbag.py:538} INFO - Filling up the DagBag from /home/airflow/.local/lib/python3.11/site-packages/airflow/example_dags/example_latest_only_with_trigger.py
[2024-12-23T09:38:28.191+0000] {processor.py:840} INFO - DAG(s) 'latest_only_with_trigger' retrieved from /home/airflow/.local/lib/python3.11/site-packages/airflow/example_dags/example_latest_only_with_trigger.py
[2024-12-23T09:38:28.218+0000] {logging_mixin.py:188} INFO - [2024-12-23T09:38:28.218+0000] {dag.py:3036} INFO - Sync 1 DAGs
[2024-12-23T09:38:28.243+0000] {logging_mixin.py:188} INFO - [2024-12-23T09:38:28.242+0000] {dag.py:3823} INFO - Setting next_dagrun for latest_only_with_trigger to 2024-12-23 04:00:00+00:00, run_after=2024-12-23 08:00:00+00:00
[2024-12-23T09:38:28.272+0000] {processor.py:183} INFO - Processing /home/airflow/.local/lib/python3.11/site-packages/airflow/example_dags/example_latest_only_with_trigger.py took 0.094 seconds
[2024-12-23T09:38:58.741+0000] {processor.py:161} INFO - Started process (PID=3700) to work on /home/airflow/.local/lib/python3.11/site-packages/airflow/example_dags/example_latest_only_with_trigger.py
[2024-12-23T09:38:58.743+0000] {processor.py:830} INFO - Processing file /home/airflow/.local/lib/python3.11/site-packages/airflow/example_dags/example_latest_only_with_trigger.py for tasks to queue
[2024-12-23T09:38:58.744+0000] {logging_mixin.py:188} INFO - [2024-12-23T09:38:58.744+0000] {dagbag.py:538} INFO - Filling up the DagBag from /home/airflow/.local/lib/python3.11/site-packages/airflow/example_dags/example_latest_only_with_trigger.py
[2024-12-23T09:38:58.753+0000] {processor.py:840} INFO - DAG(s) 'latest_only_with_trigger' retrieved from /home/airflow/.local/lib/python3.11/site-packages/airflow/example_dags/example_latest_only_with_trigger.py
[2024-12-23T09:38:58.780+0000] {logging_mixin.py:188} INFO - [2024-12-23T09:38:58.780+0000] {dag.py:3036} INFO - Sync 1 DAGs
[2024-12-23T09:38:58.815+0000] {logging_mixin.py:188} INFO - [2024-12-23T09:38:58.814+0000] {dag.py:3823} INFO - Setting next_dagrun for latest_only_with_trigger to 2024-12-23 04:00:00+00:00, run_after=2024-12-23 08:00:00+00:00
[2024-12-23T09:38:58.846+0000] {processor.py:183} INFO - Processing /home/airflow/.local/lib/python3.11/site-packages/airflow/example_dags/example_latest_only_with_trigger.py took 0.109 seconds
[2024-12-23T09:39:29.298+0000] {processor.py:161} INFO - Started process (PID=3772) to work on /home/airflow/.local/lib/python3.11/site-packages/airflow/example_dags/example_latest_only_with_trigger.py
[2024-12-23T09:39:29.300+0000] {processor.py:830} INFO - Processing file /home/airflow/.local/lib/python3.11/site-packages/airflow/example_dags/example_latest_only_with_trigger.py for tasks to queue
[2024-12-23T09:39:29.302+0000] {logging_mixin.py:188} INFO - [2024-12-23T09:39:29.301+0000] {dagbag.py:538} INFO - Filling up the DagBag from /home/airflow/.local/lib/python3.11/site-packages/airflow/example_dags/example_latest_only_with_trigger.py
[2024-12-23T09:39:29.313+0000] {processor.py:840} INFO - DAG(s) 'latest_only_with_trigger' retrieved from /home/airflow/.local/lib/python3.11/site-packages/airflow/example_dags/example_latest_only_with_trigger.py
[2024-12-23T09:39:29.340+0000] {logging_mixin.py:188} INFO - [2024-12-23T09:39:29.340+0000] {dag.py:3036} INFO - Sync 1 DAGs
[2024-12-23T09:39:29.367+0000] {logging_mixin.py:188} INFO - [2024-12-23T09:39:29.367+0000] {dag.py:3823} INFO - Setting next_dagrun for latest_only_with_trigger to 2024-12-23 04:00:00+00:00, run_after=2024-12-23 08:00:00+00:00
[2024-12-23T09:39:29.391+0000] {processor.py:183} INFO - Processing /home/airflow/.local/lib/python3.11/site-packages/airflow/example_dags/example_latest_only_with_trigger.py took 0.098 seconds
[2024-12-23T09:39:59.828+0000] {processor.py:161} INFO - Started process (PID=3844) to work on /home/airflow/.local/lib/python3.11/site-packages/airflow/example_dags/example_latest_only_with_trigger.py
[2024-12-23T09:39:59.830+0000] {processor.py:830} INFO - Processing file /home/airflow/.local/lib/python3.11/site-packages/airflow/example_dags/example_latest_only_with_trigger.py for tasks to queue
[2024-12-23T09:39:59.831+0000] {logging_mixin.py:188} INFO - [2024-12-23T09:39:59.830+0000] {dagbag.py:538} INFO - Filling up the DagBag from /home/airflow/.local/lib/python3.11/site-packages/airflow/example_dags/example_latest_only_with_trigger.py
[2024-12-23T09:39:59.839+0000] {processor.py:840} INFO - DAG(s) 'latest_only_with_trigger' retrieved from /home/airflow/.local/lib/python3.11/site-packages/airflow/example_dags/example_latest_only_with_trigger.py
[2024-12-23T09:39:59.865+0000] {logging_mixin.py:188} INFO - [2024-12-23T09:39:59.865+0000] {dag.py:3036} INFO - Sync 1 DAGs
[2024-12-23T09:39:59.889+0000] {logging_mixin.py:188} INFO - [2024-12-23T09:39:59.889+0000] {dag.py:3823} INFO - Setting next_dagrun for latest_only_with_trigger to 2024-12-23 04:00:00+00:00, run_after=2024-12-23 08:00:00+00:00
[2024-12-23T09:39:59.920+0000] {processor.py:183} INFO - Processing /home/airflow/.local/lib/python3.11/site-packages/airflow/example_dags/example_latest_only_with_trigger.py took 0.097 seconds
[2024-12-23T09:40:30.640+0000] {processor.py:161} INFO - Started process (PID=3916) to work on /home/airflow/.local/lib/python3.11/site-packages/airflow/example_dags/example_latest_only_with_trigger.py
[2024-12-23T09:40:30.642+0000] {processor.py:830} INFO - Processing file /home/airflow/.local/lib/python3.11/site-packages/airflow/example_dags/example_latest_only_with_trigger.py for tasks to queue
[2024-12-23T09:40:30.644+0000] {logging_mixin.py:188} INFO - [2024-12-23T09:40:30.643+0000] {dagbag.py:538} INFO - Filling up the DagBag from /home/airflow/.local/lib/python3.11/site-packages/airflow/example_dags/example_latest_only_with_trigger.py
[2024-12-23T09:40:30.658+0000] {processor.py:840} INFO - DAG(s) 'latest_only_with_trigger' retrieved from /home/airflow/.local/lib/python3.11/site-packages/airflow/example_dags/example_latest_only_with_trigger.py
[2024-12-23T09:40:30.696+0000] {logging_mixin.py:188} INFO - [2024-12-23T09:40:30.696+0000] {dag.py:3036} INFO - Sync 1 DAGs
[2024-12-23T09:40:30.723+0000] {logging_mixin.py:188} INFO - [2024-12-23T09:40:30.722+0000] {dag.py:3823} INFO - Setting next_dagrun for latest_only_with_trigger to 2024-12-23 04:00:00+00:00, run_after=2024-12-23 08:00:00+00:00
[2024-12-23T09:40:30.746+0000] {processor.py:183} INFO - Processing /home/airflow/.local/lib/python3.11/site-packages/airflow/example_dags/example_latest_only_with_trigger.py took 0.109 seconds
[2024-12-23T09:41:01.219+0000] {processor.py:161} INFO - Started process (PID=3995) to work on /home/airflow/.local/lib/python3.11/site-packages/airflow/example_dags/example_latest_only_with_trigger.py
[2024-12-23T09:41:01.220+0000] {processor.py:830} INFO - Processing file /home/airflow/.local/lib/python3.11/site-packages/airflow/example_dags/example_latest_only_with_trigger.py for tasks to queue
[2024-12-23T09:41:01.221+0000] {logging_mixin.py:188} INFO - [2024-12-23T09:41:01.221+0000] {dagbag.py:538} INFO - Filling up the DagBag from /home/airflow/.local/lib/python3.11/site-packages/airflow/example_dags/example_latest_only_with_trigger.py
[2024-12-23T09:41:01.230+0000] {processor.py:840} INFO - DAG(s) 'latest_only_with_trigger' retrieved from /home/airflow/.local/lib/python3.11/site-packages/airflow/example_dags/example_latest_only_with_trigger.py
[2024-12-23T09:41:01.255+0000] {logging_mixin.py:188} INFO - [2024-12-23T09:41:01.255+0000] {dag.py:3036} INFO - Sync 1 DAGs
[2024-12-23T09:41:01.281+0000] {logging_mixin.py:188} INFO - [2024-12-23T09:41:01.281+0000] {dag.py:3823} INFO - Setting next_dagrun for latest_only_with_trigger to 2024-12-23 04:00:00+00:00, run_after=2024-12-23 08:00:00+00:00
[2024-12-23T09:41:01.306+0000] {processor.py:183} INFO - Processing /home/airflow/.local/lib/python3.11/site-packages/airflow/example_dags/example_latest_only_with_trigger.py took 0.091 seconds
[2024-12-23T09:41:31.951+0000] {processor.py:161} INFO - Started process (PID=4067) to work on /home/airflow/.local/lib/python3.11/site-packages/airflow/example_dags/example_latest_only_with_trigger.py
[2024-12-23T09:41:31.953+0000] {processor.py:830} INFO - Processing file /home/airflow/.local/lib/python3.11/site-packages/airflow/example_dags/example_latest_only_with_trigger.py for tasks to queue
[2024-12-23T09:41:31.954+0000] {logging_mixin.py:188} INFO - [2024-12-23T09:41:31.953+0000] {dagbag.py:538} INFO - Filling up the DagBag from /home/airflow/.local/lib/python3.11/site-packages/airflow/example_dags/example_latest_only_with_trigger.py
[2024-12-23T09:41:31.962+0000] {processor.py:840} INFO - DAG(s) 'latest_only_with_trigger' retrieved from /home/airflow/.local/lib/python3.11/site-packages/airflow/example_dags/example_latest_only_with_trigger.py
[2024-12-23T09:41:31.992+0000] {logging_mixin.py:188} INFO - [2024-12-23T09:41:31.992+0000] {dag.py:3036} INFO - Sync 1 DAGs
[2024-12-23T09:41:32.021+0000] {logging_mixin.py:188} INFO - [2024-12-23T09:41:32.021+0000] {dag.py:3823} INFO - Setting next_dagrun for latest_only_with_trigger to 2024-12-23 04:00:00+00:00, run_after=2024-12-23 08:00:00+00:00
[2024-12-23T09:41:32.051+0000] {processor.py:183} INFO - Processing /home/airflow/.local/lib/python3.11/site-packages/airflow/example_dags/example_latest_only_with_trigger.py took 0.103 seconds
[2024-12-23T09:42:02.161+0000] {processor.py:161} INFO - Started process (PID=4129) to work on /home/airflow/.local/lib/python3.11/site-packages/airflow/example_dags/example_latest_only_with_trigger.py
[2024-12-23T09:42:02.163+0000] {processor.py:830} INFO - Processing file /home/airflow/.local/lib/python3.11/site-packages/airflow/example_dags/example_latest_only_with_trigger.py for tasks to queue
[2024-12-23T09:42:02.165+0000] {logging_mixin.py:188} INFO - [2024-12-23T09:42:02.165+0000] {dagbag.py:538} INFO - Filling up the DagBag from /home/airflow/.local/lib/python3.11/site-packages/airflow/example_dags/example_latest_only_with_trigger.py
[2024-12-23T09:42:02.178+0000] {processor.py:840} INFO - DAG(s) 'latest_only_with_trigger' retrieved from /home/airflow/.local/lib/python3.11/site-packages/airflow/example_dags/example_latest_only_with_trigger.py
[2024-12-23T09:42:02.210+0000] {logging_mixin.py:188} INFO - [2024-12-23T09:42:02.210+0000] {dag.py:3036} INFO - Sync 1 DAGs
[2024-12-23T09:42:02.239+0000] {logging_mixin.py:188} INFO - [2024-12-23T09:42:02.239+0000] {dag.py:3823} INFO - Setting next_dagrun for latest_only_with_trigger to 2024-12-23 04:00:00+00:00, run_after=2024-12-23 08:00:00+00:00
[2024-12-23T09:42:02.280+0000] {processor.py:183} INFO - Processing /home/airflow/.local/lib/python3.11/site-packages/airflow/example_dags/example_latest_only_with_trigger.py took 0.123 seconds
[2024-12-23T09:42:32.416+0000] {processor.py:161} INFO - Started process (PID=4201) to work on /home/airflow/.local/lib/python3.11/site-packages/airflow/example_dags/example_latest_only_with_trigger.py
[2024-12-23T09:42:32.418+0000] {processor.py:830} INFO - Processing file /home/airflow/.local/lib/python3.11/site-packages/airflow/example_dags/example_latest_only_with_trigger.py for tasks to queue
[2024-12-23T09:42:32.419+0000] {logging_mixin.py:188} INFO - [2024-12-23T09:42:32.419+0000] {dagbag.py:538} INFO - Filling up the DagBag from /home/airflow/.local/lib/python3.11/site-packages/airflow/example_dags/example_latest_only_with_trigger.py
[2024-12-23T09:42:32.431+0000] {processor.py:840} INFO - DAG(s) 'latest_only_with_trigger' retrieved from /home/airflow/.local/lib/python3.11/site-packages/airflow/example_dags/example_latest_only_with_trigger.py
[2024-12-23T09:42:32.476+0000] {logging_mixin.py:188} INFO - [2024-12-23T09:42:32.476+0000] {dag.py:3036} INFO - Sync 1 DAGs
[2024-12-23T09:42:32.516+0000] {logging_mixin.py:188} INFO - [2024-12-23T09:42:32.516+0000] {dag.py:3823} INFO - Setting next_dagrun for latest_only_with_trigger to 2024-12-23 04:00:00+00:00, run_after=2024-12-23 08:00:00+00:00
[2024-12-23T09:42:32.547+0000] {processor.py:183} INFO - Processing /home/airflow/.local/lib/python3.11/site-packages/airflow/example_dags/example_latest_only_with_trigger.py took 0.137 seconds
