[2024-12-23T02:44:41.930+0000] {processor.py:161} INFO - Started process (PID=2767) to work on /home/airflow/.local/lib/python3.11/site-packages/airflow/example_dags/example_python_decorator.py
[2024-12-23T02:44:41.961+0000] {processor.py:830} INFO - Processing file /home/airflow/.local/lib/python3.11/site-packages/airflow/example_dags/example_python_decorator.py for tasks to queue
[2024-12-23T02:44:41.966+0000] {logging_mixin.py:188} INFO - [2024-12-23T02:44:41.965+0000] {dagbag.py:538} INFO - Filling up the DagBag from /home/airflow/.local/lib/python3.11/site-packages/airflow/example_dags/example_python_decorator.py
[2024-12-23T02:44:41.990+0000] {processor.py:840} INFO - DAG(s) 'example_python_decorator' retrieved from /home/airflow/.local/lib/python3.11/site-packages/airflow/example_dags/example_python_decorator.py
[2024-12-23T02:44:42.025+0000] {logging_mixin.py:188} INFO - [2024-12-23T02:44:42.025+0000] {dag.py:3036} INFO - Sync 1 DAGs
[2024-12-23T02:44:42.042+0000] {logging_mixin.py:188} INFO - [2024-12-23T02:44:42.042+0000] {dag.py:3823} INFO - Setting next_dagrun for example_python_decorator to None, run_after=None
[2024-12-23T02:44:42.070+0000] {processor.py:183} INFO - Processing /home/airflow/.local/lib/python3.11/site-packages/airflow/example_dags/example_python_decorator.py took 0.145 seconds
[2024-12-23T09:32:52.901+0000] {processor.py:161} INFO - Started process (PID=2838) to work on /home/airflow/.local/lib/python3.11/site-packages/airflow/example_dags/example_python_decorator.py
[2024-12-23T09:32:52.903+0000] {processor.py:830} INFO - Processing file /home/airflow/.local/lib/python3.11/site-packages/airflow/example_dags/example_python_decorator.py for tasks to queue
[2024-12-23T09:32:52.905+0000] {logging_mixin.py:188} INFO - [2024-12-23T09:32:52.904+0000] {dagbag.py:538} INFO - Filling up the DagBag from /home/airflow/.local/lib/python3.11/site-packages/airflow/example_dags/example_python_decorator.py
[2024-12-23T09:32:52.923+0000] {processor.py:840} INFO - DAG(s) 'example_python_decorator' retrieved from /home/airflow/.local/lib/python3.11/site-packages/airflow/example_dags/example_python_decorator.py
[2024-12-23T09:32:52.955+0000] {logging_mixin.py:188} INFO - [2024-12-23T09:32:52.955+0000] {dag.py:3036} INFO - Sync 1 DAGs
[2024-12-23T09:32:52.972+0000] {logging_mixin.py:188} INFO - [2024-12-23T09:32:52.972+0000] {dag.py:3823} INFO - Setting next_dagrun for example_python_decorator to None, run_after=None
[2024-12-23T09:32:52.999+0000] {processor.py:183} INFO - Processing /home/airflow/.local/lib/python3.11/site-packages/airflow/example_dags/example_python_decorator.py took 0.102 seconds
[2024-12-23T09:33:23.096+0000] {processor.py:161} INFO - Started process (PID=2901) to work on /home/airflow/.local/lib/python3.11/site-packages/airflow/example_dags/example_python_decorator.py
[2024-12-23T09:33:23.097+0000] {processor.py:830} INFO - Processing file /home/airflow/.local/lib/python3.11/site-packages/airflow/example_dags/example_python_decorator.py for tasks to queue
[2024-12-23T09:33:23.098+0000] {logging_mixin.py:188} INFO - [2024-12-23T09:33:23.098+0000] {dagbag.py:538} INFO - Filling up the DagBag from /home/airflow/.local/lib/python3.11/site-packages/airflow/example_dags/example_python_decorator.py
[2024-12-23T09:33:23.113+0000] {processor.py:840} INFO - DAG(s) 'example_python_decorator' retrieved from /home/airflow/.local/lib/python3.11/site-packages/airflow/example_dags/example_python_decorator.py
[2024-12-23T09:33:23.140+0000] {logging_mixin.py:188} INFO - [2024-12-23T09:33:23.139+0000] {dag.py:3036} INFO - Sync 1 DAGs
[2024-12-23T09:33:23.152+0000] {logging_mixin.py:188} INFO - [2024-12-23T09:33:23.152+0000] {dag.py:3823} INFO - Setting next_dagrun for example_python_decorator to None, run_after=None
[2024-12-23T09:33:23.176+0000] {processor.py:183} INFO - Processing /home/airflow/.local/lib/python3.11/site-packages/airflow/example_dags/example_python_decorator.py took 0.084 seconds
[2024-12-23T09:33:53.569+0000] {processor.py:161} INFO - Started process (PID=2973) to work on /home/airflow/.local/lib/python3.11/site-packages/airflow/example_dags/example_python_decorator.py
[2024-12-23T09:33:53.570+0000] {processor.py:830} INFO - Processing file /home/airflow/.local/lib/python3.11/site-packages/airflow/example_dags/example_python_decorator.py for tasks to queue
[2024-12-23T09:33:53.572+0000] {logging_mixin.py:188} INFO - [2024-12-23T09:33:53.571+0000] {dagbag.py:538} INFO - Filling up the DagBag from /home/airflow/.local/lib/python3.11/site-packages/airflow/example_dags/example_python_decorator.py
[2024-12-23T09:33:53.587+0000] {processor.py:840} INFO - DAG(s) 'example_python_decorator' retrieved from /home/airflow/.local/lib/python3.11/site-packages/airflow/example_dags/example_python_decorator.py
[2024-12-23T09:33:53.614+0000] {logging_mixin.py:188} INFO - [2024-12-23T09:33:53.614+0000] {dag.py:3036} INFO - Sync 1 DAGs
[2024-12-23T09:33:53.627+0000] {logging_mixin.py:188} INFO - [2024-12-23T09:33:53.627+0000] {dag.py:3823} INFO - Setting next_dagrun for example_python_decorator to None, run_after=None
[2024-12-23T09:33:53.657+0000] {processor.py:183} INFO - Processing /home/airflow/.local/lib/python3.11/site-packages/airflow/example_dags/example_python_decorator.py took 0.092 seconds
[2024-12-23T09:34:24.452+0000] {processor.py:161} INFO - Started process (PID=3045) to work on /home/airflow/.local/lib/python3.11/site-packages/airflow/example_dags/example_python_decorator.py
[2024-12-23T09:34:24.454+0000] {processor.py:830} INFO - Processing file /home/airflow/.local/lib/python3.11/site-packages/airflow/example_dags/example_python_decorator.py for tasks to queue
[2024-12-23T09:34:24.455+0000] {logging_mixin.py:188} INFO - [2024-12-23T09:34:24.454+0000] {dagbag.py:538} INFO - Filling up the DagBag from /home/airflow/.local/lib/python3.11/site-packages/airflow/example_dags/example_python_decorator.py
[2024-12-23T09:34:24.473+0000] {processor.py:840} INFO - DAG(s) 'example_python_decorator' retrieved from /home/airflow/.local/lib/python3.11/site-packages/airflow/example_dags/example_python_decorator.py
[2024-12-23T09:34:24.502+0000] {logging_mixin.py:188} INFO - [2024-12-23T09:34:24.502+0000] {dag.py:3036} INFO - Sync 1 DAGs
[2024-12-23T09:34:24.523+0000] {logging_mixin.py:188} INFO - [2024-12-23T09:34:24.523+0000] {dag.py:3823} INFO - Setting next_dagrun for example_python_decorator to None, run_after=None
[2024-12-23T09:34:24.545+0000] {processor.py:183} INFO - Processing /home/airflow/.local/lib/python3.11/site-packages/airflow/example_dags/example_python_decorator.py took 0.096 seconds
[2024-12-23T09:34:55.332+0000] {processor.py:161} INFO - Started process (PID=3124) to work on /home/airflow/.local/lib/python3.11/site-packages/airflow/example_dags/example_python_decorator.py
[2024-12-23T09:34:55.333+0000] {processor.py:830} INFO - Processing file /home/airflow/.local/lib/python3.11/site-packages/airflow/example_dags/example_python_decorator.py for tasks to queue
[2024-12-23T09:34:55.334+0000] {logging_mixin.py:188} INFO - [2024-12-23T09:34:55.334+0000] {dagbag.py:538} INFO - Filling up the DagBag from /home/airflow/.local/lib/python3.11/site-packages/airflow/example_dags/example_python_decorator.py
[2024-12-23T09:34:55.349+0000] {processor.py:840} INFO - DAG(s) 'example_python_decorator' retrieved from /home/airflow/.local/lib/python3.11/site-packages/airflow/example_dags/example_python_decorator.py
[2024-12-23T09:34:55.374+0000] {logging_mixin.py:188} INFO - [2024-12-23T09:34:55.374+0000] {dag.py:3036} INFO - Sync 1 DAGs
[2024-12-23T09:34:55.387+0000] {logging_mixin.py:188} INFO - [2024-12-23T09:34:55.387+0000] {dag.py:3823} INFO - Setting next_dagrun for example_python_decorator to None, run_after=None
[2024-12-23T09:34:55.421+0000] {processor.py:183} INFO - Processing /home/airflow/.local/lib/python3.11/site-packages/airflow/example_dags/example_python_decorator.py took 0.093 seconds
[2024-12-23T09:35:26.137+0000] {processor.py:161} INFO - Started process (PID=3196) to work on /home/airflow/.local/lib/python3.11/site-packages/airflow/example_dags/example_python_decorator.py
[2024-12-23T09:35:26.138+0000] {processor.py:830} INFO - Processing file /home/airflow/.local/lib/python3.11/site-packages/airflow/example_dags/example_python_decorator.py for tasks to queue
[2024-12-23T09:35:26.140+0000] {logging_mixin.py:188} INFO - [2024-12-23T09:35:26.140+0000] {dagbag.py:538} INFO - Filling up the DagBag from /home/airflow/.local/lib/python3.11/site-packages/airflow/example_dags/example_python_decorator.py
[2024-12-23T09:35:26.162+0000] {processor.py:840} INFO - DAG(s) 'example_python_decorator' retrieved from /home/airflow/.local/lib/python3.11/site-packages/airflow/example_dags/example_python_decorator.py
[2024-12-23T09:35:26.198+0000] {logging_mixin.py:188} INFO - [2024-12-23T09:35:26.197+0000] {dag.py:3036} INFO - Sync 1 DAGs
[2024-12-23T09:35:26.219+0000] {logging_mixin.py:188} INFO - [2024-12-23T09:35:26.218+0000] {dag.py:3823} INFO - Setting next_dagrun for example_python_decorator to None, run_after=None
[2024-12-23T09:35:26.253+0000] {processor.py:183} INFO - Processing /home/airflow/.local/lib/python3.11/site-packages/airflow/example_dags/example_python_decorator.py took 0.121 seconds
[2024-12-23T09:35:56.611+0000] {processor.py:161} INFO - Started process (PID=3268) to work on /home/airflow/.local/lib/python3.11/site-packages/airflow/example_dags/example_python_decorator.py
[2024-12-23T09:35:56.614+0000] {processor.py:830} INFO - Processing file /home/airflow/.local/lib/python3.11/site-packages/airflow/example_dags/example_python_decorator.py for tasks to queue
[2024-12-23T09:35:56.616+0000] {logging_mixin.py:188} INFO - [2024-12-23T09:35:56.615+0000] {dagbag.py:538} INFO - Filling up the DagBag from /home/airflow/.local/lib/python3.11/site-packages/airflow/example_dags/example_python_decorator.py
[2024-12-23T09:35:56.649+0000] {processor.py:840} INFO - DAG(s) 'example_python_decorator' retrieved from /home/airflow/.local/lib/python3.11/site-packages/airflow/example_dags/example_python_decorator.py
[2024-12-23T09:35:56.703+0000] {logging_mixin.py:188} INFO - [2024-12-23T09:35:56.703+0000] {dag.py:3036} INFO - Sync 1 DAGs
[2024-12-23T09:35:56.736+0000] {logging_mixin.py:188} INFO - [2024-12-23T09:35:56.735+0000] {dag.py:3823} INFO - Setting next_dagrun for example_python_decorator to None, run_after=None
[2024-12-23T09:35:56.782+0000] {processor.py:183} INFO - Processing /home/airflow/.local/lib/python3.11/site-packages/airflow/example_dags/example_python_decorator.py took 0.178 seconds
[2024-12-23T09:36:26.874+0000] {processor.py:161} INFO - Started process (PID=3341) to work on /home/airflow/.local/lib/python3.11/site-packages/airflow/example_dags/example_python_decorator.py
[2024-12-23T09:36:26.876+0000] {processor.py:830} INFO - Processing file /home/airflow/.local/lib/python3.11/site-packages/airflow/example_dags/example_python_decorator.py for tasks to queue
[2024-12-23T09:36:26.878+0000] {logging_mixin.py:188} INFO - [2024-12-23T09:36:26.878+0000] {dagbag.py:538} INFO - Filling up the DagBag from /home/airflow/.local/lib/python3.11/site-packages/airflow/example_dags/example_python_decorator.py
[2024-12-23T09:36:26.904+0000] {processor.py:840} INFO - DAG(s) 'example_python_decorator' retrieved from /home/airflow/.local/lib/python3.11/site-packages/airflow/example_dags/example_python_decorator.py
[2024-12-23T09:36:26.942+0000] {logging_mixin.py:188} INFO - [2024-12-23T09:36:26.942+0000] {dag.py:3036} INFO - Sync 1 DAGs
[2024-12-23T09:36:26.961+0000] {logging_mixin.py:188} INFO - [2024-12-23T09:36:26.961+0000] {dag.py:3823} INFO - Setting next_dagrun for example_python_decorator to None, run_after=None
[2024-12-23T09:36:26.988+0000] {processor.py:183} INFO - Processing /home/airflow/.local/lib/python3.11/site-packages/airflow/example_dags/example_python_decorator.py took 0.119 seconds
[2024-12-23T09:36:57.876+0000] {processor.py:161} INFO - Started process (PID=3413) to work on /home/airflow/.local/lib/python3.11/site-packages/airflow/example_dags/example_python_decorator.py
[2024-12-23T09:36:57.877+0000] {processor.py:830} INFO - Processing file /home/airflow/.local/lib/python3.11/site-packages/airflow/example_dags/example_python_decorator.py for tasks to queue
[2024-12-23T09:36:57.879+0000] {logging_mixin.py:188} INFO - [2024-12-23T09:36:57.878+0000] {dagbag.py:538} INFO - Filling up the DagBag from /home/airflow/.local/lib/python3.11/site-packages/airflow/example_dags/example_python_decorator.py
[2024-12-23T09:36:57.894+0000] {processor.py:840} INFO - DAG(s) 'example_python_decorator' retrieved from /home/airflow/.local/lib/python3.11/site-packages/airflow/example_dags/example_python_decorator.py
[2024-12-23T09:36:57.942+0000] {logging_mixin.py:188} INFO - [2024-12-23T09:36:57.942+0000] {dag.py:3036} INFO - Sync 1 DAGs
[2024-12-23T09:36:57.974+0000] {logging_mixin.py:188} INFO - [2024-12-23T09:36:57.974+0000] {dag.py:3823} INFO - Setting next_dagrun for example_python_decorator to None, run_after=None
[2024-12-23T09:36:58.016+0000] {processor.py:183} INFO - Processing /home/airflow/.local/lib/python3.11/site-packages/airflow/example_dags/example_python_decorator.py took 0.145 seconds
[2024-12-23T09:37:28.366+0000] {processor.py:161} INFO - Started process (PID=3483) to work on /home/airflow/.local/lib/python3.11/site-packages/airflow/example_dags/example_python_decorator.py
[2024-12-23T09:37:28.367+0000] {processor.py:830} INFO - Processing file /home/airflow/.local/lib/python3.11/site-packages/airflow/example_dags/example_python_decorator.py for tasks to queue
[2024-12-23T09:37:28.369+0000] {logging_mixin.py:188} INFO - [2024-12-23T09:37:28.368+0000] {dagbag.py:538} INFO - Filling up the DagBag from /home/airflow/.local/lib/python3.11/site-packages/airflow/example_dags/example_python_decorator.py
[2024-12-23T09:37:28.386+0000] {processor.py:840} INFO - DAG(s) 'example_python_decorator' retrieved from /home/airflow/.local/lib/python3.11/site-packages/airflow/example_dags/example_python_decorator.py
[2024-12-23T09:37:28.417+0000] {logging_mixin.py:188} INFO - [2024-12-23T09:37:28.416+0000] {dag.py:3036} INFO - Sync 1 DAGs
[2024-12-23T09:37:28.433+0000] {logging_mixin.py:188} INFO - [2024-12-23T09:37:28.433+0000] {dag.py:3823} INFO - Setting next_dagrun for example_python_decorator to None, run_after=None
[2024-12-23T09:37:28.459+0000] {processor.py:183} INFO - Processing /home/airflow/.local/lib/python3.11/site-packages/airflow/example_dags/example_python_decorator.py took 0.097 seconds
[2024-12-23T09:37:58.778+0000] {processor.py:161} INFO - Started process (PID=3555) to work on /home/airflow/.local/lib/python3.11/site-packages/airflow/example_dags/example_python_decorator.py
[2024-12-23T09:37:58.779+0000] {processor.py:830} INFO - Processing file /home/airflow/.local/lib/python3.11/site-packages/airflow/example_dags/example_python_decorator.py for tasks to queue
[2024-12-23T09:37:58.781+0000] {logging_mixin.py:188} INFO - [2024-12-23T09:37:58.780+0000] {dagbag.py:538} INFO - Filling up the DagBag from /home/airflow/.local/lib/python3.11/site-packages/airflow/example_dags/example_python_decorator.py
[2024-12-23T09:37:58.804+0000] {processor.py:840} INFO - DAG(s) 'example_python_decorator' retrieved from /home/airflow/.local/lib/python3.11/site-packages/airflow/example_dags/example_python_decorator.py
[2024-12-23T09:37:58.833+0000] {logging_mixin.py:188} INFO - [2024-12-23T09:37:58.832+0000] {dag.py:3036} INFO - Sync 1 DAGs
[2024-12-23T09:37:58.848+0000] {logging_mixin.py:188} INFO - [2024-12-23T09:37:58.848+0000] {dag.py:3823} INFO - Setting next_dagrun for example_python_decorator to None, run_after=None
[2024-12-23T09:37:58.874+0000] {processor.py:183} INFO - Processing /home/airflow/.local/lib/python3.11/site-packages/airflow/example_dags/example_python_decorator.py took 0.100 seconds
[2024-12-23T09:38:29.624+0000] {processor.py:161} INFO - Started process (PID=3625) to work on /home/airflow/.local/lib/python3.11/site-packages/airflow/example_dags/example_python_decorator.py
[2024-12-23T09:38:29.625+0000] {processor.py:830} INFO - Processing file /home/airflow/.local/lib/python3.11/site-packages/airflow/example_dags/example_python_decorator.py for tasks to queue
[2024-12-23T09:38:29.626+0000] {logging_mixin.py:188} INFO - [2024-12-23T09:38:29.626+0000] {dagbag.py:538} INFO - Filling up the DagBag from /home/airflow/.local/lib/python3.11/site-packages/airflow/example_dags/example_python_decorator.py
[2024-12-23T09:38:29.642+0000] {processor.py:840} INFO - DAG(s) 'example_python_decorator' retrieved from /home/airflow/.local/lib/python3.11/site-packages/airflow/example_dags/example_python_decorator.py
[2024-12-23T09:38:29.669+0000] {logging_mixin.py:188} INFO - [2024-12-23T09:38:29.669+0000] {dag.py:3036} INFO - Sync 1 DAGs
[2024-12-23T09:38:29.683+0000] {logging_mixin.py:188} INFO - [2024-12-23T09:38:29.683+0000] {dag.py:3823} INFO - Setting next_dagrun for example_python_decorator to None, run_after=None
[2024-12-23T09:38:29.706+0000] {processor.py:183} INFO - Processing /home/airflow/.local/lib/python3.11/site-packages/airflow/example_dags/example_python_decorator.py took 0.087 seconds
[2024-12-23T09:39:00.060+0000] {processor.py:161} INFO - Started process (PID=3705) to work on /home/airflow/.local/lib/python3.11/site-packages/airflow/example_dags/example_python_decorator.py
[2024-12-23T09:39:00.061+0000] {processor.py:830} INFO - Processing file /home/airflow/.local/lib/python3.11/site-packages/airflow/example_dags/example_python_decorator.py for tasks to queue
[2024-12-23T09:39:00.063+0000] {logging_mixin.py:188} INFO - [2024-12-23T09:39:00.062+0000] {dagbag.py:538} INFO - Filling up the DagBag from /home/airflow/.local/lib/python3.11/site-packages/airflow/example_dags/example_python_decorator.py
[2024-12-23T09:39:00.080+0000] {processor.py:840} INFO - DAG(s) 'example_python_decorator' retrieved from /home/airflow/.local/lib/python3.11/site-packages/airflow/example_dags/example_python_decorator.py
[2024-12-23T09:39:00.108+0000] {logging_mixin.py:188} INFO - [2024-12-23T09:39:00.108+0000] {dag.py:3036} INFO - Sync 1 DAGs
[2024-12-23T09:39:00.122+0000] {logging_mixin.py:188} INFO - [2024-12-23T09:39:00.122+0000] {dag.py:3823} INFO - Setting next_dagrun for example_python_decorator to None, run_after=None
[2024-12-23T09:39:00.157+0000] {processor.py:183} INFO - Processing /home/airflow/.local/lib/python3.11/site-packages/airflow/example_dags/example_python_decorator.py took 0.101 seconds
[2024-12-23T09:39:30.626+0000] {processor.py:161} INFO - Started process (PID=3777) to work on /home/airflow/.local/lib/python3.11/site-packages/airflow/example_dags/example_python_decorator.py
[2024-12-23T09:39:30.628+0000] {processor.py:830} INFO - Processing file /home/airflow/.local/lib/python3.11/site-packages/airflow/example_dags/example_python_decorator.py for tasks to queue
[2024-12-23T09:39:30.630+0000] {logging_mixin.py:188} INFO - [2024-12-23T09:39:30.629+0000] {dagbag.py:538} INFO - Filling up the DagBag from /home/airflow/.local/lib/python3.11/site-packages/airflow/example_dags/example_python_decorator.py
[2024-12-23T09:39:30.657+0000] {processor.py:840} INFO - DAG(s) 'example_python_decorator' retrieved from /home/airflow/.local/lib/python3.11/site-packages/airflow/example_dags/example_python_decorator.py
[2024-12-23T09:39:30.689+0000] {logging_mixin.py:188} INFO - [2024-12-23T09:39:30.689+0000] {dag.py:3036} INFO - Sync 1 DAGs
[2024-12-23T09:39:30.703+0000] {logging_mixin.py:188} INFO - [2024-12-23T09:39:30.703+0000] {dag.py:3823} INFO - Setting next_dagrun for example_python_decorator to None, run_after=None
[2024-12-23T09:39:30.726+0000] {processor.py:183} INFO - Processing /home/airflow/.local/lib/python3.11/site-packages/airflow/example_dags/example_python_decorator.py took 0.107 seconds
[2024-12-23T09:40:01.246+0000] {processor.py:161} INFO - Started process (PID=3849) to work on /home/airflow/.local/lib/python3.11/site-packages/airflow/example_dags/example_python_decorator.py
[2024-12-23T09:40:01.248+0000] {processor.py:830} INFO - Processing file /home/airflow/.local/lib/python3.11/site-packages/airflow/example_dags/example_python_decorator.py for tasks to queue
[2024-12-23T09:40:01.249+0000] {logging_mixin.py:188} INFO - [2024-12-23T09:40:01.248+0000] {dagbag.py:538} INFO - Filling up the DagBag from /home/airflow/.local/lib/python3.11/site-packages/airflow/example_dags/example_python_decorator.py
[2024-12-23T09:40:01.266+0000] {processor.py:840} INFO - DAG(s) 'example_python_decorator' retrieved from /home/airflow/.local/lib/python3.11/site-packages/airflow/example_dags/example_python_decorator.py
[2024-12-23T09:40:01.296+0000] {logging_mixin.py:188} INFO - [2024-12-23T09:40:01.296+0000] {dag.py:3036} INFO - Sync 1 DAGs
[2024-12-23T09:40:01.312+0000] {logging_mixin.py:188} INFO - [2024-12-23T09:40:01.311+0000] {dag.py:3823} INFO - Setting next_dagrun for example_python_decorator to None, run_after=None
[2024-12-23T09:40:01.352+0000] {processor.py:183} INFO - Processing /home/airflow/.local/lib/python3.11/site-packages/airflow/example_dags/example_python_decorator.py took 0.110 seconds
[2024-12-23T09:40:31.854+0000] {processor.py:161} INFO - Started process (PID=3921) to work on /home/airflow/.local/lib/python3.11/site-packages/airflow/example_dags/example_python_decorator.py
[2024-12-23T09:40:31.856+0000] {processor.py:830} INFO - Processing file /home/airflow/.local/lib/python3.11/site-packages/airflow/example_dags/example_python_decorator.py for tasks to queue
[2024-12-23T09:40:31.859+0000] {logging_mixin.py:188} INFO - [2024-12-23T09:40:31.858+0000] {dagbag.py:538} INFO - Filling up the DagBag from /home/airflow/.local/lib/python3.11/site-packages/airflow/example_dags/example_python_decorator.py
[2024-12-23T09:40:31.883+0000] {processor.py:840} INFO - DAG(s) 'example_python_decorator' retrieved from /home/airflow/.local/lib/python3.11/site-packages/airflow/example_dags/example_python_decorator.py
[2024-12-23T09:40:31.909+0000] {logging_mixin.py:188} INFO - [2024-12-23T09:40:31.909+0000] {dag.py:3036} INFO - Sync 1 DAGs
[2024-12-23T09:40:31.922+0000] {logging_mixin.py:188} INFO - [2024-12-23T09:40:31.922+0000] {dag.py:3823} INFO - Setting next_dagrun for example_python_decorator to None, run_after=None
[2024-12-23T09:40:31.953+0000] {processor.py:183} INFO - Processing /home/airflow/.local/lib/python3.11/site-packages/airflow/example_dags/example_python_decorator.py took 0.105 seconds
[2024-12-23T09:41:02.626+0000] {processor.py:161} INFO - Started process (PID=4000) to work on /home/airflow/.local/lib/python3.11/site-packages/airflow/example_dags/example_python_decorator.py
[2024-12-23T09:41:02.628+0000] {processor.py:830} INFO - Processing file /home/airflow/.local/lib/python3.11/site-packages/airflow/example_dags/example_python_decorator.py for tasks to queue
[2024-12-23T09:41:02.630+0000] {logging_mixin.py:188} INFO - [2024-12-23T09:41:02.629+0000] {dagbag.py:538} INFO - Filling up the DagBag from /home/airflow/.local/lib/python3.11/site-packages/airflow/example_dags/example_python_decorator.py
[2024-12-23T09:41:02.648+0000] {processor.py:840} INFO - DAG(s) 'example_python_decorator' retrieved from /home/airflow/.local/lib/python3.11/site-packages/airflow/example_dags/example_python_decorator.py
[2024-12-23T09:41:02.682+0000] {logging_mixin.py:188} INFO - [2024-12-23T09:41:02.682+0000] {dag.py:3036} INFO - Sync 1 DAGs
[2024-12-23T09:41:02.700+0000] {logging_mixin.py:188} INFO - [2024-12-23T09:41:02.699+0000] {dag.py:3823} INFO - Setting next_dagrun for example_python_decorator to None, run_after=None
[2024-12-23T09:41:02.729+0000] {processor.py:183} INFO - Processing /home/airflow/.local/lib/python3.11/site-packages/airflow/example_dags/example_python_decorator.py took 0.107 seconds
[2024-12-23T09:41:33.528+0000] {processor.py:161} INFO - Started process (PID=4072) to work on /home/airflow/.local/lib/python3.11/site-packages/airflow/example_dags/example_python_decorator.py
[2024-12-23T09:41:33.529+0000] {processor.py:830} INFO - Processing file /home/airflow/.local/lib/python3.11/site-packages/airflow/example_dags/example_python_decorator.py for tasks to queue
[2024-12-23T09:41:33.530+0000] {logging_mixin.py:188} INFO - [2024-12-23T09:41:33.530+0000] {dagbag.py:538} INFO - Filling up the DagBag from /home/airflow/.local/lib/python3.11/site-packages/airflow/example_dags/example_python_decorator.py
[2024-12-23T09:41:33.546+0000] {processor.py:840} INFO - DAG(s) 'example_python_decorator' retrieved from /home/airflow/.local/lib/python3.11/site-packages/airflow/example_dags/example_python_decorator.py
[2024-12-23T09:41:33.572+0000] {logging_mixin.py:188} INFO - [2024-12-23T09:41:33.572+0000] {dag.py:3036} INFO - Sync 1 DAGs
[2024-12-23T09:41:33.587+0000] {logging_mixin.py:188} INFO - [2024-12-23T09:41:33.587+0000] {dag.py:3823} INFO - Setting next_dagrun for example_python_decorator to None, run_after=None
[2024-12-23T09:41:33.612+0000] {processor.py:183} INFO - Processing /home/airflow/.local/lib/python3.11/site-packages/airflow/example_dags/example_python_decorator.py took 0.089 seconds
[2024-12-23T09:42:03.684+0000] {processor.py:161} INFO - Started process (PID=4134) to work on /home/airflow/.local/lib/python3.11/site-packages/airflow/example_dags/example_python_decorator.py
[2024-12-23T09:42:03.685+0000] {processor.py:830} INFO - Processing file /home/airflow/.local/lib/python3.11/site-packages/airflow/example_dags/example_python_decorator.py for tasks to queue
[2024-12-23T09:42:03.687+0000] {logging_mixin.py:188} INFO - [2024-12-23T09:42:03.687+0000] {dagbag.py:538} INFO - Filling up the DagBag from /home/airflow/.local/lib/python3.11/site-packages/airflow/example_dags/example_python_decorator.py
[2024-12-23T09:42:03.704+0000] {processor.py:840} INFO - DAG(s) 'example_python_decorator' retrieved from /home/airflow/.local/lib/python3.11/site-packages/airflow/example_dags/example_python_decorator.py
[2024-12-23T09:42:03.732+0000] {logging_mixin.py:188} INFO - [2024-12-23T09:42:03.731+0000] {dag.py:3036} INFO - Sync 1 DAGs
[2024-12-23T09:42:03.746+0000] {logging_mixin.py:188} INFO - [2024-12-23T09:42:03.746+0000] {dag.py:3823} INFO - Setting next_dagrun for example_python_decorator to None, run_after=None
[2024-12-23T09:42:03.771+0000] {processor.py:183} INFO - Processing /home/airflow/.local/lib/python3.11/site-packages/airflow/example_dags/example_python_decorator.py took 0.093 seconds
[2024-12-23T09:42:33.970+0000] {processor.py:161} INFO - Started process (PID=4213) to work on /home/airflow/.local/lib/python3.11/site-packages/airflow/example_dags/example_python_decorator.py
[2024-12-23T09:42:33.972+0000] {processor.py:830} INFO - Processing file /home/airflow/.local/lib/python3.11/site-packages/airflow/example_dags/example_python_decorator.py for tasks to queue
[2024-12-23T09:42:33.974+0000] {logging_mixin.py:188} INFO - [2024-12-23T09:42:33.973+0000] {dagbag.py:538} INFO - Filling up the DagBag from /home/airflow/.local/lib/python3.11/site-packages/airflow/example_dags/example_python_decorator.py
[2024-12-23T09:42:33.992+0000] {processor.py:840} INFO - DAG(s) 'example_python_decorator' retrieved from /home/airflow/.local/lib/python3.11/site-packages/airflow/example_dags/example_python_decorator.py
[2024-12-23T09:42:34.021+0000] {logging_mixin.py:188} INFO - [2024-12-23T09:42:34.021+0000] {dag.py:3036} INFO - Sync 1 DAGs
[2024-12-23T09:42:34.035+0000] {logging_mixin.py:188} INFO - [2024-12-23T09:42:34.035+0000] {dag.py:3823} INFO - Setting next_dagrun for example_python_decorator to None, run_after=None
[2024-12-23T09:42:34.062+0000] {processor.py:183} INFO - Processing /home/airflow/.local/lib/python3.11/site-packages/airflow/example_dags/example_python_decorator.py took 0.096 seconds
[2024-12-23T09:43:04.625+0000] {processor.py:161} INFO - Started process (PID=4285) to work on /home/airflow/.local/lib/python3.11/site-packages/airflow/example_dags/example_python_decorator.py
[2024-12-23T09:43:04.627+0000] {processor.py:830} INFO - Processing file /home/airflow/.local/lib/python3.11/site-packages/airflow/example_dags/example_python_decorator.py for tasks to queue
[2024-12-23T09:43:04.629+0000] {logging_mixin.py:188} INFO - [2024-12-23T09:43:04.629+0000] {dagbag.py:538} INFO - Filling up the DagBag from /home/airflow/.local/lib/python3.11/site-packages/airflow/example_dags/example_python_decorator.py
[2024-12-23T09:43:04.648+0000] {processor.py:840} INFO - DAG(s) 'example_python_decorator' retrieved from /home/airflow/.local/lib/python3.11/site-packages/airflow/example_dags/example_python_decorator.py
[2024-12-23T09:43:04.676+0000] {logging_mixin.py:188} INFO - [2024-12-23T09:43:04.676+0000] {dag.py:3036} INFO - Sync 1 DAGs
[2024-12-23T09:43:04.692+0000] {logging_mixin.py:188} INFO - [2024-12-23T09:43:04.692+0000] {dag.py:3823} INFO - Setting next_dagrun for example_python_decorator to None, run_after=None
[2024-12-23T09:43:04.720+0000] {processor.py:183} INFO - Processing /home/airflow/.local/lib/python3.11/site-packages/airflow/example_dags/example_python_decorator.py took 0.103 seconds
[2024-12-23T09:43:34.988+0000] {processor.py:161} INFO - Started process (PID=4357) to work on /home/airflow/.local/lib/python3.11/site-packages/airflow/example_dags/example_python_decorator.py
[2024-12-23T09:43:34.989+0000] {processor.py:830} INFO - Processing file /home/airflow/.local/lib/python3.11/site-packages/airflow/example_dags/example_python_decorator.py for tasks to queue
[2024-12-23T09:43:34.991+0000] {logging_mixin.py:188} INFO - [2024-12-23T09:43:34.990+0000] {dagbag.py:538} INFO - Filling up the DagBag from /home/airflow/.local/lib/python3.11/site-packages/airflow/example_dags/example_python_decorator.py
[2024-12-23T09:43:35.012+0000] {processor.py:840} INFO - DAG(s) 'example_python_decorator' retrieved from /home/airflow/.local/lib/python3.11/site-packages/airflow/example_dags/example_python_decorator.py
[2024-12-23T09:43:35.050+0000] {logging_mixin.py:188} INFO - [2024-12-23T09:43:35.050+0000] {dag.py:3036} INFO - Sync 1 DAGs
[2024-12-23T09:43:35.067+0000] {logging_mixin.py:188} INFO - [2024-12-23T09:43:35.067+0000] {dag.py:3823} INFO - Setting next_dagrun for example_python_decorator to None, run_after=None
[2024-12-23T09:43:35.096+0000] {processor.py:183} INFO - Processing /home/airflow/.local/lib/python3.11/site-packages/airflow/example_dags/example_python_decorator.py took 0.112 seconds
[2024-12-23T09:44:05.425+0000] {processor.py:161} INFO - Started process (PID=4429) to work on /home/airflow/.local/lib/python3.11/site-packages/airflow/example_dags/example_python_decorator.py
[2024-12-23T09:44:05.427+0000] {processor.py:830} INFO - Processing file /home/airflow/.local/lib/python3.11/site-packages/airflow/example_dags/example_python_decorator.py for tasks to queue
[2024-12-23T09:44:05.429+0000] {logging_mixin.py:188} INFO - [2024-12-23T09:44:05.429+0000] {dagbag.py:538} INFO - Filling up the DagBag from /home/airflow/.local/lib/python3.11/site-packages/airflow/example_dags/example_python_decorator.py
[2024-12-23T09:44:05.458+0000] {processor.py:840} INFO - DAG(s) 'example_python_decorator' retrieved from /home/airflow/.local/lib/python3.11/site-packages/airflow/example_dags/example_python_decorator.py
[2024-12-23T09:44:05.491+0000] {logging_mixin.py:188} INFO - [2024-12-23T09:44:05.490+0000] {dag.py:3036} INFO - Sync 1 DAGs
[2024-12-23T09:44:05.510+0000] {logging_mixin.py:188} INFO - [2024-12-23T09:44:05.510+0000] {dag.py:3823} INFO - Setting next_dagrun for example_python_decorator to None, run_after=None
[2024-12-23T09:44:05.536+0000] {processor.py:183} INFO - Processing /home/airflow/.local/lib/python3.11/site-packages/airflow/example_dags/example_python_decorator.py took 0.118 seconds
[2024-12-23T09:44:35.637+0000] {processor.py:161} INFO - Started process (PID=4500) to work on /home/airflow/.local/lib/python3.11/site-packages/airflow/example_dags/example_python_decorator.py
[2024-12-23T09:44:35.639+0000] {processor.py:830} INFO - Processing file /home/airflow/.local/lib/python3.11/site-packages/airflow/example_dags/example_python_decorator.py for tasks to queue
[2024-12-23T09:44:35.641+0000] {logging_mixin.py:188} INFO - [2024-12-23T09:44:35.640+0000] {dagbag.py:538} INFO - Filling up the DagBag from /home/airflow/.local/lib/python3.11/site-packages/airflow/example_dags/example_python_decorator.py
[2024-12-23T09:44:35.663+0000] {processor.py:840} INFO - DAG(s) 'example_python_decorator' retrieved from /home/airflow/.local/lib/python3.11/site-packages/airflow/example_dags/example_python_decorator.py
[2024-12-23T09:44:35.690+0000] {logging_mixin.py:188} INFO - [2024-12-23T09:44:35.690+0000] {dag.py:3036} INFO - Sync 1 DAGs
[2024-12-23T09:44:35.704+0000] {logging_mixin.py:188} INFO - [2024-12-23T09:44:35.704+0000] {dag.py:3823} INFO - Setting next_dagrun for example_python_decorator to None, run_after=None
[2024-12-23T09:44:35.729+0000] {processor.py:183} INFO - Processing /home/airflow/.local/lib/python3.11/site-packages/airflow/example_dags/example_python_decorator.py took 0.099 seconds
