[2024-12-23T09:32:41.772+0000] {processor.py:161} INFO - Started process (PID=2793) to work on /home/airflow/.local/lib/python3.11/site-packages/airflow/example_dags/tutorial_dag.py
[2024-12-23T09:32:41.778+0000] {processor.py:830} INFO - Processing file /home/airflow/.local/lib/python3.11/site-packages/airflow/example_dags/tutorial_dag.py for tasks to queue
[2024-12-23T09:32:41.780+0000] {logging_mixin.py:188} INFO - [2024-12-23T09:32:41.779+0000] {dagbag.py:538} INFO - Filling up the DagBag from /home/airflow/.local/lib/python3.11/site-packages/airflow/example_dags/tutorial_dag.py
[2024-12-23T09:32:41.796+0000] {processor.py:840} INFO - DAG(s) 'tutorial_dag' retrieved from /home/airflow/.local/lib/python3.11/site-packages/airflow/example_dags/tutorial_dag.py
[2024-12-23T09:32:41.826+0000] {logging_mixin.py:188} INFO - [2024-12-23T09:32:41.826+0000] {dag.py:3036} INFO - Sync 1 DAGs
[2024-12-23T09:32:41.849+0000] {logging_mixin.py:188} INFO - [2024-12-23T09:32:41.848+0000] {dag.py:3823} INFO - Setting next_dagrun for tutorial_dag to None, run_after=None
[2024-12-23T09:32:41.891+0000] {processor.py:183} INFO - Processing /home/airflow/.local/lib/python3.11/site-packages/airflow/example_dags/tutorial_dag.py took 0.124 seconds
[2024-12-23T09:33:12.909+0000] {processor.py:161} INFO - Started process (PID=2865) to work on /home/airflow/.local/lib/python3.11/site-packages/airflow/example_dags/tutorial_dag.py
[2024-12-23T09:33:12.912+0000] {processor.py:830} INFO - Processing file /home/airflow/.local/lib/python3.11/site-packages/airflow/example_dags/tutorial_dag.py for tasks to queue
[2024-12-23T09:33:12.914+0000] {logging_mixin.py:188} INFO - [2024-12-23T09:33:12.913+0000] {dagbag.py:538} INFO - Filling up the DagBag from /home/airflow/.local/lib/python3.11/site-packages/airflow/example_dags/tutorial_dag.py
[2024-12-23T09:33:12.922+0000] {processor.py:840} INFO - DAG(s) 'tutorial_dag' retrieved from /home/airflow/.local/lib/python3.11/site-packages/airflow/example_dags/tutorial_dag.py
[2024-12-23T09:33:12.958+0000] {logging_mixin.py:188} INFO - [2024-12-23T09:33:12.957+0000] {dag.py:3036} INFO - Sync 1 DAGs
[2024-12-23T09:33:12.980+0000] {logging_mixin.py:188} INFO - [2024-12-23T09:33:12.980+0000] {dag.py:3823} INFO - Setting next_dagrun for tutorial_dag to None, run_after=None
[2024-12-23T09:33:13.013+0000] {processor.py:183} INFO - Processing /home/airflow/.local/lib/python3.11/site-packages/airflow/example_dags/tutorial_dag.py took 0.110 seconds
[2024-12-23T09:33:43.891+0000] {processor.py:161} INFO - Started process (PID=2937) to work on /home/airflow/.local/lib/python3.11/site-packages/airflow/example_dags/tutorial_dag.py
[2024-12-23T09:33:43.893+0000] {processor.py:830} INFO - Processing file /home/airflow/.local/lib/python3.11/site-packages/airflow/example_dags/tutorial_dag.py for tasks to queue
[2024-12-23T09:33:43.894+0000] {logging_mixin.py:188} INFO - [2024-12-23T09:33:43.893+0000] {dagbag.py:538} INFO - Filling up the DagBag from /home/airflow/.local/lib/python3.11/site-packages/airflow/example_dags/tutorial_dag.py
[2024-12-23T09:33:43.900+0000] {processor.py:840} INFO - DAG(s) 'tutorial_dag' retrieved from /home/airflow/.local/lib/python3.11/site-packages/airflow/example_dags/tutorial_dag.py
[2024-12-23T09:33:43.926+0000] {logging_mixin.py:188} INFO - [2024-12-23T09:33:43.926+0000] {dag.py:3036} INFO - Sync 1 DAGs
[2024-12-23T09:33:43.940+0000] {logging_mixin.py:188} INFO - [2024-12-23T09:33:43.940+0000] {dag.py:3823} INFO - Setting next_dagrun for tutorial_dag to None, run_after=None
[2024-12-23T09:33:43.974+0000] {processor.py:183} INFO - Processing /home/airflow/.local/lib/python3.11/site-packages/airflow/example_dags/tutorial_dag.py took 0.086 seconds
[2024-12-23T09:34:14.549+0000] {processor.py:161} INFO - Started process (PID=3016) to work on /home/airflow/.local/lib/python3.11/site-packages/airflow/example_dags/tutorial_dag.py
[2024-12-23T09:34:14.551+0000] {processor.py:830} INFO - Processing file /home/airflow/.local/lib/python3.11/site-packages/airflow/example_dags/tutorial_dag.py for tasks to queue
[2024-12-23T09:34:14.552+0000] {logging_mixin.py:188} INFO - [2024-12-23T09:34:14.552+0000] {dagbag.py:538} INFO - Filling up the DagBag from /home/airflow/.local/lib/python3.11/site-packages/airflow/example_dags/tutorial_dag.py
[2024-12-23T09:34:14.561+0000] {processor.py:840} INFO - DAG(s) 'tutorial_dag' retrieved from /home/airflow/.local/lib/python3.11/site-packages/airflow/example_dags/tutorial_dag.py
[2024-12-23T09:34:14.591+0000] {logging_mixin.py:188} INFO - [2024-12-23T09:34:14.591+0000] {dag.py:3036} INFO - Sync 1 DAGs
[2024-12-23T09:34:14.607+0000] {logging_mixin.py:188} INFO - [2024-12-23T09:34:14.607+0000] {dag.py:3823} INFO - Setting next_dagrun for tutorial_dag to None, run_after=None
[2024-12-23T09:34:14.643+0000] {processor.py:183} INFO - Processing /home/airflow/.local/lib/python3.11/site-packages/airflow/example_dags/tutorial_dag.py took 0.099 seconds
[2024-12-23T09:34:44.824+0000] {processor.py:161} INFO - Started process (PID=3088) to work on /home/airflow/.local/lib/python3.11/site-packages/airflow/example_dags/tutorial_dag.py
[2024-12-23T09:34:44.826+0000] {processor.py:830} INFO - Processing file /home/airflow/.local/lib/python3.11/site-packages/airflow/example_dags/tutorial_dag.py for tasks to queue
[2024-12-23T09:34:44.828+0000] {logging_mixin.py:188} INFO - [2024-12-23T09:34:44.827+0000] {dagbag.py:538} INFO - Filling up the DagBag from /home/airflow/.local/lib/python3.11/site-packages/airflow/example_dags/tutorial_dag.py
[2024-12-23T09:34:44.838+0000] {processor.py:840} INFO - DAG(s) 'tutorial_dag' retrieved from /home/airflow/.local/lib/python3.11/site-packages/airflow/example_dags/tutorial_dag.py
[2024-12-23T09:34:44.873+0000] {logging_mixin.py:188} INFO - [2024-12-23T09:34:44.873+0000] {dag.py:3036} INFO - Sync 1 DAGs
[2024-12-23T09:34:44.888+0000] {logging_mixin.py:188} INFO - [2024-12-23T09:34:44.888+0000] {dag.py:3823} INFO - Setting next_dagrun for tutorial_dag to None, run_after=None
[2024-12-23T09:34:44.917+0000] {processor.py:183} INFO - Processing /home/airflow/.local/lib/python3.11/site-packages/airflow/example_dags/tutorial_dag.py took 0.101 seconds
[2024-12-23T09:35:15.106+0000] {processor.py:161} INFO - Started process (PID=3160) to work on /home/airflow/.local/lib/python3.11/site-packages/airflow/example_dags/tutorial_dag.py
[2024-12-23T09:35:15.108+0000] {processor.py:830} INFO - Processing file /home/airflow/.local/lib/python3.11/site-packages/airflow/example_dags/tutorial_dag.py for tasks to queue
[2024-12-23T09:35:15.110+0000] {logging_mixin.py:188} INFO - [2024-12-23T09:35:15.110+0000] {dagbag.py:538} INFO - Filling up the DagBag from /home/airflow/.local/lib/python3.11/site-packages/airflow/example_dags/tutorial_dag.py
[2024-12-23T09:35:15.121+0000] {processor.py:840} INFO - DAG(s) 'tutorial_dag' retrieved from /home/airflow/.local/lib/python3.11/site-packages/airflow/example_dags/tutorial_dag.py
[2024-12-23T09:35:15.152+0000] {logging_mixin.py:188} INFO - [2024-12-23T09:35:15.151+0000] {dag.py:3036} INFO - Sync 1 DAGs
[2024-12-23T09:35:15.165+0000] {logging_mixin.py:188} INFO - [2024-12-23T09:35:15.165+0000] {dag.py:3823} INFO - Setting next_dagrun for tutorial_dag to None, run_after=None
[2024-12-23T09:35:15.195+0000] {processor.py:183} INFO - Processing /home/airflow/.local/lib/python3.11/site-packages/airflow/example_dags/tutorial_dag.py took 0.096 seconds
[2024-12-23T09:35:46.949+0000] {processor.py:161} INFO - Started process (PID=3232) to work on /home/airflow/.local/lib/python3.11/site-packages/airflow/example_dags/tutorial_dag.py
[2024-12-23T09:35:46.966+0000] {processor.py:830} INFO - Processing file /home/airflow/.local/lib/python3.11/site-packages/airflow/example_dags/tutorial_dag.py for tasks to queue
[2024-12-23T09:35:46.972+0000] {logging_mixin.py:188} INFO - [2024-12-23T09:35:46.970+0000] {dagbag.py:538} INFO - Filling up the DagBag from /home/airflow/.local/lib/python3.11/site-packages/airflow/example_dags/tutorial_dag.py
[2024-12-23T09:35:47.005+0000] {processor.py:840} INFO - DAG(s) 'tutorial_dag' retrieved from /home/airflow/.local/lib/python3.11/site-packages/airflow/example_dags/tutorial_dag.py
[2024-12-23T09:35:47.074+0000] {logging_mixin.py:188} INFO - [2024-12-23T09:35:47.074+0000] {dag.py:3036} INFO - Sync 1 DAGs
[2024-12-23T09:35:47.109+0000] {logging_mixin.py:188} INFO - [2024-12-23T09:35:47.108+0000] {dag.py:3823} INFO - Setting next_dagrun for tutorial_dag to None, run_after=None
[2024-12-23T09:35:47.159+0000] {processor.py:183} INFO - Processing /home/airflow/.local/lib/python3.11/site-packages/airflow/example_dags/tutorial_dag.py took 0.248 seconds
[2024-12-23T09:36:17.711+0000] {processor.py:161} INFO - Started process (PID=3303) to work on /home/airflow/.local/lib/python3.11/site-packages/airflow/example_dags/tutorial_dag.py
[2024-12-23T09:36:17.713+0000] {processor.py:830} INFO - Processing file /home/airflow/.local/lib/python3.11/site-packages/airflow/example_dags/tutorial_dag.py for tasks to queue
[2024-12-23T09:36:17.714+0000] {logging_mixin.py:188} INFO - [2024-12-23T09:36:17.714+0000] {dagbag.py:538} INFO - Filling up the DagBag from /home/airflow/.local/lib/python3.11/site-packages/airflow/example_dags/tutorial_dag.py
[2024-12-23T09:36:17.723+0000] {processor.py:840} INFO - DAG(s) 'tutorial_dag' retrieved from /home/airflow/.local/lib/python3.11/site-packages/airflow/example_dags/tutorial_dag.py
[2024-12-23T09:36:17.757+0000] {logging_mixin.py:188} INFO - [2024-12-23T09:36:17.757+0000] {dag.py:3036} INFO - Sync 1 DAGs
[2024-12-23T09:36:17.782+0000] {logging_mixin.py:188} INFO - [2024-12-23T09:36:17.781+0000] {dag.py:3823} INFO - Setting next_dagrun for tutorial_dag to None, run_after=None
[2024-12-23T09:36:17.823+0000] {processor.py:183} INFO - Processing /home/airflow/.local/lib/python3.11/site-packages/airflow/example_dags/tutorial_dag.py took 0.117 seconds
[2024-12-23T09:36:48.395+0000] {processor.py:161} INFO - Started process (PID=3375) to work on /home/airflow/.local/lib/python3.11/site-packages/airflow/example_dags/tutorial_dag.py
[2024-12-23T09:36:48.398+0000] {processor.py:830} INFO - Processing file /home/airflow/.local/lib/python3.11/site-packages/airflow/example_dags/tutorial_dag.py for tasks to queue
[2024-12-23T09:36:48.399+0000] {logging_mixin.py:188} INFO - [2024-12-23T09:36:48.399+0000] {dagbag.py:538} INFO - Filling up the DagBag from /home/airflow/.local/lib/python3.11/site-packages/airflow/example_dags/tutorial_dag.py
[2024-12-23T09:36:48.407+0000] {processor.py:840} INFO - DAG(s) 'tutorial_dag' retrieved from /home/airflow/.local/lib/python3.11/site-packages/airflow/example_dags/tutorial_dag.py
[2024-12-23T09:36:48.439+0000] {logging_mixin.py:188} INFO - [2024-12-23T09:36:48.438+0000] {dag.py:3036} INFO - Sync 1 DAGs
[2024-12-23T09:36:48.452+0000] {logging_mixin.py:188} INFO - [2024-12-23T09:36:48.452+0000] {dag.py:3823} INFO - Setting next_dagrun for tutorial_dag to None, run_after=None
[2024-12-23T09:36:48.478+0000] {processor.py:183} INFO - Processing /home/airflow/.local/lib/python3.11/site-packages/airflow/example_dags/tutorial_dag.py took 0.090 seconds
[2024-12-23T09:37:19.048+0000] {processor.py:161} INFO - Started process (PID=3447) to work on /home/airflow/.local/lib/python3.11/site-packages/airflow/example_dags/tutorial_dag.py
[2024-12-23T09:37:19.049+0000] {processor.py:830} INFO - Processing file /home/airflow/.local/lib/python3.11/site-packages/airflow/example_dags/tutorial_dag.py for tasks to queue
[2024-12-23T09:37:19.051+0000] {logging_mixin.py:188} INFO - [2024-12-23T09:37:19.050+0000] {dagbag.py:538} INFO - Filling up the DagBag from /home/airflow/.local/lib/python3.11/site-packages/airflow/example_dags/tutorial_dag.py
[2024-12-23T09:37:19.057+0000] {processor.py:840} INFO - DAG(s) 'tutorial_dag' retrieved from /home/airflow/.local/lib/python3.11/site-packages/airflow/example_dags/tutorial_dag.py
[2024-12-23T09:37:19.088+0000] {logging_mixin.py:188} INFO - [2024-12-23T09:37:19.088+0000] {dag.py:3036} INFO - Sync 1 DAGs
[2024-12-23T09:37:19.119+0000] {logging_mixin.py:188} INFO - [2024-12-23T09:37:19.119+0000] {dag.py:3823} INFO - Setting next_dagrun for tutorial_dag to None, run_after=None
[2024-12-23T09:37:19.153+0000] {processor.py:183} INFO - Processing /home/airflow/.local/lib/python3.11/site-packages/airflow/example_dags/tutorial_dag.py took 0.109 seconds
[2024-12-23T09:37:49.232+0000] {processor.py:161} INFO - Started process (PID=3519) to work on /home/airflow/.local/lib/python3.11/site-packages/airflow/example_dags/tutorial_dag.py
[2024-12-23T09:37:49.233+0000] {processor.py:830} INFO - Processing file /home/airflow/.local/lib/python3.11/site-packages/airflow/example_dags/tutorial_dag.py for tasks to queue
[2024-12-23T09:37:49.235+0000] {logging_mixin.py:188} INFO - [2024-12-23T09:37:49.234+0000] {dagbag.py:538} INFO - Filling up the DagBag from /home/airflow/.local/lib/python3.11/site-packages/airflow/example_dags/tutorial_dag.py
[2024-12-23T09:37:49.241+0000] {processor.py:840} INFO - DAG(s) 'tutorial_dag' retrieved from /home/airflow/.local/lib/python3.11/site-packages/airflow/example_dags/tutorial_dag.py
[2024-12-23T09:37:49.267+0000] {logging_mixin.py:188} INFO - [2024-12-23T09:37:49.266+0000] {dag.py:3036} INFO - Sync 1 DAGs
[2024-12-23T09:37:49.281+0000] {logging_mixin.py:188} INFO - [2024-12-23T09:37:49.281+0000] {dag.py:3823} INFO - Setting next_dagrun for tutorial_dag to None, run_after=None
[2024-12-23T09:37:49.321+0000] {processor.py:183} INFO - Processing /home/airflow/.local/lib/python3.11/site-packages/airflow/example_dags/tutorial_dag.py took 0.095 seconds
[2024-12-23T09:38:19.659+0000] {processor.py:161} INFO - Started process (PID=3598) to work on /home/airflow/.local/lib/python3.11/site-packages/airflow/example_dags/tutorial_dag.py
[2024-12-23T09:38:19.660+0000] {processor.py:830} INFO - Processing file /home/airflow/.local/lib/python3.11/site-packages/airflow/example_dags/tutorial_dag.py for tasks to queue
[2024-12-23T09:38:19.661+0000] {logging_mixin.py:188} INFO - [2024-12-23T09:38:19.661+0000] {dagbag.py:538} INFO - Filling up the DagBag from /home/airflow/.local/lib/python3.11/site-packages/airflow/example_dags/tutorial_dag.py
[2024-12-23T09:38:19.667+0000] {processor.py:840} INFO - DAG(s) 'tutorial_dag' retrieved from /home/airflow/.local/lib/python3.11/site-packages/airflow/example_dags/tutorial_dag.py
[2024-12-23T09:38:19.692+0000] {logging_mixin.py:188} INFO - [2024-12-23T09:38:19.692+0000] {dag.py:3036} INFO - Sync 1 DAGs
[2024-12-23T09:38:19.708+0000] {logging_mixin.py:188} INFO - [2024-12-23T09:38:19.708+0000] {dag.py:3823} INFO - Setting next_dagrun for tutorial_dag to None, run_after=None
[2024-12-23T09:38:19.739+0000] {processor.py:183} INFO - Processing /home/airflow/.local/lib/python3.11/site-packages/airflow/example_dags/tutorial_dag.py took 0.084 seconds
[2024-12-23T09:38:50.083+0000] {processor.py:161} INFO - Started process (PID=3671) to work on /home/airflow/.local/lib/python3.11/site-packages/airflow/example_dags/tutorial_dag.py
[2024-12-23T09:38:50.084+0000] {processor.py:830} INFO - Processing file /home/airflow/.local/lib/python3.11/site-packages/airflow/example_dags/tutorial_dag.py for tasks to queue
[2024-12-23T09:38:50.086+0000] {logging_mixin.py:188} INFO - [2024-12-23T09:38:50.085+0000] {dagbag.py:538} INFO - Filling up the DagBag from /home/airflow/.local/lib/python3.11/site-packages/airflow/example_dags/tutorial_dag.py
[2024-12-23T09:38:50.095+0000] {processor.py:840} INFO - DAG(s) 'tutorial_dag' retrieved from /home/airflow/.local/lib/python3.11/site-packages/airflow/example_dags/tutorial_dag.py
[2024-12-23T09:38:50.122+0000] {logging_mixin.py:188} INFO - [2024-12-23T09:38:50.122+0000] {dag.py:3036} INFO - Sync 1 DAGs
[2024-12-23T09:38:50.137+0000] {logging_mixin.py:188} INFO - [2024-12-23T09:38:50.137+0000] {dag.py:3823} INFO - Setting next_dagrun for tutorial_dag to None, run_after=None
[2024-12-23T09:38:50.162+0000] {processor.py:183} INFO - Processing /home/airflow/.local/lib/python3.11/site-packages/airflow/example_dags/tutorial_dag.py took 0.083 seconds
[2024-12-23T09:39:20.799+0000] {processor.py:161} INFO - Started process (PID=3743) to work on /home/airflow/.local/lib/python3.11/site-packages/airflow/example_dags/tutorial_dag.py
[2024-12-23T09:39:20.800+0000] {processor.py:830} INFO - Processing file /home/airflow/.local/lib/python3.11/site-packages/airflow/example_dags/tutorial_dag.py for tasks to queue
[2024-12-23T09:39:20.802+0000] {logging_mixin.py:188} INFO - [2024-12-23T09:39:20.801+0000] {dagbag.py:538} INFO - Filling up the DagBag from /home/airflow/.local/lib/python3.11/site-packages/airflow/example_dags/tutorial_dag.py
[2024-12-23T09:39:20.810+0000] {processor.py:840} INFO - DAG(s) 'tutorial_dag' retrieved from /home/airflow/.local/lib/python3.11/site-packages/airflow/example_dags/tutorial_dag.py
[2024-12-23T09:39:20.842+0000] {logging_mixin.py:188} INFO - [2024-12-23T09:39:20.842+0000] {dag.py:3036} INFO - Sync 1 DAGs
[2024-12-23T09:39:20.860+0000] {logging_mixin.py:188} INFO - [2024-12-23T09:39:20.860+0000] {dag.py:3823} INFO - Setting next_dagrun for tutorial_dag to None, run_after=None
[2024-12-23T09:39:20.892+0000] {processor.py:183} INFO - Processing /home/airflow/.local/lib/python3.11/site-packages/airflow/example_dags/tutorial_dag.py took 0.097 seconds
[2024-12-23T09:39:51.192+0000] {processor.py:161} INFO - Started process (PID=3815) to work on /home/airflow/.local/lib/python3.11/site-packages/airflow/example_dags/tutorial_dag.py
[2024-12-23T09:39:51.194+0000] {processor.py:830} INFO - Processing file /home/airflow/.local/lib/python3.11/site-packages/airflow/example_dags/tutorial_dag.py for tasks to queue
[2024-12-23T09:39:51.195+0000] {logging_mixin.py:188} INFO - [2024-12-23T09:39:51.195+0000] {dagbag.py:538} INFO - Filling up the DagBag from /home/airflow/.local/lib/python3.11/site-packages/airflow/example_dags/tutorial_dag.py
[2024-12-23T09:39:51.201+0000] {processor.py:840} INFO - DAG(s) 'tutorial_dag' retrieved from /home/airflow/.local/lib/python3.11/site-packages/airflow/example_dags/tutorial_dag.py
[2024-12-23T09:39:51.226+0000] {logging_mixin.py:188} INFO - [2024-12-23T09:39:51.225+0000] {dag.py:3036} INFO - Sync 1 DAGs
[2024-12-23T09:39:51.239+0000] {logging_mixin.py:188} INFO - [2024-12-23T09:39:51.238+0000] {dag.py:3823} INFO - Setting next_dagrun for tutorial_dag to None, run_after=None
[2024-12-23T09:39:51.259+0000] {processor.py:183} INFO - Processing /home/airflow/.local/lib/python3.11/site-packages/airflow/example_dags/tutorial_dag.py took 0.070 seconds
[2024-12-23T09:40:21.909+0000] {processor.py:161} INFO - Started process (PID=3886) to work on /home/airflow/.local/lib/python3.11/site-packages/airflow/example_dags/tutorial_dag.py
[2024-12-23T09:40:21.910+0000] {processor.py:830} INFO - Processing file /home/airflow/.local/lib/python3.11/site-packages/airflow/example_dags/tutorial_dag.py for tasks to queue
[2024-12-23T09:40:21.911+0000] {logging_mixin.py:188} INFO - [2024-12-23T09:40:21.911+0000] {dagbag.py:538} INFO - Filling up the DagBag from /home/airflow/.local/lib/python3.11/site-packages/airflow/example_dags/tutorial_dag.py
[2024-12-23T09:40:21.919+0000] {processor.py:840} INFO - DAG(s) 'tutorial_dag' retrieved from /home/airflow/.local/lib/python3.11/site-packages/airflow/example_dags/tutorial_dag.py
[2024-12-23T09:40:21.946+0000] {logging_mixin.py:188} INFO - [2024-12-23T09:40:21.946+0000] {dag.py:3036} INFO - Sync 1 DAGs
[2024-12-23T09:40:21.961+0000] {logging_mixin.py:188} INFO - [2024-12-23T09:40:21.961+0000] {dag.py:3823} INFO - Setting next_dagrun for tutorial_dag to None, run_after=None
[2024-12-23T09:40:21.990+0000] {processor.py:183} INFO - Processing /home/airflow/.local/lib/python3.11/site-packages/airflow/example_dags/tutorial_dag.py took 0.086 seconds
[2024-12-23T09:40:52.451+0000] {processor.py:161} INFO - Started process (PID=3957) to work on /home/airflow/.local/lib/python3.11/site-packages/airflow/example_dags/tutorial_dag.py
[2024-12-23T09:40:52.453+0000] {processor.py:830} INFO - Processing file /home/airflow/.local/lib/python3.11/site-packages/airflow/example_dags/tutorial_dag.py for tasks to queue
[2024-12-23T09:40:52.454+0000] {logging_mixin.py:188} INFO - [2024-12-23T09:40:52.454+0000] {dagbag.py:538} INFO - Filling up the DagBag from /home/airflow/.local/lib/python3.11/site-packages/airflow/example_dags/tutorial_dag.py
[2024-12-23T09:40:52.463+0000] {processor.py:840} INFO - DAG(s) 'tutorial_dag' retrieved from /home/airflow/.local/lib/python3.11/site-packages/airflow/example_dags/tutorial_dag.py
[2024-12-23T09:40:52.493+0000] {logging_mixin.py:188} INFO - [2024-12-23T09:40:52.493+0000] {dag.py:3036} INFO - Sync 1 DAGs
[2024-12-23T09:40:52.507+0000] {logging_mixin.py:188} INFO - [2024-12-23T09:40:52.507+0000] {dag.py:3823} INFO - Setting next_dagrun for tutorial_dag to None, run_after=None
[2024-12-23T09:40:52.532+0000] {processor.py:183} INFO - Processing /home/airflow/.local/lib/python3.11/site-packages/airflow/example_dags/tutorial_dag.py took 0.085 seconds
[2024-12-23T09:41:22.789+0000] {processor.py:161} INFO - Started process (PID=4029) to work on /home/airflow/.local/lib/python3.11/site-packages/airflow/example_dags/tutorial_dag.py
[2024-12-23T09:41:22.791+0000] {processor.py:830} INFO - Processing file /home/airflow/.local/lib/python3.11/site-packages/airflow/example_dags/tutorial_dag.py for tasks to queue
[2024-12-23T09:41:22.793+0000] {logging_mixin.py:188} INFO - [2024-12-23T09:41:22.793+0000] {dagbag.py:538} INFO - Filling up the DagBag from /home/airflow/.local/lib/python3.11/site-packages/airflow/example_dags/tutorial_dag.py
[2024-12-23T09:41:22.801+0000] {processor.py:840} INFO - DAG(s) 'tutorial_dag' retrieved from /home/airflow/.local/lib/python3.11/site-packages/airflow/example_dags/tutorial_dag.py
[2024-12-23T09:41:22.834+0000] {logging_mixin.py:188} INFO - [2024-12-23T09:41:22.834+0000] {dag.py:3036} INFO - Sync 1 DAGs
[2024-12-23T09:41:22.857+0000] {logging_mixin.py:188} INFO - [2024-12-23T09:41:22.857+0000] {dag.py:3823} INFO - Setting next_dagrun for tutorial_dag to None, run_after=None
[2024-12-23T09:41:22.889+0000] {processor.py:183} INFO - Processing /home/airflow/.local/lib/python3.11/site-packages/airflow/example_dags/tutorial_dag.py took 0.104 seconds
[2024-12-23T09:41:53.136+0000] {processor.py:161} INFO - Started process (PID=4107) to work on /home/airflow/.local/lib/python3.11/site-packages/airflow/example_dags/tutorial_dag.py
[2024-12-23T09:41:53.137+0000] {processor.py:830} INFO - Processing file /home/airflow/.local/lib/python3.11/site-packages/airflow/example_dags/tutorial_dag.py for tasks to queue
[2024-12-23T09:41:53.138+0000] {logging_mixin.py:188} INFO - [2024-12-23T09:41:53.138+0000] {dagbag.py:538} INFO - Filling up the DagBag from /home/airflow/.local/lib/python3.11/site-packages/airflow/example_dags/tutorial_dag.py
[2024-12-23T09:41:53.146+0000] {processor.py:840} INFO - DAG(s) 'tutorial_dag' retrieved from /home/airflow/.local/lib/python3.11/site-packages/airflow/example_dags/tutorial_dag.py
[2024-12-23T09:41:53.180+0000] {logging_mixin.py:188} INFO - [2024-12-23T09:41:53.180+0000] {dag.py:3036} INFO - Sync 1 DAGs
[2024-12-23T09:41:53.201+0000] {logging_mixin.py:188} INFO - [2024-12-23T09:41:53.200+0000] {dag.py:3823} INFO - Setting next_dagrun for tutorial_dag to None, run_after=None
[2024-12-23T09:41:53.224+0000] {processor.py:183} INFO - Processing /home/airflow/.local/lib/python3.11/site-packages/airflow/example_dags/tutorial_dag.py took 0.092 seconds
[2024-12-23T09:42:23.429+0000] {processor.py:161} INFO - Started process (PID=4179) to work on /home/airflow/.local/lib/python3.11/site-packages/airflow/example_dags/tutorial_dag.py
[2024-12-23T09:42:23.430+0000] {processor.py:830} INFO - Processing file /home/airflow/.local/lib/python3.11/site-packages/airflow/example_dags/tutorial_dag.py for tasks to queue
[2024-12-23T09:42:23.431+0000] {logging_mixin.py:188} INFO - [2024-12-23T09:42:23.431+0000] {dagbag.py:538} INFO - Filling up the DagBag from /home/airflow/.local/lib/python3.11/site-packages/airflow/example_dags/tutorial_dag.py
[2024-12-23T09:42:23.438+0000] {processor.py:840} INFO - DAG(s) 'tutorial_dag' retrieved from /home/airflow/.local/lib/python3.11/site-packages/airflow/example_dags/tutorial_dag.py
[2024-12-23T09:42:23.470+0000] {logging_mixin.py:188} INFO - [2024-12-23T09:42:23.470+0000] {dag.py:3036} INFO - Sync 1 DAGs
[2024-12-23T09:42:23.487+0000] {logging_mixin.py:188} INFO - [2024-12-23T09:42:23.486+0000] {dag.py:3823} INFO - Setting next_dagrun for tutorial_dag to None, run_after=None
[2024-12-23T09:42:23.521+0000] {processor.py:183} INFO - Processing /home/airflow/.local/lib/python3.11/site-packages/airflow/example_dags/tutorial_dag.py took 0.097 seconds
