[2024-12-20T00:00:07.631+0000] {processor.py:161} INFO - Started process (PID=2117) to work on /home/airflow/.local/lib/python3.11/site-packages/airflow/example_dags/example_params_ui_tutorial.py
[2024-12-20T00:00:07.633+0000] {processor.py:830} INFO - Processing file /home/airflow/.local/lib/python3.11/site-packages/airflow/example_dags/example_params_ui_tutorial.py for tasks to queue
[2024-12-20T00:00:07.637+0000] {logging_mixin.py:188} INFO - [2024-12-20T00:00:07.637+0000] {dagbag.py:538} INFO - Filling up the DagBag from /home/airflow/.local/lib/python3.11/site-packages/airflow/example_dags/example_params_ui_tutorial.py
[2024-12-20T00:00:07.664+0000] {processor.py:840} INFO - DAG(s) 'example_params_ui_tutorial' retrieved from /home/airflow/.local/lib/python3.11/site-packages/airflow/example_dags/example_params_ui_tutorial.py
[2024-12-20T00:00:07.856+0000] {logging_mixin.py:188} INFO - [2024-12-20T00:00:07.856+0000] {dag.py:3036} INFO - Sync 1 DAGs
[2024-12-20T00:00:07.869+0000] {logging_mixin.py:188} INFO - [2024-12-20T00:00:07.869+0000] {dag.py:3823} INFO - Setting next_dagrun for example_params_ui_tutorial to None, run_after=None
[2024-12-20T00:00:07.911+0000] {processor.py:183} INFO - Processing /home/airflow/.local/lib/python3.11/site-packages/airflow/example_dags/example_params_ui_tutorial.py took 0.287 seconds
[2024-12-20T00:00:38.473+0000] {processor.py:161} INFO - Started process (PID=2196) to work on /home/airflow/.local/lib/python3.11/site-packages/airflow/example_dags/example_params_ui_tutorial.py
[2024-12-20T00:00:38.474+0000] {processor.py:830} INFO - Processing file /home/airflow/.local/lib/python3.11/site-packages/airflow/example_dags/example_params_ui_tutorial.py for tasks to queue
[2024-12-20T00:00:38.477+0000] {logging_mixin.py:188} INFO - [2024-12-20T00:00:38.476+0000] {dagbag.py:538} INFO - Filling up the DagBag from /home/airflow/.local/lib/python3.11/site-packages/airflow/example_dags/example_params_ui_tutorial.py
[2024-12-20T00:00:38.494+0000] {processor.py:840} INFO - DAG(s) 'example_params_ui_tutorial' retrieved from /home/airflow/.local/lib/python3.11/site-packages/airflow/example_dags/example_params_ui_tutorial.py
[2024-12-20T00:00:38.564+0000] {logging_mixin.py:188} INFO - [2024-12-20T00:00:38.563+0000] {dag.py:3036} INFO - Sync 1 DAGs
[2024-12-20T00:00:38.579+0000] {logging_mixin.py:188} INFO - [2024-12-20T00:00:38.579+0000] {dag.py:3823} INFO - Setting next_dagrun for example_params_ui_tutorial to None, run_after=None
[2024-12-20T00:00:38.602+0000] {processor.py:183} INFO - Processing /home/airflow/.local/lib/python3.11/site-packages/airflow/example_dags/example_params_ui_tutorial.py took 0.132 seconds
[2024-12-20T00:01:09.134+0000] {processor.py:161} INFO - Started process (PID=2268) to work on /home/airflow/.local/lib/python3.11/site-packages/airflow/example_dags/example_params_ui_tutorial.py
[2024-12-20T00:01:09.136+0000] {processor.py:830} INFO - Processing file /home/airflow/.local/lib/python3.11/site-packages/airflow/example_dags/example_params_ui_tutorial.py for tasks to queue
[2024-12-20T00:01:09.141+0000] {logging_mixin.py:188} INFO - [2024-12-20T00:01:09.140+0000] {dagbag.py:538} INFO - Filling up the DagBag from /home/airflow/.local/lib/python3.11/site-packages/airflow/example_dags/example_params_ui_tutorial.py
[2024-12-20T00:01:09.169+0000] {processor.py:840} INFO - DAG(s) 'example_params_ui_tutorial' retrieved from /home/airflow/.local/lib/python3.11/site-packages/airflow/example_dags/example_params_ui_tutorial.py
[2024-12-20T00:01:09.256+0000] {logging_mixin.py:188} INFO - [2024-12-20T00:01:09.255+0000] {dag.py:3036} INFO - Sync 1 DAGs
[2024-12-20T00:01:09.272+0000] {logging_mixin.py:188} INFO - [2024-12-20T00:01:09.272+0000] {dag.py:3823} INFO - Setting next_dagrun for example_params_ui_tutorial to None, run_after=None
[2024-12-20T00:01:09.306+0000] {processor.py:183} INFO - Processing /home/airflow/.local/lib/python3.11/site-packages/airflow/example_dags/example_params_ui_tutorial.py took 0.180 seconds
[2024-12-20T00:01:39.374+0000] {processor.py:161} INFO - Started process (PID=2340) to work on /home/airflow/.local/lib/python3.11/site-packages/airflow/example_dags/example_params_ui_tutorial.py
[2024-12-20T00:01:39.376+0000] {processor.py:830} INFO - Processing file /home/airflow/.local/lib/python3.11/site-packages/airflow/example_dags/example_params_ui_tutorial.py for tasks to queue
[2024-12-20T00:01:39.381+0000] {logging_mixin.py:188} INFO - [2024-12-20T00:01:39.380+0000] {dagbag.py:538} INFO - Filling up the DagBag from /home/airflow/.local/lib/python3.11/site-packages/airflow/example_dags/example_params_ui_tutorial.py
[2024-12-20T00:01:39.409+0000] {processor.py:840} INFO - DAG(s) 'example_params_ui_tutorial' retrieved from /home/airflow/.local/lib/python3.11/site-packages/airflow/example_dags/example_params_ui_tutorial.py
[2024-12-20T00:01:39.489+0000] {logging_mixin.py:188} INFO - [2024-12-20T00:01:39.489+0000] {dag.py:3036} INFO - Sync 1 DAGs
[2024-12-20T00:01:39.506+0000] {logging_mixin.py:188} INFO - [2024-12-20T00:01:39.506+0000] {dag.py:3823} INFO - Setting next_dagrun for example_params_ui_tutorial to None, run_after=None
[2024-12-20T00:01:39.535+0000] {processor.py:183} INFO - Processing /home/airflow/.local/lib/python3.11/site-packages/airflow/example_dags/example_params_ui_tutorial.py took 0.168 seconds
[2024-12-20T00:02:09.671+0000] {processor.py:161} INFO - Started process (PID=2412) to work on /home/airflow/.local/lib/python3.11/site-packages/airflow/example_dags/example_params_ui_tutorial.py
[2024-12-20T00:02:09.674+0000] {processor.py:830} INFO - Processing file /home/airflow/.local/lib/python3.11/site-packages/airflow/example_dags/example_params_ui_tutorial.py for tasks to queue
[2024-12-20T00:02:09.679+0000] {logging_mixin.py:188} INFO - [2024-12-20T00:02:09.678+0000] {dagbag.py:538} INFO - Filling up the DagBag from /home/airflow/.local/lib/python3.11/site-packages/airflow/example_dags/example_params_ui_tutorial.py
[2024-12-20T00:02:09.700+0000] {processor.py:840} INFO - DAG(s) 'example_params_ui_tutorial' retrieved from /home/airflow/.local/lib/python3.11/site-packages/airflow/example_dags/example_params_ui_tutorial.py
[2024-12-20T00:02:09.769+0000] {logging_mixin.py:188} INFO - [2024-12-20T00:02:09.769+0000] {dag.py:3036} INFO - Sync 1 DAGs
[2024-12-20T00:02:09.784+0000] {logging_mixin.py:188} INFO - [2024-12-20T00:02:09.784+0000] {dag.py:3823} INFO - Setting next_dagrun for example_params_ui_tutorial to None, run_after=None
[2024-12-20T00:02:09.809+0000] {processor.py:183} INFO - Processing /home/airflow/.local/lib/python3.11/site-packages/airflow/example_dags/example_params_ui_tutorial.py took 0.146 seconds
[2024-12-20T00:02:40.087+0000] {processor.py:161} INFO - Started process (PID=2491) to work on /home/airflow/.local/lib/python3.11/site-packages/airflow/example_dags/example_params_ui_tutorial.py
[2024-12-20T00:02:40.089+0000] {processor.py:830} INFO - Processing file /home/airflow/.local/lib/python3.11/site-packages/airflow/example_dags/example_params_ui_tutorial.py for tasks to queue
[2024-12-20T00:02:40.091+0000] {logging_mixin.py:188} INFO - [2024-12-20T00:02:40.091+0000] {dagbag.py:538} INFO - Filling up the DagBag from /home/airflow/.local/lib/python3.11/site-packages/airflow/example_dags/example_params_ui_tutorial.py
[2024-12-20T00:02:40.107+0000] {processor.py:840} INFO - DAG(s) 'example_params_ui_tutorial' retrieved from /home/airflow/.local/lib/python3.11/site-packages/airflow/example_dags/example_params_ui_tutorial.py
[2024-12-20T00:02:40.178+0000] {logging_mixin.py:188} INFO - [2024-12-20T00:02:40.178+0000] {dag.py:3036} INFO - Sync 1 DAGs
[2024-12-20T00:02:40.196+0000] {logging_mixin.py:188} INFO - [2024-12-20T00:02:40.195+0000] {dag.py:3823} INFO - Setting next_dagrun for example_params_ui_tutorial to None, run_after=None
[2024-12-20T00:02:40.223+0000] {processor.py:183} INFO - Processing /home/airflow/.local/lib/python3.11/site-packages/airflow/example_dags/example_params_ui_tutorial.py took 0.139 seconds
[2024-12-20T00:03:10.818+0000] {processor.py:161} INFO - Started process (PID=2563) to work on /home/airflow/.local/lib/python3.11/site-packages/airflow/example_dags/example_params_ui_tutorial.py
[2024-12-20T00:03:10.819+0000] {processor.py:830} INFO - Processing file /home/airflow/.local/lib/python3.11/site-packages/airflow/example_dags/example_params_ui_tutorial.py for tasks to queue
[2024-12-20T00:03:10.822+0000] {logging_mixin.py:188} INFO - [2024-12-20T00:03:10.822+0000] {dagbag.py:538} INFO - Filling up the DagBag from /home/airflow/.local/lib/python3.11/site-packages/airflow/example_dags/example_params_ui_tutorial.py
[2024-12-20T00:03:10.836+0000] {processor.py:840} INFO - DAG(s) 'example_params_ui_tutorial' retrieved from /home/airflow/.local/lib/python3.11/site-packages/airflow/example_dags/example_params_ui_tutorial.py
[2024-12-20T00:03:10.899+0000] {logging_mixin.py:188} INFO - [2024-12-20T00:03:10.899+0000] {dag.py:3036} INFO - Sync 1 DAGs
[2024-12-20T00:03:10.915+0000] {logging_mixin.py:188} INFO - [2024-12-20T00:03:10.914+0000] {dag.py:3823} INFO - Setting next_dagrun for example_params_ui_tutorial to None, run_after=None
[2024-12-20T00:03:10.936+0000] {processor.py:183} INFO - Processing /home/airflow/.local/lib/python3.11/site-packages/airflow/example_dags/example_params_ui_tutorial.py took 0.122 seconds
[2024-12-20T00:03:41.051+0000] {processor.py:161} INFO - Started process (PID=2636) to work on /home/airflow/.local/lib/python3.11/site-packages/airflow/example_dags/example_params_ui_tutorial.py
[2024-12-20T00:03:41.052+0000] {processor.py:830} INFO - Processing file /home/airflow/.local/lib/python3.11/site-packages/airflow/example_dags/example_params_ui_tutorial.py for tasks to queue
[2024-12-20T00:03:41.054+0000] {logging_mixin.py:188} INFO - [2024-12-20T00:03:41.054+0000] {dagbag.py:538} INFO - Filling up the DagBag from /home/airflow/.local/lib/python3.11/site-packages/airflow/example_dags/example_params_ui_tutorial.py
[2024-12-20T00:03:41.067+0000] {processor.py:840} INFO - DAG(s) 'example_params_ui_tutorial' retrieved from /home/airflow/.local/lib/python3.11/site-packages/airflow/example_dags/example_params_ui_tutorial.py
[2024-12-20T00:03:41.126+0000] {logging_mixin.py:188} INFO - [2024-12-20T00:03:41.125+0000] {dag.py:3036} INFO - Sync 1 DAGs
[2024-12-20T00:03:41.139+0000] {logging_mixin.py:188} INFO - [2024-12-20T00:03:41.139+0000] {dag.py:3823} INFO - Setting next_dagrun for example_params_ui_tutorial to None, run_after=None
[2024-12-20T00:03:41.161+0000] {processor.py:183} INFO - Processing /home/airflow/.local/lib/python3.11/site-packages/airflow/example_dags/example_params_ui_tutorial.py took 0.114 seconds
[2024-12-20T00:04:11.574+0000] {processor.py:161} INFO - Started process (PID=2706) to work on /home/airflow/.local/lib/python3.11/site-packages/airflow/example_dags/example_params_ui_tutorial.py
[2024-12-20T00:04:11.575+0000] {processor.py:830} INFO - Processing file /home/airflow/.local/lib/python3.11/site-packages/airflow/example_dags/example_params_ui_tutorial.py for tasks to queue
[2024-12-20T00:04:11.578+0000] {logging_mixin.py:188} INFO - [2024-12-20T00:04:11.578+0000] {dagbag.py:538} INFO - Filling up the DagBag from /home/airflow/.local/lib/python3.11/site-packages/airflow/example_dags/example_params_ui_tutorial.py
[2024-12-20T00:04:11.593+0000] {processor.py:840} INFO - DAG(s) 'example_params_ui_tutorial' retrieved from /home/airflow/.local/lib/python3.11/site-packages/airflow/example_dags/example_params_ui_tutorial.py
[2024-12-20T00:04:11.651+0000] {logging_mixin.py:188} INFO - [2024-12-20T00:04:11.651+0000] {dag.py:3036} INFO - Sync 1 DAGs
[2024-12-20T00:04:11.666+0000] {logging_mixin.py:188} INFO - [2024-12-20T00:04:11.666+0000] {dag.py:3823} INFO - Setting next_dagrun for example_params_ui_tutorial to None, run_after=None
[2024-12-20T00:04:11.695+0000] {processor.py:183} INFO - Processing /home/airflow/.local/lib/python3.11/site-packages/airflow/example_dags/example_params_ui_tutorial.py took 0.126 seconds
[2024-12-20T00:04:42.254+0000] {processor.py:161} INFO - Started process (PID=2777) to work on /home/airflow/.local/lib/python3.11/site-packages/airflow/example_dags/example_params_ui_tutorial.py
[2024-12-20T00:04:42.255+0000] {processor.py:830} INFO - Processing file /home/airflow/.local/lib/python3.11/site-packages/airflow/example_dags/example_params_ui_tutorial.py for tasks to queue
[2024-12-20T00:04:42.258+0000] {logging_mixin.py:188} INFO - [2024-12-20T00:04:42.258+0000] {dagbag.py:538} INFO - Filling up the DagBag from /home/airflow/.local/lib/python3.11/site-packages/airflow/example_dags/example_params_ui_tutorial.py
[2024-12-20T00:04:42.273+0000] {processor.py:840} INFO - DAG(s) 'example_params_ui_tutorial' retrieved from /home/airflow/.local/lib/python3.11/site-packages/airflow/example_dags/example_params_ui_tutorial.py
[2024-12-20T00:04:42.337+0000] {logging_mixin.py:188} INFO - [2024-12-20T00:04:42.337+0000] {dag.py:3036} INFO - Sync 1 DAGs
[2024-12-20T00:04:42.351+0000] {logging_mixin.py:188} INFO - [2024-12-20T00:04:42.351+0000] {dag.py:3823} INFO - Setting next_dagrun for example_params_ui_tutorial to None, run_after=None
[2024-12-20T00:04:42.375+0000] {processor.py:183} INFO - Processing /home/airflow/.local/lib/python3.11/site-packages/airflow/example_dags/example_params_ui_tutorial.py took 0.125 seconds
[2024-12-20T00:05:12.457+0000] {processor.py:161} INFO - Started process (PID=2849) to work on /home/airflow/.local/lib/python3.11/site-packages/airflow/example_dags/example_params_ui_tutorial.py
[2024-12-20T00:05:12.460+0000] {processor.py:830} INFO - Processing file /home/airflow/.local/lib/python3.11/site-packages/airflow/example_dags/example_params_ui_tutorial.py for tasks to queue
[2024-12-20T00:05:12.464+0000] {logging_mixin.py:188} INFO - [2024-12-20T00:05:12.464+0000] {dagbag.py:538} INFO - Filling up the DagBag from /home/airflow/.local/lib/python3.11/site-packages/airflow/example_dags/example_params_ui_tutorial.py
[2024-12-20T00:05:12.483+0000] {processor.py:840} INFO - DAG(s) 'example_params_ui_tutorial' retrieved from /home/airflow/.local/lib/python3.11/site-packages/airflow/example_dags/example_params_ui_tutorial.py
[2024-12-20T00:05:12.546+0000] {logging_mixin.py:188} INFO - [2024-12-20T00:05:12.546+0000] {dag.py:3036} INFO - Sync 1 DAGs
[2024-12-20T00:05:12.560+0000] {logging_mixin.py:188} INFO - [2024-12-20T00:05:12.560+0000] {dag.py:3823} INFO - Setting next_dagrun for example_params_ui_tutorial to None, run_after=None
[2024-12-20T00:05:12.581+0000] {processor.py:183} INFO - Processing /home/airflow/.local/lib/python3.11/site-packages/airflow/example_dags/example_params_ui_tutorial.py took 0.130 seconds
[2024-12-20T00:05:42.800+0000] {processor.py:161} INFO - Started process (PID=2928) to work on /home/airflow/.local/lib/python3.11/site-packages/airflow/example_dags/example_params_ui_tutorial.py
[2024-12-20T00:05:42.801+0000] {processor.py:830} INFO - Processing file /home/airflow/.local/lib/python3.11/site-packages/airflow/example_dags/example_params_ui_tutorial.py for tasks to queue
[2024-12-20T00:05:42.804+0000] {logging_mixin.py:188} INFO - [2024-12-20T00:05:42.803+0000] {dagbag.py:538} INFO - Filling up the DagBag from /home/airflow/.local/lib/python3.11/site-packages/airflow/example_dags/example_params_ui_tutorial.py
[2024-12-20T00:05:42.821+0000] {processor.py:840} INFO - DAG(s) 'example_params_ui_tutorial' retrieved from /home/airflow/.local/lib/python3.11/site-packages/airflow/example_dags/example_params_ui_tutorial.py
[2024-12-20T00:05:42.886+0000] {logging_mixin.py:188} INFO - [2024-12-20T00:05:42.885+0000] {dag.py:3036} INFO - Sync 1 DAGs
[2024-12-20T00:05:42.904+0000] {logging_mixin.py:188} INFO - [2024-12-20T00:05:42.903+0000] {dag.py:3823} INFO - Setting next_dagrun for example_params_ui_tutorial to None, run_after=None
[2024-12-20T00:05:42.925+0000] {processor.py:183} INFO - Processing /home/airflow/.local/lib/python3.11/site-packages/airflow/example_dags/example_params_ui_tutorial.py took 0.129 seconds
[2024-12-20T00:06:13.523+0000] {processor.py:161} INFO - Started process (PID=3000) to work on /home/airflow/.local/lib/python3.11/site-packages/airflow/example_dags/example_params_ui_tutorial.py
[2024-12-20T00:06:13.525+0000] {processor.py:830} INFO - Processing file /home/airflow/.local/lib/python3.11/site-packages/airflow/example_dags/example_params_ui_tutorial.py for tasks to queue
[2024-12-20T00:06:13.529+0000] {logging_mixin.py:188} INFO - [2024-12-20T00:06:13.528+0000] {dagbag.py:538} INFO - Filling up the DagBag from /home/airflow/.local/lib/python3.11/site-packages/airflow/example_dags/example_params_ui_tutorial.py
[2024-12-20T00:06:13.548+0000] {processor.py:840} INFO - DAG(s) 'example_params_ui_tutorial' retrieved from /home/airflow/.local/lib/python3.11/site-packages/airflow/example_dags/example_params_ui_tutorial.py
[2024-12-20T00:06:13.610+0000] {logging_mixin.py:188} INFO - [2024-12-20T00:06:13.610+0000] {dag.py:3036} INFO - Sync 1 DAGs
[2024-12-20T00:06:13.625+0000] {logging_mixin.py:188} INFO - [2024-12-20T00:06:13.624+0000] {dag.py:3823} INFO - Setting next_dagrun for example_params_ui_tutorial to None, run_after=None
[2024-12-20T00:06:13.647+0000] {processor.py:183} INFO - Processing /home/airflow/.local/lib/python3.11/site-packages/airflow/example_dags/example_params_ui_tutorial.py took 0.131 seconds
[2024-12-20T00:06:43.825+0000] {processor.py:161} INFO - Started process (PID=3072) to work on /home/airflow/.local/lib/python3.11/site-packages/airflow/example_dags/example_params_ui_tutorial.py
[2024-12-20T00:06:43.826+0000] {processor.py:830} INFO - Processing file /home/airflow/.local/lib/python3.11/site-packages/airflow/example_dags/example_params_ui_tutorial.py for tasks to queue
[2024-12-20T00:06:43.828+0000] {logging_mixin.py:188} INFO - [2024-12-20T00:06:43.828+0000] {dagbag.py:538} INFO - Filling up the DagBag from /home/airflow/.local/lib/python3.11/site-packages/airflow/example_dags/example_params_ui_tutorial.py
[2024-12-20T00:06:43.844+0000] {processor.py:840} INFO - DAG(s) 'example_params_ui_tutorial' retrieved from /home/airflow/.local/lib/python3.11/site-packages/airflow/example_dags/example_params_ui_tutorial.py
[2024-12-20T00:06:43.908+0000] {logging_mixin.py:188} INFO - [2024-12-20T00:06:43.908+0000] {dag.py:3036} INFO - Sync 1 DAGs
[2024-12-20T00:06:43.923+0000] {logging_mixin.py:188} INFO - [2024-12-20T00:06:43.923+0000] {dag.py:3823} INFO - Setting next_dagrun for example_params_ui_tutorial to None, run_after=None
[2024-12-20T00:06:43.946+0000] {processor.py:183} INFO - Processing /home/airflow/.local/lib/python3.11/site-packages/airflow/example_dags/example_params_ui_tutorial.py took 0.125 seconds
[2024-12-20T00:07:14.670+0000] {processor.py:161} INFO - Started process (PID=3151) to work on /home/airflow/.local/lib/python3.11/site-packages/airflow/example_dags/example_params_ui_tutorial.py
[2024-12-20T00:07:14.671+0000] {processor.py:830} INFO - Processing file /home/airflow/.local/lib/python3.11/site-packages/airflow/example_dags/example_params_ui_tutorial.py for tasks to queue
[2024-12-20T00:07:14.673+0000] {logging_mixin.py:188} INFO - [2024-12-20T00:07:14.673+0000] {dagbag.py:538} INFO - Filling up the DagBag from /home/airflow/.local/lib/python3.11/site-packages/airflow/example_dags/example_params_ui_tutorial.py
[2024-12-20T00:07:14.687+0000] {processor.py:840} INFO - DAG(s) 'example_params_ui_tutorial' retrieved from /home/airflow/.local/lib/python3.11/site-packages/airflow/example_dags/example_params_ui_tutorial.py
[2024-12-20T00:07:14.752+0000] {logging_mixin.py:188} INFO - [2024-12-20T00:07:14.751+0000] {dag.py:3036} INFO - Sync 1 DAGs
[2024-12-20T00:07:14.765+0000] {logging_mixin.py:188} INFO - [2024-12-20T00:07:14.765+0000] {dag.py:3823} INFO - Setting next_dagrun for example_params_ui_tutorial to None, run_after=None
[2024-12-20T00:07:14.786+0000] {processor.py:183} INFO - Processing /home/airflow/.local/lib/python3.11/site-packages/airflow/example_dags/example_params_ui_tutorial.py took 0.120 seconds
[2024-12-20T00:07:45.462+0000] {processor.py:161} INFO - Started process (PID=3223) to work on /home/airflow/.local/lib/python3.11/site-packages/airflow/example_dags/example_params_ui_tutorial.py
[2024-12-20T00:07:45.464+0000] {processor.py:830} INFO - Processing file /home/airflow/.local/lib/python3.11/site-packages/airflow/example_dags/example_params_ui_tutorial.py for tasks to queue
[2024-12-20T00:07:45.468+0000] {logging_mixin.py:188} INFO - [2024-12-20T00:07:45.467+0000] {dagbag.py:538} INFO - Filling up the DagBag from /home/airflow/.local/lib/python3.11/site-packages/airflow/example_dags/example_params_ui_tutorial.py
[2024-12-20T00:07:45.487+0000] {processor.py:840} INFO - DAG(s) 'example_params_ui_tutorial' retrieved from /home/airflow/.local/lib/python3.11/site-packages/airflow/example_dags/example_params_ui_tutorial.py
[2024-12-20T00:07:45.554+0000] {logging_mixin.py:188} INFO - [2024-12-20T00:07:45.554+0000] {dag.py:3036} INFO - Sync 1 DAGs
[2024-12-20T00:07:45.568+0000] {logging_mixin.py:188} INFO - [2024-12-20T00:07:45.568+0000] {dag.py:3823} INFO - Setting next_dagrun for example_params_ui_tutorial to None, run_after=None
[2024-12-20T00:07:45.590+0000] {processor.py:183} INFO - Processing /home/airflow/.local/lib/python3.11/site-packages/airflow/example_dags/example_params_ui_tutorial.py took 0.134 seconds
[2024-12-20T00:08:16.123+0000] {processor.py:161} INFO - Started process (PID=3295) to work on /home/airflow/.local/lib/python3.11/site-packages/airflow/example_dags/example_params_ui_tutorial.py
[2024-12-20T00:08:16.124+0000] {processor.py:830} INFO - Processing file /home/airflow/.local/lib/python3.11/site-packages/airflow/example_dags/example_params_ui_tutorial.py for tasks to queue
[2024-12-20T00:08:16.127+0000] {logging_mixin.py:188} INFO - [2024-12-20T00:08:16.127+0000] {dagbag.py:538} INFO - Filling up the DagBag from /home/airflow/.local/lib/python3.11/site-packages/airflow/example_dags/example_params_ui_tutorial.py
[2024-12-20T00:08:16.146+0000] {processor.py:840} INFO - DAG(s) 'example_params_ui_tutorial' retrieved from /home/airflow/.local/lib/python3.11/site-packages/airflow/example_dags/example_params_ui_tutorial.py
[2024-12-20T00:08:16.213+0000] {logging_mixin.py:188} INFO - [2024-12-20T00:08:16.212+0000] {dag.py:3036} INFO - Sync 1 DAGs
[2024-12-20T00:08:16.227+0000] {logging_mixin.py:188} INFO - [2024-12-20T00:08:16.226+0000] {dag.py:3823} INFO - Setting next_dagrun for example_params_ui_tutorial to None, run_after=None
[2024-12-20T00:08:16.248+0000] {processor.py:183} INFO - Processing /home/airflow/.local/lib/python3.11/site-packages/airflow/example_dags/example_params_ui_tutorial.py took 0.130 seconds
[2024-12-20T00:08:46.375+0000] {processor.py:161} INFO - Started process (PID=3376) to work on /home/airflow/.local/lib/python3.11/site-packages/airflow/example_dags/example_params_ui_tutorial.py
[2024-12-20T00:08:46.377+0000] {processor.py:830} INFO - Processing file /home/airflow/.local/lib/python3.11/site-packages/airflow/example_dags/example_params_ui_tutorial.py for tasks to queue
[2024-12-20T00:08:46.379+0000] {logging_mixin.py:188} INFO - [2024-12-20T00:08:46.379+0000] {dagbag.py:538} INFO - Filling up the DagBag from /home/airflow/.local/lib/python3.11/site-packages/airflow/example_dags/example_params_ui_tutorial.py
[2024-12-20T00:08:46.392+0000] {processor.py:840} INFO - DAG(s) 'example_params_ui_tutorial' retrieved from /home/airflow/.local/lib/python3.11/site-packages/airflow/example_dags/example_params_ui_tutorial.py
[2024-12-20T00:08:46.464+0000] {logging_mixin.py:188} INFO - [2024-12-20T00:08:46.464+0000] {dag.py:3036} INFO - Sync 1 DAGs
[2024-12-20T00:08:46.478+0000] {logging_mixin.py:188} INFO - [2024-12-20T00:08:46.477+0000] {dag.py:3823} INFO - Setting next_dagrun for example_params_ui_tutorial to None, run_after=None
[2024-12-20T00:08:46.517+0000] {processor.py:183} INFO - Processing /home/airflow/.local/lib/python3.11/site-packages/airflow/example_dags/example_params_ui_tutorial.py took 0.147 seconds
[2024-12-20T00:09:16.705+0000] {processor.py:161} INFO - Started process (PID=3438) to work on /home/airflow/.local/lib/python3.11/site-packages/airflow/example_dags/example_params_ui_tutorial.py
[2024-12-20T00:09:16.706+0000] {processor.py:830} INFO - Processing file /home/airflow/.local/lib/python3.11/site-packages/airflow/example_dags/example_params_ui_tutorial.py for tasks to queue
[2024-12-20T00:09:16.709+0000] {logging_mixin.py:188} INFO - [2024-12-20T00:09:16.709+0000] {dagbag.py:538} INFO - Filling up the DagBag from /home/airflow/.local/lib/python3.11/site-packages/airflow/example_dags/example_params_ui_tutorial.py
[2024-12-20T00:09:16.728+0000] {processor.py:840} INFO - DAG(s) 'example_params_ui_tutorial' retrieved from /home/airflow/.local/lib/python3.11/site-packages/airflow/example_dags/example_params_ui_tutorial.py
[2024-12-20T00:09:16.837+0000] {logging_mixin.py:188} INFO - [2024-12-20T00:09:16.837+0000] {dag.py:3036} INFO - Sync 1 DAGs
[2024-12-20T00:09:16.855+0000] {logging_mixin.py:188} INFO - [2024-12-20T00:09:16.854+0000] {dag.py:3823} INFO - Setting next_dagrun for example_params_ui_tutorial to None, run_after=None
[2024-12-20T00:09:16.881+0000] {processor.py:183} INFO - Processing /home/airflow/.local/lib/python3.11/site-packages/airflow/example_dags/example_params_ui_tutorial.py took 0.181 seconds
[2024-12-20T00:09:47.277+0000] {processor.py:161} INFO - Started process (PID=3510) to work on /home/airflow/.local/lib/python3.11/site-packages/airflow/example_dags/example_params_ui_tutorial.py
[2024-12-20T00:09:47.279+0000] {processor.py:830} INFO - Processing file /home/airflow/.local/lib/python3.11/site-packages/airflow/example_dags/example_params_ui_tutorial.py for tasks to queue
[2024-12-20T00:09:47.283+0000] {logging_mixin.py:188} INFO - [2024-12-20T00:09:47.282+0000] {dagbag.py:538} INFO - Filling up the DagBag from /home/airflow/.local/lib/python3.11/site-packages/airflow/example_dags/example_params_ui_tutorial.py
[2024-12-20T00:09:47.307+0000] {processor.py:840} INFO - DAG(s) 'example_params_ui_tutorial' retrieved from /home/airflow/.local/lib/python3.11/site-packages/airflow/example_dags/example_params_ui_tutorial.py
[2024-12-20T00:09:47.374+0000] {logging_mixin.py:188} INFO - [2024-12-20T00:09:47.374+0000] {dag.py:3036} INFO - Sync 1 DAGs
[2024-12-20T00:09:47.388+0000] {logging_mixin.py:188} INFO - [2024-12-20T00:09:47.388+0000] {dag.py:3823} INFO - Setting next_dagrun for example_params_ui_tutorial to None, run_after=None
[2024-12-20T00:09:47.409+0000] {processor.py:183} INFO - Processing /home/airflow/.local/lib/python3.11/site-packages/airflow/example_dags/example_params_ui_tutorial.py took 0.139 seconds
[2024-12-20T00:10:17.543+0000] {processor.py:161} INFO - Started process (PID=3590) to work on /home/airflow/.local/lib/python3.11/site-packages/airflow/example_dags/example_params_ui_tutorial.py
[2024-12-20T00:10:17.544+0000] {processor.py:830} INFO - Processing file /home/airflow/.local/lib/python3.11/site-packages/airflow/example_dags/example_params_ui_tutorial.py for tasks to queue
[2024-12-20T00:10:17.547+0000] {logging_mixin.py:188} INFO - [2024-12-20T00:10:17.546+0000] {dagbag.py:538} INFO - Filling up the DagBag from /home/airflow/.local/lib/python3.11/site-packages/airflow/example_dags/example_params_ui_tutorial.py
[2024-12-20T00:10:17.562+0000] {processor.py:840} INFO - DAG(s) 'example_params_ui_tutorial' retrieved from /home/airflow/.local/lib/python3.11/site-packages/airflow/example_dags/example_params_ui_tutorial.py
[2024-12-20T00:10:17.635+0000] {logging_mixin.py:188} INFO - [2024-12-20T00:10:17.635+0000] {dag.py:3036} INFO - Sync 1 DAGs
[2024-12-20T00:10:17.649+0000] {logging_mixin.py:188} INFO - [2024-12-20T00:10:17.649+0000] {dag.py:3823} INFO - Setting next_dagrun for example_params_ui_tutorial to None, run_after=None
[2024-12-20T00:10:17.674+0000] {processor.py:183} INFO - Processing /home/airflow/.local/lib/python3.11/site-packages/airflow/example_dags/example_params_ui_tutorial.py took 0.135 seconds
[2024-12-20T00:10:47.729+0000] {processor.py:161} INFO - Started process (PID=3661) to work on /home/airflow/.local/lib/python3.11/site-packages/airflow/example_dags/example_params_ui_tutorial.py
[2024-12-20T00:10:47.730+0000] {processor.py:830} INFO - Processing file /home/airflow/.local/lib/python3.11/site-packages/airflow/example_dags/example_params_ui_tutorial.py for tasks to queue
[2024-12-20T00:10:47.732+0000] {logging_mixin.py:188} INFO - [2024-12-20T00:10:47.732+0000] {dagbag.py:538} INFO - Filling up the DagBag from /home/airflow/.local/lib/python3.11/site-packages/airflow/example_dags/example_params_ui_tutorial.py
[2024-12-20T00:10:47.746+0000] {processor.py:840} INFO - DAG(s) 'example_params_ui_tutorial' retrieved from /home/airflow/.local/lib/python3.11/site-packages/airflow/example_dags/example_params_ui_tutorial.py
[2024-12-20T00:10:47.810+0000] {logging_mixin.py:188} INFO - [2024-12-20T00:10:47.810+0000] {dag.py:3036} INFO - Sync 1 DAGs
[2024-12-20T00:10:47.824+0000] {logging_mixin.py:188} INFO - [2024-12-20T00:10:47.824+0000] {dag.py:3823} INFO - Setting next_dagrun for example_params_ui_tutorial to None, run_after=None
[2024-12-20T00:10:47.847+0000] {processor.py:183} INFO - Processing /home/airflow/.local/lib/python3.11/site-packages/airflow/example_dags/example_params_ui_tutorial.py took 0.122 seconds
[2024-12-20T00:11:18.398+0000] {processor.py:161} INFO - Started process (PID=3731) to work on /home/airflow/.local/lib/python3.11/site-packages/airflow/example_dags/example_params_ui_tutorial.py
[2024-12-20T00:11:18.399+0000] {processor.py:830} INFO - Processing file /home/airflow/.local/lib/python3.11/site-packages/airflow/example_dags/example_params_ui_tutorial.py for tasks to queue
[2024-12-20T00:11:18.402+0000] {logging_mixin.py:188} INFO - [2024-12-20T00:11:18.401+0000] {dagbag.py:538} INFO - Filling up the DagBag from /home/airflow/.local/lib/python3.11/site-packages/airflow/example_dags/example_params_ui_tutorial.py
[2024-12-20T00:11:18.417+0000] {processor.py:840} INFO - DAG(s) 'example_params_ui_tutorial' retrieved from /home/airflow/.local/lib/python3.11/site-packages/airflow/example_dags/example_params_ui_tutorial.py
[2024-12-20T00:11:18.480+0000] {logging_mixin.py:188} INFO - [2024-12-20T00:11:18.480+0000] {dag.py:3036} INFO - Sync 1 DAGs
[2024-12-20T00:11:18.497+0000] {logging_mixin.py:188} INFO - [2024-12-20T00:11:18.497+0000] {dag.py:3823} INFO - Setting next_dagrun for example_params_ui_tutorial to None, run_after=None
[2024-12-20T00:11:18.518+0000] {processor.py:183} INFO - Processing /home/airflow/.local/lib/python3.11/site-packages/airflow/example_dags/example_params_ui_tutorial.py took 0.124 seconds
[2024-12-20T00:11:48.681+0000] {processor.py:161} INFO - Started process (PID=3804) to work on /home/airflow/.local/lib/python3.11/site-packages/airflow/example_dags/example_params_ui_tutorial.py
[2024-12-20T00:11:48.683+0000] {processor.py:830} INFO - Processing file /home/airflow/.local/lib/python3.11/site-packages/airflow/example_dags/example_params_ui_tutorial.py for tasks to queue
[2024-12-20T00:11:48.686+0000] {logging_mixin.py:188} INFO - [2024-12-20T00:11:48.685+0000] {dagbag.py:538} INFO - Filling up the DagBag from /home/airflow/.local/lib/python3.11/site-packages/airflow/example_dags/example_params_ui_tutorial.py
[2024-12-20T00:11:48.700+0000] {processor.py:840} INFO - DAG(s) 'example_params_ui_tutorial' retrieved from /home/airflow/.local/lib/python3.11/site-packages/airflow/example_dags/example_params_ui_tutorial.py
[2024-12-20T00:11:48.765+0000] {logging_mixin.py:188} INFO - [2024-12-20T00:11:48.765+0000] {dag.py:3036} INFO - Sync 1 DAGs
[2024-12-20T00:11:48.781+0000] {logging_mixin.py:188} INFO - [2024-12-20T00:11:48.780+0000] {dag.py:3823} INFO - Setting next_dagrun for example_params_ui_tutorial to None, run_after=None
[2024-12-20T00:11:48.808+0000] {processor.py:183} INFO - Processing /home/airflow/.local/lib/python3.11/site-packages/airflow/example_dags/example_params_ui_tutorial.py took 0.131 seconds
[2024-12-20T00:12:18.962+0000] {processor.py:161} INFO - Started process (PID=3883) to work on /home/airflow/.local/lib/python3.11/site-packages/airflow/example_dags/example_params_ui_tutorial.py
[2024-12-20T00:12:18.963+0000] {processor.py:830} INFO - Processing file /home/airflow/.local/lib/python3.11/site-packages/airflow/example_dags/example_params_ui_tutorial.py for tasks to queue
[2024-12-20T00:12:18.965+0000] {logging_mixin.py:188} INFO - [2024-12-20T00:12:18.965+0000] {dagbag.py:538} INFO - Filling up the DagBag from /home/airflow/.local/lib/python3.11/site-packages/airflow/example_dags/example_params_ui_tutorial.py
[2024-12-20T00:12:18.981+0000] {processor.py:840} INFO - DAG(s) 'example_params_ui_tutorial' retrieved from /home/airflow/.local/lib/python3.11/site-packages/airflow/example_dags/example_params_ui_tutorial.py
[2024-12-20T00:12:19.044+0000] {logging_mixin.py:188} INFO - [2024-12-20T00:12:19.044+0000] {dag.py:3036} INFO - Sync 1 DAGs
[2024-12-20T00:12:19.059+0000] {logging_mixin.py:188} INFO - [2024-12-20T00:12:19.059+0000] {dag.py:3823} INFO - Setting next_dagrun for example_params_ui_tutorial to None, run_after=None
[2024-12-20T00:12:19.084+0000] {processor.py:183} INFO - Processing /home/airflow/.local/lib/python3.11/site-packages/airflow/example_dags/example_params_ui_tutorial.py took 0.126 seconds
[2024-12-20T03:12:53.344+0000] {processor.py:161} INFO - Started process (PID=3954) to work on /home/airflow/.local/lib/python3.11/site-packages/airflow/example_dags/example_params_ui_tutorial.py
[2024-12-20T03:12:53.347+0000] {processor.py:830} INFO - Processing file /home/airflow/.local/lib/python3.11/site-packages/airflow/example_dags/example_params_ui_tutorial.py for tasks to queue
[2024-12-20T03:12:53.351+0000] {logging_mixin.py:188} INFO - [2024-12-20T03:12:53.351+0000] {dagbag.py:538} INFO - Filling up the DagBag from /home/airflow/.local/lib/python3.11/site-packages/airflow/example_dags/example_params_ui_tutorial.py
[2024-12-20T03:12:53.426+0000] {processor.py:840} INFO - DAG(s) 'example_params_ui_tutorial' retrieved from /home/airflow/.local/lib/python3.11/site-packages/airflow/example_dags/example_params_ui_tutorial.py
[2024-12-20T03:12:53.963+0000] {logging_mixin.py:188} INFO - [2024-12-20T03:12:53.962+0000] {dag.py:3036} INFO - Sync 1 DAGs
[2024-12-20T03:12:54.118+0000] {logging_mixin.py:188} INFO - [2024-12-20T03:12:54.117+0000] {dag.py:3823} INFO - Setting next_dagrun for example_params_ui_tutorial to None, run_after=None
[2024-12-20T03:12:54.372+0000] {processor.py:183} INFO - Processing /home/airflow/.local/lib/python3.11/site-packages/airflow/example_dags/example_params_ui_tutorial.py took 1.037 seconds
[2024-12-20T09:17:33.221+0000] {processor.py:161} INFO - Started process (PID=4018) to work on /home/airflow/.local/lib/python3.11/site-packages/airflow/example_dags/example_params_ui_tutorial.py
[2024-12-20T09:17:33.234+0000] {processor.py:830} INFO - Processing file /home/airflow/.local/lib/python3.11/site-packages/airflow/example_dags/example_params_ui_tutorial.py for tasks to queue
[2024-12-20T09:17:33.241+0000] {logging_mixin.py:188} INFO - [2024-12-20T09:17:33.239+0000] {dagbag.py:538} INFO - Filling up the DagBag from /home/airflow/.local/lib/python3.11/site-packages/airflow/example_dags/example_params_ui_tutorial.py
[2024-12-20T09:17:33.359+0000] {processor.py:840} INFO - DAG(s) 'example_params_ui_tutorial' retrieved from /home/airflow/.local/lib/python3.11/site-packages/airflow/example_dags/example_params_ui_tutorial.py
[2024-12-20T09:17:33.894+0000] {logging_mixin.py:188} INFO - [2024-12-20T09:17:33.894+0000] {dag.py:3036} INFO - Sync 1 DAGs
[2024-12-20T09:17:33.928+0000] {logging_mixin.py:188} INFO - [2024-12-20T09:17:33.927+0000] {dag.py:3823} INFO - Setting next_dagrun for example_params_ui_tutorial to None, run_after=None
[2024-12-20T09:17:33.971+0000] {processor.py:183} INFO - Processing /home/airflow/.local/lib/python3.11/site-packages/airflow/example_dags/example_params_ui_tutorial.py took 0.783 seconds
[2024-12-20T09:18:04.578+0000] {processor.py:161} INFO - Started process (PID=4086) to work on /home/airflow/.local/lib/python3.11/site-packages/airflow/example_dags/example_params_ui_tutorial.py
[2024-12-20T09:18:04.580+0000] {processor.py:830} INFO - Processing file /home/airflow/.local/lib/python3.11/site-packages/airflow/example_dags/example_params_ui_tutorial.py for tasks to queue
[2024-12-20T09:18:04.582+0000] {logging_mixin.py:188} INFO - [2024-12-20T09:18:04.581+0000] {dagbag.py:538} INFO - Filling up the DagBag from /home/airflow/.local/lib/python3.11/site-packages/airflow/example_dags/example_params_ui_tutorial.py
[2024-12-20T09:18:04.597+0000] {processor.py:840} INFO - DAG(s) 'example_params_ui_tutorial' retrieved from /home/airflow/.local/lib/python3.11/site-packages/airflow/example_dags/example_params_ui_tutorial.py
[2024-12-20T09:18:04.663+0000] {logging_mixin.py:188} INFO - [2024-12-20T09:18:04.663+0000] {dag.py:3036} INFO - Sync 1 DAGs
[2024-12-20T09:18:04.679+0000] {logging_mixin.py:188} INFO - [2024-12-20T09:18:04.679+0000] {dag.py:3823} INFO - Setting next_dagrun for example_params_ui_tutorial to None, run_after=None
[2024-12-20T09:18:04.705+0000] {processor.py:183} INFO - Processing /home/airflow/.local/lib/python3.11/site-packages/airflow/example_dags/example_params_ui_tutorial.py took 0.131 seconds
[2024-12-20T09:18:35.653+0000] {processor.py:161} INFO - Started process (PID=4157) to work on /home/airflow/.local/lib/python3.11/site-packages/airflow/example_dags/example_params_ui_tutorial.py
[2024-12-20T09:18:35.655+0000] {processor.py:830} INFO - Processing file /home/airflow/.local/lib/python3.11/site-packages/airflow/example_dags/example_params_ui_tutorial.py for tasks to queue
[2024-12-20T09:18:35.657+0000] {logging_mixin.py:188} INFO - [2024-12-20T09:18:35.656+0000] {dagbag.py:538} INFO - Filling up the DagBag from /home/airflow/.local/lib/python3.11/site-packages/airflow/example_dags/example_params_ui_tutorial.py
[2024-12-20T09:18:35.675+0000] {processor.py:840} INFO - DAG(s) 'example_params_ui_tutorial' retrieved from /home/airflow/.local/lib/python3.11/site-packages/airflow/example_dags/example_params_ui_tutorial.py
[2024-12-20T09:18:35.748+0000] {logging_mixin.py:188} INFO - [2024-12-20T09:18:35.747+0000] {dag.py:3036} INFO - Sync 1 DAGs
[2024-12-20T09:18:35.765+0000] {logging_mixin.py:188} INFO - [2024-12-20T09:18:35.765+0000] {dag.py:3823} INFO - Setting next_dagrun for example_params_ui_tutorial to None, run_after=None
[2024-12-20T09:18:35.789+0000] {processor.py:183} INFO - Processing /home/airflow/.local/lib/python3.11/site-packages/airflow/example_dags/example_params_ui_tutorial.py took 0.143 seconds
[2024-12-20T09:19:06.699+0000] {processor.py:161} INFO - Started process (PID=4230) to work on /home/airflow/.local/lib/python3.11/site-packages/airflow/example_dags/example_params_ui_tutorial.py
[2024-12-20T09:19:06.701+0000] {processor.py:830} INFO - Processing file /home/airflow/.local/lib/python3.11/site-packages/airflow/example_dags/example_params_ui_tutorial.py for tasks to queue
[2024-12-20T09:19:06.704+0000] {logging_mixin.py:188} INFO - [2024-12-20T09:19:06.703+0000] {dagbag.py:538} INFO - Filling up the DagBag from /home/airflow/.local/lib/python3.11/site-packages/airflow/example_dags/example_params_ui_tutorial.py
[2024-12-20T09:19:06.729+0000] {processor.py:840} INFO - DAG(s) 'example_params_ui_tutorial' retrieved from /home/airflow/.local/lib/python3.11/site-packages/airflow/example_dags/example_params_ui_tutorial.py
[2024-12-20T09:19:06.843+0000] {logging_mixin.py:188} INFO - [2024-12-20T09:19:06.843+0000] {dag.py:3036} INFO - Sync 1 DAGs
[2024-12-20T09:19:06.867+0000] {logging_mixin.py:188} INFO - [2024-12-20T09:19:06.867+0000] {dag.py:3823} INFO - Setting next_dagrun for example_params_ui_tutorial to None, run_after=None
[2024-12-20T09:19:06.915+0000] {processor.py:183} INFO - Processing /home/airflow/.local/lib/python3.11/site-packages/airflow/example_dags/example_params_ui_tutorial.py took 0.222 seconds
[2024-12-20T09:19:37.907+0000] {processor.py:161} INFO - Started process (PID=4305) to work on /home/airflow/.local/lib/python3.11/site-packages/airflow/example_dags/example_params_ui_tutorial.py
[2024-12-20T09:19:37.914+0000] {processor.py:830} INFO - Processing file /home/airflow/.local/lib/python3.11/site-packages/airflow/example_dags/example_params_ui_tutorial.py for tasks to queue
[2024-12-20T09:19:37.915+0000] {logging_mixin.py:188} INFO - [2024-12-20T09:19:37.915+0000] {dagbag.py:538} INFO - Filling up the DagBag from /home/airflow/.local/lib/python3.11/site-packages/airflow/example_dags/example_params_ui_tutorial.py
[2024-12-20T09:19:37.945+0000] {processor.py:840} INFO - DAG(s) 'example_params_ui_tutorial' retrieved from /home/airflow/.local/lib/python3.11/site-packages/airflow/example_dags/example_params_ui_tutorial.py
[2024-12-20T09:19:38.193+0000] {logging_mixin.py:188} INFO - [2024-12-20T09:19:38.193+0000] {dag.py:3036} INFO - Sync 1 DAGs
[2024-12-20T09:19:38.229+0000] {logging_mixin.py:188} INFO - [2024-12-20T09:19:38.229+0000] {dag.py:3823} INFO - Setting next_dagrun for example_params_ui_tutorial to None, run_after=None
[2024-12-20T09:19:38.342+0000] {processor.py:183} INFO - Processing /home/airflow/.local/lib/python3.11/site-packages/airflow/example_dags/example_params_ui_tutorial.py took 0.441 seconds
[2024-12-20T09:20:09.015+0000] {processor.py:161} INFO - Started process (PID=4376) to work on /home/airflow/.local/lib/python3.11/site-packages/airflow/example_dags/example_params_ui_tutorial.py
[2024-12-20T09:20:09.022+0000] {processor.py:830} INFO - Processing file /home/airflow/.local/lib/python3.11/site-packages/airflow/example_dags/example_params_ui_tutorial.py for tasks to queue
[2024-12-20T09:20:09.033+0000] {logging_mixin.py:188} INFO - [2024-12-20T09:20:09.032+0000] {dagbag.py:538} INFO - Filling up the DagBag from /home/airflow/.local/lib/python3.11/site-packages/airflow/example_dags/example_params_ui_tutorial.py
[2024-12-20T09:20:09.067+0000] {processor.py:840} INFO - DAG(s) 'example_params_ui_tutorial' retrieved from /home/airflow/.local/lib/python3.11/site-packages/airflow/example_dags/example_params_ui_tutorial.py
[2024-12-20T09:20:09.271+0000] {logging_mixin.py:188} INFO - [2024-12-20T09:20:09.270+0000] {dag.py:3036} INFO - Sync 1 DAGs
[2024-12-20T09:20:09.310+0000] {logging_mixin.py:188} INFO - [2024-12-20T09:20:09.309+0000] {dag.py:3823} INFO - Setting next_dagrun for example_params_ui_tutorial to None, run_after=None
[2024-12-20T09:20:09.430+0000] {processor.py:183} INFO - Processing /home/airflow/.local/lib/python3.11/site-packages/airflow/example_dags/example_params_ui_tutorial.py took 0.422 seconds
[2024-12-20T09:20:39.509+0000] {processor.py:161} INFO - Started process (PID=4433) to work on /home/airflow/.local/lib/python3.11/site-packages/airflow/example_dags/example_params_ui_tutorial.py
[2024-12-20T09:20:39.511+0000] {processor.py:830} INFO - Processing file /home/airflow/.local/lib/python3.11/site-packages/airflow/example_dags/example_params_ui_tutorial.py for tasks to queue
[2024-12-20T09:20:39.513+0000] {logging_mixin.py:188} INFO - [2024-12-20T09:20:39.512+0000] {dagbag.py:538} INFO - Filling up the DagBag from /home/airflow/.local/lib/python3.11/site-packages/airflow/example_dags/example_params_ui_tutorial.py
[2024-12-20T09:20:39.536+0000] {processor.py:840} INFO - DAG(s) 'example_params_ui_tutorial' retrieved from /home/airflow/.local/lib/python3.11/site-packages/airflow/example_dags/example_params_ui_tutorial.py
[2024-12-20T09:20:39.627+0000] {logging_mixin.py:188} INFO - [2024-12-20T09:20:39.626+0000] {dag.py:3036} INFO - Sync 1 DAGs
[2024-12-20T09:20:39.648+0000] {logging_mixin.py:188} INFO - [2024-12-20T09:20:39.648+0000] {dag.py:3823} INFO - Setting next_dagrun for example_params_ui_tutorial to None, run_after=None
[2024-12-20T09:20:39.678+0000] {processor.py:183} INFO - Processing /home/airflow/.local/lib/python3.11/site-packages/airflow/example_dags/example_params_ui_tutorial.py took 0.175 seconds
[2024-12-20T09:21:10.213+0000] {processor.py:161} INFO - Started process (PID=4503) to work on /home/airflow/.local/lib/python3.11/site-packages/airflow/example_dags/example_params_ui_tutorial.py
[2024-12-20T09:21:10.218+0000] {processor.py:830} INFO - Processing file /home/airflow/.local/lib/python3.11/site-packages/airflow/example_dags/example_params_ui_tutorial.py for tasks to queue
[2024-12-20T09:21:10.221+0000] {logging_mixin.py:188} INFO - [2024-12-20T09:21:10.220+0000] {dagbag.py:538} INFO - Filling up the DagBag from /home/airflow/.local/lib/python3.11/site-packages/airflow/example_dags/example_params_ui_tutorial.py
[2024-12-20T09:21:10.261+0000] {processor.py:840} INFO - DAG(s) 'example_params_ui_tutorial' retrieved from /home/airflow/.local/lib/python3.11/site-packages/airflow/example_dags/example_params_ui_tutorial.py
[2024-12-20T09:21:10.378+0000] {logging_mixin.py:188} INFO - [2024-12-20T09:21:10.378+0000] {dag.py:3036} INFO - Sync 1 DAGs
[2024-12-20T09:21:10.396+0000] {logging_mixin.py:188} INFO - [2024-12-20T09:21:10.395+0000] {dag.py:3823} INFO - Setting next_dagrun for example_params_ui_tutorial to None, run_after=None
[2024-12-20T09:21:10.435+0000] {processor.py:183} INFO - Processing /home/airflow/.local/lib/python3.11/site-packages/airflow/example_dags/example_params_ui_tutorial.py took 0.235 seconds
[2024-12-20T09:21:40.738+0000] {processor.py:161} INFO - Started process (PID=4579) to work on /home/airflow/.local/lib/python3.11/site-packages/airflow/example_dags/example_params_ui_tutorial.py
[2024-12-20T09:21:40.751+0000] {processor.py:830} INFO - Processing file /home/airflow/.local/lib/python3.11/site-packages/airflow/example_dags/example_params_ui_tutorial.py for tasks to queue
[2024-12-20T09:21:40.754+0000] {logging_mixin.py:188} INFO - [2024-12-20T09:21:40.753+0000] {dagbag.py:538} INFO - Filling up the DagBag from /home/airflow/.local/lib/python3.11/site-packages/airflow/example_dags/example_params_ui_tutorial.py
[2024-12-20T09:21:40.840+0000] {processor.py:840} INFO - DAG(s) 'example_params_ui_tutorial' retrieved from /home/airflow/.local/lib/python3.11/site-packages/airflow/example_dags/example_params_ui_tutorial.py
[2024-12-20T09:21:41.023+0000] {logging_mixin.py:188} INFO - [2024-12-20T09:21:41.023+0000] {dag.py:3036} INFO - Sync 1 DAGs
[2024-12-20T09:21:41.085+0000] {logging_mixin.py:188} INFO - [2024-12-20T09:21:41.085+0000] {dag.py:3823} INFO - Setting next_dagrun for example_params_ui_tutorial to None, run_after=None
[2024-12-20T09:21:41.191+0000] {processor.py:183} INFO - Processing /home/airflow/.local/lib/python3.11/site-packages/airflow/example_dags/example_params_ui_tutorial.py took 0.460 seconds
[2024-12-20T09:22:12.035+0000] {processor.py:161} INFO - Started process (PID=4644) to work on /home/airflow/.local/lib/python3.11/site-packages/airflow/example_dags/example_params_ui_tutorial.py
[2024-12-20T09:22:12.050+0000] {processor.py:830} INFO - Processing file /home/airflow/.local/lib/python3.11/site-packages/airflow/example_dags/example_params_ui_tutorial.py for tasks to queue
[2024-12-20T09:22:12.053+0000] {logging_mixin.py:188} INFO - [2024-12-20T09:22:12.053+0000] {dagbag.py:538} INFO - Filling up the DagBag from /home/airflow/.local/lib/python3.11/site-packages/airflow/example_dags/example_params_ui_tutorial.py
[2024-12-20T09:22:12.080+0000] {processor.py:840} INFO - DAG(s) 'example_params_ui_tutorial' retrieved from /home/airflow/.local/lib/python3.11/site-packages/airflow/example_dags/example_params_ui_tutorial.py
[2024-12-20T09:22:12.198+0000] {logging_mixin.py:188} INFO - [2024-12-20T09:22:12.197+0000] {dag.py:3036} INFO - Sync 1 DAGs
[2024-12-20T09:22:12.237+0000] {logging_mixin.py:188} INFO - [2024-12-20T09:22:12.236+0000] {dag.py:3823} INFO - Setting next_dagrun for example_params_ui_tutorial to None, run_after=None
[2024-12-20T09:22:12.286+0000] {processor.py:183} INFO - Processing /home/airflow/.local/lib/python3.11/site-packages/airflow/example_dags/example_params_ui_tutorial.py took 0.258 seconds
[2024-12-20T09:22:42.513+0000] {processor.py:161} INFO - Started process (PID=4707) to work on /home/airflow/.local/lib/python3.11/site-packages/airflow/example_dags/example_params_ui_tutorial.py
[2024-12-20T09:22:42.518+0000] {processor.py:830} INFO - Processing file /home/airflow/.local/lib/python3.11/site-packages/airflow/example_dags/example_params_ui_tutorial.py for tasks to queue
[2024-12-20T09:22:42.519+0000] {logging_mixin.py:188} INFO - [2024-12-20T09:22:42.519+0000] {dagbag.py:538} INFO - Filling up the DagBag from /home/airflow/.local/lib/python3.11/site-packages/airflow/example_dags/example_params_ui_tutorial.py
[2024-12-20T09:22:42.560+0000] {processor.py:840} INFO - DAG(s) 'example_params_ui_tutorial' retrieved from /home/airflow/.local/lib/python3.11/site-packages/airflow/example_dags/example_params_ui_tutorial.py
[2024-12-20T09:22:42.678+0000] {logging_mixin.py:188} INFO - [2024-12-20T09:22:42.678+0000] {dag.py:3036} INFO - Sync 1 DAGs
[2024-12-20T09:22:42.712+0000] {logging_mixin.py:188} INFO - [2024-12-20T09:22:42.712+0000] {dag.py:3823} INFO - Setting next_dagrun for example_params_ui_tutorial to None, run_after=None
[2024-12-20T09:22:42.762+0000] {processor.py:183} INFO - Processing /home/airflow/.local/lib/python3.11/site-packages/airflow/example_dags/example_params_ui_tutorial.py took 0.256 seconds
[2024-12-20T09:23:12.858+0000] {processor.py:161} INFO - Started process (PID=4778) to work on /home/airflow/.local/lib/python3.11/site-packages/airflow/example_dags/example_params_ui_tutorial.py
[2024-12-20T09:23:12.860+0000] {processor.py:830} INFO - Processing file /home/airflow/.local/lib/python3.11/site-packages/airflow/example_dags/example_params_ui_tutorial.py for tasks to queue
[2024-12-20T09:23:12.862+0000] {logging_mixin.py:188} INFO - [2024-12-20T09:23:12.861+0000] {dagbag.py:538} INFO - Filling up the DagBag from /home/airflow/.local/lib/python3.11/site-packages/airflow/example_dags/example_params_ui_tutorial.py
[2024-12-20T09:23:12.882+0000] {processor.py:840} INFO - DAG(s) 'example_params_ui_tutorial' retrieved from /home/airflow/.local/lib/python3.11/site-packages/airflow/example_dags/example_params_ui_tutorial.py
[2024-12-20T09:23:12.976+0000] {logging_mixin.py:188} INFO - [2024-12-20T09:23:12.976+0000] {dag.py:3036} INFO - Sync 1 DAGs
[2024-12-20T09:23:12.999+0000] {logging_mixin.py:188} INFO - [2024-12-20T09:23:12.998+0000] {dag.py:3823} INFO - Setting next_dagrun for example_params_ui_tutorial to None, run_after=None
[2024-12-20T09:23:13.039+0000] {processor.py:183} INFO - Processing /home/airflow/.local/lib/python3.11/site-packages/airflow/example_dags/example_params_ui_tutorial.py took 0.186 seconds
[2024-12-20T09:23:43.342+0000] {processor.py:161} INFO - Started process (PID=4846) to work on /home/airflow/.local/lib/python3.11/site-packages/airflow/example_dags/example_params_ui_tutorial.py
[2024-12-20T09:23:43.345+0000] {processor.py:830} INFO - Processing file /home/airflow/.local/lib/python3.11/site-packages/airflow/example_dags/example_params_ui_tutorial.py for tasks to queue
[2024-12-20T09:23:43.347+0000] {logging_mixin.py:188} INFO - [2024-12-20T09:23:43.346+0000] {dagbag.py:538} INFO - Filling up the DagBag from /home/airflow/.local/lib/python3.11/site-packages/airflow/example_dags/example_params_ui_tutorial.py
[2024-12-20T09:23:43.374+0000] {processor.py:840} INFO - DAG(s) 'example_params_ui_tutorial' retrieved from /home/airflow/.local/lib/python3.11/site-packages/airflow/example_dags/example_params_ui_tutorial.py
[2024-12-20T09:23:43.473+0000] {logging_mixin.py:188} INFO - [2024-12-20T09:23:43.472+0000] {dag.py:3036} INFO - Sync 1 DAGs
[2024-12-20T09:23:43.488+0000] {logging_mixin.py:188} INFO - [2024-12-20T09:23:43.488+0000] {dag.py:3823} INFO - Setting next_dagrun for example_params_ui_tutorial to None, run_after=None
[2024-12-20T09:23:43.516+0000] {processor.py:183} INFO - Processing /home/airflow/.local/lib/python3.11/site-packages/airflow/example_dags/example_params_ui_tutorial.py took 0.181 seconds
[2024-12-20T09:24:14.045+0000] {processor.py:161} INFO - Started process (PID=4918) to work on /home/airflow/.local/lib/python3.11/site-packages/airflow/example_dags/example_params_ui_tutorial.py
[2024-12-20T09:24:14.047+0000] {processor.py:830} INFO - Processing file /home/airflow/.local/lib/python3.11/site-packages/airflow/example_dags/example_params_ui_tutorial.py for tasks to queue
[2024-12-20T09:24:14.049+0000] {logging_mixin.py:188} INFO - [2024-12-20T09:24:14.049+0000] {dagbag.py:538} INFO - Filling up the DagBag from /home/airflow/.local/lib/python3.11/site-packages/airflow/example_dags/example_params_ui_tutorial.py
[2024-12-20T09:24:14.074+0000] {processor.py:840} INFO - DAG(s) 'example_params_ui_tutorial' retrieved from /home/airflow/.local/lib/python3.11/site-packages/airflow/example_dags/example_params_ui_tutorial.py
[2024-12-20T09:24:14.166+0000] {logging_mixin.py:188} INFO - [2024-12-20T09:24:14.166+0000] {dag.py:3036} INFO - Sync 1 DAGs
[2024-12-20T09:24:14.182+0000] {logging_mixin.py:188} INFO - [2024-12-20T09:24:14.182+0000] {dag.py:3823} INFO - Setting next_dagrun for example_params_ui_tutorial to None, run_after=None
[2024-12-20T09:24:14.215+0000] {processor.py:183} INFO - Processing /home/airflow/.local/lib/python3.11/site-packages/airflow/example_dags/example_params_ui_tutorial.py took 0.176 seconds
[2024-12-20T09:24:44.544+0000] {processor.py:161} INFO - Started process (PID=4990) to work on /home/airflow/.local/lib/python3.11/site-packages/airflow/example_dags/example_params_ui_tutorial.py
[2024-12-20T09:24:44.545+0000] {processor.py:830} INFO - Processing file /home/airflow/.local/lib/python3.11/site-packages/airflow/example_dags/example_params_ui_tutorial.py for tasks to queue
[2024-12-20T09:24:44.546+0000] {logging_mixin.py:188} INFO - [2024-12-20T09:24:44.546+0000] {dagbag.py:538} INFO - Filling up the DagBag from /home/airflow/.local/lib/python3.11/site-packages/airflow/example_dags/example_params_ui_tutorial.py
[2024-12-20T09:24:44.562+0000] {processor.py:840} INFO - DAG(s) 'example_params_ui_tutorial' retrieved from /home/airflow/.local/lib/python3.11/site-packages/airflow/example_dags/example_params_ui_tutorial.py
[2024-12-20T09:24:44.633+0000] {logging_mixin.py:188} INFO - [2024-12-20T09:24:44.633+0000] {dag.py:3036} INFO - Sync 1 DAGs
[2024-12-20T09:24:44.648+0000] {logging_mixin.py:188} INFO - [2024-12-20T09:24:44.648+0000] {dag.py:3823} INFO - Setting next_dagrun for example_params_ui_tutorial to None, run_after=None
[2024-12-20T09:24:44.679+0000] {processor.py:183} INFO - Processing /home/airflow/.local/lib/python3.11/site-packages/airflow/example_dags/example_params_ui_tutorial.py took 0.140 seconds
[2024-12-20T09:25:14.887+0000] {processor.py:161} INFO - Started process (PID=5053) to work on /home/airflow/.local/lib/python3.11/site-packages/airflow/example_dags/example_params_ui_tutorial.py
[2024-12-20T09:25:14.889+0000] {processor.py:830} INFO - Processing file /home/airflow/.local/lib/python3.11/site-packages/airflow/example_dags/example_params_ui_tutorial.py for tasks to queue
[2024-12-20T09:25:14.890+0000] {logging_mixin.py:188} INFO - [2024-12-20T09:25:14.890+0000] {dagbag.py:538} INFO - Filling up the DagBag from /home/airflow/.local/lib/python3.11/site-packages/airflow/example_dags/example_params_ui_tutorial.py
[2024-12-20T09:25:14.914+0000] {processor.py:840} INFO - DAG(s) 'example_params_ui_tutorial' retrieved from /home/airflow/.local/lib/python3.11/site-packages/airflow/example_dags/example_params_ui_tutorial.py
[2024-12-20T09:25:14.987+0000] {logging_mixin.py:188} INFO - [2024-12-20T09:25:14.987+0000] {dag.py:3036} INFO - Sync 1 DAGs
[2024-12-20T09:25:15.003+0000] {logging_mixin.py:188} INFO - [2024-12-20T09:25:15.003+0000] {dag.py:3823} INFO - Setting next_dagrun for example_params_ui_tutorial to None, run_after=None
[2024-12-20T09:25:15.028+0000] {processor.py:183} INFO - Processing /home/airflow/.local/lib/python3.11/site-packages/airflow/example_dags/example_params_ui_tutorial.py took 0.145 seconds
[2024-12-20T09:25:45.120+0000] {processor.py:161} INFO - Started process (PID=5132) to work on /home/airflow/.local/lib/python3.11/site-packages/airflow/example_dags/example_params_ui_tutorial.py
[2024-12-20T09:25:45.123+0000] {processor.py:830} INFO - Processing file /home/airflow/.local/lib/python3.11/site-packages/airflow/example_dags/example_params_ui_tutorial.py for tasks to queue
[2024-12-20T09:25:45.125+0000] {logging_mixin.py:188} INFO - [2024-12-20T09:25:45.125+0000] {dagbag.py:538} INFO - Filling up the DagBag from /home/airflow/.local/lib/python3.11/site-packages/airflow/example_dags/example_params_ui_tutorial.py
[2024-12-20T09:25:45.163+0000] {processor.py:840} INFO - DAG(s) 'example_params_ui_tutorial' retrieved from /home/airflow/.local/lib/python3.11/site-packages/airflow/example_dags/example_params_ui_tutorial.py
[2024-12-20T09:25:45.310+0000] {logging_mixin.py:188} INFO - [2024-12-20T09:25:45.309+0000] {dag.py:3036} INFO - Sync 1 DAGs
[2024-12-20T09:25:45.333+0000] {logging_mixin.py:188} INFO - [2024-12-20T09:25:45.333+0000] {dag.py:3823} INFO - Setting next_dagrun for example_params_ui_tutorial to None, run_after=None
[2024-12-20T09:25:45.367+0000] {processor.py:183} INFO - Processing /home/airflow/.local/lib/python3.11/site-packages/airflow/example_dags/example_params_ui_tutorial.py took 0.255 seconds
[2024-12-20T09:26:15.581+0000] {processor.py:161} INFO - Started process (PID=5198) to work on /home/airflow/.local/lib/python3.11/site-packages/airflow/example_dags/example_params_ui_tutorial.py
[2024-12-20T09:26:15.583+0000] {processor.py:830} INFO - Processing file /home/airflow/.local/lib/python3.11/site-packages/airflow/example_dags/example_params_ui_tutorial.py for tasks to queue
[2024-12-20T09:26:15.585+0000] {logging_mixin.py:188} INFO - [2024-12-20T09:26:15.585+0000] {dagbag.py:538} INFO - Filling up the DagBag from /home/airflow/.local/lib/python3.11/site-packages/airflow/example_dags/example_params_ui_tutorial.py
[2024-12-20T09:26:15.613+0000] {processor.py:840} INFO - DAG(s) 'example_params_ui_tutorial' retrieved from /home/airflow/.local/lib/python3.11/site-packages/airflow/example_dags/example_params_ui_tutorial.py
[2024-12-20T09:26:15.746+0000] {logging_mixin.py:188} INFO - [2024-12-20T09:26:15.746+0000] {dag.py:3036} INFO - Sync 1 DAGs
[2024-12-20T09:26:15.766+0000] {logging_mixin.py:188} INFO - [2024-12-20T09:26:15.766+0000] {dag.py:3823} INFO - Setting next_dagrun for example_params_ui_tutorial to None, run_after=None
[2024-12-20T09:26:15.803+0000] {processor.py:183} INFO - Processing /home/airflow/.local/lib/python3.11/site-packages/airflow/example_dags/example_params_ui_tutorial.py took 0.230 seconds
[2024-12-20T09:26:46.228+0000] {processor.py:161} INFO - Started process (PID=5276) to work on /home/airflow/.local/lib/python3.11/site-packages/airflow/example_dags/example_params_ui_tutorial.py
[2024-12-20T09:26:46.229+0000] {processor.py:830} INFO - Processing file /home/airflow/.local/lib/python3.11/site-packages/airflow/example_dags/example_params_ui_tutorial.py for tasks to queue
[2024-12-20T09:26:46.231+0000] {logging_mixin.py:188} INFO - [2024-12-20T09:26:46.230+0000] {dagbag.py:538} INFO - Filling up the DagBag from /home/airflow/.local/lib/python3.11/site-packages/airflow/example_dags/example_params_ui_tutorial.py
[2024-12-20T09:26:46.247+0000] {processor.py:840} INFO - DAG(s) 'example_params_ui_tutorial' retrieved from /home/airflow/.local/lib/python3.11/site-packages/airflow/example_dags/example_params_ui_tutorial.py
[2024-12-20T09:26:46.318+0000] {logging_mixin.py:188} INFO - [2024-12-20T09:26:46.318+0000] {dag.py:3036} INFO - Sync 1 DAGs
[2024-12-20T09:26:46.333+0000] {logging_mixin.py:188} INFO - [2024-12-20T09:26:46.333+0000] {dag.py:3823} INFO - Setting next_dagrun for example_params_ui_tutorial to None, run_after=None
[2024-12-20T09:26:46.365+0000] {processor.py:183} INFO - Processing /home/airflow/.local/lib/python3.11/site-packages/airflow/example_dags/example_params_ui_tutorial.py took 0.141 seconds
[2024-12-20T09:27:16.715+0000] {processor.py:161} INFO - Started process (PID=5348) to work on /home/airflow/.local/lib/python3.11/site-packages/airflow/example_dags/example_params_ui_tutorial.py
[2024-12-20T09:27:16.717+0000] {processor.py:830} INFO - Processing file /home/airflow/.local/lib/python3.11/site-packages/airflow/example_dags/example_params_ui_tutorial.py for tasks to queue
[2024-12-20T09:27:16.719+0000] {logging_mixin.py:188} INFO - [2024-12-20T09:27:16.718+0000] {dagbag.py:538} INFO - Filling up the DagBag from /home/airflow/.local/lib/python3.11/site-packages/airflow/example_dags/example_params_ui_tutorial.py
[2024-12-20T09:27:16.744+0000] {processor.py:840} INFO - DAG(s) 'example_params_ui_tutorial' retrieved from /home/airflow/.local/lib/python3.11/site-packages/airflow/example_dags/example_params_ui_tutorial.py
[2024-12-20T09:27:16.856+0000] {logging_mixin.py:188} INFO - [2024-12-20T09:27:16.855+0000] {dag.py:3036} INFO - Sync 1 DAGs
[2024-12-20T09:27:16.882+0000] {logging_mixin.py:188} INFO - [2024-12-20T09:27:16.881+0000] {dag.py:3823} INFO - Setting next_dagrun for example_params_ui_tutorial to None, run_after=None
[2024-12-20T09:27:16.925+0000] {processor.py:183} INFO - Processing /home/airflow/.local/lib/python3.11/site-packages/airflow/example_dags/example_params_ui_tutorial.py took 0.217 seconds
[2024-12-20T09:27:47.206+0000] {processor.py:161} INFO - Started process (PID=5420) to work on /home/airflow/.local/lib/python3.11/site-packages/airflow/example_dags/example_params_ui_tutorial.py
[2024-12-20T09:27:47.208+0000] {processor.py:830} INFO - Processing file /home/airflow/.local/lib/python3.11/site-packages/airflow/example_dags/example_params_ui_tutorial.py for tasks to queue
[2024-12-20T09:27:47.210+0000] {logging_mixin.py:188} INFO - [2024-12-20T09:27:47.210+0000] {dagbag.py:538} INFO - Filling up the DagBag from /home/airflow/.local/lib/python3.11/site-packages/airflow/example_dags/example_params_ui_tutorial.py
[2024-12-20T09:27:47.236+0000] {processor.py:840} INFO - DAG(s) 'example_params_ui_tutorial' retrieved from /home/airflow/.local/lib/python3.11/site-packages/airflow/example_dags/example_params_ui_tutorial.py
[2024-12-20T09:27:47.343+0000] {logging_mixin.py:188} INFO - [2024-12-20T09:27:47.342+0000] {dag.py:3036} INFO - Sync 1 DAGs
[2024-12-20T09:27:47.358+0000] {logging_mixin.py:188} INFO - [2024-12-20T09:27:47.358+0000] {dag.py:3823} INFO - Setting next_dagrun for example_params_ui_tutorial to None, run_after=None
[2024-12-20T09:27:47.396+0000] {processor.py:183} INFO - Processing /home/airflow/.local/lib/python3.11/site-packages/airflow/example_dags/example_params_ui_tutorial.py took 0.196 seconds
[2024-12-20T09:28:17.774+0000] {processor.py:161} INFO - Started process (PID=5492) to work on /home/airflow/.local/lib/python3.11/site-packages/airflow/example_dags/example_params_ui_tutorial.py
[2024-12-20T09:28:17.775+0000] {processor.py:830} INFO - Processing file /home/airflow/.local/lib/python3.11/site-packages/airflow/example_dags/example_params_ui_tutorial.py for tasks to queue
[2024-12-20T09:28:17.777+0000] {logging_mixin.py:188} INFO - [2024-12-20T09:28:17.777+0000] {dagbag.py:538} INFO - Filling up the DagBag from /home/airflow/.local/lib/python3.11/site-packages/airflow/example_dags/example_params_ui_tutorial.py
[2024-12-20T09:28:17.794+0000] {processor.py:840} INFO - DAG(s) 'example_params_ui_tutorial' retrieved from /home/airflow/.local/lib/python3.11/site-packages/airflow/example_dags/example_params_ui_tutorial.py
[2024-12-20T09:28:17.884+0000] {logging_mixin.py:188} INFO - [2024-12-20T09:28:17.883+0000] {dag.py:3036} INFO - Sync 1 DAGs
[2024-12-20T09:28:17.911+0000] {logging_mixin.py:188} INFO - [2024-12-20T09:28:17.911+0000] {dag.py:3823} INFO - Setting next_dagrun for example_params_ui_tutorial to None, run_after=None
[2024-12-20T09:28:17.962+0000] {processor.py:183} INFO - Processing /home/airflow/.local/lib/python3.11/site-packages/airflow/example_dags/example_params_ui_tutorial.py took 0.192 seconds
