[2024-12-20T00:00:18.457+0000] {processor.py:161} INFO - Started process (PID=2176) to work on /home/airflow/.local/lib/python3.11/site-packages/airflow/example_dags/example_python_operator.py
[2024-12-20T00:00:18.458+0000] {processor.py:830} INFO - Processing file /home/airflow/.local/lib/python3.11/site-packages/airflow/example_dags/example_python_operator.py for tasks to queue
[2024-12-20T00:00:18.460+0000] {logging_mixin.py:188} INFO - [2024-12-20T00:00:18.460+0000] {dagbag.py:538} INFO - Filling up the DagBag from /home/airflow/.local/lib/python3.11/site-packages/airflow/example_dags/example_python_operator.py
[2024-12-20T00:00:18.472+0000] {processor.py:840} INFO - DAG(s) 'example_python_operator' retrieved from /home/airflow/.local/lib/python3.11/site-packages/airflow/example_dags/example_python_operator.py
[2024-12-20T00:00:18.507+0000] {logging_mixin.py:188} INFO - [2024-12-20T00:00:18.507+0000] {dag.py:3036} INFO - Sync 1 DAGs
[2024-12-20T00:00:18.521+0000] {logging_mixin.py:188} INFO - [2024-12-20T00:00:18.521+0000] {dag.py:3823} INFO - Setting next_dagrun for example_python_operator to None, run_after=None
[2024-12-20T00:00:18.554+0000] {processor.py:183} INFO - Processing /home/airflow/.local/lib/python3.11/site-packages/airflow/example_dags/example_python_operator.py took 0.101 seconds
[2024-12-20T00:00:49.647+0000] {processor.py:161} INFO - Started process (PID=2248) to work on /home/airflow/.local/lib/python3.11/site-packages/airflow/example_dags/example_python_operator.py
[2024-12-20T00:00:49.648+0000] {processor.py:830} INFO - Processing file /home/airflow/.local/lib/python3.11/site-packages/airflow/example_dags/example_python_operator.py for tasks to queue
[2024-12-20T00:00:49.651+0000] {logging_mixin.py:188} INFO - [2024-12-20T00:00:49.650+0000] {dagbag.py:538} INFO - Filling up the DagBag from /home/airflow/.local/lib/python3.11/site-packages/airflow/example_dags/example_python_operator.py
[2024-12-20T00:00:49.662+0000] {processor.py:840} INFO - DAG(s) 'example_python_operator' retrieved from /home/airflow/.local/lib/python3.11/site-packages/airflow/example_dags/example_python_operator.py
[2024-12-20T00:00:49.689+0000] {logging_mixin.py:188} INFO - [2024-12-20T00:00:49.689+0000] {dag.py:3036} INFO - Sync 1 DAGs
[2024-12-20T00:00:49.702+0000] {logging_mixin.py:188} INFO - [2024-12-20T00:00:49.702+0000] {dag.py:3823} INFO - Setting next_dagrun for example_python_operator to None, run_after=None
[2024-12-20T00:00:49.727+0000] {processor.py:183} INFO - Processing /home/airflow/.local/lib/python3.11/site-packages/airflow/example_dags/example_python_operator.py took 0.084 seconds
[2024-12-20T00:01:20.001+0000] {processor.py:161} INFO - Started process (PID=2318) to work on /home/airflow/.local/lib/python3.11/site-packages/airflow/example_dags/example_python_operator.py
[2024-12-20T00:01:20.003+0000] {processor.py:830} INFO - Processing file /home/airflow/.local/lib/python3.11/site-packages/airflow/example_dags/example_python_operator.py for tasks to queue
[2024-12-20T00:01:20.006+0000] {logging_mixin.py:188} INFO - [2024-12-20T00:01:20.005+0000] {dagbag.py:538} INFO - Filling up the DagBag from /home/airflow/.local/lib/python3.11/site-packages/airflow/example_dags/example_python_operator.py
[2024-12-20T00:01:20.021+0000] {processor.py:840} INFO - DAG(s) 'example_python_operator' retrieved from /home/airflow/.local/lib/python3.11/site-packages/airflow/example_dags/example_python_operator.py
[2024-12-20T00:01:20.057+0000] {logging_mixin.py:188} INFO - [2024-12-20T00:01:20.056+0000] {dag.py:3036} INFO - Sync 1 DAGs
[2024-12-20T00:01:20.074+0000] {logging_mixin.py:188} INFO - [2024-12-20T00:01:20.073+0000] {dag.py:3823} INFO - Setting next_dagrun for example_python_operator to None, run_after=None
[2024-12-20T00:01:20.109+0000] {processor.py:183} INFO - Processing /home/airflow/.local/lib/python3.11/site-packages/airflow/example_dags/example_python_operator.py took 0.112 seconds
[2024-12-20T00:01:50.547+0000] {processor.py:161} INFO - Started process (PID=2390) to work on /home/airflow/.local/lib/python3.11/site-packages/airflow/example_dags/example_python_operator.py
[2024-12-20T00:01:50.548+0000] {processor.py:830} INFO - Processing file /home/airflow/.local/lib/python3.11/site-packages/airflow/example_dags/example_python_operator.py for tasks to queue
[2024-12-20T00:01:50.551+0000] {logging_mixin.py:188} INFO - [2024-12-20T00:01:50.550+0000] {dagbag.py:538} INFO - Filling up the DagBag from /home/airflow/.local/lib/python3.11/site-packages/airflow/example_dags/example_python_operator.py
[2024-12-20T00:01:50.563+0000] {processor.py:840} INFO - DAG(s) 'example_python_operator' retrieved from /home/airflow/.local/lib/python3.11/site-packages/airflow/example_dags/example_python_operator.py
[2024-12-20T00:01:50.589+0000] {logging_mixin.py:188} INFO - [2024-12-20T00:01:50.588+0000] {dag.py:3036} INFO - Sync 1 DAGs
[2024-12-20T00:01:50.602+0000] {logging_mixin.py:188} INFO - [2024-12-20T00:01:50.602+0000] {dag.py:3823} INFO - Setting next_dagrun for example_python_operator to None, run_after=None
[2024-12-20T00:01:50.627+0000] {processor.py:183} INFO - Processing /home/airflow/.local/lib/python3.11/site-packages/airflow/example_dags/example_python_operator.py took 0.084 seconds
[2024-12-20T00:02:21.299+0000] {processor.py:161} INFO - Started process (PID=2462) to work on /home/airflow/.local/lib/python3.11/site-packages/airflow/example_dags/example_python_operator.py
[2024-12-20T00:02:21.300+0000] {processor.py:830} INFO - Processing file /home/airflow/.local/lib/python3.11/site-packages/airflow/example_dags/example_python_operator.py for tasks to queue
[2024-12-20T00:02:21.303+0000] {logging_mixin.py:188} INFO - [2024-12-20T00:02:21.302+0000] {dagbag.py:538} INFO - Filling up the DagBag from /home/airflow/.local/lib/python3.11/site-packages/airflow/example_dags/example_python_operator.py
[2024-12-20T00:02:21.315+0000] {processor.py:840} INFO - DAG(s) 'example_python_operator' retrieved from /home/airflow/.local/lib/python3.11/site-packages/airflow/example_dags/example_python_operator.py
[2024-12-20T00:02:21.342+0000] {logging_mixin.py:188} INFO - [2024-12-20T00:02:21.342+0000] {dag.py:3036} INFO - Sync 1 DAGs
[2024-12-20T00:02:21.356+0000] {logging_mixin.py:188} INFO - [2024-12-20T00:02:21.356+0000] {dag.py:3823} INFO - Setting next_dagrun for example_python_operator to None, run_after=None
[2024-12-20T00:02:21.387+0000] {processor.py:183} INFO - Processing /home/airflow/.local/lib/python3.11/site-packages/airflow/example_dags/example_python_operator.py took 0.092 seconds
[2024-12-20T00:02:51.470+0000] {processor.py:161} INFO - Started process (PID=2542) to work on /home/airflow/.local/lib/python3.11/site-packages/airflow/example_dags/example_python_operator.py
[2024-12-20T00:02:51.471+0000] {processor.py:830} INFO - Processing file /home/airflow/.local/lib/python3.11/site-packages/airflow/example_dags/example_python_operator.py for tasks to queue
[2024-12-20T00:02:51.474+0000] {logging_mixin.py:188} INFO - [2024-12-20T00:02:51.473+0000] {dagbag.py:538} INFO - Filling up the DagBag from /home/airflow/.local/lib/python3.11/site-packages/airflow/example_dags/example_python_operator.py
[2024-12-20T00:02:51.487+0000] {processor.py:840} INFO - DAG(s) 'example_python_operator' retrieved from /home/airflow/.local/lib/python3.11/site-packages/airflow/example_dags/example_python_operator.py
[2024-12-20T00:02:51.515+0000] {logging_mixin.py:188} INFO - [2024-12-20T00:02:51.515+0000] {dag.py:3036} INFO - Sync 1 DAGs
[2024-12-20T00:02:51.530+0000] {logging_mixin.py:188} INFO - [2024-12-20T00:02:51.529+0000] {dag.py:3823} INFO - Setting next_dagrun for example_python_operator to None, run_after=None
[2024-12-20T00:02:51.560+0000] {processor.py:183} INFO - Processing /home/airflow/.local/lib/python3.11/site-packages/airflow/example_dags/example_python_operator.py took 0.094 seconds
[2024-12-20T00:03:22.005+0000] {processor.py:161} INFO - Started process (PID=2613) to work on /home/airflow/.local/lib/python3.11/site-packages/airflow/example_dags/example_python_operator.py
[2024-12-20T00:03:22.006+0000] {processor.py:830} INFO - Processing file /home/airflow/.local/lib/python3.11/site-packages/airflow/example_dags/example_python_operator.py for tasks to queue
[2024-12-20T00:03:22.008+0000] {logging_mixin.py:188} INFO - [2024-12-20T00:03:22.008+0000] {dagbag.py:538} INFO - Filling up the DagBag from /home/airflow/.local/lib/python3.11/site-packages/airflow/example_dags/example_python_operator.py
[2024-12-20T00:03:22.023+0000] {processor.py:840} INFO - DAG(s) 'example_python_operator' retrieved from /home/airflow/.local/lib/python3.11/site-packages/airflow/example_dags/example_python_operator.py
[2024-12-20T00:03:22.049+0000] {logging_mixin.py:188} INFO - [2024-12-20T00:03:22.048+0000] {dag.py:3036} INFO - Sync 1 DAGs
[2024-12-20T00:03:22.065+0000] {logging_mixin.py:188} INFO - [2024-12-20T00:03:22.065+0000] {dag.py:3823} INFO - Setting next_dagrun for example_python_operator to None, run_after=None
[2024-12-20T00:03:22.091+0000] {processor.py:183} INFO - Processing /home/airflow/.local/lib/python3.11/site-packages/airflow/example_dags/example_python_operator.py took 0.090 seconds
[2024-12-20T00:03:52.639+0000] {processor.py:161} INFO - Started process (PID=2685) to work on /home/airflow/.local/lib/python3.11/site-packages/airflow/example_dags/example_python_operator.py
[2024-12-20T00:03:52.641+0000] {processor.py:830} INFO - Processing file /home/airflow/.local/lib/python3.11/site-packages/airflow/example_dags/example_python_operator.py for tasks to queue
[2024-12-20T00:03:52.643+0000] {logging_mixin.py:188} INFO - [2024-12-20T00:03:52.643+0000] {dagbag.py:538} INFO - Filling up the DagBag from /home/airflow/.local/lib/python3.11/site-packages/airflow/example_dags/example_python_operator.py
[2024-12-20T00:03:52.657+0000] {processor.py:840} INFO - DAG(s) 'example_python_operator' retrieved from /home/airflow/.local/lib/python3.11/site-packages/airflow/example_dags/example_python_operator.py
[2024-12-20T00:03:52.682+0000] {logging_mixin.py:188} INFO - [2024-12-20T00:03:52.682+0000] {dag.py:3036} INFO - Sync 1 DAGs
[2024-12-20T00:03:52.696+0000] {logging_mixin.py:188} INFO - [2024-12-20T00:03:52.696+0000] {dag.py:3823} INFO - Setting next_dagrun for example_python_operator to None, run_after=None
[2024-12-20T00:03:52.722+0000] {processor.py:183} INFO - Processing /home/airflow/.local/lib/python3.11/site-packages/airflow/example_dags/example_python_operator.py took 0.086 seconds
[2024-12-20T00:04:23.390+0000] {processor.py:161} INFO - Started process (PID=2764) to work on /home/airflow/.local/lib/python3.11/site-packages/airflow/example_dags/example_python_operator.py
[2024-12-20T00:04:23.391+0000] {processor.py:830} INFO - Processing file /home/airflow/.local/lib/python3.11/site-packages/airflow/example_dags/example_python_operator.py for tasks to queue
[2024-12-20T00:04:23.393+0000] {logging_mixin.py:188} INFO - [2024-12-20T00:04:23.393+0000] {dagbag.py:538} INFO - Filling up the DagBag from /home/airflow/.local/lib/python3.11/site-packages/airflow/example_dags/example_python_operator.py
[2024-12-20T00:04:23.407+0000] {processor.py:840} INFO - DAG(s) 'example_python_operator' retrieved from /home/airflow/.local/lib/python3.11/site-packages/airflow/example_dags/example_python_operator.py
[2024-12-20T00:04:23.434+0000] {logging_mixin.py:188} INFO - [2024-12-20T00:04:23.434+0000] {dag.py:3036} INFO - Sync 1 DAGs
[2024-12-20T00:04:23.449+0000] {logging_mixin.py:188} INFO - [2024-12-20T00:04:23.449+0000] {dag.py:3823} INFO - Setting next_dagrun for example_python_operator to None, run_after=None
[2024-12-20T00:04:23.478+0000] {processor.py:183} INFO - Processing /home/airflow/.local/lib/python3.11/site-packages/airflow/example_dags/example_python_operator.py took 0.093 seconds
[2024-12-20T00:04:54.065+0000] {processor.py:161} INFO - Started process (PID=2836) to work on /home/airflow/.local/lib/python3.11/site-packages/airflow/example_dags/example_python_operator.py
[2024-12-20T00:04:54.066+0000] {processor.py:830} INFO - Processing file /home/airflow/.local/lib/python3.11/site-packages/airflow/example_dags/example_python_operator.py for tasks to queue
[2024-12-20T00:04:54.068+0000] {logging_mixin.py:188} INFO - [2024-12-20T00:04:54.068+0000] {dagbag.py:538} INFO - Filling up the DagBag from /home/airflow/.local/lib/python3.11/site-packages/airflow/example_dags/example_python_operator.py
[2024-12-20T00:04:54.082+0000] {processor.py:840} INFO - DAG(s) 'example_python_operator' retrieved from /home/airflow/.local/lib/python3.11/site-packages/airflow/example_dags/example_python_operator.py
[2024-12-20T00:04:54.107+0000] {logging_mixin.py:188} INFO - [2024-12-20T00:04:54.107+0000] {dag.py:3036} INFO - Sync 1 DAGs
[2024-12-20T00:04:54.124+0000] {logging_mixin.py:188} INFO - [2024-12-20T00:04:54.123+0000] {dag.py:3823} INFO - Setting next_dagrun for example_python_operator to None, run_after=None
[2024-12-20T00:04:54.147+0000] {processor.py:183} INFO - Processing /home/airflow/.local/lib/python3.11/site-packages/airflow/example_dags/example_python_operator.py took 0.087 seconds
[2024-12-20T00:05:24.841+0000] {processor.py:161} INFO - Started process (PID=2908) to work on /home/airflow/.local/lib/python3.11/site-packages/airflow/example_dags/example_python_operator.py
[2024-12-20T00:05:24.843+0000] {processor.py:830} INFO - Processing file /home/airflow/.local/lib/python3.11/site-packages/airflow/example_dags/example_python_operator.py for tasks to queue
[2024-12-20T00:05:24.847+0000] {logging_mixin.py:188} INFO - [2024-12-20T00:05:24.846+0000] {dagbag.py:538} INFO - Filling up the DagBag from /home/airflow/.local/lib/python3.11/site-packages/airflow/example_dags/example_python_operator.py
[2024-12-20T00:05:24.864+0000] {processor.py:840} INFO - DAG(s) 'example_python_operator' retrieved from /home/airflow/.local/lib/python3.11/site-packages/airflow/example_dags/example_python_operator.py
[2024-12-20T00:05:24.891+0000] {logging_mixin.py:188} INFO - [2024-12-20T00:05:24.891+0000] {dag.py:3036} INFO - Sync 1 DAGs
[2024-12-20T00:05:24.906+0000] {logging_mixin.py:188} INFO - [2024-12-20T00:05:24.906+0000] {dag.py:3823} INFO - Setting next_dagrun for example_python_operator to None, run_after=None
[2024-12-20T00:05:24.936+0000] {processor.py:183} INFO - Processing /home/airflow/.local/lib/python3.11/site-packages/airflow/example_dags/example_python_operator.py took 0.104 seconds
[2024-12-20T00:05:55.822+0000] {processor.py:161} INFO - Started process (PID=2987) to work on /home/airflow/.local/lib/python3.11/site-packages/airflow/example_dags/example_python_operator.py
[2024-12-20T00:05:55.823+0000] {processor.py:830} INFO - Processing file /home/airflow/.local/lib/python3.11/site-packages/airflow/example_dags/example_python_operator.py for tasks to queue
[2024-12-20T00:05:55.826+0000] {logging_mixin.py:188} INFO - [2024-12-20T00:05:55.825+0000] {dagbag.py:538} INFO - Filling up the DagBag from /home/airflow/.local/lib/python3.11/site-packages/airflow/example_dags/example_python_operator.py
[2024-12-20T00:05:55.837+0000] {processor.py:840} INFO - DAG(s) 'example_python_operator' retrieved from /home/airflow/.local/lib/python3.11/site-packages/airflow/example_dags/example_python_operator.py
[2024-12-20T00:05:55.860+0000] {logging_mixin.py:188} INFO - [2024-12-20T00:05:55.860+0000] {dag.py:3036} INFO - Sync 1 DAGs
[2024-12-20T00:05:55.874+0000] {logging_mixin.py:188} INFO - [2024-12-20T00:05:55.874+0000] {dag.py:3823} INFO - Setting next_dagrun for example_python_operator to None, run_after=None
[2024-12-20T00:05:55.901+0000] {processor.py:183} INFO - Processing /home/airflow/.local/lib/python3.11/site-packages/airflow/example_dags/example_python_operator.py took 0.082 seconds
[2024-12-20T00:06:26.454+0000] {processor.py:161} INFO - Started process (PID=3050) to work on /home/airflow/.local/lib/python3.11/site-packages/airflow/example_dags/example_python_operator.py
[2024-12-20T00:06:26.456+0000] {processor.py:830} INFO - Processing file /home/airflow/.local/lib/python3.11/site-packages/airflow/example_dags/example_python_operator.py for tasks to queue
[2024-12-20T00:06:26.459+0000] {logging_mixin.py:188} INFO - [2024-12-20T00:06:26.459+0000] {dagbag.py:538} INFO - Filling up the DagBag from /home/airflow/.local/lib/python3.11/site-packages/airflow/example_dags/example_python_operator.py
[2024-12-20T00:06:26.476+0000] {processor.py:840} INFO - DAG(s) 'example_python_operator' retrieved from /home/airflow/.local/lib/python3.11/site-packages/airflow/example_dags/example_python_operator.py
[2024-12-20T00:06:26.524+0000] {logging_mixin.py:188} INFO - [2024-12-20T00:06:26.524+0000] {dag.py:3036} INFO - Sync 1 DAGs
[2024-12-20T00:06:26.546+0000] {logging_mixin.py:188} INFO - [2024-12-20T00:06:26.546+0000] {dag.py:3823} INFO - Setting next_dagrun for example_python_operator to None, run_after=None
[2024-12-20T00:06:26.580+0000] {processor.py:183} INFO - Processing /home/airflow/.local/lib/python3.11/site-packages/airflow/example_dags/example_python_operator.py took 0.131 seconds
[2024-12-20T00:06:56.873+0000] {processor.py:161} INFO - Started process (PID=3122) to work on /home/airflow/.local/lib/python3.11/site-packages/airflow/example_dags/example_python_operator.py
[2024-12-20T00:06:56.874+0000] {processor.py:830} INFO - Processing file /home/airflow/.local/lib/python3.11/site-packages/airflow/example_dags/example_python_operator.py for tasks to queue
[2024-12-20T00:06:56.876+0000] {logging_mixin.py:188} INFO - [2024-12-20T00:06:56.876+0000] {dagbag.py:538} INFO - Filling up the DagBag from /home/airflow/.local/lib/python3.11/site-packages/airflow/example_dags/example_python_operator.py
[2024-12-20T00:06:56.889+0000] {processor.py:840} INFO - DAG(s) 'example_python_operator' retrieved from /home/airflow/.local/lib/python3.11/site-packages/airflow/example_dags/example_python_operator.py
[2024-12-20T00:06:56.916+0000] {logging_mixin.py:188} INFO - [2024-12-20T00:06:56.915+0000] {dag.py:3036} INFO - Sync 1 DAGs
[2024-12-20T00:06:56.932+0000] {logging_mixin.py:188} INFO - [2024-12-20T00:06:56.931+0000] {dag.py:3823} INFO - Setting next_dagrun for example_python_operator to None, run_after=None
[2024-12-20T00:06:56.953+0000] {processor.py:183} INFO - Processing /home/airflow/.local/lib/python3.11/site-packages/airflow/example_dags/example_python_operator.py took 0.085 seconds
[2024-12-20T00:07:27.682+0000] {processor.py:161} INFO - Started process (PID=3201) to work on /home/airflow/.local/lib/python3.11/site-packages/airflow/example_dags/example_python_operator.py
[2024-12-20T00:07:27.683+0000] {processor.py:830} INFO - Processing file /home/airflow/.local/lib/python3.11/site-packages/airflow/example_dags/example_python_operator.py for tasks to queue
[2024-12-20T00:07:27.686+0000] {logging_mixin.py:188} INFO - [2024-12-20T00:07:27.685+0000] {dagbag.py:538} INFO - Filling up the DagBag from /home/airflow/.local/lib/python3.11/site-packages/airflow/example_dags/example_python_operator.py
[2024-12-20T00:07:27.696+0000] {processor.py:840} INFO - DAG(s) 'example_python_operator' retrieved from /home/airflow/.local/lib/python3.11/site-packages/airflow/example_dags/example_python_operator.py
[2024-12-20T00:07:27.720+0000] {logging_mixin.py:188} INFO - [2024-12-20T00:07:27.720+0000] {dag.py:3036} INFO - Sync 1 DAGs
[2024-12-20T00:07:27.742+0000] {logging_mixin.py:188} INFO - [2024-12-20T00:07:27.742+0000] {dag.py:3823} INFO - Setting next_dagrun for example_python_operator to None, run_after=None
[2024-12-20T00:07:27.767+0000] {processor.py:183} INFO - Processing /home/airflow/.local/lib/python3.11/site-packages/airflow/example_dags/example_python_operator.py took 0.089 seconds
[2024-12-20T00:07:58.364+0000] {processor.py:161} INFO - Started process (PID=3273) to work on /home/airflow/.local/lib/python3.11/site-packages/airflow/example_dags/example_python_operator.py
[2024-12-20T00:07:58.365+0000] {processor.py:830} INFO - Processing file /home/airflow/.local/lib/python3.11/site-packages/airflow/example_dags/example_python_operator.py for tasks to queue
[2024-12-20T00:07:58.368+0000] {logging_mixin.py:188} INFO - [2024-12-20T00:07:58.367+0000] {dagbag.py:538} INFO - Filling up the DagBag from /home/airflow/.local/lib/python3.11/site-packages/airflow/example_dags/example_python_operator.py
[2024-12-20T00:07:58.379+0000] {processor.py:840} INFO - DAG(s) 'example_python_operator' retrieved from /home/airflow/.local/lib/python3.11/site-packages/airflow/example_dags/example_python_operator.py
[2024-12-20T00:07:58.404+0000] {logging_mixin.py:188} INFO - [2024-12-20T00:07:58.404+0000] {dag.py:3036} INFO - Sync 1 DAGs
[2024-12-20T00:07:58.421+0000] {logging_mixin.py:188} INFO - [2024-12-20T00:07:58.420+0000] {dag.py:3823} INFO - Setting next_dagrun for example_python_operator to None, run_after=None
[2024-12-20T00:07:58.443+0000] {processor.py:183} INFO - Processing /home/airflow/.local/lib/python3.11/site-packages/airflow/example_dags/example_python_operator.py took 0.082 seconds
[2024-12-20T00:08:29.269+0000] {processor.py:161} INFO - Started process (PID=3345) to work on /home/airflow/.local/lib/python3.11/site-packages/airflow/example_dags/example_python_operator.py
[2024-12-20T00:08:29.271+0000] {processor.py:830} INFO - Processing file /home/airflow/.local/lib/python3.11/site-packages/airflow/example_dags/example_python_operator.py for tasks to queue
[2024-12-20T00:08:29.274+0000] {logging_mixin.py:188} INFO - [2024-12-20T00:08:29.273+0000] {dagbag.py:538} INFO - Filling up the DagBag from /home/airflow/.local/lib/python3.11/site-packages/airflow/example_dags/example_python_operator.py
[2024-12-20T00:08:29.289+0000] {processor.py:840} INFO - DAG(s) 'example_python_operator' retrieved from /home/airflow/.local/lib/python3.11/site-packages/airflow/example_dags/example_python_operator.py
[2024-12-20T00:08:29.318+0000] {logging_mixin.py:188} INFO - [2024-12-20T00:08:29.318+0000] {dag.py:3036} INFO - Sync 1 DAGs
[2024-12-20T00:08:29.333+0000] {logging_mixin.py:188} INFO - [2024-12-20T00:08:29.332+0000] {dag.py:3823} INFO - Setting next_dagrun for example_python_operator to None, run_after=None
[2024-12-20T00:08:29.358+0000] {processor.py:183} INFO - Processing /home/airflow/.local/lib/python3.11/site-packages/airflow/example_dags/example_python_operator.py took 0.094 seconds
[2024-12-20T00:08:59.715+0000] {processor.py:161} INFO - Started process (PID=3425) to work on /home/airflow/.local/lib/python3.11/site-packages/airflow/example_dags/example_python_operator.py
[2024-12-20T00:08:59.716+0000] {processor.py:830} INFO - Processing file /home/airflow/.local/lib/python3.11/site-packages/airflow/example_dags/example_python_operator.py for tasks to queue
[2024-12-20T00:08:59.718+0000] {logging_mixin.py:188} INFO - [2024-12-20T00:08:59.718+0000] {dagbag.py:538} INFO - Filling up the DagBag from /home/airflow/.local/lib/python3.11/site-packages/airflow/example_dags/example_python_operator.py
[2024-12-20T00:08:59.730+0000] {processor.py:840} INFO - DAG(s) 'example_python_operator' retrieved from /home/airflow/.local/lib/python3.11/site-packages/airflow/example_dags/example_python_operator.py
[2024-12-20T00:08:59.758+0000] {logging_mixin.py:188} INFO - [2024-12-20T00:08:59.758+0000] {dag.py:3036} INFO - Sync 1 DAGs
[2024-12-20T00:08:59.774+0000] {logging_mixin.py:188} INFO - [2024-12-20T00:08:59.774+0000] {dag.py:3823} INFO - Setting next_dagrun for example_python_operator to None, run_after=None
[2024-12-20T00:08:59.799+0000] {processor.py:183} INFO - Processing /home/airflow/.local/lib/python3.11/site-packages/airflow/example_dags/example_python_operator.py took 0.088 seconds
[2024-12-20T00:09:30.369+0000] {processor.py:161} INFO - Started process (PID=3497) to work on /home/airflow/.local/lib/python3.11/site-packages/airflow/example_dags/example_python_operator.py
[2024-12-20T00:09:30.371+0000] {processor.py:830} INFO - Processing file /home/airflow/.local/lib/python3.11/site-packages/airflow/example_dags/example_python_operator.py for tasks to queue
[2024-12-20T00:09:30.373+0000] {logging_mixin.py:188} INFO - [2024-12-20T00:09:30.373+0000] {dagbag.py:538} INFO - Filling up the DagBag from /home/airflow/.local/lib/python3.11/site-packages/airflow/example_dags/example_python_operator.py
[2024-12-20T00:09:30.388+0000] {processor.py:840} INFO - DAG(s) 'example_python_operator' retrieved from /home/airflow/.local/lib/python3.11/site-packages/airflow/example_dags/example_python_operator.py
[2024-12-20T00:09:30.422+0000] {logging_mixin.py:188} INFO - [2024-12-20T00:09:30.421+0000] {dag.py:3036} INFO - Sync 1 DAGs
[2024-12-20T00:09:30.437+0000] {logging_mixin.py:188} INFO - [2024-12-20T00:09:30.436+0000] {dag.py:3823} INFO - Setting next_dagrun for example_python_operator to None, run_after=None
[2024-12-20T00:09:30.466+0000] {processor.py:183} INFO - Processing /home/airflow/.local/lib/python3.11/site-packages/airflow/example_dags/example_python_operator.py took 0.102 seconds
[2024-12-20T00:10:01.091+0000] {processor.py:161} INFO - Started process (PID=3569) to work on /home/airflow/.local/lib/python3.11/site-packages/airflow/example_dags/example_python_operator.py
[2024-12-20T00:10:01.093+0000] {processor.py:830} INFO - Processing file /home/airflow/.local/lib/python3.11/site-packages/airflow/example_dags/example_python_operator.py for tasks to queue
[2024-12-20T00:10:01.095+0000] {logging_mixin.py:188} INFO - [2024-12-20T00:10:01.095+0000] {dagbag.py:538} INFO - Filling up the DagBag from /home/airflow/.local/lib/python3.11/site-packages/airflow/example_dags/example_python_operator.py
[2024-12-20T00:10:01.107+0000] {processor.py:840} INFO - DAG(s) 'example_python_operator' retrieved from /home/airflow/.local/lib/python3.11/site-packages/airflow/example_dags/example_python_operator.py
[2024-12-20T00:10:01.133+0000] {logging_mixin.py:188} INFO - [2024-12-20T00:10:01.133+0000] {dag.py:3036} INFO - Sync 1 DAGs
[2024-12-20T00:10:01.148+0000] {logging_mixin.py:188} INFO - [2024-12-20T00:10:01.148+0000] {dag.py:3823} INFO - Setting next_dagrun for example_python_operator to None, run_after=None
[2024-12-20T00:10:01.171+0000] {processor.py:183} INFO - Processing /home/airflow/.local/lib/python3.11/site-packages/airflow/example_dags/example_python_operator.py took 0.084 seconds
[2024-12-20T00:10:31.778+0000] {processor.py:161} INFO - Started process (PID=3648) to work on /home/airflow/.local/lib/python3.11/site-packages/airflow/example_dags/example_python_operator.py
[2024-12-20T00:10:31.780+0000] {processor.py:830} INFO - Processing file /home/airflow/.local/lib/python3.11/site-packages/airflow/example_dags/example_python_operator.py for tasks to queue
[2024-12-20T00:10:31.783+0000] {logging_mixin.py:188} INFO - [2024-12-20T00:10:31.783+0000] {dagbag.py:538} INFO - Filling up the DagBag from /home/airflow/.local/lib/python3.11/site-packages/airflow/example_dags/example_python_operator.py
[2024-12-20T00:10:31.800+0000] {processor.py:840} INFO - DAG(s) 'example_python_operator' retrieved from /home/airflow/.local/lib/python3.11/site-packages/airflow/example_dags/example_python_operator.py
[2024-12-20T00:10:31.830+0000] {logging_mixin.py:188} INFO - [2024-12-20T00:10:31.830+0000] {dag.py:3036} INFO - Sync 1 DAGs
[2024-12-20T00:10:31.846+0000] {logging_mixin.py:188} INFO - [2024-12-20T00:10:31.846+0000] {dag.py:3823} INFO - Setting next_dagrun for example_python_operator to None, run_after=None
[2024-12-20T00:10:31.866+0000] {processor.py:183} INFO - Processing /home/airflow/.local/lib/python3.11/site-packages/airflow/example_dags/example_python_operator.py took 0.094 seconds
[2024-12-20T00:11:02.952+0000] {processor.py:161} INFO - Started process (PID=3720) to work on /home/airflow/.local/lib/python3.11/site-packages/airflow/example_dags/example_python_operator.py
[2024-12-20T00:11:02.953+0000] {processor.py:830} INFO - Processing file /home/airflow/.local/lib/python3.11/site-packages/airflow/example_dags/example_python_operator.py for tasks to queue
[2024-12-20T00:11:02.955+0000] {logging_mixin.py:188} INFO - [2024-12-20T00:11:02.955+0000] {dagbag.py:538} INFO - Filling up the DagBag from /home/airflow/.local/lib/python3.11/site-packages/airflow/example_dags/example_python_operator.py
[2024-12-20T00:11:02.966+0000] {processor.py:840} INFO - DAG(s) 'example_python_operator' retrieved from /home/airflow/.local/lib/python3.11/site-packages/airflow/example_dags/example_python_operator.py
[2024-12-20T00:11:02.989+0000] {logging_mixin.py:188} INFO - [2024-12-20T00:11:02.989+0000] {dag.py:3036} INFO - Sync 1 DAGs
[2024-12-20T00:11:03.002+0000] {logging_mixin.py:188} INFO - [2024-12-20T00:11:03.002+0000] {dag.py:3823} INFO - Setting next_dagrun for example_python_operator to None, run_after=None
[2024-12-20T00:11:03.031+0000] {processor.py:183} INFO - Processing /home/airflow/.local/lib/python3.11/site-packages/airflow/example_dags/example_python_operator.py took 0.083 seconds
[2024-12-20T00:11:33.195+0000] {processor.py:161} INFO - Started process (PID=3783) to work on /home/airflow/.local/lib/python3.11/site-packages/airflow/example_dags/example_python_operator.py
[2024-12-20T00:11:33.196+0000] {processor.py:830} INFO - Processing file /home/airflow/.local/lib/python3.11/site-packages/airflow/example_dags/example_python_operator.py for tasks to queue
[2024-12-20T00:11:33.198+0000] {logging_mixin.py:188} INFO - [2024-12-20T00:11:33.198+0000] {dagbag.py:538} INFO - Filling up the DagBag from /home/airflow/.local/lib/python3.11/site-packages/airflow/example_dags/example_python_operator.py
[2024-12-20T00:11:33.211+0000] {processor.py:840} INFO - DAG(s) 'example_python_operator' retrieved from /home/airflow/.local/lib/python3.11/site-packages/airflow/example_dags/example_python_operator.py
[2024-12-20T00:11:33.239+0000] {logging_mixin.py:188} INFO - [2024-12-20T00:11:33.239+0000] {dag.py:3036} INFO - Sync 1 DAGs
[2024-12-20T00:11:33.254+0000] {logging_mixin.py:188} INFO - [2024-12-20T00:11:33.253+0000] {dag.py:3823} INFO - Setting next_dagrun for example_python_operator to None, run_after=None
[2024-12-20T00:11:33.284+0000] {processor.py:183} INFO - Processing /home/airflow/.local/lib/python3.11/site-packages/airflow/example_dags/example_python_operator.py took 0.093 seconds
[2024-12-20T00:12:03.454+0000] {processor.py:161} INFO - Started process (PID=3863) to work on /home/airflow/.local/lib/python3.11/site-packages/airflow/example_dags/example_python_operator.py
[2024-12-20T00:12:03.455+0000] {processor.py:830} INFO - Processing file /home/airflow/.local/lib/python3.11/site-packages/airflow/example_dags/example_python_operator.py for tasks to queue
[2024-12-20T00:12:03.458+0000] {logging_mixin.py:188} INFO - [2024-12-20T00:12:03.457+0000] {dagbag.py:538} INFO - Filling up the DagBag from /home/airflow/.local/lib/python3.11/site-packages/airflow/example_dags/example_python_operator.py
[2024-12-20T00:12:03.472+0000] {processor.py:840} INFO - DAG(s) 'example_python_operator' retrieved from /home/airflow/.local/lib/python3.11/site-packages/airflow/example_dags/example_python_operator.py
[2024-12-20T00:12:03.498+0000] {logging_mixin.py:188} INFO - [2024-12-20T00:12:03.497+0000] {dag.py:3036} INFO - Sync 1 DAGs
[2024-12-20T00:12:03.512+0000] {logging_mixin.py:188} INFO - [2024-12-20T00:12:03.512+0000] {dag.py:3823} INFO - Setting next_dagrun for example_python_operator to None, run_after=None
[2024-12-20T00:12:03.536+0000] {processor.py:183} INFO - Processing /home/airflow/.local/lib/python3.11/site-packages/airflow/example_dags/example_python_operator.py took 0.086 seconds
[2024-12-20T00:12:33.863+0000] {processor.py:161} INFO - Started process (PID=3934) to work on /home/airflow/.local/lib/python3.11/site-packages/airflow/example_dags/example_python_operator.py
[2024-12-20T00:12:33.864+0000] {processor.py:830} INFO - Processing file /home/airflow/.local/lib/python3.11/site-packages/airflow/example_dags/example_python_operator.py for tasks to queue
[2024-12-20T00:12:33.867+0000] {logging_mixin.py:188} INFO - [2024-12-20T00:12:33.866+0000] {dagbag.py:538} INFO - Filling up the DagBag from /home/airflow/.local/lib/python3.11/site-packages/airflow/example_dags/example_python_operator.py
[2024-12-20T00:12:33.881+0000] {processor.py:840} INFO - DAG(s) 'example_python_operator' retrieved from /home/airflow/.local/lib/python3.11/site-packages/airflow/example_dags/example_python_operator.py
[2024-12-20T00:12:33.909+0000] {logging_mixin.py:188} INFO - [2024-12-20T00:12:33.908+0000] {dag.py:3036} INFO - Sync 1 DAGs
[2024-12-20T00:12:33.924+0000] {logging_mixin.py:188} INFO - [2024-12-20T00:12:33.923+0000] {dag.py:3823} INFO - Setting next_dagrun for example_python_operator to None, run_after=None
[2024-12-20T00:12:33.950+0000] {processor.py:183} INFO - Processing /home/airflow/.local/lib/python3.11/site-packages/airflow/example_dags/example_python_operator.py took 0.092 seconds
[2024-12-20T09:17:30.151+0000] {processor.py:161} INFO - Started process (PID=4011) to work on /home/airflow/.local/lib/python3.11/site-packages/airflow/example_dags/example_python_operator.py
[2024-12-20T09:17:30.169+0000] {processor.py:830} INFO - Processing file /home/airflow/.local/lib/python3.11/site-packages/airflow/example_dags/example_python_operator.py for tasks to queue
[2024-12-20T09:17:30.186+0000] {logging_mixin.py:188} INFO - [2024-12-20T09:17:30.184+0000] {dagbag.py:538} INFO - Filling up the DagBag from /home/airflow/.local/lib/python3.11/site-packages/airflow/example_dags/example_python_operator.py
[2024-12-20T09:17:30.442+0000] {processor.py:840} INFO - DAG(s) 'example_python_operator' retrieved from /home/airflow/.local/lib/python3.11/site-packages/airflow/example_dags/example_python_operator.py
[2024-12-20T09:17:30.973+0000] {logging_mixin.py:188} INFO - [2024-12-20T09:17:30.972+0000] {dag.py:3036} INFO - Sync 1 DAGs
[2024-12-20T09:17:31.078+0000] {logging_mixin.py:188} INFO - [2024-12-20T09:17:31.077+0000] {dag.py:3823} INFO - Setting next_dagrun for example_python_operator to None, run_after=None
[2024-12-20T09:17:31.142+0000] {processor.py:183} INFO - Processing /home/airflow/.local/lib/python3.11/site-packages/airflow/example_dags/example_python_operator.py took 1.053 seconds
[2024-12-20T09:18:01.232+0000] {processor.py:161} INFO - Started process (PID=4076) to work on /home/airflow/.local/lib/python3.11/site-packages/airflow/example_dags/example_python_operator.py
[2024-12-20T09:18:01.234+0000] {processor.py:830} INFO - Processing file /home/airflow/.local/lib/python3.11/site-packages/airflow/example_dags/example_python_operator.py for tasks to queue
[2024-12-20T09:18:01.236+0000] {logging_mixin.py:188} INFO - [2024-12-20T09:18:01.235+0000] {dagbag.py:538} INFO - Filling up the DagBag from /home/airflow/.local/lib/python3.11/site-packages/airflow/example_dags/example_python_operator.py
[2024-12-20T09:18:01.248+0000] {processor.py:840} INFO - DAG(s) 'example_python_operator' retrieved from /home/airflow/.local/lib/python3.11/site-packages/airflow/example_dags/example_python_operator.py
[2024-12-20T09:18:01.278+0000] {logging_mixin.py:188} INFO - [2024-12-20T09:18:01.278+0000] {dag.py:3036} INFO - Sync 1 DAGs
[2024-12-20T09:18:01.293+0000] {logging_mixin.py:188} INFO - [2024-12-20T09:18:01.292+0000] {dag.py:3823} INFO - Setting next_dagrun for example_python_operator to None, run_after=None
[2024-12-20T09:18:01.317+0000] {processor.py:183} INFO - Processing /home/airflow/.local/lib/python3.11/site-packages/airflow/example_dags/example_python_operator.py took 0.088 seconds
[2024-12-20T09:18:31.539+0000] {processor.py:161} INFO - Started process (PID=4153) to work on /home/airflow/.local/lib/python3.11/site-packages/airflow/example_dags/example_python_operator.py
[2024-12-20T09:18:31.540+0000] {processor.py:830} INFO - Processing file /home/airflow/.local/lib/python3.11/site-packages/airflow/example_dags/example_python_operator.py for tasks to queue
[2024-12-20T09:18:31.541+0000] {logging_mixin.py:188} INFO - [2024-12-20T09:18:31.541+0000] {dagbag.py:538} INFO - Filling up the DagBag from /home/airflow/.local/lib/python3.11/site-packages/airflow/example_dags/example_python_operator.py
[2024-12-20T09:18:31.555+0000] {processor.py:840} INFO - DAG(s) 'example_python_operator' retrieved from /home/airflow/.local/lib/python3.11/site-packages/airflow/example_dags/example_python_operator.py
[2024-12-20T09:18:31.581+0000] {logging_mixin.py:188} INFO - [2024-12-20T09:18:31.581+0000] {dag.py:3036} INFO - Sync 1 DAGs
[2024-12-20T09:18:31.596+0000] {logging_mixin.py:188} INFO - [2024-12-20T09:18:31.596+0000] {dag.py:3823} INFO - Setting next_dagrun for example_python_operator to None, run_after=None
[2024-12-20T09:18:31.627+0000] {processor.py:183} INFO - Processing /home/airflow/.local/lib/python3.11/site-packages/airflow/example_dags/example_python_operator.py took 0.092 seconds
[2024-12-20T09:19:02.161+0000] {processor.py:161} INFO - Started process (PID=4225) to work on /home/airflow/.local/lib/python3.11/site-packages/airflow/example_dags/example_python_operator.py
[2024-12-20T09:19:02.163+0000] {processor.py:830} INFO - Processing file /home/airflow/.local/lib/python3.11/site-packages/airflow/example_dags/example_python_operator.py for tasks to queue
[2024-12-20T09:19:02.166+0000] {logging_mixin.py:188} INFO - [2024-12-20T09:19:02.165+0000] {dagbag.py:538} INFO - Filling up the DagBag from /home/airflow/.local/lib/python3.11/site-packages/airflow/example_dags/example_python_operator.py
[2024-12-20T09:19:02.188+0000] {processor.py:840} INFO - DAG(s) 'example_python_operator' retrieved from /home/airflow/.local/lib/python3.11/site-packages/airflow/example_dags/example_python_operator.py
[2024-12-20T09:19:02.237+0000] {logging_mixin.py:188} INFO - [2024-12-20T09:19:02.237+0000] {dag.py:3036} INFO - Sync 1 DAGs
[2024-12-20T09:19:02.264+0000] {logging_mixin.py:188} INFO - [2024-12-20T09:19:02.264+0000] {dag.py:3823} INFO - Setting next_dagrun for example_python_operator to None, run_after=None
[2024-12-20T09:19:02.310+0000] {processor.py:183} INFO - Processing /home/airflow/.local/lib/python3.11/site-packages/airflow/example_dags/example_python_operator.py took 0.156 seconds
[2024-12-20T09:19:34.272+0000] {processor.py:161} INFO - Started process (PID=4301) to work on /home/airflow/.local/lib/python3.11/site-packages/airflow/example_dags/example_python_operator.py
[2024-12-20T09:19:34.283+0000] {processor.py:830} INFO - Processing file /home/airflow/.local/lib/python3.11/site-packages/airflow/example_dags/example_python_operator.py for tasks to queue
[2024-12-20T09:19:34.284+0000] {logging_mixin.py:188} INFO - [2024-12-20T09:19:34.284+0000] {dagbag.py:538} INFO - Filling up the DagBag from /home/airflow/.local/lib/python3.11/site-packages/airflow/example_dags/example_python_operator.py
[2024-12-20T09:19:34.332+0000] {processor.py:840} INFO - DAG(s) 'example_python_operator' retrieved from /home/airflow/.local/lib/python3.11/site-packages/airflow/example_dags/example_python_operator.py
[2024-12-20T09:19:34.433+0000] {logging_mixin.py:188} INFO - [2024-12-20T09:19:34.432+0000] {dag.py:3036} INFO - Sync 1 DAGs
[2024-12-20T09:19:34.473+0000] {logging_mixin.py:188} INFO - [2024-12-20T09:19:34.472+0000] {dag.py:3823} INFO - Setting next_dagrun for example_python_operator to None, run_after=None
[2024-12-20T09:19:34.610+0000] {processor.py:183} INFO - Processing /home/airflow/.local/lib/python3.11/site-packages/airflow/example_dags/example_python_operator.py took 0.345 seconds
[2024-12-20T09:20:05.331+0000] {processor.py:161} INFO - Started process (PID=4372) to work on /home/airflow/.local/lib/python3.11/site-packages/airflow/example_dags/example_python_operator.py
[2024-12-20T09:20:05.344+0000] {processor.py:830} INFO - Processing file /home/airflow/.local/lib/python3.11/site-packages/airflow/example_dags/example_python_operator.py for tasks to queue
[2024-12-20T09:20:05.346+0000] {logging_mixin.py:188} INFO - [2024-12-20T09:20:05.346+0000] {dagbag.py:538} INFO - Filling up the DagBag from /home/airflow/.local/lib/python3.11/site-packages/airflow/example_dags/example_python_operator.py
[2024-12-20T09:20:05.431+0000] {processor.py:840} INFO - DAG(s) 'example_python_operator' retrieved from /home/airflow/.local/lib/python3.11/site-packages/airflow/example_dags/example_python_operator.py
[2024-12-20T09:20:05.525+0000] {logging_mixin.py:188} INFO - [2024-12-20T09:20:05.525+0000] {dag.py:3036} INFO - Sync 1 DAGs
[2024-12-20T09:20:05.608+0000] {logging_mixin.py:188} INFO - [2024-12-20T09:20:05.607+0000] {dag.py:3823} INFO - Setting next_dagrun for example_python_operator to None, run_after=None
[2024-12-20T09:20:05.682+0000] {processor.py:183} INFO - Processing /home/airflow/.local/lib/python3.11/site-packages/airflow/example_dags/example_python_operator.py took 0.358 seconds
[2024-12-20T09:20:36.999+0000] {processor.py:161} INFO - Started process (PID=4429) to work on /home/airflow/.local/lib/python3.11/site-packages/airflow/example_dags/example_python_operator.py
[2024-12-20T09:20:37.001+0000] {processor.py:830} INFO - Processing file /home/airflow/.local/lib/python3.11/site-packages/airflow/example_dags/example_python_operator.py for tasks to queue
[2024-12-20T09:20:37.004+0000] {logging_mixin.py:188} INFO - [2024-12-20T09:20:37.003+0000] {dagbag.py:538} INFO - Filling up the DagBag from /home/airflow/.local/lib/python3.11/site-packages/airflow/example_dags/example_python_operator.py
[2024-12-20T09:20:37.046+0000] {processor.py:840} INFO - DAG(s) 'example_python_operator' retrieved from /home/airflow/.local/lib/python3.11/site-packages/airflow/example_dags/example_python_operator.py
[2024-12-20T09:20:37.105+0000] {logging_mixin.py:188} INFO - [2024-12-20T09:20:37.104+0000] {dag.py:3036} INFO - Sync 1 DAGs
[2024-12-20T09:20:37.144+0000] {logging_mixin.py:188} INFO - [2024-12-20T09:20:37.144+0000] {dag.py:3823} INFO - Setting next_dagrun for example_python_operator to None, run_after=None
[2024-12-20T09:20:37.195+0000] {processor.py:183} INFO - Processing /home/airflow/.local/lib/python3.11/site-packages/airflow/example_dags/example_python_operator.py took 0.206 seconds
[2024-12-20T09:21:07.748+0000] {processor.py:161} INFO - Started process (PID=4499) to work on /home/airflow/.local/lib/python3.11/site-packages/airflow/example_dags/example_python_operator.py
[2024-12-20T09:21:07.750+0000] {processor.py:830} INFO - Processing file /home/airflow/.local/lib/python3.11/site-packages/airflow/example_dags/example_python_operator.py for tasks to queue
[2024-12-20T09:21:07.752+0000] {logging_mixin.py:188} INFO - [2024-12-20T09:21:07.752+0000] {dagbag.py:538} INFO - Filling up the DagBag from /home/airflow/.local/lib/python3.11/site-packages/airflow/example_dags/example_python_operator.py
[2024-12-20T09:21:07.775+0000] {processor.py:840} INFO - DAG(s) 'example_python_operator' retrieved from /home/airflow/.local/lib/python3.11/site-packages/airflow/example_dags/example_python_operator.py
[2024-12-20T09:21:07.824+0000] {logging_mixin.py:188} INFO - [2024-12-20T09:21:07.824+0000] {dag.py:3036} INFO - Sync 1 DAGs
[2024-12-20T09:21:07.853+0000] {logging_mixin.py:188} INFO - [2024-12-20T09:21:07.852+0000] {dag.py:3823} INFO - Setting next_dagrun for example_python_operator to None, run_after=None
[2024-12-20T09:21:07.896+0000] {processor.py:183} INFO - Processing /home/airflow/.local/lib/python3.11/site-packages/airflow/example_dags/example_python_operator.py took 0.155 seconds
[2024-12-20T09:21:38.835+0000] {processor.py:161} INFO - Started process (PID=4575) to work on /home/airflow/.local/lib/python3.11/site-packages/airflow/example_dags/example_python_operator.py
[2024-12-20T09:21:38.851+0000] {processor.py:830} INFO - Processing file /home/airflow/.local/lib/python3.11/site-packages/airflow/example_dags/example_python_operator.py for tasks to queue
[2024-12-20T09:21:38.862+0000] {logging_mixin.py:188} INFO - [2024-12-20T09:21:38.862+0000] {dagbag.py:538} INFO - Filling up the DagBag from /home/airflow/.local/lib/python3.11/site-packages/airflow/example_dags/example_python_operator.py
[2024-12-20T09:21:38.913+0000] {processor.py:840} INFO - DAG(s) 'example_python_operator' retrieved from /home/airflow/.local/lib/python3.11/site-packages/airflow/example_dags/example_python_operator.py
[2024-12-20T09:21:38.992+0000] {logging_mixin.py:188} INFO - [2024-12-20T09:21:38.992+0000] {dag.py:3036} INFO - Sync 1 DAGs
[2024-12-20T09:21:39.074+0000] {logging_mixin.py:188} INFO - [2024-12-20T09:21:39.074+0000] {dag.py:3823} INFO - Setting next_dagrun for example_python_operator to None, run_after=None
[2024-12-20T09:21:39.135+0000] {processor.py:183} INFO - Processing /home/airflow/.local/lib/python3.11/site-packages/airflow/example_dags/example_python_operator.py took 0.308 seconds
[2024-12-20T09:22:11.067+0000] {processor.py:161} INFO - Started process (PID=4640) to work on /home/airflow/.local/lib/python3.11/site-packages/airflow/example_dags/example_python_operator.py
[2024-12-20T09:22:11.080+0000] {processor.py:830} INFO - Processing file /home/airflow/.local/lib/python3.11/site-packages/airflow/example_dags/example_python_operator.py for tasks to queue
[2024-12-20T09:22:11.082+0000] {logging_mixin.py:188} INFO - [2024-12-20T09:22:11.081+0000] {dagbag.py:538} INFO - Filling up the DagBag from /home/airflow/.local/lib/python3.11/site-packages/airflow/example_dags/example_python_operator.py
[2024-12-20T09:22:11.118+0000] {processor.py:840} INFO - DAG(s) 'example_python_operator' retrieved from /home/airflow/.local/lib/python3.11/site-packages/airflow/example_dags/example_python_operator.py
[2024-12-20T09:22:11.211+0000] {logging_mixin.py:188} INFO - [2024-12-20T09:22:11.208+0000] {dag.py:3036} INFO - Sync 1 DAGs
[2024-12-20T09:22:11.255+0000] {logging_mixin.py:188} INFO - [2024-12-20T09:22:11.255+0000] {dag.py:3823} INFO - Setting next_dagrun for example_python_operator to None, run_after=None
[2024-12-20T09:22:11.383+0000] {processor.py:183} INFO - Processing /home/airflow/.local/lib/python3.11/site-packages/airflow/example_dags/example_python_operator.py took 0.322 seconds
[2024-12-20T09:22:42.074+0000] {processor.py:161} INFO - Started process (PID=4703) to work on /home/airflow/.local/lib/python3.11/site-packages/airflow/example_dags/example_python_operator.py
[2024-12-20T09:22:42.088+0000] {processor.py:830} INFO - Processing file /home/airflow/.local/lib/python3.11/site-packages/airflow/example_dags/example_python_operator.py for tasks to queue
[2024-12-20T09:22:42.099+0000] {logging_mixin.py:188} INFO - [2024-12-20T09:22:42.098+0000] {dagbag.py:538} INFO - Filling up the DagBag from /home/airflow/.local/lib/python3.11/site-packages/airflow/example_dags/example_python_operator.py
[2024-12-20T09:22:42.126+0000] {processor.py:840} INFO - DAG(s) 'example_python_operator' retrieved from /home/airflow/.local/lib/python3.11/site-packages/airflow/example_dags/example_python_operator.py
[2024-12-20T09:22:42.198+0000] {logging_mixin.py:188} INFO - [2024-12-20T09:22:42.198+0000] {dag.py:3036} INFO - Sync 1 DAGs
[2024-12-20T09:22:42.233+0000] {logging_mixin.py:188} INFO - [2024-12-20T09:22:42.233+0000] {dag.py:3823} INFO - Setting next_dagrun for example_python_operator to None, run_after=None
[2024-12-20T09:22:42.293+0000] {processor.py:183} INFO - Processing /home/airflow/.local/lib/python3.11/site-packages/airflow/example_dags/example_python_operator.py took 0.226 seconds
[2024-12-20T09:23:12.541+0000] {processor.py:161} INFO - Started process (PID=4774) to work on /home/airflow/.local/lib/python3.11/site-packages/airflow/example_dags/example_python_operator.py
[2024-12-20T09:23:12.543+0000] {processor.py:830} INFO - Processing file /home/airflow/.local/lib/python3.11/site-packages/airflow/example_dags/example_python_operator.py for tasks to queue
[2024-12-20T09:23:12.544+0000] {logging_mixin.py:188} INFO - [2024-12-20T09:23:12.544+0000] {dagbag.py:538} INFO - Filling up the DagBag from /home/airflow/.local/lib/python3.11/site-packages/airflow/example_dags/example_python_operator.py
[2024-12-20T09:23:12.558+0000] {processor.py:840} INFO - DAG(s) 'example_python_operator' retrieved from /home/airflow/.local/lib/python3.11/site-packages/airflow/example_dags/example_python_operator.py
[2024-12-20T09:23:12.591+0000] {logging_mixin.py:188} INFO - [2024-12-20T09:23:12.591+0000] {dag.py:3036} INFO - Sync 1 DAGs
[2024-12-20T09:23:12.608+0000] {logging_mixin.py:188} INFO - [2024-12-20T09:23:12.608+0000] {dag.py:3823} INFO - Setting next_dagrun for example_python_operator to None, run_after=None
[2024-12-20T09:23:12.637+0000] {processor.py:183} INFO - Processing /home/airflow/.local/lib/python3.11/site-packages/airflow/example_dags/example_python_operator.py took 0.100 seconds
[2024-12-20T09:23:43.550+0000] {processor.py:161} INFO - Started process (PID=4848) to work on /home/airflow/.local/lib/python3.11/site-packages/airflow/example_dags/example_python_operator.py
[2024-12-20T09:23:43.552+0000] {processor.py:830} INFO - Processing file /home/airflow/.local/lib/python3.11/site-packages/airflow/example_dags/example_python_operator.py for tasks to queue
[2024-12-20T09:23:43.553+0000] {logging_mixin.py:188} INFO - [2024-12-20T09:23:43.553+0000] {dagbag.py:538} INFO - Filling up the DagBag from /home/airflow/.local/lib/python3.11/site-packages/airflow/example_dags/example_python_operator.py
[2024-12-20T09:23:43.568+0000] {processor.py:840} INFO - DAG(s) 'example_python_operator' retrieved from /home/airflow/.local/lib/python3.11/site-packages/airflow/example_dags/example_python_operator.py
[2024-12-20T09:23:43.600+0000] {logging_mixin.py:188} INFO - [2024-12-20T09:23:43.600+0000] {dag.py:3036} INFO - Sync 1 DAGs
[2024-12-20T09:23:43.619+0000] {logging_mixin.py:188} INFO - [2024-12-20T09:23:43.618+0000] {dag.py:3823} INFO - Setting next_dagrun for example_python_operator to None, run_after=None
[2024-12-20T09:23:43.650+0000] {processor.py:183} INFO - Processing /home/airflow/.local/lib/python3.11/site-packages/airflow/example_dags/example_python_operator.py took 0.104 seconds
[2024-12-20T09:24:14.254+0000] {processor.py:161} INFO - Started process (PID=4920) to work on /home/airflow/.local/lib/python3.11/site-packages/airflow/example_dags/example_python_operator.py
[2024-12-20T09:24:14.255+0000] {processor.py:830} INFO - Processing file /home/airflow/.local/lib/python3.11/site-packages/airflow/example_dags/example_python_operator.py for tasks to queue
[2024-12-20T09:24:14.257+0000] {logging_mixin.py:188} INFO - [2024-12-20T09:24:14.256+0000] {dagbag.py:538} INFO - Filling up the DagBag from /home/airflow/.local/lib/python3.11/site-packages/airflow/example_dags/example_python_operator.py
[2024-12-20T09:24:14.272+0000] {processor.py:840} INFO - DAG(s) 'example_python_operator' retrieved from /home/airflow/.local/lib/python3.11/site-packages/airflow/example_dags/example_python_operator.py
[2024-12-20T09:24:14.305+0000] {logging_mixin.py:188} INFO - [2024-12-20T09:24:14.305+0000] {dag.py:3036} INFO - Sync 1 DAGs
[2024-12-20T09:24:14.329+0000] {logging_mixin.py:188} INFO - [2024-12-20T09:24:14.329+0000] {dag.py:3823} INFO - Setting next_dagrun for example_python_operator to None, run_after=None
[2024-12-20T09:24:14.366+0000] {processor.py:183} INFO - Processing /home/airflow/.local/lib/python3.11/site-packages/airflow/example_dags/example_python_operator.py took 0.117 seconds
[2024-12-20T09:24:44.963+0000] {processor.py:161} INFO - Started process (PID=4992) to work on /home/airflow/.local/lib/python3.11/site-packages/airflow/example_dags/example_python_operator.py
[2024-12-20T09:24:44.964+0000] {processor.py:830} INFO - Processing file /home/airflow/.local/lib/python3.11/site-packages/airflow/example_dags/example_python_operator.py for tasks to queue
[2024-12-20T09:24:44.966+0000] {logging_mixin.py:188} INFO - [2024-12-20T09:24:44.965+0000] {dagbag.py:538} INFO - Filling up the DagBag from /home/airflow/.local/lib/python3.11/site-packages/airflow/example_dags/example_python_operator.py
[2024-12-20T09:24:44.984+0000] {processor.py:840} INFO - DAG(s) 'example_python_operator' retrieved from /home/airflow/.local/lib/python3.11/site-packages/airflow/example_dags/example_python_operator.py
[2024-12-20T09:24:45.022+0000] {logging_mixin.py:188} INFO - [2024-12-20T09:24:45.022+0000] {dag.py:3036} INFO - Sync 1 DAGs
[2024-12-20T09:24:45.044+0000] {logging_mixin.py:188} INFO - [2024-12-20T09:24:45.043+0000] {dag.py:3823} INFO - Setting next_dagrun for example_python_operator to None, run_after=None
[2024-12-20T09:24:45.089+0000] {processor.py:183} INFO - Processing /home/airflow/.local/lib/python3.11/site-packages/airflow/example_dags/example_python_operator.py took 0.132 seconds
[2024-12-20T09:25:15.717+0000] {processor.py:161} INFO - Started process (PID=5055) to work on /home/airflow/.local/lib/python3.11/site-packages/airflow/example_dags/example_python_operator.py
[2024-12-20T09:25:15.719+0000] {processor.py:830} INFO - Processing file /home/airflow/.local/lib/python3.11/site-packages/airflow/example_dags/example_python_operator.py for tasks to queue
[2024-12-20T09:25:15.720+0000] {logging_mixin.py:188} INFO - [2024-12-20T09:25:15.720+0000] {dagbag.py:538} INFO - Filling up the DagBag from /home/airflow/.local/lib/python3.11/site-packages/airflow/example_dags/example_python_operator.py
[2024-12-20T09:25:15.736+0000] {processor.py:840} INFO - DAG(s) 'example_python_operator' retrieved from /home/airflow/.local/lib/python3.11/site-packages/airflow/example_dags/example_python_operator.py
[2024-12-20T09:25:15.783+0000] {logging_mixin.py:188} INFO - [2024-12-20T09:25:15.783+0000] {dag.py:3036} INFO - Sync 1 DAGs
[2024-12-20T09:25:15.807+0000] {logging_mixin.py:188} INFO - [2024-12-20T09:25:15.806+0000] {dag.py:3823} INFO - Setting next_dagrun for example_python_operator to None, run_after=None
[2024-12-20T09:25:15.836+0000] {processor.py:183} INFO - Processing /home/airflow/.local/lib/python3.11/site-packages/airflow/example_dags/example_python_operator.py took 0.123 seconds
