[2024-12-20T00:00:14.071+0000] {processor.py:161} INFO - Started process (PID=2148) to work on /home/airflow/.local/lib/python3.11/site-packages/airflow/example_dags/example_setup_teardown.py
[2024-12-20T00:00:14.073+0000] {processor.py:830} INFO - Processing file /home/airflow/.local/lib/python3.11/site-packages/airflow/example_dags/example_setup_teardown.py for tasks to queue
[2024-12-20T00:00:14.075+0000] {logging_mixin.py:188} INFO - [2024-12-20T00:00:14.075+0000] {dagbag.py:538} INFO - Filling up the DagBag from /home/airflow/.local/lib/python3.11/site-packages/airflow/example_dags/example_setup_teardown.py
[2024-12-20T00:00:14.084+0000] {processor.py:840} INFO - DAG(s) 'example_setup_teardown' retrieved from /home/airflow/.local/lib/python3.11/site-packages/airflow/example_dags/example_setup_teardown.py
[2024-12-20T00:00:14.112+0000] {logging_mixin.py:188} INFO - [2024-12-20T00:00:14.111+0000] {dag.py:3036} INFO - Sync 1 DAGs
[2024-12-20T00:00:14.138+0000] {logging_mixin.py:188} INFO - [2024-12-20T00:00:14.138+0000] {dag.py:3823} INFO - Setting next_dagrun for example_setup_teardown to 2024-12-19 00:00:00+00:00, run_after=2024-12-20 00:00:00+00:00
[2024-12-20T00:00:14.165+0000] {processor.py:183} INFO - Processing /home/airflow/.local/lib/python3.11/site-packages/airflow/example_dags/example_setup_teardown.py took 0.098 seconds
[2024-12-20T00:00:44.359+0000] {processor.py:161} INFO - Started process (PID=2219) to work on /home/airflow/.local/lib/python3.11/site-packages/airflow/example_dags/example_setup_teardown.py
[2024-12-20T00:00:44.360+0000] {processor.py:830} INFO - Processing file /home/airflow/.local/lib/python3.11/site-packages/airflow/example_dags/example_setup_teardown.py for tasks to queue
[2024-12-20T00:00:44.363+0000] {logging_mixin.py:188} INFO - [2024-12-20T00:00:44.363+0000] {dagbag.py:538} INFO - Filling up the DagBag from /home/airflow/.local/lib/python3.11/site-packages/airflow/example_dags/example_setup_teardown.py
[2024-12-20T00:00:44.371+0000] {processor.py:840} INFO - DAG(s) 'example_setup_teardown' retrieved from /home/airflow/.local/lib/python3.11/site-packages/airflow/example_dags/example_setup_teardown.py
[2024-12-20T00:00:44.397+0000] {logging_mixin.py:188} INFO - [2024-12-20T00:00:44.397+0000] {dag.py:3036} INFO - Sync 1 DAGs
[2024-12-20T00:00:44.424+0000] {logging_mixin.py:188} INFO - [2024-12-20T00:00:44.424+0000] {dag.py:3823} INFO - Setting next_dagrun for example_setup_teardown to 2024-12-19 00:00:00+00:00, run_after=2024-12-20 00:00:00+00:00
[2024-12-20T00:00:44.451+0000] {processor.py:183} INFO - Processing /home/airflow/.local/lib/python3.11/site-packages/airflow/example_dags/example_setup_teardown.py took 0.096 seconds
[2024-12-20T00:01:14.913+0000] {processor.py:161} INFO - Started process (PID=2291) to work on /home/airflow/.local/lib/python3.11/site-packages/airflow/example_dags/example_setup_teardown.py
[2024-12-20T00:01:14.914+0000] {processor.py:830} INFO - Processing file /home/airflow/.local/lib/python3.11/site-packages/airflow/example_dags/example_setup_teardown.py for tasks to queue
[2024-12-20T00:01:14.917+0000] {logging_mixin.py:188} INFO - [2024-12-20T00:01:14.916+0000] {dagbag.py:538} INFO - Filling up the DagBag from /home/airflow/.local/lib/python3.11/site-packages/airflow/example_dags/example_setup_teardown.py
[2024-12-20T00:01:14.928+0000] {processor.py:840} INFO - DAG(s) 'example_setup_teardown' retrieved from /home/airflow/.local/lib/python3.11/site-packages/airflow/example_dags/example_setup_teardown.py
[2024-12-20T00:01:14.954+0000] {logging_mixin.py:188} INFO - [2024-12-20T00:01:14.954+0000] {dag.py:3036} INFO - Sync 1 DAGs
[2024-12-20T00:01:14.982+0000] {logging_mixin.py:188} INFO - [2024-12-20T00:01:14.981+0000] {dag.py:3823} INFO - Setting next_dagrun for example_setup_teardown to 2024-12-19 00:00:00+00:00, run_after=2024-12-20 00:00:00+00:00
[2024-12-20T00:01:15.004+0000] {processor.py:183} INFO - Processing /home/airflow/.local/lib/python3.11/site-packages/airflow/example_dags/example_setup_teardown.py took 0.095 seconds
[2024-12-20T00:01:45.244+0000] {processor.py:161} INFO - Started process (PID=2370) to work on /home/airflow/.local/lib/python3.11/site-packages/airflow/example_dags/example_setup_teardown.py
[2024-12-20T00:01:45.246+0000] {processor.py:830} INFO - Processing file /home/airflow/.local/lib/python3.11/site-packages/airflow/example_dags/example_setup_teardown.py for tasks to queue
[2024-12-20T00:01:45.248+0000] {logging_mixin.py:188} INFO - [2024-12-20T00:01:45.248+0000] {dagbag.py:538} INFO - Filling up the DagBag from /home/airflow/.local/lib/python3.11/site-packages/airflow/example_dags/example_setup_teardown.py
[2024-12-20T00:01:45.256+0000] {processor.py:840} INFO - DAG(s) 'example_setup_teardown' retrieved from /home/airflow/.local/lib/python3.11/site-packages/airflow/example_dags/example_setup_teardown.py
[2024-12-20T00:01:45.279+0000] {logging_mixin.py:188} INFO - [2024-12-20T00:01:45.278+0000] {dag.py:3036} INFO - Sync 1 DAGs
[2024-12-20T00:01:45.302+0000] {logging_mixin.py:188} INFO - [2024-12-20T00:01:45.302+0000] {dag.py:3823} INFO - Setting next_dagrun for example_setup_teardown to 2024-12-19 00:00:00+00:00, run_after=2024-12-20 00:00:00+00:00
[2024-12-20T00:01:45.324+0000] {processor.py:183} INFO - Processing /home/airflow/.local/lib/python3.11/site-packages/airflow/example_dags/example_setup_teardown.py took 0.084 seconds
[2024-12-20T00:02:15.425+0000] {processor.py:161} INFO - Started process (PID=2442) to work on /home/airflow/.local/lib/python3.11/site-packages/airflow/example_dags/example_setup_teardown.py
[2024-12-20T00:02:15.426+0000] {processor.py:830} INFO - Processing file /home/airflow/.local/lib/python3.11/site-packages/airflow/example_dags/example_setup_teardown.py for tasks to queue
[2024-12-20T00:02:15.429+0000] {logging_mixin.py:188} INFO - [2024-12-20T00:02:15.429+0000] {dagbag.py:538} INFO - Filling up the DagBag from /home/airflow/.local/lib/python3.11/site-packages/airflow/example_dags/example_setup_teardown.py
[2024-12-20T00:02:15.436+0000] {processor.py:840} INFO - DAG(s) 'example_setup_teardown' retrieved from /home/airflow/.local/lib/python3.11/site-packages/airflow/example_dags/example_setup_teardown.py
[2024-12-20T00:02:15.460+0000] {logging_mixin.py:188} INFO - [2024-12-20T00:02:15.460+0000] {dag.py:3036} INFO - Sync 1 DAGs
[2024-12-20T00:02:15.483+0000] {logging_mixin.py:188} INFO - [2024-12-20T00:02:15.483+0000] {dag.py:3823} INFO - Setting next_dagrun for example_setup_teardown to 2024-12-19 00:00:00+00:00, run_after=2024-12-20 00:00:00+00:00
[2024-12-20T00:02:15.514+0000] {processor.py:183} INFO - Processing /home/airflow/.local/lib/python3.11/site-packages/airflow/example_dags/example_setup_teardown.py took 0.092 seconds
[2024-12-20T00:02:45.945+0000] {processor.py:161} INFO - Started process (PID=2514) to work on /home/airflow/.local/lib/python3.11/site-packages/airflow/example_dags/example_setup_teardown.py
[2024-12-20T00:02:45.946+0000] {processor.py:830} INFO - Processing file /home/airflow/.local/lib/python3.11/site-packages/airflow/example_dags/example_setup_teardown.py for tasks to queue
[2024-12-20T00:02:45.948+0000] {logging_mixin.py:188} INFO - [2024-12-20T00:02:45.948+0000] {dagbag.py:538} INFO - Filling up the DagBag from /home/airflow/.local/lib/python3.11/site-packages/airflow/example_dags/example_setup_teardown.py
[2024-12-20T00:02:45.956+0000] {processor.py:840} INFO - DAG(s) 'example_setup_teardown' retrieved from /home/airflow/.local/lib/python3.11/site-packages/airflow/example_dags/example_setup_teardown.py
[2024-12-20T00:02:45.978+0000] {logging_mixin.py:188} INFO - [2024-12-20T00:02:45.978+0000] {dag.py:3036} INFO - Sync 1 DAGs
[2024-12-20T00:02:46.001+0000] {logging_mixin.py:188} INFO - [2024-12-20T00:02:46.001+0000] {dag.py:3823} INFO - Setting next_dagrun for example_setup_teardown to 2024-12-19 00:00:00+00:00, run_after=2024-12-20 00:00:00+00:00
[2024-12-20T00:02:46.030+0000] {processor.py:183} INFO - Processing /home/airflow/.local/lib/python3.11/site-packages/airflow/example_dags/example_setup_teardown.py took 0.089 seconds
[2024-12-20T00:03:16.547+0000] {processor.py:161} INFO - Started process (PID=2586) to work on /home/airflow/.local/lib/python3.11/site-packages/airflow/example_dags/example_setup_teardown.py
[2024-12-20T00:03:16.548+0000] {processor.py:830} INFO - Processing file /home/airflow/.local/lib/python3.11/site-packages/airflow/example_dags/example_setup_teardown.py for tasks to queue
[2024-12-20T00:03:16.551+0000] {logging_mixin.py:188} INFO - [2024-12-20T00:03:16.550+0000] {dagbag.py:538} INFO - Filling up the DagBag from /home/airflow/.local/lib/python3.11/site-packages/airflow/example_dags/example_setup_teardown.py
[2024-12-20T00:03:16.560+0000] {processor.py:840} INFO - DAG(s) 'example_setup_teardown' retrieved from /home/airflow/.local/lib/python3.11/site-packages/airflow/example_dags/example_setup_teardown.py
[2024-12-20T00:03:16.586+0000] {logging_mixin.py:188} INFO - [2024-12-20T00:03:16.585+0000] {dag.py:3036} INFO - Sync 1 DAGs
[2024-12-20T00:03:16.615+0000] {logging_mixin.py:188} INFO - [2024-12-20T00:03:16.615+0000] {dag.py:3823} INFO - Setting next_dagrun for example_setup_teardown to 2024-12-19 00:00:00+00:00, run_after=2024-12-20 00:00:00+00:00
[2024-12-20T00:03:16.648+0000] {processor.py:183} INFO - Processing /home/airflow/.local/lib/python3.11/site-packages/airflow/example_dags/example_setup_teardown.py took 0.111 seconds
[2024-12-20T00:03:46.819+0000] {processor.py:161} INFO - Started process (PID=2665) to work on /home/airflow/.local/lib/python3.11/site-packages/airflow/example_dags/example_setup_teardown.py
[2024-12-20T00:03:46.821+0000] {processor.py:830} INFO - Processing file /home/airflow/.local/lib/python3.11/site-packages/airflow/example_dags/example_setup_teardown.py for tasks to queue
[2024-12-20T00:03:46.824+0000] {logging_mixin.py:188} INFO - [2024-12-20T00:03:46.823+0000] {dagbag.py:538} INFO - Filling up the DagBag from /home/airflow/.local/lib/python3.11/site-packages/airflow/example_dags/example_setup_teardown.py
[2024-12-20T00:03:46.831+0000] {processor.py:840} INFO - DAG(s) 'example_setup_teardown' retrieved from /home/airflow/.local/lib/python3.11/site-packages/airflow/example_dags/example_setup_teardown.py
[2024-12-20T00:03:46.854+0000] {logging_mixin.py:188} INFO - [2024-12-20T00:03:46.854+0000] {dag.py:3036} INFO - Sync 1 DAGs
[2024-12-20T00:03:46.877+0000] {logging_mixin.py:188} INFO - [2024-12-20T00:03:46.877+0000] {dag.py:3823} INFO - Setting next_dagrun for example_setup_teardown to 2024-12-19 00:00:00+00:00, run_after=2024-12-20 00:00:00+00:00
[2024-12-20T00:03:46.900+0000] {processor.py:183} INFO - Processing /home/airflow/.local/lib/python3.11/site-packages/airflow/example_dags/example_setup_teardown.py took 0.086 seconds
[2024-12-20T00:04:17.004+0000] {processor.py:161} INFO - Started process (PID=2737) to work on /home/airflow/.local/lib/python3.11/site-packages/airflow/example_dags/example_setup_teardown.py
[2024-12-20T00:04:17.006+0000] {processor.py:830} INFO - Processing file /home/airflow/.local/lib/python3.11/site-packages/airflow/example_dags/example_setup_teardown.py for tasks to queue
[2024-12-20T00:04:17.008+0000] {logging_mixin.py:188} INFO - [2024-12-20T00:04:17.007+0000] {dagbag.py:538} INFO - Filling up the DagBag from /home/airflow/.local/lib/python3.11/site-packages/airflow/example_dags/example_setup_teardown.py
[2024-12-20T00:04:17.016+0000] {processor.py:840} INFO - DAG(s) 'example_setup_teardown' retrieved from /home/airflow/.local/lib/python3.11/site-packages/airflow/example_dags/example_setup_teardown.py
[2024-12-20T00:04:17.040+0000] {logging_mixin.py:188} INFO - [2024-12-20T00:04:17.040+0000] {dag.py:3036} INFO - Sync 1 DAGs
[2024-12-20T00:04:17.064+0000] {logging_mixin.py:188} INFO - [2024-12-20T00:04:17.064+0000] {dag.py:3823} INFO - Setting next_dagrun for example_setup_teardown to 2024-12-19 00:00:00+00:00, run_after=2024-12-20 00:00:00+00:00
[2024-12-20T00:04:17.093+0000] {processor.py:183} INFO - Processing /home/airflow/.local/lib/python3.11/site-packages/airflow/example_dags/example_setup_teardown.py took 0.092 seconds
[2024-12-20T00:04:47.722+0000] {processor.py:161} INFO - Started process (PID=2809) to work on /home/airflow/.local/lib/python3.11/site-packages/airflow/example_dags/example_setup_teardown.py
[2024-12-20T00:04:47.724+0000] {processor.py:830} INFO - Processing file /home/airflow/.local/lib/python3.11/site-packages/airflow/example_dags/example_setup_teardown.py for tasks to queue
[2024-12-20T00:04:47.726+0000] {logging_mixin.py:188} INFO - [2024-12-20T00:04:47.726+0000] {dagbag.py:538} INFO - Filling up the DagBag from /home/airflow/.local/lib/python3.11/site-packages/airflow/example_dags/example_setup_teardown.py
[2024-12-20T00:04:47.733+0000] {processor.py:840} INFO - DAG(s) 'example_setup_teardown' retrieved from /home/airflow/.local/lib/python3.11/site-packages/airflow/example_dags/example_setup_teardown.py
[2024-12-20T00:04:47.757+0000] {logging_mixin.py:188} INFO - [2024-12-20T00:04:47.756+0000] {dag.py:3036} INFO - Sync 1 DAGs
[2024-12-20T00:04:47.780+0000] {logging_mixin.py:188} INFO - [2024-12-20T00:04:47.780+0000] {dag.py:3823} INFO - Setting next_dagrun for example_setup_teardown to 2024-12-19 00:00:00+00:00, run_after=2024-12-20 00:00:00+00:00
[2024-12-20T00:04:47.803+0000] {processor.py:183} INFO - Processing /home/airflow/.local/lib/python3.11/site-packages/airflow/example_dags/example_setup_teardown.py took 0.085 seconds
[2024-12-20T00:05:18.991+0000] {processor.py:161} INFO - Started process (PID=2879) to work on /home/airflow/.local/lib/python3.11/site-packages/airflow/example_dags/example_setup_teardown.py
[2024-12-20T00:05:18.992+0000] {processor.py:830} INFO - Processing file /home/airflow/.local/lib/python3.11/site-packages/airflow/example_dags/example_setup_teardown.py for tasks to queue
[2024-12-20T00:05:18.995+0000] {logging_mixin.py:188} INFO - [2024-12-20T00:05:18.994+0000] {dagbag.py:538} INFO - Filling up the DagBag from /home/airflow/.local/lib/python3.11/site-packages/airflow/example_dags/example_setup_teardown.py
[2024-12-20T00:05:19.002+0000] {processor.py:840} INFO - DAG(s) 'example_setup_teardown' retrieved from /home/airflow/.local/lib/python3.11/site-packages/airflow/example_dags/example_setup_teardown.py
[2024-12-20T00:05:19.026+0000] {logging_mixin.py:188} INFO - [2024-12-20T00:05:19.025+0000] {dag.py:3036} INFO - Sync 1 DAGs
[2024-12-20T00:05:19.048+0000] {logging_mixin.py:188} INFO - [2024-12-20T00:05:19.048+0000] {dag.py:3823} INFO - Setting next_dagrun for example_setup_teardown to 2024-12-19 00:00:00+00:00, run_after=2024-12-20 00:00:00+00:00
[2024-12-20T00:05:19.077+0000] {processor.py:183} INFO - Processing /home/airflow/.local/lib/python3.11/site-packages/airflow/example_dags/example_setup_teardown.py took 0.090 seconds
[2024-12-20T00:05:49.488+0000] {processor.py:161} INFO - Started process (PID=2951) to work on /home/airflow/.local/lib/python3.11/site-packages/airflow/example_dags/example_setup_teardown.py
[2024-12-20T00:05:49.489+0000] {processor.py:830} INFO - Processing file /home/airflow/.local/lib/python3.11/site-packages/airflow/example_dags/example_setup_teardown.py for tasks to queue
[2024-12-20T00:05:49.492+0000] {logging_mixin.py:188} INFO - [2024-12-20T00:05:49.492+0000] {dagbag.py:538} INFO - Filling up the DagBag from /home/airflow/.local/lib/python3.11/site-packages/airflow/example_dags/example_setup_teardown.py
[2024-12-20T00:05:49.509+0000] {processor.py:840} INFO - DAG(s) 'example_setup_teardown' retrieved from /home/airflow/.local/lib/python3.11/site-packages/airflow/example_dags/example_setup_teardown.py
[2024-12-20T00:05:49.539+0000] {logging_mixin.py:188} INFO - [2024-12-20T00:05:49.539+0000] {dag.py:3036} INFO - Sync 1 DAGs
[2024-12-20T00:05:49.568+0000] {logging_mixin.py:188} INFO - [2024-12-20T00:05:49.568+0000] {dag.py:3823} INFO - Setting next_dagrun for example_setup_teardown to 2024-12-19 00:00:00+00:00, run_after=2024-12-20 00:00:00+00:00
[2024-12-20T00:05:49.598+0000] {processor.py:183} INFO - Processing /home/airflow/.local/lib/python3.11/site-packages/airflow/example_dags/example_setup_teardown.py took 0.116 seconds
[2024-12-20T00:06:20.021+0000] {processor.py:161} INFO - Started process (PID=3023) to work on /home/airflow/.local/lib/python3.11/site-packages/airflow/example_dags/example_setup_teardown.py
[2024-12-20T00:06:20.023+0000] {processor.py:830} INFO - Processing file /home/airflow/.local/lib/python3.11/site-packages/airflow/example_dags/example_setup_teardown.py for tasks to queue
[2024-12-20T00:06:20.027+0000] {logging_mixin.py:188} INFO - [2024-12-20T00:06:20.026+0000] {dagbag.py:538} INFO - Filling up the DagBag from /home/airflow/.local/lib/python3.11/site-packages/airflow/example_dags/example_setup_teardown.py
[2024-12-20T00:06:20.040+0000] {processor.py:840} INFO - DAG(s) 'example_setup_teardown' retrieved from /home/airflow/.local/lib/python3.11/site-packages/airflow/example_dags/example_setup_teardown.py
[2024-12-20T00:06:20.081+0000] {logging_mixin.py:188} INFO - [2024-12-20T00:06:20.081+0000] {dag.py:3036} INFO - Sync 1 DAGs
[2024-12-20T00:06:20.110+0000] {logging_mixin.py:188} INFO - [2024-12-20T00:06:20.109+0000] {dag.py:3823} INFO - Setting next_dagrun for example_setup_teardown to 2024-12-19 00:00:00+00:00, run_after=2024-12-20 00:00:00+00:00
[2024-12-20T00:06:20.131+0000] {processor.py:183} INFO - Processing /home/airflow/.local/lib/python3.11/site-packages/airflow/example_dags/example_setup_teardown.py took 0.114 seconds
[2024-12-20T00:06:50.451+0000] {processor.py:161} INFO - Started process (PID=3102) to work on /home/airflow/.local/lib/python3.11/site-packages/airflow/example_dags/example_setup_teardown.py
[2024-12-20T00:06:50.452+0000] {processor.py:830} INFO - Processing file /home/airflow/.local/lib/python3.11/site-packages/airflow/example_dags/example_setup_teardown.py for tasks to queue
[2024-12-20T00:06:50.454+0000] {logging_mixin.py:188} INFO - [2024-12-20T00:06:50.454+0000] {dagbag.py:538} INFO - Filling up the DagBag from /home/airflow/.local/lib/python3.11/site-packages/airflow/example_dags/example_setup_teardown.py
[2024-12-20T00:06:50.461+0000] {processor.py:840} INFO - DAG(s) 'example_setup_teardown' retrieved from /home/airflow/.local/lib/python3.11/site-packages/airflow/example_dags/example_setup_teardown.py
[2024-12-20T00:06:50.484+0000] {logging_mixin.py:188} INFO - [2024-12-20T00:06:50.484+0000] {dag.py:3036} INFO - Sync 1 DAGs
[2024-12-20T00:06:50.507+0000] {logging_mixin.py:188} INFO - [2024-12-20T00:06:50.507+0000] {dag.py:3823} INFO - Setting next_dagrun for example_setup_teardown to 2024-12-19 00:00:00+00:00, run_after=2024-12-20 00:00:00+00:00
[2024-12-20T00:06:50.544+0000] {processor.py:183} INFO - Processing /home/airflow/.local/lib/python3.11/site-packages/airflow/example_dags/example_setup_teardown.py took 0.097 seconds
[2024-12-20T00:07:21.330+0000] {processor.py:161} INFO - Started process (PID=3174) to work on /home/airflow/.local/lib/python3.11/site-packages/airflow/example_dags/example_setup_teardown.py
[2024-12-20T00:07:21.331+0000] {processor.py:830} INFO - Processing file /home/airflow/.local/lib/python3.11/site-packages/airflow/example_dags/example_setup_teardown.py for tasks to queue
[2024-12-20T00:07:21.333+0000] {logging_mixin.py:188} INFO - [2024-12-20T00:07:21.333+0000] {dagbag.py:538} INFO - Filling up the DagBag from /home/airflow/.local/lib/python3.11/site-packages/airflow/example_dags/example_setup_teardown.py
[2024-12-20T00:07:21.341+0000] {processor.py:840} INFO - DAG(s) 'example_setup_teardown' retrieved from /home/airflow/.local/lib/python3.11/site-packages/airflow/example_dags/example_setup_teardown.py
[2024-12-20T00:07:21.365+0000] {logging_mixin.py:188} INFO - [2024-12-20T00:07:21.365+0000] {dag.py:3036} INFO - Sync 1 DAGs
[2024-12-20T00:07:21.388+0000] {logging_mixin.py:188} INFO - [2024-12-20T00:07:21.388+0000] {dag.py:3823} INFO - Setting next_dagrun for example_setup_teardown to 2024-12-19 00:00:00+00:00, run_after=2024-12-20 00:00:00+00:00
[2024-12-20T00:07:21.411+0000] {processor.py:183} INFO - Processing /home/airflow/.local/lib/python3.11/site-packages/airflow/example_dags/example_setup_teardown.py took 0.085 seconds
[2024-12-20T00:07:52.064+0000] {processor.py:161} INFO - Started process (PID=3253) to work on /home/airflow/.local/lib/python3.11/site-packages/airflow/example_dags/example_setup_teardown.py
[2024-12-20T00:07:52.066+0000] {processor.py:830} INFO - Processing file /home/airflow/.local/lib/python3.11/site-packages/airflow/example_dags/example_setup_teardown.py for tasks to queue
[2024-12-20T00:07:52.068+0000] {logging_mixin.py:188} INFO - [2024-12-20T00:07:52.068+0000] {dagbag.py:538} INFO - Filling up the DagBag from /home/airflow/.local/lib/python3.11/site-packages/airflow/example_dags/example_setup_teardown.py
[2024-12-20T00:07:52.076+0000] {processor.py:840} INFO - DAG(s) 'example_setup_teardown' retrieved from /home/airflow/.local/lib/python3.11/site-packages/airflow/example_dags/example_setup_teardown.py
[2024-12-20T00:07:52.098+0000] {logging_mixin.py:188} INFO - [2024-12-20T00:07:52.098+0000] {dag.py:3036} INFO - Sync 1 DAGs
[2024-12-20T00:07:52.122+0000] {logging_mixin.py:188} INFO - [2024-12-20T00:07:52.122+0000] {dag.py:3823} INFO - Setting next_dagrun for example_setup_teardown to 2024-12-19 00:00:00+00:00, run_after=2024-12-20 00:00:00+00:00
[2024-12-20T00:07:52.147+0000] {processor.py:183} INFO - Processing /home/airflow/.local/lib/python3.11/site-packages/airflow/example_dags/example_setup_teardown.py took 0.086 seconds
[2024-12-20T00:08:22.762+0000] {processor.py:161} INFO - Started process (PID=3325) to work on /home/airflow/.local/lib/python3.11/site-packages/airflow/example_dags/example_setup_teardown.py
[2024-12-20T00:08:22.763+0000] {processor.py:830} INFO - Processing file /home/airflow/.local/lib/python3.11/site-packages/airflow/example_dags/example_setup_teardown.py for tasks to queue
[2024-12-20T00:08:22.766+0000] {logging_mixin.py:188} INFO - [2024-12-20T00:08:22.765+0000] {dagbag.py:538} INFO - Filling up the DagBag from /home/airflow/.local/lib/python3.11/site-packages/airflow/example_dags/example_setup_teardown.py
[2024-12-20T00:08:22.773+0000] {processor.py:840} INFO - DAG(s) 'example_setup_teardown' retrieved from /home/airflow/.local/lib/python3.11/site-packages/airflow/example_dags/example_setup_teardown.py
[2024-12-20T00:08:22.794+0000] {logging_mixin.py:188} INFO - [2024-12-20T00:08:22.794+0000] {dag.py:3036} INFO - Sync 1 DAGs
[2024-12-20T00:08:22.816+0000] {logging_mixin.py:188} INFO - [2024-12-20T00:08:22.816+0000] {dag.py:3823} INFO - Setting next_dagrun for example_setup_teardown to 2024-12-19 00:00:00+00:00, run_after=2024-12-20 00:00:00+00:00
[2024-12-20T00:08:22.843+0000] {processor.py:183} INFO - Processing /home/airflow/.local/lib/python3.11/site-packages/airflow/example_dags/example_setup_teardown.py took 0.085 seconds
[2024-12-20T00:08:54.128+0000] {processor.py:161} INFO - Started process (PID=3398) to work on /home/airflow/.local/lib/python3.11/site-packages/airflow/example_dags/example_setup_teardown.py
[2024-12-20T00:08:54.130+0000] {processor.py:830} INFO - Processing file /home/airflow/.local/lib/python3.11/site-packages/airflow/example_dags/example_setup_teardown.py for tasks to queue
[2024-12-20T00:08:54.132+0000] {logging_mixin.py:188} INFO - [2024-12-20T00:08:54.132+0000] {dagbag.py:538} INFO - Filling up the DagBag from /home/airflow/.local/lib/python3.11/site-packages/airflow/example_dags/example_setup_teardown.py
[2024-12-20T00:08:54.140+0000] {processor.py:840} INFO - DAG(s) 'example_setup_teardown' retrieved from /home/airflow/.local/lib/python3.11/site-packages/airflow/example_dags/example_setup_teardown.py
[2024-12-20T00:08:54.165+0000] {logging_mixin.py:188} INFO - [2024-12-20T00:08:54.164+0000] {dag.py:3036} INFO - Sync 1 DAGs
[2024-12-20T00:08:54.186+0000] {logging_mixin.py:188} INFO - [2024-12-20T00:08:54.186+0000] {dag.py:3823} INFO - Setting next_dagrun for example_setup_teardown to 2024-12-19 00:00:00+00:00, run_after=2024-12-20 00:00:00+00:00
[2024-12-20T00:08:54.215+0000] {processor.py:183} INFO - Processing /home/airflow/.local/lib/python3.11/site-packages/airflow/example_dags/example_setup_teardown.py took 0.091 seconds
[2024-12-20T00:09:24.887+0000] {processor.py:161} INFO - Started process (PID=3477) to work on /home/airflow/.local/lib/python3.11/site-packages/airflow/example_dags/example_setup_teardown.py
[2024-12-20T00:09:24.888+0000] {processor.py:830} INFO - Processing file /home/airflow/.local/lib/python3.11/site-packages/airflow/example_dags/example_setup_teardown.py for tasks to queue
[2024-12-20T00:09:24.890+0000] {logging_mixin.py:188} INFO - [2024-12-20T00:09:24.890+0000] {dagbag.py:538} INFO - Filling up the DagBag from /home/airflow/.local/lib/python3.11/site-packages/airflow/example_dags/example_setup_teardown.py
[2024-12-20T00:09:24.900+0000] {processor.py:840} INFO - DAG(s) 'example_setup_teardown' retrieved from /home/airflow/.local/lib/python3.11/site-packages/airflow/example_dags/example_setup_teardown.py
[2024-12-20T00:09:24.925+0000] {logging_mixin.py:188} INFO - [2024-12-20T00:09:24.925+0000] {dag.py:3036} INFO - Sync 1 DAGs
[2024-12-20T00:09:24.952+0000] {logging_mixin.py:188} INFO - [2024-12-20T00:09:24.952+0000] {dag.py:3823} INFO - Setting next_dagrun for example_setup_teardown to 2024-12-19 00:00:00+00:00, run_after=2024-12-20 00:00:00+00:00
[2024-12-20T00:09:24.988+0000] {processor.py:183} INFO - Processing /home/airflow/.local/lib/python3.11/site-packages/airflow/example_dags/example_setup_teardown.py took 0.105 seconds
[2024-12-20T00:09:55.293+0000] {processor.py:161} INFO - Started process (PID=3549) to work on /home/airflow/.local/lib/python3.11/site-packages/airflow/example_dags/example_setup_teardown.py
[2024-12-20T00:09:55.294+0000] {processor.py:830} INFO - Processing file /home/airflow/.local/lib/python3.11/site-packages/airflow/example_dags/example_setup_teardown.py for tasks to queue
[2024-12-20T00:09:55.296+0000] {logging_mixin.py:188} INFO - [2024-12-20T00:09:55.296+0000] {dagbag.py:538} INFO - Filling up the DagBag from /home/airflow/.local/lib/python3.11/site-packages/airflow/example_dags/example_setup_teardown.py
[2024-12-20T00:09:55.304+0000] {processor.py:840} INFO - DAG(s) 'example_setup_teardown' retrieved from /home/airflow/.local/lib/python3.11/site-packages/airflow/example_dags/example_setup_teardown.py
[2024-12-20T00:09:55.327+0000] {logging_mixin.py:188} INFO - [2024-12-20T00:09:55.327+0000] {dag.py:3036} INFO - Sync 1 DAGs
[2024-12-20T00:09:55.349+0000] {logging_mixin.py:188} INFO - [2024-12-20T00:09:55.349+0000] {dag.py:3823} INFO - Setting next_dagrun for example_setup_teardown to 2024-12-19 00:00:00+00:00, run_after=2024-12-20 00:00:00+00:00
[2024-12-20T00:09:55.374+0000] {processor.py:183} INFO - Processing /home/airflow/.local/lib/python3.11/site-packages/airflow/example_dags/example_setup_teardown.py took 0.085 seconds
[2024-12-20T00:10:25.583+0000] {processor.py:161} INFO - Started process (PID=3612) to work on /home/airflow/.local/lib/python3.11/site-packages/airflow/example_dags/example_setup_teardown.py
[2024-12-20T00:10:25.585+0000] {processor.py:830} INFO - Processing file /home/airflow/.local/lib/python3.11/site-packages/airflow/example_dags/example_setup_teardown.py for tasks to queue
[2024-12-20T00:10:25.587+0000] {logging_mixin.py:188} INFO - [2024-12-20T00:10:25.587+0000] {dagbag.py:538} INFO - Filling up the DagBag from /home/airflow/.local/lib/python3.11/site-packages/airflow/example_dags/example_setup_teardown.py
[2024-12-20T00:10:25.594+0000] {processor.py:840} INFO - DAG(s) 'example_setup_teardown' retrieved from /home/airflow/.local/lib/python3.11/site-packages/airflow/example_dags/example_setup_teardown.py
[2024-12-20T00:10:25.617+0000] {logging_mixin.py:188} INFO - [2024-12-20T00:10:25.617+0000] {dag.py:3036} INFO - Sync 1 DAGs
[2024-12-20T00:10:25.640+0000] {logging_mixin.py:188} INFO - [2024-12-20T00:10:25.639+0000] {dag.py:3823} INFO - Setting next_dagrun for example_setup_teardown to 2024-12-19 00:00:00+00:00, run_after=2024-12-20 00:00:00+00:00
[2024-12-20T00:10:25.669+0000] {processor.py:183} INFO - Processing /home/airflow/.local/lib/python3.11/site-packages/airflow/example_dags/example_setup_teardown.py took 0.088 seconds
[2024-12-20T00:10:55.848+0000] {processor.py:161} INFO - Started process (PID=3691) to work on /home/airflow/.local/lib/python3.11/site-packages/airflow/example_dags/example_setup_teardown.py
[2024-12-20T00:10:55.849+0000] {processor.py:830} INFO - Processing file /home/airflow/.local/lib/python3.11/site-packages/airflow/example_dags/example_setup_teardown.py for tasks to queue
[2024-12-20T00:10:55.853+0000] {logging_mixin.py:188} INFO - [2024-12-20T00:10:55.852+0000] {dagbag.py:538} INFO - Filling up the DagBag from /home/airflow/.local/lib/python3.11/site-packages/airflow/example_dags/example_setup_teardown.py
[2024-12-20T00:10:55.863+0000] {processor.py:840} INFO - DAG(s) 'example_setup_teardown' retrieved from /home/airflow/.local/lib/python3.11/site-packages/airflow/example_dags/example_setup_teardown.py
[2024-12-20T00:10:55.891+0000] {logging_mixin.py:188} INFO - [2024-12-20T00:10:55.891+0000] {dag.py:3036} INFO - Sync 1 DAGs
[2024-12-20T00:10:55.922+0000] {logging_mixin.py:188} INFO - [2024-12-20T00:10:55.922+0000] {dag.py:3823} INFO - Setting next_dagrun for example_setup_teardown to 2024-12-19 00:00:00+00:00, run_after=2024-12-20 00:00:00+00:00
[2024-12-20T00:10:55.949+0000] {processor.py:183} INFO - Processing /home/airflow/.local/lib/python3.11/site-packages/airflow/example_dags/example_setup_teardown.py took 0.105 seconds
[2024-12-20T00:11:26.399+0000] {processor.py:161} INFO - Started process (PID=3763) to work on /home/airflow/.local/lib/python3.11/site-packages/airflow/example_dags/example_setup_teardown.py
[2024-12-20T00:11:26.401+0000] {processor.py:830} INFO - Processing file /home/airflow/.local/lib/python3.11/site-packages/airflow/example_dags/example_setup_teardown.py for tasks to queue
[2024-12-20T00:11:26.404+0000] {logging_mixin.py:188} INFO - [2024-12-20T00:11:26.404+0000] {dagbag.py:538} INFO - Filling up the DagBag from /home/airflow/.local/lib/python3.11/site-packages/airflow/example_dags/example_setup_teardown.py
[2024-12-20T00:11:26.413+0000] {processor.py:840} INFO - DAG(s) 'example_setup_teardown' retrieved from /home/airflow/.local/lib/python3.11/site-packages/airflow/example_dags/example_setup_teardown.py
[2024-12-20T00:11:26.436+0000] {logging_mixin.py:188} INFO - [2024-12-20T00:11:26.436+0000] {dag.py:3036} INFO - Sync 1 DAGs
[2024-12-20T00:11:26.460+0000] {logging_mixin.py:188} INFO - [2024-12-20T00:11:26.459+0000] {dag.py:3823} INFO - Setting next_dagrun for example_setup_teardown to 2024-12-19 00:00:00+00:00, run_after=2024-12-20 00:00:00+00:00
[2024-12-20T00:11:26.487+0000] {processor.py:183} INFO - Processing /home/airflow/.local/lib/python3.11/site-packages/airflow/example_dags/example_setup_teardown.py took 0.093 seconds
[2024-12-20T00:11:56.814+0000] {processor.py:161} INFO - Started process (PID=3835) to work on /home/airflow/.local/lib/python3.11/site-packages/airflow/example_dags/example_setup_teardown.py
[2024-12-20T00:11:56.815+0000] {processor.py:830} INFO - Processing file /home/airflow/.local/lib/python3.11/site-packages/airflow/example_dags/example_setup_teardown.py for tasks to queue
[2024-12-20T00:11:56.818+0000] {logging_mixin.py:188} INFO - [2024-12-20T00:11:56.818+0000] {dagbag.py:538} INFO - Filling up the DagBag from /home/airflow/.local/lib/python3.11/site-packages/airflow/example_dags/example_setup_teardown.py
[2024-12-20T00:11:56.829+0000] {processor.py:840} INFO - DAG(s) 'example_setup_teardown' retrieved from /home/airflow/.local/lib/python3.11/site-packages/airflow/example_dags/example_setup_teardown.py
[2024-12-20T00:11:56.863+0000] {logging_mixin.py:188} INFO - [2024-12-20T00:11:56.863+0000] {dag.py:3036} INFO - Sync 1 DAGs
[2024-12-20T00:11:56.900+0000] {logging_mixin.py:188} INFO - [2024-12-20T00:11:56.899+0000] {dag.py:3823} INFO - Setting next_dagrun for example_setup_teardown to 2024-12-19 00:00:00+00:00, run_after=2024-12-20 00:00:00+00:00
[2024-12-20T00:11:56.937+0000] {processor.py:183} INFO - Processing /home/airflow/.local/lib/python3.11/site-packages/airflow/example_dags/example_setup_teardown.py took 0.129 seconds
[2024-12-20T00:12:27.125+0000] {processor.py:161} INFO - Started process (PID=3907) to work on /home/airflow/.local/lib/python3.11/site-packages/airflow/example_dags/example_setup_teardown.py
[2024-12-20T00:12:27.126+0000] {processor.py:830} INFO - Processing file /home/airflow/.local/lib/python3.11/site-packages/airflow/example_dags/example_setup_teardown.py for tasks to queue
[2024-12-20T00:12:27.130+0000] {logging_mixin.py:188} INFO - [2024-12-20T00:12:27.129+0000] {dagbag.py:538} INFO - Filling up the DagBag from /home/airflow/.local/lib/python3.11/site-packages/airflow/example_dags/example_setup_teardown.py
[2024-12-20T00:12:27.141+0000] {processor.py:840} INFO - DAG(s) 'example_setup_teardown' retrieved from /home/airflow/.local/lib/python3.11/site-packages/airflow/example_dags/example_setup_teardown.py
[2024-12-20T00:12:27.168+0000] {logging_mixin.py:188} INFO - [2024-12-20T00:12:27.168+0000] {dag.py:3036} INFO - Sync 1 DAGs
[2024-12-20T00:12:27.193+0000] {logging_mixin.py:188} INFO - [2024-12-20T00:12:27.192+0000] {dag.py:3823} INFO - Setting next_dagrun for example_setup_teardown to 2024-12-19 00:00:00+00:00, run_after=2024-12-20 00:00:00+00:00
[2024-12-20T00:12:27.222+0000] {processor.py:183} INFO - Processing /home/airflow/.local/lib/python3.11/site-packages/airflow/example_dags/example_setup_teardown.py took 0.101 seconds
[2024-12-20T09:17:22.089+0000] {processor.py:161} INFO - Started process (PID=3984) to work on /home/airflow/.local/lib/python3.11/site-packages/airflow/example_dags/example_setup_teardown.py
[2024-12-20T09:17:22.105+0000] {processor.py:830} INFO - Processing file /home/airflow/.local/lib/python3.11/site-packages/airflow/example_dags/example_setup_teardown.py for tasks to queue
[2024-12-20T09:17:22.120+0000] {logging_mixin.py:188} INFO - [2024-12-20T09:17:22.114+0000] {dagbag.py:538} INFO - Filling up the DagBag from /home/airflow/.local/lib/python3.11/site-packages/airflow/example_dags/example_setup_teardown.py
[2024-12-20T09:17:22.240+0000] {processor.py:840} INFO - DAG(s) 'example_setup_teardown' retrieved from /home/airflow/.local/lib/python3.11/site-packages/airflow/example_dags/example_setup_teardown.py
[2024-12-20T09:17:22.596+0000] {logging_mixin.py:188} INFO - [2024-12-20T09:17:22.596+0000] {dag.py:3036} INFO - Sync 1 DAGs
[2024-12-20T09:17:22.670+0000] {logging_mixin.py:188} INFO - [2024-12-20T09:17:22.669+0000] {dag.py:3823} INFO - Setting next_dagrun for example_setup_teardown to 2024-12-19 00:00:00+00:00, run_after=2024-12-20 00:00:00+00:00
[2024-12-20T09:17:22.730+0000] {processor.py:183} INFO - Processing /home/airflow/.local/lib/python3.11/site-packages/airflow/example_dags/example_setup_teardown.py took 0.708 seconds
[2024-12-20T09:17:52.919+0000] {processor.py:161} INFO - Started process (PID=4056) to work on /home/airflow/.local/lib/python3.11/site-packages/airflow/example_dags/example_setup_teardown.py
[2024-12-20T09:17:52.921+0000] {processor.py:830} INFO - Processing file /home/airflow/.local/lib/python3.11/site-packages/airflow/example_dags/example_setup_teardown.py for tasks to queue
[2024-12-20T09:17:52.922+0000] {logging_mixin.py:188} INFO - [2024-12-20T09:17:52.922+0000] {dagbag.py:538} INFO - Filling up the DagBag from /home/airflow/.local/lib/python3.11/site-packages/airflow/example_dags/example_setup_teardown.py
[2024-12-20T09:17:52.931+0000] {processor.py:840} INFO - DAG(s) 'example_setup_teardown' retrieved from /home/airflow/.local/lib/python3.11/site-packages/airflow/example_dags/example_setup_teardown.py
[2024-12-20T09:17:52.957+0000] {logging_mixin.py:188} INFO - [2024-12-20T09:17:52.957+0000] {dag.py:3036} INFO - Sync 1 DAGs
[2024-12-20T09:17:52.980+0000] {logging_mixin.py:188} INFO - [2024-12-20T09:17:52.980+0000] {dag.py:3823} INFO - Setting next_dagrun for example_setup_teardown to 2024-12-19 00:00:00+00:00, run_after=2024-12-20 00:00:00+00:00
[2024-12-20T09:17:53.009+0000] {processor.py:183} INFO - Processing /home/airflow/.local/lib/python3.11/site-packages/airflow/example_dags/example_setup_teardown.py took 0.094 seconds
[2024-12-20T09:18:23.948+0000] {processor.py:161} INFO - Started process (PID=4126) to work on /home/airflow/.local/lib/python3.11/site-packages/airflow/example_dags/example_setup_teardown.py
[2024-12-20T09:18:23.949+0000] {processor.py:830} INFO - Processing file /home/airflow/.local/lib/python3.11/site-packages/airflow/example_dags/example_setup_teardown.py for tasks to queue
[2024-12-20T09:18:23.950+0000] {logging_mixin.py:188} INFO - [2024-12-20T09:18:23.950+0000] {dagbag.py:538} INFO - Filling up the DagBag from /home/airflow/.local/lib/python3.11/site-packages/airflow/example_dags/example_setup_teardown.py
[2024-12-20T09:18:23.959+0000] {processor.py:840} INFO - DAG(s) 'example_setup_teardown' retrieved from /home/airflow/.local/lib/python3.11/site-packages/airflow/example_dags/example_setup_teardown.py
[2024-12-20T09:18:23.983+0000] {logging_mixin.py:188} INFO - [2024-12-20T09:18:23.983+0000] {dag.py:3036} INFO - Sync 1 DAGs
[2024-12-20T09:18:24.004+0000] {logging_mixin.py:188} INFO - [2024-12-20T09:18:24.004+0000] {dag.py:3823} INFO - Setting next_dagrun for example_setup_teardown to 2024-12-19 00:00:00+00:00, run_after=2024-12-20 00:00:00+00:00
[2024-12-20T09:18:24.032+0000] {processor.py:183} INFO - Processing /home/airflow/.local/lib/python3.11/site-packages/airflow/example_dags/example_setup_teardown.py took 0.088 seconds
[2024-12-20T09:18:54.584+0000] {processor.py:161} INFO - Started process (PID=4198) to work on /home/airflow/.local/lib/python3.11/site-packages/airflow/example_dags/example_setup_teardown.py
[2024-12-20T09:18:54.587+0000] {processor.py:830} INFO - Processing file /home/airflow/.local/lib/python3.11/site-packages/airflow/example_dags/example_setup_teardown.py for tasks to queue
[2024-12-20T09:18:54.589+0000] {logging_mixin.py:188} INFO - [2024-12-20T09:18:54.588+0000] {dagbag.py:538} INFO - Filling up the DagBag from /home/airflow/.local/lib/python3.11/site-packages/airflow/example_dags/example_setup_teardown.py
[2024-12-20T09:18:54.604+0000] {processor.py:840} INFO - DAG(s) 'example_setup_teardown' retrieved from /home/airflow/.local/lib/python3.11/site-packages/airflow/example_dags/example_setup_teardown.py
[2024-12-20T09:18:54.647+0000] {logging_mixin.py:188} INFO - [2024-12-20T09:18:54.647+0000] {dag.py:3036} INFO - Sync 1 DAGs
[2024-12-20T09:18:54.690+0000] {logging_mixin.py:188} INFO - [2024-12-20T09:18:54.689+0000] {dag.py:3823} INFO - Setting next_dagrun for example_setup_teardown to 2024-12-19 00:00:00+00:00, run_after=2024-12-20 00:00:00+00:00
[2024-12-20T09:18:54.736+0000] {processor.py:183} INFO - Processing /home/airflow/.local/lib/python3.11/site-packages/airflow/example_dags/example_setup_teardown.py took 0.157 seconds
[2024-12-20T09:19:25.135+0000] {processor.py:161} INFO - Started process (PID=4274) to work on /home/airflow/.local/lib/python3.11/site-packages/airflow/example_dags/example_setup_teardown.py
[2024-12-20T09:19:25.145+0000] {processor.py:830} INFO - Processing file /home/airflow/.local/lib/python3.11/site-packages/airflow/example_dags/example_setup_teardown.py for tasks to queue
[2024-12-20T09:19:25.147+0000] {logging_mixin.py:188} INFO - [2024-12-20T09:19:25.146+0000] {dagbag.py:538} INFO - Filling up the DagBag from /home/airflow/.local/lib/python3.11/site-packages/airflow/example_dags/example_setup_teardown.py
[2024-12-20T09:19:25.160+0000] {processor.py:840} INFO - DAG(s) 'example_setup_teardown' retrieved from /home/airflow/.local/lib/python3.11/site-packages/airflow/example_dags/example_setup_teardown.py
[2024-12-20T09:19:25.205+0000] {logging_mixin.py:188} INFO - [2024-12-20T09:19:25.205+0000] {dag.py:3036} INFO - Sync 1 DAGs
[2024-12-20T09:19:25.258+0000] {logging_mixin.py:188} INFO - [2024-12-20T09:19:25.258+0000] {dag.py:3823} INFO - Setting next_dagrun for example_setup_teardown to 2024-12-19 00:00:00+00:00, run_after=2024-12-20 00:00:00+00:00
[2024-12-20T09:19:25.303+0000] {processor.py:183} INFO - Processing /home/airflow/.local/lib/python3.11/site-packages/airflow/example_dags/example_setup_teardown.py took 0.174 seconds
[2024-12-20T09:19:55.851+0000] {processor.py:161} INFO - Started process (PID=4337) to work on /home/airflow/.local/lib/python3.11/site-packages/airflow/example_dags/example_setup_teardown.py
[2024-12-20T09:19:55.853+0000] {processor.py:830} INFO - Processing file /home/airflow/.local/lib/python3.11/site-packages/airflow/example_dags/example_setup_teardown.py for tasks to queue
[2024-12-20T09:19:55.856+0000] {logging_mixin.py:188} INFO - [2024-12-20T09:19:55.855+0000] {dagbag.py:538} INFO - Filling up the DagBag from /home/airflow/.local/lib/python3.11/site-packages/airflow/example_dags/example_setup_teardown.py
[2024-12-20T09:19:55.872+0000] {processor.py:840} INFO - DAG(s) 'example_setup_teardown' retrieved from /home/airflow/.local/lib/python3.11/site-packages/airflow/example_dags/example_setup_teardown.py
[2024-12-20T09:19:55.921+0000] {logging_mixin.py:188} INFO - [2024-12-20T09:19:55.920+0000] {dag.py:3036} INFO - Sync 1 DAGs
[2024-12-20T09:19:55.966+0000] {logging_mixin.py:188} INFO - [2024-12-20T09:19:55.966+0000] {dag.py:3823} INFO - Setting next_dagrun for example_setup_teardown to 2024-12-19 00:00:00+00:00, run_after=2024-12-20 00:00:00+00:00
[2024-12-20T09:19:56.016+0000] {processor.py:183} INFO - Processing /home/airflow/.local/lib/python3.11/site-packages/airflow/example_dags/example_setup_teardown.py took 0.173 seconds
[2024-12-20T09:20:26.377+0000] {processor.py:161} INFO - Started process (PID=4407) to work on /home/airflow/.local/lib/python3.11/site-packages/airflow/example_dags/example_setup_teardown.py
[2024-12-20T09:20:26.383+0000] {processor.py:830} INFO - Processing file /home/airflow/.local/lib/python3.11/site-packages/airflow/example_dags/example_setup_teardown.py for tasks to queue
[2024-12-20T09:20:26.393+0000] {logging_mixin.py:188} INFO - [2024-12-20T09:20:26.392+0000] {dagbag.py:538} INFO - Filling up the DagBag from /home/airflow/.local/lib/python3.11/site-packages/airflow/example_dags/example_setup_teardown.py
[2024-12-20T09:20:26.448+0000] {processor.py:840} INFO - DAG(s) 'example_setup_teardown' retrieved from /home/airflow/.local/lib/python3.11/site-packages/airflow/example_dags/example_setup_teardown.py
[2024-12-20T09:20:26.580+0000] {logging_mixin.py:188} INFO - [2024-12-20T09:20:26.579+0000] {dag.py:3036} INFO - Sync 1 DAGs
[2024-12-20T09:20:26.679+0000] {logging_mixin.py:188} INFO - [2024-12-20T09:20:26.674+0000] {dag.py:3823} INFO - Setting next_dagrun for example_setup_teardown to 2024-12-19 00:00:00+00:00, run_after=2024-12-20 00:00:00+00:00
[2024-12-20T09:20:26.794+0000] {processor.py:183} INFO - Processing /home/airflow/.local/lib/python3.11/site-packages/airflow/example_dags/example_setup_teardown.py took 0.425 seconds
[2024-12-20T09:20:57.553+0000] {processor.py:161} INFO - Started process (PID=4473) to work on /home/airflow/.local/lib/python3.11/site-packages/airflow/example_dags/example_setup_teardown.py
[2024-12-20T09:20:57.556+0000] {processor.py:830} INFO - Processing file /home/airflow/.local/lib/python3.11/site-packages/airflow/example_dags/example_setup_teardown.py for tasks to queue
[2024-12-20T09:20:57.558+0000] {logging_mixin.py:188} INFO - [2024-12-20T09:20:57.558+0000] {dagbag.py:538} INFO - Filling up the DagBag from /home/airflow/.local/lib/python3.11/site-packages/airflow/example_dags/example_setup_teardown.py
[2024-12-20T09:20:57.576+0000] {processor.py:840} INFO - DAG(s) 'example_setup_teardown' retrieved from /home/airflow/.local/lib/python3.11/site-packages/airflow/example_dags/example_setup_teardown.py
[2024-12-20T09:20:57.643+0000] {logging_mixin.py:188} INFO - [2024-12-20T09:20:57.643+0000] {dag.py:3036} INFO - Sync 1 DAGs
[2024-12-20T09:20:57.723+0000] {logging_mixin.py:188} INFO - [2024-12-20T09:20:57.722+0000] {dag.py:3823} INFO - Setting next_dagrun for example_setup_teardown to 2024-12-19 00:00:00+00:00, run_after=2024-12-20 00:00:00+00:00
[2024-12-20T09:20:57.760+0000] {processor.py:183} INFO - Processing /home/airflow/.local/lib/python3.11/site-packages/airflow/example_dags/example_setup_teardown.py took 0.215 seconds
[2024-12-20T09:21:28.362+0000] {processor.py:161} INFO - Started process (PID=4548) to work on /home/airflow/.local/lib/python3.11/site-packages/airflow/example_dags/example_setup_teardown.py
[2024-12-20T09:21:28.374+0000] {processor.py:830} INFO - Processing file /home/airflow/.local/lib/python3.11/site-packages/airflow/example_dags/example_setup_teardown.py for tasks to queue
[2024-12-20T09:21:28.386+0000] {logging_mixin.py:188} INFO - [2024-12-20T09:21:28.385+0000] {dagbag.py:538} INFO - Filling up the DagBag from /home/airflow/.local/lib/python3.11/site-packages/airflow/example_dags/example_setup_teardown.py
[2024-12-20T09:21:28.408+0000] {processor.py:840} INFO - DAG(s) 'example_setup_teardown' retrieved from /home/airflow/.local/lib/python3.11/site-packages/airflow/example_dags/example_setup_teardown.py
[2024-12-20T09:21:28.503+0000] {logging_mixin.py:188} INFO - [2024-12-20T09:21:28.503+0000] {dag.py:3036} INFO - Sync 1 DAGs
[2024-12-20T09:21:28.583+0000] {logging_mixin.py:188} INFO - [2024-12-20T09:21:28.582+0000] {dag.py:3823} INFO - Setting next_dagrun for example_setup_teardown to 2024-12-19 00:00:00+00:00, run_after=2024-12-20 00:00:00+00:00
[2024-12-20T09:21:28.664+0000] {processor.py:183} INFO - Processing /home/airflow/.local/lib/python3.11/site-packages/airflow/example_dags/example_setup_teardown.py took 0.319 seconds
[2024-12-20T09:21:59.931+0000] {processor.py:161} INFO - Started process (PID=4612) to work on /home/airflow/.local/lib/python3.11/site-packages/airflow/example_dags/example_setup_teardown.py
[2024-12-20T09:21:59.941+0000] {processor.py:830} INFO - Processing file /home/airflow/.local/lib/python3.11/site-packages/airflow/example_dags/example_setup_teardown.py for tasks to queue
[2024-12-20T09:21:59.943+0000] {logging_mixin.py:188} INFO - [2024-12-20T09:21:59.943+0000] {dagbag.py:538} INFO - Filling up the DagBag from /home/airflow/.local/lib/python3.11/site-packages/airflow/example_dags/example_setup_teardown.py
[2024-12-20T09:21:59.958+0000] {processor.py:840} INFO - DAG(s) 'example_setup_teardown' retrieved from /home/airflow/.local/lib/python3.11/site-packages/airflow/example_dags/example_setup_teardown.py
[2024-12-20T09:22:00.032+0000] {logging_mixin.py:188} INFO - [2024-12-20T09:22:00.032+0000] {dag.py:3036} INFO - Sync 1 DAGs
[2024-12-20T09:22:00.077+0000] {logging_mixin.py:188} INFO - [2024-12-20T09:22:00.077+0000] {dag.py:3823} INFO - Setting next_dagrun for example_setup_teardown to 2024-12-19 00:00:00+00:00, run_after=2024-12-20 00:00:00+00:00
[2024-12-20T09:22:00.127+0000] {processor.py:183} INFO - Processing /home/airflow/.local/lib/python3.11/site-packages/airflow/example_dags/example_setup_teardown.py took 0.202 seconds
[2024-12-20T09:22:30.731+0000] {processor.py:161} INFO - Started process (PID=4683) to work on /home/airflow/.local/lib/python3.11/site-packages/airflow/example_dags/example_setup_teardown.py
[2024-12-20T09:22:30.744+0000] {processor.py:830} INFO - Processing file /home/airflow/.local/lib/python3.11/site-packages/airflow/example_dags/example_setup_teardown.py for tasks to queue
[2024-12-20T09:22:30.748+0000] {logging_mixin.py:188} INFO - [2024-12-20T09:22:30.747+0000] {dagbag.py:538} INFO - Filling up the DagBag from /home/airflow/.local/lib/python3.11/site-packages/airflow/example_dags/example_setup_teardown.py
[2024-12-20T09:22:30.807+0000] {processor.py:840} INFO - DAG(s) 'example_setup_teardown' retrieved from /home/airflow/.local/lib/python3.11/site-packages/airflow/example_dags/example_setup_teardown.py
[2024-12-20T09:22:30.891+0000] {logging_mixin.py:188} INFO - [2024-12-20T09:22:30.891+0000] {dag.py:3036} INFO - Sync 1 DAGs
[2024-12-20T09:22:31.037+0000] {logging_mixin.py:188} INFO - [2024-12-20T09:22:31.037+0000] {dag.py:3823} INFO - Setting next_dagrun for example_setup_teardown to 2024-12-19 00:00:00+00:00, run_after=2024-12-20 00:00:00+00:00
[2024-12-20T09:22:31.132+0000] {processor.py:183} INFO - Processing /home/airflow/.local/lib/python3.11/site-packages/airflow/example_dags/example_setup_teardown.py took 0.407 seconds
[2024-12-20T09:23:01.413+0000] {processor.py:161} INFO - Started process (PID=4747) to work on /home/airflow/.local/lib/python3.11/site-packages/airflow/example_dags/example_setup_teardown.py
[2024-12-20T09:23:01.415+0000] {processor.py:830} INFO - Processing file /home/airflow/.local/lib/python3.11/site-packages/airflow/example_dags/example_setup_teardown.py for tasks to queue
[2024-12-20T09:23:01.418+0000] {logging_mixin.py:188} INFO - [2024-12-20T09:23:01.417+0000] {dagbag.py:538} INFO - Filling up the DagBag from /home/airflow/.local/lib/python3.11/site-packages/airflow/example_dags/example_setup_teardown.py
[2024-12-20T09:23:01.437+0000] {processor.py:840} INFO - DAG(s) 'example_setup_teardown' retrieved from /home/airflow/.local/lib/python3.11/site-packages/airflow/example_dags/example_setup_teardown.py
[2024-12-20T09:23:01.482+0000] {logging_mixin.py:188} INFO - [2024-12-20T09:23:01.481+0000] {dag.py:3036} INFO - Sync 1 DAGs
[2024-12-20T09:23:01.527+0000] {logging_mixin.py:188} INFO - [2024-12-20T09:23:01.527+0000] {dag.py:3823} INFO - Setting next_dagrun for example_setup_teardown to 2024-12-19 00:00:00+00:00, run_after=2024-12-20 00:00:00+00:00
[2024-12-20T09:23:01.585+0000] {processor.py:183} INFO - Processing /home/airflow/.local/lib/python3.11/site-packages/airflow/example_dags/example_setup_teardown.py took 0.180 seconds
[2024-12-20T09:23:31.682+0000] {processor.py:161} INFO - Started process (PID=4820) to work on /home/airflow/.local/lib/python3.11/site-packages/airflow/example_dags/example_setup_teardown.py
[2024-12-20T09:23:31.684+0000] {processor.py:830} INFO - Processing file /home/airflow/.local/lib/python3.11/site-packages/airflow/example_dags/example_setup_teardown.py for tasks to queue
[2024-12-20T09:23:31.686+0000] {logging_mixin.py:188} INFO - [2024-12-20T09:23:31.685+0000] {dagbag.py:538} INFO - Filling up the DagBag from /home/airflow/.local/lib/python3.11/site-packages/airflow/example_dags/example_setup_teardown.py
[2024-12-20T09:23:31.703+0000] {processor.py:840} INFO - DAG(s) 'example_setup_teardown' retrieved from /home/airflow/.local/lib/python3.11/site-packages/airflow/example_dags/example_setup_teardown.py
[2024-12-20T09:23:31.747+0000] {logging_mixin.py:188} INFO - [2024-12-20T09:23:31.746+0000] {dag.py:3036} INFO - Sync 1 DAGs
[2024-12-20T09:23:31.790+0000] {logging_mixin.py:188} INFO - [2024-12-20T09:23:31.789+0000] {dag.py:3823} INFO - Setting next_dagrun for example_setup_teardown to 2024-12-19 00:00:00+00:00, run_after=2024-12-20 00:00:00+00:00
[2024-12-20T09:23:31.832+0000] {processor.py:183} INFO - Processing /home/airflow/.local/lib/python3.11/site-packages/airflow/example_dags/example_setup_teardown.py took 0.158 seconds
[2024-12-20T09:24:02.082+0000] {processor.py:161} INFO - Started process (PID=4892) to work on /home/airflow/.local/lib/python3.11/site-packages/airflow/example_dags/example_setup_teardown.py
[2024-12-20T09:24:02.084+0000] {processor.py:830} INFO - Processing file /home/airflow/.local/lib/python3.11/site-packages/airflow/example_dags/example_setup_teardown.py for tasks to queue
[2024-12-20T09:24:02.086+0000] {logging_mixin.py:188} INFO - [2024-12-20T09:24:02.086+0000] {dagbag.py:538} INFO - Filling up the DagBag from /home/airflow/.local/lib/python3.11/site-packages/airflow/example_dags/example_setup_teardown.py
[2024-12-20T09:24:02.100+0000] {processor.py:840} INFO - DAG(s) 'example_setup_teardown' retrieved from /home/airflow/.local/lib/python3.11/site-packages/airflow/example_dags/example_setup_teardown.py
[2024-12-20T09:24:02.137+0000] {logging_mixin.py:188} INFO - [2024-12-20T09:24:02.136+0000] {dag.py:3036} INFO - Sync 1 DAGs
[2024-12-20T09:24:02.164+0000] {logging_mixin.py:188} INFO - [2024-12-20T09:24:02.164+0000] {dag.py:3823} INFO - Setting next_dagrun for example_setup_teardown to 2024-12-19 00:00:00+00:00, run_after=2024-12-20 00:00:00+00:00
[2024-12-20T09:24:02.197+0000] {processor.py:183} INFO - Processing /home/airflow/.local/lib/python3.11/site-packages/airflow/example_dags/example_setup_teardown.py took 0.121 seconds
[2024-12-20T09:24:32.315+0000] {processor.py:161} INFO - Started process (PID=4955) to work on /home/airflow/.local/lib/python3.11/site-packages/airflow/example_dags/example_setup_teardown.py
[2024-12-20T09:24:32.317+0000] {processor.py:830} INFO - Processing file /home/airflow/.local/lib/python3.11/site-packages/airflow/example_dags/example_setup_teardown.py for tasks to queue
[2024-12-20T09:24:32.319+0000] {logging_mixin.py:188} INFO - [2024-12-20T09:24:32.319+0000] {dagbag.py:538} INFO - Filling up the DagBag from /home/airflow/.local/lib/python3.11/site-packages/airflow/example_dags/example_setup_teardown.py
[2024-12-20T09:24:32.335+0000] {processor.py:840} INFO - DAG(s) 'example_setup_teardown' retrieved from /home/airflow/.local/lib/python3.11/site-packages/airflow/example_dags/example_setup_teardown.py
[2024-12-20T09:24:32.379+0000] {logging_mixin.py:188} INFO - [2024-12-20T09:24:32.379+0000] {dag.py:3036} INFO - Sync 1 DAGs
[2024-12-20T09:24:32.424+0000] {logging_mixin.py:188} INFO - [2024-12-20T09:24:32.424+0000] {dag.py:3823} INFO - Setting next_dagrun for example_setup_teardown to 2024-12-19 00:00:00+00:00, run_after=2024-12-20 00:00:00+00:00
[2024-12-20T09:24:32.470+0000] {processor.py:183} INFO - Processing /home/airflow/.local/lib/python3.11/site-packages/airflow/example_dags/example_setup_teardown.py took 0.162 seconds
[2024-12-20T09:25:03.314+0000] {processor.py:161} INFO - Started process (PID=5034) to work on /home/airflow/.local/lib/python3.11/site-packages/airflow/example_dags/example_setup_teardown.py
[2024-12-20T09:25:03.316+0000] {processor.py:830} INFO - Processing file /home/airflow/.local/lib/python3.11/site-packages/airflow/example_dags/example_setup_teardown.py for tasks to queue
[2024-12-20T09:25:03.318+0000] {logging_mixin.py:188} INFO - [2024-12-20T09:25:03.317+0000] {dagbag.py:538} INFO - Filling up the DagBag from /home/airflow/.local/lib/python3.11/site-packages/airflow/example_dags/example_setup_teardown.py
[2024-12-20T09:25:03.329+0000] {processor.py:840} INFO - DAG(s) 'example_setup_teardown' retrieved from /home/airflow/.local/lib/python3.11/site-packages/airflow/example_dags/example_setup_teardown.py
[2024-12-20T09:25:03.368+0000] {logging_mixin.py:188} INFO - [2024-12-20T09:25:03.368+0000] {dag.py:3036} INFO - Sync 1 DAGs
[2024-12-20T09:25:03.405+0000] {logging_mixin.py:188} INFO - [2024-12-20T09:25:03.405+0000] {dag.py:3823} INFO - Setting next_dagrun for example_setup_teardown to 2024-12-19 00:00:00+00:00, run_after=2024-12-20 00:00:00+00:00
[2024-12-20T09:25:03.442+0000] {processor.py:183} INFO - Processing /home/airflow/.local/lib/python3.11/site-packages/airflow/example_dags/example_setup_teardown.py took 0.133 seconds
[2024-12-20T09:25:33.760+0000] {processor.py:161} INFO - Started process (PID=5106) to work on /home/airflow/.local/lib/python3.11/site-packages/airflow/example_dags/example_setup_teardown.py
[2024-12-20T09:25:33.762+0000] {processor.py:830} INFO - Processing file /home/airflow/.local/lib/python3.11/site-packages/airflow/example_dags/example_setup_teardown.py for tasks to queue
[2024-12-20T09:25:33.764+0000] {logging_mixin.py:188} INFO - [2024-12-20T09:25:33.763+0000] {dagbag.py:538} INFO - Filling up the DagBag from /home/airflow/.local/lib/python3.11/site-packages/airflow/example_dags/example_setup_teardown.py
[2024-12-20T09:25:33.780+0000] {processor.py:840} INFO - DAG(s) 'example_setup_teardown' retrieved from /home/airflow/.local/lib/python3.11/site-packages/airflow/example_dags/example_setup_teardown.py
[2024-12-20T09:25:33.812+0000] {logging_mixin.py:188} INFO - [2024-12-20T09:25:33.812+0000] {dag.py:3036} INFO - Sync 1 DAGs
[2024-12-20T09:25:33.842+0000] {logging_mixin.py:188} INFO - [2024-12-20T09:25:33.842+0000] {dag.py:3823} INFO - Setting next_dagrun for example_setup_teardown to 2024-12-19 00:00:00+00:00, run_after=2024-12-20 00:00:00+00:00
[2024-12-20T09:25:33.868+0000] {processor.py:183} INFO - Processing /home/airflow/.local/lib/python3.11/site-packages/airflow/example_dags/example_setup_teardown.py took 0.115 seconds
