[2024-12-20T00:00:10.777+0000] {processor.py:161} INFO - Started process (PID=2129) to work on /home/airflow/.local/lib/python3.11/site-packages/airflow/example_dags/example_branch_labels.py
[2024-12-20T00:00:10.779+0000] {processor.py:830} INFO - Processing file /home/airflow/.local/lib/python3.11/site-packages/airflow/example_dags/example_branch_labels.py for tasks to queue
[2024-12-20T00:00:10.782+0000] {logging_mixin.py:188} INFO - [2024-12-20T00:00:10.782+0000] {dagbag.py:538} INFO - Filling up the DagBag from /home/airflow/.local/lib/python3.11/site-packages/airflow/example_dags/example_branch_labels.py
[2024-12-20T00:00:10.793+0000] {processor.py:840} INFO - DAG(s) 'example_branch_labels' retrieved from /home/airflow/.local/lib/python3.11/site-packages/airflow/example_dags/example_branch_labels.py
[2024-12-20T00:00:10.835+0000] {logging_mixin.py:188} INFO - [2024-12-20T00:00:10.834+0000] {dag.py:3036} INFO - Sync 1 DAGs
[2024-12-20T00:00:10.867+0000] {logging_mixin.py:188} INFO - [2024-12-20T00:00:10.867+0000] {dag.py:3823} INFO - Setting next_dagrun for example_branch_labels to 2024-12-19 00:00:00+00:00, run_after=2024-12-20 00:00:00+00:00
[2024-12-20T00:00:10.887+0000] {processor.py:183} INFO - Processing /home/airflow/.local/lib/python3.11/site-packages/airflow/example_dags/example_branch_labels.py took 0.114 seconds
[2024-12-20T00:00:41.285+0000] {processor.py:161} INFO - Started process (PID=2208) to work on /home/airflow/.local/lib/python3.11/site-packages/airflow/example_dags/example_branch_labels.py
[2024-12-20T00:00:41.286+0000] {processor.py:830} INFO - Processing file /home/airflow/.local/lib/python3.11/site-packages/airflow/example_dags/example_branch_labels.py for tasks to queue
[2024-12-20T00:00:41.289+0000] {logging_mixin.py:188} INFO - [2024-12-20T00:00:41.289+0000] {dagbag.py:538} INFO - Filling up the DagBag from /home/airflow/.local/lib/python3.11/site-packages/airflow/example_dags/example_branch_labels.py
[2024-12-20T00:00:41.299+0000] {processor.py:840} INFO - DAG(s) 'example_branch_labels' retrieved from /home/airflow/.local/lib/python3.11/site-packages/airflow/example_dags/example_branch_labels.py
[2024-12-20T00:00:41.325+0000] {logging_mixin.py:188} INFO - [2024-12-20T00:00:41.324+0000] {dag.py:3036} INFO - Sync 1 DAGs
[2024-12-20T00:00:41.349+0000] {logging_mixin.py:188} INFO - [2024-12-20T00:00:41.349+0000] {dag.py:3823} INFO - Setting next_dagrun for example_branch_labels to 2024-12-19 00:00:00+00:00, run_after=2024-12-20 00:00:00+00:00
[2024-12-20T00:00:41.377+0000] {processor.py:183} INFO - Processing /home/airflow/.local/lib/python3.11/site-packages/airflow/example_dags/example_branch_labels.py took 0.096 seconds
[2024-12-20T00:01:12.050+0000] {processor.py:161} INFO - Started process (PID=2280) to work on /home/airflow/.local/lib/python3.11/site-packages/airflow/example_dags/example_branch_labels.py
[2024-12-20T00:01:12.051+0000] {processor.py:830} INFO - Processing file /home/airflow/.local/lib/python3.11/site-packages/airflow/example_dags/example_branch_labels.py for tasks to queue
[2024-12-20T00:01:12.053+0000] {logging_mixin.py:188} INFO - [2024-12-20T00:01:12.053+0000] {dagbag.py:538} INFO - Filling up the DagBag from /home/airflow/.local/lib/python3.11/site-packages/airflow/example_dags/example_branch_labels.py
[2024-12-20T00:01:12.063+0000] {processor.py:840} INFO - DAG(s) 'example_branch_labels' retrieved from /home/airflow/.local/lib/python3.11/site-packages/airflow/example_dags/example_branch_labels.py
[2024-12-20T00:01:12.088+0000] {logging_mixin.py:188} INFO - [2024-12-20T00:01:12.088+0000] {dag.py:3036} INFO - Sync 1 DAGs
[2024-12-20T00:01:12.114+0000] {logging_mixin.py:188} INFO - [2024-12-20T00:01:12.114+0000] {dag.py:3823} INFO - Setting next_dagrun for example_branch_labels to 2024-12-19 00:00:00+00:00, run_after=2024-12-20 00:00:00+00:00
[2024-12-20T00:01:12.134+0000] {processor.py:183} INFO - Processing /home/airflow/.local/lib/python3.11/site-packages/airflow/example_dags/example_branch_labels.py took 0.089 seconds
[2024-12-20T00:01:42.423+0000] {processor.py:161} INFO - Started process (PID=2352) to work on /home/airflow/.local/lib/python3.11/site-packages/airflow/example_dags/example_branch_labels.py
[2024-12-20T00:01:42.424+0000] {processor.py:830} INFO - Processing file /home/airflow/.local/lib/python3.11/site-packages/airflow/example_dags/example_branch_labels.py for tasks to queue
[2024-12-20T00:01:42.426+0000] {logging_mixin.py:188} INFO - [2024-12-20T00:01:42.426+0000] {dagbag.py:538} INFO - Filling up the DagBag from /home/airflow/.local/lib/python3.11/site-packages/airflow/example_dags/example_branch_labels.py
[2024-12-20T00:01:42.435+0000] {processor.py:840} INFO - DAG(s) 'example_branch_labels' retrieved from /home/airflow/.local/lib/python3.11/site-packages/airflow/example_dags/example_branch_labels.py
[2024-12-20T00:01:42.465+0000] {logging_mixin.py:188} INFO - [2024-12-20T00:01:42.464+0000] {dag.py:3036} INFO - Sync 1 DAGs
[2024-12-20T00:01:42.489+0000] {logging_mixin.py:188} INFO - [2024-12-20T00:01:42.489+0000] {dag.py:3823} INFO - Setting next_dagrun for example_branch_labels to 2024-12-19 00:00:00+00:00, run_after=2024-12-20 00:00:00+00:00
[2024-12-20T00:01:42.518+0000] {processor.py:183} INFO - Processing /home/airflow/.local/lib/python3.11/site-packages/airflow/example_dags/example_branch_labels.py took 0.100 seconds
[2024-12-20T00:02:12.585+0000] {processor.py:161} INFO - Started process (PID=2431) to work on /home/airflow/.local/lib/python3.11/site-packages/airflow/example_dags/example_branch_labels.py
[2024-12-20T00:02:12.586+0000] {processor.py:830} INFO - Processing file /home/airflow/.local/lib/python3.11/site-packages/airflow/example_dags/example_branch_labels.py for tasks to queue
[2024-12-20T00:02:12.589+0000] {logging_mixin.py:188} INFO - [2024-12-20T00:02:12.588+0000] {dagbag.py:538} INFO - Filling up the DagBag from /home/airflow/.local/lib/python3.11/site-packages/airflow/example_dags/example_branch_labels.py
[2024-12-20T00:02:12.598+0000] {processor.py:840} INFO - DAG(s) 'example_branch_labels' retrieved from /home/airflow/.local/lib/python3.11/site-packages/airflow/example_dags/example_branch_labels.py
[2024-12-20T00:02:12.624+0000] {logging_mixin.py:188} INFO - [2024-12-20T00:02:12.624+0000] {dag.py:3036} INFO - Sync 1 DAGs
[2024-12-20T00:02:12.656+0000] {logging_mixin.py:188} INFO - [2024-12-20T00:02:12.655+0000] {dag.py:3823} INFO - Setting next_dagrun for example_branch_labels to 2024-12-19 00:00:00+00:00, run_after=2024-12-20 00:00:00+00:00
[2024-12-20T00:02:12.687+0000] {processor.py:183} INFO - Processing /home/airflow/.local/lib/python3.11/site-packages/airflow/example_dags/example_branch_labels.py took 0.107 seconds
[2024-12-20T00:02:43.044+0000] {processor.py:161} INFO - Started process (PID=2503) to work on /home/airflow/.local/lib/python3.11/site-packages/airflow/example_dags/example_branch_labels.py
[2024-12-20T00:02:43.046+0000] {processor.py:830} INFO - Processing file /home/airflow/.local/lib/python3.11/site-packages/airflow/example_dags/example_branch_labels.py for tasks to queue
[2024-12-20T00:02:43.048+0000] {logging_mixin.py:188} INFO - [2024-12-20T00:02:43.048+0000] {dagbag.py:538} INFO - Filling up the DagBag from /home/airflow/.local/lib/python3.11/site-packages/airflow/example_dags/example_branch_labels.py
[2024-12-20T00:02:43.058+0000] {processor.py:840} INFO - DAG(s) 'example_branch_labels' retrieved from /home/airflow/.local/lib/python3.11/site-packages/airflow/example_dags/example_branch_labels.py
[2024-12-20T00:02:43.082+0000] {logging_mixin.py:188} INFO - [2024-12-20T00:02:43.082+0000] {dag.py:3036} INFO - Sync 1 DAGs
[2024-12-20T00:02:43.107+0000] {logging_mixin.py:188} INFO - [2024-12-20T00:02:43.107+0000] {dag.py:3823} INFO - Setting next_dagrun for example_branch_labels to 2024-12-19 00:00:00+00:00, run_after=2024-12-20 00:00:00+00:00
[2024-12-20T00:02:43.128+0000] {processor.py:183} INFO - Processing /home/airflow/.local/lib/python3.11/site-packages/airflow/example_dags/example_branch_labels.py took 0.088 seconds
[2024-12-20T00:03:13.650+0000] {processor.py:161} INFO - Started process (PID=2575) to work on /home/airflow/.local/lib/python3.11/site-packages/airflow/example_dags/example_branch_labels.py
[2024-12-20T00:03:13.652+0000] {processor.py:830} INFO - Processing file /home/airflow/.local/lib/python3.11/site-packages/airflow/example_dags/example_branch_labels.py for tasks to queue
[2024-12-20T00:03:13.654+0000] {logging_mixin.py:188} INFO - [2024-12-20T00:03:13.654+0000] {dagbag.py:538} INFO - Filling up the DagBag from /home/airflow/.local/lib/python3.11/site-packages/airflow/example_dags/example_branch_labels.py
[2024-12-20T00:03:13.669+0000] {processor.py:840} INFO - DAG(s) 'example_branch_labels' retrieved from /home/airflow/.local/lib/python3.11/site-packages/airflow/example_dags/example_branch_labels.py
[2024-12-20T00:03:13.696+0000] {logging_mixin.py:188} INFO - [2024-12-20T00:03:13.696+0000] {dag.py:3036} INFO - Sync 1 DAGs
[2024-12-20T00:03:13.723+0000] {logging_mixin.py:188} INFO - [2024-12-20T00:03:13.723+0000] {dag.py:3823} INFO - Setting next_dagrun for example_branch_labels to 2024-12-19 00:00:00+00:00, run_after=2024-12-20 00:00:00+00:00
[2024-12-20T00:03:13.749+0000] {processor.py:183} INFO - Processing /home/airflow/.local/lib/python3.11/site-packages/airflow/example_dags/example_branch_labels.py took 0.104 seconds
[2024-12-20T00:03:44.011+0000] {processor.py:161} INFO - Started process (PID=2654) to work on /home/airflow/.local/lib/python3.11/site-packages/airflow/example_dags/example_branch_labels.py
[2024-12-20T00:03:44.013+0000] {processor.py:830} INFO - Processing file /home/airflow/.local/lib/python3.11/site-packages/airflow/example_dags/example_branch_labels.py for tasks to queue
[2024-12-20T00:03:44.016+0000] {logging_mixin.py:188} INFO - [2024-12-20T00:03:44.015+0000] {dagbag.py:538} INFO - Filling up the DagBag from /home/airflow/.local/lib/python3.11/site-packages/airflow/example_dags/example_branch_labels.py
[2024-12-20T00:03:44.028+0000] {processor.py:840} INFO - DAG(s) 'example_branch_labels' retrieved from /home/airflow/.local/lib/python3.11/site-packages/airflow/example_dags/example_branch_labels.py
[2024-12-20T00:03:44.052+0000] {logging_mixin.py:188} INFO - [2024-12-20T00:03:44.052+0000] {dag.py:3036} INFO - Sync 1 DAGs
[2024-12-20T00:03:44.076+0000] {logging_mixin.py:188} INFO - [2024-12-20T00:03:44.076+0000] {dag.py:3823} INFO - Setting next_dagrun for example_branch_labels to 2024-12-19 00:00:00+00:00, run_after=2024-12-20 00:00:00+00:00
[2024-12-20T00:03:44.098+0000] {processor.py:183} INFO - Processing /home/airflow/.local/lib/python3.11/site-packages/airflow/example_dags/example_branch_labels.py took 0.091 seconds
[2024-12-20T00:04:15.049+0000] {processor.py:161} INFO - Started process (PID=2726) to work on /home/airflow/.local/lib/python3.11/site-packages/airflow/example_dags/example_branch_labels.py
[2024-12-20T00:04:15.050+0000] {processor.py:830} INFO - Processing file /home/airflow/.local/lib/python3.11/site-packages/airflow/example_dags/example_branch_labels.py for tasks to queue
[2024-12-20T00:04:15.052+0000] {logging_mixin.py:188} INFO - [2024-12-20T00:04:15.052+0000] {dagbag.py:538} INFO - Filling up the DagBag from /home/airflow/.local/lib/python3.11/site-packages/airflow/example_dags/example_branch_labels.py
[2024-12-20T00:04:15.064+0000] {processor.py:840} INFO - DAG(s) 'example_branch_labels' retrieved from /home/airflow/.local/lib/python3.11/site-packages/airflow/example_dags/example_branch_labels.py
[2024-12-20T00:04:15.089+0000] {logging_mixin.py:188} INFO - [2024-12-20T00:04:15.089+0000] {dag.py:3036} INFO - Sync 1 DAGs
[2024-12-20T00:04:15.120+0000] {logging_mixin.py:188} INFO - [2024-12-20T00:04:15.120+0000] {dag.py:3823} INFO - Setting next_dagrun for example_branch_labels to 2024-12-19 00:00:00+00:00, run_after=2024-12-20 00:00:00+00:00
[2024-12-20T00:04:15.142+0000] {processor.py:183} INFO - Processing /home/airflow/.local/lib/python3.11/site-packages/airflow/example_dags/example_branch_labels.py took 0.098 seconds
[2024-12-20T00:04:45.387+0000] {processor.py:161} INFO - Started process (PID=2790) to work on /home/airflow/.local/lib/python3.11/site-packages/airflow/example_dags/example_branch_labels.py
[2024-12-20T00:04:45.389+0000] {processor.py:830} INFO - Processing file /home/airflow/.local/lib/python3.11/site-packages/airflow/example_dags/example_branch_labels.py for tasks to queue
[2024-12-20T00:04:45.393+0000] {logging_mixin.py:188} INFO - [2024-12-20T00:04:45.393+0000] {dagbag.py:538} INFO - Filling up the DagBag from /home/airflow/.local/lib/python3.11/site-packages/airflow/example_dags/example_branch_labels.py
[2024-12-20T00:04:45.406+0000] {processor.py:840} INFO - DAG(s) 'example_branch_labels' retrieved from /home/airflow/.local/lib/python3.11/site-packages/airflow/example_dags/example_branch_labels.py
[2024-12-20T00:04:45.433+0000] {logging_mixin.py:188} INFO - [2024-12-20T00:04:45.433+0000] {dag.py:3036} INFO - Sync 1 DAGs
[2024-12-20T00:04:45.457+0000] {logging_mixin.py:188} INFO - [2024-12-20T00:04:45.456+0000] {dag.py:3823} INFO - Setting next_dagrun for example_branch_labels to 2024-12-19 00:00:00+00:00, run_after=2024-12-20 00:00:00+00:00
[2024-12-20T00:04:45.487+0000] {processor.py:183} INFO - Processing /home/airflow/.local/lib/python3.11/site-packages/airflow/example_dags/example_branch_labels.py took 0.107 seconds
[2024-12-20T00:05:16.224+0000] {processor.py:161} INFO - Started process (PID=2868) to work on /home/airflow/.local/lib/python3.11/site-packages/airflow/example_dags/example_branch_labels.py
[2024-12-20T00:05:16.226+0000] {processor.py:830} INFO - Processing file /home/airflow/.local/lib/python3.11/site-packages/airflow/example_dags/example_branch_labels.py for tasks to queue
[2024-12-20T00:05:16.228+0000] {logging_mixin.py:188} INFO - [2024-12-20T00:05:16.228+0000] {dagbag.py:538} INFO - Filling up the DagBag from /home/airflow/.local/lib/python3.11/site-packages/airflow/example_dags/example_branch_labels.py
[2024-12-20T00:05:16.236+0000] {processor.py:840} INFO - DAG(s) 'example_branch_labels' retrieved from /home/airflow/.local/lib/python3.11/site-packages/airflow/example_dags/example_branch_labels.py
[2024-12-20T00:05:16.264+0000] {logging_mixin.py:188} INFO - [2024-12-20T00:05:16.263+0000] {dag.py:3036} INFO - Sync 1 DAGs
[2024-12-20T00:05:16.290+0000] {logging_mixin.py:188} INFO - [2024-12-20T00:05:16.289+0000] {dag.py:3823} INFO - Setting next_dagrun for example_branch_labels to 2024-12-19 00:00:00+00:00, run_after=2024-12-20 00:00:00+00:00
[2024-12-20T00:05:16.318+0000] {processor.py:183} INFO - Processing /home/airflow/.local/lib/python3.11/site-packages/airflow/example_dags/example_branch_labels.py took 0.097 seconds
[2024-12-20T00:05:46.471+0000] {processor.py:161} INFO - Started process (PID=2940) to work on /home/airflow/.local/lib/python3.11/site-packages/airflow/example_dags/example_branch_labels.py
[2024-12-20T00:05:46.472+0000] {processor.py:830} INFO - Processing file /home/airflow/.local/lib/python3.11/site-packages/airflow/example_dags/example_branch_labels.py for tasks to queue
[2024-12-20T00:05:46.475+0000] {logging_mixin.py:188} INFO - [2024-12-20T00:05:46.475+0000] {dagbag.py:538} INFO - Filling up the DagBag from /home/airflow/.local/lib/python3.11/site-packages/airflow/example_dags/example_branch_labels.py
[2024-12-20T00:05:46.494+0000] {processor.py:840} INFO - DAG(s) 'example_branch_labels' retrieved from /home/airflow/.local/lib/python3.11/site-packages/airflow/example_dags/example_branch_labels.py
[2024-12-20T00:05:46.533+0000] {logging_mixin.py:188} INFO - [2024-12-20T00:05:46.533+0000] {dag.py:3036} INFO - Sync 1 DAGs
[2024-12-20T00:05:46.574+0000] {logging_mixin.py:188} INFO - [2024-12-20T00:05:46.574+0000] {dag.py:3823} INFO - Setting next_dagrun for example_branch_labels to 2024-12-19 00:00:00+00:00, run_after=2024-12-20 00:00:00+00:00
[2024-12-20T00:05:46.614+0000] {processor.py:183} INFO - Processing /home/airflow/.local/lib/python3.11/site-packages/airflow/example_dags/example_branch_labels.py took 0.149 seconds
[2024-12-20T00:06:17.156+0000] {processor.py:161} INFO - Started process (PID=3012) to work on /home/airflow/.local/lib/python3.11/site-packages/airflow/example_dags/example_branch_labels.py
[2024-12-20T00:06:17.157+0000] {processor.py:830} INFO - Processing file /home/airflow/.local/lib/python3.11/site-packages/airflow/example_dags/example_branch_labels.py for tasks to queue
[2024-12-20T00:06:17.160+0000] {logging_mixin.py:188} INFO - [2024-12-20T00:06:17.159+0000] {dagbag.py:538} INFO - Filling up the DagBag from /home/airflow/.local/lib/python3.11/site-packages/airflow/example_dags/example_branch_labels.py
[2024-12-20T00:06:17.169+0000] {processor.py:840} INFO - DAG(s) 'example_branch_labels' retrieved from /home/airflow/.local/lib/python3.11/site-packages/airflow/example_dags/example_branch_labels.py
[2024-12-20T00:06:17.206+0000] {logging_mixin.py:188} INFO - [2024-12-20T00:06:17.206+0000] {dag.py:3036} INFO - Sync 1 DAGs
[2024-12-20T00:06:17.240+0000] {logging_mixin.py:188} INFO - [2024-12-20T00:06:17.239+0000] {dag.py:3823} INFO - Setting next_dagrun for example_branch_labels to 2024-12-19 00:00:00+00:00, run_after=2024-12-20 00:00:00+00:00
[2024-12-20T00:06:17.267+0000] {processor.py:183} INFO - Processing /home/airflow/.local/lib/python3.11/site-packages/airflow/example_dags/example_branch_labels.py took 0.115 seconds
[2024-12-20T00:06:47.655+0000] {processor.py:161} INFO - Started process (PID=3091) to work on /home/airflow/.local/lib/python3.11/site-packages/airflow/example_dags/example_branch_labels.py
[2024-12-20T00:06:47.656+0000] {processor.py:830} INFO - Processing file /home/airflow/.local/lib/python3.11/site-packages/airflow/example_dags/example_branch_labels.py for tasks to queue
[2024-12-20T00:06:47.658+0000] {logging_mixin.py:188} INFO - [2024-12-20T00:06:47.658+0000] {dagbag.py:538} INFO - Filling up the DagBag from /home/airflow/.local/lib/python3.11/site-packages/airflow/example_dags/example_branch_labels.py
[2024-12-20T00:06:47.667+0000] {processor.py:840} INFO - DAG(s) 'example_branch_labels' retrieved from /home/airflow/.local/lib/python3.11/site-packages/airflow/example_dags/example_branch_labels.py
[2024-12-20T00:06:47.696+0000] {logging_mixin.py:188} INFO - [2024-12-20T00:06:47.696+0000] {dag.py:3036} INFO - Sync 1 DAGs
[2024-12-20T00:06:47.732+0000] {logging_mixin.py:188} INFO - [2024-12-20T00:06:47.732+0000] {dag.py:3823} INFO - Setting next_dagrun for example_branch_labels to 2024-12-19 00:00:00+00:00, run_after=2024-12-20 00:00:00+00:00
[2024-12-20T00:06:47.769+0000] {processor.py:183} INFO - Processing /home/airflow/.local/lib/python3.11/site-packages/airflow/example_dags/example_branch_labels.py took 0.117 seconds
[2024-12-20T00:07:18.402+0000] {processor.py:161} INFO - Started process (PID=3163) to work on /home/airflow/.local/lib/python3.11/site-packages/airflow/example_dags/example_branch_labels.py
[2024-12-20T00:07:18.404+0000] {processor.py:830} INFO - Processing file /home/airflow/.local/lib/python3.11/site-packages/airflow/example_dags/example_branch_labels.py for tasks to queue
[2024-12-20T00:07:18.408+0000] {logging_mixin.py:188} INFO - [2024-12-20T00:07:18.407+0000] {dagbag.py:538} INFO - Filling up the DagBag from /home/airflow/.local/lib/python3.11/site-packages/airflow/example_dags/example_branch_labels.py
[2024-12-20T00:07:18.422+0000] {processor.py:840} INFO - DAG(s) 'example_branch_labels' retrieved from /home/airflow/.local/lib/python3.11/site-packages/airflow/example_dags/example_branch_labels.py
[2024-12-20T00:07:18.452+0000] {logging_mixin.py:188} INFO - [2024-12-20T00:07:18.452+0000] {dag.py:3036} INFO - Sync 1 DAGs
[2024-12-20T00:07:18.476+0000] {logging_mixin.py:188} INFO - [2024-12-20T00:07:18.476+0000] {dag.py:3823} INFO - Setting next_dagrun for example_branch_labels to 2024-12-19 00:00:00+00:00, run_after=2024-12-20 00:00:00+00:00
[2024-12-20T00:07:18.506+0000] {processor.py:183} INFO - Processing /home/airflow/.local/lib/python3.11/site-packages/airflow/example_dags/example_branch_labels.py took 0.110 seconds
[2024-12-20T00:07:49.125+0000] {processor.py:161} INFO - Started process (PID=3235) to work on /home/airflow/.local/lib/python3.11/site-packages/airflow/example_dags/example_branch_labels.py
[2024-12-20T00:07:49.127+0000] {processor.py:830} INFO - Processing file /home/airflow/.local/lib/python3.11/site-packages/airflow/example_dags/example_branch_labels.py for tasks to queue
[2024-12-20T00:07:49.131+0000] {logging_mixin.py:188} INFO - [2024-12-20T00:07:49.131+0000] {dagbag.py:538} INFO - Filling up the DagBag from /home/airflow/.local/lib/python3.11/site-packages/airflow/example_dags/example_branch_labels.py
[2024-12-20T00:07:49.146+0000] {processor.py:840} INFO - DAG(s) 'example_branch_labels' retrieved from /home/airflow/.local/lib/python3.11/site-packages/airflow/example_dags/example_branch_labels.py
[2024-12-20T00:07:49.172+0000] {logging_mixin.py:188} INFO - [2024-12-20T00:07:49.172+0000] {dag.py:3036} INFO - Sync 1 DAGs
[2024-12-20T00:07:49.196+0000] {logging_mixin.py:188} INFO - [2024-12-20T00:07:49.196+0000] {dag.py:3823} INFO - Setting next_dagrun for example_branch_labels to 2024-12-19 00:00:00+00:00, run_after=2024-12-20 00:00:00+00:00
[2024-12-20T00:07:49.231+0000] {processor.py:183} INFO - Processing /home/airflow/.local/lib/python3.11/site-packages/airflow/example_dags/example_branch_labels.py took 0.113 seconds
[2024-12-20T00:08:19.907+0000] {processor.py:161} INFO - Started process (PID=3314) to work on /home/airflow/.local/lib/python3.11/site-packages/airflow/example_dags/example_branch_labels.py
[2024-12-20T00:08:19.908+0000] {processor.py:830} INFO - Processing file /home/airflow/.local/lib/python3.11/site-packages/airflow/example_dags/example_branch_labels.py for tasks to queue
[2024-12-20T00:08:19.910+0000] {logging_mixin.py:188} INFO - [2024-12-20T00:08:19.910+0000] {dagbag.py:538} INFO - Filling up the DagBag from /home/airflow/.local/lib/python3.11/site-packages/airflow/example_dags/example_branch_labels.py
[2024-12-20T00:08:19.918+0000] {processor.py:840} INFO - DAG(s) 'example_branch_labels' retrieved from /home/airflow/.local/lib/python3.11/site-packages/airflow/example_dags/example_branch_labels.py
[2024-12-20T00:08:19.944+0000] {logging_mixin.py:188} INFO - [2024-12-20T00:08:19.944+0000] {dag.py:3036} INFO - Sync 1 DAGs
[2024-12-20T00:08:19.969+0000] {logging_mixin.py:188} INFO - [2024-12-20T00:08:19.969+0000] {dag.py:3823} INFO - Setting next_dagrun for example_branch_labels to 2024-12-19 00:00:00+00:00, run_after=2024-12-20 00:00:00+00:00
[2024-12-20T00:08:19.998+0000] {processor.py:183} INFO - Processing /home/airflow/.local/lib/python3.11/site-packages/airflow/example_dags/example_branch_labels.py took 0.094 seconds
[2024-12-20T00:08:50.423+0000] {processor.py:161} INFO - Started process (PID=3387) to work on /home/airflow/.local/lib/python3.11/site-packages/airflow/example_dags/example_branch_labels.py
[2024-12-20T00:08:50.424+0000] {processor.py:830} INFO - Processing file /home/airflow/.local/lib/python3.11/site-packages/airflow/example_dags/example_branch_labels.py for tasks to queue
[2024-12-20T00:08:50.427+0000] {logging_mixin.py:188} INFO - [2024-12-20T00:08:50.427+0000] {dagbag.py:538} INFO - Filling up the DagBag from /home/airflow/.local/lib/python3.11/site-packages/airflow/example_dags/example_branch_labels.py
[2024-12-20T00:08:50.439+0000] {processor.py:840} INFO - DAG(s) 'example_branch_labels' retrieved from /home/airflow/.local/lib/python3.11/site-packages/airflow/example_dags/example_branch_labels.py
[2024-12-20T00:08:50.465+0000] {logging_mixin.py:188} INFO - [2024-12-20T00:08:50.464+0000] {dag.py:3036} INFO - Sync 1 DAGs
[2024-12-20T00:08:50.492+0000] {logging_mixin.py:188} INFO - [2024-12-20T00:08:50.492+0000] {dag.py:3823} INFO - Setting next_dagrun for example_branch_labels to 2024-12-19 00:00:00+00:00, run_after=2024-12-20 00:00:00+00:00
[2024-12-20T00:08:50.520+0000] {processor.py:183} INFO - Processing /home/airflow/.local/lib/python3.11/site-packages/airflow/example_dags/example_branch_labels.py took 0.102 seconds
[2024-12-20T00:09:20.941+0000] {processor.py:161} INFO - Started process (PID=3459) to work on /home/airflow/.local/lib/python3.11/site-packages/airflow/example_dags/example_branch_labels.py
[2024-12-20T00:09:20.943+0000] {processor.py:830} INFO - Processing file /home/airflow/.local/lib/python3.11/site-packages/airflow/example_dags/example_branch_labels.py for tasks to queue
[2024-12-20T00:09:20.945+0000] {logging_mixin.py:188} INFO - [2024-12-20T00:09:20.945+0000] {dagbag.py:538} INFO - Filling up the DagBag from /home/airflow/.local/lib/python3.11/site-packages/airflow/example_dags/example_branch_labels.py
[2024-12-20T00:09:20.953+0000] {processor.py:840} INFO - DAG(s) 'example_branch_labels' retrieved from /home/airflow/.local/lib/python3.11/site-packages/airflow/example_dags/example_branch_labels.py
[2024-12-20T00:09:20.978+0000] {logging_mixin.py:188} INFO - [2024-12-20T00:09:20.977+0000] {dag.py:3036} INFO - Sync 1 DAGs
[2024-12-20T00:09:21.001+0000] {logging_mixin.py:188} INFO - [2024-12-20T00:09:21.000+0000] {dag.py:3823} INFO - Setting next_dagrun for example_branch_labels to 2024-12-19 00:00:00+00:00, run_after=2024-12-20 00:00:00+00:00
[2024-12-20T00:09:21.023+0000] {processor.py:183} INFO - Processing /home/airflow/.local/lib/python3.11/site-packages/airflow/example_dags/example_branch_labels.py took 0.086 seconds
[2024-12-20T00:09:51.090+0000] {processor.py:161} INFO - Started process (PID=3529) to work on /home/airflow/.local/lib/python3.11/site-packages/airflow/example_dags/example_branch_labels.py
[2024-12-20T00:09:51.091+0000] {processor.py:830} INFO - Processing file /home/airflow/.local/lib/python3.11/site-packages/airflow/example_dags/example_branch_labels.py for tasks to queue
[2024-12-20T00:09:51.094+0000] {logging_mixin.py:188} INFO - [2024-12-20T00:09:51.093+0000] {dagbag.py:538} INFO - Filling up the DagBag from /home/airflow/.local/lib/python3.11/site-packages/airflow/example_dags/example_branch_labels.py
[2024-12-20T00:09:51.102+0000] {processor.py:840} INFO - DAG(s) 'example_branch_labels' retrieved from /home/airflow/.local/lib/python3.11/site-packages/airflow/example_dags/example_branch_labels.py
[2024-12-20T00:09:51.132+0000] {logging_mixin.py:188} INFO - [2024-12-20T00:09:51.132+0000] {dag.py:3036} INFO - Sync 1 DAGs
[2024-12-20T00:09:51.164+0000] {logging_mixin.py:188} INFO - [2024-12-20T00:09:51.164+0000] {dag.py:3823} INFO - Setting next_dagrun for example_branch_labels to 2024-12-19 00:00:00+00:00, run_after=2024-12-20 00:00:00+00:00
[2024-12-20T00:09:51.190+0000] {processor.py:183} INFO - Processing /home/airflow/.local/lib/python3.11/site-packages/airflow/example_dags/example_branch_labels.py took 0.105 seconds
[2024-12-20T00:10:21.325+0000] {processor.py:161} INFO - Started process (PID=3601) to work on /home/airflow/.local/lib/python3.11/site-packages/airflow/example_dags/example_branch_labels.py
[2024-12-20T00:10:21.326+0000] {processor.py:830} INFO - Processing file /home/airflow/.local/lib/python3.11/site-packages/airflow/example_dags/example_branch_labels.py for tasks to queue
[2024-12-20T00:10:21.329+0000] {logging_mixin.py:188} INFO - [2024-12-20T00:10:21.329+0000] {dagbag.py:538} INFO - Filling up the DagBag from /home/airflow/.local/lib/python3.11/site-packages/airflow/example_dags/example_branch_labels.py
[2024-12-20T00:10:21.339+0000] {processor.py:840} INFO - DAG(s) 'example_branch_labels' retrieved from /home/airflow/.local/lib/python3.11/site-packages/airflow/example_dags/example_branch_labels.py
[2024-12-20T00:10:21.368+0000] {logging_mixin.py:188} INFO - [2024-12-20T00:10:21.368+0000] {dag.py:3036} INFO - Sync 1 DAGs
[2024-12-20T00:10:21.401+0000] {logging_mixin.py:188} INFO - [2024-12-20T00:10:21.401+0000] {dag.py:3823} INFO - Setting next_dagrun for example_branch_labels to 2024-12-19 00:00:00+00:00, run_after=2024-12-20 00:00:00+00:00
[2024-12-20T00:10:21.429+0000] {processor.py:183} INFO - Processing /home/airflow/.local/lib/python3.11/site-packages/airflow/example_dags/example_branch_labels.py took 0.109 seconds
[2024-12-20T00:10:51.533+0000] {processor.py:161} INFO - Started process (PID=3673) to work on /home/airflow/.local/lib/python3.11/site-packages/airflow/example_dags/example_branch_labels.py
[2024-12-20T00:10:51.535+0000] {processor.py:830} INFO - Processing file /home/airflow/.local/lib/python3.11/site-packages/airflow/example_dags/example_branch_labels.py for tasks to queue
[2024-12-20T00:10:51.539+0000] {logging_mixin.py:188} INFO - [2024-12-20T00:10:51.539+0000] {dagbag.py:538} INFO - Filling up the DagBag from /home/airflow/.local/lib/python3.11/site-packages/airflow/example_dags/example_branch_labels.py
[2024-12-20T00:10:51.551+0000] {processor.py:840} INFO - DAG(s) 'example_branch_labels' retrieved from /home/airflow/.local/lib/python3.11/site-packages/airflow/example_dags/example_branch_labels.py
[2024-12-20T00:10:51.575+0000] {logging_mixin.py:188} INFO - [2024-12-20T00:10:51.575+0000] {dag.py:3036} INFO - Sync 1 DAGs
[2024-12-20T00:10:51.601+0000] {logging_mixin.py:188} INFO - [2024-12-20T00:10:51.600+0000] {dag.py:3823} INFO - Setting next_dagrun for example_branch_labels to 2024-12-19 00:00:00+00:00, run_after=2024-12-20 00:00:00+00:00
[2024-12-20T00:10:51.637+0000] {processor.py:183} INFO - Processing /home/airflow/.local/lib/python3.11/site-packages/airflow/example_dags/example_branch_labels.py took 0.112 seconds
[2024-12-20T00:11:21.704+0000] {processor.py:161} INFO - Started process (PID=3745) to work on /home/airflow/.local/lib/python3.11/site-packages/airflow/example_dags/example_branch_labels.py
[2024-12-20T00:11:21.706+0000] {processor.py:830} INFO - Processing file /home/airflow/.local/lib/python3.11/site-packages/airflow/example_dags/example_branch_labels.py for tasks to queue
[2024-12-20T00:11:21.708+0000] {logging_mixin.py:188} INFO - [2024-12-20T00:11:21.708+0000] {dagbag.py:538} INFO - Filling up the DagBag from /home/airflow/.local/lib/python3.11/site-packages/airflow/example_dags/example_branch_labels.py
[2024-12-20T00:11:21.716+0000] {processor.py:840} INFO - DAG(s) 'example_branch_labels' retrieved from /home/airflow/.local/lib/python3.11/site-packages/airflow/example_dags/example_branch_labels.py
[2024-12-20T00:11:21.743+0000] {logging_mixin.py:188} INFO - [2024-12-20T00:11:21.742+0000] {dag.py:3036} INFO - Sync 1 DAGs
[2024-12-20T00:11:21.767+0000] {logging_mixin.py:188} INFO - [2024-12-20T00:11:21.767+0000] {dag.py:3823} INFO - Setting next_dagrun for example_branch_labels to 2024-12-19 00:00:00+00:00, run_after=2024-12-20 00:00:00+00:00
[2024-12-20T00:11:21.796+0000] {processor.py:183} INFO - Processing /home/airflow/.local/lib/python3.11/site-packages/airflow/example_dags/example_branch_labels.py took 0.095 seconds
[2024-12-20T00:11:51.969+0000] {processor.py:161} INFO - Started process (PID=3824) to work on /home/airflow/.local/lib/python3.11/site-packages/airflow/example_dags/example_branch_labels.py
[2024-12-20T00:11:51.971+0000] {processor.py:830} INFO - Processing file /home/airflow/.local/lib/python3.11/site-packages/airflow/example_dags/example_branch_labels.py for tasks to queue
[2024-12-20T00:11:51.973+0000] {logging_mixin.py:188} INFO - [2024-12-20T00:11:51.973+0000] {dagbag.py:538} INFO - Filling up the DagBag from /home/airflow/.local/lib/python3.11/site-packages/airflow/example_dags/example_branch_labels.py
[2024-12-20T00:11:51.985+0000] {processor.py:840} INFO - DAG(s) 'example_branch_labels' retrieved from /home/airflow/.local/lib/python3.11/site-packages/airflow/example_dags/example_branch_labels.py
[2024-12-20T00:11:52.015+0000] {logging_mixin.py:188} INFO - [2024-12-20T00:11:52.015+0000] {dag.py:3036} INFO - Sync 1 DAGs
[2024-12-20T00:11:52.042+0000] {logging_mixin.py:188} INFO - [2024-12-20T00:11:52.041+0000] {dag.py:3823} INFO - Setting next_dagrun for example_branch_labels to 2024-12-19 00:00:00+00:00, run_after=2024-12-20 00:00:00+00:00
[2024-12-20T00:11:52.071+0000] {processor.py:183} INFO - Processing /home/airflow/.local/lib/python3.11/site-packages/airflow/example_dags/example_branch_labels.py took 0.106 seconds
[2024-12-20T00:12:22.173+0000] {processor.py:161} INFO - Started process (PID=3896) to work on /home/airflow/.local/lib/python3.11/site-packages/airflow/example_dags/example_branch_labels.py
[2024-12-20T00:12:22.174+0000] {processor.py:830} INFO - Processing file /home/airflow/.local/lib/python3.11/site-packages/airflow/example_dags/example_branch_labels.py for tasks to queue
[2024-12-20T00:12:22.177+0000] {logging_mixin.py:188} INFO - [2024-12-20T00:12:22.177+0000] {dagbag.py:538} INFO - Filling up the DagBag from /home/airflow/.local/lib/python3.11/site-packages/airflow/example_dags/example_branch_labels.py
[2024-12-20T00:12:22.186+0000] {processor.py:840} INFO - DAG(s) 'example_branch_labels' retrieved from /home/airflow/.local/lib/python3.11/site-packages/airflow/example_dags/example_branch_labels.py
[2024-12-20T00:12:22.212+0000] {logging_mixin.py:188} INFO - [2024-12-20T00:12:22.212+0000] {dag.py:3036} INFO - Sync 1 DAGs
[2024-12-20T00:12:22.238+0000] {logging_mixin.py:188} INFO - [2024-12-20T00:12:22.238+0000] {dag.py:3823} INFO - Setting next_dagrun for example_branch_labels to 2024-12-19 00:00:00+00:00, run_after=2024-12-20 00:00:00+00:00
[2024-12-20T00:12:22.265+0000] {processor.py:183} INFO - Processing /home/airflow/.local/lib/python3.11/site-packages/airflow/example_dags/example_branch_labels.py took 0.095 seconds
[2024-12-20T09:17:14.424+0000] {processor.py:161} INFO - Started process (PID=3973) to work on /home/airflow/.local/lib/python3.11/site-packages/airflow/example_dags/example_branch_labels.py
[2024-12-20T09:17:14.426+0000] {processor.py:830} INFO - Processing file /home/airflow/.local/lib/python3.11/site-packages/airflow/example_dags/example_branch_labels.py for tasks to queue
[2024-12-20T09:17:14.428+0000] {logging_mixin.py:188} INFO - [2024-12-20T09:17:14.427+0000] {dagbag.py:538} INFO - Filling up the DagBag from /home/airflow/.local/lib/python3.11/site-packages/airflow/example_dags/example_branch_labels.py
[2024-12-20T09:17:14.462+0000] {processor.py:840} INFO - DAG(s) 'example_branch_labels' retrieved from /home/airflow/.local/lib/python3.11/site-packages/airflow/example_dags/example_branch_labels.py
[2024-12-20T09:17:14.918+0000] {logging_mixin.py:188} INFO - [2024-12-20T09:17:14.917+0000] {dag.py:3036} INFO - Sync 1 DAGs
[2024-12-20T09:17:15.478+0000] {logging_mixin.py:188} INFO - [2024-12-20T09:17:15.478+0000] {dag.py:3823} INFO - Setting next_dagrun for example_branch_labels to 2024-12-19 00:00:00+00:00, run_after=2024-12-20 00:00:00+00:00
[2024-12-20T09:17:15.705+0000] {processor.py:183} INFO - Processing /home/airflow/.local/lib/python3.11/site-packages/airflow/example_dags/example_branch_labels.py took 1.286 seconds
[2024-12-20T09:17:46.121+0000] {processor.py:161} INFO - Started process (PID=4038) to work on /home/airflow/.local/lib/python3.11/site-packages/airflow/example_dags/example_branch_labels.py
[2024-12-20T09:17:46.122+0000] {processor.py:830} INFO - Processing file /home/airflow/.local/lib/python3.11/site-packages/airflow/example_dags/example_branch_labels.py for tasks to queue
[2024-12-20T09:17:46.124+0000] {logging_mixin.py:188} INFO - [2024-12-20T09:17:46.123+0000] {dagbag.py:538} INFO - Filling up the DagBag from /home/airflow/.local/lib/python3.11/site-packages/airflow/example_dags/example_branch_labels.py
[2024-12-20T09:17:46.137+0000] {processor.py:840} INFO - DAG(s) 'example_branch_labels' retrieved from /home/airflow/.local/lib/python3.11/site-packages/airflow/example_dags/example_branch_labels.py
[2024-12-20T09:17:46.171+0000] {logging_mixin.py:188} INFO - [2024-12-20T09:17:46.171+0000] {dag.py:3036} INFO - Sync 1 DAGs
[2024-12-20T09:17:46.197+0000] {logging_mixin.py:188} INFO - [2024-12-20T09:17:46.197+0000] {dag.py:3823} INFO - Setting next_dagrun for example_branch_labels to 2024-12-19 00:00:00+00:00, run_after=2024-12-20 00:00:00+00:00
[2024-12-20T09:17:46.229+0000] {processor.py:183} INFO - Processing /home/airflow/.local/lib/python3.11/site-packages/airflow/example_dags/example_branch_labels.py took 0.111 seconds
[2024-12-20T09:18:17.020+0000] {processor.py:161} INFO - Started process (PID=4115) to work on /home/airflow/.local/lib/python3.11/site-packages/airflow/example_dags/example_branch_labels.py
[2024-12-20T09:18:17.022+0000] {processor.py:830} INFO - Processing file /home/airflow/.local/lib/python3.11/site-packages/airflow/example_dags/example_branch_labels.py for tasks to queue
[2024-12-20T09:18:17.023+0000] {logging_mixin.py:188} INFO - [2024-12-20T09:18:17.022+0000] {dagbag.py:538} INFO - Filling up the DagBag from /home/airflow/.local/lib/python3.11/site-packages/airflow/example_dags/example_branch_labels.py
[2024-12-20T09:18:17.033+0000] {processor.py:840} INFO - DAG(s) 'example_branch_labels' retrieved from /home/airflow/.local/lib/python3.11/site-packages/airflow/example_dags/example_branch_labels.py
[2024-12-20T09:18:17.064+0000] {logging_mixin.py:188} INFO - [2024-12-20T09:18:17.063+0000] {dag.py:3036} INFO - Sync 1 DAGs
[2024-12-20T09:18:17.091+0000] {logging_mixin.py:188} INFO - [2024-12-20T09:18:17.091+0000] {dag.py:3823} INFO - Setting next_dagrun for example_branch_labels to 2024-12-19 00:00:00+00:00, run_after=2024-12-20 00:00:00+00:00
[2024-12-20T09:18:17.118+0000] {processor.py:183} INFO - Processing /home/airflow/.local/lib/python3.11/site-packages/airflow/example_dags/example_branch_labels.py took 0.103 seconds
[2024-12-20T09:18:47.771+0000] {processor.py:161} INFO - Started process (PID=4187) to work on /home/airflow/.local/lib/python3.11/site-packages/airflow/example_dags/example_branch_labels.py
[2024-12-20T09:18:47.772+0000] {processor.py:830} INFO - Processing file /home/airflow/.local/lib/python3.11/site-packages/airflow/example_dags/example_branch_labels.py for tasks to queue
[2024-12-20T09:18:47.774+0000] {logging_mixin.py:188} INFO - [2024-12-20T09:18:47.773+0000] {dagbag.py:538} INFO - Filling up the DagBag from /home/airflow/.local/lib/python3.11/site-packages/airflow/example_dags/example_branch_labels.py
[2024-12-20T09:18:47.784+0000] {processor.py:840} INFO - DAG(s) 'example_branch_labels' retrieved from /home/airflow/.local/lib/python3.11/site-packages/airflow/example_dags/example_branch_labels.py
[2024-12-20T09:18:47.813+0000] {logging_mixin.py:188} INFO - [2024-12-20T09:18:47.812+0000] {dag.py:3036} INFO - Sync 1 DAGs
[2024-12-20T09:18:47.842+0000] {logging_mixin.py:188} INFO - [2024-12-20T09:18:47.841+0000] {dag.py:3823} INFO - Setting next_dagrun for example_branch_labels to 2024-12-19 00:00:00+00:00, run_after=2024-12-20 00:00:00+00:00
[2024-12-20T09:18:47.873+0000] {processor.py:183} INFO - Processing /home/airflow/.local/lib/python3.11/site-packages/airflow/example_dags/example_branch_labels.py took 0.106 seconds
[2024-12-20T09:19:19.384+0000] {processor.py:161} INFO - Started process (PID=4256) to work on /home/airflow/.local/lib/python3.11/site-packages/airflow/example_dags/example_branch_labels.py
[2024-12-20T09:19:19.391+0000] {processor.py:830} INFO - Processing file /home/airflow/.local/lib/python3.11/site-packages/airflow/example_dags/example_branch_labels.py for tasks to queue
[2024-12-20T09:19:19.395+0000] {logging_mixin.py:188} INFO - [2024-12-20T09:19:19.394+0000] {dagbag.py:538} INFO - Filling up the DagBag from /home/airflow/.local/lib/python3.11/site-packages/airflow/example_dags/example_branch_labels.py
[2024-12-20T09:19:19.427+0000] {processor.py:840} INFO - DAG(s) 'example_branch_labels' retrieved from /home/airflow/.local/lib/python3.11/site-packages/airflow/example_dags/example_branch_labels.py
[2024-12-20T09:19:19.503+0000] {logging_mixin.py:188} INFO - [2024-12-20T09:19:19.503+0000] {dag.py:3036} INFO - Sync 1 DAGs
[2024-12-20T09:19:19.563+0000] {logging_mixin.py:188} INFO - [2024-12-20T09:19:19.563+0000] {dag.py:3823} INFO - Setting next_dagrun for example_branch_labels to 2024-12-19 00:00:00+00:00, run_after=2024-12-20 00:00:00+00:00
[2024-12-20T09:19:19.625+0000] {processor.py:183} INFO - Processing /home/airflow/.local/lib/python3.11/site-packages/airflow/example_dags/example_branch_labels.py took 0.249 seconds
[2024-12-20T09:19:49.710+0000] {processor.py:161} INFO - Started process (PID=4319) to work on /home/airflow/.local/lib/python3.11/site-packages/airflow/example_dags/example_branch_labels.py
[2024-12-20T09:19:49.712+0000] {processor.py:830} INFO - Processing file /home/airflow/.local/lib/python3.11/site-packages/airflow/example_dags/example_branch_labels.py for tasks to queue
[2024-12-20T09:19:49.714+0000] {logging_mixin.py:188} INFO - [2024-12-20T09:19:49.713+0000] {dagbag.py:538} INFO - Filling up the DagBag from /home/airflow/.local/lib/python3.11/site-packages/airflow/example_dags/example_branch_labels.py
[2024-12-20T09:19:49.732+0000] {processor.py:840} INFO - DAG(s) 'example_branch_labels' retrieved from /home/airflow/.local/lib/python3.11/site-packages/airflow/example_dags/example_branch_labels.py
[2024-12-20T09:19:49.779+0000] {logging_mixin.py:188} INFO - [2024-12-20T09:19:49.778+0000] {dag.py:3036} INFO - Sync 1 DAGs
[2024-12-20T09:19:49.841+0000] {logging_mixin.py:188} INFO - [2024-12-20T09:19:49.840+0000] {dag.py:3823} INFO - Setting next_dagrun for example_branch_labels to 2024-12-19 00:00:00+00:00, run_after=2024-12-20 00:00:00+00:00
[2024-12-20T09:19:49.895+0000] {processor.py:183} INFO - Processing /home/airflow/.local/lib/python3.11/site-packages/airflow/example_dags/example_branch_labels.py took 0.193 seconds
[2024-12-20T09:20:20.320+0000] {processor.py:161} INFO - Started process (PID=4390) to work on /home/airflow/.local/lib/python3.11/site-packages/airflow/example_dags/example_branch_labels.py
[2024-12-20T09:20:20.333+0000] {processor.py:830} INFO - Processing file /home/airflow/.local/lib/python3.11/site-packages/airflow/example_dags/example_branch_labels.py for tasks to queue
[2024-12-20T09:20:20.339+0000] {logging_mixin.py:188} INFO - [2024-12-20T09:20:20.339+0000] {dagbag.py:538} INFO - Filling up the DagBag from /home/airflow/.local/lib/python3.11/site-packages/airflow/example_dags/example_branch_labels.py
[2024-12-20T09:20:20.379+0000] {processor.py:840} INFO - DAG(s) 'example_branch_labels' retrieved from /home/airflow/.local/lib/python3.11/site-packages/airflow/example_dags/example_branch_labels.py
[2024-12-20T09:20:20.457+0000] {logging_mixin.py:188} INFO - [2024-12-20T09:20:20.457+0000] {dag.py:3036} INFO - Sync 1 DAGs
[2024-12-20T09:20:20.537+0000] {logging_mixin.py:188} INFO - [2024-12-20T09:20:20.537+0000] {dag.py:3823} INFO - Setting next_dagrun for example_branch_labels to 2024-12-19 00:00:00+00:00, run_after=2024-12-20 00:00:00+00:00
[2024-12-20T09:20:20.587+0000] {processor.py:183} INFO - Processing /home/airflow/.local/lib/python3.11/site-packages/airflow/example_dags/example_branch_labels.py took 0.280 seconds
[2024-12-20T09:20:51.522+0000] {processor.py:161} INFO - Started process (PID=4462) to work on /home/airflow/.local/lib/python3.11/site-packages/airflow/example_dags/example_branch_labels.py
[2024-12-20T09:20:51.524+0000] {processor.py:830} INFO - Processing file /home/airflow/.local/lib/python3.11/site-packages/airflow/example_dags/example_branch_labels.py for tasks to queue
[2024-12-20T09:20:51.526+0000] {logging_mixin.py:188} INFO - [2024-12-20T09:20:51.525+0000] {dagbag.py:538} INFO - Filling up the DagBag from /home/airflow/.local/lib/python3.11/site-packages/airflow/example_dags/example_branch_labels.py
[2024-12-20T09:20:51.545+0000] {processor.py:840} INFO - DAG(s) 'example_branch_labels' retrieved from /home/airflow/.local/lib/python3.11/site-packages/airflow/example_dags/example_branch_labels.py
[2024-12-20T09:20:51.593+0000] {logging_mixin.py:188} INFO - [2024-12-20T09:20:51.592+0000] {dag.py:3036} INFO - Sync 1 DAGs
[2024-12-20T09:20:51.641+0000] {logging_mixin.py:188} INFO - [2024-12-20T09:20:51.640+0000] {dag.py:3823} INFO - Setting next_dagrun for example_branch_labels to 2024-12-19 00:00:00+00:00, run_after=2024-12-20 00:00:00+00:00
[2024-12-20T09:20:51.677+0000] {processor.py:183} INFO - Processing /home/airflow/.local/lib/python3.11/site-packages/airflow/example_dags/example_branch_labels.py took 0.162 seconds
[2024-12-20T09:21:23.106+0000] {processor.py:161} INFO - Started process (PID=4537) to work on /home/airflow/.local/lib/python3.11/site-packages/airflow/example_dags/example_branch_labels.py
[2024-12-20T09:21:23.121+0000] {processor.py:830} INFO - Processing file /home/airflow/.local/lib/python3.11/site-packages/airflow/example_dags/example_branch_labels.py for tasks to queue
[2024-12-20T09:21:23.137+0000] {logging_mixin.py:188} INFO - [2024-12-20T09:21:23.134+0000] {dagbag.py:538} INFO - Filling up the DagBag from /home/airflow/.local/lib/python3.11/site-packages/airflow/example_dags/example_branch_labels.py
[2024-12-20T09:21:23.160+0000] {processor.py:840} INFO - DAG(s) 'example_branch_labels' retrieved from /home/airflow/.local/lib/python3.11/site-packages/airflow/example_dags/example_branch_labels.py
[2024-12-20T09:21:23.406+0000] {logging_mixin.py:188} INFO - [2024-12-20T09:21:23.404+0000] {dag.py:3036} INFO - Sync 1 DAGs
[2024-12-20T09:21:23.504+0000] {logging_mixin.py:188} INFO - [2024-12-20T09:21:23.504+0000] {dag.py:3823} INFO - Setting next_dagrun for example_branch_labels to 2024-12-19 00:00:00+00:00, run_after=2024-12-20 00:00:00+00:00
[2024-12-20T09:21:23.572+0000] {processor.py:183} INFO - Processing /home/airflow/.local/lib/python3.11/site-packages/airflow/example_dags/example_branch_labels.py took 0.472 seconds
[2024-12-20T09:21:53.744+0000] {processor.py:161} INFO - Started process (PID=4593) to work on /home/airflow/.local/lib/python3.11/site-packages/airflow/example_dags/example_branch_labels.py
[2024-12-20T09:21:53.752+0000] {processor.py:830} INFO - Processing file /home/airflow/.local/lib/python3.11/site-packages/airflow/example_dags/example_branch_labels.py for tasks to queue
[2024-12-20T09:21:53.753+0000] {logging_mixin.py:188} INFO - [2024-12-20T09:21:53.753+0000] {dagbag.py:538} INFO - Filling up the DagBag from /home/airflow/.local/lib/python3.11/site-packages/airflow/example_dags/example_branch_labels.py
[2024-12-20T09:21:53.797+0000] {processor.py:840} INFO - DAG(s) 'example_branch_labels' retrieved from /home/airflow/.local/lib/python3.11/site-packages/airflow/example_dags/example_branch_labels.py
[2024-12-20T09:21:53.929+0000] {logging_mixin.py:188} INFO - [2024-12-20T09:21:53.928+0000] {dag.py:3036} INFO - Sync 1 DAGs
[2024-12-20T09:21:53.997+0000] {logging_mixin.py:188} INFO - [2024-12-20T09:21:53.996+0000] {dag.py:3823} INFO - Setting next_dagrun for example_branch_labels to 2024-12-19 00:00:00+00:00, run_after=2024-12-20 00:00:00+00:00
[2024-12-20T09:21:54.063+0000] {processor.py:183} INFO - Processing /home/airflow/.local/lib/python3.11/site-packages/airflow/example_dags/example_branch_labels.py took 0.334 seconds
[2024-12-20T09:22:24.944+0000] {processor.py:161} INFO - Started process (PID=4665) to work on /home/airflow/.local/lib/python3.11/site-packages/airflow/example_dags/example_branch_labels.py
[2024-12-20T09:22:24.946+0000] {processor.py:830} INFO - Processing file /home/airflow/.local/lib/python3.11/site-packages/airflow/example_dags/example_branch_labels.py for tasks to queue
[2024-12-20T09:22:24.948+0000] {logging_mixin.py:188} INFO - [2024-12-20T09:22:24.948+0000] {dagbag.py:538} INFO - Filling up the DagBag from /home/airflow/.local/lib/python3.11/site-packages/airflow/example_dags/example_branch_labels.py
[2024-12-20T09:22:24.974+0000] {processor.py:840} INFO - DAG(s) 'example_branch_labels' retrieved from /home/airflow/.local/lib/python3.11/site-packages/airflow/example_dags/example_branch_labels.py
[2024-12-20T09:22:25.031+0000] {logging_mixin.py:188} INFO - [2024-12-20T09:22:25.031+0000] {dag.py:3036} INFO - Sync 1 DAGs
[2024-12-20T09:22:25.082+0000] {logging_mixin.py:188} INFO - [2024-12-20T09:22:25.082+0000] {dag.py:3823} INFO - Setting next_dagrun for example_branch_labels to 2024-12-19 00:00:00+00:00, run_after=2024-12-20 00:00:00+00:00
[2024-12-20T09:22:25.115+0000] {processor.py:183} INFO - Processing /home/airflow/.local/lib/python3.11/site-packages/airflow/example_dags/example_branch_labels.py took 0.180 seconds
[2024-12-20T09:22:55.661+0000] {processor.py:161} INFO - Started process (PID=4736) to work on /home/airflow/.local/lib/python3.11/site-packages/airflow/example_dags/example_branch_labels.py
[2024-12-20T09:22:55.668+0000] {processor.py:830} INFO - Processing file /home/airflow/.local/lib/python3.11/site-packages/airflow/example_dags/example_branch_labels.py for tasks to queue
[2024-12-20T09:22:55.670+0000] {logging_mixin.py:188} INFO - [2024-12-20T09:22:55.669+0000] {dagbag.py:538} INFO - Filling up the DagBag from /home/airflow/.local/lib/python3.11/site-packages/airflow/example_dags/example_branch_labels.py
[2024-12-20T09:22:55.695+0000] {processor.py:840} INFO - DAG(s) 'example_branch_labels' retrieved from /home/airflow/.local/lib/python3.11/site-packages/airflow/example_dags/example_branch_labels.py
[2024-12-20T09:22:55.733+0000] {logging_mixin.py:188} INFO - [2024-12-20T09:22:55.732+0000] {dag.py:3036} INFO - Sync 1 DAGs
[2024-12-20T09:22:55.765+0000] {logging_mixin.py:188} INFO - [2024-12-20T09:22:55.765+0000] {dag.py:3823} INFO - Setting next_dagrun for example_branch_labels to 2024-12-19 00:00:00+00:00, run_after=2024-12-20 00:00:00+00:00
[2024-12-20T09:22:55.796+0000] {processor.py:183} INFO - Processing /home/airflow/.local/lib/python3.11/site-packages/airflow/example_dags/example_branch_labels.py took 0.141 seconds
[2024-12-20T09:23:26.110+0000] {processor.py:161} INFO - Started process (PID=4809) to work on /home/airflow/.local/lib/python3.11/site-packages/airflow/example_dags/example_branch_labels.py
[2024-12-20T09:23:26.111+0000] {processor.py:830} INFO - Processing file /home/airflow/.local/lib/python3.11/site-packages/airflow/example_dags/example_branch_labels.py for tasks to queue
[2024-12-20T09:23:26.112+0000] {logging_mixin.py:188} INFO - [2024-12-20T09:23:26.112+0000] {dagbag.py:538} INFO - Filling up the DagBag from /home/airflow/.local/lib/python3.11/site-packages/airflow/example_dags/example_branch_labels.py
[2024-12-20T09:23:26.124+0000] {processor.py:840} INFO - DAG(s) 'example_branch_labels' retrieved from /home/airflow/.local/lib/python3.11/site-packages/airflow/example_dags/example_branch_labels.py
[2024-12-20T09:23:26.154+0000] {logging_mixin.py:188} INFO - [2024-12-20T09:23:26.154+0000] {dag.py:3036} INFO - Sync 1 DAGs
[2024-12-20T09:23:26.185+0000] {logging_mixin.py:188} INFO - [2024-12-20T09:23:26.185+0000] {dag.py:3823} INFO - Setting next_dagrun for example_branch_labels to 2024-12-19 00:00:00+00:00, run_after=2024-12-20 00:00:00+00:00
[2024-12-20T09:23:26.228+0000] {processor.py:183} INFO - Processing /home/airflow/.local/lib/python3.11/site-packages/airflow/example_dags/example_branch_labels.py took 0.123 seconds
[2024-12-20T09:23:56.630+0000] {processor.py:161} INFO - Started process (PID=4872) to work on /home/airflow/.local/lib/python3.11/site-packages/airflow/example_dags/example_branch_labels.py
[2024-12-20T09:23:56.632+0000] {processor.py:830} INFO - Processing file /home/airflow/.local/lib/python3.11/site-packages/airflow/example_dags/example_branch_labels.py for tasks to queue
[2024-12-20T09:23:56.634+0000] {logging_mixin.py:188} INFO - [2024-12-20T09:23:56.634+0000] {dagbag.py:538} INFO - Filling up the DagBag from /home/airflow/.local/lib/python3.11/site-packages/airflow/example_dags/example_branch_labels.py
[2024-12-20T09:23:56.651+0000] {processor.py:840} INFO - DAG(s) 'example_branch_labels' retrieved from /home/airflow/.local/lib/python3.11/site-packages/airflow/example_dags/example_branch_labels.py
[2024-12-20T09:23:56.696+0000] {logging_mixin.py:188} INFO - [2024-12-20T09:23:56.696+0000] {dag.py:3036} INFO - Sync 1 DAGs
[2024-12-20T09:23:56.744+0000] {logging_mixin.py:188} INFO - [2024-12-20T09:23:56.744+0000] {dag.py:3823} INFO - Setting next_dagrun for example_branch_labels to 2024-12-19 00:00:00+00:00, run_after=2024-12-20 00:00:00+00:00
[2024-12-20T09:23:56.781+0000] {processor.py:183} INFO - Processing /home/airflow/.local/lib/python3.11/site-packages/airflow/example_dags/example_branch_labels.py took 0.158 seconds
[2024-12-20T09:24:27.089+0000] {processor.py:161} INFO - Started process (PID=4944) to work on /home/airflow/.local/lib/python3.11/site-packages/airflow/example_dags/example_branch_labels.py
[2024-12-20T09:24:27.093+0000] {processor.py:830} INFO - Processing file /home/airflow/.local/lib/python3.11/site-packages/airflow/example_dags/example_branch_labels.py for tasks to queue
[2024-12-20T09:24:27.095+0000] {logging_mixin.py:188} INFO - [2024-12-20T09:24:27.095+0000] {dagbag.py:538} INFO - Filling up the DagBag from /home/airflow/.local/lib/python3.11/site-packages/airflow/example_dags/example_branch_labels.py
[2024-12-20T09:24:27.113+0000] {processor.py:840} INFO - DAG(s) 'example_branch_labels' retrieved from /home/airflow/.local/lib/python3.11/site-packages/airflow/example_dags/example_branch_labels.py
[2024-12-20T09:24:27.163+0000] {logging_mixin.py:188} INFO - [2024-12-20T09:24:27.163+0000] {dag.py:3036} INFO - Sync 1 DAGs
[2024-12-20T09:24:27.218+0000] {logging_mixin.py:188} INFO - [2024-12-20T09:24:27.218+0000] {dag.py:3823} INFO - Setting next_dagrun for example_branch_labels to 2024-12-19 00:00:00+00:00, run_after=2024-12-20 00:00:00+00:00
[2024-12-20T09:24:27.268+0000] {processor.py:183} INFO - Processing /home/airflow/.local/lib/python3.11/site-packages/airflow/example_dags/example_branch_labels.py took 0.189 seconds
[2024-12-20T09:24:57.377+0000] {processor.py:161} INFO - Started process (PID=5014) to work on /home/airflow/.local/lib/python3.11/site-packages/airflow/example_dags/example_branch_labels.py
[2024-12-20T09:24:57.379+0000] {processor.py:830} INFO - Processing file /home/airflow/.local/lib/python3.11/site-packages/airflow/example_dags/example_branch_labels.py for tasks to queue
[2024-12-20T09:24:57.381+0000] {logging_mixin.py:188} INFO - [2024-12-20T09:24:57.380+0000] {dagbag.py:538} INFO - Filling up the DagBag from /home/airflow/.local/lib/python3.11/site-packages/airflow/example_dags/example_branch_labels.py
[2024-12-20T09:24:57.397+0000] {processor.py:840} INFO - DAG(s) 'example_branch_labels' retrieved from /home/airflow/.local/lib/python3.11/site-packages/airflow/example_dags/example_branch_labels.py
[2024-12-20T09:24:57.446+0000] {logging_mixin.py:188} INFO - [2024-12-20T09:24:57.445+0000] {dag.py:3036} INFO - Sync 1 DAGs
[2024-12-20T09:24:57.494+0000] {logging_mixin.py:188} INFO - [2024-12-20T09:24:57.494+0000] {dag.py:3823} INFO - Setting next_dagrun for example_branch_labels to 2024-12-19 00:00:00+00:00, run_after=2024-12-20 00:00:00+00:00
[2024-12-20T09:24:57.539+0000] {processor.py:183} INFO - Processing /home/airflow/.local/lib/python3.11/site-packages/airflow/example_dags/example_branch_labels.py took 0.170 seconds
[2024-12-20T09:25:28.356+0000] {processor.py:161} INFO - Started process (PID=5086) to work on /home/airflow/.local/lib/python3.11/site-packages/airflow/example_dags/example_branch_labels.py
[2024-12-20T09:25:28.358+0000] {processor.py:830} INFO - Processing file /home/airflow/.local/lib/python3.11/site-packages/airflow/example_dags/example_branch_labels.py for tasks to queue
[2024-12-20T09:25:28.360+0000] {logging_mixin.py:188} INFO - [2024-12-20T09:25:28.359+0000] {dagbag.py:538} INFO - Filling up the DagBag from /home/airflow/.local/lib/python3.11/site-packages/airflow/example_dags/example_branch_labels.py
[2024-12-20T09:25:28.376+0000] {processor.py:840} INFO - DAG(s) 'example_branch_labels' retrieved from /home/airflow/.local/lib/python3.11/site-packages/airflow/example_dags/example_branch_labels.py
[2024-12-20T09:25:28.423+0000] {logging_mixin.py:188} INFO - [2024-12-20T09:25:28.423+0000] {dag.py:3036} INFO - Sync 1 DAGs
[2024-12-20T09:25:28.468+0000] {logging_mixin.py:188} INFO - [2024-12-20T09:25:28.468+0000] {dag.py:3823} INFO - Setting next_dagrun for example_branch_labels to 2024-12-19 00:00:00+00:00, run_after=2024-12-20 00:00:00+00:00
[2024-12-20T09:25:28.503+0000] {processor.py:183} INFO - Processing /home/airflow/.local/lib/python3.11/site-packages/airflow/example_dags/example_branch_labels.py took 0.154 seconds
[2024-12-20T09:25:58.706+0000] {processor.py:161} INFO - Started process (PID=5158) to work on /home/airflow/.local/lib/python3.11/site-packages/airflow/example_dags/example_branch_labels.py
[2024-12-20T09:25:58.707+0000] {processor.py:830} INFO - Processing file /home/airflow/.local/lib/python3.11/site-packages/airflow/example_dags/example_branch_labels.py for tasks to queue
[2024-12-20T09:25:58.709+0000] {logging_mixin.py:188} INFO - [2024-12-20T09:25:58.708+0000] {dagbag.py:538} INFO - Filling up the DagBag from /home/airflow/.local/lib/python3.11/site-packages/airflow/example_dags/example_branch_labels.py
[2024-12-20T09:25:58.720+0000] {processor.py:840} INFO - DAG(s) 'example_branch_labels' retrieved from /home/airflow/.local/lib/python3.11/site-packages/airflow/example_dags/example_branch_labels.py
[2024-12-20T09:25:58.750+0000] {logging_mixin.py:188} INFO - [2024-12-20T09:25:58.750+0000] {dag.py:3036} INFO - Sync 1 DAGs
[2024-12-20T09:25:58.780+0000] {logging_mixin.py:188} INFO - [2024-12-20T09:25:58.780+0000] {dag.py:3823} INFO - Setting next_dagrun for example_branch_labels to 2024-12-19 00:00:00+00:00, run_after=2024-12-20 00:00:00+00:00
[2024-12-20T09:25:58.819+0000] {processor.py:183} INFO - Processing /home/airflow/.local/lib/python3.11/site-packages/airflow/example_dags/example_branch_labels.py took 0.117 seconds
[2024-12-20T09:26:29.465+0000] {processor.py:161} INFO - Started process (PID=5223) to work on /home/airflow/.local/lib/python3.11/site-packages/airflow/example_dags/example_branch_labels.py
[2024-12-20T09:26:29.466+0000] {processor.py:830} INFO - Processing file /home/airflow/.local/lib/python3.11/site-packages/airflow/example_dags/example_branch_labels.py for tasks to queue
[2024-12-20T09:26:29.468+0000] {logging_mixin.py:188} INFO - [2024-12-20T09:26:29.468+0000] {dagbag.py:538} INFO - Filling up the DagBag from /home/airflow/.local/lib/python3.11/site-packages/airflow/example_dags/example_branch_labels.py
[2024-12-20T09:26:29.482+0000] {processor.py:840} INFO - DAG(s) 'example_branch_labels' retrieved from /home/airflow/.local/lib/python3.11/site-packages/airflow/example_dags/example_branch_labels.py
[2024-12-20T09:26:29.521+0000] {logging_mixin.py:188} INFO - [2024-12-20T09:26:29.520+0000] {dag.py:3036} INFO - Sync 1 DAGs
[2024-12-20T09:26:29.558+0000] {logging_mixin.py:188} INFO - [2024-12-20T09:26:29.558+0000] {dag.py:3823} INFO - Setting next_dagrun for example_branch_labels to 2024-12-19 00:00:00+00:00, run_after=2024-12-20 00:00:00+00:00
[2024-12-20T09:26:29.587+0000] {processor.py:183} INFO - Processing /home/airflow/.local/lib/python3.11/site-packages/airflow/example_dags/example_branch_labels.py took 0.128 seconds
[2024-12-20T09:26:59.748+0000] {processor.py:161} INFO - Started process (PID=5300) to work on /home/airflow/.local/lib/python3.11/site-packages/airflow/example_dags/example_branch_labels.py
[2024-12-20T09:26:59.750+0000] {processor.py:830} INFO - Processing file /home/airflow/.local/lib/python3.11/site-packages/airflow/example_dags/example_branch_labels.py for tasks to queue
[2024-12-20T09:26:59.751+0000] {logging_mixin.py:188} INFO - [2024-12-20T09:26:59.751+0000] {dagbag.py:538} INFO - Filling up the DagBag from /home/airflow/.local/lib/python3.11/site-packages/airflow/example_dags/example_branch_labels.py
[2024-12-20T09:26:59.762+0000] {processor.py:840} INFO - DAG(s) 'example_branch_labels' retrieved from /home/airflow/.local/lib/python3.11/site-packages/airflow/example_dags/example_branch_labels.py
[2024-12-20T09:26:59.791+0000] {logging_mixin.py:188} INFO - [2024-12-20T09:26:59.791+0000] {dag.py:3036} INFO - Sync 1 DAGs
[2024-12-20T09:26:59.819+0000] {logging_mixin.py:188} INFO - [2024-12-20T09:26:59.819+0000] {dag.py:3823} INFO - Setting next_dagrun for example_branch_labels to 2024-12-19 00:00:00+00:00, run_after=2024-12-20 00:00:00+00:00
[2024-12-20T09:26:59.845+0000] {processor.py:183} INFO - Processing /home/airflow/.local/lib/python3.11/site-packages/airflow/example_dags/example_branch_labels.py took 0.102 seconds
[2024-12-20T09:27:30.273+0000] {processor.py:161} INFO - Started process (PID=5372) to work on /home/airflow/.local/lib/python3.11/site-packages/airflow/example_dags/example_branch_labels.py
[2024-12-20T09:27:30.275+0000] {processor.py:830} INFO - Processing file /home/airflow/.local/lib/python3.11/site-packages/airflow/example_dags/example_branch_labels.py for tasks to queue
[2024-12-20T09:27:30.276+0000] {logging_mixin.py:188} INFO - [2024-12-20T09:27:30.276+0000] {dagbag.py:538} INFO - Filling up the DagBag from /home/airflow/.local/lib/python3.11/site-packages/airflow/example_dags/example_branch_labels.py
[2024-12-20T09:27:30.288+0000] {processor.py:840} INFO - DAG(s) 'example_branch_labels' retrieved from /home/airflow/.local/lib/python3.11/site-packages/airflow/example_dags/example_branch_labels.py
[2024-12-20T09:27:30.327+0000] {logging_mixin.py:188} INFO - [2024-12-20T09:27:30.327+0000] {dag.py:3036} INFO - Sync 1 DAGs
[2024-12-20T09:27:30.371+0000] {logging_mixin.py:188} INFO - [2024-12-20T09:27:30.370+0000] {dag.py:3823} INFO - Setting next_dagrun for example_branch_labels to 2024-12-19 00:00:00+00:00, run_after=2024-12-20 00:00:00+00:00
[2024-12-20T09:27:30.402+0000] {processor.py:183} INFO - Processing /home/airflow/.local/lib/python3.11/site-packages/airflow/example_dags/example_branch_labels.py took 0.134 seconds
[2024-12-20T09:28:00.899+0000] {processor.py:161} INFO - Started process (PID=5444) to work on /home/airflow/.local/lib/python3.11/site-packages/airflow/example_dags/example_branch_labels.py
[2024-12-20T09:28:00.902+0000] {processor.py:830} INFO - Processing file /home/airflow/.local/lib/python3.11/site-packages/airflow/example_dags/example_branch_labels.py for tasks to queue
[2024-12-20T09:28:00.904+0000] {logging_mixin.py:188} INFO - [2024-12-20T09:28:00.904+0000] {dagbag.py:538} INFO - Filling up the DagBag from /home/airflow/.local/lib/python3.11/site-packages/airflow/example_dags/example_branch_labels.py
[2024-12-20T09:28:00.926+0000] {processor.py:840} INFO - DAG(s) 'example_branch_labels' retrieved from /home/airflow/.local/lib/python3.11/site-packages/airflow/example_dags/example_branch_labels.py
[2024-12-20T09:28:00.984+0000] {logging_mixin.py:188} INFO - [2024-12-20T09:28:00.983+0000] {dag.py:3036} INFO - Sync 1 DAGs
[2024-12-20T09:28:01.044+0000] {logging_mixin.py:188} INFO - [2024-12-20T09:28:01.044+0000] {dag.py:3823} INFO - Setting next_dagrun for example_branch_labels to 2024-12-19 00:00:00+00:00, run_after=2024-12-20 00:00:00+00:00
[2024-12-20T09:28:01.111+0000] {processor.py:183} INFO - Processing /home/airflow/.local/lib/python3.11/site-packages/airflow/example_dags/example_branch_labels.py took 0.222 seconds
[2024-12-20T09:28:31.203+0000] {processor.py:161} INFO - Started process (PID=5516) to work on /home/airflow/.local/lib/python3.11/site-packages/airflow/example_dags/example_branch_labels.py
[2024-12-20T09:28:31.205+0000] {processor.py:830} INFO - Processing file /home/airflow/.local/lib/python3.11/site-packages/airflow/example_dags/example_branch_labels.py for tasks to queue
[2024-12-20T09:28:31.206+0000] {logging_mixin.py:188} INFO - [2024-12-20T09:28:31.206+0000] {dagbag.py:538} INFO - Filling up the DagBag from /home/airflow/.local/lib/python3.11/site-packages/airflow/example_dags/example_branch_labels.py
[2024-12-20T09:28:31.218+0000] {processor.py:840} INFO - DAG(s) 'example_branch_labels' retrieved from /home/airflow/.local/lib/python3.11/site-packages/airflow/example_dags/example_branch_labels.py
[2024-12-20T09:28:31.245+0000] {logging_mixin.py:188} INFO - [2024-12-20T09:28:31.245+0000] {dag.py:3036} INFO - Sync 1 DAGs
[2024-12-20T09:28:31.274+0000] {logging_mixin.py:188} INFO - [2024-12-20T09:28:31.274+0000] {dag.py:3823} INFO - Setting next_dagrun for example_branch_labels to 2024-12-19 00:00:00+00:00, run_after=2024-12-20 00:00:00+00:00
[2024-12-20T09:28:31.304+0000] {processor.py:183} INFO - Processing /home/airflow/.local/lib/python3.11/site-packages/airflow/example_dags/example_branch_labels.py took 0.106 seconds
