[2024-12-20T00:00:18.099+0000] {processor.py:161} INFO - Started process (PID=2171) to work on /home/airflow/.local/lib/python3.11/site-packages/airflow/example_dags/example_skip_dag.py
[2024-12-20T00:00:18.100+0000] {processor.py:830} INFO - Processing file /home/airflow/.local/lib/python3.11/site-packages/airflow/example_dags/example_skip_dag.py for tasks to queue
[2024-12-20T00:00:18.102+0000] {logging_mixin.py:188} INFO - [2024-12-20T00:00:18.102+0000] {dagbag.py:538} INFO - Filling up the DagBag from /home/airflow/.local/lib/python3.11/site-packages/airflow/example_dags/example_skip_dag.py
[2024-12-20T00:00:18.110+0000] {processor.py:840} INFO - DAG(s) 'example_skip_dag' retrieved from /home/airflow/.local/lib/python3.11/site-packages/airflow/example_dags/example_skip_dag.py
[2024-12-20T00:00:18.134+0000] {logging_mixin.py:188} INFO - [2024-12-20T00:00:18.134+0000] {dag.py:3036} INFO - Sync 1 DAGs
[2024-12-20T00:00:18.157+0000] {logging_mixin.py:188} INFO - [2024-12-20T00:00:18.157+0000] {dag.py:3823} INFO - Setting next_dagrun for example_skip_dag to 2024-12-19 00:00:00+00:00, run_after=2024-12-20 00:00:00+00:00
[2024-12-20T00:00:18.183+0000] {processor.py:183} INFO - Processing /home/airflow/.local/lib/python3.11/site-packages/airflow/example_dags/example_skip_dag.py took 0.087 seconds
[2024-12-20T00:00:48.968+0000] {processor.py:161} INFO - Started process (PID=2243) to work on /home/airflow/.local/lib/python3.11/site-packages/airflow/example_dags/example_skip_dag.py
[2024-12-20T00:00:48.970+0000] {processor.py:830} INFO - Processing file /home/airflow/.local/lib/python3.11/site-packages/airflow/example_dags/example_skip_dag.py for tasks to queue
[2024-12-20T00:00:48.973+0000] {logging_mixin.py:188} INFO - [2024-12-20T00:00:48.972+0000] {dagbag.py:538} INFO - Filling up the DagBag from /home/airflow/.local/lib/python3.11/site-packages/airflow/example_dags/example_skip_dag.py
[2024-12-20T00:00:48.982+0000] {processor.py:840} INFO - DAG(s) 'example_skip_dag' retrieved from /home/airflow/.local/lib/python3.11/site-packages/airflow/example_dags/example_skip_dag.py
[2024-12-20T00:00:49.021+0000] {logging_mixin.py:188} INFO - [2024-12-20T00:00:49.020+0000] {dag.py:3036} INFO - Sync 1 DAGs
[2024-12-20T00:00:49.052+0000] {logging_mixin.py:188} INFO - [2024-12-20T00:00:49.052+0000] {dag.py:3823} INFO - Setting next_dagrun for example_skip_dag to 2024-12-19 00:00:00+00:00, run_after=2024-12-20 00:00:00+00:00
[2024-12-20T00:00:49.083+0000] {processor.py:183} INFO - Processing /home/airflow/.local/lib/python3.11/site-packages/airflow/example_dags/example_skip_dag.py took 0.118 seconds
[2024-12-20T00:01:19.387+0000] {processor.py:161} INFO - Started process (PID=2313) to work on /home/airflow/.local/lib/python3.11/site-packages/airflow/example_dags/example_skip_dag.py
[2024-12-20T00:01:19.389+0000] {processor.py:830} INFO - Processing file /home/airflow/.local/lib/python3.11/site-packages/airflow/example_dags/example_skip_dag.py for tasks to queue
[2024-12-20T00:01:19.392+0000] {logging_mixin.py:188} INFO - [2024-12-20T00:01:19.392+0000] {dagbag.py:538} INFO - Filling up the DagBag from /home/airflow/.local/lib/python3.11/site-packages/airflow/example_dags/example_skip_dag.py
[2024-12-20T00:01:19.403+0000] {processor.py:840} INFO - DAG(s) 'example_skip_dag' retrieved from /home/airflow/.local/lib/python3.11/site-packages/airflow/example_dags/example_skip_dag.py
[2024-12-20T00:01:19.436+0000] {logging_mixin.py:188} INFO - [2024-12-20T00:01:19.436+0000] {dag.py:3036} INFO - Sync 1 DAGs
[2024-12-20T00:01:19.472+0000] {logging_mixin.py:188} INFO - [2024-12-20T00:01:19.472+0000] {dag.py:3823} INFO - Setting next_dagrun for example_skip_dag to 2024-12-19 00:00:00+00:00, run_after=2024-12-20 00:00:00+00:00
[2024-12-20T00:01:19.498+0000] {processor.py:183} INFO - Processing /home/airflow/.local/lib/python3.11/site-packages/airflow/example_dags/example_skip_dag.py took 0.117 seconds
[2024-12-20T00:01:50.284+0000] {processor.py:161} INFO - Started process (PID=2385) to work on /home/airflow/.local/lib/python3.11/site-packages/airflow/example_dags/example_skip_dag.py
[2024-12-20T00:01:50.286+0000] {processor.py:830} INFO - Processing file /home/airflow/.local/lib/python3.11/site-packages/airflow/example_dags/example_skip_dag.py for tasks to queue
[2024-12-20T00:01:50.289+0000] {logging_mixin.py:188} INFO - [2024-12-20T00:01:50.288+0000] {dagbag.py:538} INFO - Filling up the DagBag from /home/airflow/.local/lib/python3.11/site-packages/airflow/example_dags/example_skip_dag.py
[2024-12-20T00:01:50.297+0000] {processor.py:840} INFO - DAG(s) 'example_skip_dag' retrieved from /home/airflow/.local/lib/python3.11/site-packages/airflow/example_dags/example_skip_dag.py
[2024-12-20T00:01:50.324+0000] {logging_mixin.py:188} INFO - [2024-12-20T00:01:50.324+0000] {dag.py:3036} INFO - Sync 1 DAGs
[2024-12-20T00:01:50.350+0000] {logging_mixin.py:188} INFO - [2024-12-20T00:01:50.350+0000] {dag.py:3823} INFO - Setting next_dagrun for example_skip_dag to 2024-12-19 00:00:00+00:00, run_after=2024-12-20 00:00:00+00:00
[2024-12-20T00:01:50.373+0000] {processor.py:183} INFO - Processing /home/airflow/.local/lib/python3.11/site-packages/airflow/example_dags/example_skip_dag.py took 0.092 seconds
[2024-12-20T00:02:20.777+0000] {processor.py:161} INFO - Started process (PID=2457) to work on /home/airflow/.local/lib/python3.11/site-packages/airflow/example_dags/example_skip_dag.py
[2024-12-20T00:02:20.779+0000] {processor.py:830} INFO - Processing file /home/airflow/.local/lib/python3.11/site-packages/airflow/example_dags/example_skip_dag.py for tasks to queue
[2024-12-20T00:02:20.781+0000] {logging_mixin.py:188} INFO - [2024-12-20T00:02:20.781+0000] {dagbag.py:538} INFO - Filling up the DagBag from /home/airflow/.local/lib/python3.11/site-packages/airflow/example_dags/example_skip_dag.py
[2024-12-20T00:02:20.790+0000] {processor.py:840} INFO - DAG(s) 'example_skip_dag' retrieved from /home/airflow/.local/lib/python3.11/site-packages/airflow/example_dags/example_skip_dag.py
[2024-12-20T00:02:20.818+0000] {logging_mixin.py:188} INFO - [2024-12-20T00:02:20.818+0000] {dag.py:3036} INFO - Sync 1 DAGs
[2024-12-20T00:02:20.846+0000] {logging_mixin.py:188} INFO - [2024-12-20T00:02:20.846+0000] {dag.py:3823} INFO - Setting next_dagrun for example_skip_dag to 2024-12-19 00:00:00+00:00, run_after=2024-12-20 00:00:00+00:00
[2024-12-20T00:02:20.874+0000] {processor.py:183} INFO - Processing /home/airflow/.local/lib/python3.11/site-packages/airflow/example_dags/example_skip_dag.py took 0.101 seconds
[2024-12-20T00:02:51.034+0000] {processor.py:161} INFO - Started process (PID=2536) to work on /home/airflow/.local/lib/python3.11/site-packages/airflow/example_dags/example_skip_dag.py
[2024-12-20T00:02:51.035+0000] {processor.py:830} INFO - Processing file /home/airflow/.local/lib/python3.11/site-packages/airflow/example_dags/example_skip_dag.py for tasks to queue
[2024-12-20T00:02:51.038+0000] {logging_mixin.py:188} INFO - [2024-12-20T00:02:51.037+0000] {dagbag.py:538} INFO - Filling up the DagBag from /home/airflow/.local/lib/python3.11/site-packages/airflow/example_dags/example_skip_dag.py
[2024-12-20T00:02:51.045+0000] {processor.py:840} INFO - DAG(s) 'example_skip_dag' retrieved from /home/airflow/.local/lib/python3.11/site-packages/airflow/example_dags/example_skip_dag.py
[2024-12-20T00:02:51.069+0000] {logging_mixin.py:188} INFO - [2024-12-20T00:02:51.069+0000] {dag.py:3036} INFO - Sync 1 DAGs
[2024-12-20T00:02:51.093+0000] {logging_mixin.py:188} INFO - [2024-12-20T00:02:51.092+0000] {dag.py:3823} INFO - Setting next_dagrun for example_skip_dag to 2024-12-19 00:00:00+00:00, run_after=2024-12-20 00:00:00+00:00
[2024-12-20T00:02:51.115+0000] {processor.py:183} INFO - Processing /home/airflow/.local/lib/python3.11/site-packages/airflow/example_dags/example_skip_dag.py took 0.085 seconds
[2024-12-20T00:03:21.633+0000] {processor.py:161} INFO - Started process (PID=2608) to work on /home/airflow/.local/lib/python3.11/site-packages/airflow/example_dags/example_skip_dag.py
[2024-12-20T00:03:21.634+0000] {processor.py:830} INFO - Processing file /home/airflow/.local/lib/python3.11/site-packages/airflow/example_dags/example_skip_dag.py for tasks to queue
[2024-12-20T00:03:21.636+0000] {logging_mixin.py:188} INFO - [2024-12-20T00:03:21.636+0000] {dagbag.py:538} INFO - Filling up the DagBag from /home/airflow/.local/lib/python3.11/site-packages/airflow/example_dags/example_skip_dag.py
[2024-12-20T00:03:21.644+0000] {processor.py:840} INFO - DAG(s) 'example_skip_dag' retrieved from /home/airflow/.local/lib/python3.11/site-packages/airflow/example_dags/example_skip_dag.py
[2024-12-20T00:03:21.667+0000] {logging_mixin.py:188} INFO - [2024-12-20T00:03:21.667+0000] {dag.py:3036} INFO - Sync 1 DAGs
[2024-12-20T00:03:21.691+0000] {logging_mixin.py:188} INFO - [2024-12-20T00:03:21.690+0000] {dag.py:3823} INFO - Setting next_dagrun for example_skip_dag to 2024-12-19 00:00:00+00:00, run_after=2024-12-20 00:00:00+00:00
[2024-12-20T00:03:21.721+0000] {processor.py:183} INFO - Processing /home/airflow/.local/lib/python3.11/site-packages/airflow/example_dags/example_skip_dag.py took 0.091 seconds
[2024-12-20T00:03:52.142+0000] {processor.py:161} INFO - Started process (PID=2680) to work on /home/airflow/.local/lib/python3.11/site-packages/airflow/example_dags/example_skip_dag.py
[2024-12-20T00:03:52.143+0000] {processor.py:830} INFO - Processing file /home/airflow/.local/lib/python3.11/site-packages/airflow/example_dags/example_skip_dag.py for tasks to queue
[2024-12-20T00:03:52.146+0000] {logging_mixin.py:188} INFO - [2024-12-20T00:03:52.145+0000] {dagbag.py:538} INFO - Filling up the DagBag from /home/airflow/.local/lib/python3.11/site-packages/airflow/example_dags/example_skip_dag.py
[2024-12-20T00:03:52.160+0000] {processor.py:840} INFO - DAG(s) 'example_skip_dag' retrieved from /home/airflow/.local/lib/python3.11/site-packages/airflow/example_dags/example_skip_dag.py
[2024-12-20T00:03:52.205+0000] {logging_mixin.py:188} INFO - [2024-12-20T00:03:52.204+0000] {dag.py:3036} INFO - Sync 1 DAGs
[2024-12-20T00:03:52.242+0000] {logging_mixin.py:188} INFO - [2024-12-20T00:03:52.242+0000] {dag.py:3823} INFO - Setting next_dagrun for example_skip_dag to 2024-12-19 00:00:00+00:00, run_after=2024-12-20 00:00:00+00:00
[2024-12-20T00:03:52.267+0000] {processor.py:183} INFO - Processing /home/airflow/.local/lib/python3.11/site-packages/airflow/example_dags/example_skip_dag.py took 0.129 seconds
[2024-12-20T00:04:22.948+0000] {processor.py:161} INFO - Started process (PID=2759) to work on /home/airflow/.local/lib/python3.11/site-packages/airflow/example_dags/example_skip_dag.py
[2024-12-20T00:04:22.949+0000] {processor.py:830} INFO - Processing file /home/airflow/.local/lib/python3.11/site-packages/airflow/example_dags/example_skip_dag.py for tasks to queue
[2024-12-20T00:04:22.952+0000] {logging_mixin.py:188} INFO - [2024-12-20T00:04:22.951+0000] {dagbag.py:538} INFO - Filling up the DagBag from /home/airflow/.local/lib/python3.11/site-packages/airflow/example_dags/example_skip_dag.py
[2024-12-20T00:04:22.959+0000] {processor.py:840} INFO - DAG(s) 'example_skip_dag' retrieved from /home/airflow/.local/lib/python3.11/site-packages/airflow/example_dags/example_skip_dag.py
[2024-12-20T00:04:22.984+0000] {logging_mixin.py:188} INFO - [2024-12-20T00:04:22.984+0000] {dag.py:3036} INFO - Sync 1 DAGs
[2024-12-20T00:04:23.009+0000] {logging_mixin.py:188} INFO - [2024-12-20T00:04:23.009+0000] {dag.py:3823} INFO - Setting next_dagrun for example_skip_dag to 2024-12-19 00:00:00+00:00, run_after=2024-12-20 00:00:00+00:00
[2024-12-20T00:04:23.038+0000] {processor.py:183} INFO - Processing /home/airflow/.local/lib/python3.11/site-packages/airflow/example_dags/example_skip_dag.py took 0.093 seconds
[2024-12-20T00:04:53.651+0000] {processor.py:161} INFO - Started process (PID=2831) to work on /home/airflow/.local/lib/python3.11/site-packages/airflow/example_dags/example_skip_dag.py
[2024-12-20T00:04:53.652+0000] {processor.py:830} INFO - Processing file /home/airflow/.local/lib/python3.11/site-packages/airflow/example_dags/example_skip_dag.py for tasks to queue
[2024-12-20T00:04:53.655+0000] {logging_mixin.py:188} INFO - [2024-12-20T00:04:53.654+0000] {dagbag.py:538} INFO - Filling up the DagBag from /home/airflow/.local/lib/python3.11/site-packages/airflow/example_dags/example_skip_dag.py
[2024-12-20T00:04:53.664+0000] {processor.py:840} INFO - DAG(s) 'example_skip_dag' retrieved from /home/airflow/.local/lib/python3.11/site-packages/airflow/example_dags/example_skip_dag.py
[2024-12-20T00:04:53.689+0000] {logging_mixin.py:188} INFO - [2024-12-20T00:04:53.689+0000] {dag.py:3036} INFO - Sync 1 DAGs
[2024-12-20T00:04:53.712+0000] {logging_mixin.py:188} INFO - [2024-12-20T00:04:53.712+0000] {dag.py:3823} INFO - Setting next_dagrun for example_skip_dag to 2024-12-19 00:00:00+00:00, run_after=2024-12-20 00:00:00+00:00
[2024-12-20T00:04:53.739+0000] {processor.py:183} INFO - Processing /home/airflow/.local/lib/python3.11/site-packages/airflow/example_dags/example_skip_dag.py took 0.093 seconds
[2024-12-20T00:05:23.969+0000] {processor.py:161} INFO - Started process (PID=2902) to work on /home/airflow/.local/lib/python3.11/site-packages/airflow/example_dags/example_skip_dag.py
[2024-12-20T00:05:23.971+0000] {processor.py:830} INFO - Processing file /home/airflow/.local/lib/python3.11/site-packages/airflow/example_dags/example_skip_dag.py for tasks to queue
[2024-12-20T00:05:23.974+0000] {logging_mixin.py:188} INFO - [2024-12-20T00:05:23.974+0000] {dagbag.py:538} INFO - Filling up the DagBag from /home/airflow/.local/lib/python3.11/site-packages/airflow/example_dags/example_skip_dag.py
[2024-12-20T00:05:23.985+0000] {processor.py:840} INFO - DAG(s) 'example_skip_dag' retrieved from /home/airflow/.local/lib/python3.11/site-packages/airflow/example_dags/example_skip_dag.py
[2024-12-20T00:05:24.014+0000] {logging_mixin.py:188} INFO - [2024-12-20T00:05:24.014+0000] {dag.py:3036} INFO - Sync 1 DAGs
[2024-12-20T00:05:24.038+0000] {logging_mixin.py:188} INFO - [2024-12-20T00:05:24.038+0000] {dag.py:3823} INFO - Setting next_dagrun for example_skip_dag to 2024-12-19 00:00:00+00:00, run_after=2024-12-20 00:00:00+00:00
[2024-12-20T00:05:24.075+0000] {processor.py:183} INFO - Processing /home/airflow/.local/lib/python3.11/site-packages/airflow/example_dags/example_skip_dag.py took 0.110 seconds
[2024-12-20T00:05:55.193+0000] {processor.py:161} INFO - Started process (PID=2982) to work on /home/airflow/.local/lib/python3.11/site-packages/airflow/example_dags/example_skip_dag.py
[2024-12-20T00:05:55.194+0000] {processor.py:830} INFO - Processing file /home/airflow/.local/lib/python3.11/site-packages/airflow/example_dags/example_skip_dag.py for tasks to queue
[2024-12-20T00:05:55.198+0000] {logging_mixin.py:188} INFO - [2024-12-20T00:05:55.197+0000] {dagbag.py:538} INFO - Filling up the DagBag from /home/airflow/.local/lib/python3.11/site-packages/airflow/example_dags/example_skip_dag.py
[2024-12-20T00:05:55.208+0000] {processor.py:840} INFO - DAG(s) 'example_skip_dag' retrieved from /home/airflow/.local/lib/python3.11/site-packages/airflow/example_dags/example_skip_dag.py
[2024-12-20T00:05:55.237+0000] {logging_mixin.py:188} INFO - [2024-12-20T00:05:55.236+0000] {dag.py:3036} INFO - Sync 1 DAGs
[2024-12-20T00:05:55.266+0000] {logging_mixin.py:188} INFO - [2024-12-20T00:05:55.265+0000] {dag.py:3823} INFO - Setting next_dagrun for example_skip_dag to 2024-12-19 00:00:00+00:00, run_after=2024-12-20 00:00:00+00:00
[2024-12-20T00:05:55.297+0000] {processor.py:183} INFO - Processing /home/airflow/.local/lib/python3.11/site-packages/airflow/example_dags/example_skip_dag.py took 0.110 seconds
[2024-12-20T00:06:25.935+0000] {processor.py:161} INFO - Started process (PID=3045) to work on /home/airflow/.local/lib/python3.11/site-packages/airflow/example_dags/example_skip_dag.py
[2024-12-20T00:06:25.936+0000] {processor.py:830} INFO - Processing file /home/airflow/.local/lib/python3.11/site-packages/airflow/example_dags/example_skip_dag.py for tasks to queue
[2024-12-20T00:06:25.939+0000] {logging_mixin.py:188} INFO - [2024-12-20T00:06:25.938+0000] {dagbag.py:538} INFO - Filling up the DagBag from /home/airflow/.local/lib/python3.11/site-packages/airflow/example_dags/example_skip_dag.py
[2024-12-20T00:06:25.948+0000] {processor.py:840} INFO - DAG(s) 'example_skip_dag' retrieved from /home/airflow/.local/lib/python3.11/site-packages/airflow/example_dags/example_skip_dag.py
[2024-12-20T00:06:25.977+0000] {logging_mixin.py:188} INFO - [2024-12-20T00:06:25.977+0000] {dag.py:3036} INFO - Sync 1 DAGs
[2024-12-20T00:06:26.005+0000] {logging_mixin.py:188} INFO - [2024-12-20T00:06:26.005+0000] {dag.py:3823} INFO - Setting next_dagrun for example_skip_dag to 2024-12-19 00:00:00+00:00, run_after=2024-12-20 00:00:00+00:00
[2024-12-20T00:06:26.040+0000] {processor.py:183} INFO - Processing /home/airflow/.local/lib/python3.11/site-packages/airflow/example_dags/example_skip_dag.py took 0.110 seconds
[2024-12-20T00:06:56.359+0000] {processor.py:161} INFO - Started process (PID=3117) to work on /home/airflow/.local/lib/python3.11/site-packages/airflow/example_dags/example_skip_dag.py
[2024-12-20T00:06:56.361+0000] {processor.py:830} INFO - Processing file /home/airflow/.local/lib/python3.11/site-packages/airflow/example_dags/example_skip_dag.py for tasks to queue
[2024-12-20T00:06:56.364+0000] {logging_mixin.py:188} INFO - [2024-12-20T00:06:56.364+0000] {dagbag.py:538} INFO - Filling up the DagBag from /home/airflow/.local/lib/python3.11/site-packages/airflow/example_dags/example_skip_dag.py
[2024-12-20T00:06:56.375+0000] {processor.py:840} INFO - DAG(s) 'example_skip_dag' retrieved from /home/airflow/.local/lib/python3.11/site-packages/airflow/example_dags/example_skip_dag.py
[2024-12-20T00:06:56.402+0000] {logging_mixin.py:188} INFO - [2024-12-20T00:06:56.402+0000] {dag.py:3036} INFO - Sync 1 DAGs
[2024-12-20T00:06:56.423+0000] {logging_mixin.py:188} INFO - [2024-12-20T00:06:56.423+0000] {dag.py:3823} INFO - Setting next_dagrun for example_skip_dag to 2024-12-19 00:00:00+00:00, run_after=2024-12-20 00:00:00+00:00
[2024-12-20T00:06:56.457+0000] {processor.py:183} INFO - Processing /home/airflow/.local/lib/python3.11/site-packages/airflow/example_dags/example_skip_dag.py took 0.103 seconds
[2024-12-20T00:07:27.276+0000] {processor.py:161} INFO - Started process (PID=3196) to work on /home/airflow/.local/lib/python3.11/site-packages/airflow/example_dags/example_skip_dag.py
[2024-12-20T00:07:27.277+0000] {processor.py:830} INFO - Processing file /home/airflow/.local/lib/python3.11/site-packages/airflow/example_dags/example_skip_dag.py for tasks to queue
[2024-12-20T00:07:27.279+0000] {logging_mixin.py:188} INFO - [2024-12-20T00:07:27.279+0000] {dagbag.py:538} INFO - Filling up the DagBag from /home/airflow/.local/lib/python3.11/site-packages/airflow/example_dags/example_skip_dag.py
[2024-12-20T00:07:27.287+0000] {processor.py:840} INFO - DAG(s) 'example_skip_dag' retrieved from /home/airflow/.local/lib/python3.11/site-packages/airflow/example_dags/example_skip_dag.py
[2024-12-20T00:07:27.311+0000] {logging_mixin.py:188} INFO - [2024-12-20T00:07:27.311+0000] {dag.py:3036} INFO - Sync 1 DAGs
[2024-12-20T00:07:27.336+0000] {logging_mixin.py:188} INFO - [2024-12-20T00:07:27.336+0000] {dag.py:3823} INFO - Setting next_dagrun for example_skip_dag to 2024-12-19 00:00:00+00:00, run_after=2024-12-20 00:00:00+00:00
[2024-12-20T00:07:27.368+0000] {processor.py:183} INFO - Processing /home/airflow/.local/lib/python3.11/site-packages/airflow/example_dags/example_skip_dag.py took 0.096 seconds
[2024-12-20T00:07:57.962+0000] {processor.py:161} INFO - Started process (PID=3268) to work on /home/airflow/.local/lib/python3.11/site-packages/airflow/example_dags/example_skip_dag.py
[2024-12-20T00:07:57.964+0000] {processor.py:830} INFO - Processing file /home/airflow/.local/lib/python3.11/site-packages/airflow/example_dags/example_skip_dag.py for tasks to queue
[2024-12-20T00:07:57.968+0000] {logging_mixin.py:188} INFO - [2024-12-20T00:07:57.968+0000] {dagbag.py:538} INFO - Filling up the DagBag from /home/airflow/.local/lib/python3.11/site-packages/airflow/example_dags/example_skip_dag.py
[2024-12-20T00:07:57.981+0000] {processor.py:840} INFO - DAG(s) 'example_skip_dag' retrieved from /home/airflow/.local/lib/python3.11/site-packages/airflow/example_dags/example_skip_dag.py
[2024-12-20T00:07:58.010+0000] {logging_mixin.py:188} INFO - [2024-12-20T00:07:58.009+0000] {dag.py:3036} INFO - Sync 1 DAGs
[2024-12-20T00:07:58.032+0000] {logging_mixin.py:188} INFO - [2024-12-20T00:07:58.032+0000] {dag.py:3823} INFO - Setting next_dagrun for example_skip_dag to 2024-12-19 00:00:00+00:00, run_after=2024-12-20 00:00:00+00:00
[2024-12-20T00:07:58.061+0000] {processor.py:183} INFO - Processing /home/airflow/.local/lib/python3.11/site-packages/airflow/example_dags/example_skip_dag.py took 0.106 seconds
[2024-12-20T00:08:28.798+0000] {processor.py:161} INFO - Started process (PID=3340) to work on /home/airflow/.local/lib/python3.11/site-packages/airflow/example_dags/example_skip_dag.py
[2024-12-20T00:08:28.800+0000] {processor.py:830} INFO - Processing file /home/airflow/.local/lib/python3.11/site-packages/airflow/example_dags/example_skip_dag.py for tasks to queue
[2024-12-20T00:08:28.804+0000] {logging_mixin.py:188} INFO - [2024-12-20T00:08:28.804+0000] {dagbag.py:538} INFO - Filling up the DagBag from /home/airflow/.local/lib/python3.11/site-packages/airflow/example_dags/example_skip_dag.py
[2024-12-20T00:08:28.819+0000] {processor.py:840} INFO - DAG(s) 'example_skip_dag' retrieved from /home/airflow/.local/lib/python3.11/site-packages/airflow/example_dags/example_skip_dag.py
[2024-12-20T00:08:28.844+0000] {logging_mixin.py:188} INFO - [2024-12-20T00:08:28.843+0000] {dag.py:3036} INFO - Sync 1 DAGs
[2024-12-20T00:08:28.865+0000] {logging_mixin.py:188} INFO - [2024-12-20T00:08:28.865+0000] {dag.py:3823} INFO - Setting next_dagrun for example_skip_dag to 2024-12-19 00:00:00+00:00, run_after=2024-12-20 00:00:00+00:00
[2024-12-20T00:08:28.900+0000] {processor.py:183} INFO - Processing /home/airflow/.local/lib/python3.11/site-packages/airflow/example_dags/example_skip_dag.py took 0.108 seconds
[2024-12-20T00:08:59.223+0000] {processor.py:161} INFO - Started process (PID=3420) to work on /home/airflow/.local/lib/python3.11/site-packages/airflow/example_dags/example_skip_dag.py
[2024-12-20T00:08:59.224+0000] {processor.py:830} INFO - Processing file /home/airflow/.local/lib/python3.11/site-packages/airflow/example_dags/example_skip_dag.py for tasks to queue
[2024-12-20T00:08:59.227+0000] {logging_mixin.py:188} INFO - [2024-12-20T00:08:59.227+0000] {dagbag.py:538} INFO - Filling up the DagBag from /home/airflow/.local/lib/python3.11/site-packages/airflow/example_dags/example_skip_dag.py
[2024-12-20T00:08:59.238+0000] {processor.py:840} INFO - DAG(s) 'example_skip_dag' retrieved from /home/airflow/.local/lib/python3.11/site-packages/airflow/example_dags/example_skip_dag.py
[2024-12-20T00:08:59.265+0000] {logging_mixin.py:188} INFO - [2024-12-20T00:08:59.264+0000] {dag.py:3036} INFO - Sync 1 DAGs
[2024-12-20T00:08:59.291+0000] {logging_mixin.py:188} INFO - [2024-12-20T00:08:59.290+0000] {dag.py:3823} INFO - Setting next_dagrun for example_skip_dag to 2024-12-19 00:00:00+00:00, run_after=2024-12-20 00:00:00+00:00
[2024-12-20T00:08:59.324+0000] {processor.py:183} INFO - Processing /home/airflow/.local/lib/python3.11/site-packages/airflow/example_dags/example_skip_dag.py took 0.104 seconds
[2024-12-20T00:09:29.823+0000] {processor.py:161} INFO - Started process (PID=3492) to work on /home/airflow/.local/lib/python3.11/site-packages/airflow/example_dags/example_skip_dag.py
[2024-12-20T00:09:29.824+0000] {processor.py:830} INFO - Processing file /home/airflow/.local/lib/python3.11/site-packages/airflow/example_dags/example_skip_dag.py for tasks to queue
[2024-12-20T00:09:29.827+0000] {logging_mixin.py:188} INFO - [2024-12-20T00:09:29.827+0000] {dagbag.py:538} INFO - Filling up the DagBag from /home/airflow/.local/lib/python3.11/site-packages/airflow/example_dags/example_skip_dag.py
[2024-12-20T00:09:29.839+0000] {processor.py:840} INFO - DAG(s) 'example_skip_dag' retrieved from /home/airflow/.local/lib/python3.11/site-packages/airflow/example_dags/example_skip_dag.py
[2024-12-20T00:09:29.869+0000] {logging_mixin.py:188} INFO - [2024-12-20T00:09:29.869+0000] {dag.py:3036} INFO - Sync 1 DAGs
[2024-12-20T00:09:29.902+0000] {logging_mixin.py:188} INFO - [2024-12-20T00:09:29.901+0000] {dag.py:3823} INFO - Setting next_dagrun for example_skip_dag to 2024-12-19 00:00:00+00:00, run_after=2024-12-20 00:00:00+00:00
[2024-12-20T00:09:29.963+0000] {processor.py:183} INFO - Processing /home/airflow/.local/lib/python3.11/site-packages/airflow/example_dags/example_skip_dag.py took 0.145 seconds
[2024-12-20T00:10:00.679+0000] {processor.py:161} INFO - Started process (PID=3564) to work on /home/airflow/.local/lib/python3.11/site-packages/airflow/example_dags/example_skip_dag.py
[2024-12-20T00:10:00.681+0000] {processor.py:830} INFO - Processing file /home/airflow/.local/lib/python3.11/site-packages/airflow/example_dags/example_skip_dag.py for tasks to queue
[2024-12-20T00:10:00.686+0000] {logging_mixin.py:188} INFO - [2024-12-20T00:10:00.685+0000] {dagbag.py:538} INFO - Filling up the DagBag from /home/airflow/.local/lib/python3.11/site-packages/airflow/example_dags/example_skip_dag.py
[2024-12-20T00:10:00.699+0000] {processor.py:840} INFO - DAG(s) 'example_skip_dag' retrieved from /home/airflow/.local/lib/python3.11/site-packages/airflow/example_dags/example_skip_dag.py
[2024-12-20T00:10:00.727+0000] {logging_mixin.py:188} INFO - [2024-12-20T00:10:00.726+0000] {dag.py:3036} INFO - Sync 1 DAGs
[2024-12-20T00:10:00.749+0000] {logging_mixin.py:188} INFO - [2024-12-20T00:10:00.748+0000] {dag.py:3823} INFO - Setting next_dagrun for example_skip_dag to 2024-12-19 00:00:00+00:00, run_after=2024-12-20 00:00:00+00:00
[2024-12-20T00:10:00.779+0000] {processor.py:183} INFO - Processing /home/airflow/.local/lib/python3.11/site-packages/airflow/example_dags/example_skip_dag.py took 0.106 seconds
[2024-12-20T00:10:31.318+0000] {processor.py:161} INFO - Started process (PID=3643) to work on /home/airflow/.local/lib/python3.11/site-packages/airflow/example_dags/example_skip_dag.py
[2024-12-20T00:10:31.320+0000] {processor.py:830} INFO - Processing file /home/airflow/.local/lib/python3.11/site-packages/airflow/example_dags/example_skip_dag.py for tasks to queue
[2024-12-20T00:10:31.323+0000] {logging_mixin.py:188} INFO - [2024-12-20T00:10:31.323+0000] {dagbag.py:538} INFO - Filling up the DagBag from /home/airflow/.local/lib/python3.11/site-packages/airflow/example_dags/example_skip_dag.py
[2024-12-20T00:10:31.331+0000] {processor.py:840} INFO - DAG(s) 'example_skip_dag' retrieved from /home/airflow/.local/lib/python3.11/site-packages/airflow/example_dags/example_skip_dag.py
[2024-12-20T00:10:31.358+0000] {logging_mixin.py:188} INFO - [2024-12-20T00:10:31.358+0000] {dag.py:3036} INFO - Sync 1 DAGs
[2024-12-20T00:10:31.383+0000] {logging_mixin.py:188} INFO - [2024-12-20T00:10:31.383+0000] {dag.py:3823} INFO - Setting next_dagrun for example_skip_dag to 2024-12-19 00:00:00+00:00, run_after=2024-12-20 00:00:00+00:00
[2024-12-20T00:10:31.406+0000] {processor.py:183} INFO - Processing /home/airflow/.local/lib/python3.11/site-packages/airflow/example_dags/example_skip_dag.py took 0.092 seconds
[2024-12-20T00:11:02.257+0000] {processor.py:161} INFO - Started process (PID=3708) to work on /home/airflow/.local/lib/python3.11/site-packages/airflow/example_dags/example_skip_dag.py
[2024-12-20T00:11:02.258+0000] {processor.py:830} INFO - Processing file /home/airflow/.local/lib/python3.11/site-packages/airflow/example_dags/example_skip_dag.py for tasks to queue
[2024-12-20T00:11:02.261+0000] {logging_mixin.py:188} INFO - [2024-12-20T00:11:02.260+0000] {dagbag.py:538} INFO - Filling up the DagBag from /home/airflow/.local/lib/python3.11/site-packages/airflow/example_dags/example_skip_dag.py
[2024-12-20T00:11:02.267+0000] {processor.py:840} INFO - DAG(s) 'example_skip_dag' retrieved from /home/airflow/.local/lib/python3.11/site-packages/airflow/example_dags/example_skip_dag.py
[2024-12-20T00:11:02.307+0000] {logging_mixin.py:188} INFO - [2024-12-20T00:11:02.307+0000] {dag.py:3036} INFO - Sync 1 DAGs
[2024-12-20T00:11:02.359+0000] {logging_mixin.py:188} INFO - [2024-12-20T00:11:02.358+0000] {dag.py:3823} INFO - Setting next_dagrun for example_skip_dag to 2024-12-19 00:00:00+00:00, run_after=2024-12-20 00:00:00+00:00
[2024-12-20T00:11:02.392+0000] {processor.py:183} INFO - Processing /home/airflow/.local/lib/python3.11/site-packages/airflow/example_dags/example_skip_dag.py took 0.138 seconds
[2024-12-20T00:11:32.476+0000] {processor.py:161} INFO - Started process (PID=3778) to work on /home/airflow/.local/lib/python3.11/site-packages/airflow/example_dags/example_skip_dag.py
[2024-12-20T00:11:32.477+0000] {processor.py:830} INFO - Processing file /home/airflow/.local/lib/python3.11/site-packages/airflow/example_dags/example_skip_dag.py for tasks to queue
[2024-12-20T00:11:32.480+0000] {logging_mixin.py:188} INFO - [2024-12-20T00:11:32.480+0000] {dagbag.py:538} INFO - Filling up the DagBag from /home/airflow/.local/lib/python3.11/site-packages/airflow/example_dags/example_skip_dag.py
[2024-12-20T00:11:32.489+0000] {processor.py:840} INFO - DAG(s) 'example_skip_dag' retrieved from /home/airflow/.local/lib/python3.11/site-packages/airflow/example_dags/example_skip_dag.py
[2024-12-20T00:11:32.514+0000] {logging_mixin.py:188} INFO - [2024-12-20T00:11:32.513+0000] {dag.py:3036} INFO - Sync 1 DAGs
[2024-12-20T00:11:32.537+0000] {logging_mixin.py:188} INFO - [2024-12-20T00:11:32.537+0000] {dag.py:3823} INFO - Setting next_dagrun for example_skip_dag to 2024-12-19 00:00:00+00:00, run_after=2024-12-20 00:00:00+00:00
[2024-12-20T00:11:32.564+0000] {processor.py:183} INFO - Processing /home/airflow/.local/lib/python3.11/site-packages/airflow/example_dags/example_skip_dag.py took 0.094 seconds
[2024-12-20T00:12:02.895+0000] {processor.py:161} INFO - Started process (PID=3857) to work on /home/airflow/.local/lib/python3.11/site-packages/airflow/example_dags/example_skip_dag.py
[2024-12-20T00:12:02.896+0000] {processor.py:830} INFO - Processing file /home/airflow/.local/lib/python3.11/site-packages/airflow/example_dags/example_skip_dag.py for tasks to queue
[2024-12-20T00:12:02.899+0000] {logging_mixin.py:188} INFO - [2024-12-20T00:12:02.898+0000] {dagbag.py:538} INFO - Filling up the DagBag from /home/airflow/.local/lib/python3.11/site-packages/airflow/example_dags/example_skip_dag.py
[2024-12-20T00:12:02.906+0000] {processor.py:840} INFO - DAG(s) 'example_skip_dag' retrieved from /home/airflow/.local/lib/python3.11/site-packages/airflow/example_dags/example_skip_dag.py
[2024-12-20T00:12:02.932+0000] {logging_mixin.py:188} INFO - [2024-12-20T00:12:02.932+0000] {dag.py:3036} INFO - Sync 1 DAGs
[2024-12-20T00:12:02.955+0000] {logging_mixin.py:188} INFO - [2024-12-20T00:12:02.955+0000] {dag.py:3823} INFO - Setting next_dagrun for example_skip_dag to 2024-12-19 00:00:00+00:00, run_after=2024-12-20 00:00:00+00:00
[2024-12-20T00:12:02.985+0000] {processor.py:183} INFO - Processing /home/airflow/.local/lib/python3.11/site-packages/airflow/example_dags/example_skip_dag.py took 0.097 seconds
[2024-12-20T00:12:33.070+0000] {processor.py:161} INFO - Started process (PID=3928) to work on /home/airflow/.local/lib/python3.11/site-packages/airflow/example_dags/example_skip_dag.py
[2024-12-20T00:12:33.072+0000] {processor.py:830} INFO - Processing file /home/airflow/.local/lib/python3.11/site-packages/airflow/example_dags/example_skip_dag.py for tasks to queue
[2024-12-20T00:12:33.077+0000] {logging_mixin.py:188} INFO - [2024-12-20T00:12:33.076+0000] {dagbag.py:538} INFO - Filling up the DagBag from /home/airflow/.local/lib/python3.11/site-packages/airflow/example_dags/example_skip_dag.py
[2024-12-20T00:12:33.090+0000] {processor.py:840} INFO - DAG(s) 'example_skip_dag' retrieved from /home/airflow/.local/lib/python3.11/site-packages/airflow/example_dags/example_skip_dag.py
[2024-12-20T00:12:33.135+0000] {logging_mixin.py:188} INFO - [2024-12-20T00:12:33.135+0000] {dag.py:3036} INFO - Sync 1 DAGs
[2024-12-20T00:12:33.161+0000] {logging_mixin.py:188} INFO - [2024-12-20T00:12:33.161+0000] {dag.py:3823} INFO - Setting next_dagrun for example_skip_dag to 2024-12-19 00:00:00+00:00, run_after=2024-12-20 00:00:00+00:00
[2024-12-20T00:12:33.198+0000] {processor.py:183} INFO - Processing /home/airflow/.local/lib/python3.11/site-packages/airflow/example_dags/example_skip_dag.py took 0.136 seconds
[2024-12-20T09:17:28.299+0000] {processor.py:161} INFO - Started process (PID=3999) to work on /home/airflow/.local/lib/python3.11/site-packages/airflow/example_dags/example_skip_dag.py
[2024-12-20T09:17:28.306+0000] {processor.py:830} INFO - Processing file /home/airflow/.local/lib/python3.11/site-packages/airflow/example_dags/example_skip_dag.py for tasks to queue
[2024-12-20T09:17:28.311+0000] {logging_mixin.py:188} INFO - [2024-12-20T09:17:28.310+0000] {dagbag.py:538} INFO - Filling up the DagBag from /home/airflow/.local/lib/python3.11/site-packages/airflow/example_dags/example_skip_dag.py
[2024-12-20T09:17:28.383+0000] {processor.py:840} INFO - DAG(s) 'example_skip_dag' retrieved from /home/airflow/.local/lib/python3.11/site-packages/airflow/example_dags/example_skip_dag.py
[2024-12-20T09:17:28.556+0000] {logging_mixin.py:188} INFO - [2024-12-20T09:17:28.555+0000] {dag.py:3036} INFO - Sync 1 DAGs
[2024-12-20T09:17:28.605+0000] {logging_mixin.py:188} INFO - [2024-12-20T09:17:28.604+0000] {dag.py:3823} INFO - Setting next_dagrun for example_skip_dag to 2024-12-19 00:00:00+00:00, run_after=2024-12-20 00:00:00+00:00
[2024-12-20T09:17:28.656+0000] {processor.py:183} INFO - Processing /home/airflow/.local/lib/python3.11/site-packages/airflow/example_dags/example_skip_dag.py took 0.390 seconds
[2024-12-20T09:17:59.052+0000] {processor.py:161} INFO - Started process (PID=4071) to work on /home/airflow/.local/lib/python3.11/site-packages/airflow/example_dags/example_skip_dag.py
[2024-12-20T09:17:59.054+0000] {processor.py:830} INFO - Processing file /home/airflow/.local/lib/python3.11/site-packages/airflow/example_dags/example_skip_dag.py for tasks to queue
[2024-12-20T09:17:59.055+0000] {logging_mixin.py:188} INFO - [2024-12-20T09:17:59.055+0000] {dagbag.py:538} INFO - Filling up the DagBag from /home/airflow/.local/lib/python3.11/site-packages/airflow/example_dags/example_skip_dag.py
[2024-12-20T09:17:59.063+0000] {processor.py:840} INFO - DAG(s) 'example_skip_dag' retrieved from /home/airflow/.local/lib/python3.11/site-packages/airflow/example_dags/example_skip_dag.py
[2024-12-20T09:17:59.089+0000] {logging_mixin.py:188} INFO - [2024-12-20T09:17:59.088+0000] {dag.py:3036} INFO - Sync 1 DAGs
[2024-12-20T09:17:59.112+0000] {logging_mixin.py:188} INFO - [2024-12-20T09:17:59.111+0000] {dag.py:3823} INFO - Setting next_dagrun for example_skip_dag to 2024-12-19 00:00:00+00:00, run_after=2024-12-20 00:00:00+00:00
[2024-12-20T09:17:59.141+0000] {processor.py:183} INFO - Processing /home/airflow/.local/lib/python3.11/site-packages/airflow/example_dags/example_skip_dag.py took 0.092 seconds
[2024-12-20T09:18:29.327+0000] {processor.py:161} INFO - Started process (PID=4141) to work on /home/airflow/.local/lib/python3.11/site-packages/airflow/example_dags/example_skip_dag.py
[2024-12-20T09:18:29.328+0000] {processor.py:830} INFO - Processing file /home/airflow/.local/lib/python3.11/site-packages/airflow/example_dags/example_skip_dag.py for tasks to queue
[2024-12-20T09:18:29.330+0000] {logging_mixin.py:188} INFO - [2024-12-20T09:18:29.329+0000] {dagbag.py:538} INFO - Filling up the DagBag from /home/airflow/.local/lib/python3.11/site-packages/airflow/example_dags/example_skip_dag.py
[2024-12-20T09:18:29.339+0000] {processor.py:840} INFO - DAG(s) 'example_skip_dag' retrieved from /home/airflow/.local/lib/python3.11/site-packages/airflow/example_dags/example_skip_dag.py
[2024-12-20T09:18:29.378+0000] {logging_mixin.py:188} INFO - [2024-12-20T09:18:29.378+0000] {dag.py:3036} INFO - Sync 1 DAGs
[2024-12-20T09:18:29.414+0000] {logging_mixin.py:188} INFO - [2024-12-20T09:18:29.414+0000] {dag.py:3823} INFO - Setting next_dagrun for example_skip_dag to 2024-12-19 00:00:00+00:00, run_after=2024-12-20 00:00:00+00:00
[2024-12-20T09:18:29.440+0000] {processor.py:183} INFO - Processing /home/airflow/.local/lib/python3.11/site-packages/airflow/example_dags/example_skip_dag.py took 0.118 seconds
[2024-12-20T09:18:59.935+0000] {processor.py:161} INFO - Started process (PID=4220) to work on /home/airflow/.local/lib/python3.11/site-packages/airflow/example_dags/example_skip_dag.py
[2024-12-20T09:18:59.937+0000] {processor.py:830} INFO - Processing file /home/airflow/.local/lib/python3.11/site-packages/airflow/example_dags/example_skip_dag.py for tasks to queue
[2024-12-20T09:18:59.938+0000] {logging_mixin.py:188} INFO - [2024-12-20T09:18:59.938+0000] {dagbag.py:538} INFO - Filling up the DagBag from /home/airflow/.local/lib/python3.11/site-packages/airflow/example_dags/example_skip_dag.py
[2024-12-20T09:18:59.948+0000] {processor.py:840} INFO - DAG(s) 'example_skip_dag' retrieved from /home/airflow/.local/lib/python3.11/site-packages/airflow/example_dags/example_skip_dag.py
[2024-12-20T09:18:59.977+0000] {logging_mixin.py:188} INFO - [2024-12-20T09:18:59.977+0000] {dag.py:3036} INFO - Sync 1 DAGs
[2024-12-20T09:19:00.006+0000] {logging_mixin.py:188} INFO - [2024-12-20T09:19:00.006+0000] {dag.py:3823} INFO - Setting next_dagrun for example_skip_dag to 2024-12-19 00:00:00+00:00, run_after=2024-12-20 00:00:00+00:00
[2024-12-20T09:19:00.031+0000] {processor.py:183} INFO - Processing /home/airflow/.local/lib/python3.11/site-packages/airflow/example_dags/example_skip_dag.py took 0.100 seconds
[2024-12-20T09:19:31.578+0000] {processor.py:161} INFO - Started process (PID=4289) to work on /home/airflow/.local/lib/python3.11/site-packages/airflow/example_dags/example_skip_dag.py
[2024-12-20T09:19:31.581+0000] {processor.py:830} INFO - Processing file /home/airflow/.local/lib/python3.11/site-packages/airflow/example_dags/example_skip_dag.py for tasks to queue
[2024-12-20T09:19:31.583+0000] {logging_mixin.py:188} INFO - [2024-12-20T09:19:31.582+0000] {dagbag.py:538} INFO - Filling up the DagBag from /home/airflow/.local/lib/python3.11/site-packages/airflow/example_dags/example_skip_dag.py
[2024-12-20T09:19:31.628+0000] {processor.py:840} INFO - DAG(s) 'example_skip_dag' retrieved from /home/airflow/.local/lib/python3.11/site-packages/airflow/example_dags/example_skip_dag.py
[2024-12-20T09:19:31.741+0000] {logging_mixin.py:188} INFO - [2024-12-20T09:19:31.740+0000] {dag.py:3036} INFO - Sync 1 DAGs
[2024-12-20T09:19:31.815+0000] {logging_mixin.py:188} INFO - [2024-12-20T09:19:31.814+0000] {dag.py:3823} INFO - Setting next_dagrun for example_skip_dag to 2024-12-19 00:00:00+00:00, run_after=2024-12-20 00:00:00+00:00
[2024-12-20T09:19:31.865+0000] {processor.py:183} INFO - Processing /home/airflow/.local/lib/python3.11/site-packages/airflow/example_dags/example_skip_dag.py took 0.308 seconds
[2024-12-20T09:20:02.582+0000] {processor.py:161} INFO - Started process (PID=4360) to work on /home/airflow/.local/lib/python3.11/site-packages/airflow/example_dags/example_skip_dag.py
[2024-12-20T09:20:02.584+0000] {processor.py:830} INFO - Processing file /home/airflow/.local/lib/python3.11/site-packages/airflow/example_dags/example_skip_dag.py for tasks to queue
[2024-12-20T09:20:02.587+0000] {logging_mixin.py:188} INFO - [2024-12-20T09:20:02.586+0000] {dagbag.py:538} INFO - Filling up the DagBag from /home/airflow/.local/lib/python3.11/site-packages/airflow/example_dags/example_skip_dag.py
[2024-12-20T09:20:02.606+0000] {processor.py:840} INFO - DAG(s) 'example_skip_dag' retrieved from /home/airflow/.local/lib/python3.11/site-packages/airflow/example_dags/example_skip_dag.py
[2024-12-20T09:20:02.659+0000] {logging_mixin.py:188} INFO - [2024-12-20T09:20:02.659+0000] {dag.py:3036} INFO - Sync 1 DAGs
[2024-12-20T09:20:02.714+0000] {logging_mixin.py:188} INFO - [2024-12-20T09:20:02.713+0000] {dag.py:3823} INFO - Setting next_dagrun for example_skip_dag to 2024-12-19 00:00:00+00:00, run_after=2024-12-20 00:00:00+00:00
[2024-12-20T09:20:02.759+0000] {processor.py:183} INFO - Processing /home/airflow/.local/lib/python3.11/site-packages/airflow/example_dags/example_skip_dag.py took 0.186 seconds
[2024-12-20T09:20:33.296+0000] {processor.py:161} INFO - Started process (PID=4422) to work on /home/airflow/.local/lib/python3.11/site-packages/airflow/example_dags/example_skip_dag.py
[2024-12-20T09:20:33.324+0000] {processor.py:830} INFO - Processing file /home/airflow/.local/lib/python3.11/site-packages/airflow/example_dags/example_skip_dag.py for tasks to queue
[2024-12-20T09:20:33.329+0000] {logging_mixin.py:188} INFO - [2024-12-20T09:20:33.327+0000] {dagbag.py:538} INFO - Filling up the DagBag from /home/airflow/.local/lib/python3.11/site-packages/airflow/example_dags/example_skip_dag.py
[2024-12-20T09:20:33.368+0000] {processor.py:840} INFO - DAG(s) 'example_skip_dag' retrieved from /home/airflow/.local/lib/python3.11/site-packages/airflow/example_dags/example_skip_dag.py
[2024-12-20T09:20:33.484+0000] {logging_mixin.py:188} INFO - [2024-12-20T09:20:33.484+0000] {dag.py:3036} INFO - Sync 1 DAGs
[2024-12-20T09:20:33.599+0000] {logging_mixin.py:188} INFO - [2024-12-20T09:20:33.598+0000] {dag.py:3823} INFO - Setting next_dagrun for example_skip_dag to 2024-12-19 00:00:00+00:00, run_after=2024-12-20 00:00:00+00:00
[2024-12-20T09:20:33.723+0000] {processor.py:183} INFO - Processing /home/airflow/.local/lib/python3.11/site-packages/airflow/example_dags/example_skip_dag.py took 0.435 seconds
[2024-12-20T09:21:04.632+0000] {processor.py:161} INFO - Started process (PID=4493) to work on /home/airflow/.local/lib/python3.11/site-packages/airflow/example_dags/example_skip_dag.py
[2024-12-20T09:21:04.634+0000] {processor.py:830} INFO - Processing file /home/airflow/.local/lib/python3.11/site-packages/airflow/example_dags/example_skip_dag.py for tasks to queue
[2024-12-20T09:21:04.636+0000] {logging_mixin.py:188} INFO - [2024-12-20T09:21:04.635+0000] {dagbag.py:538} INFO - Filling up the DagBag from /home/airflow/.local/lib/python3.11/site-packages/airflow/example_dags/example_skip_dag.py
[2024-12-20T09:21:04.665+0000] {processor.py:840} INFO - DAG(s) 'example_skip_dag' retrieved from /home/airflow/.local/lib/python3.11/site-packages/airflow/example_dags/example_skip_dag.py
[2024-12-20T09:21:04.744+0000] {logging_mixin.py:188} INFO - [2024-12-20T09:21:04.744+0000] {dag.py:3036} INFO - Sync 1 DAGs
[2024-12-20T09:21:04.918+0000] {logging_mixin.py:188} INFO - [2024-12-20T09:21:04.917+0000] {dag.py:3823} INFO - Setting next_dagrun for example_skip_dag to 2024-12-19 00:00:00+00:00, run_after=2024-12-20 00:00:00+00:00
[2024-12-20T09:21:05.034+0000] {processor.py:183} INFO - Processing /home/airflow/.local/lib/python3.11/site-packages/airflow/example_dags/example_skip_dag.py took 0.415 seconds
[2024-12-20T09:21:35.755+0000] {processor.py:161} INFO - Started process (PID=4569) to work on /home/airflow/.local/lib/python3.11/site-packages/airflow/example_dags/example_skip_dag.py
[2024-12-20T09:21:35.757+0000] {processor.py:830} INFO - Processing file /home/airflow/.local/lib/python3.11/site-packages/airflow/example_dags/example_skip_dag.py for tasks to queue
[2024-12-20T09:21:35.759+0000] {logging_mixin.py:188} INFO - [2024-12-20T09:21:35.759+0000] {dagbag.py:538} INFO - Filling up the DagBag from /home/airflow/.local/lib/python3.11/site-packages/airflow/example_dags/example_skip_dag.py
[2024-12-20T09:21:35.777+0000] {processor.py:840} INFO - DAG(s) 'example_skip_dag' retrieved from /home/airflow/.local/lib/python3.11/site-packages/airflow/example_dags/example_skip_dag.py
[2024-12-20T09:21:35.831+0000] {logging_mixin.py:188} INFO - [2024-12-20T09:21:35.831+0000] {dag.py:3036} INFO - Sync 1 DAGs
[2024-12-20T09:21:35.891+0000] {logging_mixin.py:188} INFO - [2024-12-20T09:21:35.891+0000] {dag.py:3823} INFO - Setting next_dagrun for example_skip_dag to 2024-12-19 00:00:00+00:00, run_after=2024-12-20 00:00:00+00:00
[2024-12-20T09:21:35.975+0000] {processor.py:183} INFO - Processing /home/airflow/.local/lib/python3.11/site-packages/airflow/example_dags/example_skip_dag.py took 0.233 seconds
[2024-12-20T09:22:06.259+0000] {processor.py:161} INFO - Started process (PID=4627) to work on /home/airflow/.local/lib/python3.11/site-packages/airflow/example_dags/example_skip_dag.py
[2024-12-20T09:22:06.270+0000] {processor.py:830} INFO - Processing file /home/airflow/.local/lib/python3.11/site-packages/airflow/example_dags/example_skip_dag.py for tasks to queue
[2024-12-20T09:22:06.273+0000] {logging_mixin.py:188} INFO - [2024-12-20T09:22:06.272+0000] {dagbag.py:538} INFO - Filling up the DagBag from /home/airflow/.local/lib/python3.11/site-packages/airflow/example_dags/example_skip_dag.py
[2024-12-20T09:22:06.287+0000] {processor.py:840} INFO - DAG(s) 'example_skip_dag' retrieved from /home/airflow/.local/lib/python3.11/site-packages/airflow/example_dags/example_skip_dag.py
[2024-12-20T09:22:06.391+0000] {logging_mixin.py:188} INFO - [2024-12-20T09:22:06.391+0000] {dag.py:3036} INFO - Sync 1 DAGs
[2024-12-20T09:22:06.513+0000] {logging_mixin.py:188} INFO - [2024-12-20T09:22:06.512+0000] {dag.py:3823} INFO - Setting next_dagrun for example_skip_dag to 2024-12-19 00:00:00+00:00, run_after=2024-12-20 00:00:00+00:00
[2024-12-20T09:22:06.601+0000] {processor.py:183} INFO - Processing /home/airflow/.local/lib/python3.11/site-packages/airflow/example_dags/example_skip_dag.py took 0.349 seconds
[2024-12-20T09:22:36.917+0000] {processor.py:161} INFO - Started process (PID=4697) to work on /home/airflow/.local/lib/python3.11/site-packages/airflow/example_dags/example_skip_dag.py
[2024-12-20T09:22:36.936+0000] {processor.py:830} INFO - Processing file /home/airflow/.local/lib/python3.11/site-packages/airflow/example_dags/example_skip_dag.py for tasks to queue
[2024-12-20T09:22:36.953+0000] {logging_mixin.py:188} INFO - [2024-12-20T09:22:36.952+0000] {dagbag.py:538} INFO - Filling up the DagBag from /home/airflow/.local/lib/python3.11/site-packages/airflow/example_dags/example_skip_dag.py
[2024-12-20T09:22:36.993+0000] {processor.py:840} INFO - DAG(s) 'example_skip_dag' retrieved from /home/airflow/.local/lib/python3.11/site-packages/airflow/example_dags/example_skip_dag.py
[2024-12-20T09:22:37.065+0000] {logging_mixin.py:188} INFO - [2024-12-20T09:22:37.064+0000] {dag.py:3036} INFO - Sync 1 DAGs
[2024-12-20T09:22:37.117+0000] {logging_mixin.py:188} INFO - [2024-12-20T09:22:37.117+0000] {dag.py:3823} INFO - Setting next_dagrun for example_skip_dag to 2024-12-19 00:00:00+00:00, run_after=2024-12-20 00:00:00+00:00
[2024-12-20T09:22:37.149+0000] {processor.py:183} INFO - Processing /home/airflow/.local/lib/python3.11/site-packages/airflow/example_dags/example_skip_dag.py took 0.241 seconds
[2024-12-20T09:23:08.078+0000] {processor.py:161} INFO - Started process (PID=4768) to work on /home/airflow/.local/lib/python3.11/site-packages/airflow/example_dags/example_skip_dag.py
[2024-12-20T09:23:08.082+0000] {processor.py:830} INFO - Processing file /home/airflow/.local/lib/python3.11/site-packages/airflow/example_dags/example_skip_dag.py for tasks to queue
[2024-12-20T09:23:08.086+0000] {logging_mixin.py:188} INFO - [2024-12-20T09:23:08.085+0000] {dagbag.py:538} INFO - Filling up the DagBag from /home/airflow/.local/lib/python3.11/site-packages/airflow/example_dags/example_skip_dag.py
[2024-12-20T09:23:08.104+0000] {processor.py:840} INFO - DAG(s) 'example_skip_dag' retrieved from /home/airflow/.local/lib/python3.11/site-packages/airflow/example_dags/example_skip_dag.py
[2024-12-20T09:23:08.150+0000] {logging_mixin.py:188} INFO - [2024-12-20T09:23:08.149+0000] {dag.py:3036} INFO - Sync 1 DAGs
[2024-12-20T09:23:08.248+0000] {logging_mixin.py:188} INFO - [2024-12-20T09:23:08.246+0000] {dag.py:3823} INFO - Setting next_dagrun for example_skip_dag to 2024-12-19 00:00:00+00:00, run_after=2024-12-20 00:00:00+00:00
[2024-12-20T09:23:08.291+0000] {processor.py:183} INFO - Processing /home/airflow/.local/lib/python3.11/site-packages/airflow/example_dags/example_skip_dag.py took 0.220 seconds
[2024-12-20T09:23:38.925+0000] {processor.py:161} INFO - Started process (PID=4841) to work on /home/airflow/.local/lib/python3.11/site-packages/airflow/example_dags/example_skip_dag.py
[2024-12-20T09:23:38.927+0000] {processor.py:830} INFO - Processing file /home/airflow/.local/lib/python3.11/site-packages/airflow/example_dags/example_skip_dag.py for tasks to queue
[2024-12-20T09:23:38.929+0000] {logging_mixin.py:188} INFO - [2024-12-20T09:23:38.929+0000] {dagbag.py:538} INFO - Filling up the DagBag from /home/airflow/.local/lib/python3.11/site-packages/airflow/example_dags/example_skip_dag.py
[2024-12-20T09:23:38.946+0000] {processor.py:840} INFO - DAG(s) 'example_skip_dag' retrieved from /home/airflow/.local/lib/python3.11/site-packages/airflow/example_dags/example_skip_dag.py
[2024-12-20T09:23:38.975+0000] {logging_mixin.py:188} INFO - [2024-12-20T09:23:38.975+0000] {dag.py:3036} INFO - Sync 1 DAGs
[2024-12-20T09:23:39.004+0000] {logging_mixin.py:188} INFO - [2024-12-20T09:23:39.003+0000] {dag.py:3823} INFO - Setting next_dagrun for example_skip_dag to 2024-12-19 00:00:00+00:00, run_after=2024-12-20 00:00:00+00:00
[2024-12-20T09:23:39.027+0000] {processor.py:183} INFO - Processing /home/airflow/.local/lib/python3.11/site-packages/airflow/example_dags/example_skip_dag.py took 0.108 seconds
[2024-12-20T09:24:09.559+0000] {processor.py:161} INFO - Started process (PID=4913) to work on /home/airflow/.local/lib/python3.11/site-packages/airflow/example_dags/example_skip_dag.py
[2024-12-20T09:24:09.561+0000] {processor.py:830} INFO - Processing file /home/airflow/.local/lib/python3.11/site-packages/airflow/example_dags/example_skip_dag.py for tasks to queue
[2024-12-20T09:24:09.563+0000] {logging_mixin.py:188} INFO - [2024-12-20T09:24:09.562+0000] {dagbag.py:538} INFO - Filling up the DagBag from /home/airflow/.local/lib/python3.11/site-packages/airflow/example_dags/example_skip_dag.py
[2024-12-20T09:24:09.577+0000] {processor.py:840} INFO - DAG(s) 'example_skip_dag' retrieved from /home/airflow/.local/lib/python3.11/site-packages/airflow/example_dags/example_skip_dag.py
[2024-12-20T09:24:09.621+0000] {logging_mixin.py:188} INFO - [2024-12-20T09:24:09.620+0000] {dag.py:3036} INFO - Sync 1 DAGs
[2024-12-20T09:24:09.663+0000] {logging_mixin.py:188} INFO - [2024-12-20T09:24:09.663+0000] {dag.py:3823} INFO - Setting next_dagrun for example_skip_dag to 2024-12-19 00:00:00+00:00, run_after=2024-12-20 00:00:00+00:00
[2024-12-20T09:24:09.706+0000] {processor.py:183} INFO - Processing /home/airflow/.local/lib/python3.11/site-packages/airflow/example_dags/example_skip_dag.py took 0.154 seconds
[2024-12-20T09:24:40.604+0000] {processor.py:161} INFO - Started process (PID=4977) to work on /home/airflow/.local/lib/python3.11/site-packages/airflow/example_dags/example_skip_dag.py
[2024-12-20T09:24:40.606+0000] {processor.py:830} INFO - Processing file /home/airflow/.local/lib/python3.11/site-packages/airflow/example_dags/example_skip_dag.py for tasks to queue
[2024-12-20T09:24:40.608+0000] {logging_mixin.py:188} INFO - [2024-12-20T09:24:40.607+0000] {dagbag.py:538} INFO - Filling up the DagBag from /home/airflow/.local/lib/python3.11/site-packages/airflow/example_dags/example_skip_dag.py
[2024-12-20T09:24:40.623+0000] {processor.py:840} INFO - DAG(s) 'example_skip_dag' retrieved from /home/airflow/.local/lib/python3.11/site-packages/airflow/example_dags/example_skip_dag.py
[2024-12-20T09:24:40.690+0000] {logging_mixin.py:188} INFO - [2024-12-20T09:24:40.690+0000] {dag.py:3036} INFO - Sync 1 DAGs
[2024-12-20T09:24:40.752+0000] {logging_mixin.py:188} INFO - [2024-12-20T09:24:40.752+0000] {dag.py:3823} INFO - Setting next_dagrun for example_skip_dag to 2024-12-19 00:00:00+00:00, run_after=2024-12-20 00:00:00+00:00
[2024-12-20T09:24:40.796+0000] {processor.py:183} INFO - Processing /home/airflow/.local/lib/python3.11/site-packages/airflow/example_dags/example_skip_dag.py took 0.199 seconds
[2024-12-20T09:25:10.966+0000] {processor.py:161} INFO - Started process (PID=5048) to work on /home/airflow/.local/lib/python3.11/site-packages/airflow/example_dags/example_skip_dag.py
[2024-12-20T09:25:10.968+0000] {processor.py:830} INFO - Processing file /home/airflow/.local/lib/python3.11/site-packages/airflow/example_dags/example_skip_dag.py for tasks to queue
[2024-12-20T09:25:10.970+0000] {logging_mixin.py:188} INFO - [2024-12-20T09:25:10.970+0000] {dagbag.py:538} INFO - Filling up the DagBag from /home/airflow/.local/lib/python3.11/site-packages/airflow/example_dags/example_skip_dag.py
[2024-12-20T09:25:10.985+0000] {processor.py:840} INFO - DAG(s) 'example_skip_dag' retrieved from /home/airflow/.local/lib/python3.11/site-packages/airflow/example_dags/example_skip_dag.py
[2024-12-20T09:25:11.053+0000] {logging_mixin.py:188} INFO - [2024-12-20T09:25:11.052+0000] {dag.py:3036} INFO - Sync 1 DAGs
[2024-12-20T09:25:11.101+0000] {logging_mixin.py:188} INFO - [2024-12-20T09:25:11.101+0000] {dag.py:3823} INFO - Setting next_dagrun for example_skip_dag to 2024-12-19 00:00:00+00:00, run_after=2024-12-20 00:00:00+00:00
[2024-12-20T09:25:11.138+0000] {processor.py:183} INFO - Processing /home/airflow/.local/lib/python3.11/site-packages/airflow/example_dags/example_skip_dag.py took 0.179 seconds
[2024-12-20T09:25:41.361+0000] {processor.py:161} INFO - Started process (PID=5120) to work on /home/airflow/.local/lib/python3.11/site-packages/airflow/example_dags/example_skip_dag.py
[2024-12-20T09:25:41.363+0000] {processor.py:830} INFO - Processing file /home/airflow/.local/lib/python3.11/site-packages/airflow/example_dags/example_skip_dag.py for tasks to queue
[2024-12-20T09:25:41.365+0000] {logging_mixin.py:188} INFO - [2024-12-20T09:25:41.364+0000] {dagbag.py:538} INFO - Filling up the DagBag from /home/airflow/.local/lib/python3.11/site-packages/airflow/example_dags/example_skip_dag.py
[2024-12-20T09:25:41.379+0000] {processor.py:840} INFO - DAG(s) 'example_skip_dag' retrieved from /home/airflow/.local/lib/python3.11/site-packages/airflow/example_dags/example_skip_dag.py
[2024-12-20T09:25:41.424+0000] {logging_mixin.py:188} INFO - [2024-12-20T09:25:41.423+0000] {dag.py:3036} INFO - Sync 1 DAGs
[2024-12-20T09:25:41.466+0000] {logging_mixin.py:188} INFO - [2024-12-20T09:25:41.466+0000] {dag.py:3823} INFO - Setting next_dagrun for example_skip_dag to 2024-12-19 00:00:00+00:00, run_after=2024-12-20 00:00:00+00:00
[2024-12-20T09:25:41.505+0000] {processor.py:183} INFO - Processing /home/airflow/.local/lib/python3.11/site-packages/airflow/example_dags/example_skip_dag.py took 0.151 seconds
[2024-12-20T09:26:11.861+0000] {processor.py:161} INFO - Started process (PID=5192) to work on /home/airflow/.local/lib/python3.11/site-packages/airflow/example_dags/example_skip_dag.py
[2024-12-20T09:26:11.863+0000] {processor.py:830} INFO - Processing file /home/airflow/.local/lib/python3.11/site-packages/airflow/example_dags/example_skip_dag.py for tasks to queue
[2024-12-20T09:26:11.865+0000] {logging_mixin.py:188} INFO - [2024-12-20T09:26:11.864+0000] {dagbag.py:538} INFO - Filling up the DagBag from /home/airflow/.local/lib/python3.11/site-packages/airflow/example_dags/example_skip_dag.py
[2024-12-20T09:26:11.880+0000] {processor.py:840} INFO - DAG(s) 'example_skip_dag' retrieved from /home/airflow/.local/lib/python3.11/site-packages/airflow/example_dags/example_skip_dag.py
[2024-12-20T09:26:11.927+0000] {logging_mixin.py:188} INFO - [2024-12-20T09:26:11.926+0000] {dag.py:3036} INFO - Sync 1 DAGs
[2024-12-20T09:26:11.991+0000] {logging_mixin.py:188} INFO - [2024-12-20T09:26:11.991+0000] {dag.py:3823} INFO - Setting next_dagrun for example_skip_dag to 2024-12-19 00:00:00+00:00, run_after=2024-12-20 00:00:00+00:00
[2024-12-20T09:26:12.042+0000] {processor.py:183} INFO - Processing /home/airflow/.local/lib/python3.11/site-packages/airflow/example_dags/example_skip_dag.py took 0.189 seconds
[2024-12-20T09:26:43.022+0000] {processor.py:161} INFO - Started process (PID=5264) to work on /home/airflow/.local/lib/python3.11/site-packages/airflow/example_dags/example_skip_dag.py
[2024-12-20T09:26:43.024+0000] {processor.py:830} INFO - Processing file /home/airflow/.local/lib/python3.11/site-packages/airflow/example_dags/example_skip_dag.py for tasks to queue
[2024-12-20T09:26:43.026+0000] {logging_mixin.py:188} INFO - [2024-12-20T09:26:43.025+0000] {dagbag.py:538} INFO - Filling up the DagBag from /home/airflow/.local/lib/python3.11/site-packages/airflow/example_dags/example_skip_dag.py
[2024-12-20T09:26:43.040+0000] {processor.py:840} INFO - DAG(s) 'example_skip_dag' retrieved from /home/airflow/.local/lib/python3.11/site-packages/airflow/example_dags/example_skip_dag.py
[2024-12-20T09:26:43.113+0000] {logging_mixin.py:188} INFO - [2024-12-20T09:26:43.112+0000] {dag.py:3036} INFO - Sync 1 DAGs
[2024-12-20T09:26:43.162+0000] {logging_mixin.py:188} INFO - [2024-12-20T09:26:43.161+0000] {dag.py:3823} INFO - Setting next_dagrun for example_skip_dag to 2024-12-19 00:00:00+00:00, run_after=2024-12-20 00:00:00+00:00
[2024-12-20T09:26:43.224+0000] {processor.py:183} INFO - Processing /home/airflow/.local/lib/python3.11/site-packages/airflow/example_dags/example_skip_dag.py took 0.209 seconds
[2024-12-20T09:27:13.384+0000] {processor.py:161} INFO - Started process (PID=5343) to work on /home/airflow/.local/lib/python3.11/site-packages/airflow/example_dags/example_skip_dag.py
[2024-12-20T09:27:13.386+0000] {processor.py:830} INFO - Processing file /home/airflow/.local/lib/python3.11/site-packages/airflow/example_dags/example_skip_dag.py for tasks to queue
[2024-12-20T09:27:13.387+0000] {logging_mixin.py:188} INFO - [2024-12-20T09:27:13.387+0000] {dagbag.py:538} INFO - Filling up the DagBag from /home/airflow/.local/lib/python3.11/site-packages/airflow/example_dags/example_skip_dag.py
[2024-12-20T09:27:13.397+0000] {processor.py:840} INFO - DAG(s) 'example_skip_dag' retrieved from /home/airflow/.local/lib/python3.11/site-packages/airflow/example_dags/example_skip_dag.py
[2024-12-20T09:27:13.429+0000] {logging_mixin.py:188} INFO - [2024-12-20T09:27:13.429+0000] {dag.py:3036} INFO - Sync 1 DAGs
[2024-12-20T09:27:13.458+0000] {logging_mixin.py:188} INFO - [2024-12-20T09:27:13.457+0000] {dag.py:3823} INFO - Setting next_dagrun for example_skip_dag to 2024-12-19 00:00:00+00:00, run_after=2024-12-20 00:00:00+00:00
[2024-12-20T09:27:13.482+0000] {processor.py:183} INFO - Processing /home/airflow/.local/lib/python3.11/site-packages/airflow/example_dags/example_skip_dag.py took 0.103 seconds
[2024-12-20T09:27:43.745+0000] {processor.py:161} INFO - Started process (PID=5415) to work on /home/airflow/.local/lib/python3.11/site-packages/airflow/example_dags/example_skip_dag.py
[2024-12-20T09:27:43.747+0000] {processor.py:830} INFO - Processing file /home/airflow/.local/lib/python3.11/site-packages/airflow/example_dags/example_skip_dag.py for tasks to queue
[2024-12-20T09:27:43.748+0000] {logging_mixin.py:188} INFO - [2024-12-20T09:27:43.748+0000] {dagbag.py:538} INFO - Filling up the DagBag from /home/airflow/.local/lib/python3.11/site-packages/airflow/example_dags/example_skip_dag.py
[2024-12-20T09:27:43.760+0000] {processor.py:840} INFO - DAG(s) 'example_skip_dag' retrieved from /home/airflow/.local/lib/python3.11/site-packages/airflow/example_dags/example_skip_dag.py
[2024-12-20T09:27:43.814+0000] {logging_mixin.py:188} INFO - [2024-12-20T09:27:43.814+0000] {dag.py:3036} INFO - Sync 1 DAGs
[2024-12-20T09:27:43.847+0000] {logging_mixin.py:188} INFO - [2024-12-20T09:27:43.846+0000] {dag.py:3823} INFO - Setting next_dagrun for example_skip_dag to 2024-12-19 00:00:00+00:00, run_after=2024-12-20 00:00:00+00:00
[2024-12-20T09:27:43.878+0000] {processor.py:183} INFO - Processing /home/airflow/.local/lib/python3.11/site-packages/airflow/example_dags/example_skip_dag.py took 0.139 seconds
[2024-12-20T09:28:14.184+0000] {processor.py:161} INFO - Started process (PID=5480) to work on /home/airflow/.local/lib/python3.11/site-packages/airflow/example_dags/example_skip_dag.py
[2024-12-20T09:28:14.186+0000] {processor.py:830} INFO - Processing file /home/airflow/.local/lib/python3.11/site-packages/airflow/example_dags/example_skip_dag.py for tasks to queue
[2024-12-20T09:28:14.188+0000] {logging_mixin.py:188} INFO - [2024-12-20T09:28:14.188+0000] {dagbag.py:538} INFO - Filling up the DagBag from /home/airflow/.local/lib/python3.11/site-packages/airflow/example_dags/example_skip_dag.py
[2024-12-20T09:28:14.204+0000] {processor.py:840} INFO - DAG(s) 'example_skip_dag' retrieved from /home/airflow/.local/lib/python3.11/site-packages/airflow/example_dags/example_skip_dag.py
[2024-12-20T09:28:14.284+0000] {logging_mixin.py:188} INFO - [2024-12-20T09:28:14.284+0000] {dag.py:3036} INFO - Sync 1 DAGs
[2024-12-20T09:28:14.337+0000] {logging_mixin.py:188} INFO - [2024-12-20T09:28:14.337+0000] {dag.py:3823} INFO - Setting next_dagrun for example_skip_dag to 2024-12-19 00:00:00+00:00, run_after=2024-12-20 00:00:00+00:00
[2024-12-20T09:28:14.379+0000] {processor.py:183} INFO - Processing /home/airflow/.local/lib/python3.11/site-packages/airflow/example_dags/example_skip_dag.py took 0.202 seconds
