[2024-12-20T00:00:13.424+0000] {processor.py:161} INFO - Started process (PID=2143) to work on /home/airflow/.local/lib/python3.11/site-packages/airflow/example_dags/example_external_task_marker_dag.py
[2024-12-20T00:00:13.426+0000] {processor.py:830} INFO - Processing file /home/airflow/.local/lib/python3.11/site-packages/airflow/example_dags/example_external_task_marker_dag.py for tasks to queue
[2024-12-20T00:00:13.428+0000] {logging_mixin.py:188} INFO - [2024-12-20T00:00:13.428+0000] {dagbag.py:538} INFO - Filling up the DagBag from /home/airflow/.local/lib/python3.11/site-packages/airflow/example_dags/example_external_task_marker_dag.py
[2024-12-20T00:00:13.435+0000] {processor.py:840} INFO - DAG(s) 'example_external_task_marker_parent', 'example_external_task_marker_child' retrieved from /home/airflow/.local/lib/python3.11/site-packages/airflow/example_dags/example_external_task_marker_dag.py
[2024-12-20T00:00:13.462+0000] {logging_mixin.py:188} INFO - [2024-12-20T00:00:13.462+0000] {dag.py:3036} INFO - Sync 2 DAGs
[2024-12-20T00:00:13.476+0000] {logging_mixin.py:188} INFO - [2024-12-20T00:00:13.476+0000] {dag.py:3823} INFO - Setting next_dagrun for example_external_task_marker_child to None, run_after=None
[2024-12-20T00:00:13.481+0000] {logging_mixin.py:188} INFO - [2024-12-20T00:00:13.481+0000] {dag.py:3823} INFO - Setting next_dagrun for example_external_task_marker_parent to None, run_after=None
[2024-12-20T00:00:13.503+0000] {processor.py:183} INFO - Processing /home/airflow/.local/lib/python3.11/site-packages/airflow/example_dags/example_external_task_marker_dag.py took 0.082 seconds
[2024-12-20T00:00:43.716+0000] {processor.py:161} INFO - Started process (PID=2214) to work on /home/airflow/.local/lib/python3.11/site-packages/airflow/example_dags/example_external_task_marker_dag.py
[2024-12-20T00:00:43.718+0000] {processor.py:830} INFO - Processing file /home/airflow/.local/lib/python3.11/site-packages/airflow/example_dags/example_external_task_marker_dag.py for tasks to queue
[2024-12-20T00:00:43.721+0000] {logging_mixin.py:188} INFO - [2024-12-20T00:00:43.720+0000] {dagbag.py:538} INFO - Filling up the DagBag from /home/airflow/.local/lib/python3.11/site-packages/airflow/example_dags/example_external_task_marker_dag.py
[2024-12-20T00:00:43.728+0000] {processor.py:840} INFO - DAG(s) 'example_external_task_marker_child', 'example_external_task_marker_parent' retrieved from /home/airflow/.local/lib/python3.11/site-packages/airflow/example_dags/example_external_task_marker_dag.py
[2024-12-20T00:00:43.757+0000] {logging_mixin.py:188} INFO - [2024-12-20T00:00:43.757+0000] {dag.py:3036} INFO - Sync 2 DAGs
[2024-12-20T00:00:43.770+0000] {logging_mixin.py:188} INFO - [2024-12-20T00:00:43.770+0000] {dag.py:3823} INFO - Setting next_dagrun for example_external_task_marker_child to None, run_after=None
[2024-12-20T00:00:43.774+0000] {logging_mixin.py:188} INFO - [2024-12-20T00:00:43.774+0000] {dag.py:3823} INFO - Setting next_dagrun for example_external_task_marker_parent to None, run_after=None
[2024-12-20T00:00:43.802+0000] {processor.py:183} INFO - Processing /home/airflow/.local/lib/python3.11/site-packages/airflow/example_dags/example_external_task_marker_dag.py took 0.090 seconds
[2024-12-20T00:01:14.376+0000] {processor.py:161} INFO - Started process (PID=2286) to work on /home/airflow/.local/lib/python3.11/site-packages/airflow/example_dags/example_external_task_marker_dag.py
[2024-12-20T00:01:14.378+0000] {processor.py:830} INFO - Processing file /home/airflow/.local/lib/python3.11/site-packages/airflow/example_dags/example_external_task_marker_dag.py for tasks to queue
[2024-12-20T00:01:14.381+0000] {logging_mixin.py:188} INFO - [2024-12-20T00:01:14.380+0000] {dagbag.py:538} INFO - Filling up the DagBag from /home/airflow/.local/lib/python3.11/site-packages/airflow/example_dags/example_external_task_marker_dag.py
[2024-12-20T00:01:14.387+0000] {processor.py:840} INFO - DAG(s) 'example_external_task_marker_child', 'example_external_task_marker_parent' retrieved from /home/airflow/.local/lib/python3.11/site-packages/airflow/example_dags/example_external_task_marker_dag.py
[2024-12-20T00:01:14.417+0000] {logging_mixin.py:188} INFO - [2024-12-20T00:01:14.417+0000] {dag.py:3036} INFO - Sync 2 DAGs
[2024-12-20T00:01:14.432+0000] {logging_mixin.py:188} INFO - [2024-12-20T00:01:14.431+0000] {dag.py:3823} INFO - Setting next_dagrun for example_external_task_marker_child to None, run_after=None
[2024-12-20T00:01:14.436+0000] {logging_mixin.py:188} INFO - [2024-12-20T00:01:14.435+0000] {dag.py:3823} INFO - Setting next_dagrun for example_external_task_marker_parent to None, run_after=None
[2024-12-20T00:01:14.455+0000] {processor.py:183} INFO - Processing /home/airflow/.local/lib/python3.11/site-packages/airflow/example_dags/example_external_task_marker_dag.py took 0.082 seconds
[2024-12-20T00:01:44.727+0000] {processor.py:161} INFO - Started process (PID=2365) to work on /home/airflow/.local/lib/python3.11/site-packages/airflow/example_dags/example_external_task_marker_dag.py
[2024-12-20T00:01:44.728+0000] {processor.py:830} INFO - Processing file /home/airflow/.local/lib/python3.11/site-packages/airflow/example_dags/example_external_task_marker_dag.py for tasks to queue
[2024-12-20T00:01:44.731+0000] {logging_mixin.py:188} INFO - [2024-12-20T00:01:44.730+0000] {dagbag.py:538} INFO - Filling up the DagBag from /home/airflow/.local/lib/python3.11/site-packages/airflow/example_dags/example_external_task_marker_dag.py
[2024-12-20T00:01:44.738+0000] {processor.py:840} INFO - DAG(s) 'example_external_task_marker_child', 'example_external_task_marker_parent' retrieved from /home/airflow/.local/lib/python3.11/site-packages/airflow/example_dags/example_external_task_marker_dag.py
[2024-12-20T00:01:44.768+0000] {logging_mixin.py:188} INFO - [2024-12-20T00:01:44.768+0000] {dag.py:3036} INFO - Sync 2 DAGs
[2024-12-20T00:01:44.783+0000] {logging_mixin.py:188} INFO - [2024-12-20T00:01:44.783+0000] {dag.py:3823} INFO - Setting next_dagrun for example_external_task_marker_child to None, run_after=None
[2024-12-20T00:01:44.788+0000] {logging_mixin.py:188} INFO - [2024-12-20T00:01:44.788+0000] {dag.py:3823} INFO - Setting next_dagrun for example_external_task_marker_parent to None, run_after=None
[2024-12-20T00:01:44.817+0000] {processor.py:183} INFO - Processing /home/airflow/.local/lib/python3.11/site-packages/airflow/example_dags/example_external_task_marker_dag.py took 0.093 seconds
[2024-12-20T00:02:14.869+0000] {processor.py:161} INFO - Started process (PID=2436) to work on /home/airflow/.local/lib/python3.11/site-packages/airflow/example_dags/example_external_task_marker_dag.py
[2024-12-20T00:02:14.871+0000] {processor.py:830} INFO - Processing file /home/airflow/.local/lib/python3.11/site-packages/airflow/example_dags/example_external_task_marker_dag.py for tasks to queue
[2024-12-20T00:02:14.875+0000] {logging_mixin.py:188} INFO - [2024-12-20T00:02:14.875+0000] {dagbag.py:538} INFO - Filling up the DagBag from /home/airflow/.local/lib/python3.11/site-packages/airflow/example_dags/example_external_task_marker_dag.py
[2024-12-20T00:02:14.885+0000] {processor.py:840} INFO - DAG(s) 'example_external_task_marker_parent', 'example_external_task_marker_child' retrieved from /home/airflow/.local/lib/python3.11/site-packages/airflow/example_dags/example_external_task_marker_dag.py
[2024-12-20T00:02:14.914+0000] {logging_mixin.py:188} INFO - [2024-12-20T00:02:14.914+0000] {dag.py:3036} INFO - Sync 2 DAGs
[2024-12-20T00:02:14.930+0000] {logging_mixin.py:188} INFO - [2024-12-20T00:02:14.930+0000] {dag.py:3823} INFO - Setting next_dagrun for example_external_task_marker_child to None, run_after=None
[2024-12-20T00:02:14.935+0000] {logging_mixin.py:188} INFO - [2024-12-20T00:02:14.935+0000] {dag.py:3823} INFO - Setting next_dagrun for example_external_task_marker_parent to None, run_after=None
[2024-12-20T00:02:14.958+0000] {processor.py:183} INFO - Processing /home/airflow/.local/lib/python3.11/site-packages/airflow/example_dags/example_external_task_marker_dag.py took 0.096 seconds
[2024-12-20T00:02:45.401+0000] {processor.py:161} INFO - Started process (PID=2509) to work on /home/airflow/.local/lib/python3.11/site-packages/airflow/example_dags/example_external_task_marker_dag.py
[2024-12-20T00:02:45.402+0000] {processor.py:830} INFO - Processing file /home/airflow/.local/lib/python3.11/site-packages/airflow/example_dags/example_external_task_marker_dag.py for tasks to queue
[2024-12-20T00:02:45.405+0000] {logging_mixin.py:188} INFO - [2024-12-20T00:02:45.404+0000] {dagbag.py:538} INFO - Filling up the DagBag from /home/airflow/.local/lib/python3.11/site-packages/airflow/example_dags/example_external_task_marker_dag.py
[2024-12-20T00:02:45.412+0000] {processor.py:840} INFO - DAG(s) 'example_external_task_marker_child', 'example_external_task_marker_parent' retrieved from /home/airflow/.local/lib/python3.11/site-packages/airflow/example_dags/example_external_task_marker_dag.py
[2024-12-20T00:02:45.437+0000] {logging_mixin.py:188} INFO - [2024-12-20T00:02:45.437+0000] {dag.py:3036} INFO - Sync 2 DAGs
[2024-12-20T00:02:45.450+0000] {logging_mixin.py:188} INFO - [2024-12-20T00:02:45.450+0000] {dag.py:3823} INFO - Setting next_dagrun for example_external_task_marker_child to None, run_after=None
[2024-12-20T00:02:45.454+0000] {logging_mixin.py:188} INFO - [2024-12-20T00:02:45.454+0000] {dag.py:3823} INFO - Setting next_dagrun for example_external_task_marker_parent to None, run_after=None
[2024-12-20T00:02:45.475+0000] {processor.py:183} INFO - Processing /home/airflow/.local/lib/python3.11/site-packages/airflow/example_dags/example_external_task_marker_dag.py took 0.078 seconds
[2024-12-20T00:03:16.067+0000] {processor.py:161} INFO - Started process (PID=2581) to work on /home/airflow/.local/lib/python3.11/site-packages/airflow/example_dags/example_external_task_marker_dag.py
[2024-12-20T00:03:16.068+0000] {processor.py:830} INFO - Processing file /home/airflow/.local/lib/python3.11/site-packages/airflow/example_dags/example_external_task_marker_dag.py for tasks to queue
[2024-12-20T00:03:16.070+0000] {logging_mixin.py:188} INFO - [2024-12-20T00:03:16.070+0000] {dagbag.py:538} INFO - Filling up the DagBag from /home/airflow/.local/lib/python3.11/site-packages/airflow/example_dags/example_external_task_marker_dag.py
[2024-12-20T00:03:16.077+0000] {processor.py:840} INFO - DAG(s) 'example_external_task_marker_child', 'example_external_task_marker_parent' retrieved from /home/airflow/.local/lib/python3.11/site-packages/airflow/example_dags/example_external_task_marker_dag.py
[2024-12-20T00:03:16.108+0000] {logging_mixin.py:188} INFO - [2024-12-20T00:03:16.108+0000] {dag.py:3036} INFO - Sync 2 DAGs
[2024-12-20T00:03:16.126+0000] {logging_mixin.py:188} INFO - [2024-12-20T00:03:16.126+0000] {dag.py:3823} INFO - Setting next_dagrun for example_external_task_marker_child to None, run_after=None
[2024-12-20T00:03:16.132+0000] {logging_mixin.py:188} INFO - [2024-12-20T00:03:16.132+0000] {dag.py:3823} INFO - Setting next_dagrun for example_external_task_marker_parent to None, run_after=None
[2024-12-20T00:03:16.172+0000] {processor.py:183} INFO - Processing /home/airflow/.local/lib/python3.11/site-packages/airflow/example_dags/example_external_task_marker_dag.py took 0.109 seconds
[2024-12-20T00:03:46.389+0000] {processor.py:161} INFO - Started process (PID=2660) to work on /home/airflow/.local/lib/python3.11/site-packages/airflow/example_dags/example_external_task_marker_dag.py
[2024-12-20T00:03:46.391+0000] {processor.py:830} INFO - Processing file /home/airflow/.local/lib/python3.11/site-packages/airflow/example_dags/example_external_task_marker_dag.py for tasks to queue
[2024-12-20T00:03:46.394+0000] {logging_mixin.py:188} INFO - [2024-12-20T00:03:46.393+0000] {dagbag.py:538} INFO - Filling up the DagBag from /home/airflow/.local/lib/python3.11/site-packages/airflow/example_dags/example_external_task_marker_dag.py
[2024-12-20T00:03:46.404+0000] {processor.py:840} INFO - DAG(s) 'example_external_task_marker_child', 'example_external_task_marker_parent' retrieved from /home/airflow/.local/lib/python3.11/site-packages/airflow/example_dags/example_external_task_marker_dag.py
[2024-12-20T00:03:46.441+0000] {logging_mixin.py:188} INFO - [2024-12-20T00:03:46.441+0000] {dag.py:3036} INFO - Sync 2 DAGs
[2024-12-20T00:03:46.462+0000] {logging_mixin.py:188} INFO - [2024-12-20T00:03:46.462+0000] {dag.py:3823} INFO - Setting next_dagrun for example_external_task_marker_child to None, run_after=None
[2024-12-20T00:03:46.468+0000] {logging_mixin.py:188} INFO - [2024-12-20T00:03:46.468+0000] {dag.py:3823} INFO - Setting next_dagrun for example_external_task_marker_parent to None, run_after=None
[2024-12-20T00:03:46.493+0000] {processor.py:183} INFO - Processing /home/airflow/.local/lib/python3.11/site-packages/airflow/example_dags/example_external_task_marker_dag.py took 0.110 seconds
[2024-12-20T00:04:16.625+0000] {processor.py:161} INFO - Started process (PID=2732) to work on /home/airflow/.local/lib/python3.11/site-packages/airflow/example_dags/example_external_task_marker_dag.py
[2024-12-20T00:04:16.626+0000] {processor.py:830} INFO - Processing file /home/airflow/.local/lib/python3.11/site-packages/airflow/example_dags/example_external_task_marker_dag.py for tasks to queue
[2024-12-20T00:04:16.629+0000] {logging_mixin.py:188} INFO - [2024-12-20T00:04:16.628+0000] {dagbag.py:538} INFO - Filling up the DagBag from /home/airflow/.local/lib/python3.11/site-packages/airflow/example_dags/example_external_task_marker_dag.py
[2024-12-20T00:04:16.636+0000] {processor.py:840} INFO - DAG(s) 'example_external_task_marker_parent', 'example_external_task_marker_child' retrieved from /home/airflow/.local/lib/python3.11/site-packages/airflow/example_dags/example_external_task_marker_dag.py
[2024-12-20T00:04:16.668+0000] {logging_mixin.py:188} INFO - [2024-12-20T00:04:16.667+0000] {dag.py:3036} INFO - Sync 2 DAGs
[2024-12-20T00:04:16.687+0000] {logging_mixin.py:188} INFO - [2024-12-20T00:04:16.687+0000] {dag.py:3823} INFO - Setting next_dagrun for example_external_task_marker_child to None, run_after=None
[2024-12-20T00:04:16.692+0000] {logging_mixin.py:188} INFO - [2024-12-20T00:04:16.692+0000] {dag.py:3823} INFO - Setting next_dagrun for example_external_task_marker_parent to None, run_after=None
[2024-12-20T00:04:16.718+0000] {processor.py:183} INFO - Processing /home/airflow/.local/lib/python3.11/site-packages/airflow/example_dags/example_external_task_marker_dag.py took 0.098 seconds
[2024-12-20T00:04:47.067+0000] {processor.py:161} INFO - Started process (PID=2804) to work on /home/airflow/.local/lib/python3.11/site-packages/airflow/example_dags/example_external_task_marker_dag.py
[2024-12-20T00:04:47.068+0000] {processor.py:830} INFO - Processing file /home/airflow/.local/lib/python3.11/site-packages/airflow/example_dags/example_external_task_marker_dag.py for tasks to queue
[2024-12-20T00:04:47.071+0000] {logging_mixin.py:188} INFO - [2024-12-20T00:04:47.070+0000] {dagbag.py:538} INFO - Filling up the DagBag from /home/airflow/.local/lib/python3.11/site-packages/airflow/example_dags/example_external_task_marker_dag.py
[2024-12-20T00:04:47.077+0000] {processor.py:840} INFO - DAG(s) 'example_external_task_marker_parent', 'example_external_task_marker_child' retrieved from /home/airflow/.local/lib/python3.11/site-packages/airflow/example_dags/example_external_task_marker_dag.py
[2024-12-20T00:04:47.106+0000] {logging_mixin.py:188} INFO - [2024-12-20T00:04:47.106+0000] {dag.py:3036} INFO - Sync 2 DAGs
[2024-12-20T00:04:47.120+0000] {logging_mixin.py:188} INFO - [2024-12-20T00:04:47.120+0000] {dag.py:3823} INFO - Setting next_dagrun for example_external_task_marker_child to None, run_after=None
[2024-12-20T00:04:47.124+0000] {logging_mixin.py:188} INFO - [2024-12-20T00:04:47.124+0000] {dag.py:3823} INFO - Setting next_dagrun for example_external_task_marker_parent to None, run_after=None
[2024-12-20T00:04:47.143+0000] {processor.py:183} INFO - Processing /home/airflow/.local/lib/python3.11/site-packages/airflow/example_dags/example_external_task_marker_dag.py took 0.080 seconds
[2024-12-20T00:05:18.576+0000] {processor.py:161} INFO - Started process (PID=2874) to work on /home/airflow/.local/lib/python3.11/site-packages/airflow/example_dags/example_external_task_marker_dag.py
[2024-12-20T00:05:18.578+0000] {processor.py:830} INFO - Processing file /home/airflow/.local/lib/python3.11/site-packages/airflow/example_dags/example_external_task_marker_dag.py for tasks to queue
[2024-12-20T00:05:18.583+0000] {logging_mixin.py:188} INFO - [2024-12-20T00:05:18.582+0000] {dagbag.py:538} INFO - Filling up the DagBag from /home/airflow/.local/lib/python3.11/site-packages/airflow/example_dags/example_external_task_marker_dag.py
[2024-12-20T00:05:18.595+0000] {processor.py:840} INFO - DAG(s) 'example_external_task_marker_child', 'example_external_task_marker_parent' retrieved from /home/airflow/.local/lib/python3.11/site-packages/airflow/example_dags/example_external_task_marker_dag.py
[2024-12-20T00:05:18.628+0000] {logging_mixin.py:188} INFO - [2024-12-20T00:05:18.628+0000] {dag.py:3036} INFO - Sync 2 DAGs
[2024-12-20T00:05:18.643+0000] {logging_mixin.py:188} INFO - [2024-12-20T00:05:18.642+0000] {dag.py:3823} INFO - Setting next_dagrun for example_external_task_marker_child to None, run_after=None
[2024-12-20T00:05:18.647+0000] {logging_mixin.py:188} INFO - [2024-12-20T00:05:18.647+0000] {dag.py:3823} INFO - Setting next_dagrun for example_external_task_marker_parent to None, run_after=None
[2024-12-20T00:05:18.673+0000] {processor.py:183} INFO - Processing /home/airflow/.local/lib/python3.11/site-packages/airflow/example_dags/example_external_task_marker_dag.py took 0.104 seconds
[2024-12-20T00:05:48.992+0000] {processor.py:161} INFO - Started process (PID=2946) to work on /home/airflow/.local/lib/python3.11/site-packages/airflow/example_dags/example_external_task_marker_dag.py
[2024-12-20T00:05:48.994+0000] {processor.py:830} INFO - Processing file /home/airflow/.local/lib/python3.11/site-packages/airflow/example_dags/example_external_task_marker_dag.py for tasks to queue
[2024-12-20T00:05:48.998+0000] {logging_mixin.py:188} INFO - [2024-12-20T00:05:48.998+0000] {dagbag.py:538} INFO - Filling up the DagBag from /home/airflow/.local/lib/python3.11/site-packages/airflow/example_dags/example_external_task_marker_dag.py
[2024-12-20T00:05:49.008+0000] {processor.py:840} INFO - DAG(s) 'example_external_task_marker_parent', 'example_external_task_marker_child' retrieved from /home/airflow/.local/lib/python3.11/site-packages/airflow/example_dags/example_external_task_marker_dag.py
[2024-12-20T00:05:49.035+0000] {logging_mixin.py:188} INFO - [2024-12-20T00:05:49.035+0000] {dag.py:3036} INFO - Sync 2 DAGs
[2024-12-20T00:05:49.048+0000] {logging_mixin.py:188} INFO - [2024-12-20T00:05:49.048+0000] {dag.py:3823} INFO - Setting next_dagrun for example_external_task_marker_child to None, run_after=None
[2024-12-20T00:05:49.052+0000] {logging_mixin.py:188} INFO - [2024-12-20T00:05:49.052+0000] {dag.py:3823} INFO - Setting next_dagrun for example_external_task_marker_parent to None, run_after=None
[2024-12-20T00:05:49.080+0000] {processor.py:183} INFO - Processing /home/airflow/.local/lib/python3.11/site-packages/airflow/example_dags/example_external_task_marker_dag.py took 0.095 seconds
[2024-12-20T00:06:19.562+0000] {processor.py:161} INFO - Started process (PID=3018) to work on /home/airflow/.local/lib/python3.11/site-packages/airflow/example_dags/example_external_task_marker_dag.py
[2024-12-20T00:06:19.564+0000] {processor.py:830} INFO - Processing file /home/airflow/.local/lib/python3.11/site-packages/airflow/example_dags/example_external_task_marker_dag.py for tasks to queue
[2024-12-20T00:06:19.567+0000] {logging_mixin.py:188} INFO - [2024-12-20T00:06:19.566+0000] {dagbag.py:538} INFO - Filling up the DagBag from /home/airflow/.local/lib/python3.11/site-packages/airflow/example_dags/example_external_task_marker_dag.py
[2024-12-20T00:06:19.581+0000] {processor.py:840} INFO - DAG(s) 'example_external_task_marker_child', 'example_external_task_marker_parent' retrieved from /home/airflow/.local/lib/python3.11/site-packages/airflow/example_dags/example_external_task_marker_dag.py
[2024-12-20T00:06:19.620+0000] {logging_mixin.py:188} INFO - [2024-12-20T00:06:19.619+0000] {dag.py:3036} INFO - Sync 2 DAGs
[2024-12-20T00:06:19.635+0000] {logging_mixin.py:188} INFO - [2024-12-20T00:06:19.635+0000] {dag.py:3823} INFO - Setting next_dagrun for example_external_task_marker_child to None, run_after=None
[2024-12-20T00:06:19.642+0000] {logging_mixin.py:188} INFO - [2024-12-20T00:06:19.641+0000] {dag.py:3823} INFO - Setting next_dagrun for example_external_task_marker_parent to None, run_after=None
[2024-12-20T00:06:19.670+0000] {processor.py:183} INFO - Processing /home/airflow/.local/lib/python3.11/site-packages/airflow/example_dags/example_external_task_marker_dag.py took 0.112 seconds
[2024-12-20T00:06:50.074+0000] {processor.py:161} INFO - Started process (PID=3097) to work on /home/airflow/.local/lib/python3.11/site-packages/airflow/example_dags/example_external_task_marker_dag.py
[2024-12-20T00:06:50.076+0000] {processor.py:830} INFO - Processing file /home/airflow/.local/lib/python3.11/site-packages/airflow/example_dags/example_external_task_marker_dag.py for tasks to queue
[2024-12-20T00:06:50.078+0000] {logging_mixin.py:188} INFO - [2024-12-20T00:06:50.078+0000] {dagbag.py:538} INFO - Filling up the DagBag from /home/airflow/.local/lib/python3.11/site-packages/airflow/example_dags/example_external_task_marker_dag.py
[2024-12-20T00:06:50.085+0000] {processor.py:840} INFO - DAG(s) 'example_external_task_marker_child', 'example_external_task_marker_parent' retrieved from /home/airflow/.local/lib/python3.11/site-packages/airflow/example_dags/example_external_task_marker_dag.py
[2024-12-20T00:06:50.114+0000] {logging_mixin.py:188} INFO - [2024-12-20T00:06:50.114+0000] {dag.py:3036} INFO - Sync 2 DAGs
[2024-12-20T00:06:50.131+0000] {logging_mixin.py:188} INFO - [2024-12-20T00:06:50.131+0000] {dag.py:3823} INFO - Setting next_dagrun for example_external_task_marker_child to None, run_after=None
[2024-12-20T00:06:50.136+0000] {logging_mixin.py:188} INFO - [2024-12-20T00:06:50.136+0000] {dag.py:3823} INFO - Setting next_dagrun for example_external_task_marker_parent to None, run_after=None
[2024-12-20T00:06:50.159+0000] {processor.py:183} INFO - Processing /home/airflow/.local/lib/python3.11/site-packages/airflow/example_dags/example_external_task_marker_dag.py took 0.088 seconds
[2024-12-20T00:07:20.860+0000] {processor.py:161} INFO - Started process (PID=3169) to work on /home/airflow/.local/lib/python3.11/site-packages/airflow/example_dags/example_external_task_marker_dag.py
[2024-12-20T00:07:20.861+0000] {processor.py:830} INFO - Processing file /home/airflow/.local/lib/python3.11/site-packages/airflow/example_dags/example_external_task_marker_dag.py for tasks to queue
[2024-12-20T00:07:20.863+0000] {logging_mixin.py:188} INFO - [2024-12-20T00:07:20.863+0000] {dagbag.py:538} INFO - Filling up the DagBag from /home/airflow/.local/lib/python3.11/site-packages/airflow/example_dags/example_external_task_marker_dag.py
[2024-12-20T00:07:20.870+0000] {processor.py:840} INFO - DAG(s) 'example_external_task_marker_parent', 'example_external_task_marker_child' retrieved from /home/airflow/.local/lib/python3.11/site-packages/airflow/example_dags/example_external_task_marker_dag.py
[2024-12-20T00:07:20.900+0000] {logging_mixin.py:188} INFO - [2024-12-20T00:07:20.900+0000] {dag.py:3036} INFO - Sync 2 DAGs
[2024-12-20T00:07:20.914+0000] {logging_mixin.py:188} INFO - [2024-12-20T00:07:20.914+0000] {dag.py:3823} INFO - Setting next_dagrun for example_external_task_marker_child to None, run_after=None
[2024-12-20T00:07:20.918+0000] {logging_mixin.py:188} INFO - [2024-12-20T00:07:20.918+0000] {dag.py:3823} INFO - Setting next_dagrun for example_external_task_marker_parent to None, run_after=None
[2024-12-20T00:07:20.947+0000] {processor.py:183} INFO - Processing /home/airflow/.local/lib/python3.11/site-packages/airflow/example_dags/example_external_task_marker_dag.py took 0.091 seconds
[2024-12-20T00:07:51.589+0000] {processor.py:161} INFO - Started process (PID=3241) to work on /home/airflow/.local/lib/python3.11/site-packages/airflow/example_dags/example_external_task_marker_dag.py
[2024-12-20T00:07:51.591+0000] {processor.py:830} INFO - Processing file /home/airflow/.local/lib/python3.11/site-packages/airflow/example_dags/example_external_task_marker_dag.py for tasks to queue
[2024-12-20T00:07:51.594+0000] {logging_mixin.py:188} INFO - [2024-12-20T00:07:51.593+0000] {dagbag.py:538} INFO - Filling up the DagBag from /home/airflow/.local/lib/python3.11/site-packages/airflow/example_dags/example_external_task_marker_dag.py
[2024-12-20T00:07:51.601+0000] {processor.py:840} INFO - DAG(s) 'example_external_task_marker_child', 'example_external_task_marker_parent' retrieved from /home/airflow/.local/lib/python3.11/site-packages/airflow/example_dags/example_external_task_marker_dag.py
[2024-12-20T00:07:51.627+0000] {logging_mixin.py:188} INFO - [2024-12-20T00:07:51.627+0000] {dag.py:3036} INFO - Sync 2 DAGs
[2024-12-20T00:07:51.640+0000] {logging_mixin.py:188} INFO - [2024-12-20T00:07:51.640+0000] {dag.py:3823} INFO - Setting next_dagrun for example_external_task_marker_child to None, run_after=None
[2024-12-20T00:07:51.645+0000] {logging_mixin.py:188} INFO - [2024-12-20T00:07:51.644+0000] {dag.py:3823} INFO - Setting next_dagrun for example_external_task_marker_parent to None, run_after=None
[2024-12-20T00:07:51.672+0000] {processor.py:183} INFO - Processing /home/airflow/.local/lib/python3.11/site-packages/airflow/example_dags/example_external_task_marker_dag.py took 0.086 seconds
[2024-12-20T00:08:22.313+0000] {processor.py:161} INFO - Started process (PID=3320) to work on /home/airflow/.local/lib/python3.11/site-packages/airflow/example_dags/example_external_task_marker_dag.py
[2024-12-20T00:08:22.315+0000] {processor.py:830} INFO - Processing file /home/airflow/.local/lib/python3.11/site-packages/airflow/example_dags/example_external_task_marker_dag.py for tasks to queue
[2024-12-20T00:08:22.318+0000] {logging_mixin.py:188} INFO - [2024-12-20T00:08:22.317+0000] {dagbag.py:538} INFO - Filling up the DagBag from /home/airflow/.local/lib/python3.11/site-packages/airflow/example_dags/example_external_task_marker_dag.py
[2024-12-20T00:08:22.326+0000] {processor.py:840} INFO - DAG(s) 'example_external_task_marker_parent', 'example_external_task_marker_child' retrieved from /home/airflow/.local/lib/python3.11/site-packages/airflow/example_dags/example_external_task_marker_dag.py
[2024-12-20T00:08:22.358+0000] {logging_mixin.py:188} INFO - [2024-12-20T00:08:22.357+0000] {dag.py:3036} INFO - Sync 2 DAGs
[2024-12-20T00:08:22.374+0000] {logging_mixin.py:188} INFO - [2024-12-20T00:08:22.374+0000] {dag.py:3823} INFO - Setting next_dagrun for example_external_task_marker_child to None, run_after=None
[2024-12-20T00:08:22.379+0000] {logging_mixin.py:188} INFO - [2024-12-20T00:08:22.379+0000] {dag.py:3823} INFO - Setting next_dagrun for example_external_task_marker_parent to None, run_after=None
[2024-12-20T00:08:22.410+0000] {processor.py:183} INFO - Processing /home/airflow/.local/lib/python3.11/site-packages/airflow/example_dags/example_external_task_marker_dag.py took 0.102 seconds
[2024-12-20T00:08:52.766+0000] {processor.py:161} INFO - Started process (PID=3393) to work on /home/airflow/.local/lib/python3.11/site-packages/airflow/example_dags/example_external_task_marker_dag.py
[2024-12-20T00:08:52.767+0000] {processor.py:830} INFO - Processing file /home/airflow/.local/lib/python3.11/site-packages/airflow/example_dags/example_external_task_marker_dag.py for tasks to queue
[2024-12-20T00:08:52.770+0000] {logging_mixin.py:188} INFO - [2024-12-20T00:08:52.770+0000] {dagbag.py:538} INFO - Filling up the DagBag from /home/airflow/.local/lib/python3.11/site-packages/airflow/example_dags/example_external_task_marker_dag.py
[2024-12-20T00:08:52.778+0000] {processor.py:840} INFO - DAG(s) 'example_external_task_marker_parent', 'example_external_task_marker_child' retrieved from /home/airflow/.local/lib/python3.11/site-packages/airflow/example_dags/example_external_task_marker_dag.py
[2024-12-20T00:08:52.809+0000] {logging_mixin.py:188} INFO - [2024-12-20T00:08:52.809+0000] {dag.py:3036} INFO - Sync 2 DAGs
[2024-12-20T00:08:52.823+0000] {logging_mixin.py:188} INFO - [2024-12-20T00:08:52.822+0000] {dag.py:3823} INFO - Setting next_dagrun for example_external_task_marker_child to None, run_after=None
[2024-12-20T00:08:52.827+0000] {logging_mixin.py:188} INFO - [2024-12-20T00:08:52.826+0000] {dag.py:3823} INFO - Setting next_dagrun for example_external_task_marker_parent to None, run_after=None
[2024-12-20T00:08:52.853+0000] {processor.py:183} INFO - Processing /home/airflow/.local/lib/python3.11/site-packages/airflow/example_dags/example_external_task_marker_dag.py took 0.091 seconds
[2024-12-20T00:09:23.477+0000] {processor.py:161} INFO - Started process (PID=3472) to work on /home/airflow/.local/lib/python3.11/site-packages/airflow/example_dags/example_external_task_marker_dag.py
[2024-12-20T00:09:23.478+0000] {processor.py:830} INFO - Processing file /home/airflow/.local/lib/python3.11/site-packages/airflow/example_dags/example_external_task_marker_dag.py for tasks to queue
[2024-12-20T00:09:23.480+0000] {logging_mixin.py:188} INFO - [2024-12-20T00:09:23.480+0000] {dagbag.py:538} INFO - Filling up the DagBag from /home/airflow/.local/lib/python3.11/site-packages/airflow/example_dags/example_external_task_marker_dag.py
[2024-12-20T00:09:23.487+0000] {processor.py:840} INFO - DAG(s) 'example_external_task_marker_child', 'example_external_task_marker_parent' retrieved from /home/airflow/.local/lib/python3.11/site-packages/airflow/example_dags/example_external_task_marker_dag.py
[2024-12-20T00:09:23.515+0000] {logging_mixin.py:188} INFO - [2024-12-20T00:09:23.515+0000] {dag.py:3036} INFO - Sync 2 DAGs
[2024-12-20T00:09:23.529+0000] {logging_mixin.py:188} INFO - [2024-12-20T00:09:23.529+0000] {dag.py:3823} INFO - Setting next_dagrun for example_external_task_marker_child to None, run_after=None
[2024-12-20T00:09:23.533+0000] {logging_mixin.py:188} INFO - [2024-12-20T00:09:23.533+0000] {dag.py:3823} INFO - Setting next_dagrun for example_external_task_marker_parent to None, run_after=None
[2024-12-20T00:09:23.561+0000] {processor.py:183} INFO - Processing /home/airflow/.local/lib/python3.11/site-packages/airflow/example_dags/example_external_task_marker_dag.py took 0.088 seconds
[2024-12-20T00:09:53.775+0000] {processor.py:161} INFO - Started process (PID=3537) to work on /home/airflow/.local/lib/python3.11/site-packages/airflow/example_dags/example_external_task_marker_dag.py
[2024-12-20T00:09:53.777+0000] {processor.py:830} INFO - Processing file /home/airflow/.local/lib/python3.11/site-packages/airflow/example_dags/example_external_task_marker_dag.py for tasks to queue
[2024-12-20T00:09:53.779+0000] {logging_mixin.py:188} INFO - [2024-12-20T00:09:53.779+0000] {dagbag.py:538} INFO - Filling up the DagBag from /home/airflow/.local/lib/python3.11/site-packages/airflow/example_dags/example_external_task_marker_dag.py
[2024-12-20T00:09:53.785+0000] {processor.py:840} INFO - DAG(s) 'example_external_task_marker_parent', 'example_external_task_marker_child' retrieved from /home/airflow/.local/lib/python3.11/site-packages/airflow/example_dags/example_external_task_marker_dag.py
[2024-12-20T00:09:53.811+0000] {logging_mixin.py:188} INFO - [2024-12-20T00:09:53.811+0000] {dag.py:3036} INFO - Sync 2 DAGs
[2024-12-20T00:09:53.828+0000] {logging_mixin.py:188} INFO - [2024-12-20T00:09:53.828+0000] {dag.py:3823} INFO - Setting next_dagrun for example_external_task_marker_child to None, run_after=None
[2024-12-20T00:09:53.832+0000] {logging_mixin.py:188} INFO - [2024-12-20T00:09:53.831+0000] {dag.py:3823} INFO - Setting next_dagrun for example_external_task_marker_parent to None, run_after=None
[2024-12-20T00:09:53.860+0000] {processor.py:183} INFO - Processing /home/airflow/.local/lib/python3.11/site-packages/airflow/example_dags/example_external_task_marker_dag.py took 0.088 seconds
[2024-12-20T00:10:24.029+0000] {processor.py:161} INFO - Started process (PID=3607) to work on /home/airflow/.local/lib/python3.11/site-packages/airflow/example_dags/example_external_task_marker_dag.py
[2024-12-20T00:10:24.031+0000] {processor.py:830} INFO - Processing file /home/airflow/.local/lib/python3.11/site-packages/airflow/example_dags/example_external_task_marker_dag.py for tasks to queue
[2024-12-20T00:10:24.035+0000] {logging_mixin.py:188} INFO - [2024-12-20T00:10:24.034+0000] {dagbag.py:538} INFO - Filling up the DagBag from /home/airflow/.local/lib/python3.11/site-packages/airflow/example_dags/example_external_task_marker_dag.py
[2024-12-20T00:10:24.047+0000] {processor.py:840} INFO - DAG(s) 'example_external_task_marker_parent', 'example_external_task_marker_child' retrieved from /home/airflow/.local/lib/python3.11/site-packages/airflow/example_dags/example_external_task_marker_dag.py
[2024-12-20T00:10:24.092+0000] {logging_mixin.py:188} INFO - [2024-12-20T00:10:24.091+0000] {dag.py:3036} INFO - Sync 2 DAGs
[2024-12-20T00:10:24.118+0000] {logging_mixin.py:188} INFO - [2024-12-20T00:10:24.118+0000] {dag.py:3823} INFO - Setting next_dagrun for example_external_task_marker_child to None, run_after=None
[2024-12-20T00:10:24.126+0000] {logging_mixin.py:188} INFO - [2024-12-20T00:10:24.126+0000] {dag.py:3823} INFO - Setting next_dagrun for example_external_task_marker_parent to None, run_after=None
[2024-12-20T00:10:24.161+0000] {processor.py:183} INFO - Processing /home/airflow/.local/lib/python3.11/site-packages/airflow/example_dags/example_external_task_marker_dag.py took 0.139 seconds
[2024-12-20T00:10:54.304+0000] {processor.py:161} INFO - Started process (PID=3679) to work on /home/airflow/.local/lib/python3.11/site-packages/airflow/example_dags/example_external_task_marker_dag.py
[2024-12-20T00:10:54.306+0000] {processor.py:830} INFO - Processing file /home/airflow/.local/lib/python3.11/site-packages/airflow/example_dags/example_external_task_marker_dag.py for tasks to queue
[2024-12-20T00:10:54.310+0000] {logging_mixin.py:188} INFO - [2024-12-20T00:10:54.309+0000] {dagbag.py:538} INFO - Filling up the DagBag from /home/airflow/.local/lib/python3.11/site-packages/airflow/example_dags/example_external_task_marker_dag.py
[2024-12-20T00:10:54.322+0000] {processor.py:840} INFO - DAG(s) 'example_external_task_marker_child', 'example_external_task_marker_parent' retrieved from /home/airflow/.local/lib/python3.11/site-packages/airflow/example_dags/example_external_task_marker_dag.py
[2024-12-20T00:10:54.364+0000] {logging_mixin.py:188} INFO - [2024-12-20T00:10:54.364+0000] {dag.py:3036} INFO - Sync 2 DAGs
[2024-12-20T00:10:54.387+0000] {logging_mixin.py:188} INFO - [2024-12-20T00:10:54.387+0000] {dag.py:3823} INFO - Setting next_dagrun for example_external_task_marker_child to None, run_after=None
[2024-12-20T00:10:54.394+0000] {logging_mixin.py:188} INFO - [2024-12-20T00:10:54.393+0000] {dag.py:3823} INFO - Setting next_dagrun for example_external_task_marker_parent to None, run_after=None
[2024-12-20T00:10:54.434+0000] {processor.py:183} INFO - Processing /home/airflow/.local/lib/python3.11/site-packages/airflow/example_dags/example_external_task_marker_dag.py took 0.137 seconds
[2024-12-20T00:11:24.913+0000] {processor.py:161} INFO - Started process (PID=3758) to work on /home/airflow/.local/lib/python3.11/site-packages/airflow/example_dags/example_external_task_marker_dag.py
[2024-12-20T00:11:24.915+0000] {processor.py:830} INFO - Processing file /home/airflow/.local/lib/python3.11/site-packages/airflow/example_dags/example_external_task_marker_dag.py for tasks to queue
[2024-12-20T00:11:24.917+0000] {logging_mixin.py:188} INFO - [2024-12-20T00:11:24.917+0000] {dagbag.py:538} INFO - Filling up the DagBag from /home/airflow/.local/lib/python3.11/site-packages/airflow/example_dags/example_external_task_marker_dag.py
[2024-12-20T00:11:24.927+0000] {processor.py:840} INFO - DAG(s) 'example_external_task_marker_parent', 'example_external_task_marker_child' retrieved from /home/airflow/.local/lib/python3.11/site-packages/airflow/example_dags/example_external_task_marker_dag.py
[2024-12-20T00:11:24.954+0000] {logging_mixin.py:188} INFO - [2024-12-20T00:11:24.954+0000] {dag.py:3036} INFO - Sync 2 DAGs
[2024-12-20T00:11:24.969+0000] {logging_mixin.py:188} INFO - [2024-12-20T00:11:24.969+0000] {dag.py:3823} INFO - Setting next_dagrun for example_external_task_marker_child to None, run_after=None
[2024-12-20T00:11:24.973+0000] {logging_mixin.py:188} INFO - [2024-12-20T00:11:24.973+0000] {dag.py:3823} INFO - Setting next_dagrun for example_external_task_marker_parent to None, run_after=None
[2024-12-20T00:11:25.001+0000] {processor.py:183} INFO - Processing /home/airflow/.local/lib/python3.11/site-packages/airflow/example_dags/example_external_task_marker_dag.py took 0.091 seconds
[2024-12-20T00:11:55.314+0000] {processor.py:161} INFO - Started process (PID=3830) to work on /home/airflow/.local/lib/python3.11/site-packages/airflow/example_dags/example_external_task_marker_dag.py
[2024-12-20T00:11:55.316+0000] {processor.py:830} INFO - Processing file /home/airflow/.local/lib/python3.11/site-packages/airflow/example_dags/example_external_task_marker_dag.py for tasks to queue
[2024-12-20T00:11:55.320+0000] {logging_mixin.py:188} INFO - [2024-12-20T00:11:55.320+0000] {dagbag.py:538} INFO - Filling up the DagBag from /home/airflow/.local/lib/python3.11/site-packages/airflow/example_dags/example_external_task_marker_dag.py
[2024-12-20T00:11:55.331+0000] {processor.py:840} INFO - DAG(s) 'example_external_task_marker_child', 'example_external_task_marker_parent' retrieved from /home/airflow/.local/lib/python3.11/site-packages/airflow/example_dags/example_external_task_marker_dag.py
[2024-12-20T00:11:55.360+0000] {logging_mixin.py:188} INFO - [2024-12-20T00:11:55.360+0000] {dag.py:3036} INFO - Sync 2 DAGs
[2024-12-20T00:11:55.374+0000] {logging_mixin.py:188} INFO - [2024-12-20T00:11:55.374+0000] {dag.py:3823} INFO - Setting next_dagrun for example_external_task_marker_child to None, run_after=None
[2024-12-20T00:11:55.378+0000] {logging_mixin.py:188} INFO - [2024-12-20T00:11:55.378+0000] {dag.py:3823} INFO - Setting next_dagrun for example_external_task_marker_parent to None, run_after=None
[2024-12-20T00:11:55.397+0000] {processor.py:183} INFO - Processing /home/airflow/.local/lib/python3.11/site-packages/airflow/example_dags/example_external_task_marker_dag.py took 0.089 seconds
[2024-12-20T00:12:25.578+0000] {processor.py:161} INFO - Started process (PID=3902) to work on /home/airflow/.local/lib/python3.11/site-packages/airflow/example_dags/example_external_task_marker_dag.py
[2024-12-20T00:12:25.580+0000] {processor.py:830} INFO - Processing file /home/airflow/.local/lib/python3.11/site-packages/airflow/example_dags/example_external_task_marker_dag.py for tasks to queue
[2024-12-20T00:12:25.583+0000] {logging_mixin.py:188} INFO - [2024-12-20T00:12:25.583+0000] {dagbag.py:538} INFO - Filling up the DagBag from /home/airflow/.local/lib/python3.11/site-packages/airflow/example_dags/example_external_task_marker_dag.py
[2024-12-20T00:12:25.595+0000] {processor.py:840} INFO - DAG(s) 'example_external_task_marker_child', 'example_external_task_marker_parent' retrieved from /home/airflow/.local/lib/python3.11/site-packages/airflow/example_dags/example_external_task_marker_dag.py
[2024-12-20T00:12:25.630+0000] {logging_mixin.py:188} INFO - [2024-12-20T00:12:25.630+0000] {dag.py:3036} INFO - Sync 2 DAGs
[2024-12-20T00:12:25.645+0000] {logging_mixin.py:188} INFO - [2024-12-20T00:12:25.645+0000] {dag.py:3823} INFO - Setting next_dagrun for example_external_task_marker_child to None, run_after=None
[2024-12-20T00:12:25.650+0000] {logging_mixin.py:188} INFO - [2024-12-20T00:12:25.650+0000] {dag.py:3823} INFO - Setting next_dagrun for example_external_task_marker_parent to None, run_after=None
[2024-12-20T00:12:25.683+0000] {processor.py:183} INFO - Processing /home/airflow/.local/lib/python3.11/site-packages/airflow/example_dags/example_external_task_marker_dag.py took 0.109 seconds
[2024-12-20T09:17:18.187+0000] {processor.py:161} INFO - Started process (PID=3979) to work on /home/airflow/.local/lib/python3.11/site-packages/airflow/example_dags/example_external_task_marker_dag.py
[2024-12-20T09:17:18.197+0000] {processor.py:830} INFO - Processing file /home/airflow/.local/lib/python3.11/site-packages/airflow/example_dags/example_external_task_marker_dag.py for tasks to queue
[2024-12-20T09:17:18.204+0000] {logging_mixin.py:188} INFO - [2024-12-20T09:17:18.202+0000] {dagbag.py:538} INFO - Filling up the DagBag from /home/airflow/.local/lib/python3.11/site-packages/airflow/example_dags/example_external_task_marker_dag.py
[2024-12-20T09:17:18.267+0000] {processor.py:840} INFO - DAG(s) 'example_external_task_marker_parent', 'example_external_task_marker_child' retrieved from /home/airflow/.local/lib/python3.11/site-packages/airflow/example_dags/example_external_task_marker_dag.py
[2024-12-20T09:17:18.721+0000] {logging_mixin.py:188} INFO - [2024-12-20T09:17:18.720+0000] {dag.py:3036} INFO - Sync 2 DAGs
[2024-12-20T09:17:18.903+0000] {logging_mixin.py:188} INFO - [2024-12-20T09:17:18.902+0000] {dag.py:3823} INFO - Setting next_dagrun for example_external_task_marker_child to None, run_after=None
[2024-12-20T09:17:18.931+0000] {logging_mixin.py:188} INFO - [2024-12-20T09:17:18.930+0000] {dag.py:3823} INFO - Setting next_dagrun for example_external_task_marker_parent to None, run_after=None
[2024-12-20T09:17:19.117+0000] {processor.py:183} INFO - Processing /home/airflow/.local/lib/python3.11/site-packages/airflow/example_dags/example_external_task_marker_dag.py took 0.958 seconds
[2024-12-20T09:17:49.444+0000] {processor.py:161} INFO - Started process (PID=4051) to work on /home/airflow/.local/lib/python3.11/site-packages/airflow/example_dags/example_external_task_marker_dag.py
[2024-12-20T09:17:49.445+0000] {processor.py:830} INFO - Processing file /home/airflow/.local/lib/python3.11/site-packages/airflow/example_dags/example_external_task_marker_dag.py for tasks to queue
[2024-12-20T09:17:49.446+0000] {logging_mixin.py:188} INFO - [2024-12-20T09:17:49.446+0000] {dagbag.py:538} INFO - Filling up the DagBag from /home/airflow/.local/lib/python3.11/site-packages/airflow/example_dags/example_external_task_marker_dag.py
[2024-12-20T09:17:49.454+0000] {processor.py:840} INFO - DAG(s) 'example_external_task_marker_parent', 'example_external_task_marker_child' retrieved from /home/airflow/.local/lib/python3.11/site-packages/airflow/example_dags/example_external_task_marker_dag.py
[2024-12-20T09:17:49.481+0000] {logging_mixin.py:188} INFO - [2024-12-20T09:17:49.481+0000] {dag.py:3036} INFO - Sync 2 DAGs
[2024-12-20T09:17:49.498+0000] {logging_mixin.py:188} INFO - [2024-12-20T09:17:49.498+0000] {dag.py:3823} INFO - Setting next_dagrun for example_external_task_marker_child to None, run_after=None
[2024-12-20T09:17:49.502+0000] {logging_mixin.py:188} INFO - [2024-12-20T09:17:49.502+0000] {dag.py:3823} INFO - Setting next_dagrun for example_external_task_marker_parent to None, run_after=None
[2024-12-20T09:17:49.525+0000] {processor.py:183} INFO - Processing /home/airflow/.local/lib/python3.11/site-packages/airflow/example_dags/example_external_task_marker_dag.py took 0.085 seconds
[2024-12-20T09:18:19.625+0000] {processor.py:161} INFO - Started process (PID=4121) to work on /home/airflow/.local/lib/python3.11/site-packages/airflow/example_dags/example_external_task_marker_dag.py
[2024-12-20T09:18:19.626+0000] {processor.py:830} INFO - Processing file /home/airflow/.local/lib/python3.11/site-packages/airflow/example_dags/example_external_task_marker_dag.py for tasks to queue
[2024-12-20T09:18:19.627+0000] {logging_mixin.py:188} INFO - [2024-12-20T09:18:19.627+0000] {dagbag.py:538} INFO - Filling up the DagBag from /home/airflow/.local/lib/python3.11/site-packages/airflow/example_dags/example_external_task_marker_dag.py
[2024-12-20T09:18:19.634+0000] {processor.py:840} INFO - DAG(s) 'example_external_task_marker_child', 'example_external_task_marker_parent' retrieved from /home/airflow/.local/lib/python3.11/site-packages/airflow/example_dags/example_external_task_marker_dag.py
[2024-12-20T09:18:19.663+0000] {logging_mixin.py:188} INFO - [2024-12-20T09:18:19.663+0000] {dag.py:3036} INFO - Sync 2 DAGs
[2024-12-20T09:18:19.676+0000] {logging_mixin.py:188} INFO - [2024-12-20T09:18:19.676+0000] {dag.py:3823} INFO - Setting next_dagrun for example_external_task_marker_child to None, run_after=None
[2024-12-20T09:18:19.681+0000] {logging_mixin.py:188} INFO - [2024-12-20T09:18:19.681+0000] {dag.py:3823} INFO - Setting next_dagrun for example_external_task_marker_parent to None, run_after=None
[2024-12-20T09:18:19.703+0000] {processor.py:183} INFO - Processing /home/airflow/.local/lib/python3.11/site-packages/airflow/example_dags/example_external_task_marker_dag.py took 0.082 seconds
[2024-12-20T09:18:50.080+0000] {processor.py:161} INFO - Started process (PID=4193) to work on /home/airflow/.local/lib/python3.11/site-packages/airflow/example_dags/example_external_task_marker_dag.py
[2024-12-20T09:18:50.082+0000] {processor.py:830} INFO - Processing file /home/airflow/.local/lib/python3.11/site-packages/airflow/example_dags/example_external_task_marker_dag.py for tasks to queue
[2024-12-20T09:18:50.084+0000] {logging_mixin.py:188} INFO - [2024-12-20T09:18:50.084+0000] {dagbag.py:538} INFO - Filling up the DagBag from /home/airflow/.local/lib/python3.11/site-packages/airflow/example_dags/example_external_task_marker_dag.py
[2024-12-20T09:18:50.097+0000] {processor.py:840} INFO - DAG(s) 'example_external_task_marker_child', 'example_external_task_marker_parent' retrieved from /home/airflow/.local/lib/python3.11/site-packages/airflow/example_dags/example_external_task_marker_dag.py
[2024-12-20T09:18:50.146+0000] {logging_mixin.py:188} INFO - [2024-12-20T09:18:50.145+0000] {dag.py:3036} INFO - Sync 2 DAGs
[2024-12-20T09:18:50.175+0000] {logging_mixin.py:188} INFO - [2024-12-20T09:18:50.175+0000] {dag.py:3823} INFO - Setting next_dagrun for example_external_task_marker_child to None, run_after=None
[2024-12-20T09:18:50.183+0000] {logging_mixin.py:188} INFO - [2024-12-20T09:18:50.183+0000] {dag.py:3823} INFO - Setting next_dagrun for example_external_task_marker_parent to None, run_after=None
[2024-12-20T09:18:50.223+0000] {processor.py:183} INFO - Processing /home/airflow/.local/lib/python3.11/site-packages/airflow/example_dags/example_external_task_marker_dag.py took 0.149 seconds
[2024-12-20T09:19:22.891+0000] {processor.py:161} INFO - Started process (PID=4269) to work on /home/airflow/.local/lib/python3.11/site-packages/airflow/example_dags/example_external_task_marker_dag.py
[2024-12-20T09:19:22.905+0000] {processor.py:830} INFO - Processing file /home/airflow/.local/lib/python3.11/site-packages/airflow/example_dags/example_external_task_marker_dag.py for tasks to queue
[2024-12-20T09:19:22.908+0000] {logging_mixin.py:188} INFO - [2024-12-20T09:19:22.907+0000] {dagbag.py:538} INFO - Filling up the DagBag from /home/airflow/.local/lib/python3.11/site-packages/airflow/example_dags/example_external_task_marker_dag.py
[2024-12-20T09:19:22.941+0000] {processor.py:840} INFO - DAG(s) 'example_external_task_marker_parent', 'example_external_task_marker_child' retrieved from /home/airflow/.local/lib/python3.11/site-packages/airflow/example_dags/example_external_task_marker_dag.py
[2024-12-20T09:19:23.016+0000] {logging_mixin.py:188} INFO - [2024-12-20T09:19:23.016+0000] {dag.py:3036} INFO - Sync 2 DAGs
[2024-12-20T09:19:23.047+0000] {logging_mixin.py:188} INFO - [2024-12-20T09:19:23.047+0000] {dag.py:3823} INFO - Setting next_dagrun for example_external_task_marker_child to None, run_after=None
[2024-12-20T09:19:23.057+0000] {logging_mixin.py:188} INFO - [2024-12-20T09:19:23.056+0000] {dag.py:3823} INFO - Setting next_dagrun for example_external_task_marker_parent to None, run_after=None
[2024-12-20T09:19:23.118+0000] {processor.py:183} INFO - Processing /home/airflow/.local/lib/python3.11/site-packages/airflow/example_dags/example_external_task_marker_dag.py took 0.238 seconds
[2024-12-20T09:19:53.386+0000] {processor.py:161} INFO - Started process (PID=4332) to work on /home/airflow/.local/lib/python3.11/site-packages/airflow/example_dags/example_external_task_marker_dag.py
[2024-12-20T09:19:53.388+0000] {processor.py:830} INFO - Processing file /home/airflow/.local/lib/python3.11/site-packages/airflow/example_dags/example_external_task_marker_dag.py for tasks to queue
[2024-12-20T09:19:53.391+0000] {logging_mixin.py:188} INFO - [2024-12-20T09:19:53.390+0000] {dagbag.py:538} INFO - Filling up the DagBag from /home/airflow/.local/lib/python3.11/site-packages/airflow/example_dags/example_external_task_marker_dag.py
[2024-12-20T09:19:53.405+0000] {processor.py:840} INFO - DAG(s) 'example_external_task_marker_child', 'example_external_task_marker_parent' retrieved from /home/airflow/.local/lib/python3.11/site-packages/airflow/example_dags/example_external_task_marker_dag.py
[2024-12-20T09:19:53.460+0000] {logging_mixin.py:188} INFO - [2024-12-20T09:19:53.459+0000] {dag.py:3036} INFO - Sync 2 DAGs
[2024-12-20T09:19:53.495+0000] {logging_mixin.py:188} INFO - [2024-12-20T09:19:53.494+0000] {dag.py:3823} INFO - Setting next_dagrun for example_external_task_marker_child to None, run_after=None
[2024-12-20T09:19:53.502+0000] {logging_mixin.py:188} INFO - [2024-12-20T09:19:53.502+0000] {dag.py:3823} INFO - Setting next_dagrun for example_external_task_marker_parent to None, run_after=None
[2024-12-20T09:19:53.547+0000] {processor.py:183} INFO - Processing /home/airflow/.local/lib/python3.11/site-packages/airflow/example_dags/example_external_task_marker_dag.py took 0.168 seconds
[2024-12-20T09:20:24.628+0000] {processor.py:161} INFO - Started process (PID=4396) to work on /home/airflow/.local/lib/python3.11/site-packages/airflow/example_dags/example_external_task_marker_dag.py
[2024-12-20T09:20:24.639+0000] {processor.py:830} INFO - Processing file /home/airflow/.local/lib/python3.11/site-packages/airflow/example_dags/example_external_task_marker_dag.py for tasks to queue
[2024-12-20T09:20:24.641+0000] {logging_mixin.py:188} INFO - [2024-12-20T09:20:24.640+0000] {dagbag.py:538} INFO - Filling up the DagBag from /home/airflow/.local/lib/python3.11/site-packages/airflow/example_dags/example_external_task_marker_dag.py
[2024-12-20T09:20:24.671+0000] {processor.py:840} INFO - DAG(s) 'example_external_task_marker_parent', 'example_external_task_marker_child' retrieved from /home/airflow/.local/lib/python3.11/site-packages/airflow/example_dags/example_external_task_marker_dag.py
[2024-12-20T09:20:24.769+0000] {logging_mixin.py:188} INFO - [2024-12-20T09:20:24.768+0000] {dag.py:3036} INFO - Sync 2 DAGs
[2024-12-20T09:20:24.835+0000] {logging_mixin.py:188} INFO - [2024-12-20T09:20:24.834+0000] {dag.py:3823} INFO - Setting next_dagrun for example_external_task_marker_child to None, run_after=None
[2024-12-20T09:20:24.869+0000] {logging_mixin.py:188} INFO - [2024-12-20T09:20:24.868+0000] {dag.py:3823} INFO - Setting next_dagrun for example_external_task_marker_parent to None, run_after=None
[2024-12-20T09:20:24.937+0000] {processor.py:183} INFO - Processing /home/airflow/.local/lib/python3.11/site-packages/airflow/example_dags/example_external_task_marker_dag.py took 0.314 seconds
[2024-12-20T09:20:55.054+0000] {processor.py:161} INFO - Started process (PID=4467) to work on /home/airflow/.local/lib/python3.11/site-packages/airflow/example_dags/example_external_task_marker_dag.py
[2024-12-20T09:20:55.055+0000] {processor.py:830} INFO - Processing file /home/airflow/.local/lib/python3.11/site-packages/airflow/example_dags/example_external_task_marker_dag.py for tasks to queue
[2024-12-20T09:20:55.057+0000] {logging_mixin.py:188} INFO - [2024-12-20T09:20:55.056+0000] {dagbag.py:538} INFO - Filling up the DagBag from /home/airflow/.local/lib/python3.11/site-packages/airflow/example_dags/example_external_task_marker_dag.py
[2024-12-20T09:20:55.065+0000] {processor.py:840} INFO - DAG(s) 'example_external_task_marker_parent', 'example_external_task_marker_child' retrieved from /home/airflow/.local/lib/python3.11/site-packages/airflow/example_dags/example_external_task_marker_dag.py
[2024-12-20T09:20:55.100+0000] {logging_mixin.py:188} INFO - [2024-12-20T09:20:55.099+0000] {dag.py:3036} INFO - Sync 2 DAGs
[2024-12-20T09:20:55.120+0000] {logging_mixin.py:188} INFO - [2024-12-20T09:20:55.120+0000] {dag.py:3823} INFO - Setting next_dagrun for example_external_task_marker_child to None, run_after=None
[2024-12-20T09:20:55.126+0000] {logging_mixin.py:188} INFO - [2024-12-20T09:20:55.126+0000] {dag.py:3823} INFO - Setting next_dagrun for example_external_task_marker_parent to None, run_after=None
[2024-12-20T09:20:55.158+0000] {processor.py:183} INFO - Processing /home/airflow/.local/lib/python3.11/site-packages/airflow/example_dags/example_external_task_marker_dag.py took 0.109 seconds
[2024-12-20T09:21:25.400+0000] {processor.py:161} INFO - Started process (PID=4542) to work on /home/airflow/.local/lib/python3.11/site-packages/airflow/example_dags/example_external_task_marker_dag.py
[2024-12-20T09:21:25.405+0000] {processor.py:830} INFO - Processing file /home/airflow/.local/lib/python3.11/site-packages/airflow/example_dags/example_external_task_marker_dag.py for tasks to queue
[2024-12-20T09:21:25.425+0000] {logging_mixin.py:188} INFO - [2024-12-20T09:21:25.424+0000] {dagbag.py:538} INFO - Filling up the DagBag from /home/airflow/.local/lib/python3.11/site-packages/airflow/example_dags/example_external_task_marker_dag.py
[2024-12-20T09:21:25.438+0000] {processor.py:840} INFO - DAG(s) 'example_external_task_marker_child', 'example_external_task_marker_parent' retrieved from /home/airflow/.local/lib/python3.11/site-packages/airflow/example_dags/example_external_task_marker_dag.py
[2024-12-20T09:21:25.538+0000] {logging_mixin.py:188} INFO - [2024-12-20T09:21:25.538+0000] {dag.py:3036} INFO - Sync 2 DAGs
[2024-12-20T09:21:25.570+0000] {logging_mixin.py:188} INFO - [2024-12-20T09:21:25.570+0000] {dag.py:3823} INFO - Setting next_dagrun for example_external_task_marker_child to None, run_after=None
[2024-12-20T09:21:25.579+0000] {logging_mixin.py:188} INFO - [2024-12-20T09:21:25.579+0000] {dag.py:3823} INFO - Setting next_dagrun for example_external_task_marker_parent to None, run_after=None
[2024-12-20T09:21:25.629+0000] {processor.py:183} INFO - Processing /home/airflow/.local/lib/python3.11/site-packages/airflow/example_dags/example_external_task_marker_dag.py took 0.236 seconds
[2024-12-20T09:21:57.158+0000] {processor.py:161} INFO - Started process (PID=4606) to work on /home/airflow/.local/lib/python3.11/site-packages/airflow/example_dags/example_external_task_marker_dag.py
[2024-12-20T09:21:57.161+0000] {processor.py:830} INFO - Processing file /home/airflow/.local/lib/python3.11/site-packages/airflow/example_dags/example_external_task_marker_dag.py for tasks to queue
[2024-12-20T09:21:57.163+0000] {logging_mixin.py:188} INFO - [2024-12-20T09:21:57.162+0000] {dagbag.py:538} INFO - Filling up the DagBag from /home/airflow/.local/lib/python3.11/site-packages/airflow/example_dags/example_external_task_marker_dag.py
[2024-12-20T09:21:57.210+0000] {processor.py:840} INFO - DAG(s) 'example_external_task_marker_parent', 'example_external_task_marker_child' retrieved from /home/airflow/.local/lib/python3.11/site-packages/airflow/example_dags/example_external_task_marker_dag.py
[2024-12-20T09:21:57.382+0000] {logging_mixin.py:188} INFO - [2024-12-20T09:21:57.381+0000] {dag.py:3036} INFO - Sync 2 DAGs
[2024-12-20T09:21:57.438+0000] {logging_mixin.py:188} INFO - [2024-12-20T09:21:57.437+0000] {dag.py:3823} INFO - Setting next_dagrun for example_external_task_marker_child to None, run_after=None
[2024-12-20T09:21:57.463+0000] {logging_mixin.py:188} INFO - [2024-12-20T09:21:57.459+0000] {dag.py:3823} INFO - Setting next_dagrun for example_external_task_marker_parent to None, run_after=None
[2024-12-20T09:21:57.547+0000] {processor.py:183} INFO - Processing /home/airflow/.local/lib/python3.11/site-packages/airflow/example_dags/example_external_task_marker_dag.py took 0.404 seconds
[2024-12-20T09:22:28.013+0000] {processor.py:161} INFO - Started process (PID=4670) to work on /home/airflow/.local/lib/python3.11/site-packages/airflow/example_dags/example_external_task_marker_dag.py
[2024-12-20T09:22:28.019+0000] {processor.py:830} INFO - Processing file /home/airflow/.local/lib/python3.11/site-packages/airflow/example_dags/example_external_task_marker_dag.py for tasks to queue
[2024-12-20T09:22:28.023+0000] {logging_mixin.py:188} INFO - [2024-12-20T09:22:28.021+0000] {dagbag.py:538} INFO - Filling up the DagBag from /home/airflow/.local/lib/python3.11/site-packages/airflow/example_dags/example_external_task_marker_dag.py
[2024-12-20T09:22:28.052+0000] {processor.py:840} INFO - DAG(s) 'example_external_task_marker_child', 'example_external_task_marker_parent' retrieved from /home/airflow/.local/lib/python3.11/site-packages/airflow/example_dags/example_external_task_marker_dag.py
[2024-12-20T09:22:28.143+0000] {logging_mixin.py:188} INFO - [2024-12-20T09:22:28.143+0000] {dag.py:3036} INFO - Sync 2 DAGs
[2024-12-20T09:22:28.174+0000] {logging_mixin.py:188} INFO - [2024-12-20T09:22:28.174+0000] {dag.py:3823} INFO - Setting next_dagrun for example_external_task_marker_child to None, run_after=None
[2024-12-20T09:22:28.181+0000] {logging_mixin.py:188} INFO - [2024-12-20T09:22:28.181+0000] {dag.py:3823} INFO - Setting next_dagrun for example_external_task_marker_parent to None, run_after=None
[2024-12-20T09:22:28.214+0000] {processor.py:183} INFO - Processing /home/airflow/.local/lib/python3.11/site-packages/airflow/example_dags/example_external_task_marker_dag.py took 0.216 seconds
[2024-12-20T09:22:58.965+0000] {processor.py:161} INFO - Started process (PID=4742) to work on /home/airflow/.local/lib/python3.11/site-packages/airflow/example_dags/example_external_task_marker_dag.py
[2024-12-20T09:22:58.969+0000] {processor.py:830} INFO - Processing file /home/airflow/.local/lib/python3.11/site-packages/airflow/example_dags/example_external_task_marker_dag.py for tasks to queue
[2024-12-20T09:22:58.972+0000] {logging_mixin.py:188} INFO - [2024-12-20T09:22:58.971+0000] {dagbag.py:538} INFO - Filling up the DagBag from /home/airflow/.local/lib/python3.11/site-packages/airflow/example_dags/example_external_task_marker_dag.py
[2024-12-20T09:22:58.997+0000] {processor.py:840} INFO - DAG(s) 'example_external_task_marker_parent', 'example_external_task_marker_child' retrieved from /home/airflow/.local/lib/python3.11/site-packages/airflow/example_dags/example_external_task_marker_dag.py
[2024-12-20T09:22:59.055+0000] {logging_mixin.py:188} INFO - [2024-12-20T09:22:59.054+0000] {dag.py:3036} INFO - Sync 2 DAGs
[2024-12-20T09:22:59.086+0000] {logging_mixin.py:188} INFO - [2024-12-20T09:22:59.086+0000] {dag.py:3823} INFO - Setting next_dagrun for example_external_task_marker_child to None, run_after=None
[2024-12-20T09:22:59.094+0000] {logging_mixin.py:188} INFO - [2024-12-20T09:22:59.094+0000] {dag.py:3823} INFO - Setting next_dagrun for example_external_task_marker_parent to None, run_after=None
[2024-12-20T09:22:59.130+0000] {processor.py:183} INFO - Processing /home/airflow/.local/lib/python3.11/site-packages/airflow/example_dags/example_external_task_marker_dag.py took 0.175 seconds
[2024-12-20T09:23:29.726+0000] {processor.py:161} INFO - Started process (PID=4815) to work on /home/airflow/.local/lib/python3.11/site-packages/airflow/example_dags/example_external_task_marker_dag.py
[2024-12-20T09:23:29.729+0000] {processor.py:830} INFO - Processing file /home/airflow/.local/lib/python3.11/site-packages/airflow/example_dags/example_external_task_marker_dag.py for tasks to queue
[2024-12-20T09:23:29.731+0000] {logging_mixin.py:188} INFO - [2024-12-20T09:23:29.730+0000] {dagbag.py:538} INFO - Filling up the DagBag from /home/airflow/.local/lib/python3.11/site-packages/airflow/example_dags/example_external_task_marker_dag.py
[2024-12-20T09:23:29.745+0000] {processor.py:840} INFO - DAG(s) 'example_external_task_marker_parent', 'example_external_task_marker_child' retrieved from /home/airflow/.local/lib/python3.11/site-packages/airflow/example_dags/example_external_task_marker_dag.py
[2024-12-20T09:23:29.796+0000] {logging_mixin.py:188} INFO - [2024-12-20T09:23:29.795+0000] {dag.py:3036} INFO - Sync 2 DAGs
[2024-12-20T09:23:29.823+0000] {logging_mixin.py:188} INFO - [2024-12-20T09:23:29.822+0000] {dag.py:3823} INFO - Setting next_dagrun for example_external_task_marker_child to None, run_after=None
[2024-12-20T09:23:29.831+0000] {logging_mixin.py:188} INFO - [2024-12-20T09:23:29.830+0000] {dag.py:3823} INFO - Setting next_dagrun for example_external_task_marker_parent to None, run_after=None
[2024-12-20T09:23:29.865+0000] {processor.py:183} INFO - Processing /home/airflow/.local/lib/python3.11/site-packages/airflow/example_dags/example_external_task_marker_dag.py took 0.145 seconds
[2024-12-20T09:24:00.391+0000] {processor.py:161} INFO - Started process (PID=4887) to work on /home/airflow/.local/lib/python3.11/site-packages/airflow/example_dags/example_external_task_marker_dag.py
[2024-12-20T09:24:00.392+0000] {processor.py:830} INFO - Processing file /home/airflow/.local/lib/python3.11/site-packages/airflow/example_dags/example_external_task_marker_dag.py for tasks to queue
[2024-12-20T09:24:00.394+0000] {logging_mixin.py:188} INFO - [2024-12-20T09:24:00.393+0000] {dagbag.py:538} INFO - Filling up the DagBag from /home/airflow/.local/lib/python3.11/site-packages/airflow/example_dags/example_external_task_marker_dag.py
[2024-12-20T09:24:00.402+0000] {processor.py:840} INFO - DAG(s) 'example_external_task_marker_parent', 'example_external_task_marker_child' retrieved from /home/airflow/.local/lib/python3.11/site-packages/airflow/example_dags/example_external_task_marker_dag.py
[2024-12-20T09:24:00.436+0000] {logging_mixin.py:188} INFO - [2024-12-20T09:24:00.436+0000] {dag.py:3036} INFO - Sync 2 DAGs
[2024-12-20T09:24:00.454+0000] {logging_mixin.py:188} INFO - [2024-12-20T09:24:00.453+0000] {dag.py:3823} INFO - Setting next_dagrun for example_external_task_marker_child to None, run_after=None
[2024-12-20T09:24:00.458+0000] {logging_mixin.py:188} INFO - [2024-12-20T09:24:00.458+0000] {dag.py:3823} INFO - Setting next_dagrun for example_external_task_marker_parent to None, run_after=None
[2024-12-20T09:24:00.488+0000] {processor.py:183} INFO - Processing /home/airflow/.local/lib/python3.11/site-packages/airflow/example_dags/example_external_task_marker_dag.py took 0.101 seconds
[2024-12-20T09:24:30.633+0000] {processor.py:161} INFO - Started process (PID=4950) to work on /home/airflow/.local/lib/python3.11/site-packages/airflow/example_dags/example_external_task_marker_dag.py
[2024-12-20T09:24:30.635+0000] {processor.py:830} INFO - Processing file /home/airflow/.local/lib/python3.11/site-packages/airflow/example_dags/example_external_task_marker_dag.py for tasks to queue
[2024-12-20T09:24:30.637+0000] {logging_mixin.py:188} INFO - [2024-12-20T09:24:30.637+0000] {dagbag.py:538} INFO - Filling up the DagBag from /home/airflow/.local/lib/python3.11/site-packages/airflow/example_dags/example_external_task_marker_dag.py
[2024-12-20T09:24:30.650+0000] {processor.py:840} INFO - DAG(s) 'example_external_task_marker_child', 'example_external_task_marker_parent' retrieved from /home/airflow/.local/lib/python3.11/site-packages/airflow/example_dags/example_external_task_marker_dag.py
[2024-12-20T09:24:30.700+0000] {logging_mixin.py:188} INFO - [2024-12-20T09:24:30.699+0000] {dag.py:3036} INFO - Sync 2 DAGs
[2024-12-20T09:24:30.736+0000] {logging_mixin.py:188} INFO - [2024-12-20T09:24:30.736+0000] {dag.py:3823} INFO - Setting next_dagrun for example_external_task_marker_child to None, run_after=None
[2024-12-20T09:24:30.744+0000] {logging_mixin.py:188} INFO - [2024-12-20T09:24:30.743+0000] {dag.py:3823} INFO - Setting next_dagrun for example_external_task_marker_parent to None, run_after=None
[2024-12-20T09:24:30.774+0000] {processor.py:183} INFO - Processing /home/airflow/.local/lib/python3.11/site-packages/airflow/example_dags/example_external_task_marker_dag.py took 0.148 seconds
[2024-12-20T09:25:00.954+0000] {processor.py:161} INFO - Started process (PID=5022) to work on /home/airflow/.local/lib/python3.11/site-packages/airflow/example_dags/example_external_task_marker_dag.py
[2024-12-20T09:25:00.957+0000] {processor.py:830} INFO - Processing file /home/airflow/.local/lib/python3.11/site-packages/airflow/example_dags/example_external_task_marker_dag.py for tasks to queue
[2024-12-20T09:25:00.960+0000] {logging_mixin.py:188} INFO - [2024-12-20T09:25:00.959+0000] {dagbag.py:538} INFO - Filling up the DagBag from /home/airflow/.local/lib/python3.11/site-packages/airflow/example_dags/example_external_task_marker_dag.py
[2024-12-20T09:25:00.978+0000] {processor.py:840} INFO - DAG(s) 'example_external_task_marker_parent', 'example_external_task_marker_child' retrieved from /home/airflow/.local/lib/python3.11/site-packages/airflow/example_dags/example_external_task_marker_dag.py
[2024-12-20T09:25:01.053+0000] {logging_mixin.py:188} INFO - [2024-12-20T09:25:01.053+0000] {dag.py:3036} INFO - Sync 2 DAGs
[2024-12-20T09:25:01.093+0000] {logging_mixin.py:188} INFO - [2024-12-20T09:25:01.093+0000] {dag.py:3823} INFO - Setting next_dagrun for example_external_task_marker_child to None, run_after=None
[2024-12-20T09:25:01.100+0000] {logging_mixin.py:188} INFO - [2024-12-20T09:25:01.099+0000] {dag.py:3823} INFO - Setting next_dagrun for example_external_task_marker_parent to None, run_after=None
[2024-12-20T09:25:01.126+0000] {processor.py:183} INFO - Processing /home/airflow/.local/lib/python3.11/site-packages/airflow/example_dags/example_external_task_marker_dag.py took 0.181 seconds
[2024-12-20T09:25:31.427+0000] {processor.py:161} INFO - Started process (PID=5101) to work on /home/airflow/.local/lib/python3.11/site-packages/airflow/example_dags/example_external_task_marker_dag.py
[2024-12-20T09:25:31.428+0000] {processor.py:830} INFO - Processing file /home/airflow/.local/lib/python3.11/site-packages/airflow/example_dags/example_external_task_marker_dag.py for tasks to queue
[2024-12-20T09:25:31.430+0000] {logging_mixin.py:188} INFO - [2024-12-20T09:25:31.429+0000] {dagbag.py:538} INFO - Filling up the DagBag from /home/airflow/.local/lib/python3.11/site-packages/airflow/example_dags/example_external_task_marker_dag.py
[2024-12-20T09:25:31.440+0000] {processor.py:840} INFO - DAG(s) 'example_external_task_marker_parent', 'example_external_task_marker_child' retrieved from /home/airflow/.local/lib/python3.11/site-packages/airflow/example_dags/example_external_task_marker_dag.py
[2024-12-20T09:25:31.475+0000] {logging_mixin.py:188} INFO - [2024-12-20T09:25:31.475+0000] {dag.py:3036} INFO - Sync 2 DAGs
[2024-12-20T09:25:31.499+0000] {logging_mixin.py:188} INFO - [2024-12-20T09:25:31.498+0000] {dag.py:3823} INFO - Setting next_dagrun for example_external_task_marker_child to None, run_after=None
[2024-12-20T09:25:31.505+0000] {logging_mixin.py:188} INFO - [2024-12-20T09:25:31.505+0000] {dag.py:3823} INFO - Setting next_dagrun for example_external_task_marker_parent to None, run_after=None
[2024-12-20T09:25:31.539+0000] {processor.py:183} INFO - Processing /home/airflow/.local/lib/python3.11/site-packages/airflow/example_dags/example_external_task_marker_dag.py took 0.117 seconds
