[2024-12-20T00:00:14.688+0000] {processor.py:161} INFO - Started process (PID=2153) to work on /home/airflow/.local/lib/python3.11/site-packages/airflow/example_dags/example_task_group_decorator.py
[2024-12-20T00:00:14.691+0000] {processor.py:830} INFO - Processing file /home/airflow/.local/lib/python3.11/site-packages/airflow/example_dags/example_task_group_decorator.py for tasks to queue
[2024-12-20T00:00:14.695+0000] {logging_mixin.py:188} INFO - [2024-12-20T00:00:14.694+0000] {dagbag.py:538} INFO - Filling up the DagBag from /home/airflow/.local/lib/python3.11/site-packages/airflow/example_dags/example_task_group_decorator.py
[2024-12-20T00:00:14.715+0000] {processor.py:840} INFO - DAG(s) 'example_task_group_decorator' retrieved from /home/airflow/.local/lib/python3.11/site-packages/airflow/example_dags/example_task_group_decorator.py
[2024-12-20T00:00:14.748+0000] {logging_mixin.py:188} INFO - [2024-12-20T00:00:14.747+0000] {dag.py:3036} INFO - Sync 1 DAGs
[2024-12-20T00:00:14.794+0000] {logging_mixin.py:188} INFO - [2024-12-20T00:00:14.794+0000] {dag.py:3823} INFO - Setting next_dagrun for example_task_group_decorator to 2024-12-19 00:00:00+00:00, run_after=2024-12-20 00:00:00+00:00
[2024-12-20T00:00:14.851+0000] {processor.py:183} INFO - Processing /home/airflow/.local/lib/python3.11/site-packages/airflow/example_dags/example_task_group_decorator.py took 0.170 seconds
[2024-12-20T00:00:45.661+0000] {processor.py:161} INFO - Started process (PID=2223) to work on /home/airflow/.local/lib/python3.11/site-packages/airflow/example_dags/example_task_group_decorator.py
[2024-12-20T00:00:45.663+0000] {processor.py:830} INFO - Processing file /home/airflow/.local/lib/python3.11/site-packages/airflow/example_dags/example_task_group_decorator.py for tasks to queue
[2024-12-20T00:00:45.665+0000] {logging_mixin.py:188} INFO - [2024-12-20T00:00:45.665+0000] {dagbag.py:538} INFO - Filling up the DagBag from /home/airflow/.local/lib/python3.11/site-packages/airflow/example_dags/example_task_group_decorator.py
[2024-12-20T00:00:45.684+0000] {processor.py:840} INFO - DAG(s) 'example_task_group_decorator' retrieved from /home/airflow/.local/lib/python3.11/site-packages/airflow/example_dags/example_task_group_decorator.py
[2024-12-20T00:00:45.713+0000] {logging_mixin.py:188} INFO - [2024-12-20T00:00:45.713+0000] {dag.py:3036} INFO - Sync 1 DAGs
[2024-12-20T00:00:45.740+0000] {logging_mixin.py:188} INFO - [2024-12-20T00:00:45.739+0000] {dag.py:3823} INFO - Setting next_dagrun for example_task_group_decorator to 2024-12-19 00:00:00+00:00, run_after=2024-12-20 00:00:00+00:00
[2024-12-20T00:00:45.770+0000] {processor.py:183} INFO - Processing /home/airflow/.local/lib/python3.11/site-packages/airflow/example_dags/example_task_group_decorator.py took 0.113 seconds
[2024-12-20T00:01:16.199+0000] {processor.py:161} INFO - Started process (PID=2295) to work on /home/airflow/.local/lib/python3.11/site-packages/airflow/example_dags/example_task_group_decorator.py
[2024-12-20T00:01:16.201+0000] {processor.py:830} INFO - Processing file /home/airflow/.local/lib/python3.11/site-packages/airflow/example_dags/example_task_group_decorator.py for tasks to queue
[2024-12-20T00:01:16.204+0000] {logging_mixin.py:188} INFO - [2024-12-20T00:01:16.203+0000] {dagbag.py:538} INFO - Filling up the DagBag from /home/airflow/.local/lib/python3.11/site-packages/airflow/example_dags/example_task_group_decorator.py
[2024-12-20T00:01:16.225+0000] {processor.py:840} INFO - DAG(s) 'example_task_group_decorator' retrieved from /home/airflow/.local/lib/python3.11/site-packages/airflow/example_dags/example_task_group_decorator.py
[2024-12-20T00:01:16.287+0000] {logging_mixin.py:188} INFO - [2024-12-20T00:01:16.287+0000] {dag.py:3036} INFO - Sync 1 DAGs
[2024-12-20T00:01:16.351+0000] {logging_mixin.py:188} INFO - [2024-12-20T00:01:16.351+0000] {dag.py:3823} INFO - Setting next_dagrun for example_task_group_decorator to 2024-12-19 00:00:00+00:00, run_after=2024-12-20 00:00:00+00:00
[2024-12-20T00:01:16.398+0000] {processor.py:183} INFO - Processing /home/airflow/.local/lib/python3.11/site-packages/airflow/example_dags/example_task_group_decorator.py took 0.203 seconds
[2024-12-20T00:01:46.546+0000] {processor.py:161} INFO - Started process (PID=2374) to work on /home/airflow/.local/lib/python3.11/site-packages/airflow/example_dags/example_task_group_decorator.py
[2024-12-20T00:01:46.547+0000] {processor.py:830} INFO - Processing file /home/airflow/.local/lib/python3.11/site-packages/airflow/example_dags/example_task_group_decorator.py for tasks to queue
[2024-12-20T00:01:46.550+0000] {logging_mixin.py:188} INFO - [2024-12-20T00:01:46.550+0000] {dagbag.py:538} INFO - Filling up the DagBag from /home/airflow/.local/lib/python3.11/site-packages/airflow/example_dags/example_task_group_decorator.py
[2024-12-20T00:01:46.578+0000] {processor.py:840} INFO - DAG(s) 'example_task_group_decorator' retrieved from /home/airflow/.local/lib/python3.11/site-packages/airflow/example_dags/example_task_group_decorator.py
[2024-12-20T00:01:46.614+0000] {logging_mixin.py:188} INFO - [2024-12-20T00:01:46.614+0000] {dag.py:3036} INFO - Sync 1 DAGs
[2024-12-20T00:01:46.644+0000] {logging_mixin.py:188} INFO - [2024-12-20T00:01:46.644+0000] {dag.py:3823} INFO - Setting next_dagrun for example_task_group_decorator to 2024-12-19 00:00:00+00:00, run_after=2024-12-20 00:00:00+00:00
[2024-12-20T00:01:46.672+0000] {processor.py:183} INFO - Processing /home/airflow/.local/lib/python3.11/site-packages/airflow/example_dags/example_task_group_decorator.py took 0.130 seconds
[2024-12-20T00:02:17.025+0000] {processor.py:161} INFO - Started process (PID=2446) to work on /home/airflow/.local/lib/python3.11/site-packages/airflow/example_dags/example_task_group_decorator.py
[2024-12-20T00:02:17.026+0000] {processor.py:830} INFO - Processing file /home/airflow/.local/lib/python3.11/site-packages/airflow/example_dags/example_task_group_decorator.py for tasks to queue
[2024-12-20T00:02:17.029+0000] {logging_mixin.py:188} INFO - [2024-12-20T00:02:17.029+0000] {dagbag.py:538} INFO - Filling up the DagBag from /home/airflow/.local/lib/python3.11/site-packages/airflow/example_dags/example_task_group_decorator.py
[2024-12-20T00:02:17.047+0000] {processor.py:840} INFO - DAG(s) 'example_task_group_decorator' retrieved from /home/airflow/.local/lib/python3.11/site-packages/airflow/example_dags/example_task_group_decorator.py
[2024-12-20T00:02:17.075+0000] {logging_mixin.py:188} INFO - [2024-12-20T00:02:17.075+0000] {dag.py:3036} INFO - Sync 1 DAGs
[2024-12-20T00:02:17.097+0000] {logging_mixin.py:188} INFO - [2024-12-20T00:02:17.097+0000] {dag.py:3823} INFO - Setting next_dagrun for example_task_group_decorator to 2024-12-19 00:00:00+00:00, run_after=2024-12-20 00:00:00+00:00
[2024-12-20T00:02:17.119+0000] {processor.py:183} INFO - Processing /home/airflow/.local/lib/python3.11/site-packages/airflow/example_dags/example_task_group_decorator.py took 0.098 seconds
[2024-12-20T00:02:47.224+0000] {processor.py:161} INFO - Started process (PID=2518) to work on /home/airflow/.local/lib/python3.11/site-packages/airflow/example_dags/example_task_group_decorator.py
[2024-12-20T00:02:47.225+0000] {processor.py:830} INFO - Processing file /home/airflow/.local/lib/python3.11/site-packages/airflow/example_dags/example_task_group_decorator.py for tasks to queue
[2024-12-20T00:02:47.227+0000] {logging_mixin.py:188} INFO - [2024-12-20T00:02:47.227+0000] {dagbag.py:538} INFO - Filling up the DagBag from /home/airflow/.local/lib/python3.11/site-packages/airflow/example_dags/example_task_group_decorator.py
[2024-12-20T00:02:47.244+0000] {processor.py:840} INFO - DAG(s) 'example_task_group_decorator' retrieved from /home/airflow/.local/lib/python3.11/site-packages/airflow/example_dags/example_task_group_decorator.py
[2024-12-20T00:02:47.272+0000] {logging_mixin.py:188} INFO - [2024-12-20T00:02:47.272+0000] {dag.py:3036} INFO - Sync 1 DAGs
[2024-12-20T00:02:47.296+0000] {logging_mixin.py:188} INFO - [2024-12-20T00:02:47.296+0000] {dag.py:3823} INFO - Setting next_dagrun for example_task_group_decorator to 2024-12-19 00:00:00+00:00, run_after=2024-12-20 00:00:00+00:00
[2024-12-20T00:02:47.318+0000] {processor.py:183} INFO - Processing /home/airflow/.local/lib/python3.11/site-packages/airflow/example_dags/example_task_group_decorator.py took 0.098 seconds
[2024-12-20T00:03:17.826+0000] {processor.py:161} INFO - Started process (PID=2597) to work on /home/airflow/.local/lib/python3.11/site-packages/airflow/example_dags/example_task_group_decorator.py
[2024-12-20T00:03:17.827+0000] {processor.py:830} INFO - Processing file /home/airflow/.local/lib/python3.11/site-packages/airflow/example_dags/example_task_group_decorator.py for tasks to queue
[2024-12-20T00:03:17.829+0000] {logging_mixin.py:188} INFO - [2024-12-20T00:03:17.829+0000] {dagbag.py:538} INFO - Filling up the DagBag from /home/airflow/.local/lib/python3.11/site-packages/airflow/example_dags/example_task_group_decorator.py
[2024-12-20T00:03:17.848+0000] {processor.py:840} INFO - DAG(s) 'example_task_group_decorator' retrieved from /home/airflow/.local/lib/python3.11/site-packages/airflow/example_dags/example_task_group_decorator.py
[2024-12-20T00:03:17.876+0000] {logging_mixin.py:188} INFO - [2024-12-20T00:03:17.875+0000] {dag.py:3036} INFO - Sync 1 DAGs
[2024-12-20T00:03:17.899+0000] {logging_mixin.py:188} INFO - [2024-12-20T00:03:17.899+0000] {dag.py:3823} INFO - Setting next_dagrun for example_task_group_decorator to 2024-12-19 00:00:00+00:00, run_after=2024-12-20 00:00:00+00:00
[2024-12-20T00:03:17.920+0000] {processor.py:183} INFO - Processing /home/airflow/.local/lib/python3.11/site-packages/airflow/example_dags/example_task_group_decorator.py took 0.100 seconds
[2024-12-20T00:03:48.123+0000] {processor.py:161} INFO - Started process (PID=2669) to work on /home/airflow/.local/lib/python3.11/site-packages/airflow/example_dags/example_task_group_decorator.py
[2024-12-20T00:03:48.124+0000] {processor.py:830} INFO - Processing file /home/airflow/.local/lib/python3.11/site-packages/airflow/example_dags/example_task_group_decorator.py for tasks to queue
[2024-12-20T00:03:48.127+0000] {logging_mixin.py:188} INFO - [2024-12-20T00:03:48.126+0000] {dagbag.py:538} INFO - Filling up the DagBag from /home/airflow/.local/lib/python3.11/site-packages/airflow/example_dags/example_task_group_decorator.py
[2024-12-20T00:03:48.144+0000] {processor.py:840} INFO - DAG(s) 'example_task_group_decorator' retrieved from /home/airflow/.local/lib/python3.11/site-packages/airflow/example_dags/example_task_group_decorator.py
[2024-12-20T00:03:48.171+0000] {logging_mixin.py:188} INFO - [2024-12-20T00:03:48.171+0000] {dag.py:3036} INFO - Sync 1 DAGs
[2024-12-20T00:03:48.193+0000] {logging_mixin.py:188} INFO - [2024-12-20T00:03:48.192+0000] {dag.py:3823} INFO - Setting next_dagrun for example_task_group_decorator to 2024-12-19 00:00:00+00:00, run_after=2024-12-20 00:00:00+00:00
[2024-12-20T00:03:48.214+0000] {processor.py:183} INFO - Processing /home/airflow/.local/lib/python3.11/site-packages/airflow/example_dags/example_task_group_decorator.py took 0.095 seconds
[2024-12-20T00:04:18.319+0000] {processor.py:161} INFO - Started process (PID=2741) to work on /home/airflow/.local/lib/python3.11/site-packages/airflow/example_dags/example_task_group_decorator.py
[2024-12-20T00:04:18.321+0000] {processor.py:830} INFO - Processing file /home/airflow/.local/lib/python3.11/site-packages/airflow/example_dags/example_task_group_decorator.py for tasks to queue
[2024-12-20T00:04:18.323+0000] {logging_mixin.py:188} INFO - [2024-12-20T00:04:18.323+0000] {dagbag.py:538} INFO - Filling up the DagBag from /home/airflow/.local/lib/python3.11/site-packages/airflow/example_dags/example_task_group_decorator.py
[2024-12-20T00:04:18.340+0000] {processor.py:840} INFO - DAG(s) 'example_task_group_decorator' retrieved from /home/airflow/.local/lib/python3.11/site-packages/airflow/example_dags/example_task_group_decorator.py
[2024-12-20T00:04:18.368+0000] {logging_mixin.py:188} INFO - [2024-12-20T00:04:18.368+0000] {dag.py:3036} INFO - Sync 1 DAGs
[2024-12-20T00:04:18.391+0000] {logging_mixin.py:188} INFO - [2024-12-20T00:04:18.391+0000] {dag.py:3823} INFO - Setting next_dagrun for example_task_group_decorator to 2024-12-19 00:00:00+00:00, run_after=2024-12-20 00:00:00+00:00
[2024-12-20T00:04:18.419+0000] {processor.py:183} INFO - Processing /home/airflow/.local/lib/python3.11/site-packages/airflow/example_dags/example_task_group_decorator.py took 0.104 seconds
[2024-12-20T00:04:49.054+0000] {processor.py:161} INFO - Started process (PID=2820) to work on /home/airflow/.local/lib/python3.11/site-packages/airflow/example_dags/example_task_group_decorator.py
[2024-12-20T00:04:49.056+0000] {processor.py:830} INFO - Processing file /home/airflow/.local/lib/python3.11/site-packages/airflow/example_dags/example_task_group_decorator.py for tasks to queue
[2024-12-20T00:04:49.058+0000] {logging_mixin.py:188} INFO - [2024-12-20T00:04:49.058+0000] {dagbag.py:538} INFO - Filling up the DagBag from /home/airflow/.local/lib/python3.11/site-packages/airflow/example_dags/example_task_group_decorator.py
[2024-12-20T00:04:49.075+0000] {processor.py:840} INFO - DAG(s) 'example_task_group_decorator' retrieved from /home/airflow/.local/lib/python3.11/site-packages/airflow/example_dags/example_task_group_decorator.py
[2024-12-20T00:04:49.104+0000] {logging_mixin.py:188} INFO - [2024-12-20T00:04:49.104+0000] {dag.py:3036} INFO - Sync 1 DAGs
[2024-12-20T00:04:49.131+0000] {logging_mixin.py:188} INFO - [2024-12-20T00:04:49.131+0000] {dag.py:3823} INFO - Setting next_dagrun for example_task_group_decorator to 2024-12-19 00:00:00+00:00, run_after=2024-12-20 00:00:00+00:00
[2024-12-20T00:04:49.154+0000] {processor.py:183} INFO - Processing /home/airflow/.local/lib/python3.11/site-packages/airflow/example_dags/example_task_group_decorator.py took 0.103 seconds
[2024-12-20T00:05:20.276+0000] {processor.py:161} INFO - Started process (PID=2885) to work on /home/airflow/.local/lib/python3.11/site-packages/airflow/example_dags/example_task_group_decorator.py
[2024-12-20T00:05:20.277+0000] {processor.py:830} INFO - Processing file /home/airflow/.local/lib/python3.11/site-packages/airflow/example_dags/example_task_group_decorator.py for tasks to queue
[2024-12-20T00:05:20.280+0000] {logging_mixin.py:188} INFO - [2024-12-20T00:05:20.280+0000] {dagbag.py:538} INFO - Filling up the DagBag from /home/airflow/.local/lib/python3.11/site-packages/airflow/example_dags/example_task_group_decorator.py
[2024-12-20T00:05:20.298+0000] {processor.py:840} INFO - DAG(s) 'example_task_group_decorator' retrieved from /home/airflow/.local/lib/python3.11/site-packages/airflow/example_dags/example_task_group_decorator.py
[2024-12-20T00:05:20.328+0000] {logging_mixin.py:188} INFO - [2024-12-20T00:05:20.328+0000] {dag.py:3036} INFO - Sync 1 DAGs
[2024-12-20T00:05:20.358+0000] {logging_mixin.py:188} INFO - [2024-12-20T00:05:20.357+0000] {dag.py:3823} INFO - Setting next_dagrun for example_task_group_decorator to 2024-12-19 00:00:00+00:00, run_after=2024-12-20 00:00:00+00:00
[2024-12-20T00:05:20.389+0000] {processor.py:183} INFO - Processing /home/airflow/.local/lib/python3.11/site-packages/airflow/example_dags/example_task_group_decorator.py took 0.117 seconds
[2024-12-20T00:05:50.812+0000] {processor.py:161} INFO - Started process (PID=2955) to work on /home/airflow/.local/lib/python3.11/site-packages/airflow/example_dags/example_task_group_decorator.py
[2024-12-20T00:05:50.813+0000] {processor.py:830} INFO - Processing file /home/airflow/.local/lib/python3.11/site-packages/airflow/example_dags/example_task_group_decorator.py for tasks to queue
[2024-12-20T00:05:50.816+0000] {logging_mixin.py:188} INFO - [2024-12-20T00:05:50.815+0000] {dagbag.py:538} INFO - Filling up the DagBag from /home/airflow/.local/lib/python3.11/site-packages/airflow/example_dags/example_task_group_decorator.py
[2024-12-20T00:05:50.833+0000] {processor.py:840} INFO - DAG(s) 'example_task_group_decorator' retrieved from /home/airflow/.local/lib/python3.11/site-packages/airflow/example_dags/example_task_group_decorator.py
[2024-12-20T00:05:50.864+0000] {logging_mixin.py:188} INFO - [2024-12-20T00:05:50.864+0000] {dag.py:3036} INFO - Sync 1 DAGs
[2024-12-20T00:05:50.890+0000] {logging_mixin.py:188} INFO - [2024-12-20T00:05:50.890+0000] {dag.py:3823} INFO - Setting next_dagrun for example_task_group_decorator to 2024-12-19 00:00:00+00:00, run_after=2024-12-20 00:00:00+00:00
[2024-12-20T00:05:50.929+0000] {processor.py:183} INFO - Processing /home/airflow/.local/lib/python3.11/site-packages/airflow/example_dags/example_task_group_decorator.py took 0.121 seconds
[2024-12-20T00:06:21.324+0000] {processor.py:161} INFO - Started process (PID=3034) to work on /home/airflow/.local/lib/python3.11/site-packages/airflow/example_dags/example_task_group_decorator.py
[2024-12-20T00:06:21.325+0000] {processor.py:830} INFO - Processing file /home/airflow/.local/lib/python3.11/site-packages/airflow/example_dags/example_task_group_decorator.py for tasks to queue
[2024-12-20T00:06:21.327+0000] {logging_mixin.py:188} INFO - [2024-12-20T00:06:21.327+0000] {dagbag.py:538} INFO - Filling up the DagBag from /home/airflow/.local/lib/python3.11/site-packages/airflow/example_dags/example_task_group_decorator.py
[2024-12-20T00:06:21.344+0000] {processor.py:840} INFO - DAG(s) 'example_task_group_decorator' retrieved from /home/airflow/.local/lib/python3.11/site-packages/airflow/example_dags/example_task_group_decorator.py
[2024-12-20T00:06:21.371+0000] {logging_mixin.py:188} INFO - [2024-12-20T00:06:21.371+0000] {dag.py:3036} INFO - Sync 1 DAGs
[2024-12-20T00:06:21.398+0000] {logging_mixin.py:188} INFO - [2024-12-20T00:06:21.398+0000] {dag.py:3823} INFO - Setting next_dagrun for example_task_group_decorator to 2024-12-19 00:00:00+00:00, run_after=2024-12-20 00:00:00+00:00
[2024-12-20T00:06:21.420+0000] {processor.py:183} INFO - Processing /home/airflow/.local/lib/python3.11/site-packages/airflow/example_dags/example_task_group_decorator.py took 0.100 seconds
[2024-12-20T00:06:51.739+0000] {processor.py:161} INFO - Started process (PID=3106) to work on /home/airflow/.local/lib/python3.11/site-packages/airflow/example_dags/example_task_group_decorator.py
[2024-12-20T00:06:51.741+0000] {processor.py:830} INFO - Processing file /home/airflow/.local/lib/python3.11/site-packages/airflow/example_dags/example_task_group_decorator.py for tasks to queue
[2024-12-20T00:06:51.744+0000] {logging_mixin.py:188} INFO - [2024-12-20T00:06:51.743+0000] {dagbag.py:538} INFO - Filling up the DagBag from /home/airflow/.local/lib/python3.11/site-packages/airflow/example_dags/example_task_group_decorator.py
[2024-12-20T00:06:51.763+0000] {processor.py:840} INFO - DAG(s) 'example_task_group_decorator' retrieved from /home/airflow/.local/lib/python3.11/site-packages/airflow/example_dags/example_task_group_decorator.py
[2024-12-20T00:06:51.795+0000] {logging_mixin.py:188} INFO - [2024-12-20T00:06:51.795+0000] {dag.py:3036} INFO - Sync 1 DAGs
[2024-12-20T00:06:51.824+0000] {logging_mixin.py:188} INFO - [2024-12-20T00:06:51.824+0000] {dag.py:3823} INFO - Setting next_dagrun for example_task_group_decorator to 2024-12-19 00:00:00+00:00, run_after=2024-12-20 00:00:00+00:00
[2024-12-20T00:06:51.856+0000] {processor.py:183} INFO - Processing /home/airflow/.local/lib/python3.11/site-packages/airflow/example_dags/example_task_group_decorator.py took 0.120 seconds
[2024-12-20T00:07:22.627+0000] {processor.py:161} INFO - Started process (PID=3178) to work on /home/airflow/.local/lib/python3.11/site-packages/airflow/example_dags/example_task_group_decorator.py
[2024-12-20T00:07:22.628+0000] {processor.py:830} INFO - Processing file /home/airflow/.local/lib/python3.11/site-packages/airflow/example_dags/example_task_group_decorator.py for tasks to queue
[2024-12-20T00:07:22.630+0000] {logging_mixin.py:188} INFO - [2024-12-20T00:07:22.630+0000] {dagbag.py:538} INFO - Filling up the DagBag from /home/airflow/.local/lib/python3.11/site-packages/airflow/example_dags/example_task_group_decorator.py
[2024-12-20T00:07:22.646+0000] {processor.py:840} INFO - DAG(s) 'example_task_group_decorator' retrieved from /home/airflow/.local/lib/python3.11/site-packages/airflow/example_dags/example_task_group_decorator.py
[2024-12-20T00:07:22.672+0000] {logging_mixin.py:188} INFO - [2024-12-20T00:07:22.672+0000] {dag.py:3036} INFO - Sync 1 DAGs
[2024-12-20T00:07:22.695+0000] {logging_mixin.py:188} INFO - [2024-12-20T00:07:22.695+0000] {dag.py:3823} INFO - Setting next_dagrun for example_task_group_decorator to 2024-12-19 00:00:00+00:00, run_after=2024-12-20 00:00:00+00:00
[2024-12-20T00:07:22.716+0000] {processor.py:183} INFO - Processing /home/airflow/.local/lib/python3.11/site-packages/airflow/example_dags/example_task_group_decorator.py took 0.093 seconds
[2024-12-20T00:07:53.315+0000] {processor.py:161} INFO - Started process (PID=3257) to work on /home/airflow/.local/lib/python3.11/site-packages/airflow/example_dags/example_task_group_decorator.py
[2024-12-20T00:07:53.316+0000] {processor.py:830} INFO - Processing file /home/airflow/.local/lib/python3.11/site-packages/airflow/example_dags/example_task_group_decorator.py for tasks to queue
[2024-12-20T00:07:53.319+0000] {logging_mixin.py:188} INFO - [2024-12-20T00:07:53.318+0000] {dagbag.py:538} INFO - Filling up the DagBag from /home/airflow/.local/lib/python3.11/site-packages/airflow/example_dags/example_task_group_decorator.py
[2024-12-20T00:07:53.336+0000] {processor.py:840} INFO - DAG(s) 'example_task_group_decorator' retrieved from /home/airflow/.local/lib/python3.11/site-packages/airflow/example_dags/example_task_group_decorator.py
[2024-12-20T00:07:53.363+0000] {logging_mixin.py:188} INFO - [2024-12-20T00:07:53.363+0000] {dag.py:3036} INFO - Sync 1 DAGs
[2024-12-20T00:07:53.386+0000] {logging_mixin.py:188} INFO - [2024-12-20T00:07:53.386+0000] {dag.py:3823} INFO - Setting next_dagrun for example_task_group_decorator to 2024-12-19 00:00:00+00:00, run_after=2024-12-20 00:00:00+00:00
[2024-12-20T00:07:53.408+0000] {processor.py:183} INFO - Processing /home/airflow/.local/lib/python3.11/site-packages/airflow/example_dags/example_task_group_decorator.py took 0.097 seconds
[2024-12-20T00:08:24.037+0000] {processor.py:161} INFO - Started process (PID=3329) to work on /home/airflow/.local/lib/python3.11/site-packages/airflow/example_dags/example_task_group_decorator.py
[2024-12-20T00:08:24.038+0000] {processor.py:830} INFO - Processing file /home/airflow/.local/lib/python3.11/site-packages/airflow/example_dags/example_task_group_decorator.py for tasks to queue
[2024-12-20T00:08:24.041+0000] {logging_mixin.py:188} INFO - [2024-12-20T00:08:24.040+0000] {dagbag.py:538} INFO - Filling up the DagBag from /home/airflow/.local/lib/python3.11/site-packages/airflow/example_dags/example_task_group_decorator.py
[2024-12-20T00:08:24.057+0000] {processor.py:840} INFO - DAG(s) 'example_task_group_decorator' retrieved from /home/airflow/.local/lib/python3.11/site-packages/airflow/example_dags/example_task_group_decorator.py
[2024-12-20T00:08:24.082+0000] {logging_mixin.py:188} INFO - [2024-12-20T00:08:24.082+0000] {dag.py:3036} INFO - Sync 1 DAGs
[2024-12-20T00:08:24.104+0000] {logging_mixin.py:188} INFO - [2024-12-20T00:08:24.104+0000] {dag.py:3823} INFO - Setting next_dagrun for example_task_group_decorator to 2024-12-19 00:00:00+00:00, run_after=2024-12-20 00:00:00+00:00
[2024-12-20T00:08:24.125+0000] {processor.py:183} INFO - Processing /home/airflow/.local/lib/python3.11/site-packages/airflow/example_dags/example_task_group_decorator.py took 0.091 seconds
[2024-12-20T00:08:54.460+0000] {processor.py:161} INFO - Started process (PID=3402) to work on /home/airflow/.local/lib/python3.11/site-packages/airflow/example_dags/example_task_group_decorator.py
[2024-12-20T00:08:54.462+0000] {processor.py:830} INFO - Processing file /home/airflow/.local/lib/python3.11/site-packages/airflow/example_dags/example_task_group_decorator.py for tasks to queue
[2024-12-20T00:08:54.465+0000] {logging_mixin.py:188} INFO - [2024-12-20T00:08:54.465+0000] {dagbag.py:538} INFO - Filling up the DagBag from /home/airflow/.local/lib/python3.11/site-packages/airflow/example_dags/example_task_group_decorator.py
[2024-12-20T00:08:54.490+0000] {processor.py:840} INFO - DAG(s) 'example_task_group_decorator' retrieved from /home/airflow/.local/lib/python3.11/site-packages/airflow/example_dags/example_task_group_decorator.py
[2024-12-20T00:08:54.518+0000] {logging_mixin.py:188} INFO - [2024-12-20T00:08:54.518+0000] {dag.py:3036} INFO - Sync 1 DAGs
[2024-12-20T00:08:54.541+0000] {logging_mixin.py:188} INFO - [2024-12-20T00:08:54.541+0000] {dag.py:3823} INFO - Setting next_dagrun for example_task_group_decorator to 2024-12-19 00:00:00+00:00, run_after=2024-12-20 00:00:00+00:00
[2024-12-20T00:08:54.561+0000] {processor.py:183} INFO - Processing /home/airflow/.local/lib/python3.11/site-packages/airflow/example_dags/example_task_group_decorator.py took 0.106 seconds
[2024-12-20T00:09:25.183+0000] {processor.py:161} INFO - Started process (PID=3481) to work on /home/airflow/.local/lib/python3.11/site-packages/airflow/example_dags/example_task_group_decorator.py
[2024-12-20T00:09:25.184+0000] {processor.py:830} INFO - Processing file /home/airflow/.local/lib/python3.11/site-packages/airflow/example_dags/example_task_group_decorator.py for tasks to queue
[2024-12-20T00:09:25.187+0000] {logging_mixin.py:188} INFO - [2024-12-20T00:09:25.186+0000] {dagbag.py:538} INFO - Filling up the DagBag from /home/airflow/.local/lib/python3.11/site-packages/airflow/example_dags/example_task_group_decorator.py
[2024-12-20T00:09:25.211+0000] {processor.py:840} INFO - DAG(s) 'example_task_group_decorator' retrieved from /home/airflow/.local/lib/python3.11/site-packages/airflow/example_dags/example_task_group_decorator.py
[2024-12-20T00:09:25.242+0000] {logging_mixin.py:188} INFO - [2024-12-20T00:09:25.241+0000] {dag.py:3036} INFO - Sync 1 DAGs
[2024-12-20T00:09:25.268+0000] {logging_mixin.py:188} INFO - [2024-12-20T00:09:25.268+0000] {dag.py:3823} INFO - Setting next_dagrun for example_task_group_decorator to 2024-12-19 00:00:00+00:00, run_after=2024-12-20 00:00:00+00:00
[2024-12-20T00:09:25.292+0000] {processor.py:183} INFO - Processing /home/airflow/.local/lib/python3.11/site-packages/airflow/example_dags/example_task_group_decorator.py took 0.114 seconds
[2024-12-20T00:09:55.841+0000] {processor.py:161} INFO - Started process (PID=3553) to work on /home/airflow/.local/lib/python3.11/site-packages/airflow/example_dags/example_task_group_decorator.py
[2024-12-20T00:09:55.843+0000] {processor.py:830} INFO - Processing file /home/airflow/.local/lib/python3.11/site-packages/airflow/example_dags/example_task_group_decorator.py for tasks to queue
[2024-12-20T00:09:55.845+0000] {logging_mixin.py:188} INFO - [2024-12-20T00:09:55.844+0000] {dagbag.py:538} INFO - Filling up the DagBag from /home/airflow/.local/lib/python3.11/site-packages/airflow/example_dags/example_task_group_decorator.py
[2024-12-20T00:09:55.859+0000] {processor.py:840} INFO - DAG(s) 'example_task_group_decorator' retrieved from /home/airflow/.local/lib/python3.11/site-packages/airflow/example_dags/example_task_group_decorator.py
[2024-12-20T00:09:55.897+0000] {logging_mixin.py:188} INFO - [2024-12-20T00:09:55.896+0000] {dag.py:3036} INFO - Sync 1 DAGs
[2024-12-20T00:09:55.929+0000] {logging_mixin.py:188} INFO - [2024-12-20T00:09:55.928+0000] {dag.py:3823} INFO - Setting next_dagrun for example_task_group_decorator to 2024-12-19 00:00:00+00:00, run_after=2024-12-20 00:00:00+00:00
[2024-12-20T00:09:55.961+0000] {processor.py:183} INFO - Processing /home/airflow/.local/lib/python3.11/site-packages/airflow/example_dags/example_task_group_decorator.py took 0.123 seconds
[2024-12-20T00:10:26.980+0000] {processor.py:161} INFO - Started process (PID=3617) to work on /home/airflow/.local/lib/python3.11/site-packages/airflow/example_dags/example_task_group_decorator.py
[2024-12-20T00:10:26.981+0000] {processor.py:830} INFO - Processing file /home/airflow/.local/lib/python3.11/site-packages/airflow/example_dags/example_task_group_decorator.py for tasks to queue
[2024-12-20T00:10:26.984+0000] {logging_mixin.py:188} INFO - [2024-12-20T00:10:26.983+0000] {dagbag.py:538} INFO - Filling up the DagBag from /home/airflow/.local/lib/python3.11/site-packages/airflow/example_dags/example_task_group_decorator.py
[2024-12-20T00:10:27.000+0000] {processor.py:840} INFO - DAG(s) 'example_task_group_decorator' retrieved from /home/airflow/.local/lib/python3.11/site-packages/airflow/example_dags/example_task_group_decorator.py
[2024-12-20T00:10:27.032+0000] {logging_mixin.py:188} INFO - [2024-12-20T00:10:27.031+0000] {dag.py:3036} INFO - Sync 1 DAGs
[2024-12-20T00:10:27.056+0000] {logging_mixin.py:188} INFO - [2024-12-20T00:10:27.056+0000] {dag.py:3823} INFO - Setting next_dagrun for example_task_group_decorator to 2024-12-19 00:00:00+00:00, run_after=2024-12-20 00:00:00+00:00
[2024-12-20T00:10:27.090+0000] {processor.py:183} INFO - Processing /home/airflow/.local/lib/python3.11/site-packages/airflow/example_dags/example_task_group_decorator.py took 0.115 seconds
[2024-12-20T00:10:58.082+0000] {processor.py:161} INFO - Started process (PID=3695) to work on /home/airflow/.local/lib/python3.11/site-packages/airflow/example_dags/example_task_group_decorator.py
[2024-12-20T00:10:58.083+0000] {processor.py:830} INFO - Processing file /home/airflow/.local/lib/python3.11/site-packages/airflow/example_dags/example_task_group_decorator.py for tasks to queue
[2024-12-20T00:10:58.086+0000] {logging_mixin.py:188} INFO - [2024-12-20T00:10:58.086+0000] {dagbag.py:538} INFO - Filling up the DagBag from /home/airflow/.local/lib/python3.11/site-packages/airflow/example_dags/example_task_group_decorator.py
[2024-12-20T00:10:58.104+0000] {processor.py:840} INFO - DAG(s) 'example_task_group_decorator' retrieved from /home/airflow/.local/lib/python3.11/site-packages/airflow/example_dags/example_task_group_decorator.py
[2024-12-20T00:10:58.132+0000] {logging_mixin.py:188} INFO - [2024-12-20T00:10:58.132+0000] {dag.py:3036} INFO - Sync 1 DAGs
[2024-12-20T00:10:58.155+0000] {logging_mixin.py:188} INFO - [2024-12-20T00:10:58.155+0000] {dag.py:3823} INFO - Setting next_dagrun for example_task_group_decorator to 2024-12-19 00:00:00+00:00, run_after=2024-12-20 00:00:00+00:00
[2024-12-20T00:10:58.179+0000] {processor.py:183} INFO - Processing /home/airflow/.local/lib/python3.11/site-packages/airflow/example_dags/example_task_group_decorator.py took 0.100 seconds
[2024-12-20T00:11:28.644+0000] {processor.py:161} INFO - Started process (PID=3767) to work on /home/airflow/.local/lib/python3.11/site-packages/airflow/example_dags/example_task_group_decorator.py
[2024-12-20T00:11:28.645+0000] {processor.py:830} INFO - Processing file /home/airflow/.local/lib/python3.11/site-packages/airflow/example_dags/example_task_group_decorator.py for tasks to queue
[2024-12-20T00:11:28.648+0000] {logging_mixin.py:188} INFO - [2024-12-20T00:11:28.648+0000] {dagbag.py:538} INFO - Filling up the DagBag from /home/airflow/.local/lib/python3.11/site-packages/airflow/example_dags/example_task_group_decorator.py
[2024-12-20T00:11:28.666+0000] {processor.py:840} INFO - DAG(s) 'example_task_group_decorator' retrieved from /home/airflow/.local/lib/python3.11/site-packages/airflow/example_dags/example_task_group_decorator.py
[2024-12-20T00:11:28.694+0000] {logging_mixin.py:188} INFO - [2024-12-20T00:11:28.694+0000] {dag.py:3036} INFO - Sync 1 DAGs
[2024-12-20T00:11:28.717+0000] {logging_mixin.py:188} INFO - [2024-12-20T00:11:28.717+0000] {dag.py:3823} INFO - Setting next_dagrun for example_task_group_decorator to 2024-12-19 00:00:00+00:00, run_after=2024-12-20 00:00:00+00:00
[2024-12-20T00:11:28.739+0000] {processor.py:183} INFO - Processing /home/airflow/.local/lib/python3.11/site-packages/airflow/example_dags/example_task_group_decorator.py took 0.100 seconds
[2024-12-20T00:11:58.997+0000] {processor.py:161} INFO - Started process (PID=3839) to work on /home/airflow/.local/lib/python3.11/site-packages/airflow/example_dags/example_task_group_decorator.py
[2024-12-20T00:11:58.998+0000] {processor.py:830} INFO - Processing file /home/airflow/.local/lib/python3.11/site-packages/airflow/example_dags/example_task_group_decorator.py for tasks to queue
[2024-12-20T00:11:59.000+0000] {logging_mixin.py:188} INFO - [2024-12-20T00:11:59.000+0000] {dagbag.py:538} INFO - Filling up the DagBag from /home/airflow/.local/lib/python3.11/site-packages/airflow/example_dags/example_task_group_decorator.py
[2024-12-20T00:11:59.017+0000] {processor.py:840} INFO - DAG(s) 'example_task_group_decorator' retrieved from /home/airflow/.local/lib/python3.11/site-packages/airflow/example_dags/example_task_group_decorator.py
[2024-12-20T00:11:59.044+0000] {logging_mixin.py:188} INFO - [2024-12-20T00:11:59.044+0000] {dag.py:3036} INFO - Sync 1 DAGs
[2024-12-20T00:11:59.067+0000] {logging_mixin.py:188} INFO - [2024-12-20T00:11:59.067+0000] {dag.py:3823} INFO - Setting next_dagrun for example_task_group_decorator to 2024-12-19 00:00:00+00:00, run_after=2024-12-20 00:00:00+00:00
[2024-12-20T00:11:59.088+0000] {processor.py:183} INFO - Processing /home/airflow/.local/lib/python3.11/site-packages/airflow/example_dags/example_task_group_decorator.py took 0.095 seconds
[2024-12-20T00:12:29.307+0000] {processor.py:161} INFO - Started process (PID=3918) to work on /home/airflow/.local/lib/python3.11/site-packages/airflow/example_dags/example_task_group_decorator.py
[2024-12-20T00:12:29.308+0000] {processor.py:830} INFO - Processing file /home/airflow/.local/lib/python3.11/site-packages/airflow/example_dags/example_task_group_decorator.py for tasks to queue
[2024-12-20T00:12:29.311+0000] {logging_mixin.py:188} INFO - [2024-12-20T00:12:29.311+0000] {dagbag.py:538} INFO - Filling up the DagBag from /home/airflow/.local/lib/python3.11/site-packages/airflow/example_dags/example_task_group_decorator.py
[2024-12-20T00:12:29.331+0000] {processor.py:840} INFO - DAG(s) 'example_task_group_decorator' retrieved from /home/airflow/.local/lib/python3.11/site-packages/airflow/example_dags/example_task_group_decorator.py
[2024-12-20T00:12:29.361+0000] {logging_mixin.py:188} INFO - [2024-12-20T00:12:29.361+0000] {dag.py:3036} INFO - Sync 1 DAGs
[2024-12-20T00:12:29.384+0000] {logging_mixin.py:188} INFO - [2024-12-20T00:12:29.384+0000] {dag.py:3823} INFO - Setting next_dagrun for example_task_group_decorator to 2024-12-19 00:00:00+00:00, run_after=2024-12-20 00:00:00+00:00
[2024-12-20T00:12:29.405+0000] {processor.py:183} INFO - Processing /home/airflow/.local/lib/python3.11/site-packages/airflow/example_dags/example_task_group_decorator.py took 0.102 seconds
[2024-12-20T09:17:23.973+0000] {processor.py:161} INFO - Started process (PID=3988) to work on /home/airflow/.local/lib/python3.11/site-packages/airflow/example_dags/example_task_group_decorator.py
[2024-12-20T09:17:23.984+0000] {processor.py:830} INFO - Processing file /home/airflow/.local/lib/python3.11/site-packages/airflow/example_dags/example_task_group_decorator.py for tasks to queue
[2024-12-20T09:17:23.991+0000] {logging_mixin.py:188} INFO - [2024-12-20T09:17:23.991+0000] {dagbag.py:538} INFO - Filling up the DagBag from /home/airflow/.local/lib/python3.11/site-packages/airflow/example_dags/example_task_group_decorator.py
[2024-12-20T09:17:24.051+0000] {processor.py:840} INFO - DAG(s) 'example_task_group_decorator' retrieved from /home/airflow/.local/lib/python3.11/site-packages/airflow/example_dags/example_task_group_decorator.py
[2024-12-20T09:17:24.354+0000] {logging_mixin.py:188} INFO - [2024-12-20T09:17:24.353+0000] {dag.py:3036} INFO - Sync 1 DAGs
[2024-12-20T09:17:24.682+0000] {logging_mixin.py:188} INFO - [2024-12-20T09:17:24.681+0000] {dag.py:3823} INFO - Setting next_dagrun for example_task_group_decorator to 2024-12-19 00:00:00+00:00, run_after=2024-12-20 00:00:00+00:00
[2024-12-20T09:17:24.879+0000] {processor.py:183} INFO - Processing /home/airflow/.local/lib/python3.11/site-packages/airflow/example_dags/example_task_group_decorator.py took 0.911 seconds
[2024-12-20T09:17:55.234+0000] {processor.py:161} INFO - Started process (PID=4060) to work on /home/airflow/.local/lib/python3.11/site-packages/airflow/example_dags/example_task_group_decorator.py
[2024-12-20T09:17:55.240+0000] {processor.py:830} INFO - Processing file /home/airflow/.local/lib/python3.11/site-packages/airflow/example_dags/example_task_group_decorator.py for tasks to queue
[2024-12-20T09:17:55.242+0000] {logging_mixin.py:188} INFO - [2024-12-20T09:17:55.241+0000] {dagbag.py:538} INFO - Filling up the DagBag from /home/airflow/.local/lib/python3.11/site-packages/airflow/example_dags/example_task_group_decorator.py
[2024-12-20T09:17:55.275+0000] {processor.py:840} INFO - DAG(s) 'example_task_group_decorator' retrieved from /home/airflow/.local/lib/python3.11/site-packages/airflow/example_dags/example_task_group_decorator.py
[2024-12-20T09:17:55.314+0000] {logging_mixin.py:188} INFO - [2024-12-20T09:17:55.314+0000] {dag.py:3036} INFO - Sync 1 DAGs
[2024-12-20T09:17:55.344+0000] {logging_mixin.py:188} INFO - [2024-12-20T09:17:55.344+0000] {dag.py:3823} INFO - Setting next_dagrun for example_task_group_decorator to 2024-12-19 00:00:00+00:00, run_after=2024-12-20 00:00:00+00:00
[2024-12-20T09:17:55.369+0000] {processor.py:183} INFO - Processing /home/airflow/.local/lib/python3.11/site-packages/airflow/example_dags/example_task_group_decorator.py took 0.141 seconds
[2024-12-20T09:18:25.525+0000] {processor.py:161} INFO - Started process (PID=4131) to work on /home/airflow/.local/lib/python3.11/site-packages/airflow/example_dags/example_task_group_decorator.py
[2024-12-20T09:18:25.526+0000] {processor.py:830} INFO - Processing file /home/airflow/.local/lib/python3.11/site-packages/airflow/example_dags/example_task_group_decorator.py for tasks to queue
[2024-12-20T09:18:25.527+0000] {logging_mixin.py:188} INFO - [2024-12-20T09:18:25.527+0000] {dagbag.py:538} INFO - Filling up the DagBag from /home/airflow/.local/lib/python3.11/site-packages/airflow/example_dags/example_task_group_decorator.py
[2024-12-20T09:18:25.544+0000] {processor.py:840} INFO - DAG(s) 'example_task_group_decorator' retrieved from /home/airflow/.local/lib/python3.11/site-packages/airflow/example_dags/example_task_group_decorator.py
[2024-12-20T09:18:25.571+0000] {logging_mixin.py:188} INFO - [2024-12-20T09:18:25.571+0000] {dag.py:3036} INFO - Sync 1 DAGs
[2024-12-20T09:18:25.592+0000] {logging_mixin.py:188} INFO - [2024-12-20T09:18:25.592+0000] {dag.py:3823} INFO - Setting next_dagrun for example_task_group_decorator to 2024-12-19 00:00:00+00:00, run_after=2024-12-20 00:00:00+00:00
[2024-12-20T09:18:25.611+0000] {processor.py:183} INFO - Processing /home/airflow/.local/lib/python3.11/site-packages/airflow/example_dags/example_task_group_decorator.py took 0.091 seconds
[2024-12-20T09:18:56.079+0000] {processor.py:161} INFO - Started process (PID=4202) to work on /home/airflow/.local/lib/python3.11/site-packages/airflow/example_dags/example_task_group_decorator.py
[2024-12-20T09:18:56.080+0000] {processor.py:830} INFO - Processing file /home/airflow/.local/lib/python3.11/site-packages/airflow/example_dags/example_task_group_decorator.py for tasks to queue
[2024-12-20T09:18:56.081+0000] {logging_mixin.py:188} INFO - [2024-12-20T09:18:56.081+0000] {dagbag.py:538} INFO - Filling up the DagBag from /home/airflow/.local/lib/python3.11/site-packages/airflow/example_dags/example_task_group_decorator.py
[2024-12-20T09:18:56.102+0000] {processor.py:840} INFO - DAG(s) 'example_task_group_decorator' retrieved from /home/airflow/.local/lib/python3.11/site-packages/airflow/example_dags/example_task_group_decorator.py
[2024-12-20T09:18:56.135+0000] {logging_mixin.py:188} INFO - [2024-12-20T09:18:56.135+0000] {dag.py:3036} INFO - Sync 1 DAGs
[2024-12-20T09:18:56.164+0000] {logging_mixin.py:188} INFO - [2024-12-20T09:18:56.163+0000] {dag.py:3823} INFO - Setting next_dagrun for example_task_group_decorator to 2024-12-19 00:00:00+00:00, run_after=2024-12-20 00:00:00+00:00
[2024-12-20T09:18:56.190+0000] {processor.py:183} INFO - Processing /home/airflow/.local/lib/python3.11/site-packages/airflow/example_dags/example_task_group_decorator.py took 0.115 seconds
[2024-12-20T09:19:26.438+0000] {processor.py:161} INFO - Started process (PID=4278) to work on /home/airflow/.local/lib/python3.11/site-packages/airflow/example_dags/example_task_group_decorator.py
[2024-12-20T09:19:26.439+0000] {processor.py:830} INFO - Processing file /home/airflow/.local/lib/python3.11/site-packages/airflow/example_dags/example_task_group_decorator.py for tasks to queue
[2024-12-20T09:19:26.441+0000] {logging_mixin.py:188} INFO - [2024-12-20T09:19:26.440+0000] {dagbag.py:538} INFO - Filling up the DagBag from /home/airflow/.local/lib/python3.11/site-packages/airflow/example_dags/example_task_group_decorator.py
[2024-12-20T09:19:26.475+0000] {processor.py:840} INFO - DAG(s) 'example_task_group_decorator' retrieved from /home/airflow/.local/lib/python3.11/site-packages/airflow/example_dags/example_task_group_decorator.py
[2024-12-20T09:19:26.523+0000] {logging_mixin.py:188} INFO - [2024-12-20T09:19:26.522+0000] {dag.py:3036} INFO - Sync 1 DAGs
[2024-12-20T09:19:26.607+0000] {logging_mixin.py:188} INFO - [2024-12-20T09:19:26.607+0000] {dag.py:3823} INFO - Setting next_dagrun for example_task_group_decorator to 2024-12-19 00:00:00+00:00, run_after=2024-12-20 00:00:00+00:00
[2024-12-20T09:19:26.715+0000] {processor.py:183} INFO - Processing /home/airflow/.local/lib/python3.11/site-packages/airflow/example_dags/example_task_group_decorator.py took 0.287 seconds
[2024-12-20T09:19:57.335+0000] {processor.py:161} INFO - Started process (PID=4341) to work on /home/airflow/.local/lib/python3.11/site-packages/airflow/example_dags/example_task_group_decorator.py
[2024-12-20T09:19:57.337+0000] {processor.py:830} INFO - Processing file /home/airflow/.local/lib/python3.11/site-packages/airflow/example_dags/example_task_group_decorator.py for tasks to queue
[2024-12-20T09:19:57.340+0000] {logging_mixin.py:188} INFO - [2024-12-20T09:19:57.339+0000] {dagbag.py:538} INFO - Filling up the DagBag from /home/airflow/.local/lib/python3.11/site-packages/airflow/example_dags/example_task_group_decorator.py
[2024-12-20T09:19:57.387+0000] {processor.py:840} INFO - DAG(s) 'example_task_group_decorator' retrieved from /home/airflow/.local/lib/python3.11/site-packages/airflow/example_dags/example_task_group_decorator.py
[2024-12-20T09:19:57.444+0000] {logging_mixin.py:188} INFO - [2024-12-20T09:19:57.444+0000] {dag.py:3036} INFO - Sync 1 DAGs
[2024-12-20T09:19:57.493+0000] {logging_mixin.py:188} INFO - [2024-12-20T09:19:57.492+0000] {dag.py:3823} INFO - Setting next_dagrun for example_task_group_decorator to 2024-12-19 00:00:00+00:00, run_after=2024-12-20 00:00:00+00:00
[2024-12-20T09:19:57.538+0000] {processor.py:183} INFO - Processing /home/airflow/.local/lib/python3.11/site-packages/airflow/example_dags/example_task_group_decorator.py took 0.210 seconds
[2024-12-20T09:20:27.895+0000] {processor.py:161} INFO - Started process (PID=4412) to work on /home/airflow/.local/lib/python3.11/site-packages/airflow/example_dags/example_task_group_decorator.py
[2024-12-20T09:20:27.897+0000] {processor.py:830} INFO - Processing file /home/airflow/.local/lib/python3.11/site-packages/airflow/example_dags/example_task_group_decorator.py for tasks to queue
[2024-12-20T09:20:27.899+0000] {logging_mixin.py:188} INFO - [2024-12-20T09:20:27.899+0000] {dagbag.py:538} INFO - Filling up the DagBag from /home/airflow/.local/lib/python3.11/site-packages/airflow/example_dags/example_task_group_decorator.py
[2024-12-20T09:20:27.974+0000] {processor.py:840} INFO - DAG(s) 'example_task_group_decorator' retrieved from /home/airflow/.local/lib/python3.11/site-packages/airflow/example_dags/example_task_group_decorator.py
[2024-12-20T09:20:28.097+0000] {logging_mixin.py:188} INFO - [2024-12-20T09:20:28.096+0000] {dag.py:3036} INFO - Sync 1 DAGs
[2024-12-20T09:20:28.194+0000] {logging_mixin.py:188} INFO - [2024-12-20T09:20:28.194+0000] {dag.py:3823} INFO - Setting next_dagrun for example_task_group_decorator to 2024-12-19 00:00:00+00:00, run_after=2024-12-20 00:00:00+00:00
[2024-12-20T09:20:28.323+0000] {processor.py:183} INFO - Processing /home/airflow/.local/lib/python3.11/site-packages/airflow/example_dags/example_task_group_decorator.py took 0.448 seconds
[2024-12-20T09:20:59.048+0000] {processor.py:161} INFO - Started process (PID=4477) to work on /home/airflow/.local/lib/python3.11/site-packages/airflow/example_dags/example_task_group_decorator.py
[2024-12-20T09:20:59.050+0000] {processor.py:830} INFO - Processing file /home/airflow/.local/lib/python3.11/site-packages/airflow/example_dags/example_task_group_decorator.py for tasks to queue
[2024-12-20T09:20:59.053+0000] {logging_mixin.py:188} INFO - [2024-12-20T09:20:59.052+0000] {dagbag.py:538} INFO - Filling up the DagBag from /home/airflow/.local/lib/python3.11/site-packages/airflow/example_dags/example_task_group_decorator.py
[2024-12-20T09:20:59.094+0000] {processor.py:840} INFO - DAG(s) 'example_task_group_decorator' retrieved from /home/airflow/.local/lib/python3.11/site-packages/airflow/example_dags/example_task_group_decorator.py
[2024-12-20T09:20:59.147+0000] {logging_mixin.py:188} INFO - [2024-12-20T09:20:59.147+0000] {dag.py:3036} INFO - Sync 1 DAGs
[2024-12-20T09:20:59.194+0000] {logging_mixin.py:188} INFO - [2024-12-20T09:20:59.194+0000] {dag.py:3823} INFO - Setting next_dagrun for example_task_group_decorator to 2024-12-19 00:00:00+00:00, run_after=2024-12-20 00:00:00+00:00
[2024-12-20T09:20:59.237+0000] {processor.py:183} INFO - Processing /home/airflow/.local/lib/python3.11/site-packages/airflow/example_dags/example_task_group_decorator.py took 0.196 seconds
[2024-12-20T09:21:30.046+0000] {processor.py:161} INFO - Started process (PID=4552) to work on /home/airflow/.local/lib/python3.11/site-packages/airflow/example_dags/example_task_group_decorator.py
[2024-12-20T09:21:30.054+0000] {processor.py:830} INFO - Processing file /home/airflow/.local/lib/python3.11/site-packages/airflow/example_dags/example_task_group_decorator.py for tasks to queue
[2024-12-20T09:21:30.055+0000] {logging_mixin.py:188} INFO - [2024-12-20T09:21:30.055+0000] {dagbag.py:538} INFO - Filling up the DagBag from /home/airflow/.local/lib/python3.11/site-packages/airflow/example_dags/example_task_group_decorator.py
[2024-12-20T09:21:30.086+0000] {processor.py:840} INFO - DAG(s) 'example_task_group_decorator' retrieved from /home/airflow/.local/lib/python3.11/site-packages/airflow/example_dags/example_task_group_decorator.py
[2024-12-20T09:21:30.142+0000] {logging_mixin.py:188} INFO - [2024-12-20T09:21:30.142+0000] {dag.py:3036} INFO - Sync 1 DAGs
[2024-12-20T09:21:30.195+0000] {logging_mixin.py:188} INFO - [2024-12-20T09:21:30.194+0000] {dag.py:3823} INFO - Setting next_dagrun for example_task_group_decorator to 2024-12-19 00:00:00+00:00, run_after=2024-12-20 00:00:00+00:00
[2024-12-20T09:21:30.276+0000] {processor.py:183} INFO - Processing /home/airflow/.local/lib/python3.11/site-packages/airflow/example_dags/example_task_group_decorator.py took 0.235 seconds
[2024-12-20T09:22:01.177+0000] {processor.py:161} INFO - Started process (PID=4616) to work on /home/airflow/.local/lib/python3.11/site-packages/airflow/example_dags/example_task_group_decorator.py
[2024-12-20T09:22:01.183+0000] {processor.py:830} INFO - Processing file /home/airflow/.local/lib/python3.11/site-packages/airflow/example_dags/example_task_group_decorator.py for tasks to queue
[2024-12-20T09:22:01.185+0000] {logging_mixin.py:188} INFO - [2024-12-20T09:22:01.185+0000] {dagbag.py:538} INFO - Filling up the DagBag from /home/airflow/.local/lib/python3.11/site-packages/airflow/example_dags/example_task_group_decorator.py
[2024-12-20T09:22:01.258+0000] {processor.py:840} INFO - DAG(s) 'example_task_group_decorator' retrieved from /home/airflow/.local/lib/python3.11/site-packages/airflow/example_dags/example_task_group_decorator.py
[2024-12-20T09:22:01.337+0000] {logging_mixin.py:188} INFO - [2024-12-20T09:22:01.337+0000] {dag.py:3036} INFO - Sync 1 DAGs
[2024-12-20T09:22:01.388+0000] {logging_mixin.py:188} INFO - [2024-12-20T09:22:01.387+0000] {dag.py:3823} INFO - Setting next_dagrun for example_task_group_decorator to 2024-12-19 00:00:00+00:00, run_after=2024-12-20 00:00:00+00:00
[2024-12-20T09:22:01.452+0000] {processor.py:183} INFO - Processing /home/airflow/.local/lib/python3.11/site-packages/airflow/example_dags/example_task_group_decorator.py took 0.282 seconds
[2024-12-20T09:22:32.160+0000] {processor.py:161} INFO - Started process (PID=4687) to work on /home/airflow/.local/lib/python3.11/site-packages/airflow/example_dags/example_task_group_decorator.py
[2024-12-20T09:22:32.170+0000] {processor.py:830} INFO - Processing file /home/airflow/.local/lib/python3.11/site-packages/airflow/example_dags/example_task_group_decorator.py for tasks to queue
[2024-12-20T09:22:32.180+0000] {logging_mixin.py:188} INFO - [2024-12-20T09:22:32.180+0000] {dagbag.py:538} INFO - Filling up the DagBag from /home/airflow/.local/lib/python3.11/site-packages/airflow/example_dags/example_task_group_decorator.py
[2024-12-20T09:22:32.232+0000] {processor.py:840} INFO - DAG(s) 'example_task_group_decorator' retrieved from /home/airflow/.local/lib/python3.11/site-packages/airflow/example_dags/example_task_group_decorator.py
[2024-12-20T09:22:32.430+0000] {logging_mixin.py:188} INFO - [2024-12-20T09:22:32.430+0000] {dag.py:3036} INFO - Sync 1 DAGs
[2024-12-20T09:22:32.512+0000] {logging_mixin.py:188} INFO - [2024-12-20T09:22:32.511+0000] {dag.py:3823} INFO - Setting next_dagrun for example_task_group_decorator to 2024-12-19 00:00:00+00:00, run_after=2024-12-20 00:00:00+00:00
[2024-12-20T09:22:32.582+0000] {processor.py:183} INFO - Processing /home/airflow/.local/lib/python3.11/site-packages/airflow/example_dags/example_task_group_decorator.py took 0.428 seconds
[2024-12-20T09:23:02.668+0000] {processor.py:161} INFO - Started process (PID=4751) to work on /home/airflow/.local/lib/python3.11/site-packages/airflow/example_dags/example_task_group_decorator.py
[2024-12-20T09:23:02.670+0000] {processor.py:830} INFO - Processing file /home/airflow/.local/lib/python3.11/site-packages/airflow/example_dags/example_task_group_decorator.py for tasks to queue
[2024-12-20T09:23:02.671+0000] {logging_mixin.py:188} INFO - [2024-12-20T09:23:02.671+0000] {dagbag.py:538} INFO - Filling up the DagBag from /home/airflow/.local/lib/python3.11/site-packages/airflow/example_dags/example_task_group_decorator.py
[2024-12-20T09:23:02.703+0000] {processor.py:840} INFO - DAG(s) 'example_task_group_decorator' retrieved from /home/airflow/.local/lib/python3.11/site-packages/airflow/example_dags/example_task_group_decorator.py
[2024-12-20T09:23:02.755+0000] {logging_mixin.py:188} INFO - [2024-12-20T09:23:02.754+0000] {dag.py:3036} INFO - Sync 1 DAGs
[2024-12-20T09:23:02.796+0000] {logging_mixin.py:188} INFO - [2024-12-20T09:23:02.795+0000] {dag.py:3823} INFO - Setting next_dagrun for example_task_group_decorator to 2024-12-19 00:00:00+00:00, run_after=2024-12-20 00:00:00+00:00
[2024-12-20T09:23:02.843+0000] {processor.py:183} INFO - Processing /home/airflow/.local/lib/python3.11/site-packages/airflow/example_dags/example_task_group_decorator.py took 0.182 seconds
[2024-12-20T09:23:33.141+0000] {processor.py:161} INFO - Started process (PID=4824) to work on /home/airflow/.local/lib/python3.11/site-packages/airflow/example_dags/example_task_group_decorator.py
[2024-12-20T09:23:33.144+0000] {processor.py:830} INFO - Processing file /home/airflow/.local/lib/python3.11/site-packages/airflow/example_dags/example_task_group_decorator.py for tasks to queue
[2024-12-20T09:23:33.146+0000] {logging_mixin.py:188} INFO - [2024-12-20T09:23:33.145+0000] {dagbag.py:538} INFO - Filling up the DagBag from /home/airflow/.local/lib/python3.11/site-packages/airflow/example_dags/example_task_group_decorator.py
[2024-12-20T09:23:33.180+0000] {processor.py:840} INFO - DAG(s) 'example_task_group_decorator' retrieved from /home/airflow/.local/lib/python3.11/site-packages/airflow/example_dags/example_task_group_decorator.py
[2024-12-20T09:23:33.232+0000] {logging_mixin.py:188} INFO - [2024-12-20T09:23:33.232+0000] {dag.py:3036} INFO - Sync 1 DAGs
[2024-12-20T09:23:33.277+0000] {logging_mixin.py:188} INFO - [2024-12-20T09:23:33.277+0000] {dag.py:3823} INFO - Setting next_dagrun for example_task_group_decorator to 2024-12-19 00:00:00+00:00, run_after=2024-12-20 00:00:00+00:00
[2024-12-20T09:23:33.322+0000] {processor.py:183} INFO - Processing /home/airflow/.local/lib/python3.11/site-packages/airflow/example_dags/example_task_group_decorator.py took 0.189 seconds
[2024-12-20T09:24:03.714+0000] {processor.py:161} INFO - Started process (PID=4896) to work on /home/airflow/.local/lib/python3.11/site-packages/airflow/example_dags/example_task_group_decorator.py
[2024-12-20T09:24:03.716+0000] {processor.py:830} INFO - Processing file /home/airflow/.local/lib/python3.11/site-packages/airflow/example_dags/example_task_group_decorator.py for tasks to queue
[2024-12-20T09:24:03.718+0000] {logging_mixin.py:188} INFO - [2024-12-20T09:24:03.718+0000] {dagbag.py:538} INFO - Filling up the DagBag from /home/airflow/.local/lib/python3.11/site-packages/airflow/example_dags/example_task_group_decorator.py
[2024-12-20T09:24:03.751+0000] {processor.py:840} INFO - DAG(s) 'example_task_group_decorator' retrieved from /home/airflow/.local/lib/python3.11/site-packages/airflow/example_dags/example_task_group_decorator.py
[2024-12-20T09:24:03.805+0000] {logging_mixin.py:188} INFO - [2024-12-20T09:24:03.804+0000] {dag.py:3036} INFO - Sync 1 DAGs
[2024-12-20T09:24:03.849+0000] {logging_mixin.py:188} INFO - [2024-12-20T09:24:03.848+0000] {dag.py:3823} INFO - Setting next_dagrun for example_task_group_decorator to 2024-12-19 00:00:00+00:00, run_after=2024-12-20 00:00:00+00:00
[2024-12-20T09:24:03.888+0000] {processor.py:183} INFO - Processing /home/airflow/.local/lib/python3.11/site-packages/airflow/example_dags/example_task_group_decorator.py took 0.180 seconds
[2024-12-20T09:24:34.148+0000] {processor.py:161} INFO - Started process (PID=4967) to work on /home/airflow/.local/lib/python3.11/site-packages/airflow/example_dags/example_task_group_decorator.py
[2024-12-20T09:24:34.150+0000] {processor.py:830} INFO - Processing file /home/airflow/.local/lib/python3.11/site-packages/airflow/example_dags/example_task_group_decorator.py for tasks to queue
[2024-12-20T09:24:34.152+0000] {logging_mixin.py:188} INFO - [2024-12-20T09:24:34.151+0000] {dagbag.py:538} INFO - Filling up the DagBag from /home/airflow/.local/lib/python3.11/site-packages/airflow/example_dags/example_task_group_decorator.py
[2024-12-20T09:24:34.172+0000] {processor.py:840} INFO - DAG(s) 'example_task_group_decorator' retrieved from /home/airflow/.local/lib/python3.11/site-packages/airflow/example_dags/example_task_group_decorator.py
[2024-12-20T09:24:34.208+0000] {logging_mixin.py:188} INFO - [2024-12-20T09:24:34.208+0000] {dag.py:3036} INFO - Sync 1 DAGs
[2024-12-20T09:24:34.239+0000] {logging_mixin.py:188} INFO - [2024-12-20T09:24:34.239+0000] {dag.py:3823} INFO - Setting next_dagrun for example_task_group_decorator to 2024-12-19 00:00:00+00:00, run_after=2024-12-20 00:00:00+00:00
[2024-12-20T09:24:34.274+0000] {processor.py:183} INFO - Processing /home/airflow/.local/lib/python3.11/site-packages/airflow/example_dags/example_task_group_decorator.py took 0.129 seconds
[2024-12-20T09:25:04.934+0000] {processor.py:161} INFO - Started process (PID=5038) to work on /home/airflow/.local/lib/python3.11/site-packages/airflow/example_dags/example_task_group_decorator.py
[2024-12-20T09:25:04.936+0000] {processor.py:830} INFO - Processing file /home/airflow/.local/lib/python3.11/site-packages/airflow/example_dags/example_task_group_decorator.py for tasks to queue
[2024-12-20T09:25:04.938+0000] {logging_mixin.py:188} INFO - [2024-12-20T09:25:04.937+0000] {dagbag.py:538} INFO - Filling up the DagBag from /home/airflow/.local/lib/python3.11/site-packages/airflow/example_dags/example_task_group_decorator.py
[2024-12-20T09:25:04.984+0000] {processor.py:840} INFO - DAG(s) 'example_task_group_decorator' retrieved from /home/airflow/.local/lib/python3.11/site-packages/airflow/example_dags/example_task_group_decorator.py
[2024-12-20T09:25:05.053+0000] {logging_mixin.py:188} INFO - [2024-12-20T09:25:05.052+0000] {dag.py:3036} INFO - Sync 1 DAGs
[2024-12-20T09:25:05.123+0000] {logging_mixin.py:188} INFO - [2024-12-20T09:25:05.123+0000] {dag.py:3823} INFO - Setting next_dagrun for example_task_group_decorator to 2024-12-19 00:00:00+00:00, run_after=2024-12-20 00:00:00+00:00
[2024-12-20T09:25:05.187+0000] {processor.py:183} INFO - Processing /home/airflow/.local/lib/python3.11/site-packages/airflow/example_dags/example_task_group_decorator.py took 0.258 seconds
[2024-12-20T09:25:36.193+0000] {processor.py:161} INFO - Started process (PID=5110) to work on /home/airflow/.local/lib/python3.11/site-packages/airflow/example_dags/example_task_group_decorator.py
[2024-12-20T09:25:36.195+0000] {processor.py:830} INFO - Processing file /home/airflow/.local/lib/python3.11/site-packages/airflow/example_dags/example_task_group_decorator.py for tasks to queue
[2024-12-20T09:25:36.198+0000] {logging_mixin.py:188} INFO - [2024-12-20T09:25:36.197+0000] {dagbag.py:538} INFO - Filling up the DagBag from /home/airflow/.local/lib/python3.11/site-packages/airflow/example_dags/example_task_group_decorator.py
[2024-12-20T09:25:36.229+0000] {processor.py:840} INFO - DAG(s) 'example_task_group_decorator' retrieved from /home/airflow/.local/lib/python3.11/site-packages/airflow/example_dags/example_task_group_decorator.py
[2024-12-20T09:25:36.281+0000] {logging_mixin.py:188} INFO - [2024-12-20T09:25:36.281+0000] {dag.py:3036} INFO - Sync 1 DAGs
[2024-12-20T09:25:36.324+0000] {logging_mixin.py:188} INFO - [2024-12-20T09:25:36.323+0000] {dag.py:3823} INFO - Setting next_dagrun for example_task_group_decorator to 2024-12-19 00:00:00+00:00, run_after=2024-12-20 00:00:00+00:00
[2024-12-20T09:25:36.363+0000] {processor.py:183} INFO - Processing /home/airflow/.local/lib/python3.11/site-packages/airflow/example_dags/example_task_group_decorator.py took 0.176 seconds
[2024-12-20T09:26:06.468+0000] {processor.py:161} INFO - Started process (PID=5182) to work on /home/airflow/.local/lib/python3.11/site-packages/airflow/example_dags/example_task_group_decorator.py
[2024-12-20T09:26:06.470+0000] {processor.py:830} INFO - Processing file /home/airflow/.local/lib/python3.11/site-packages/airflow/example_dags/example_task_group_decorator.py for tasks to queue
[2024-12-20T09:26:06.473+0000] {logging_mixin.py:188} INFO - [2024-12-20T09:26:06.472+0000] {dagbag.py:538} INFO - Filling up the DagBag from /home/airflow/.local/lib/python3.11/site-packages/airflow/example_dags/example_task_group_decorator.py
[2024-12-20T09:26:06.511+0000] {processor.py:840} INFO - DAG(s) 'example_task_group_decorator' retrieved from /home/airflow/.local/lib/python3.11/site-packages/airflow/example_dags/example_task_group_decorator.py
[2024-12-20T09:26:06.567+0000] {logging_mixin.py:188} INFO - [2024-12-20T09:26:06.567+0000] {dag.py:3036} INFO - Sync 1 DAGs
[2024-12-20T09:26:06.619+0000] {logging_mixin.py:188} INFO - [2024-12-20T09:26:06.618+0000] {dag.py:3823} INFO - Setting next_dagrun for example_task_group_decorator to 2024-12-19 00:00:00+00:00, run_after=2024-12-20 00:00:00+00:00
[2024-12-20T09:26:06.665+0000] {processor.py:183} INFO - Processing /home/airflow/.local/lib/python3.11/site-packages/airflow/example_dags/example_task_group_decorator.py took 0.204 seconds
[2024-12-20T09:26:37.326+0000] {processor.py:161} INFO - Started process (PID=5254) to work on /home/airflow/.local/lib/python3.11/site-packages/airflow/example_dags/example_task_group_decorator.py
[2024-12-20T09:26:37.329+0000] {processor.py:830} INFO - Processing file /home/airflow/.local/lib/python3.11/site-packages/airflow/example_dags/example_task_group_decorator.py for tasks to queue
[2024-12-20T09:26:37.331+0000] {logging_mixin.py:188} INFO - [2024-12-20T09:26:37.330+0000] {dagbag.py:538} INFO - Filling up the DagBag from /home/airflow/.local/lib/python3.11/site-packages/airflow/example_dags/example_task_group_decorator.py
[2024-12-20T09:26:37.363+0000] {processor.py:840} INFO - DAG(s) 'example_task_group_decorator' retrieved from /home/airflow/.local/lib/python3.11/site-packages/airflow/example_dags/example_task_group_decorator.py
[2024-12-20T09:26:37.415+0000] {logging_mixin.py:188} INFO - [2024-12-20T09:26:37.414+0000] {dag.py:3036} INFO - Sync 1 DAGs
[2024-12-20T09:26:37.461+0000] {logging_mixin.py:188} INFO - [2024-12-20T09:26:37.460+0000] {dag.py:3823} INFO - Setting next_dagrun for example_task_group_decorator to 2024-12-19 00:00:00+00:00, run_after=2024-12-20 00:00:00+00:00
[2024-12-20T09:26:37.499+0000] {processor.py:183} INFO - Processing /home/airflow/.local/lib/python3.11/site-packages/airflow/example_dags/example_task_group_decorator.py took 0.180 seconds
[2024-12-20T09:27:08.229+0000] {processor.py:161} INFO - Started process (PID=5326) to work on /home/airflow/.local/lib/python3.11/site-packages/airflow/example_dags/example_task_group_decorator.py
[2024-12-20T09:27:08.231+0000] {processor.py:830} INFO - Processing file /home/airflow/.local/lib/python3.11/site-packages/airflow/example_dags/example_task_group_decorator.py for tasks to queue
[2024-12-20T09:27:08.232+0000] {logging_mixin.py:188} INFO - [2024-12-20T09:27:08.232+0000] {dagbag.py:538} INFO - Filling up the DagBag from /home/airflow/.local/lib/python3.11/site-packages/airflow/example_dags/example_task_group_decorator.py
[2024-12-20T09:27:08.260+0000] {processor.py:840} INFO - DAG(s) 'example_task_group_decorator' retrieved from /home/airflow/.local/lib/python3.11/site-packages/airflow/example_dags/example_task_group_decorator.py
[2024-12-20T09:27:08.295+0000] {logging_mixin.py:188} INFO - [2024-12-20T09:27:08.295+0000] {dag.py:3036} INFO - Sync 1 DAGs
[2024-12-20T09:27:08.325+0000] {logging_mixin.py:188} INFO - [2024-12-20T09:27:08.325+0000] {dag.py:3823} INFO - Setting next_dagrun for example_task_group_decorator to 2024-12-19 00:00:00+00:00, run_after=2024-12-20 00:00:00+00:00
[2024-12-20T09:27:08.352+0000] {processor.py:183} INFO - Processing /home/airflow/.local/lib/python3.11/site-packages/airflow/example_dags/example_task_group_decorator.py took 0.129 seconds
[2024-12-20T09:27:38.531+0000] {processor.py:161} INFO - Started process (PID=5390) to work on /home/airflow/.local/lib/python3.11/site-packages/airflow/example_dags/example_task_group_decorator.py
[2024-12-20T09:27:38.533+0000] {processor.py:830} INFO - Processing file /home/airflow/.local/lib/python3.11/site-packages/airflow/example_dags/example_task_group_decorator.py for tasks to queue
[2024-12-20T09:27:38.535+0000] {logging_mixin.py:188} INFO - [2024-12-20T09:27:38.535+0000] {dagbag.py:538} INFO - Filling up the DagBag from /home/airflow/.local/lib/python3.11/site-packages/airflow/example_dags/example_task_group_decorator.py
[2024-12-20T09:27:38.567+0000] {processor.py:840} INFO - DAG(s) 'example_task_group_decorator' retrieved from /home/airflow/.local/lib/python3.11/site-packages/airflow/example_dags/example_task_group_decorator.py
[2024-12-20T09:27:38.619+0000] {logging_mixin.py:188} INFO - [2024-12-20T09:27:38.618+0000] {dag.py:3036} INFO - Sync 1 DAGs
[2024-12-20T09:27:38.674+0000] {logging_mixin.py:188} INFO - [2024-12-20T09:27:38.674+0000] {dag.py:3823} INFO - Setting next_dagrun for example_task_group_decorator to 2024-12-19 00:00:00+00:00, run_after=2024-12-20 00:00:00+00:00
[2024-12-20T09:27:38.710+0000] {processor.py:183} INFO - Processing /home/airflow/.local/lib/python3.11/site-packages/airflow/example_dags/example_task_group_decorator.py took 0.186 seconds
[2024-12-20T09:28:08.949+0000] {processor.py:161} INFO - Started process (PID=5461) to work on /home/airflow/.local/lib/python3.11/site-packages/airflow/example_dags/example_task_group_decorator.py
[2024-12-20T09:28:08.951+0000] {processor.py:830} INFO - Processing file /home/airflow/.local/lib/python3.11/site-packages/airflow/example_dags/example_task_group_decorator.py for tasks to queue
[2024-12-20T09:28:08.955+0000] {logging_mixin.py:188} INFO - [2024-12-20T09:28:08.954+0000] {dagbag.py:538} INFO - Filling up the DagBag from /home/airflow/.local/lib/python3.11/site-packages/airflow/example_dags/example_task_group_decorator.py
[2024-12-20T09:28:09.002+0000] {processor.py:840} INFO - DAG(s) 'example_task_group_decorator' retrieved from /home/airflow/.local/lib/python3.11/site-packages/airflow/example_dags/example_task_group_decorator.py
[2024-12-20T09:28:09.075+0000] {logging_mixin.py:188} INFO - [2024-12-20T09:28:09.075+0000] {dag.py:3036} INFO - Sync 1 DAGs
[2024-12-20T09:28:09.179+0000] {logging_mixin.py:188} INFO - [2024-12-20T09:28:09.179+0000] {dag.py:3823} INFO - Setting next_dagrun for example_task_group_decorator to 2024-12-19 00:00:00+00:00, run_after=2024-12-20 00:00:00+00:00
[2024-12-20T09:28:09.209+0000] {processor.py:183} INFO - Processing /home/airflow/.local/lib/python3.11/site-packages/airflow/example_dags/example_task_group_decorator.py took 0.274 seconds
