[2024-12-20T00:00:17.793+0000] {processor.py:161} INFO - Started process (PID=2167) to work on /home/airflow/.local/lib/python3.11/site-packages/airflow/example_dags/example_dag_decorator.py
[2024-12-20T00:00:17.795+0000] {processor.py:830} INFO - Processing file /home/airflow/.local/lib/python3.11/site-packages/airflow/example_dags/example_dag_decorator.py for tasks to queue
[2024-12-20T00:00:17.797+0000] {logging_mixin.py:188} INFO - [2024-12-20T00:00:17.797+0000] {dagbag.py:538} INFO - Filling up the DagBag from /home/airflow/.local/lib/python3.11/site-packages/airflow/example_dags/example_dag_decorator.py
[2024-12-20T00:00:17.903+0000] {processor.py:840} INFO - DAG(s) 'example_dag_decorator' retrieved from /home/airflow/.local/lib/python3.11/site-packages/airflow/example_dags/example_dag_decorator.py
[2024-12-20T00:00:18.023+0000] {logging_mixin.py:188} INFO - [2024-12-20T00:00:18.023+0000] {dag.py:3036} INFO - Sync 1 DAGs
[2024-12-20T00:00:18.036+0000] {logging_mixin.py:188} INFO - [2024-12-20T00:00:18.036+0000] {dag.py:3823} INFO - Setting next_dagrun for example_dag_decorator to None, run_after=None
[2024-12-20T00:00:18.059+0000] {processor.py:183} INFO - Processing /home/airflow/.local/lib/python3.11/site-packages/airflow/example_dags/example_dag_decorator.py took 0.269 seconds
[2024-12-20T00:00:48.250+0000] {processor.py:161} INFO - Started process (PID=2233) to work on /home/airflow/.local/lib/python3.11/site-packages/airflow/example_dags/example_dag_decorator.py
[2024-12-20T00:00:48.251+0000] {processor.py:830} INFO - Processing file /home/airflow/.local/lib/python3.11/site-packages/airflow/example_dags/example_dag_decorator.py for tasks to queue
[2024-12-20T00:00:48.254+0000] {logging_mixin.py:188} INFO - [2024-12-20T00:00:48.253+0000] {dagbag.py:538} INFO - Filling up the DagBag from /home/airflow/.local/lib/python3.11/site-packages/airflow/example_dags/example_dag_decorator.py
[2024-12-20T00:00:48.410+0000] {processor.py:840} INFO - DAG(s) 'example_dag_decorator' retrieved from /home/airflow/.local/lib/python3.11/site-packages/airflow/example_dags/example_dag_decorator.py
[2024-12-20T00:00:48.543+0000] {logging_mixin.py:188} INFO - [2024-12-20T00:00:48.543+0000] {dag.py:3036} INFO - Sync 1 DAGs
[2024-12-20T00:00:48.555+0000] {logging_mixin.py:188} INFO - [2024-12-20T00:00:48.555+0000] {dag.py:3823} INFO - Setting next_dagrun for example_dag_decorator to None, run_after=None
[2024-12-20T00:00:48.583+0000] {processor.py:183} INFO - Processing /home/airflow/.local/lib/python3.11/site-packages/airflow/example_dags/example_dag_decorator.py took 0.337 seconds
[2024-12-20T00:01:18.717+0000] {processor.py:161} INFO - Started process (PID=2310) to work on /home/airflow/.local/lib/python3.11/site-packages/airflow/example_dags/example_dag_decorator.py
[2024-12-20T00:01:18.718+0000] {processor.py:830} INFO - Processing file /home/airflow/.local/lib/python3.11/site-packages/airflow/example_dags/example_dag_decorator.py for tasks to queue
[2024-12-20T00:01:18.721+0000] {logging_mixin.py:188} INFO - [2024-12-20T00:01:18.720+0000] {dagbag.py:538} INFO - Filling up the DagBag from /home/airflow/.local/lib/python3.11/site-packages/airflow/example_dags/example_dag_decorator.py
[2024-12-20T00:01:18.839+0000] {processor.py:840} INFO - DAG(s) 'example_dag_decorator' retrieved from /home/airflow/.local/lib/python3.11/site-packages/airflow/example_dags/example_dag_decorator.py
[2024-12-20T00:01:19.001+0000] {logging_mixin.py:188} INFO - [2024-12-20T00:01:19.001+0000] {dag.py:3036} INFO - Sync 1 DAGs
[2024-12-20T00:01:19.031+0000] {logging_mixin.py:188} INFO - [2024-12-20T00:01:19.031+0000] {dag.py:3823} INFO - Setting next_dagrun for example_dag_decorator to None, run_after=None
[2024-12-20T00:01:19.067+0000] {processor.py:183} INFO - Processing /home/airflow/.local/lib/python3.11/site-packages/airflow/example_dags/example_dag_decorator.py took 0.354 seconds
[2024-12-20T00:01:49.985+0000] {processor.py:161} INFO - Started process (PID=2382) to work on /home/airflow/.local/lib/python3.11/site-packages/airflow/example_dags/example_dag_decorator.py
[2024-12-20T00:01:49.987+0000] {processor.py:830} INFO - Processing file /home/airflow/.local/lib/python3.11/site-packages/airflow/example_dags/example_dag_decorator.py for tasks to queue
[2024-12-20T00:01:49.992+0000] {logging_mixin.py:188} INFO - [2024-12-20T00:01:49.991+0000] {dagbag.py:538} INFO - Filling up the DagBag from /home/airflow/.local/lib/python3.11/site-packages/airflow/example_dags/example_dag_decorator.py
[2024-12-20T00:01:50.116+0000] {processor.py:840} INFO - DAG(s) 'example_dag_decorator' retrieved from /home/airflow/.local/lib/python3.11/site-packages/airflow/example_dags/example_dag_decorator.py
[2024-12-20T00:01:50.244+0000] {logging_mixin.py:188} INFO - [2024-12-20T00:01:50.243+0000] {dag.py:3036} INFO - Sync 1 DAGs
[2024-12-20T00:01:50.256+0000] {logging_mixin.py:188} INFO - [2024-12-20T00:01:50.256+0000] {dag.py:3823} INFO - Setting next_dagrun for example_dag_decorator to None, run_after=None
[2024-12-20T00:01:50.280+0000] {processor.py:183} INFO - Processing /home/airflow/.local/lib/python3.11/site-packages/airflow/example_dags/example_dag_decorator.py took 0.303 seconds
[2024-12-20T00:02:20.472+0000] {processor.py:161} INFO - Started process (PID=2454) to work on /home/airflow/.local/lib/python3.11/site-packages/airflow/example_dags/example_dag_decorator.py
[2024-12-20T00:02:20.473+0000] {processor.py:830} INFO - Processing file /home/airflow/.local/lib/python3.11/site-packages/airflow/example_dags/example_dag_decorator.py for tasks to queue
[2024-12-20T00:02:20.476+0000] {logging_mixin.py:188} INFO - [2024-12-20T00:02:20.475+0000] {dagbag.py:538} INFO - Filling up the DagBag from /home/airflow/.local/lib/python3.11/site-packages/airflow/example_dags/example_dag_decorator.py
[2024-12-20T00:02:20.581+0000] {processor.py:840} INFO - DAG(s) 'example_dag_decorator' retrieved from /home/airflow/.local/lib/python3.11/site-packages/airflow/example_dags/example_dag_decorator.py
[2024-12-20T00:02:20.701+0000] {logging_mixin.py:188} INFO - [2024-12-20T00:02:20.701+0000] {dag.py:3036} INFO - Sync 1 DAGs
[2024-12-20T00:02:20.713+0000] {logging_mixin.py:188} INFO - [2024-12-20T00:02:20.713+0000] {dag.py:3823} INFO - Setting next_dagrun for example_dag_decorator to None, run_after=None
[2024-12-20T00:02:20.737+0000] {processor.py:183} INFO - Processing /home/airflow/.local/lib/python3.11/site-packages/airflow/example_dags/example_dag_decorator.py took 0.269 seconds
[2024-12-20T00:02:50.827+0000] {processor.py:161} INFO - Started process (PID=2534) to work on /home/airflow/.local/lib/python3.11/site-packages/airflow/example_dags/example_dag_decorator.py
[2024-12-20T00:02:50.828+0000] {processor.py:830} INFO - Processing file /home/airflow/.local/lib/python3.11/site-packages/airflow/example_dags/example_dag_decorator.py for tasks to queue
[2024-12-20T00:02:50.831+0000] {logging_mixin.py:188} INFO - [2024-12-20T00:02:50.830+0000] {dagbag.py:538} INFO - Filling up the DagBag from /home/airflow/.local/lib/python3.11/site-packages/airflow/example_dags/example_dag_decorator.py
[2024-12-20T00:02:50.943+0000] {processor.py:840} INFO - DAG(s) 'example_dag_decorator' retrieved from /home/airflow/.local/lib/python3.11/site-packages/airflow/example_dags/example_dag_decorator.py
[2024-12-20T00:02:51.064+0000] {logging_mixin.py:188} INFO - [2024-12-20T00:02:51.063+0000] {dag.py:3036} INFO - Sync 1 DAGs
[2024-12-20T00:02:51.075+0000] {logging_mixin.py:188} INFO - [2024-12-20T00:02:51.075+0000] {dag.py:3823} INFO - Setting next_dagrun for example_dag_decorator to None, run_after=None
[2024-12-20T00:02:51.097+0000] {processor.py:183} INFO - Processing /home/airflow/.local/lib/python3.11/site-packages/airflow/example_dags/example_dag_decorator.py took 0.274 seconds
[2024-12-20T00:03:21.340+0000] {processor.py:161} INFO - Started process (PID=2605) to work on /home/airflow/.local/lib/python3.11/site-packages/airflow/example_dags/example_dag_decorator.py
[2024-12-20T00:03:21.341+0000] {processor.py:830} INFO - Processing file /home/airflow/.local/lib/python3.11/site-packages/airflow/example_dags/example_dag_decorator.py for tasks to queue
[2024-12-20T00:03:21.344+0000] {logging_mixin.py:188} INFO - [2024-12-20T00:03:21.344+0000] {dagbag.py:538} INFO - Filling up the DagBag from /home/airflow/.local/lib/python3.11/site-packages/airflow/example_dags/example_dag_decorator.py
[2024-12-20T00:03:21.448+0000] {processor.py:840} INFO - DAG(s) 'example_dag_decorator' retrieved from /home/airflow/.local/lib/python3.11/site-packages/airflow/example_dags/example_dag_decorator.py
[2024-12-20T00:03:21.561+0000] {logging_mixin.py:188} INFO - [2024-12-20T00:03:21.560+0000] {dag.py:3036} INFO - Sync 1 DAGs
[2024-12-20T00:03:21.573+0000] {logging_mixin.py:188} INFO - [2024-12-20T00:03:21.573+0000] {dag.py:3823} INFO - Setting next_dagrun for example_dag_decorator to None, run_after=None
[2024-12-20T00:03:21.596+0000] {processor.py:183} INFO - Processing /home/airflow/.local/lib/python3.11/site-packages/airflow/example_dags/example_dag_decorator.py took 0.260 seconds
[2024-12-20T00:03:51.787+0000] {processor.py:161} INFO - Started process (PID=2679) to work on /home/airflow/.local/lib/python3.11/site-packages/airflow/example_dags/example_dag_decorator.py
[2024-12-20T00:03:51.789+0000] {processor.py:830} INFO - Processing file /home/airflow/.local/lib/python3.11/site-packages/airflow/example_dags/example_dag_decorator.py for tasks to queue
[2024-12-20T00:03:51.791+0000] {logging_mixin.py:188} INFO - [2024-12-20T00:03:51.791+0000] {dagbag.py:538} INFO - Filling up the DagBag from /home/airflow/.local/lib/python3.11/site-packages/airflow/example_dags/example_dag_decorator.py
[2024-12-20T00:03:51.912+0000] {processor.py:840} INFO - DAG(s) 'example_dag_decorator' retrieved from /home/airflow/.local/lib/python3.11/site-packages/airflow/example_dags/example_dag_decorator.py
[2024-12-20T00:03:52.048+0000] {logging_mixin.py:188} INFO - [2024-12-20T00:03:52.047+0000] {dag.py:3036} INFO - Sync 1 DAGs
[2024-12-20T00:03:52.062+0000] {logging_mixin.py:188} INFO - [2024-12-20T00:03:52.062+0000] {dag.py:3823} INFO - Setting next_dagrun for example_dag_decorator to None, run_after=None
[2024-12-20T00:03:52.091+0000] {processor.py:183} INFO - Processing /home/airflow/.local/lib/python3.11/site-packages/airflow/example_dags/example_dag_decorator.py took 0.308 seconds
[2024-12-20T00:04:22.948+0000] {processor.py:161} INFO - Started process (PID=2758) to work on /home/airflow/.local/lib/python3.11/site-packages/airflow/example_dags/example_dag_decorator.py
[2024-12-20T00:04:22.949+0000] {processor.py:830} INFO - Processing file /home/airflow/.local/lib/python3.11/site-packages/airflow/example_dags/example_dag_decorator.py for tasks to queue
[2024-12-20T00:04:22.952+0000] {logging_mixin.py:188} INFO - [2024-12-20T00:04:22.951+0000] {dagbag.py:538} INFO - Filling up the DagBag from /home/airflow/.local/lib/python3.11/site-packages/airflow/example_dags/example_dag_decorator.py
[2024-12-20T00:04:23.086+0000] {processor.py:840} INFO - DAG(s) 'example_dag_decorator' retrieved from /home/airflow/.local/lib/python3.11/site-packages/airflow/example_dags/example_dag_decorator.py
[2024-12-20T00:04:23.210+0000] {logging_mixin.py:188} INFO - [2024-12-20T00:04:23.210+0000] {dag.py:3036} INFO - Sync 1 DAGs
[2024-12-20T00:04:23.222+0000] {logging_mixin.py:188} INFO - [2024-12-20T00:04:23.222+0000] {dag.py:3823} INFO - Setting next_dagrun for example_dag_decorator to None, run_after=None
[2024-12-20T00:04:23.246+0000] {processor.py:183} INFO - Processing /home/airflow/.local/lib/python3.11/site-packages/airflow/example_dags/example_dag_decorator.py took 0.302 seconds
[2024-12-20T00:04:53.652+0000] {processor.py:161} INFO - Started process (PID=2830) to work on /home/airflow/.local/lib/python3.11/site-packages/airflow/example_dags/example_dag_decorator.py
[2024-12-20T00:04:53.654+0000] {processor.py:830} INFO - Processing file /home/airflow/.local/lib/python3.11/site-packages/airflow/example_dags/example_dag_decorator.py for tasks to queue
[2024-12-20T00:04:53.657+0000] {logging_mixin.py:188} INFO - [2024-12-20T00:04:53.656+0000] {dagbag.py:538} INFO - Filling up the DagBag from /home/airflow/.local/lib/python3.11/site-packages/airflow/example_dags/example_dag_decorator.py
[2024-12-20T00:04:53.765+0000] {processor.py:840} INFO - DAG(s) 'example_dag_decorator' retrieved from /home/airflow/.local/lib/python3.11/site-packages/airflow/example_dags/example_dag_decorator.py
[2024-12-20T00:04:53.890+0000] {logging_mixin.py:188} INFO - [2024-12-20T00:04:53.890+0000] {dag.py:3036} INFO - Sync 1 DAGs
[2024-12-20T00:04:53.902+0000] {logging_mixin.py:188} INFO - [2024-12-20T00:04:53.902+0000] {dag.py:3823} INFO - Setting next_dagrun for example_dag_decorator to None, run_after=None
[2024-12-20T00:04:53.925+0000] {processor.py:183} INFO - Processing /home/airflow/.local/lib/python3.11/site-packages/airflow/example_dags/example_dag_decorator.py took 0.278 seconds
[2024-12-20T00:05:24.133+0000] {processor.py:161} INFO - Started process (PID=2904) to work on /home/airflow/.local/lib/python3.11/site-packages/airflow/example_dags/example_dag_decorator.py
[2024-12-20T00:05:24.135+0000] {processor.py:830} INFO - Processing file /home/airflow/.local/lib/python3.11/site-packages/airflow/example_dags/example_dag_decorator.py for tasks to queue
[2024-12-20T00:05:24.137+0000] {logging_mixin.py:188} INFO - [2024-12-20T00:05:24.137+0000] {dagbag.py:538} INFO - Filling up the DagBag from /home/airflow/.local/lib/python3.11/site-packages/airflow/example_dags/example_dag_decorator.py
[2024-12-20T00:05:24.264+0000] {processor.py:840} INFO - DAG(s) 'example_dag_decorator' retrieved from /home/airflow/.local/lib/python3.11/site-packages/airflow/example_dags/example_dag_decorator.py
[2024-12-20T00:05:24.394+0000] {logging_mixin.py:188} INFO - [2024-12-20T00:05:24.394+0000] {dag.py:3036} INFO - Sync 1 DAGs
[2024-12-20T00:05:24.413+0000] {logging_mixin.py:188} INFO - [2024-12-20T00:05:24.412+0000] {dag.py:3823} INFO - Setting next_dagrun for example_dag_decorator to None, run_after=None
[2024-12-20T00:05:24.456+0000] {processor.py:183} INFO - Processing /home/airflow/.local/lib/python3.11/site-packages/airflow/example_dags/example_dag_decorator.py took 0.327 seconds
[2024-12-20T00:05:54.844+0000] {processor.py:161} INFO - Started process (PID=2981) to work on /home/airflow/.local/lib/python3.11/site-packages/airflow/example_dags/example_dag_decorator.py
[2024-12-20T00:05:54.845+0000] {processor.py:830} INFO - Processing file /home/airflow/.local/lib/python3.11/site-packages/airflow/example_dags/example_dag_decorator.py for tasks to queue
[2024-12-20T00:05:54.847+0000] {logging_mixin.py:188} INFO - [2024-12-20T00:05:54.847+0000] {dagbag.py:538} INFO - Filling up the DagBag from /home/airflow/.local/lib/python3.11/site-packages/airflow/example_dags/example_dag_decorator.py
[2024-12-20T00:05:54.983+0000] {processor.py:840} INFO - DAG(s) 'example_dag_decorator' retrieved from /home/airflow/.local/lib/python3.11/site-packages/airflow/example_dags/example_dag_decorator.py
[2024-12-20T00:05:55.115+0000] {logging_mixin.py:188} INFO - [2024-12-20T00:05:55.114+0000] {dag.py:3036} INFO - Sync 1 DAGs
[2024-12-20T00:05:55.126+0000] {logging_mixin.py:188} INFO - [2024-12-20T00:05:55.126+0000] {dag.py:3823} INFO - Setting next_dagrun for example_dag_decorator to None, run_after=None
[2024-12-20T00:05:55.156+0000] {processor.py:183} INFO - Processing /home/airflow/.local/lib/python3.11/site-packages/airflow/example_dags/example_dag_decorator.py took 0.316 seconds
[2024-12-20T00:06:25.935+0000] {processor.py:161} INFO - Started process (PID=3044) to work on /home/airflow/.local/lib/python3.11/site-packages/airflow/example_dags/example_dag_decorator.py
[2024-12-20T00:06:25.936+0000] {processor.py:830} INFO - Processing file /home/airflow/.local/lib/python3.11/site-packages/airflow/example_dags/example_dag_decorator.py for tasks to queue
[2024-12-20T00:06:25.939+0000] {logging_mixin.py:188} INFO - [2024-12-20T00:06:25.938+0000] {dagbag.py:538} INFO - Filling up the DagBag from /home/airflow/.local/lib/python3.11/site-packages/airflow/example_dags/example_dag_decorator.py
[2024-12-20T00:06:26.066+0000] {processor.py:840} INFO - DAG(s) 'example_dag_decorator' retrieved from /home/airflow/.local/lib/python3.11/site-packages/airflow/example_dags/example_dag_decorator.py
[2024-12-20T00:06:26.178+0000] {logging_mixin.py:188} INFO - [2024-12-20T00:06:26.178+0000] {dag.py:3036} INFO - Sync 1 DAGs
[2024-12-20T00:06:26.188+0000] {logging_mixin.py:188} INFO - [2024-12-20T00:06:26.188+0000] {dag.py:3823} INFO - Setting next_dagrun for example_dag_decorator to None, run_after=None
[2024-12-20T00:06:26.210+0000] {processor.py:183} INFO - Processing /home/airflow/.local/lib/python3.11/site-packages/airflow/example_dags/example_dag_decorator.py took 0.280 seconds
[2024-12-20T00:06:56.359+0000] {processor.py:161} INFO - Started process (PID=3116) to work on /home/airflow/.local/lib/python3.11/site-packages/airflow/example_dags/example_dag_decorator.py
[2024-12-20T00:06:56.360+0000] {processor.py:830} INFO - Processing file /home/airflow/.local/lib/python3.11/site-packages/airflow/example_dags/example_dag_decorator.py for tasks to queue
[2024-12-20T00:06:56.364+0000] {logging_mixin.py:188} INFO - [2024-12-20T00:06:56.363+0000] {dagbag.py:538} INFO - Filling up the DagBag from /home/airflow/.local/lib/python3.11/site-packages/airflow/example_dags/example_dag_decorator.py
[2024-12-20T00:06:56.488+0000] {processor.py:840} INFO - DAG(s) 'example_dag_decorator' retrieved from /home/airflow/.local/lib/python3.11/site-packages/airflow/example_dags/example_dag_decorator.py
[2024-12-20T00:06:56.669+0000] {logging_mixin.py:188} INFO - [2024-12-20T00:06:56.669+0000] {dag.py:3036} INFO - Sync 1 DAGs
[2024-12-20T00:06:56.686+0000] {logging_mixin.py:188} INFO - [2024-12-20T00:06:56.686+0000] {dag.py:3823} INFO - Setting next_dagrun for example_dag_decorator to None, run_after=None
[2024-12-20T00:06:56.723+0000] {processor.py:183} INFO - Processing /home/airflow/.local/lib/python3.11/site-packages/airflow/example_dags/example_dag_decorator.py took 0.370 seconds
[2024-12-20T00:07:27.274+0000] {processor.py:161} INFO - Started process (PID=3195) to work on /home/airflow/.local/lib/python3.11/site-packages/airflow/example_dags/example_dag_decorator.py
[2024-12-20T00:07:27.275+0000] {processor.py:830} INFO - Processing file /home/airflow/.local/lib/python3.11/site-packages/airflow/example_dags/example_dag_decorator.py for tasks to queue
[2024-12-20T00:07:27.277+0000] {logging_mixin.py:188} INFO - [2024-12-20T00:07:27.277+0000] {dagbag.py:538} INFO - Filling up the DagBag from /home/airflow/.local/lib/python3.11/site-packages/airflow/example_dags/example_dag_decorator.py
[2024-12-20T00:07:27.386+0000] {processor.py:840} INFO - DAG(s) 'example_dag_decorator' retrieved from /home/airflow/.local/lib/python3.11/site-packages/airflow/example_dags/example_dag_decorator.py
[2024-12-20T00:07:27.515+0000] {logging_mixin.py:188} INFO - [2024-12-20T00:07:27.514+0000] {dag.py:3036} INFO - Sync 1 DAGs
[2024-12-20T00:07:27.527+0000] {logging_mixin.py:188} INFO - [2024-12-20T00:07:27.527+0000] {dag.py:3823} INFO - Setting next_dagrun for example_dag_decorator to None, run_after=None
[2024-12-20T00:07:27.549+0000] {processor.py:183} INFO - Processing /home/airflow/.local/lib/python3.11/site-packages/airflow/example_dags/example_dag_decorator.py took 0.279 seconds
[2024-12-20T00:07:57.962+0000] {processor.py:161} INFO - Started process (PID=3267) to work on /home/airflow/.local/lib/python3.11/site-packages/airflow/example_dags/example_dag_decorator.py
[2024-12-20T00:07:57.964+0000] {processor.py:830} INFO - Processing file /home/airflow/.local/lib/python3.11/site-packages/airflow/example_dags/example_dag_decorator.py for tasks to queue
[2024-12-20T00:07:57.968+0000] {logging_mixin.py:188} INFO - [2024-12-20T00:07:57.968+0000] {dagbag.py:538} INFO - Filling up the DagBag from /home/airflow/.local/lib/python3.11/site-packages/airflow/example_dags/example_dag_decorator.py
[2024-12-20T00:07:58.081+0000] {processor.py:840} INFO - DAG(s) 'example_dag_decorator' retrieved from /home/airflow/.local/lib/python3.11/site-packages/airflow/example_dags/example_dag_decorator.py
[2024-12-20T00:07:58.198+0000] {logging_mixin.py:188} INFO - [2024-12-20T00:07:58.198+0000] {dag.py:3036} INFO - Sync 1 DAGs
[2024-12-20T00:07:58.210+0000] {logging_mixin.py:188} INFO - [2024-12-20T00:07:58.209+0000] {dag.py:3823} INFO - Setting next_dagrun for example_dag_decorator to None, run_after=None
[2024-12-20T00:07:58.232+0000] {processor.py:183} INFO - Processing /home/airflow/.local/lib/python3.11/site-packages/airflow/example_dags/example_dag_decorator.py took 0.277 seconds
[2024-12-20T00:08:28.798+0000] {processor.py:161} INFO - Started process (PID=3339) to work on /home/airflow/.local/lib/python3.11/site-packages/airflow/example_dags/example_dag_decorator.py
[2024-12-20T00:08:28.800+0000] {processor.py:830} INFO - Processing file /home/airflow/.local/lib/python3.11/site-packages/airflow/example_dags/example_dag_decorator.py for tasks to queue
[2024-12-20T00:08:28.804+0000] {logging_mixin.py:188} INFO - [2024-12-20T00:08:28.804+0000] {dagbag.py:538} INFO - Filling up the DagBag from /home/airflow/.local/lib/python3.11/site-packages/airflow/example_dags/example_dag_decorator.py
[2024-12-20T00:08:28.957+0000] {processor.py:840} INFO - DAG(s) 'example_dag_decorator' retrieved from /home/airflow/.local/lib/python3.11/site-packages/airflow/example_dags/example_dag_decorator.py
[2024-12-20T00:08:28.984+0000] {logging_mixin.py:188} INFO - [2024-12-20T00:08:28.984+0000] {dag.py:3036} INFO - Sync 1 DAGs
[2024-12-20T00:08:29.001+0000] {logging_mixin.py:188} INFO - [2024-12-20T00:08:29.001+0000] {dag.py:3823} INFO - Setting next_dagrun for example_dag_decorator to None, run_after=None
[2024-12-20T00:08:29.028+0000] {processor.py:183} INFO - Processing /home/airflow/.local/lib/python3.11/site-packages/airflow/example_dags/example_dag_decorator.py took 0.235 seconds
[2024-12-20T00:08:59.222+0000] {processor.py:161} INFO - Started process (PID=3419) to work on /home/airflow/.local/lib/python3.11/site-packages/airflow/example_dags/example_dag_decorator.py
[2024-12-20T00:08:59.223+0000] {processor.py:830} INFO - Processing file /home/airflow/.local/lib/python3.11/site-packages/airflow/example_dags/example_dag_decorator.py for tasks to queue
[2024-12-20T00:08:59.225+0000] {logging_mixin.py:188} INFO - [2024-12-20T00:08:59.225+0000] {dagbag.py:538} INFO - Filling up the DagBag from /home/airflow/.local/lib/python3.11/site-packages/airflow/example_dags/example_dag_decorator.py
[2024-12-20T00:08:59.346+0000] {processor.py:840} INFO - DAG(s) 'example_dag_decorator' retrieved from /home/airflow/.local/lib/python3.11/site-packages/airflow/example_dags/example_dag_decorator.py
[2024-12-20T00:08:59.525+0000] {logging_mixin.py:188} INFO - [2024-12-20T00:08:59.525+0000] {dag.py:3036} INFO - Sync 1 DAGs
[2024-12-20T00:08:59.544+0000] {logging_mixin.py:188} INFO - [2024-12-20T00:08:59.544+0000] {dag.py:3823} INFO - Setting next_dagrun for example_dag_decorator to None, run_after=None
[2024-12-20T00:08:59.580+0000] {processor.py:183} INFO - Processing /home/airflow/.local/lib/python3.11/site-packages/airflow/example_dags/example_dag_decorator.py took 0.362 seconds
[2024-12-20T00:09:29.822+0000] {processor.py:161} INFO - Started process (PID=3491) to work on /home/airflow/.local/lib/python3.11/site-packages/airflow/example_dags/example_dag_decorator.py
[2024-12-20T00:09:29.823+0000] {processor.py:830} INFO - Processing file /home/airflow/.local/lib/python3.11/site-packages/airflow/example_dags/example_dag_decorator.py for tasks to queue
[2024-12-20T00:09:29.827+0000] {logging_mixin.py:188} INFO - [2024-12-20T00:09:29.826+0000] {dagbag.py:538} INFO - Filling up the DagBag from /home/airflow/.local/lib/python3.11/site-packages/airflow/example_dags/example_dag_decorator.py
[2024-12-20T00:09:30.036+0000] {processor.py:840} INFO - DAG(s) 'example_dag_decorator' retrieved from /home/airflow/.local/lib/python3.11/site-packages/airflow/example_dags/example_dag_decorator.py
[2024-12-20T00:09:30.194+0000] {logging_mixin.py:188} INFO - [2024-12-20T00:09:30.194+0000] {dag.py:3036} INFO - Sync 1 DAGs
[2024-12-20T00:09:30.210+0000] {logging_mixin.py:188} INFO - [2024-12-20T00:09:30.210+0000] {dag.py:3823} INFO - Setting next_dagrun for example_dag_decorator to None, run_after=None
[2024-12-20T00:09:30.234+0000] {processor.py:183} INFO - Processing /home/airflow/.local/lib/python3.11/site-packages/airflow/example_dags/example_dag_decorator.py took 0.415 seconds
[2024-12-20T00:10:00.679+0000] {processor.py:161} INFO - Started process (PID=3563) to work on /home/airflow/.local/lib/python3.11/site-packages/airflow/example_dags/example_dag_decorator.py
[2024-12-20T00:10:00.681+0000] {processor.py:830} INFO - Processing file /home/airflow/.local/lib/python3.11/site-packages/airflow/example_dags/example_dag_decorator.py for tasks to queue
[2024-12-20T00:10:00.686+0000] {logging_mixin.py:188} INFO - [2024-12-20T00:10:00.685+0000] {dagbag.py:538} INFO - Filling up the DagBag from /home/airflow/.local/lib/python3.11/site-packages/airflow/example_dags/example_dag_decorator.py
[2024-12-20T00:10:00.799+0000] {processor.py:840} INFO - DAG(s) 'example_dag_decorator' retrieved from /home/airflow/.local/lib/python3.11/site-packages/airflow/example_dags/example_dag_decorator.py
[2024-12-20T00:10:00.914+0000] {logging_mixin.py:188} INFO - [2024-12-20T00:10:00.914+0000] {dag.py:3036} INFO - Sync 1 DAGs
[2024-12-20T00:10:00.925+0000] {logging_mixin.py:188} INFO - [2024-12-20T00:10:00.925+0000] {dag.py:3823} INFO - Setting next_dagrun for example_dag_decorator to None, run_after=None
[2024-12-20T00:10:00.947+0000] {processor.py:183} INFO - Processing /home/airflow/.local/lib/python3.11/site-packages/airflow/example_dags/example_dag_decorator.py took 0.274 seconds
[2024-12-20T00:10:31.317+0000] {processor.py:161} INFO - Started process (PID=3642) to work on /home/airflow/.local/lib/python3.11/site-packages/airflow/example_dags/example_dag_decorator.py
[2024-12-20T00:10:31.318+0000] {processor.py:830} INFO - Processing file /home/airflow/.local/lib/python3.11/site-packages/airflow/example_dags/example_dag_decorator.py for tasks to queue
[2024-12-20T00:10:31.321+0000] {logging_mixin.py:188} INFO - [2024-12-20T00:10:31.321+0000] {dagbag.py:538} INFO - Filling up the DagBag from /home/airflow/.local/lib/python3.11/site-packages/airflow/example_dags/example_dag_decorator.py
[2024-12-20T00:10:31.444+0000] {processor.py:840} INFO - DAG(s) 'example_dag_decorator' retrieved from /home/airflow/.local/lib/python3.11/site-packages/airflow/example_dags/example_dag_decorator.py
[2024-12-20T00:10:31.596+0000] {logging_mixin.py:188} INFO - [2024-12-20T00:10:31.595+0000] {dag.py:3036} INFO - Sync 1 DAGs
[2024-12-20T00:10:31.608+0000] {logging_mixin.py:188} INFO - [2024-12-20T00:10:31.608+0000] {dag.py:3823} INFO - Setting next_dagrun for example_dag_decorator to None, run_after=None
[2024-12-20T00:10:31.633+0000] {processor.py:183} INFO - Processing /home/airflow/.local/lib/python3.11/site-packages/airflow/example_dags/example_dag_decorator.py took 0.320 seconds
[2024-12-20T00:11:01.947+0000] {processor.py:161} INFO - Started process (PID=3707) to work on /home/airflow/.local/lib/python3.11/site-packages/airflow/example_dags/example_dag_decorator.py
[2024-12-20T00:11:01.948+0000] {processor.py:830} INFO - Processing file /home/airflow/.local/lib/python3.11/site-packages/airflow/example_dags/example_dag_decorator.py for tasks to queue
[2024-12-20T00:11:01.950+0000] {logging_mixin.py:188} INFO - [2024-12-20T00:11:01.950+0000] {dagbag.py:538} INFO - Filling up the DagBag from /home/airflow/.local/lib/python3.11/site-packages/airflow/example_dags/example_dag_decorator.py
[2024-12-20T00:11:02.071+0000] {processor.py:840} INFO - DAG(s) 'example_dag_decorator' retrieved from /home/airflow/.local/lib/python3.11/site-packages/airflow/example_dags/example_dag_decorator.py
[2024-12-20T00:11:02.183+0000] {logging_mixin.py:188} INFO - [2024-12-20T00:11:02.182+0000] {dag.py:3036} INFO - Sync 1 DAGs
[2024-12-20T00:11:02.195+0000] {logging_mixin.py:188} INFO - [2024-12-20T00:11:02.194+0000] {dag.py:3823} INFO - Setting next_dagrun for example_dag_decorator to None, run_after=None
[2024-12-20T00:11:02.225+0000] {processor.py:183} INFO - Processing /home/airflow/.local/lib/python3.11/site-packages/airflow/example_dags/example_dag_decorator.py took 0.282 seconds
[2024-12-20T00:11:32.464+0000] {processor.py:161} INFO - Started process (PID=3777) to work on /home/airflow/.local/lib/python3.11/site-packages/airflow/example_dags/example_dag_decorator.py
[2024-12-20T00:11:32.466+0000] {processor.py:830} INFO - Processing file /home/airflow/.local/lib/python3.11/site-packages/airflow/example_dags/example_dag_decorator.py for tasks to queue
[2024-12-20T00:11:32.469+0000] {logging_mixin.py:188} INFO - [2024-12-20T00:11:32.469+0000] {dagbag.py:538} INFO - Filling up the DagBag from /home/airflow/.local/lib/python3.11/site-packages/airflow/example_dags/example_dag_decorator.py
[2024-12-20T00:11:32.578+0000] {processor.py:840} INFO - DAG(s) 'example_dag_decorator' retrieved from /home/airflow/.local/lib/python3.11/site-packages/airflow/example_dags/example_dag_decorator.py
[2024-12-20T00:11:32.720+0000] {logging_mixin.py:188} INFO - [2024-12-20T00:11:32.720+0000] {dag.py:3036} INFO - Sync 1 DAGs
[2024-12-20T00:11:32.732+0000] {logging_mixin.py:188} INFO - [2024-12-20T00:11:32.732+0000] {dag.py:3823} INFO - Setting next_dagrun for example_dag_decorator to None, run_after=None
[2024-12-20T00:11:32.754+0000] {processor.py:183} INFO - Processing /home/airflow/.local/lib/python3.11/site-packages/airflow/example_dags/example_dag_decorator.py took 0.295 seconds
[2024-12-20T00:12:02.895+0000] {processor.py:161} INFO - Started process (PID=3856) to work on /home/airflow/.local/lib/python3.11/site-packages/airflow/example_dags/example_dag_decorator.py
[2024-12-20T00:12:02.896+0000] {processor.py:830} INFO - Processing file /home/airflow/.local/lib/python3.11/site-packages/airflow/example_dags/example_dag_decorator.py for tasks to queue
[2024-12-20T00:12:02.899+0000] {logging_mixin.py:188} INFO - [2024-12-20T00:12:02.898+0000] {dagbag.py:538} INFO - Filling up the DagBag from /home/airflow/.local/lib/python3.11/site-packages/airflow/example_dags/example_dag_decorator.py
[2024-12-20T00:12:03.024+0000] {processor.py:840} INFO - DAG(s) 'example_dag_decorator' retrieved from /home/airflow/.local/lib/python3.11/site-packages/airflow/example_dags/example_dag_decorator.py
[2024-12-20T00:12:03.188+0000] {logging_mixin.py:188} INFO - [2024-12-20T00:12:03.188+0000] {dag.py:3036} INFO - Sync 1 DAGs
[2024-12-20T00:12:03.200+0000] {logging_mixin.py:188} INFO - [2024-12-20T00:12:03.200+0000] {dag.py:3823} INFO - Setting next_dagrun for example_dag_decorator to None, run_after=None
[2024-12-20T00:12:03.243+0000] {processor.py:183} INFO - Processing /home/airflow/.local/lib/python3.11/site-packages/airflow/example_dags/example_dag_decorator.py took 0.355 seconds
[2024-12-20T00:12:33.464+0000] {processor.py:161} INFO - Started process (PID=3930) to work on /home/airflow/.local/lib/python3.11/site-packages/airflow/example_dags/example_dag_decorator.py
[2024-12-20T00:12:33.466+0000] {processor.py:830} INFO - Processing file /home/airflow/.local/lib/python3.11/site-packages/airflow/example_dags/example_dag_decorator.py for tasks to queue
[2024-12-20T00:12:33.470+0000] {logging_mixin.py:188} INFO - [2024-12-20T00:12:33.469+0000] {dagbag.py:538} INFO - Filling up the DagBag from /home/airflow/.local/lib/python3.11/site-packages/airflow/example_dags/example_dag_decorator.py
[2024-12-20T00:12:33.614+0000] {processor.py:840} INFO - DAG(s) 'example_dag_decorator' retrieved from /home/airflow/.local/lib/python3.11/site-packages/airflow/example_dags/example_dag_decorator.py
[2024-12-20T00:12:33.791+0000] {logging_mixin.py:188} INFO - [2024-12-20T00:12:33.791+0000] {dag.py:3036} INFO - Sync 1 DAGs
[2024-12-20T00:12:33.803+0000] {logging_mixin.py:188} INFO - [2024-12-20T00:12:33.803+0000] {dag.py:3823} INFO - Setting next_dagrun for example_dag_decorator to None, run_after=None
[2024-12-20T00:12:33.827+0000] {processor.py:183} INFO - Processing /home/airflow/.local/lib/python3.11/site-packages/airflow/example_dags/example_dag_decorator.py took 0.368 seconds
[2024-12-20T09:17:26.275+0000] {processor.py:161} INFO - Started process (PID=3993) to work on /home/airflow/.local/lib/python3.11/site-packages/airflow/example_dags/example_dag_decorator.py
[2024-12-20T09:17:26.280+0000] {processor.py:830} INFO - Processing file /home/airflow/.local/lib/python3.11/site-packages/airflow/example_dags/example_dag_decorator.py for tasks to queue
[2024-12-20T09:17:26.288+0000] {logging_mixin.py:188} INFO - [2024-12-20T09:17:26.284+0000] {dagbag.py:538} INFO - Filling up the DagBag from /home/airflow/.local/lib/python3.11/site-packages/airflow/example_dags/example_dag_decorator.py
[2024-12-20T09:17:26.484+0000] {processor.py:840} INFO - DAG(s) 'example_dag_decorator' retrieved from /home/airflow/.local/lib/python3.11/site-packages/airflow/example_dags/example_dag_decorator.py
[2024-12-20T09:17:26.631+0000] {logging_mixin.py:188} INFO - [2024-12-20T09:17:26.630+0000] {dag.py:3036} INFO - Sync 1 DAGs
[2024-12-20T09:17:26.755+0000] {logging_mixin.py:188} INFO - [2024-12-20T09:17:26.754+0000] {dag.py:3823} INFO - Setting next_dagrun for example_dag_decorator to None, run_after=None
[2024-12-20T09:17:26.901+0000] {processor.py:183} INFO - Processing /home/airflow/.local/lib/python3.11/site-packages/airflow/example_dags/example_dag_decorator.py took 0.652 seconds
[2024-12-20T09:17:57.602+0000] {processor.py:161} INFO - Started process (PID=4066) to work on /home/airflow/.local/lib/python3.11/site-packages/airflow/example_dags/example_dag_decorator.py
[2024-12-20T09:17:57.603+0000] {processor.py:830} INFO - Processing file /home/airflow/.local/lib/python3.11/site-packages/airflow/example_dags/example_dag_decorator.py for tasks to queue
[2024-12-20T09:17:57.605+0000] {logging_mixin.py:188} INFO - [2024-12-20T09:17:57.604+0000] {dagbag.py:538} INFO - Filling up the DagBag from /home/airflow/.local/lib/python3.11/site-packages/airflow/example_dags/example_dag_decorator.py
[2024-12-20T09:17:57.749+0000] {processor.py:840} INFO - DAG(s) 'example_dag_decorator' retrieved from /home/airflow/.local/lib/python3.11/site-packages/airflow/example_dags/example_dag_decorator.py
[2024-12-20T09:17:57.888+0000] {logging_mixin.py:188} INFO - [2024-12-20T09:17:57.888+0000] {dag.py:3036} INFO - Sync 1 DAGs
[2024-12-20T09:17:58.066+0000] {logging_mixin.py:188} INFO - [2024-12-20T09:17:58.066+0000] {dag.py:3823} INFO - Setting next_dagrun for example_dag_decorator to None, run_after=None
[2024-12-20T09:17:58.095+0000] {processor.py:183} INFO - Processing /home/airflow/.local/lib/python3.11/site-packages/airflow/example_dags/example_dag_decorator.py took 0.497 seconds
[2024-12-20T09:18:29.008+0000] {processor.py:161} INFO - Started process (PID=4138) to work on /home/airflow/.local/lib/python3.11/site-packages/airflow/example_dags/example_dag_decorator.py
[2024-12-20T09:18:29.009+0000] {processor.py:830} INFO - Processing file /home/airflow/.local/lib/python3.11/site-packages/airflow/example_dags/example_dag_decorator.py for tasks to queue
[2024-12-20T09:18:29.011+0000] {logging_mixin.py:188} INFO - [2024-12-20T09:18:29.010+0000] {dagbag.py:538} INFO - Filling up the DagBag from /home/airflow/.local/lib/python3.11/site-packages/airflow/example_dags/example_dag_decorator.py
[2024-12-20T09:18:29.126+0000] {processor.py:840} INFO - DAG(s) 'example_dag_decorator' retrieved from /home/airflow/.local/lib/python3.11/site-packages/airflow/example_dags/example_dag_decorator.py
[2024-12-20T09:18:29.255+0000] {logging_mixin.py:188} INFO - [2024-12-20T09:18:29.254+0000] {dag.py:3036} INFO - Sync 1 DAGs
[2024-12-20T09:18:29.266+0000] {logging_mixin.py:188} INFO - [2024-12-20T09:18:29.266+0000] {dag.py:3823} INFO - Setting next_dagrun for example_dag_decorator to None, run_after=None
[2024-12-20T09:18:29.288+0000] {processor.py:183} INFO - Processing /home/airflow/.local/lib/python3.11/site-packages/airflow/example_dags/example_dag_decorator.py took 0.284 seconds
[2024-12-20T09:18:59.589+0000] {processor.py:161} INFO - Started process (PID=4217) to work on /home/airflow/.local/lib/python3.11/site-packages/airflow/example_dags/example_dag_decorator.py
[2024-12-20T09:18:59.590+0000] {processor.py:830} INFO - Processing file /home/airflow/.local/lib/python3.11/site-packages/airflow/example_dags/example_dag_decorator.py for tasks to queue
[2024-12-20T09:18:59.592+0000] {logging_mixin.py:188} INFO - [2024-12-20T09:18:59.592+0000] {dagbag.py:538} INFO - Filling up the DagBag from /home/airflow/.local/lib/python3.11/site-packages/airflow/example_dags/example_dag_decorator.py
[2024-12-20T09:18:59.736+0000] {processor.py:840} INFO - DAG(s) 'example_dag_decorator' retrieved from /home/airflow/.local/lib/python3.11/site-packages/airflow/example_dags/example_dag_decorator.py
[2024-12-20T09:18:59.891+0000] {logging_mixin.py:188} INFO - [2024-12-20T09:18:59.890+0000] {dag.py:3036} INFO - Sync 1 DAGs
[2024-12-20T09:18:59.905+0000] {logging_mixin.py:188} INFO - [2024-12-20T09:18:59.905+0000] {dag.py:3823} INFO - Setting next_dagrun for example_dag_decorator to None, run_after=None
[2024-12-20T09:18:59.936+0000] {processor.py:183} INFO - Processing /home/airflow/.local/lib/python3.11/site-packages/airflow/example_dags/example_dag_decorator.py took 0.351 seconds
[2024-12-20T09:19:30.432+0000] {processor.py:161} INFO - Started process (PID=4286) to work on /home/airflow/.local/lib/python3.11/site-packages/airflow/example_dags/example_dag_decorator.py
[2024-12-20T09:19:30.446+0000] {processor.py:830} INFO - Processing file /home/airflow/.local/lib/python3.11/site-packages/airflow/example_dags/example_dag_decorator.py for tasks to queue
[2024-12-20T09:19:30.448+0000] {logging_mixin.py:188} INFO - [2024-12-20T09:19:30.447+0000] {dagbag.py:538} INFO - Filling up the DagBag from /home/airflow/.local/lib/python3.11/site-packages/airflow/example_dags/example_dag_decorator.py
[2024-12-20T09:19:30.931+0000] {processor.py:840} INFO - DAG(s) 'example_dag_decorator' retrieved from /home/airflow/.local/lib/python3.11/site-packages/airflow/example_dags/example_dag_decorator.py
[2024-12-20T09:19:31.479+0000] {logging_mixin.py:188} INFO - [2024-12-20T09:19:31.479+0000] {dag.py:3036} INFO - Sync 1 DAGs
[2024-12-20T09:19:33.260+0000] {logging_mixin.py:188} INFO - [2024-12-20T09:19:33.248+0000] {dag.py:3823} INFO - Setting next_dagrun for example_dag_decorator to None, run_after=None
[2024-12-20T09:19:33.424+0000] {processor.py:183} INFO - Processing /home/airflow/.local/lib/python3.11/site-packages/airflow/example_dags/example_dag_decorator.py took 2.992 seconds
[2024-12-20T09:20:03.615+0000] {processor.py:161} INFO - Started process (PID=4362) to work on /home/airflow/.local/lib/python3.11/site-packages/airflow/example_dags/example_dag_decorator.py
[2024-12-20T09:20:03.617+0000] {processor.py:830} INFO - Processing file /home/airflow/.local/lib/python3.11/site-packages/airflow/example_dags/example_dag_decorator.py for tasks to queue
[2024-12-20T09:20:03.620+0000] {logging_mixin.py:188} INFO - [2024-12-20T09:20:03.619+0000] {dagbag.py:538} INFO - Filling up the DagBag from /home/airflow/.local/lib/python3.11/site-packages/airflow/example_dags/example_dag_decorator.py
[2024-12-20T09:20:03.859+0000] {processor.py:840} INFO - DAG(s) 'example_dag_decorator' retrieved from /home/airflow/.local/lib/python3.11/site-packages/airflow/example_dags/example_dag_decorator.py
[2024-12-20T09:20:04.118+0000] {logging_mixin.py:188} INFO - [2024-12-20T09:20:04.118+0000] {dag.py:3036} INFO - Sync 1 DAGs
[2024-12-20T09:20:04.145+0000] {logging_mixin.py:188} INFO - [2024-12-20T09:20:04.145+0000] {dag.py:3823} INFO - Setting next_dagrun for example_dag_decorator to None, run_after=None
[2024-12-20T09:20:04.524+0000] {processor.py:183} INFO - Processing /home/airflow/.local/lib/python3.11/site-packages/airflow/example_dags/example_dag_decorator.py took 0.915 seconds
[2024-12-20T09:20:34.957+0000] {processor.py:161} INFO - Started process (PID=4425) to work on /home/airflow/.local/lib/python3.11/site-packages/airflow/example_dags/example_dag_decorator.py
[2024-12-20T09:20:34.974+0000] {processor.py:830} INFO - Processing file /home/airflow/.local/lib/python3.11/site-packages/airflow/example_dags/example_dag_decorator.py for tasks to queue
[2024-12-20T09:20:35.007+0000] {logging_mixin.py:188} INFO - [2024-12-20T09:20:35.006+0000] {dagbag.py:538} INFO - Filling up the DagBag from /home/airflow/.local/lib/python3.11/site-packages/airflow/example_dags/example_dag_decorator.py
[2024-12-20T09:20:35.495+0000] {processor.py:840} INFO - DAG(s) 'example_dag_decorator' retrieved from /home/airflow/.local/lib/python3.11/site-packages/airflow/example_dags/example_dag_decorator.py
[2024-12-20T09:20:35.872+0000] {logging_mixin.py:188} INFO - [2024-12-20T09:20:35.872+0000] {dag.py:3036} INFO - Sync 1 DAGs
[2024-12-20T09:20:35.904+0000] {logging_mixin.py:188} INFO - [2024-12-20T09:20:35.904+0000] {dag.py:3823} INFO - Setting next_dagrun for example_dag_decorator to None, run_after=None
[2024-12-20T09:20:35.954+0000] {processor.py:183} INFO - Processing /home/airflow/.local/lib/python3.11/site-packages/airflow/example_dags/example_dag_decorator.py took 1.016 seconds
[2024-12-20T09:21:06.120+0000] {processor.py:161} INFO - Started process (PID=4495) to work on /home/airflow/.local/lib/python3.11/site-packages/airflow/example_dags/example_dag_decorator.py
[2024-12-20T09:21:06.121+0000] {processor.py:830} INFO - Processing file /home/airflow/.local/lib/python3.11/site-packages/airflow/example_dags/example_dag_decorator.py for tasks to queue
[2024-12-20T09:21:06.123+0000] {logging_mixin.py:188} INFO - [2024-12-20T09:21:06.123+0000] {dagbag.py:538} INFO - Filling up the DagBag from /home/airflow/.local/lib/python3.11/site-packages/airflow/example_dags/example_dag_decorator.py
[2024-12-20T09:21:06.284+0000] {processor.py:840} INFO - DAG(s) 'example_dag_decorator' retrieved from /home/airflow/.local/lib/python3.11/site-packages/airflow/example_dags/example_dag_decorator.py
[2024-12-20T09:21:06.448+0000] {logging_mixin.py:188} INFO - [2024-12-20T09:21:06.448+0000] {dag.py:3036} INFO - Sync 1 DAGs
[2024-12-20T09:21:06.472+0000] {logging_mixin.py:188} INFO - [2024-12-20T09:21:06.472+0000] {dag.py:3823} INFO - Setting next_dagrun for example_dag_decorator to None, run_after=None
[2024-12-20T09:21:06.514+0000] {processor.py:183} INFO - Processing /home/airflow/.local/lib/python3.11/site-packages/airflow/example_dags/example_dag_decorator.py took 0.398 seconds
[2024-12-20T09:21:37.243+0000] {processor.py:161} INFO - Started process (PID=4571) to work on /home/airflow/.local/lib/python3.11/site-packages/airflow/example_dags/example_dag_decorator.py
[2024-12-20T09:21:37.255+0000] {processor.py:830} INFO - Processing file /home/airflow/.local/lib/python3.11/site-packages/airflow/example_dags/example_dag_decorator.py for tasks to queue
[2024-12-20T09:21:37.265+0000] {logging_mixin.py:188} INFO - [2024-12-20T09:21:37.264+0000] {dagbag.py:538} INFO - Filling up the DagBag from /home/airflow/.local/lib/python3.11/site-packages/airflow/example_dags/example_dag_decorator.py
[2024-12-20T09:21:38.016+0000] {processor.py:840} INFO - DAG(s) 'example_dag_decorator' retrieved from /home/airflow/.local/lib/python3.11/site-packages/airflow/example_dags/example_dag_decorator.py
[2024-12-20T09:21:38.817+0000] {logging_mixin.py:188} INFO - [2024-12-20T09:21:38.815+0000] {dag.py:3036} INFO - Sync 1 DAGs
[2024-12-20T09:21:38.904+0000] {logging_mixin.py:188} INFO - [2024-12-20T09:21:38.903+0000] {dag.py:3823} INFO - Setting next_dagrun for example_dag_decorator to None, run_after=None
[2024-12-20T09:21:39.077+0000] {processor.py:183} INFO - Processing /home/airflow/.local/lib/python3.11/site-packages/airflow/example_dags/example_dag_decorator.py took 1.843 seconds
[2024-12-20T09:22:09.903+0000] {processor.py:161} INFO - Started process (PID=4639) to work on /home/airflow/.local/lib/python3.11/site-packages/airflow/example_dags/example_dag_decorator.py
[2024-12-20T09:22:09.910+0000] {processor.py:830} INFO - Processing file /home/airflow/.local/lib/python3.11/site-packages/airflow/example_dags/example_dag_decorator.py for tasks to queue
[2024-12-20T09:22:09.915+0000] {logging_mixin.py:188} INFO - [2024-12-20T09:22:09.914+0000] {dagbag.py:538} INFO - Filling up the DagBag from /home/airflow/.local/lib/python3.11/site-packages/airflow/example_dags/example_dag_decorator.py
[2024-12-20T09:22:10.236+0000] {processor.py:840} INFO - DAG(s) 'example_dag_decorator' retrieved from /home/airflow/.local/lib/python3.11/site-packages/airflow/example_dags/example_dag_decorator.py
[2024-12-20T09:22:10.580+0000] {logging_mixin.py:188} INFO - [2024-12-20T09:22:10.580+0000] {dag.py:3036} INFO - Sync 1 DAGs
[2024-12-20T09:22:10.887+0000] {logging_mixin.py:188} INFO - [2024-12-20T09:22:10.886+0000] {dag.py:3823} INFO - Setting next_dagrun for example_dag_decorator to None, run_after=None
[2024-12-20T09:22:10.951+0000] {processor.py:183} INFO - Processing /home/airflow/.local/lib/python3.11/site-packages/airflow/example_dags/example_dag_decorator.py took 1.055 seconds
[2024-12-20T09:22:41.269+0000] {processor.py:161} INFO - Started process (PID=4702) to work on /home/airflow/.local/lib/python3.11/site-packages/airflow/example_dags/example_dag_decorator.py
[2024-12-20T09:22:41.272+0000] {processor.py:830} INFO - Processing file /home/airflow/.local/lib/python3.11/site-packages/airflow/example_dags/example_dag_decorator.py for tasks to queue
[2024-12-20T09:22:41.284+0000] {logging_mixin.py:188} INFO - [2024-12-20T09:22:41.283+0000] {dagbag.py:538} INFO - Filling up the DagBag from /home/airflow/.local/lib/python3.11/site-packages/airflow/example_dags/example_dag_decorator.py
[2024-12-20T09:22:41.651+0000] {processor.py:840} INFO - DAG(s) 'example_dag_decorator' retrieved from /home/airflow/.local/lib/python3.11/site-packages/airflow/example_dags/example_dag_decorator.py
[2024-12-20T09:22:41.879+0000] {logging_mixin.py:188} INFO - [2024-12-20T09:22:41.879+0000] {dag.py:3036} INFO - Sync 1 DAGs
[2024-12-20T09:22:41.898+0000] {logging_mixin.py:188} INFO - [2024-12-20T09:22:41.898+0000] {dag.py:3823} INFO - Setting next_dagrun for example_dag_decorator to None, run_after=None
[2024-12-20T09:22:41.954+0000] {processor.py:183} INFO - Processing /home/airflow/.local/lib/python3.11/site-packages/airflow/example_dags/example_dag_decorator.py took 0.696 seconds
[2024-12-20T09:23:12.541+0000] {processor.py:161} INFO - Started process (PID=4773) to work on /home/airflow/.local/lib/python3.11/site-packages/airflow/example_dags/example_dag_decorator.py
[2024-12-20T09:23:12.542+0000] {processor.py:830} INFO - Processing file /home/airflow/.local/lib/python3.11/site-packages/airflow/example_dags/example_dag_decorator.py for tasks to queue
[2024-12-20T09:23:12.544+0000] {logging_mixin.py:188} INFO - [2024-12-20T09:23:12.543+0000] {dagbag.py:538} INFO - Filling up the DagBag from /home/airflow/.local/lib/python3.11/site-packages/airflow/example_dags/example_dag_decorator.py
[2024-12-20T09:23:12.699+0000] {processor.py:840} INFO - DAG(s) 'example_dag_decorator' retrieved from /home/airflow/.local/lib/python3.11/site-packages/airflow/example_dags/example_dag_decorator.py
[2024-12-20T09:23:12.742+0000] {logging_mixin.py:188} INFO - [2024-12-20T09:23:12.742+0000] {dag.py:3036} INFO - Sync 1 DAGs
[2024-12-20T09:23:12.763+0000] {logging_mixin.py:188} INFO - [2024-12-20T09:23:12.763+0000] {dag.py:3823} INFO - Setting next_dagrun for example_dag_decorator to None, run_after=None
[2024-12-20T09:23:12.802+0000] {processor.py:183} INFO - Processing /home/airflow/.local/lib/python3.11/site-packages/airflow/example_dags/example_dag_decorator.py took 0.266 seconds
[2024-12-20T09:23:43.344+0000] {processor.py:161} INFO - Started process (PID=4847) to work on /home/airflow/.local/lib/python3.11/site-packages/airflow/example_dags/example_dag_decorator.py
[2024-12-20T09:23:43.346+0000] {processor.py:830} INFO - Processing file /home/airflow/.local/lib/python3.11/site-packages/airflow/example_dags/example_dag_decorator.py for tasks to queue
[2024-12-20T09:23:43.348+0000] {logging_mixin.py:188} INFO - [2024-12-20T09:23:43.348+0000] {dagbag.py:538} INFO - Filling up the DagBag from /home/airflow/.local/lib/python3.11/site-packages/airflow/example_dags/example_dag_decorator.py
[2024-12-20T09:23:43.508+0000] {processor.py:840} INFO - DAG(s) 'example_dag_decorator' retrieved from /home/airflow/.local/lib/python3.11/site-packages/airflow/example_dags/example_dag_decorator.py
[2024-12-20T09:23:43.675+0000] {logging_mixin.py:188} INFO - [2024-12-20T09:23:43.674+0000] {dag.py:3036} INFO - Sync 1 DAGs
[2024-12-20T09:23:43.881+0000] {logging_mixin.py:188} INFO - [2024-12-20T09:23:43.881+0000] {dag.py:3823} INFO - Setting next_dagrun for example_dag_decorator to None, run_after=None
[2024-12-20T09:23:43.927+0000] {processor.py:183} INFO - Processing /home/airflow/.local/lib/python3.11/site-packages/airflow/example_dags/example_dag_decorator.py took 0.591 seconds
[2024-12-20T09:24:14.045+0000] {processor.py:161} INFO - Started process (PID=4919) to work on /home/airflow/.local/lib/python3.11/site-packages/airflow/example_dags/example_dag_decorator.py
[2024-12-20T09:24:14.047+0000] {processor.py:830} INFO - Processing file /home/airflow/.local/lib/python3.11/site-packages/airflow/example_dags/example_dag_decorator.py for tasks to queue
[2024-12-20T09:24:14.049+0000] {logging_mixin.py:188} INFO - [2024-12-20T09:24:14.049+0000] {dagbag.py:538} INFO - Filling up the DagBag from /home/airflow/.local/lib/python3.11/site-packages/airflow/example_dags/example_dag_decorator.py
[2024-12-20T09:24:14.204+0000] {processor.py:840} INFO - DAG(s) 'example_dag_decorator' retrieved from /home/airflow/.local/lib/python3.11/site-packages/airflow/example_dags/example_dag_decorator.py
[2024-12-20T09:24:14.362+0000] {logging_mixin.py:188} INFO - [2024-12-20T09:24:14.362+0000] {dag.py:3036} INFO - Sync 1 DAGs
[2024-12-20T09:24:14.378+0000] {logging_mixin.py:188} INFO - [2024-12-20T09:24:14.378+0000] {dag.py:3823} INFO - Setting next_dagrun for example_dag_decorator to None, run_after=None
[2024-12-20T09:24:14.408+0000] {processor.py:183} INFO - Processing /home/airflow/.local/lib/python3.11/site-packages/airflow/example_dags/example_dag_decorator.py took 0.370 seconds
[2024-12-20T09:24:44.720+0000] {processor.py:161} INFO - Started process (PID=4991) to work on /home/airflow/.local/lib/python3.11/site-packages/airflow/example_dags/example_dag_decorator.py
[2024-12-20T09:24:44.722+0000] {processor.py:830} INFO - Processing file /home/airflow/.local/lib/python3.11/site-packages/airflow/example_dags/example_dag_decorator.py for tasks to queue
[2024-12-20T09:24:44.723+0000] {logging_mixin.py:188} INFO - [2024-12-20T09:24:44.723+0000] {dagbag.py:538} INFO - Filling up the DagBag from /home/airflow/.local/lib/python3.11/site-packages/airflow/example_dags/example_dag_decorator.py
[2024-12-20T09:24:44.842+0000] {processor.py:840} INFO - DAG(s) 'example_dag_decorator' retrieved from /home/airflow/.local/lib/python3.11/site-packages/airflow/example_dags/example_dag_decorator.py
[2024-12-20T09:24:44.873+0000] {logging_mixin.py:188} INFO - [2024-12-20T09:24:44.873+0000] {dag.py:3036} INFO - Sync 1 DAGs
[2024-12-20T09:24:44.889+0000] {logging_mixin.py:188} INFO - [2024-12-20T09:24:44.888+0000] {dag.py:3823} INFO - Setting next_dagrun for example_dag_decorator to None, run_after=None
[2024-12-20T09:24:44.912+0000] {processor.py:183} INFO - Processing /home/airflow/.local/lib/python3.11/site-packages/airflow/example_dags/example_dag_decorator.py took 0.196 seconds
[2024-12-20T09:25:15.084+0000] {processor.py:161} INFO - Started process (PID=5054) to work on /home/airflow/.local/lib/python3.11/site-packages/airflow/example_dags/example_dag_decorator.py
[2024-12-20T09:25:15.085+0000] {processor.py:830} INFO - Processing file /home/airflow/.local/lib/python3.11/site-packages/airflow/example_dags/example_dag_decorator.py for tasks to queue
[2024-12-20T09:25:15.087+0000] {logging_mixin.py:188} INFO - [2024-12-20T09:25:15.086+0000] {dagbag.py:538} INFO - Filling up the DagBag from /home/airflow/.local/lib/python3.11/site-packages/airflow/example_dags/example_dag_decorator.py
[2024-12-20T09:25:15.255+0000] {processor.py:840} INFO - DAG(s) 'example_dag_decorator' retrieved from /home/airflow/.local/lib/python3.11/site-packages/airflow/example_dags/example_dag_decorator.py
[2024-12-20T09:25:15.423+0000] {logging_mixin.py:188} INFO - [2024-12-20T09:25:15.423+0000] {dag.py:3036} INFO - Sync 1 DAGs
[2024-12-20T09:25:15.627+0000] {logging_mixin.py:188} INFO - [2024-12-20T09:25:15.626+0000] {dag.py:3823} INFO - Setting next_dagrun for example_dag_decorator to None, run_after=None
[2024-12-20T09:25:15.660+0000] {processor.py:183} INFO - Processing /home/airflow/.local/lib/python3.11/site-packages/airflow/example_dags/example_dag_decorator.py took 0.581 seconds
[2024-12-20T09:25:46.253+0000] {processor.py:161} INFO - Started process (PID=5133) to work on /home/airflow/.local/lib/python3.11/site-packages/airflow/example_dags/example_dag_decorator.py
[2024-12-20T09:25:46.254+0000] {processor.py:830} INFO - Processing file /home/airflow/.local/lib/python3.11/site-packages/airflow/example_dags/example_dag_decorator.py for tasks to queue
[2024-12-20T09:25:46.256+0000] {logging_mixin.py:188} INFO - [2024-12-20T09:25:46.255+0000] {dagbag.py:538} INFO - Filling up the DagBag from /home/airflow/.local/lib/python3.11/site-packages/airflow/example_dags/example_dag_decorator.py
[2024-12-20T09:25:46.435+0000] {processor.py:840} INFO - DAG(s) 'example_dag_decorator' retrieved from /home/airflow/.local/lib/python3.11/site-packages/airflow/example_dags/example_dag_decorator.py
[2024-12-20T09:25:46.846+0000] {logging_mixin.py:188} INFO - [2024-12-20T09:25:46.846+0000] {dag.py:3036} INFO - Sync 1 DAGs
[2024-12-20T09:25:46.864+0000] {logging_mixin.py:188} INFO - [2024-12-20T09:25:46.863+0000] {dag.py:3823} INFO - Setting next_dagrun for example_dag_decorator to None, run_after=None
[2024-12-20T09:25:46.900+0000] {processor.py:183} INFO - Processing /home/airflow/.local/lib/python3.11/site-packages/airflow/example_dags/example_dag_decorator.py took 0.652 seconds
[2024-12-20T09:26:17.745+0000] {processor.py:161} INFO - Started process (PID=5209) to work on /home/airflow/.local/lib/python3.11/site-packages/airflow/example_dags/example_dag_decorator.py
[2024-12-20T09:26:17.746+0000] {processor.py:830} INFO - Processing file /home/airflow/.local/lib/python3.11/site-packages/airflow/example_dags/example_dag_decorator.py for tasks to queue
[2024-12-20T09:26:17.748+0000] {logging_mixin.py:188} INFO - [2024-12-20T09:26:17.747+0000] {dagbag.py:538} INFO - Filling up the DagBag from /home/airflow/.local/lib/python3.11/site-packages/airflow/example_dags/example_dag_decorator.py
[2024-12-20T09:26:17.976+0000] {processor.py:840} INFO - DAG(s) 'example_dag_decorator' retrieved from /home/airflow/.local/lib/python3.11/site-packages/airflow/example_dags/example_dag_decorator.py
[2024-12-20T09:26:18.350+0000] {logging_mixin.py:188} INFO - [2024-12-20T09:26:18.350+0000] {dag.py:3036} INFO - Sync 1 DAGs
[2024-12-20T09:26:18.362+0000] {logging_mixin.py:188} INFO - [2024-12-20T09:26:18.362+0000] {dag.py:3823} INFO - Setting next_dagrun for example_dag_decorator to None, run_after=None
[2024-12-20T09:26:18.393+0000] {processor.py:183} INFO - Processing /home/airflow/.local/lib/python3.11/site-packages/airflow/example_dags/example_dag_decorator.py took 0.652 seconds
[2024-12-20T09:26:48.560+0000] {processor.py:161} INFO - Started process (PID=5281) to work on /home/airflow/.local/lib/python3.11/site-packages/airflow/example_dags/example_dag_decorator.py
[2024-12-20T09:26:48.562+0000] {processor.py:830} INFO - Processing file /home/airflow/.local/lib/python3.11/site-packages/airflow/example_dags/example_dag_decorator.py for tasks to queue
[2024-12-20T09:26:48.568+0000] {logging_mixin.py:188} INFO - [2024-12-20T09:26:48.567+0000] {dagbag.py:538} INFO - Filling up the DagBag from /home/airflow/.local/lib/python3.11/site-packages/airflow/example_dags/example_dag_decorator.py
[2024-12-20T09:26:48.741+0000] {processor.py:840} INFO - DAG(s) 'example_dag_decorator' retrieved from /home/airflow/.local/lib/python3.11/site-packages/airflow/example_dags/example_dag_decorator.py
[2024-12-20T09:26:49.052+0000] {logging_mixin.py:188} INFO - [2024-12-20T09:26:49.052+0000] {dag.py:3036} INFO - Sync 1 DAGs
[2024-12-20T09:26:49.069+0000] {logging_mixin.py:188} INFO - [2024-12-20T09:26:49.068+0000] {dag.py:3823} INFO - Setting next_dagrun for example_dag_decorator to None, run_after=None
[2024-12-20T09:26:49.108+0000] {processor.py:183} INFO - Processing /home/airflow/.local/lib/python3.11/site-packages/airflow/example_dags/example_dag_decorator.py took 0.555 seconds
[2024-12-20T09:27:19.300+0000] {processor.py:161} INFO - Started process (PID=5354) to work on /home/airflow/.local/lib/python3.11/site-packages/airflow/example_dags/example_dag_decorator.py
[2024-12-20T09:27:19.302+0000] {processor.py:830} INFO - Processing file /home/airflow/.local/lib/python3.11/site-packages/airflow/example_dags/example_dag_decorator.py for tasks to queue
[2024-12-20T09:27:19.304+0000] {logging_mixin.py:188} INFO - [2024-12-20T09:27:19.304+0000] {dagbag.py:538} INFO - Filling up the DagBag from /home/airflow/.local/lib/python3.11/site-packages/airflow/example_dags/example_dag_decorator.py
[2024-12-20T09:27:19.502+0000] {processor.py:840} INFO - DAG(s) 'example_dag_decorator' retrieved from /home/airflow/.local/lib/python3.11/site-packages/airflow/example_dags/example_dag_decorator.py
[2024-12-20T09:27:19.834+0000] {logging_mixin.py:188} INFO - [2024-12-20T09:27:19.834+0000] {dag.py:3036} INFO - Sync 1 DAGs
[2024-12-20T09:27:19.848+0000] {logging_mixin.py:188} INFO - [2024-12-20T09:27:19.848+0000] {dag.py:3823} INFO - Setting next_dagrun for example_dag_decorator to None, run_after=None
[2024-12-20T09:27:19.880+0000] {processor.py:183} INFO - Processing /home/airflow/.local/lib/python3.11/site-packages/airflow/example_dags/example_dag_decorator.py took 0.587 seconds
[2024-12-20T09:27:50.521+0000] {processor.py:161} INFO - Started process (PID=5427) to work on /home/airflow/.local/lib/python3.11/site-packages/airflow/example_dags/example_dag_decorator.py
[2024-12-20T09:27:50.523+0000] {processor.py:830} INFO - Processing file /home/airflow/.local/lib/python3.11/site-packages/airflow/example_dags/example_dag_decorator.py for tasks to queue
[2024-12-20T09:27:50.525+0000] {logging_mixin.py:188} INFO - [2024-12-20T09:27:50.524+0000] {dagbag.py:538} INFO - Filling up the DagBag from /home/airflow/.local/lib/python3.11/site-packages/airflow/example_dags/example_dag_decorator.py
[2024-12-20T09:27:50.656+0000] {processor.py:840} INFO - DAG(s) 'example_dag_decorator' retrieved from /home/airflow/.local/lib/python3.11/site-packages/airflow/example_dags/example_dag_decorator.py
[2024-12-20T09:27:51.022+0000] {logging_mixin.py:188} INFO - [2024-12-20T09:27:51.022+0000] {dag.py:3036} INFO - Sync 1 DAGs
[2024-12-20T09:27:51.036+0000] {logging_mixin.py:188} INFO - [2024-12-20T09:27:51.036+0000] {dag.py:3823} INFO - Setting next_dagrun for example_dag_decorator to None, run_after=None
[2024-12-20T09:27:51.071+0000] {processor.py:183} INFO - Processing /home/airflow/.local/lib/python3.11/site-packages/airflow/example_dags/example_dag_decorator.py took 0.555 seconds
[2024-12-20T09:28:21.942+0000] {processor.py:161} INFO - Started process (PID=5503) to work on /home/airflow/.local/lib/python3.11/site-packages/airflow/example_dags/example_dag_decorator.py
[2024-12-20T09:28:21.944+0000] {processor.py:830} INFO - Processing file /home/airflow/.local/lib/python3.11/site-packages/airflow/example_dags/example_dag_decorator.py for tasks to queue
[2024-12-20T09:28:21.946+0000] {logging_mixin.py:188} INFO - [2024-12-20T09:28:21.946+0000] {dagbag.py:538} INFO - Filling up the DagBag from /home/airflow/.local/lib/python3.11/site-packages/airflow/example_dags/example_dag_decorator.py
[2024-12-20T09:28:22.137+0000] {processor.py:840} INFO - DAG(s) 'example_dag_decorator' retrieved from /home/airflow/.local/lib/python3.11/site-packages/airflow/example_dags/example_dag_decorator.py
[2024-12-20T09:28:22.490+0000] {logging_mixin.py:188} INFO - [2024-12-20T09:28:22.489+0000] {dag.py:3036} INFO - Sync 1 DAGs
[2024-12-20T09:28:22.508+0000] {logging_mixin.py:188} INFO - [2024-12-20T09:28:22.508+0000] {dag.py:3823} INFO - Setting next_dagrun for example_dag_decorator to None, run_after=None
[2024-12-20T09:28:22.550+0000] {processor.py:183} INFO - Processing /home/airflow/.local/lib/python3.11/site-packages/airflow/example_dags/example_dag_decorator.py took 0.616 seconds
