[2024-12-20T00:00:12.248+0000] {processor.py:161} INFO - Started process (PID=2140) to work on /home/airflow/.local/lib/python3.11/site-packages/airflow/example_dags/example_branch_python_dop_operator_3.py
[2024-12-20T00:00:12.250+0000] {processor.py:830} INFO - Processing file /home/airflow/.local/lib/python3.11/site-packages/airflow/example_dags/example_branch_python_dop_operator_3.py for tasks to queue
[2024-12-20T00:00:12.252+0000] {logging_mixin.py:188} INFO - [2024-12-20T00:00:12.252+0000] {dagbag.py:538} INFO - Filling up the DagBag from /home/airflow/.local/lib/python3.11/site-packages/airflow/example_dags/example_branch_python_dop_operator_3.py
[2024-12-20T00:00:12.262+0000] {processor.py:840} INFO - DAG(s) 'example_branch_dop_operator_v3' retrieved from /home/airflow/.local/lib/python3.11/site-packages/airflow/example_dags/example_branch_python_dop_operator_3.py
[2024-12-20T00:00:12.285+0000] {logging_mixin.py:188} INFO - [2024-12-20T00:00:12.285+0000] {dag.py:3036} INFO - Sync 1 DAGs
[2024-12-20T00:00:12.313+0000] {logging_mixin.py:188} INFO - [2024-12-20T00:00:12.313+0000] {dag.py:3823} INFO - Setting next_dagrun for example_branch_dop_operator_v3 to 2024-12-19 23:59:00+00:00, run_after=2024-12-20 00:00:00+00:00
[2024-12-20T00:00:12.337+0000] {processor.py:183} INFO - Processing /home/airflow/.local/lib/python3.11/site-packages/airflow/example_dags/example_branch_python_dop_operator_3.py took 0.092 seconds
[2024-12-20T00:00:42.712+0000] {processor.py:161} INFO - Started process (PID=2212) to work on /home/airflow/.local/lib/python3.11/site-packages/airflow/example_dags/example_branch_python_dop_operator_3.py
[2024-12-20T00:00:42.714+0000] {processor.py:830} INFO - Processing file /home/airflow/.local/lib/python3.11/site-packages/airflow/example_dags/example_branch_python_dop_operator_3.py for tasks to queue
[2024-12-20T00:00:42.718+0000] {logging_mixin.py:188} INFO - [2024-12-20T00:00:42.717+0000] {dagbag.py:538} INFO - Filling up the DagBag from /home/airflow/.local/lib/python3.11/site-packages/airflow/example_dags/example_branch_python_dop_operator_3.py
[2024-12-20T00:00:42.735+0000] {processor.py:840} INFO - DAG(s) 'example_branch_dop_operator_v3' retrieved from /home/airflow/.local/lib/python3.11/site-packages/airflow/example_dags/example_branch_python_dop_operator_3.py
[2024-12-20T00:00:42.762+0000] {logging_mixin.py:188} INFO - [2024-12-20T00:00:42.762+0000] {dag.py:3036} INFO - Sync 1 DAGs
[2024-12-20T00:00:42.795+0000] {logging_mixin.py:188} INFO - [2024-12-20T00:00:42.795+0000] {dag.py:3823} INFO - Setting next_dagrun for example_branch_dop_operator_v3 to 2024-12-19 23:59:00+00:00, run_after=2024-12-20 00:00:00+00:00
[2024-12-20T00:00:42.826+0000] {processor.py:183} INFO - Processing /home/airflow/.local/lib/python3.11/site-packages/airflow/example_dags/example_branch_python_dop_operator_3.py took 0.122 seconds
[2024-12-20T00:01:13.267+0000] {processor.py:161} INFO - Started process (PID=2284) to work on /home/airflow/.local/lib/python3.11/site-packages/airflow/example_dags/example_branch_python_dop_operator_3.py
[2024-12-20T00:01:13.268+0000] {processor.py:830} INFO - Processing file /home/airflow/.local/lib/python3.11/site-packages/airflow/example_dags/example_branch_python_dop_operator_3.py for tasks to queue
[2024-12-20T00:01:13.271+0000] {logging_mixin.py:188} INFO - [2024-12-20T00:01:13.270+0000] {dagbag.py:538} INFO - Filling up the DagBag from /home/airflow/.local/lib/python3.11/site-packages/airflow/example_dags/example_branch_python_dop_operator_3.py
[2024-12-20T00:01:13.282+0000] {processor.py:840} INFO - DAG(s) 'example_branch_dop_operator_v3' retrieved from /home/airflow/.local/lib/python3.11/site-packages/airflow/example_dags/example_branch_python_dop_operator_3.py
[2024-12-20T00:01:13.305+0000] {logging_mixin.py:188} INFO - [2024-12-20T00:01:13.305+0000] {dag.py:3036} INFO - Sync 1 DAGs
[2024-12-20T00:01:13.334+0000] {logging_mixin.py:188} INFO - [2024-12-20T00:01:13.334+0000] {dag.py:3823} INFO - Setting next_dagrun for example_branch_dop_operator_v3 to 2024-12-20 00:00:00+00:00, run_after=2024-12-20 00:01:00+00:00
[2024-12-20T00:01:13.358+0000] {processor.py:183} INFO - Processing /home/airflow/.local/lib/python3.11/site-packages/airflow/example_dags/example_branch_python_dop_operator_3.py took 0.095 seconds
[2024-12-20T00:01:43.738+0000] {processor.py:161} INFO - Started process (PID=2356) to work on /home/airflow/.local/lib/python3.11/site-packages/airflow/example_dags/example_branch_python_dop_operator_3.py
[2024-12-20T00:01:43.741+0000] {processor.py:830} INFO - Processing file /home/airflow/.local/lib/python3.11/site-packages/airflow/example_dags/example_branch_python_dop_operator_3.py for tasks to queue
[2024-12-20T00:01:43.746+0000] {logging_mixin.py:188} INFO - [2024-12-20T00:01:43.745+0000] {dagbag.py:538} INFO - Filling up the DagBag from /home/airflow/.local/lib/python3.11/site-packages/airflow/example_dags/example_branch_python_dop_operator_3.py
[2024-12-20T00:01:43.767+0000] {processor.py:840} INFO - DAG(s) 'example_branch_dop_operator_v3' retrieved from /home/airflow/.local/lib/python3.11/site-packages/airflow/example_dags/example_branch_python_dop_operator_3.py
[2024-12-20T00:01:43.807+0000] {logging_mixin.py:188} INFO - [2024-12-20T00:01:43.807+0000] {dag.py:3036} INFO - Sync 1 DAGs
[2024-12-20T00:01:43.855+0000] {logging_mixin.py:188} INFO - [2024-12-20T00:01:43.855+0000] {dag.py:3823} INFO - Setting next_dagrun for example_branch_dop_operator_v3 to 2024-12-20 00:00:00+00:00, run_after=2024-12-20 00:01:00+00:00
[2024-12-20T00:01:43.894+0000] {processor.py:183} INFO - Processing /home/airflow/.local/lib/python3.11/site-packages/airflow/example_dags/example_branch_python_dop_operator_3.py took 0.163 seconds
[2024-12-20T00:02:14.789+0000] {processor.py:161} INFO - Started process (PID=2435) to work on /home/airflow/.local/lib/python3.11/site-packages/airflow/example_dags/example_branch_python_dop_operator_3.py
[2024-12-20T00:02:14.791+0000] {processor.py:830} INFO - Processing file /home/airflow/.local/lib/python3.11/site-packages/airflow/example_dags/example_branch_python_dop_operator_3.py for tasks to queue
[2024-12-20T00:02:14.796+0000] {logging_mixin.py:188} INFO - [2024-12-20T00:02:14.795+0000] {dagbag.py:538} INFO - Filling up the DagBag from /home/airflow/.local/lib/python3.11/site-packages/airflow/example_dags/example_branch_python_dop_operator_3.py
[2024-12-20T00:02:14.815+0000] {processor.py:840} INFO - DAG(s) 'example_branch_dop_operator_v3' retrieved from /home/airflow/.local/lib/python3.11/site-packages/airflow/example_dags/example_branch_python_dop_operator_3.py
[2024-12-20T00:02:14.855+0000] {logging_mixin.py:188} INFO - [2024-12-20T00:02:14.854+0000] {dag.py:3036} INFO - Sync 1 DAGs
[2024-12-20T00:02:14.899+0000] {logging_mixin.py:188} INFO - [2024-12-20T00:02:14.898+0000] {dag.py:3823} INFO - Setting next_dagrun for example_branch_dop_operator_v3 to 2024-12-20 00:01:00+00:00, run_after=2024-12-20 00:02:00+00:00
[2024-12-20T00:02:14.924+0000] {processor.py:183} INFO - Processing /home/airflow/.local/lib/python3.11/site-packages/airflow/example_dags/example_branch_python_dop_operator_3.py took 0.142 seconds
[2024-12-20T00:02:45.265+0000] {processor.py:161} INFO - Started process (PID=2507) to work on /home/airflow/.local/lib/python3.11/site-packages/airflow/example_dags/example_branch_python_dop_operator_3.py
[2024-12-20T00:02:45.267+0000] {processor.py:830} INFO - Processing file /home/airflow/.local/lib/python3.11/site-packages/airflow/example_dags/example_branch_python_dop_operator_3.py for tasks to queue
[2024-12-20T00:02:45.269+0000] {logging_mixin.py:188} INFO - [2024-12-20T00:02:45.268+0000] {dagbag.py:538} INFO - Filling up the DagBag from /home/airflow/.local/lib/python3.11/site-packages/airflow/example_dags/example_branch_python_dop_operator_3.py
[2024-12-20T00:02:45.279+0000] {processor.py:840} INFO - DAG(s) 'example_branch_dop_operator_v3' retrieved from /home/airflow/.local/lib/python3.11/site-packages/airflow/example_dags/example_branch_python_dop_operator_3.py
[2024-12-20T00:02:45.303+0000] {logging_mixin.py:188} INFO - [2024-12-20T00:02:45.303+0000] {dag.py:3036} INFO - Sync 1 DAGs
[2024-12-20T00:02:45.336+0000] {logging_mixin.py:188} INFO - [2024-12-20T00:02:45.336+0000] {dag.py:3823} INFO - Setting next_dagrun for example_branch_dop_operator_v3 to 2024-12-20 00:01:00+00:00, run_after=2024-12-20 00:02:00+00:00
[2024-12-20T00:02:45.362+0000] {processor.py:183} INFO - Processing /home/airflow/.local/lib/python3.11/site-packages/airflow/example_dags/example_branch_python_dop_operator_3.py took 0.101 seconds
[2024-12-20T00:03:15.899+0000] {processor.py:161} INFO - Started process (PID=2579) to work on /home/airflow/.local/lib/python3.11/site-packages/airflow/example_dags/example_branch_python_dop_operator_3.py
[2024-12-20T00:03:15.901+0000] {processor.py:830} INFO - Processing file /home/airflow/.local/lib/python3.11/site-packages/airflow/example_dags/example_branch_python_dop_operator_3.py for tasks to queue
[2024-12-20T00:03:15.905+0000] {logging_mixin.py:188} INFO - [2024-12-20T00:03:15.905+0000] {dagbag.py:538} INFO - Filling up the DagBag from /home/airflow/.local/lib/python3.11/site-packages/airflow/example_dags/example_branch_python_dop_operator_3.py
[2024-12-20T00:03:15.922+0000] {processor.py:840} INFO - DAG(s) 'example_branch_dop_operator_v3' retrieved from /home/airflow/.local/lib/python3.11/site-packages/airflow/example_dags/example_branch_python_dop_operator_3.py
[2024-12-20T00:03:15.948+0000] {logging_mixin.py:188} INFO - [2024-12-20T00:03:15.948+0000] {dag.py:3036} INFO - Sync 1 DAGs
[2024-12-20T00:03:15.978+0000] {logging_mixin.py:188} INFO - [2024-12-20T00:03:15.978+0000] {dag.py:3823} INFO - Setting next_dagrun for example_branch_dop_operator_v3 to 2024-12-20 00:02:00+00:00, run_after=2024-12-20 00:03:00+00:00
[2024-12-20T00:03:16.010+0000] {processor.py:183} INFO - Processing /home/airflow/.local/lib/python3.11/site-packages/airflow/example_dags/example_branch_python_dop_operator_3.py took 0.118 seconds
[2024-12-20T00:03:46.230+0000] {processor.py:161} INFO - Started process (PID=2658) to work on /home/airflow/.local/lib/python3.11/site-packages/airflow/example_dags/example_branch_python_dop_operator_3.py
[2024-12-20T00:03:46.232+0000] {processor.py:830} INFO - Processing file /home/airflow/.local/lib/python3.11/site-packages/airflow/example_dags/example_branch_python_dop_operator_3.py for tasks to queue
[2024-12-20T00:03:46.236+0000] {logging_mixin.py:188} INFO - [2024-12-20T00:03:46.235+0000] {dagbag.py:538} INFO - Filling up the DagBag from /home/airflow/.local/lib/python3.11/site-packages/airflow/example_dags/example_branch_python_dop_operator_3.py
[2024-12-20T00:03:46.254+0000] {processor.py:840} INFO - DAG(s) 'example_branch_dop_operator_v3' retrieved from /home/airflow/.local/lib/python3.11/site-packages/airflow/example_dags/example_branch_python_dop_operator_3.py
[2024-12-20T00:03:46.277+0000] {logging_mixin.py:188} INFO - [2024-12-20T00:03:46.277+0000] {dag.py:3036} INFO - Sync 1 DAGs
[2024-12-20T00:03:46.307+0000] {logging_mixin.py:188} INFO - [2024-12-20T00:03:46.307+0000] {dag.py:3823} INFO - Setting next_dagrun for example_branch_dop_operator_v3 to 2024-12-20 00:02:00+00:00, run_after=2024-12-20 00:03:00+00:00
[2024-12-20T00:03:46.340+0000] {processor.py:183} INFO - Processing /home/airflow/.local/lib/python3.11/site-packages/airflow/example_dags/example_branch_python_dop_operator_3.py took 0.117 seconds
[2024-12-20T00:04:16.441+0000] {processor.py:161} INFO - Started process (PID=2730) to work on /home/airflow/.local/lib/python3.11/site-packages/airflow/example_dags/example_branch_python_dop_operator_3.py
[2024-12-20T00:04:16.443+0000] {processor.py:830} INFO - Processing file /home/airflow/.local/lib/python3.11/site-packages/airflow/example_dags/example_branch_python_dop_operator_3.py for tasks to queue
[2024-12-20T00:04:16.446+0000] {logging_mixin.py:188} INFO - [2024-12-20T00:04:16.446+0000] {dagbag.py:538} INFO - Filling up the DagBag from /home/airflow/.local/lib/python3.11/site-packages/airflow/example_dags/example_branch_python_dop_operator_3.py
[2024-12-20T00:04:16.463+0000] {processor.py:840} INFO - DAG(s) 'example_branch_dop_operator_v3' retrieved from /home/airflow/.local/lib/python3.11/site-packages/airflow/example_dags/example_branch_python_dop_operator_3.py
[2024-12-20T00:04:16.493+0000] {logging_mixin.py:188} INFO - [2024-12-20T00:04:16.493+0000] {dag.py:3036} INFO - Sync 1 DAGs
[2024-12-20T00:04:16.538+0000] {logging_mixin.py:188} INFO - [2024-12-20T00:04:16.537+0000] {dag.py:3823} INFO - Setting next_dagrun for example_branch_dop_operator_v3 to 2024-12-20 00:03:00+00:00, run_after=2024-12-20 00:04:00+00:00
[2024-12-20T00:04:16.572+0000] {processor.py:183} INFO - Processing /home/airflow/.local/lib/python3.11/site-packages/airflow/example_dags/example_branch_python_dop_operator_3.py took 0.136 seconds
[2024-12-20T00:04:46.798+0000] {processor.py:161} INFO - Started process (PID=2802) to work on /home/airflow/.local/lib/python3.11/site-packages/airflow/example_dags/example_branch_python_dop_operator_3.py
[2024-12-20T00:04:46.800+0000] {processor.py:830} INFO - Processing file /home/airflow/.local/lib/python3.11/site-packages/airflow/example_dags/example_branch_python_dop_operator_3.py for tasks to queue
[2024-12-20T00:04:46.802+0000] {logging_mixin.py:188} INFO - [2024-12-20T00:04:46.802+0000] {dagbag.py:538} INFO - Filling up the DagBag from /home/airflow/.local/lib/python3.11/site-packages/airflow/example_dags/example_branch_python_dop_operator_3.py
[2024-12-20T00:04:46.815+0000] {processor.py:840} INFO - DAG(s) 'example_branch_dop_operator_v3' retrieved from /home/airflow/.local/lib/python3.11/site-packages/airflow/example_dags/example_branch_python_dop_operator_3.py
[2024-12-20T00:04:46.842+0000] {logging_mixin.py:188} INFO - [2024-12-20T00:04:46.842+0000] {dag.py:3036} INFO - Sync 1 DAGs
[2024-12-20T00:04:46.880+0000] {logging_mixin.py:188} INFO - [2024-12-20T00:04:46.880+0000] {dag.py:3823} INFO - Setting next_dagrun for example_branch_dop_operator_v3 to 2024-12-20 00:03:00+00:00, run_after=2024-12-20 00:04:00+00:00
[2024-12-20T00:04:46.908+0000] {processor.py:183} INFO - Processing /home/airflow/.local/lib/python3.11/site-packages/airflow/example_dags/example_branch_python_dop_operator_3.py took 0.114 seconds
[2024-12-20T00:05:17.540+0000] {processor.py:161} INFO - Started process (PID=2872) to work on /home/airflow/.local/lib/python3.11/site-packages/airflow/example_dags/example_branch_python_dop_operator_3.py
[2024-12-20T00:05:17.541+0000] {processor.py:830} INFO - Processing file /home/airflow/.local/lib/python3.11/site-packages/airflow/example_dags/example_branch_python_dop_operator_3.py for tasks to queue
[2024-12-20T00:05:17.544+0000] {logging_mixin.py:188} INFO - [2024-12-20T00:05:17.544+0000] {dagbag.py:538} INFO - Filling up the DagBag from /home/airflow/.local/lib/python3.11/site-packages/airflow/example_dags/example_branch_python_dop_operator_3.py
[2024-12-20T00:05:17.556+0000] {processor.py:840} INFO - DAG(s) 'example_branch_dop_operator_v3' retrieved from /home/airflow/.local/lib/python3.11/site-packages/airflow/example_dags/example_branch_python_dop_operator_3.py
[2024-12-20T00:05:17.583+0000] {logging_mixin.py:188} INFO - [2024-12-20T00:05:17.583+0000] {dag.py:3036} INFO - Sync 1 DAGs
[2024-12-20T00:05:17.620+0000] {logging_mixin.py:188} INFO - [2024-12-20T00:05:17.620+0000] {dag.py:3823} INFO - Setting next_dagrun for example_branch_dop_operator_v3 to 2024-12-20 00:04:00+00:00, run_after=2024-12-20 00:05:00+00:00
[2024-12-20T00:05:17.654+0000] {processor.py:183} INFO - Processing /home/airflow/.local/lib/python3.11/site-packages/airflow/example_dags/example_branch_python_dop_operator_3.py took 0.118 seconds
[2024-12-20T00:05:47.858+0000] {processor.py:161} INFO - Started process (PID=2944) to work on /home/airflow/.local/lib/python3.11/site-packages/airflow/example_dags/example_branch_python_dop_operator_3.py
[2024-12-20T00:05:47.860+0000] {processor.py:830} INFO - Processing file /home/airflow/.local/lib/python3.11/site-packages/airflow/example_dags/example_branch_python_dop_operator_3.py for tasks to queue
[2024-12-20T00:05:47.864+0000] {logging_mixin.py:188} INFO - [2024-12-20T00:05:47.864+0000] {dagbag.py:538} INFO - Filling up the DagBag from /home/airflow/.local/lib/python3.11/site-packages/airflow/example_dags/example_branch_python_dop_operator_3.py
[2024-12-20T00:05:47.879+0000] {processor.py:840} INFO - DAG(s) 'example_branch_dop_operator_v3' retrieved from /home/airflow/.local/lib/python3.11/site-packages/airflow/example_dags/example_branch_python_dop_operator_3.py
[2024-12-20T00:05:47.901+0000] {logging_mixin.py:188} INFO - [2024-12-20T00:05:47.901+0000] {dag.py:3036} INFO - Sync 1 DAGs
[2024-12-20T00:05:47.930+0000] {logging_mixin.py:188} INFO - [2024-12-20T00:05:47.930+0000] {dag.py:3823} INFO - Setting next_dagrun for example_branch_dop_operator_v3 to 2024-12-20 00:04:00+00:00, run_after=2024-12-20 00:05:00+00:00
[2024-12-20T00:05:47.959+0000] {processor.py:183} INFO - Processing /home/airflow/.local/lib/python3.11/site-packages/airflow/example_dags/example_branch_python_dop_operator_3.py took 0.108 seconds
[2024-12-20T00:06:18.492+0000] {processor.py:161} INFO - Started process (PID=3016) to work on /home/airflow/.local/lib/python3.11/site-packages/airflow/example_dags/example_branch_python_dop_operator_3.py
[2024-12-20T00:06:18.494+0000] {processor.py:830} INFO - Processing file /home/airflow/.local/lib/python3.11/site-packages/airflow/example_dags/example_branch_python_dop_operator_3.py for tasks to queue
[2024-12-20T00:06:18.498+0000] {logging_mixin.py:188} INFO - [2024-12-20T00:06:18.498+0000] {dagbag.py:538} INFO - Filling up the DagBag from /home/airflow/.local/lib/python3.11/site-packages/airflow/example_dags/example_branch_python_dop_operator_3.py
[2024-12-20T00:06:18.517+0000] {processor.py:840} INFO - DAG(s) 'example_branch_dop_operator_v3' retrieved from /home/airflow/.local/lib/python3.11/site-packages/airflow/example_dags/example_branch_python_dop_operator_3.py
[2024-12-20T00:06:18.540+0000] {logging_mixin.py:188} INFO - [2024-12-20T00:06:18.540+0000] {dag.py:3036} INFO - Sync 1 DAGs
[2024-12-20T00:06:18.568+0000] {logging_mixin.py:188} INFO - [2024-12-20T00:06:18.568+0000] {dag.py:3823} INFO - Setting next_dagrun for example_branch_dop_operator_v3 to 2024-12-20 00:05:00+00:00, run_after=2024-12-20 00:06:00+00:00
[2024-12-20T00:06:18.589+0000] {processor.py:183} INFO - Processing /home/airflow/.local/lib/python3.11/site-packages/airflow/example_dags/example_branch_python_dop_operator_3.py took 0.104 seconds
[2024-12-20T00:06:48.936+0000] {processor.py:161} INFO - Started process (PID=3095) to work on /home/airflow/.local/lib/python3.11/site-packages/airflow/example_dags/example_branch_python_dop_operator_3.py
[2024-12-20T00:06:48.937+0000] {processor.py:830} INFO - Processing file /home/airflow/.local/lib/python3.11/site-packages/airflow/example_dags/example_branch_python_dop_operator_3.py for tasks to queue
[2024-12-20T00:06:48.940+0000] {logging_mixin.py:188} INFO - [2024-12-20T00:06:48.939+0000] {dagbag.py:538} INFO - Filling up the DagBag from /home/airflow/.local/lib/python3.11/site-packages/airflow/example_dags/example_branch_python_dop_operator_3.py
[2024-12-20T00:06:48.950+0000] {processor.py:840} INFO - DAG(s) 'example_branch_dop_operator_v3' retrieved from /home/airflow/.local/lib/python3.11/site-packages/airflow/example_dags/example_branch_python_dop_operator_3.py
[2024-12-20T00:06:48.976+0000] {logging_mixin.py:188} INFO - [2024-12-20T00:06:48.976+0000] {dag.py:3036} INFO - Sync 1 DAGs
[2024-12-20T00:06:49.010+0000] {logging_mixin.py:188} INFO - [2024-12-20T00:06:49.010+0000] {dag.py:3823} INFO - Setting next_dagrun for example_branch_dop_operator_v3 to 2024-12-20 00:05:00+00:00, run_after=2024-12-20 00:06:00+00:00
[2024-12-20T00:06:49.031+0000] {processor.py:183} INFO - Processing /home/airflow/.local/lib/python3.11/site-packages/airflow/example_dags/example_branch_python_dop_operator_3.py took 0.099 seconds
[2024-12-20T00:07:19.728+0000] {processor.py:161} INFO - Started process (PID=3167) to work on /home/airflow/.local/lib/python3.11/site-packages/airflow/example_dags/example_branch_python_dop_operator_3.py
[2024-12-20T00:07:19.730+0000] {processor.py:830} INFO - Processing file /home/airflow/.local/lib/python3.11/site-packages/airflow/example_dags/example_branch_python_dop_operator_3.py for tasks to queue
[2024-12-20T00:07:19.735+0000] {logging_mixin.py:188} INFO - [2024-12-20T00:07:19.734+0000] {dagbag.py:538} INFO - Filling up the DagBag from /home/airflow/.local/lib/python3.11/site-packages/airflow/example_dags/example_branch_python_dop_operator_3.py
[2024-12-20T00:07:19.750+0000] {processor.py:840} INFO - DAG(s) 'example_branch_dop_operator_v3' retrieved from /home/airflow/.local/lib/python3.11/site-packages/airflow/example_dags/example_branch_python_dop_operator_3.py
[2024-12-20T00:07:19.773+0000] {logging_mixin.py:188} INFO - [2024-12-20T00:07:19.773+0000] {dag.py:3036} INFO - Sync 1 DAGs
[2024-12-20T00:07:19.801+0000] {logging_mixin.py:188} INFO - [2024-12-20T00:07:19.800+0000] {dag.py:3823} INFO - Setting next_dagrun for example_branch_dop_operator_v3 to 2024-12-20 00:06:00+00:00, run_after=2024-12-20 00:07:00+00:00
[2024-12-20T00:07:19.829+0000] {processor.py:183} INFO - Processing /home/airflow/.local/lib/python3.11/site-packages/airflow/example_dags/example_branch_python_dop_operator_3.py took 0.107 seconds
[2024-12-20T00:07:50.464+0000] {processor.py:161} INFO - Started process (PID=3239) to work on /home/airflow/.local/lib/python3.11/site-packages/airflow/example_dags/example_branch_python_dop_operator_3.py
[2024-12-20T00:07:50.466+0000] {processor.py:830} INFO - Processing file /home/airflow/.local/lib/python3.11/site-packages/airflow/example_dags/example_branch_python_dop_operator_3.py for tasks to queue
[2024-12-20T00:07:50.469+0000] {logging_mixin.py:188} INFO - [2024-12-20T00:07:50.468+0000] {dagbag.py:538} INFO - Filling up the DagBag from /home/airflow/.local/lib/python3.11/site-packages/airflow/example_dags/example_branch_python_dop_operator_3.py
[2024-12-20T00:07:50.482+0000] {processor.py:840} INFO - DAG(s) 'example_branch_dop_operator_v3' retrieved from /home/airflow/.local/lib/python3.11/site-packages/airflow/example_dags/example_branch_python_dop_operator_3.py
[2024-12-20T00:07:50.509+0000] {logging_mixin.py:188} INFO - [2024-12-20T00:07:50.508+0000] {dag.py:3036} INFO - Sync 1 DAGs
[2024-12-20T00:07:50.535+0000] {logging_mixin.py:188} INFO - [2024-12-20T00:07:50.535+0000] {dag.py:3823} INFO - Setting next_dagrun for example_branch_dop_operator_v3 to 2024-12-20 00:06:00+00:00, run_after=2024-12-20 00:07:00+00:00
[2024-12-20T00:07:50.560+0000] {processor.py:183} INFO - Processing /home/airflow/.local/lib/python3.11/site-packages/airflow/example_dags/example_branch_python_dop_operator_3.py took 0.100 seconds
[2024-12-20T00:08:21.279+0000] {processor.py:161} INFO - Started process (PID=3318) to work on /home/airflow/.local/lib/python3.11/site-packages/airflow/example_dags/example_branch_python_dop_operator_3.py
[2024-12-20T00:08:21.280+0000] {processor.py:830} INFO - Processing file /home/airflow/.local/lib/python3.11/site-packages/airflow/example_dags/example_branch_python_dop_operator_3.py for tasks to queue
[2024-12-20T00:08:21.282+0000] {logging_mixin.py:188} INFO - [2024-12-20T00:08:21.282+0000] {dagbag.py:538} INFO - Filling up the DagBag from /home/airflow/.local/lib/python3.11/site-packages/airflow/example_dags/example_branch_python_dop_operator_3.py
[2024-12-20T00:08:21.292+0000] {processor.py:840} INFO - DAG(s) 'example_branch_dop_operator_v3' retrieved from /home/airflow/.local/lib/python3.11/site-packages/airflow/example_dags/example_branch_python_dop_operator_3.py
[2024-12-20T00:08:21.328+0000] {logging_mixin.py:188} INFO - [2024-12-20T00:08:21.328+0000] {dag.py:3036} INFO - Sync 1 DAGs
[2024-12-20T00:08:21.363+0000] {logging_mixin.py:188} INFO - [2024-12-20T00:08:21.363+0000] {dag.py:3823} INFO - Setting next_dagrun for example_branch_dop_operator_v3 to 2024-12-20 00:07:00+00:00, run_after=2024-12-20 00:08:00+00:00
[2024-12-20T00:08:21.391+0000] {processor.py:183} INFO - Processing /home/airflow/.local/lib/python3.11/site-packages/airflow/example_dags/example_branch_python_dop_operator_3.py took 0.115 seconds
[2024-12-20T00:08:51.749+0000] {processor.py:161} INFO - Started process (PID=3391) to work on /home/airflow/.local/lib/python3.11/site-packages/airflow/example_dags/example_branch_python_dop_operator_3.py
[2024-12-20T00:08:51.751+0000] {processor.py:830} INFO - Processing file /home/airflow/.local/lib/python3.11/site-packages/airflow/example_dags/example_branch_python_dop_operator_3.py for tasks to queue
[2024-12-20T00:08:51.755+0000] {logging_mixin.py:188} INFO - [2024-12-20T00:08:51.754+0000] {dagbag.py:538} INFO - Filling up the DagBag from /home/airflow/.local/lib/python3.11/site-packages/airflow/example_dags/example_branch_python_dop_operator_3.py
[2024-12-20T00:08:51.771+0000] {processor.py:840} INFO - DAG(s) 'example_branch_dop_operator_v3' retrieved from /home/airflow/.local/lib/python3.11/site-packages/airflow/example_dags/example_branch_python_dop_operator_3.py
[2024-12-20T00:08:51.794+0000] {logging_mixin.py:188} INFO - [2024-12-20T00:08:51.794+0000] {dag.py:3036} INFO - Sync 1 DAGs
[2024-12-20T00:08:51.821+0000] {logging_mixin.py:188} INFO - [2024-12-20T00:08:51.821+0000] {dag.py:3823} INFO - Setting next_dagrun for example_branch_dop_operator_v3 to 2024-12-20 00:07:00+00:00, run_after=2024-12-20 00:08:00+00:00
[2024-12-20T00:08:51.843+0000] {processor.py:183} INFO - Processing /home/airflow/.local/lib/python3.11/site-packages/airflow/example_dags/example_branch_python_dop_operator_3.py took 0.101 seconds
[2024-12-20T00:09:22.460+0000] {processor.py:161} INFO - Started process (PID=3463) to work on /home/airflow/.local/lib/python3.11/site-packages/airflow/example_dags/example_branch_python_dop_operator_3.py
[2024-12-20T00:09:22.462+0000] {processor.py:830} INFO - Processing file /home/airflow/.local/lib/python3.11/site-packages/airflow/example_dags/example_branch_python_dop_operator_3.py for tasks to queue
[2024-12-20T00:09:22.466+0000] {logging_mixin.py:188} INFO - [2024-12-20T00:09:22.465+0000] {dagbag.py:538} INFO - Filling up the DagBag from /home/airflow/.local/lib/python3.11/site-packages/airflow/example_dags/example_branch_python_dop_operator_3.py
[2024-12-20T00:09:22.483+0000] {processor.py:840} INFO - DAG(s) 'example_branch_dop_operator_v3' retrieved from /home/airflow/.local/lib/python3.11/site-packages/airflow/example_dags/example_branch_python_dop_operator_3.py
[2024-12-20T00:09:22.508+0000] {logging_mixin.py:188} INFO - [2024-12-20T00:09:22.508+0000] {dag.py:3036} INFO - Sync 1 DAGs
[2024-12-20T00:09:22.535+0000] {logging_mixin.py:188} INFO - [2024-12-20T00:09:22.535+0000] {dag.py:3823} INFO - Setting next_dagrun for example_branch_dop_operator_v3 to 2024-12-20 00:08:00+00:00, run_after=2024-12-20 00:09:00+00:00
[2024-12-20T00:09:22.566+0000] {processor.py:183} INFO - Processing /home/airflow/.local/lib/python3.11/site-packages/airflow/example_dags/example_branch_python_dop_operator_3.py took 0.112 seconds
[2024-12-20T00:09:52.612+0000] {processor.py:161} INFO - Started process (PID=3534) to work on /home/airflow/.local/lib/python3.11/site-packages/airflow/example_dags/example_branch_python_dop_operator_3.py
[2024-12-20T00:09:52.613+0000] {processor.py:830} INFO - Processing file /home/airflow/.local/lib/python3.11/site-packages/airflow/example_dags/example_branch_python_dop_operator_3.py for tasks to queue
[2024-12-20T00:09:52.616+0000] {logging_mixin.py:188} INFO - [2024-12-20T00:09:52.615+0000] {dagbag.py:538} INFO - Filling up the DagBag from /home/airflow/.local/lib/python3.11/site-packages/airflow/example_dags/example_branch_python_dop_operator_3.py
[2024-12-20T00:09:52.627+0000] {processor.py:840} INFO - DAG(s) 'example_branch_dop_operator_v3' retrieved from /home/airflow/.local/lib/python3.11/site-packages/airflow/example_dags/example_branch_python_dop_operator_3.py
[2024-12-20T00:09:52.654+0000] {logging_mixin.py:188} INFO - [2024-12-20T00:09:52.654+0000] {dag.py:3036} INFO - Sync 1 DAGs
[2024-12-20T00:09:52.689+0000] {logging_mixin.py:188} INFO - [2024-12-20T00:09:52.689+0000] {dag.py:3823} INFO - Setting next_dagrun for example_branch_dop_operator_v3 to 2024-12-20 00:08:00+00:00, run_after=2024-12-20 00:09:00+00:00
[2024-12-20T00:09:52.723+0000] {processor.py:183} INFO - Processing /home/airflow/.local/lib/python3.11/site-packages/airflow/example_dags/example_branch_python_dop_operator_3.py took 0.115 seconds
[2024-12-20T00:10:22.808+0000] {processor.py:161} INFO - Started process (PID=3605) to work on /home/airflow/.local/lib/python3.11/site-packages/airflow/example_dags/example_branch_python_dop_operator_3.py
[2024-12-20T00:10:22.810+0000] {processor.py:830} INFO - Processing file /home/airflow/.local/lib/python3.11/site-packages/airflow/example_dags/example_branch_python_dop_operator_3.py for tasks to queue
[2024-12-20T00:10:22.815+0000] {logging_mixin.py:188} INFO - [2024-12-20T00:10:22.814+0000] {dagbag.py:538} INFO - Filling up the DagBag from /home/airflow/.local/lib/python3.11/site-packages/airflow/example_dags/example_branch_python_dop_operator_3.py
[2024-12-20T00:10:22.833+0000] {processor.py:840} INFO - DAG(s) 'example_branch_dop_operator_v3' retrieved from /home/airflow/.local/lib/python3.11/site-packages/airflow/example_dags/example_branch_python_dop_operator_3.py
[2024-12-20T00:10:22.873+0000] {logging_mixin.py:188} INFO - [2024-12-20T00:10:22.873+0000] {dag.py:3036} INFO - Sync 1 DAGs
[2024-12-20T00:10:22.904+0000] {logging_mixin.py:188} INFO - [2024-12-20T00:10:22.904+0000] {dag.py:3823} INFO - Setting next_dagrun for example_branch_dop_operator_v3 to 2024-12-20 00:09:00+00:00, run_after=2024-12-20 00:10:00+00:00
[2024-12-20T00:10:22.941+0000] {processor.py:183} INFO - Processing /home/airflow/.local/lib/python3.11/site-packages/airflow/example_dags/example_branch_python_dop_operator_3.py took 0.139 seconds
[2024-12-20T00:10:53.045+0000] {processor.py:161} INFO - Started process (PID=3677) to work on /home/airflow/.local/lib/python3.11/site-packages/airflow/example_dags/example_branch_python_dop_operator_3.py
[2024-12-20T00:10:53.047+0000] {processor.py:830} INFO - Processing file /home/airflow/.local/lib/python3.11/site-packages/airflow/example_dags/example_branch_python_dop_operator_3.py for tasks to queue
[2024-12-20T00:10:53.051+0000] {logging_mixin.py:188} INFO - [2024-12-20T00:10:53.051+0000] {dagbag.py:538} INFO - Filling up the DagBag from /home/airflow/.local/lib/python3.11/site-packages/airflow/example_dags/example_branch_python_dop_operator_3.py
[2024-12-20T00:10:53.070+0000] {processor.py:840} INFO - DAG(s) 'example_branch_dop_operator_v3' retrieved from /home/airflow/.local/lib/python3.11/site-packages/airflow/example_dags/example_branch_python_dop_operator_3.py
[2024-12-20T00:10:53.108+0000] {logging_mixin.py:188} INFO - [2024-12-20T00:10:53.108+0000] {dag.py:3036} INFO - Sync 1 DAGs
[2024-12-20T00:10:53.159+0000] {logging_mixin.py:188} INFO - [2024-12-20T00:10:53.159+0000] {dag.py:3823} INFO - Setting next_dagrun for example_branch_dop_operator_v3 to 2024-12-20 00:09:00+00:00, run_after=2024-12-20 00:10:00+00:00
[2024-12-20T00:10:53.202+0000] {processor.py:183} INFO - Processing /home/airflow/.local/lib/python3.11/site-packages/airflow/example_dags/example_branch_python_dop_operator_3.py took 0.163 seconds
[2024-12-20T00:11:23.885+0000] {processor.py:161} INFO - Started process (PID=3756) to work on /home/airflow/.local/lib/python3.11/site-packages/airflow/example_dags/example_branch_python_dop_operator_3.py
[2024-12-20T00:11:23.886+0000] {processor.py:830} INFO - Processing file /home/airflow/.local/lib/python3.11/site-packages/airflow/example_dags/example_branch_python_dop_operator_3.py for tasks to queue
[2024-12-20T00:11:23.889+0000] {logging_mixin.py:188} INFO - [2024-12-20T00:11:23.889+0000] {dagbag.py:538} INFO - Filling up the DagBag from /home/airflow/.local/lib/python3.11/site-packages/airflow/example_dags/example_branch_python_dop_operator_3.py
[2024-12-20T00:11:23.901+0000] {processor.py:840} INFO - DAG(s) 'example_branch_dop_operator_v3' retrieved from /home/airflow/.local/lib/python3.11/site-packages/airflow/example_dags/example_branch_python_dop_operator_3.py
[2024-12-20T00:11:23.928+0000] {logging_mixin.py:188} INFO - [2024-12-20T00:11:23.927+0000] {dag.py:3036} INFO - Sync 1 DAGs
[2024-12-20T00:11:23.959+0000] {logging_mixin.py:188} INFO - [2024-12-20T00:11:23.959+0000] {dag.py:3823} INFO - Setting next_dagrun for example_branch_dop_operator_v3 to 2024-12-20 00:10:00+00:00, run_after=2024-12-20 00:11:00+00:00
[2024-12-20T00:11:23.988+0000] {processor.py:183} INFO - Processing /home/airflow/.local/lib/python3.11/site-packages/airflow/example_dags/example_branch_python_dop_operator_3.py took 0.107 seconds
[2024-12-20T00:11:54.169+0000] {processor.py:161} INFO - Started process (PID=3828) to work on /home/airflow/.local/lib/python3.11/site-packages/airflow/example_dags/example_branch_python_dop_operator_3.py
[2024-12-20T00:11:54.171+0000] {processor.py:830} INFO - Processing file /home/airflow/.local/lib/python3.11/site-packages/airflow/example_dags/example_branch_python_dop_operator_3.py for tasks to queue
[2024-12-20T00:11:54.176+0000] {logging_mixin.py:188} INFO - [2024-12-20T00:11:54.175+0000] {dagbag.py:538} INFO - Filling up the DagBag from /home/airflow/.local/lib/python3.11/site-packages/airflow/example_dags/example_branch_python_dop_operator_3.py
[2024-12-20T00:11:54.190+0000] {processor.py:840} INFO - DAG(s) 'example_branch_dop_operator_v3' retrieved from /home/airflow/.local/lib/python3.11/site-packages/airflow/example_dags/example_branch_python_dop_operator_3.py
[2024-12-20T00:11:54.212+0000] {logging_mixin.py:188} INFO - [2024-12-20T00:11:54.211+0000] {dag.py:3036} INFO - Sync 1 DAGs
[2024-12-20T00:11:54.238+0000] {logging_mixin.py:188} INFO - [2024-12-20T00:11:54.238+0000] {dag.py:3823} INFO - Setting next_dagrun for example_branch_dop_operator_v3 to 2024-12-20 00:10:00+00:00, run_after=2024-12-20 00:11:00+00:00
[2024-12-20T00:11:54.274+0000] {processor.py:183} INFO - Processing /home/airflow/.local/lib/python3.11/site-packages/airflow/example_dags/example_branch_python_dop_operator_3.py took 0.112 seconds
[2024-12-20T00:12:24.400+0000] {processor.py:161} INFO - Started process (PID=3900) to work on /home/airflow/.local/lib/python3.11/site-packages/airflow/example_dags/example_branch_python_dop_operator_3.py
[2024-12-20T00:12:24.402+0000] {processor.py:830} INFO - Processing file /home/airflow/.local/lib/python3.11/site-packages/airflow/example_dags/example_branch_python_dop_operator_3.py for tasks to queue
[2024-12-20T00:12:24.404+0000] {logging_mixin.py:188} INFO - [2024-12-20T00:12:24.404+0000] {dagbag.py:538} INFO - Filling up the DagBag from /home/airflow/.local/lib/python3.11/site-packages/airflow/example_dags/example_branch_python_dop_operator_3.py
[2024-12-20T00:12:24.426+0000] {processor.py:840} INFO - DAG(s) 'example_branch_dop_operator_v3' retrieved from /home/airflow/.local/lib/python3.11/site-packages/airflow/example_dags/example_branch_python_dop_operator_3.py
[2024-12-20T00:12:24.457+0000] {logging_mixin.py:188} INFO - [2024-12-20T00:12:24.456+0000] {dag.py:3036} INFO - Sync 1 DAGs
[2024-12-20T00:12:24.502+0000] {logging_mixin.py:188} INFO - [2024-12-20T00:12:24.501+0000] {dag.py:3823} INFO - Setting next_dagrun for example_branch_dop_operator_v3 to 2024-12-20 00:11:00+00:00, run_after=2024-12-20 00:12:00+00:00
[2024-12-20T00:12:24.534+0000] {processor.py:183} INFO - Processing /home/airflow/.local/lib/python3.11/site-packages/airflow/example_dags/example_branch_python_dop_operator_3.py took 0.137 seconds
[2024-12-20T09:17:17.668+0000] {processor.py:161} INFO - Started process (PID=3977) to work on /home/airflow/.local/lib/python3.11/site-packages/airflow/example_dags/example_branch_python_dop_operator_3.py
[2024-12-20T09:17:17.671+0000] {processor.py:830} INFO - Processing file /home/airflow/.local/lib/python3.11/site-packages/airflow/example_dags/example_branch_python_dop_operator_3.py for tasks to queue
[2024-12-20T09:17:17.675+0000] {logging_mixin.py:188} INFO - [2024-12-20T09:17:17.674+0000] {dagbag.py:538} INFO - Filling up the DagBag from /home/airflow/.local/lib/python3.11/site-packages/airflow/example_dags/example_branch_python_dop_operator_3.py
[2024-12-20T09:17:17.701+0000] {processor.py:840} INFO - DAG(s) 'example_branch_dop_operator_v3' retrieved from /home/airflow/.local/lib/python3.11/site-packages/airflow/example_dags/example_branch_python_dop_operator_3.py
[2024-12-20T09:17:17.759+0000] {logging_mixin.py:188} INFO - [2024-12-20T09:17:17.759+0000] {dag.py:3036} INFO - Sync 1 DAGs
[2024-12-20T09:17:17.819+0000] {logging_mixin.py:188} INFO - [2024-12-20T09:17:17.818+0000] {dag.py:3823} INFO - Setting next_dagrun for example_branch_dop_operator_v3 to 2024-12-20 09:16:00+00:00, run_after=2024-12-20 09:17:00+00:00
[2024-12-20T09:17:17.899+0000] {processor.py:183} INFO - Processing /home/airflow/.local/lib/python3.11/site-packages/airflow/example_dags/example_branch_python_dop_operator_3.py took 0.264 seconds
[2024-12-20T09:17:48.428+0000] {processor.py:161} INFO - Started process (PID=4042) to work on /home/airflow/.local/lib/python3.11/site-packages/airflow/example_dags/example_branch_python_dop_operator_3.py
[2024-12-20T09:17:48.429+0000] {processor.py:830} INFO - Processing file /home/airflow/.local/lib/python3.11/site-packages/airflow/example_dags/example_branch_python_dop_operator_3.py for tasks to queue
[2024-12-20T09:17:48.430+0000] {logging_mixin.py:188} INFO - [2024-12-20T09:17:48.430+0000] {dagbag.py:538} INFO - Filling up the DagBag from /home/airflow/.local/lib/python3.11/site-packages/airflow/example_dags/example_branch_python_dop_operator_3.py
[2024-12-20T09:17:48.440+0000] {processor.py:840} INFO - DAG(s) 'example_branch_dop_operator_v3' retrieved from /home/airflow/.local/lib/python3.11/site-packages/airflow/example_dags/example_branch_python_dop_operator_3.py
[2024-12-20T09:17:48.464+0000] {logging_mixin.py:188} INFO - [2024-12-20T09:17:48.464+0000] {dag.py:3036} INFO - Sync 1 DAGs
[2024-12-20T09:17:48.491+0000] {logging_mixin.py:188} INFO - [2024-12-20T09:17:48.490+0000] {dag.py:3823} INFO - Setting next_dagrun for example_branch_dop_operator_v3 to 2024-12-20 09:16:00+00:00, run_after=2024-12-20 09:17:00+00:00
[2024-12-20T09:17:48.517+0000] {processor.py:183} INFO - Processing /home/airflow/.local/lib/python3.11/site-packages/airflow/example_dags/example_branch_python_dop_operator_3.py took 0.093 seconds
[2024-12-20T09:18:18.602+0000] {processor.py:161} INFO - Started process (PID=4119) to work on /home/airflow/.local/lib/python3.11/site-packages/airflow/example_dags/example_branch_python_dop_operator_3.py
[2024-12-20T09:18:18.603+0000] {processor.py:830} INFO - Processing file /home/airflow/.local/lib/python3.11/site-packages/airflow/example_dags/example_branch_python_dop_operator_3.py for tasks to queue
[2024-12-20T09:18:18.604+0000] {logging_mixin.py:188} INFO - [2024-12-20T09:18:18.604+0000] {dagbag.py:538} INFO - Filling up the DagBag from /home/airflow/.local/lib/python3.11/site-packages/airflow/example_dags/example_branch_python_dop_operator_3.py
[2024-12-20T09:18:18.615+0000] {processor.py:840} INFO - DAG(s) 'example_branch_dop_operator_v3' retrieved from /home/airflow/.local/lib/python3.11/site-packages/airflow/example_dags/example_branch_python_dop_operator_3.py
[2024-12-20T09:18:18.639+0000] {logging_mixin.py:188} INFO - [2024-12-20T09:18:18.639+0000] {dag.py:3036} INFO - Sync 1 DAGs
[2024-12-20T09:18:18.675+0000] {logging_mixin.py:188} INFO - [2024-12-20T09:18:18.675+0000] {dag.py:3823} INFO - Setting next_dagrun for example_branch_dop_operator_v3 to 2024-12-20 09:17:00+00:00, run_after=2024-12-20 09:18:00+00:00
[2024-12-20T09:18:18.700+0000] {processor.py:183} INFO - Processing /home/airflow/.local/lib/python3.11/site-packages/airflow/example_dags/example_branch_python_dop_operator_3.py took 0.102 seconds
[2024-12-20T09:18:49.641+0000] {processor.py:161} INFO - Started process (PID=4191) to work on /home/airflow/.local/lib/python3.11/site-packages/airflow/example_dags/example_branch_python_dop_operator_3.py
[2024-12-20T09:18:49.644+0000] {processor.py:830} INFO - Processing file /home/airflow/.local/lib/python3.11/site-packages/airflow/example_dags/example_branch_python_dop_operator_3.py for tasks to queue
[2024-12-20T09:18:49.646+0000] {logging_mixin.py:188} INFO - [2024-12-20T09:18:49.645+0000] {dagbag.py:538} INFO - Filling up the DagBag from /home/airflow/.local/lib/python3.11/site-packages/airflow/example_dags/example_branch_python_dop_operator_3.py
[2024-12-20T09:18:49.665+0000] {processor.py:840} INFO - DAG(s) 'example_branch_dop_operator_v3' retrieved from /home/airflow/.local/lib/python3.11/site-packages/airflow/example_dags/example_branch_python_dop_operator_3.py
[2024-12-20T09:18:49.705+0000] {logging_mixin.py:188} INFO - [2024-12-20T09:18:49.705+0000] {dag.py:3036} INFO - Sync 1 DAGs
[2024-12-20T09:18:49.759+0000] {logging_mixin.py:188} INFO - [2024-12-20T09:18:49.759+0000] {dag.py:3823} INFO - Setting next_dagrun for example_branch_dop_operator_v3 to 2024-12-20 09:17:00+00:00, run_after=2024-12-20 09:18:00+00:00
[2024-12-20T09:18:49.794+0000] {processor.py:183} INFO - Processing /home/airflow/.local/lib/python3.11/site-packages/airflow/example_dags/example_branch_python_dop_operator_3.py took 0.160 seconds
[2024-12-20T09:19:21.753+0000] {processor.py:161} INFO - Started process (PID=4267) to work on /home/airflow/.local/lib/python3.11/site-packages/airflow/example_dags/example_branch_python_dop_operator_3.py
[2024-12-20T09:19:21.766+0000] {processor.py:830} INFO - Processing file /home/airflow/.local/lib/python3.11/site-packages/airflow/example_dags/example_branch_python_dop_operator_3.py for tasks to queue
[2024-12-20T09:19:21.768+0000] {logging_mixin.py:188} INFO - [2024-12-20T09:19:21.767+0000] {dagbag.py:538} INFO - Filling up the DagBag from /home/airflow/.local/lib/python3.11/site-packages/airflow/example_dags/example_branch_python_dop_operator_3.py
[2024-12-20T09:19:21.813+0000] {processor.py:840} INFO - DAG(s) 'example_branch_dop_operator_v3' retrieved from /home/airflow/.local/lib/python3.11/site-packages/airflow/example_dags/example_branch_python_dop_operator_3.py
[2024-12-20T09:19:21.885+0000] {logging_mixin.py:188} INFO - [2024-12-20T09:19:21.884+0000] {dag.py:3036} INFO - Sync 1 DAGs
[2024-12-20T09:19:21.973+0000] {logging_mixin.py:188} INFO - [2024-12-20T09:19:21.973+0000] {dag.py:3823} INFO - Setting next_dagrun for example_branch_dop_operator_v3 to 2024-12-20 09:18:00+00:00, run_after=2024-12-20 09:19:00+00:00
[2024-12-20T09:19:22.050+0000] {processor.py:183} INFO - Processing /home/airflow/.local/lib/python3.11/site-packages/airflow/example_dags/example_branch_python_dop_operator_3.py took 0.307 seconds
[2024-12-20T09:19:52.182+0000] {processor.py:161} INFO - Started process (PID=4330) to work on /home/airflow/.local/lib/python3.11/site-packages/airflow/example_dags/example_branch_python_dop_operator_3.py
[2024-12-20T09:19:52.184+0000] {processor.py:830} INFO - Processing file /home/airflow/.local/lib/python3.11/site-packages/airflow/example_dags/example_branch_python_dop_operator_3.py for tasks to queue
[2024-12-20T09:19:52.186+0000] {logging_mixin.py:188} INFO - [2024-12-20T09:19:52.185+0000] {dagbag.py:538} INFO - Filling up the DagBag from /home/airflow/.local/lib/python3.11/site-packages/airflow/example_dags/example_branch_python_dop_operator_3.py
[2024-12-20T09:19:52.204+0000] {processor.py:840} INFO - DAG(s) 'example_branch_dop_operator_v3' retrieved from /home/airflow/.local/lib/python3.11/site-packages/airflow/example_dags/example_branch_python_dop_operator_3.py
[2024-12-20T09:19:52.247+0000] {logging_mixin.py:188} INFO - [2024-12-20T09:19:52.247+0000] {dag.py:3036} INFO - Sync 1 DAGs
[2024-12-20T09:19:52.296+0000] {logging_mixin.py:188} INFO - [2024-12-20T09:19:52.296+0000] {dag.py:3823} INFO - Setting next_dagrun for example_branch_dop_operator_v3 to 2024-12-20 09:18:00+00:00, run_after=2024-12-20 09:19:00+00:00
[2024-12-20T09:19:52.331+0000] {processor.py:183} INFO - Processing /home/airflow/.local/lib/python3.11/site-packages/airflow/example_dags/example_branch_python_dop_operator_3.py took 0.154 seconds
[2024-12-20T09:20:23.238+0000] {processor.py:161} INFO - Started process (PID=4394) to work on /home/airflow/.local/lib/python3.11/site-packages/airflow/example_dags/example_branch_python_dop_operator_3.py
[2024-12-20T09:20:23.246+0000] {processor.py:830} INFO - Processing file /home/airflow/.local/lib/python3.11/site-packages/airflow/example_dags/example_branch_python_dop_operator_3.py for tasks to queue
[2024-12-20T09:20:23.248+0000] {logging_mixin.py:188} INFO - [2024-12-20T09:20:23.247+0000] {dagbag.py:538} INFO - Filling up the DagBag from /home/airflow/.local/lib/python3.11/site-packages/airflow/example_dags/example_branch_python_dop_operator_3.py
[2024-12-20T09:20:23.277+0000] {processor.py:840} INFO - DAG(s) 'example_branch_dop_operator_v3' retrieved from /home/airflow/.local/lib/python3.11/site-packages/airflow/example_dags/example_branch_python_dop_operator_3.py
[2024-12-20T09:20:23.371+0000] {logging_mixin.py:188} INFO - [2024-12-20T09:20:23.371+0000] {dag.py:3036} INFO - Sync 1 DAGs
[2024-12-20T09:20:23.471+0000] {logging_mixin.py:188} INFO - [2024-12-20T09:20:23.470+0000] {dag.py:3823} INFO - Setting next_dagrun for example_branch_dop_operator_v3 to 2024-12-20 09:19:00+00:00, run_after=2024-12-20 09:20:00+00:00
[2024-12-20T09:20:23.524+0000] {processor.py:183} INFO - Processing /home/airflow/.local/lib/python3.11/site-packages/airflow/example_dags/example_branch_python_dop_operator_3.py took 0.293 seconds
[2024-12-20T09:20:53.887+0000] {processor.py:161} INFO - Started process (PID=4466) to work on /home/airflow/.local/lib/python3.11/site-packages/airflow/example_dags/example_branch_python_dop_operator_3.py
[2024-12-20T09:20:53.889+0000] {processor.py:830} INFO - Processing file /home/airflow/.local/lib/python3.11/site-packages/airflow/example_dags/example_branch_python_dop_operator_3.py for tasks to queue
[2024-12-20T09:20:53.890+0000] {logging_mixin.py:188} INFO - [2024-12-20T09:20:53.890+0000] {dagbag.py:538} INFO - Filling up the DagBag from /home/airflow/.local/lib/python3.11/site-packages/airflow/example_dags/example_branch_python_dop_operator_3.py
[2024-12-20T09:20:53.905+0000] {processor.py:840} INFO - DAG(s) 'example_branch_dop_operator_v3' retrieved from /home/airflow/.local/lib/python3.11/site-packages/airflow/example_dags/example_branch_python_dop_operator_3.py
[2024-12-20T09:20:53.933+0000] {logging_mixin.py:188} INFO - [2024-12-20T09:20:53.932+0000] {dag.py:3036} INFO - Sync 1 DAGs
[2024-12-20T09:20:53.967+0000] {logging_mixin.py:188} INFO - [2024-12-20T09:20:53.967+0000] {dag.py:3823} INFO - Setting next_dagrun for example_branch_dop_operator_v3 to 2024-12-20 09:19:00+00:00, run_after=2024-12-20 09:20:00+00:00
[2024-12-20T09:20:53.993+0000] {processor.py:183} INFO - Processing /home/airflow/.local/lib/python3.11/site-packages/airflow/example_dags/example_branch_python_dop_operator_3.py took 0.110 seconds
[2024-12-20T09:21:25.142+0000] {processor.py:161} INFO - Started process (PID=4541) to work on /home/airflow/.local/lib/python3.11/site-packages/airflow/example_dags/example_branch_python_dop_operator_3.py
[2024-12-20T09:21:25.154+0000] {processor.py:830} INFO - Processing file /home/airflow/.local/lib/python3.11/site-packages/airflow/example_dags/example_branch_python_dop_operator_3.py for tasks to queue
[2024-12-20T09:21:25.165+0000] {logging_mixin.py:188} INFO - [2024-12-20T09:21:25.164+0000] {dagbag.py:538} INFO - Filling up the DagBag from /home/airflow/.local/lib/python3.11/site-packages/airflow/example_dags/example_branch_python_dop_operator_3.py
[2024-12-20T09:21:25.201+0000] {processor.py:840} INFO - DAG(s) 'example_branch_dop_operator_v3' retrieved from /home/airflow/.local/lib/python3.11/site-packages/airflow/example_dags/example_branch_python_dop_operator_3.py
[2024-12-20T09:21:25.372+0000] {logging_mixin.py:188} INFO - [2024-12-20T09:21:25.371+0000] {dag.py:3036} INFO - Sync 1 DAGs
[2024-12-20T09:21:25.487+0000] {logging_mixin.py:188} INFO - [2024-12-20T09:21:25.486+0000] {dag.py:3823} INFO - Setting next_dagrun for example_branch_dop_operator_v3 to 2024-12-20 09:20:00+00:00, run_after=2024-12-20 09:21:00+00:00
[2024-12-20T09:21:25.571+0000] {processor.py:183} INFO - Processing /home/airflow/.local/lib/python3.11/site-packages/airflow/example_dags/example_branch_python_dop_operator_3.py took 0.437 seconds
[2024-12-20T09:21:56.781+0000] {processor.py:161} INFO - Started process (PID=4605) to work on /home/airflow/.local/lib/python3.11/site-packages/airflow/example_dags/example_branch_python_dop_operator_3.py
[2024-12-20T09:21:56.785+0000] {processor.py:830} INFO - Processing file /home/airflow/.local/lib/python3.11/site-packages/airflow/example_dags/example_branch_python_dop_operator_3.py for tasks to queue
[2024-12-20T09:21:56.788+0000] {logging_mixin.py:188} INFO - [2024-12-20T09:21:56.787+0000] {dagbag.py:538} INFO - Filling up the DagBag from /home/airflow/.local/lib/python3.11/site-packages/airflow/example_dags/example_branch_python_dop_operator_3.py
[2024-12-20T09:21:56.822+0000] {processor.py:840} INFO - DAG(s) 'example_branch_dop_operator_v3' retrieved from /home/airflow/.local/lib/python3.11/site-packages/airflow/example_dags/example_branch_python_dop_operator_3.py
[2024-12-20T09:21:56.873+0000] {logging_mixin.py:188} INFO - [2024-12-20T09:21:56.873+0000] {dag.py:3036} INFO - Sync 1 DAGs
[2024-12-20T09:21:56.939+0000] {logging_mixin.py:188} INFO - [2024-12-20T09:21:56.938+0000] {dag.py:3823} INFO - Setting next_dagrun for example_branch_dop_operator_v3 to 2024-12-20 09:20:00+00:00, run_after=2024-12-20 09:21:00+00:00
[2024-12-20T09:21:57.026+0000] {processor.py:183} INFO - Processing /home/airflow/.local/lib/python3.11/site-packages/airflow/example_dags/example_branch_python_dop_operator_3.py took 0.252 seconds
[2024-12-20T09:22:27.343+0000] {processor.py:161} INFO - Started process (PID=4669) to work on /home/airflow/.local/lib/python3.11/site-packages/airflow/example_dags/example_branch_python_dop_operator_3.py
[2024-12-20T09:22:27.350+0000] {processor.py:830} INFO - Processing file /home/airflow/.local/lib/python3.11/site-packages/airflow/example_dags/example_branch_python_dop_operator_3.py for tasks to queue
[2024-12-20T09:22:27.352+0000] {logging_mixin.py:188} INFO - [2024-12-20T09:22:27.351+0000] {dagbag.py:538} INFO - Filling up the DagBag from /home/airflow/.local/lib/python3.11/site-packages/airflow/example_dags/example_branch_python_dop_operator_3.py
[2024-12-20T09:22:27.397+0000] {processor.py:840} INFO - DAG(s) 'example_branch_dop_operator_v3' retrieved from /home/airflow/.local/lib/python3.11/site-packages/airflow/example_dags/example_branch_python_dop_operator_3.py
[2024-12-20T09:22:27.509+0000] {logging_mixin.py:188} INFO - [2024-12-20T09:22:27.509+0000] {dag.py:3036} INFO - Sync 1 DAGs
[2024-12-20T09:22:27.592+0000] {logging_mixin.py:188} INFO - [2024-12-20T09:22:27.592+0000] {dag.py:3823} INFO - Setting next_dagrun for example_branch_dop_operator_v3 to 2024-12-20 09:21:00+00:00, run_after=2024-12-20 09:22:00+00:00
[2024-12-20T09:22:27.737+0000] {processor.py:183} INFO - Processing /home/airflow/.local/lib/python3.11/site-packages/airflow/example_dags/example_branch_python_dop_operator_3.py took 0.404 seconds
[2024-12-20T09:22:57.933+0000] {processor.py:161} INFO - Started process (PID=4740) to work on /home/airflow/.local/lib/python3.11/site-packages/airflow/example_dags/example_branch_python_dop_operator_3.py
[2024-12-20T09:22:57.934+0000] {processor.py:830} INFO - Processing file /home/airflow/.local/lib/python3.11/site-packages/airflow/example_dags/example_branch_python_dop_operator_3.py for tasks to queue
[2024-12-20T09:22:57.936+0000] {logging_mixin.py:188} INFO - [2024-12-20T09:22:57.935+0000] {dagbag.py:538} INFO - Filling up the DagBag from /home/airflow/.local/lib/python3.11/site-packages/airflow/example_dags/example_branch_python_dop_operator_3.py
[2024-12-20T09:22:57.960+0000] {processor.py:840} INFO - DAG(s) 'example_branch_dop_operator_v3' retrieved from /home/airflow/.local/lib/python3.11/site-packages/airflow/example_dags/example_branch_python_dop_operator_3.py
[2024-12-20T09:22:58.015+0000] {logging_mixin.py:188} INFO - [2024-12-20T09:22:58.014+0000] {dag.py:3036} INFO - Sync 1 DAGs
[2024-12-20T09:22:58.071+0000] {logging_mixin.py:188} INFO - [2024-12-20T09:22:58.070+0000] {dag.py:3823} INFO - Setting next_dagrun for example_branch_dop_operator_v3 to 2024-12-20 09:21:00+00:00, run_after=2024-12-20 09:22:00+00:00
[2024-12-20T09:22:58.103+0000] {processor.py:183} INFO - Processing /home/airflow/.local/lib/python3.11/site-packages/airflow/example_dags/example_branch_python_dop_operator_3.py took 0.176 seconds
[2024-12-20T09:23:28.710+0000] {processor.py:161} INFO - Started process (PID=4813) to work on /home/airflow/.local/lib/python3.11/site-packages/airflow/example_dags/example_branch_python_dop_operator_3.py
[2024-12-20T09:23:28.712+0000] {processor.py:830} INFO - Processing file /home/airflow/.local/lib/python3.11/site-packages/airflow/example_dags/example_branch_python_dop_operator_3.py for tasks to queue
[2024-12-20T09:23:28.714+0000] {logging_mixin.py:188} INFO - [2024-12-20T09:23:28.714+0000] {dagbag.py:538} INFO - Filling up the DagBag from /home/airflow/.local/lib/python3.11/site-packages/airflow/example_dags/example_branch_python_dop_operator_3.py
[2024-12-20T09:23:28.734+0000] {processor.py:840} INFO - DAG(s) 'example_branch_dop_operator_v3' retrieved from /home/airflow/.local/lib/python3.11/site-packages/airflow/example_dags/example_branch_python_dop_operator_3.py
[2024-12-20T09:23:28.776+0000] {logging_mixin.py:188} INFO - [2024-12-20T09:23:28.775+0000] {dag.py:3036} INFO - Sync 1 DAGs
[2024-12-20T09:23:28.831+0000] {logging_mixin.py:188} INFO - [2024-12-20T09:23:28.831+0000] {dag.py:3823} INFO - Setting next_dagrun for example_branch_dop_operator_v3 to 2024-12-20 09:22:00+00:00, run_after=2024-12-20 09:23:00+00:00
[2024-12-20T09:23:28.867+0000] {processor.py:183} INFO - Processing /home/airflow/.local/lib/python3.11/site-packages/airflow/example_dags/example_branch_python_dop_operator_3.py took 0.164 seconds
[2024-12-20T09:23:59.226+0000] {processor.py:161} INFO - Started process (PID=4878) to work on /home/airflow/.local/lib/python3.11/site-packages/airflow/example_dags/example_branch_python_dop_operator_3.py
[2024-12-20T09:23:59.228+0000] {processor.py:830} INFO - Processing file /home/airflow/.local/lib/python3.11/site-packages/airflow/example_dags/example_branch_python_dop_operator_3.py for tasks to queue
[2024-12-20T09:23:59.229+0000] {logging_mixin.py:188} INFO - [2024-12-20T09:23:59.229+0000] {dagbag.py:538} INFO - Filling up the DagBag from /home/airflow/.local/lib/python3.11/site-packages/airflow/example_dags/example_branch_python_dop_operator_3.py
[2024-12-20T09:23:59.242+0000] {processor.py:840} INFO - DAG(s) 'example_branch_dop_operator_v3' retrieved from /home/airflow/.local/lib/python3.11/site-packages/airflow/example_dags/example_branch_python_dop_operator_3.py
[2024-12-20T09:23:59.270+0000] {logging_mixin.py:188} INFO - [2024-12-20T09:23:59.269+0000] {dag.py:3036} INFO - Sync 1 DAGs
[2024-12-20T09:23:59.303+0000] {logging_mixin.py:188} INFO - [2024-12-20T09:23:59.303+0000] {dag.py:3823} INFO - Setting next_dagrun for example_branch_dop_operator_v3 to 2024-12-20 09:22:00+00:00, run_after=2024-12-20 09:23:00+00:00
[2024-12-20T09:23:59.328+0000] {processor.py:183} INFO - Processing /home/airflow/.local/lib/python3.11/site-packages/airflow/example_dags/example_branch_python_dop_operator_3.py took 0.106 seconds
[2024-12-20T09:24:29.386+0000] {processor.py:161} INFO - Started process (PID=4948) to work on /home/airflow/.local/lib/python3.11/site-packages/airflow/example_dags/example_branch_python_dop_operator_3.py
[2024-12-20T09:24:29.388+0000] {processor.py:830} INFO - Processing file /home/airflow/.local/lib/python3.11/site-packages/airflow/example_dags/example_branch_python_dop_operator_3.py for tasks to queue
[2024-12-20T09:24:29.390+0000] {logging_mixin.py:188} INFO - [2024-12-20T09:24:29.390+0000] {dagbag.py:538} INFO - Filling up the DagBag from /home/airflow/.local/lib/python3.11/site-packages/airflow/example_dags/example_branch_python_dop_operator_3.py
[2024-12-20T09:24:29.412+0000] {processor.py:840} INFO - DAG(s) 'example_branch_dop_operator_v3' retrieved from /home/airflow/.local/lib/python3.11/site-packages/airflow/example_dags/example_branch_python_dop_operator_3.py
[2024-12-20T09:24:29.460+0000] {logging_mixin.py:188} INFO - [2024-12-20T09:24:29.460+0000] {dag.py:3036} INFO - Sync 1 DAGs
[2024-12-20T09:24:29.521+0000] {logging_mixin.py:188} INFO - [2024-12-20T09:24:29.521+0000] {dag.py:3823} INFO - Setting next_dagrun for example_branch_dop_operator_v3 to 2024-12-20 09:23:00+00:00, run_after=2024-12-20 09:24:00+00:00
[2024-12-20T09:24:29.563+0000] {processor.py:183} INFO - Processing /home/airflow/.local/lib/python3.11/site-packages/airflow/example_dags/example_branch_python_dop_operator_3.py took 0.183 seconds
[2024-12-20T09:24:59.888+0000] {processor.py:161} INFO - Started process (PID=5020) to work on /home/airflow/.local/lib/python3.11/site-packages/airflow/example_dags/example_branch_python_dop_operator_3.py
[2024-12-20T09:24:59.890+0000] {processor.py:830} INFO - Processing file /home/airflow/.local/lib/python3.11/site-packages/airflow/example_dags/example_branch_python_dop_operator_3.py for tasks to queue
[2024-12-20T09:24:59.891+0000] {logging_mixin.py:188} INFO - [2024-12-20T09:24:59.891+0000] {dagbag.py:538} INFO - Filling up the DagBag from /home/airflow/.local/lib/python3.11/site-packages/airflow/example_dags/example_branch_python_dop_operator_3.py
[2024-12-20T09:24:59.908+0000] {processor.py:840} INFO - DAG(s) 'example_branch_dop_operator_v3' retrieved from /home/airflow/.local/lib/python3.11/site-packages/airflow/example_dags/example_branch_python_dop_operator_3.py
[2024-12-20T09:24:59.948+0000] {logging_mixin.py:188} INFO - [2024-12-20T09:24:59.948+0000] {dag.py:3036} INFO - Sync 1 DAGs
[2024-12-20T09:24:59.999+0000] {logging_mixin.py:188} INFO - [2024-12-20T09:24:59.999+0000] {dag.py:3823} INFO - Setting next_dagrun for example_branch_dop_operator_v3 to 2024-12-20 09:23:00+00:00, run_after=2024-12-20 09:24:00+00:00
[2024-12-20T09:25:00.036+0000] {processor.py:183} INFO - Processing /home/airflow/.local/lib/python3.11/site-packages/airflow/example_dags/example_branch_python_dop_operator_3.py took 0.154 seconds
[2024-12-20T09:25:30.415+0000] {processor.py:161} INFO - Started process (PID=5092) to work on /home/airflow/.local/lib/python3.11/site-packages/airflow/example_dags/example_branch_python_dop_operator_3.py
[2024-12-20T09:25:30.416+0000] {processor.py:830} INFO - Processing file /home/airflow/.local/lib/python3.11/site-packages/airflow/example_dags/example_branch_python_dop_operator_3.py for tasks to queue
[2024-12-20T09:25:30.417+0000] {logging_mixin.py:188} INFO - [2024-12-20T09:25:30.417+0000] {dagbag.py:538} INFO - Filling up the DagBag from /home/airflow/.local/lib/python3.11/site-packages/airflow/example_dags/example_branch_python_dop_operator_3.py
[2024-12-20T09:25:30.429+0000] {processor.py:840} INFO - DAG(s) 'example_branch_dop_operator_v3' retrieved from /home/airflow/.local/lib/python3.11/site-packages/airflow/example_dags/example_branch_python_dop_operator_3.py
[2024-12-20T09:25:30.456+0000] {logging_mixin.py:188} INFO - [2024-12-20T09:25:30.456+0000] {dag.py:3036} INFO - Sync 1 DAGs
[2024-12-20T09:25:30.490+0000] {logging_mixin.py:188} INFO - [2024-12-20T09:25:30.489+0000] {dag.py:3823} INFO - Setting next_dagrun for example_branch_dop_operator_v3 to 2024-12-20 09:24:00+00:00, run_after=2024-12-20 09:25:00+00:00
[2024-12-20T09:25:30.520+0000] {processor.py:183} INFO - Processing /home/airflow/.local/lib/python3.11/site-packages/airflow/example_dags/example_branch_python_dop_operator_3.py took 0.110 seconds
[2024-12-20T09:26:00.727+0000] {processor.py:161} INFO - Started process (PID=5164) to work on /home/airflow/.local/lib/python3.11/site-packages/airflow/example_dags/example_branch_python_dop_operator_3.py
[2024-12-20T09:26:00.728+0000] {processor.py:830} INFO - Processing file /home/airflow/.local/lib/python3.11/site-packages/airflow/example_dags/example_branch_python_dop_operator_3.py for tasks to queue
[2024-12-20T09:26:00.730+0000] {logging_mixin.py:188} INFO - [2024-12-20T09:26:00.729+0000] {dagbag.py:538} INFO - Filling up the DagBag from /home/airflow/.local/lib/python3.11/site-packages/airflow/example_dags/example_branch_python_dop_operator_3.py
[2024-12-20T09:26:00.742+0000] {processor.py:840} INFO - DAG(s) 'example_branch_dop_operator_v3' retrieved from /home/airflow/.local/lib/python3.11/site-packages/airflow/example_dags/example_branch_python_dop_operator_3.py
[2024-12-20T09:26:00.775+0000] {logging_mixin.py:188} INFO - [2024-12-20T09:26:00.775+0000] {dag.py:3036} INFO - Sync 1 DAGs
[2024-12-20T09:26:00.814+0000] {logging_mixin.py:188} INFO - [2024-12-20T09:26:00.814+0000] {dag.py:3823} INFO - Setting next_dagrun for example_branch_dop_operator_v3 to 2024-12-20 09:25:00+00:00, run_after=2024-12-20 09:26:00+00:00
[2024-12-20T09:26:00.872+0000] {processor.py:183} INFO - Processing /home/airflow/.local/lib/python3.11/site-packages/airflow/example_dags/example_branch_python_dop_operator_3.py took 0.150 seconds
[2024-12-20T09:26:31.734+0000] {processor.py:161} INFO - Started process (PID=5243) to work on /home/airflow/.local/lib/python3.11/site-packages/airflow/example_dags/example_branch_python_dop_operator_3.py
[2024-12-20T09:26:31.736+0000] {processor.py:830} INFO - Processing file /home/airflow/.local/lib/python3.11/site-packages/airflow/example_dags/example_branch_python_dop_operator_3.py for tasks to queue
[2024-12-20T09:26:31.737+0000] {logging_mixin.py:188} INFO - [2024-12-20T09:26:31.737+0000] {dagbag.py:538} INFO - Filling up the DagBag from /home/airflow/.local/lib/python3.11/site-packages/airflow/example_dags/example_branch_python_dop_operator_3.py
[2024-12-20T09:26:31.750+0000] {processor.py:840} INFO - DAG(s) 'example_branch_dop_operator_v3' retrieved from /home/airflow/.local/lib/python3.11/site-packages/airflow/example_dags/example_branch_python_dop_operator_3.py
[2024-12-20T09:26:31.778+0000] {logging_mixin.py:188} INFO - [2024-12-20T09:26:31.778+0000] {dag.py:3036} INFO - Sync 1 DAGs
[2024-12-20T09:26:31.822+0000] {logging_mixin.py:188} INFO - [2024-12-20T09:26:31.821+0000] {dag.py:3823} INFO - Setting next_dagrun for example_branch_dop_operator_v3 to 2024-12-20 09:25:00+00:00, run_after=2024-12-20 09:26:00+00:00
[2024-12-20T09:26:31.854+0000] {processor.py:183} INFO - Processing /home/airflow/.local/lib/python3.11/site-packages/airflow/example_dags/example_branch_python_dop_operator_3.py took 0.126 seconds
[2024-12-20T09:27:02.161+0000] {processor.py:161} INFO - Started process (PID=5304) to work on /home/airflow/.local/lib/python3.11/site-packages/airflow/example_dags/example_branch_python_dop_operator_3.py
[2024-12-20T09:27:02.163+0000] {processor.py:830} INFO - Processing file /home/airflow/.local/lib/python3.11/site-packages/airflow/example_dags/example_branch_python_dop_operator_3.py for tasks to queue
[2024-12-20T09:27:02.165+0000] {logging_mixin.py:188} INFO - [2024-12-20T09:27:02.164+0000] {dagbag.py:538} INFO - Filling up the DagBag from /home/airflow/.local/lib/python3.11/site-packages/airflow/example_dags/example_branch_python_dop_operator_3.py
[2024-12-20T09:27:02.179+0000] {processor.py:840} INFO - DAG(s) 'example_branch_dop_operator_v3' retrieved from /home/airflow/.local/lib/python3.11/site-packages/airflow/example_dags/example_branch_python_dop_operator_3.py
[2024-12-20T09:27:02.214+0000] {logging_mixin.py:188} INFO - [2024-12-20T09:27:02.213+0000] {dag.py:3036} INFO - Sync 1 DAGs
[2024-12-20T09:27:02.249+0000] {logging_mixin.py:188} INFO - [2024-12-20T09:27:02.249+0000] {dag.py:3823} INFO - Setting next_dagrun for example_branch_dop_operator_v3 to 2024-12-20 09:26:00+00:00, run_after=2024-12-20 09:27:00+00:00
[2024-12-20T09:27:02.281+0000] {processor.py:183} INFO - Processing /home/airflow/.local/lib/python3.11/site-packages/airflow/example_dags/example_branch_python_dop_operator_3.py took 0.125 seconds
[2024-12-20T09:27:32.712+0000] {processor.py:161} INFO - Started process (PID=5376) to work on /home/airflow/.local/lib/python3.11/site-packages/airflow/example_dags/example_branch_python_dop_operator_3.py
[2024-12-20T09:27:32.714+0000] {processor.py:830} INFO - Processing file /home/airflow/.local/lib/python3.11/site-packages/airflow/example_dags/example_branch_python_dop_operator_3.py for tasks to queue
[2024-12-20T09:27:32.716+0000] {logging_mixin.py:188} INFO - [2024-12-20T09:27:32.716+0000] {dagbag.py:538} INFO - Filling up the DagBag from /home/airflow/.local/lib/python3.11/site-packages/airflow/example_dags/example_branch_python_dop_operator_3.py
[2024-12-20T09:27:32.736+0000] {processor.py:840} INFO - DAG(s) 'example_branch_dop_operator_v3' retrieved from /home/airflow/.local/lib/python3.11/site-packages/airflow/example_dags/example_branch_python_dop_operator_3.py
[2024-12-20T09:27:32.776+0000] {logging_mixin.py:188} INFO - [2024-12-20T09:27:32.776+0000] {dag.py:3036} INFO - Sync 1 DAGs
[2024-12-20T09:27:32.822+0000] {logging_mixin.py:188} INFO - [2024-12-20T09:27:32.822+0000] {dag.py:3823} INFO - Setting next_dagrun for example_branch_dop_operator_v3 to 2024-12-20 09:26:00+00:00, run_after=2024-12-20 09:27:00+00:00
[2024-12-20T09:27:32.866+0000] {processor.py:183} INFO - Processing /home/airflow/.local/lib/python3.11/site-packages/airflow/example_dags/example_branch_python_dop_operator_3.py took 0.160 seconds
[2024-12-20T09:28:03.342+0000] {processor.py:161} INFO - Started process (PID=5448) to work on /home/airflow/.local/lib/python3.11/site-packages/airflow/example_dags/example_branch_python_dop_operator_3.py
[2024-12-20T09:28:03.343+0000] {processor.py:830} INFO - Processing file /home/airflow/.local/lib/python3.11/site-packages/airflow/example_dags/example_branch_python_dop_operator_3.py for tasks to queue
[2024-12-20T09:28:03.344+0000] {logging_mixin.py:188} INFO - [2024-12-20T09:28:03.344+0000] {dagbag.py:538} INFO - Filling up the DagBag from /home/airflow/.local/lib/python3.11/site-packages/airflow/example_dags/example_branch_python_dop_operator_3.py
[2024-12-20T09:28:03.357+0000] {processor.py:840} INFO - DAG(s) 'example_branch_dop_operator_v3' retrieved from /home/airflow/.local/lib/python3.11/site-packages/airflow/example_dags/example_branch_python_dop_operator_3.py
[2024-12-20T09:28:03.384+0000] {logging_mixin.py:188} INFO - [2024-12-20T09:28:03.384+0000] {dag.py:3036} INFO - Sync 1 DAGs
[2024-12-20T09:28:03.423+0000] {logging_mixin.py:188} INFO - [2024-12-20T09:28:03.423+0000] {dag.py:3823} INFO - Setting next_dagrun for example_branch_dop_operator_v3 to 2024-12-20 09:27:00+00:00, run_after=2024-12-20 09:28:00+00:00
[2024-12-20T09:28:03.458+0000] {processor.py:183} INFO - Processing /home/airflow/.local/lib/python3.11/site-packages/airflow/example_dags/example_branch_python_dop_operator_3.py took 0.121 seconds
[2024-12-20T09:28:33.529+0000] {processor.py:161} INFO - Started process (PID=5520) to work on /home/airflow/.local/lib/python3.11/site-packages/airflow/example_dags/example_branch_python_dop_operator_3.py
[2024-12-20T09:28:33.531+0000] {processor.py:830} INFO - Processing file /home/airflow/.local/lib/python3.11/site-packages/airflow/example_dags/example_branch_python_dop_operator_3.py for tasks to queue
[2024-12-20T09:28:33.532+0000] {logging_mixin.py:188} INFO - [2024-12-20T09:28:33.532+0000] {dagbag.py:538} INFO - Filling up the DagBag from /home/airflow/.local/lib/python3.11/site-packages/airflow/example_dags/example_branch_python_dop_operator_3.py
[2024-12-20T09:28:33.547+0000] {processor.py:840} INFO - DAG(s) 'example_branch_dop_operator_v3' retrieved from /home/airflow/.local/lib/python3.11/site-packages/airflow/example_dags/example_branch_python_dop_operator_3.py
[2024-12-20T09:28:33.579+0000] {logging_mixin.py:188} INFO - [2024-12-20T09:28:33.579+0000] {dag.py:3036} INFO - Sync 1 DAGs
[2024-12-20T09:28:33.639+0000] {logging_mixin.py:188} INFO - [2024-12-20T09:28:33.638+0000] {dag.py:3823} INFO - Setting next_dagrun for example_branch_dop_operator_v3 to 2024-12-20 09:27:00+00:00, run_after=2024-12-20 09:28:00+00:00
[2024-12-20T09:28:33.684+0000] {processor.py:183} INFO - Processing /home/airflow/.local/lib/python3.11/site-packages/airflow/example_dags/example_branch_python_dop_operator_3.py took 0.159 seconds
