[2024-12-20T00:00:07.982+0000] {processor.py:161} INFO - Started process (PID=2118) to work on /home/airflow/.local/lib/python3.11/site-packages/airflow/example_dags/example_sensor_decorator.py
[2024-12-20T00:00:07.984+0000] {processor.py:830} INFO - Processing file /home/airflow/.local/lib/python3.11/site-packages/airflow/example_dags/example_sensor_decorator.py for tasks to queue
[2024-12-20T00:00:07.986+0000] {logging_mixin.py:188} INFO - [2024-12-20T00:00:07.986+0000] {dagbag.py:538} INFO - Filling up the DagBag from /home/airflow/.local/lib/python3.11/site-packages/airflow/example_dags/example_sensor_decorator.py
[2024-12-20T00:00:07.993+0000] {processor.py:840} INFO - DAG(s) 'example_sensor_decorator' retrieved from /home/airflow/.local/lib/python3.11/site-packages/airflow/example_dags/example_sensor_decorator.py
[2024-12-20T00:00:08.017+0000] {logging_mixin.py:188} INFO - [2024-12-20T00:00:08.017+0000] {dag.py:3036} INFO - Sync 1 DAGs
[2024-12-20T00:00:08.031+0000] {logging_mixin.py:188} INFO - [2024-12-20T00:00:08.031+0000] {dag.py:3823} INFO - Setting next_dagrun for example_sensor_decorator to None, run_after=None
[2024-12-20T00:00:08.054+0000] {processor.py:183} INFO - Processing /home/airflow/.local/lib/python3.11/site-packages/airflow/example_dags/example_sensor_decorator.py took 0.075 seconds
[2024-12-20T00:00:38.473+0000] {processor.py:161} INFO - Started process (PID=2197) to work on /home/airflow/.local/lib/python3.11/site-packages/airflow/example_dags/example_sensor_decorator.py
[2024-12-20T00:00:38.474+0000] {processor.py:830} INFO - Processing file /home/airflow/.local/lib/python3.11/site-packages/airflow/example_dags/example_sensor_decorator.py for tasks to queue
[2024-12-20T00:00:38.477+0000] {logging_mixin.py:188} INFO - [2024-12-20T00:00:38.476+0000] {dagbag.py:538} INFO - Filling up the DagBag from /home/airflow/.local/lib/python3.11/site-packages/airflow/example_dags/example_sensor_decorator.py
[2024-12-20T00:00:38.485+0000] {processor.py:840} INFO - DAG(s) 'example_sensor_decorator' retrieved from /home/airflow/.local/lib/python3.11/site-packages/airflow/example_dags/example_sensor_decorator.py
[2024-12-20T00:00:38.520+0000] {logging_mixin.py:188} INFO - [2024-12-20T00:00:38.520+0000] {dag.py:3036} INFO - Sync 1 DAGs
[2024-12-20T00:00:38.534+0000] {logging_mixin.py:188} INFO - [2024-12-20T00:00:38.534+0000] {dag.py:3823} INFO - Setting next_dagrun for example_sensor_decorator to None, run_after=None
[2024-12-20T00:00:38.564+0000] {processor.py:183} INFO - Processing /home/airflow/.local/lib/python3.11/site-packages/airflow/example_dags/example_sensor_decorator.py took 0.094 seconds
[2024-12-20T00:01:09.134+0000] {processor.py:161} INFO - Started process (PID=2269) to work on /home/airflow/.local/lib/python3.11/site-packages/airflow/example_dags/example_sensor_decorator.py
[2024-12-20T00:01:09.136+0000] {processor.py:830} INFO - Processing file /home/airflow/.local/lib/python3.11/site-packages/airflow/example_dags/example_sensor_decorator.py for tasks to queue
[2024-12-20T00:01:09.141+0000] {logging_mixin.py:188} INFO - [2024-12-20T00:01:09.140+0000] {dagbag.py:538} INFO - Filling up the DagBag from /home/airflow/.local/lib/python3.11/site-packages/airflow/example_dags/example_sensor_decorator.py
[2024-12-20T00:01:09.155+0000] {processor.py:840} INFO - DAG(s) 'example_sensor_decorator' retrieved from /home/airflow/.local/lib/python3.11/site-packages/airflow/example_dags/example_sensor_decorator.py
[2024-12-20T00:01:09.198+0000] {logging_mixin.py:188} INFO - [2024-12-20T00:01:09.197+0000] {dag.py:3036} INFO - Sync 1 DAGs
[2024-12-20T00:01:09.218+0000] {logging_mixin.py:188} INFO - [2024-12-20T00:01:09.218+0000] {dag.py:3823} INFO - Setting next_dagrun for example_sensor_decorator to None, run_after=None
[2024-12-20T00:01:09.252+0000] {processor.py:183} INFO - Processing /home/airflow/.local/lib/python3.11/site-packages/airflow/example_dags/example_sensor_decorator.py took 0.126 seconds
[2024-12-20T00:01:39.374+0000] {processor.py:161} INFO - Started process (PID=2341) to work on /home/airflow/.local/lib/python3.11/site-packages/airflow/example_dags/example_sensor_decorator.py
[2024-12-20T00:01:39.376+0000] {processor.py:830} INFO - Processing file /home/airflow/.local/lib/python3.11/site-packages/airflow/example_dags/example_sensor_decorator.py for tasks to queue
[2024-12-20T00:01:39.381+0000] {logging_mixin.py:188} INFO - [2024-12-20T00:01:39.380+0000] {dagbag.py:538} INFO - Filling up the DagBag from /home/airflow/.local/lib/python3.11/site-packages/airflow/example_dags/example_sensor_decorator.py
[2024-12-20T00:01:39.393+0000] {processor.py:840} INFO - DAG(s) 'example_sensor_decorator' retrieved from /home/airflow/.local/lib/python3.11/site-packages/airflow/example_dags/example_sensor_decorator.py
[2024-12-20T00:01:39.433+0000] {logging_mixin.py:188} INFO - [2024-12-20T00:01:39.433+0000] {dag.py:3036} INFO - Sync 1 DAGs
[2024-12-20T00:01:39.451+0000] {logging_mixin.py:188} INFO - [2024-12-20T00:01:39.450+0000] {dag.py:3823} INFO - Setting next_dagrun for example_sensor_decorator to None, run_after=None
[2024-12-20T00:01:39.483+0000] {processor.py:183} INFO - Processing /home/airflow/.local/lib/python3.11/site-packages/airflow/example_dags/example_sensor_decorator.py took 0.116 seconds
[2024-12-20T00:02:09.672+0000] {processor.py:161} INFO - Started process (PID=2413) to work on /home/airflow/.local/lib/python3.11/site-packages/airflow/example_dags/example_sensor_decorator.py
[2024-12-20T00:02:09.675+0000] {processor.py:830} INFO - Processing file /home/airflow/.local/lib/python3.11/site-packages/airflow/example_dags/example_sensor_decorator.py for tasks to queue
[2024-12-20T00:02:09.680+0000] {logging_mixin.py:188} INFO - [2024-12-20T00:02:09.679+0000] {dagbag.py:538} INFO - Filling up the DagBag from /home/airflow/.local/lib/python3.11/site-packages/airflow/example_dags/example_sensor_decorator.py
[2024-12-20T00:02:09.692+0000] {processor.py:840} INFO - DAG(s) 'example_sensor_decorator' retrieved from /home/airflow/.local/lib/python3.11/site-packages/airflow/example_dags/example_sensor_decorator.py
[2024-12-20T00:02:09.721+0000] {logging_mixin.py:188} INFO - [2024-12-20T00:02:09.721+0000] {dag.py:3036} INFO - Sync 1 DAGs
[2024-12-20T00:02:09.737+0000] {logging_mixin.py:188} INFO - [2024-12-20T00:02:09.737+0000] {dag.py:3823} INFO - Setting next_dagrun for example_sensor_decorator to None, run_after=None
[2024-12-20T00:02:09.768+0000] {processor.py:183} INFO - Processing /home/airflow/.local/lib/python3.11/site-packages/airflow/example_dags/example_sensor_decorator.py took 0.105 seconds
[2024-12-20T00:02:40.087+0000] {processor.py:161} INFO - Started process (PID=2492) to work on /home/airflow/.local/lib/python3.11/site-packages/airflow/example_dags/example_sensor_decorator.py
[2024-12-20T00:02:40.089+0000] {processor.py:830} INFO - Processing file /home/airflow/.local/lib/python3.11/site-packages/airflow/example_dags/example_sensor_decorator.py for tasks to queue
[2024-12-20T00:02:40.091+0000] {logging_mixin.py:188} INFO - [2024-12-20T00:02:40.091+0000] {dagbag.py:538} INFO - Filling up the DagBag from /home/airflow/.local/lib/python3.11/site-packages/airflow/example_dags/example_sensor_decorator.py
[2024-12-20T00:02:40.099+0000] {processor.py:840} INFO - DAG(s) 'example_sensor_decorator' retrieved from /home/airflow/.local/lib/python3.11/site-packages/airflow/example_dags/example_sensor_decorator.py
[2024-12-20T00:02:40.125+0000] {logging_mixin.py:188} INFO - [2024-12-20T00:02:40.125+0000] {dag.py:3036} INFO - Sync 1 DAGs
[2024-12-20T00:02:40.141+0000] {logging_mixin.py:188} INFO - [2024-12-20T00:02:40.141+0000] {dag.py:3823} INFO - Setting next_dagrun for example_sensor_decorator to None, run_after=None
[2024-12-20T00:02:40.173+0000] {processor.py:183} INFO - Processing /home/airflow/.local/lib/python3.11/site-packages/airflow/example_dags/example_sensor_decorator.py took 0.089 seconds
[2024-12-20T00:03:10.818+0000] {processor.py:161} INFO - Started process (PID=2564) to work on /home/airflow/.local/lib/python3.11/site-packages/airflow/example_dags/example_sensor_decorator.py
[2024-12-20T00:03:10.819+0000] {processor.py:830} INFO - Processing file /home/airflow/.local/lib/python3.11/site-packages/airflow/example_dags/example_sensor_decorator.py for tasks to queue
[2024-12-20T00:03:10.822+0000] {logging_mixin.py:188} INFO - [2024-12-20T00:03:10.822+0000] {dagbag.py:538} INFO - Filling up the DagBag from /home/airflow/.local/lib/python3.11/site-packages/airflow/example_dags/example_sensor_decorator.py
[2024-12-20T00:03:10.828+0000] {processor.py:840} INFO - DAG(s) 'example_sensor_decorator' retrieved from /home/airflow/.local/lib/python3.11/site-packages/airflow/example_dags/example_sensor_decorator.py
[2024-12-20T00:03:10.853+0000] {logging_mixin.py:188} INFO - [2024-12-20T00:03:10.853+0000] {dag.py:3036} INFO - Sync 1 DAGs
[2024-12-20T00:03:10.866+0000] {logging_mixin.py:188} INFO - [2024-12-20T00:03:10.866+0000] {dag.py:3823} INFO - Setting next_dagrun for example_sensor_decorator to None, run_after=None
[2024-12-20T00:03:10.896+0000] {processor.py:183} INFO - Processing /home/airflow/.local/lib/python3.11/site-packages/airflow/example_dags/example_sensor_decorator.py took 0.081 seconds
[2024-12-20T00:03:40.946+0000] {processor.py:161} INFO - Started process (PID=2635) to work on /home/airflow/.local/lib/python3.11/site-packages/airflow/example_dags/example_sensor_decorator.py
[2024-12-20T00:03:40.948+0000] {processor.py:830} INFO - Processing file /home/airflow/.local/lib/python3.11/site-packages/airflow/example_dags/example_sensor_decorator.py for tasks to queue
[2024-12-20T00:03:40.950+0000] {logging_mixin.py:188} INFO - [2024-12-20T00:03:40.950+0000] {dagbag.py:538} INFO - Filling up the DagBag from /home/airflow/.local/lib/python3.11/site-packages/airflow/example_dags/example_sensor_decorator.py
[2024-12-20T00:03:40.957+0000] {processor.py:840} INFO - DAG(s) 'example_sensor_decorator' retrieved from /home/airflow/.local/lib/python3.11/site-packages/airflow/example_dags/example_sensor_decorator.py
[2024-12-20T00:03:40.979+0000] {logging_mixin.py:188} INFO - [2024-12-20T00:03:40.978+0000] {dag.py:3036} INFO - Sync 1 DAGs
[2024-12-20T00:03:40.992+0000] {logging_mixin.py:188} INFO - [2024-12-20T00:03:40.991+0000] {dag.py:3823} INFO - Setting next_dagrun for example_sensor_decorator to None, run_after=None
[2024-12-20T00:03:41.012+0000] {processor.py:183} INFO - Processing /home/airflow/.local/lib/python3.11/site-packages/airflow/example_dags/example_sensor_decorator.py took 0.070 seconds
[2024-12-20T00:04:11.734+0000] {processor.py:161} INFO - Started process (PID=2707) to work on /home/airflow/.local/lib/python3.11/site-packages/airflow/example_dags/example_sensor_decorator.py
[2024-12-20T00:04:11.735+0000] {processor.py:830} INFO - Processing file /home/airflow/.local/lib/python3.11/site-packages/airflow/example_dags/example_sensor_decorator.py for tasks to queue
[2024-12-20T00:04:11.738+0000] {logging_mixin.py:188} INFO - [2024-12-20T00:04:11.738+0000] {dagbag.py:538} INFO - Filling up the DagBag from /home/airflow/.local/lib/python3.11/site-packages/airflow/example_dags/example_sensor_decorator.py
[2024-12-20T00:04:11.745+0000] {processor.py:840} INFO - DAG(s) 'example_sensor_decorator' retrieved from /home/airflow/.local/lib/python3.11/site-packages/airflow/example_dags/example_sensor_decorator.py
[2024-12-20T00:04:11.770+0000] {logging_mixin.py:188} INFO - [2024-12-20T00:04:11.769+0000] {dag.py:3036} INFO - Sync 1 DAGs
[2024-12-20T00:04:11.786+0000] {logging_mixin.py:188} INFO - [2024-12-20T00:04:11.786+0000] {dag.py:3823} INFO - Setting next_dagrun for example_sensor_decorator to None, run_after=None
[2024-12-20T00:04:11.814+0000] {processor.py:183} INFO - Processing /home/airflow/.local/lib/python3.11/site-packages/airflow/example_dags/example_sensor_decorator.py took 0.083 seconds
[2024-12-20T00:04:42.254+0000] {processor.py:161} INFO - Started process (PID=2778) to work on /home/airflow/.local/lib/python3.11/site-packages/airflow/example_dags/example_sensor_decorator.py
[2024-12-20T00:04:42.256+0000] {processor.py:830} INFO - Processing file /home/airflow/.local/lib/python3.11/site-packages/airflow/example_dags/example_sensor_decorator.py for tasks to queue
[2024-12-20T00:04:42.258+0000] {logging_mixin.py:188} INFO - [2024-12-20T00:04:42.258+0000] {dagbag.py:538} INFO - Filling up the DagBag from /home/airflow/.local/lib/python3.11/site-packages/airflow/example_dags/example_sensor_decorator.py
[2024-12-20T00:04:42.266+0000] {processor.py:840} INFO - DAG(s) 'example_sensor_decorator' retrieved from /home/airflow/.local/lib/python3.11/site-packages/airflow/example_dags/example_sensor_decorator.py
[2024-12-20T00:04:42.290+0000] {logging_mixin.py:188} INFO - [2024-12-20T00:04:42.290+0000] {dag.py:3036} INFO - Sync 1 DAGs
[2024-12-20T00:04:42.304+0000] {logging_mixin.py:188} INFO - [2024-12-20T00:04:42.303+0000] {dag.py:3823} INFO - Setting next_dagrun for example_sensor_decorator to None, run_after=None
[2024-12-20T00:04:42.335+0000] {processor.py:183} INFO - Processing /home/airflow/.local/lib/python3.11/site-packages/airflow/example_dags/example_sensor_decorator.py took 0.085 seconds
[2024-12-20T00:05:12.458+0000] {processor.py:161} INFO - Started process (PID=2850) to work on /home/airflow/.local/lib/python3.11/site-packages/airflow/example_dags/example_sensor_decorator.py
[2024-12-20T00:05:12.461+0000] {processor.py:830} INFO - Processing file /home/airflow/.local/lib/python3.11/site-packages/airflow/example_dags/example_sensor_decorator.py for tasks to queue
[2024-12-20T00:05:12.467+0000] {logging_mixin.py:188} INFO - [2024-12-20T00:05:12.466+0000] {dagbag.py:538} INFO - Filling up the DagBag from /home/airflow/.local/lib/python3.11/site-packages/airflow/example_dags/example_sensor_decorator.py
[2024-12-20T00:05:12.477+0000] {processor.py:840} INFO - DAG(s) 'example_sensor_decorator' retrieved from /home/airflow/.local/lib/python3.11/site-packages/airflow/example_dags/example_sensor_decorator.py
[2024-12-20T00:05:12.503+0000] {logging_mixin.py:188} INFO - [2024-12-20T00:05:12.502+0000] {dag.py:3036} INFO - Sync 1 DAGs
[2024-12-20T00:05:12.516+0000] {logging_mixin.py:188} INFO - [2024-12-20T00:05:12.516+0000] {dag.py:3823} INFO - Setting next_dagrun for example_sensor_decorator to None, run_after=None
[2024-12-20T00:05:12.538+0000] {processor.py:183} INFO - Processing /home/airflow/.local/lib/python3.11/site-packages/airflow/example_dags/example_sensor_decorator.py took 0.087 seconds
[2024-12-20T00:05:42.801+0000] {processor.py:161} INFO - Started process (PID=2929) to work on /home/airflow/.local/lib/python3.11/site-packages/airflow/example_dags/example_sensor_decorator.py
[2024-12-20T00:05:42.803+0000] {processor.py:830} INFO - Processing file /home/airflow/.local/lib/python3.11/site-packages/airflow/example_dags/example_sensor_decorator.py for tasks to queue
[2024-12-20T00:05:42.806+0000] {logging_mixin.py:188} INFO - [2024-12-20T00:05:42.806+0000] {dagbag.py:538} INFO - Filling up the DagBag from /home/airflow/.local/lib/python3.11/site-packages/airflow/example_dags/example_sensor_decorator.py
[2024-12-20T00:05:42.813+0000] {processor.py:840} INFO - DAG(s) 'example_sensor_decorator' retrieved from /home/airflow/.local/lib/python3.11/site-packages/airflow/example_dags/example_sensor_decorator.py
[2024-12-20T00:05:42.840+0000] {logging_mixin.py:188} INFO - [2024-12-20T00:05:42.840+0000] {dag.py:3036} INFO - Sync 1 DAGs
[2024-12-20T00:05:42.853+0000] {logging_mixin.py:188} INFO - [2024-12-20T00:05:42.853+0000] {dag.py:3823} INFO - Setting next_dagrun for example_sensor_decorator to None, run_after=None
[2024-12-20T00:05:42.883+0000] {processor.py:183} INFO - Processing /home/airflow/.local/lib/python3.11/site-packages/airflow/example_dags/example_sensor_decorator.py took 0.087 seconds
[2024-12-20T00:06:13.523+0000] {processor.py:161} INFO - Started process (PID=3001) to work on /home/airflow/.local/lib/python3.11/site-packages/airflow/example_dags/example_sensor_decorator.py
[2024-12-20T00:06:13.525+0000] {processor.py:830} INFO - Processing file /home/airflow/.local/lib/python3.11/site-packages/airflow/example_dags/example_sensor_decorator.py for tasks to queue
[2024-12-20T00:06:13.529+0000] {logging_mixin.py:188} INFO - [2024-12-20T00:06:13.528+0000] {dagbag.py:538} INFO - Filling up the DagBag from /home/airflow/.local/lib/python3.11/site-packages/airflow/example_dags/example_sensor_decorator.py
[2024-12-20T00:06:13.538+0000] {processor.py:840} INFO - DAG(s) 'example_sensor_decorator' retrieved from /home/airflow/.local/lib/python3.11/site-packages/airflow/example_dags/example_sensor_decorator.py
[2024-12-20T00:06:13.563+0000] {logging_mixin.py:188} INFO - [2024-12-20T00:06:13.562+0000] {dag.py:3036} INFO - Sync 1 DAGs
[2024-12-20T00:06:13.576+0000] {logging_mixin.py:188} INFO - [2024-12-20T00:06:13.576+0000] {dag.py:3823} INFO - Setting next_dagrun for example_sensor_decorator to None, run_after=None
[2024-12-20T00:06:13.606+0000] {processor.py:183} INFO - Processing /home/airflow/.local/lib/python3.11/site-packages/airflow/example_dags/example_sensor_decorator.py took 0.089 seconds
[2024-12-20T00:06:43.823+0000] {processor.py:161} INFO - Started process (PID=3073) to work on /home/airflow/.local/lib/python3.11/site-packages/airflow/example_dags/example_sensor_decorator.py
[2024-12-20T00:06:43.824+0000] {processor.py:830} INFO - Processing file /home/airflow/.local/lib/python3.11/site-packages/airflow/example_dags/example_sensor_decorator.py for tasks to queue
[2024-12-20T00:06:43.827+0000] {logging_mixin.py:188} INFO - [2024-12-20T00:06:43.826+0000] {dagbag.py:538} INFO - Filling up the DagBag from /home/airflow/.local/lib/python3.11/site-packages/airflow/example_dags/example_sensor_decorator.py
[2024-12-20T00:06:43.834+0000] {processor.py:840} INFO - DAG(s) 'example_sensor_decorator' retrieved from /home/airflow/.local/lib/python3.11/site-packages/airflow/example_dags/example_sensor_decorator.py
[2024-12-20T00:06:43.859+0000] {logging_mixin.py:188} INFO - [2024-12-20T00:06:43.859+0000] {dag.py:3036} INFO - Sync 1 DAGs
[2024-12-20T00:06:43.874+0000] {logging_mixin.py:188} INFO - [2024-12-20T00:06:43.874+0000] {dag.py:3823} INFO - Setting next_dagrun for example_sensor_decorator to None, run_after=None
[2024-12-20T00:06:43.903+0000] {processor.py:183} INFO - Processing /home/airflow/.local/lib/python3.11/site-packages/airflow/example_dags/example_sensor_decorator.py took 0.084 seconds
[2024-12-20T00:07:14.670+0000] {processor.py:161} INFO - Started process (PID=3152) to work on /home/airflow/.local/lib/python3.11/site-packages/airflow/example_dags/example_sensor_decorator.py
[2024-12-20T00:07:14.671+0000] {processor.py:830} INFO - Processing file /home/airflow/.local/lib/python3.11/site-packages/airflow/example_dags/example_sensor_decorator.py for tasks to queue
[2024-12-20T00:07:14.673+0000] {logging_mixin.py:188} INFO - [2024-12-20T00:07:14.673+0000] {dagbag.py:538} INFO - Filling up the DagBag from /home/airflow/.local/lib/python3.11/site-packages/airflow/example_dags/example_sensor_decorator.py
[2024-12-20T00:07:14.680+0000] {processor.py:840} INFO - DAG(s) 'example_sensor_decorator' retrieved from /home/airflow/.local/lib/python3.11/site-packages/airflow/example_dags/example_sensor_decorator.py
[2024-12-20T00:07:14.707+0000] {logging_mixin.py:188} INFO - [2024-12-20T00:07:14.707+0000] {dag.py:3036} INFO - Sync 1 DAGs
[2024-12-20T00:07:14.721+0000] {logging_mixin.py:188} INFO - [2024-12-20T00:07:14.721+0000] {dag.py:3823} INFO - Setting next_dagrun for example_sensor_decorator to None, run_after=None
[2024-12-20T00:07:14.744+0000] {processor.py:183} INFO - Processing /home/airflow/.local/lib/python3.11/site-packages/airflow/example_dags/example_sensor_decorator.py took 0.077 seconds
[2024-12-20T00:07:45.462+0000] {processor.py:161} INFO - Started process (PID=3224) to work on /home/airflow/.local/lib/python3.11/site-packages/airflow/example_dags/example_sensor_decorator.py
[2024-12-20T00:07:45.464+0000] {processor.py:830} INFO - Processing file /home/airflow/.local/lib/python3.11/site-packages/airflow/example_dags/example_sensor_decorator.py for tasks to queue
[2024-12-20T00:07:45.468+0000] {logging_mixin.py:188} INFO - [2024-12-20T00:07:45.467+0000] {dagbag.py:538} INFO - Filling up the DagBag from /home/airflow/.local/lib/python3.11/site-packages/airflow/example_dags/example_sensor_decorator.py
[2024-12-20T00:07:45.478+0000] {processor.py:840} INFO - DAG(s) 'example_sensor_decorator' retrieved from /home/airflow/.local/lib/python3.11/site-packages/airflow/example_dags/example_sensor_decorator.py
[2024-12-20T00:07:45.504+0000] {logging_mixin.py:188} INFO - [2024-12-20T00:07:45.504+0000] {dag.py:3036} INFO - Sync 1 DAGs
[2024-12-20T00:07:45.518+0000] {logging_mixin.py:188} INFO - [2024-12-20T00:07:45.518+0000] {dag.py:3823} INFO - Setting next_dagrun for example_sensor_decorator to None, run_after=None
[2024-12-20T00:07:45.548+0000] {processor.py:183} INFO - Processing /home/airflow/.local/lib/python3.11/site-packages/airflow/example_dags/example_sensor_decorator.py took 0.092 seconds
[2024-12-20T00:08:16.123+0000] {processor.py:161} INFO - Started process (PID=3296) to work on /home/airflow/.local/lib/python3.11/site-packages/airflow/example_dags/example_sensor_decorator.py
[2024-12-20T00:08:16.125+0000] {processor.py:830} INFO - Processing file /home/airflow/.local/lib/python3.11/site-packages/airflow/example_dags/example_sensor_decorator.py for tasks to queue
[2024-12-20T00:08:16.128+0000] {logging_mixin.py:188} INFO - [2024-12-20T00:08:16.127+0000] {dagbag.py:538} INFO - Filling up the DagBag from /home/airflow/.local/lib/python3.11/site-packages/airflow/example_dags/example_sensor_decorator.py
[2024-12-20T00:08:16.137+0000] {processor.py:840} INFO - DAG(s) 'example_sensor_decorator' retrieved from /home/airflow/.local/lib/python3.11/site-packages/airflow/example_dags/example_sensor_decorator.py
[2024-12-20T00:08:16.164+0000] {logging_mixin.py:188} INFO - [2024-12-20T00:08:16.164+0000] {dag.py:3036} INFO - Sync 1 DAGs
[2024-12-20T00:08:16.179+0000] {logging_mixin.py:188} INFO - [2024-12-20T00:08:16.179+0000] {dag.py:3823} INFO - Setting next_dagrun for example_sensor_decorator to None, run_after=None
[2024-12-20T00:08:16.208+0000] {processor.py:183} INFO - Processing /home/airflow/.local/lib/python3.11/site-packages/airflow/example_dags/example_sensor_decorator.py took 0.089 seconds
[2024-12-20T00:08:46.259+0000] {processor.py:161} INFO - Started process (PID=3375) to work on /home/airflow/.local/lib/python3.11/site-packages/airflow/example_dags/example_sensor_decorator.py
[2024-12-20T00:08:46.260+0000] {processor.py:830} INFO - Processing file /home/airflow/.local/lib/python3.11/site-packages/airflow/example_dags/example_sensor_decorator.py for tasks to queue
[2024-12-20T00:08:46.263+0000] {logging_mixin.py:188} INFO - [2024-12-20T00:08:46.263+0000] {dagbag.py:538} INFO - Filling up the DagBag from /home/airflow/.local/lib/python3.11/site-packages/airflow/example_dags/example_sensor_decorator.py
[2024-12-20T00:08:46.273+0000] {processor.py:840} INFO - DAG(s) 'example_sensor_decorator' retrieved from /home/airflow/.local/lib/python3.11/site-packages/airflow/example_dags/example_sensor_decorator.py
[2024-12-20T00:08:46.296+0000] {logging_mixin.py:188} INFO - [2024-12-20T00:08:46.296+0000] {dag.py:3036} INFO - Sync 1 DAGs
[2024-12-20T00:08:46.309+0000] {logging_mixin.py:188} INFO - [2024-12-20T00:08:46.309+0000] {dag.py:3823} INFO - Setting next_dagrun for example_sensor_decorator to None, run_after=None
[2024-12-20T00:08:46.338+0000] {processor.py:183} INFO - Processing /home/airflow/.local/lib/python3.11/site-packages/airflow/example_dags/example_sensor_decorator.py took 0.085 seconds
[2024-12-20T00:09:16.707+0000] {processor.py:161} INFO - Started process (PID=3439) to work on /home/airflow/.local/lib/python3.11/site-packages/airflow/example_dags/example_sensor_decorator.py
[2024-12-20T00:09:16.708+0000] {processor.py:830} INFO - Processing file /home/airflow/.local/lib/python3.11/site-packages/airflow/example_dags/example_sensor_decorator.py for tasks to queue
[2024-12-20T00:09:16.711+0000] {logging_mixin.py:188} INFO - [2024-12-20T00:09:16.710+0000] {dagbag.py:538} INFO - Filling up the DagBag from /home/airflow/.local/lib/python3.11/site-packages/airflow/example_dags/example_sensor_decorator.py
[2024-12-20T00:09:16.719+0000] {processor.py:840} INFO - DAG(s) 'example_sensor_decorator' retrieved from /home/airflow/.local/lib/python3.11/site-packages/airflow/example_dags/example_sensor_decorator.py
[2024-12-20T00:09:16.754+0000] {logging_mixin.py:188} INFO - [2024-12-20T00:09:16.753+0000] {dag.py:3036} INFO - Sync 1 DAGs
[2024-12-20T00:09:16.777+0000] {logging_mixin.py:188} INFO - [2024-12-20T00:09:16.776+0000] {dag.py:3823} INFO - Setting next_dagrun for example_sensor_decorator to None, run_after=None
[2024-12-20T00:09:16.812+0000] {processor.py:183} INFO - Processing /home/airflow/.local/lib/python3.11/site-packages/airflow/example_dags/example_sensor_decorator.py took 0.110 seconds
[2024-12-20T00:09:47.277+0000] {processor.py:161} INFO - Started process (PID=3511) to work on /home/airflow/.local/lib/python3.11/site-packages/airflow/example_dags/example_sensor_decorator.py
[2024-12-20T00:09:47.279+0000] {processor.py:830} INFO - Processing file /home/airflow/.local/lib/python3.11/site-packages/airflow/example_dags/example_sensor_decorator.py for tasks to queue
[2024-12-20T00:09:47.283+0000] {logging_mixin.py:188} INFO - [2024-12-20T00:09:47.282+0000] {dagbag.py:538} INFO - Filling up the DagBag from /home/airflow/.local/lib/python3.11/site-packages/airflow/example_dags/example_sensor_decorator.py
[2024-12-20T00:09:47.295+0000] {processor.py:840} INFO - DAG(s) 'example_sensor_decorator' retrieved from /home/airflow/.local/lib/python3.11/site-packages/airflow/example_dags/example_sensor_decorator.py
[2024-12-20T00:09:47.326+0000] {logging_mixin.py:188} INFO - [2024-12-20T00:09:47.325+0000] {dag.py:3036} INFO - Sync 1 DAGs
[2024-12-20T00:09:47.338+0000] {logging_mixin.py:188} INFO - [2024-12-20T00:09:47.338+0000] {dag.py:3823} INFO - Setting next_dagrun for example_sensor_decorator to None, run_after=None
[2024-12-20T00:09:47.360+0000] {processor.py:183} INFO - Processing /home/airflow/.local/lib/python3.11/site-packages/airflow/example_dags/example_sensor_decorator.py took 0.089 seconds
[2024-12-20T00:10:17.420+0000] {processor.py:161} INFO - Started process (PID=3589) to work on /home/airflow/.local/lib/python3.11/site-packages/airflow/example_dags/example_sensor_decorator.py
[2024-12-20T00:10:17.421+0000] {processor.py:830} INFO - Processing file /home/airflow/.local/lib/python3.11/site-packages/airflow/example_dags/example_sensor_decorator.py for tasks to queue
[2024-12-20T00:10:17.423+0000] {logging_mixin.py:188} INFO - [2024-12-20T00:10:17.423+0000] {dagbag.py:538} INFO - Filling up the DagBag from /home/airflow/.local/lib/python3.11/site-packages/airflow/example_dags/example_sensor_decorator.py
[2024-12-20T00:10:17.430+0000] {processor.py:840} INFO - DAG(s) 'example_sensor_decorator' retrieved from /home/airflow/.local/lib/python3.11/site-packages/airflow/example_dags/example_sensor_decorator.py
[2024-12-20T00:10:17.454+0000] {logging_mixin.py:188} INFO - [2024-12-20T00:10:17.454+0000] {dag.py:3036} INFO - Sync 1 DAGs
[2024-12-20T00:10:17.472+0000] {logging_mixin.py:188} INFO - [2024-12-20T00:10:17.472+0000] {dag.py:3823} INFO - Setting next_dagrun for example_sensor_decorator to None, run_after=None
[2024-12-20T00:10:17.494+0000] {processor.py:183} INFO - Processing /home/airflow/.local/lib/python3.11/site-packages/airflow/example_dags/example_sensor_decorator.py took 0.078 seconds
[2024-12-20T00:10:47.729+0000] {processor.py:161} INFO - Started process (PID=3662) to work on /home/airflow/.local/lib/python3.11/site-packages/airflow/example_dags/example_sensor_decorator.py
[2024-12-20T00:10:47.730+0000] {processor.py:830} INFO - Processing file /home/airflow/.local/lib/python3.11/site-packages/airflow/example_dags/example_sensor_decorator.py for tasks to queue
[2024-12-20T00:10:47.732+0000] {logging_mixin.py:188} INFO - [2024-12-20T00:10:47.732+0000] {dagbag.py:538} INFO - Filling up the DagBag from /home/airflow/.local/lib/python3.11/site-packages/airflow/example_dags/example_sensor_decorator.py
[2024-12-20T00:10:47.739+0000] {processor.py:840} INFO - DAG(s) 'example_sensor_decorator' retrieved from /home/airflow/.local/lib/python3.11/site-packages/airflow/example_dags/example_sensor_decorator.py
[2024-12-20T00:10:47.761+0000] {logging_mixin.py:188} INFO - [2024-12-20T00:10:47.761+0000] {dag.py:3036} INFO - Sync 1 DAGs
[2024-12-20T00:10:47.774+0000] {logging_mixin.py:188} INFO - [2024-12-20T00:10:47.774+0000] {dag.py:3823} INFO - Setting next_dagrun for example_sensor_decorator to None, run_after=None
[2024-12-20T00:10:47.805+0000] {processor.py:183} INFO - Processing /home/airflow/.local/lib/python3.11/site-packages/airflow/example_dags/example_sensor_decorator.py took 0.080 seconds
[2024-12-20T00:11:18.398+0000] {processor.py:161} INFO - Started process (PID=3732) to work on /home/airflow/.local/lib/python3.11/site-packages/airflow/example_dags/example_sensor_decorator.py
[2024-12-20T00:11:18.399+0000] {processor.py:830} INFO - Processing file /home/airflow/.local/lib/python3.11/site-packages/airflow/example_dags/example_sensor_decorator.py for tasks to queue
[2024-12-20T00:11:18.402+0000] {logging_mixin.py:188} INFO - [2024-12-20T00:11:18.401+0000] {dagbag.py:538} INFO - Filling up the DagBag from /home/airflow/.local/lib/python3.11/site-packages/airflow/example_dags/example_sensor_decorator.py
[2024-12-20T00:11:18.409+0000] {processor.py:840} INFO - DAG(s) 'example_sensor_decorator' retrieved from /home/airflow/.local/lib/python3.11/site-packages/airflow/example_dags/example_sensor_decorator.py
[2024-12-20T00:11:18.433+0000] {logging_mixin.py:188} INFO - [2024-12-20T00:11:18.432+0000] {dag.py:3036} INFO - Sync 1 DAGs
[2024-12-20T00:11:18.447+0000] {logging_mixin.py:188} INFO - [2024-12-20T00:11:18.446+0000] {dag.py:3823} INFO - Setting next_dagrun for example_sensor_decorator to None, run_after=None
[2024-12-20T00:11:18.476+0000] {processor.py:183} INFO - Processing /home/airflow/.local/lib/python3.11/site-packages/airflow/example_dags/example_sensor_decorator.py took 0.082 seconds
[2024-12-20T00:11:48.556+0000] {processor.py:161} INFO - Started process (PID=3803) to work on /home/airflow/.local/lib/python3.11/site-packages/airflow/example_dags/example_sensor_decorator.py
[2024-12-20T00:11:48.557+0000] {processor.py:830} INFO - Processing file /home/airflow/.local/lib/python3.11/site-packages/airflow/example_dags/example_sensor_decorator.py for tasks to queue
[2024-12-20T00:11:48.560+0000] {logging_mixin.py:188} INFO - [2024-12-20T00:11:48.560+0000] {dagbag.py:538} INFO - Filling up the DagBag from /home/airflow/.local/lib/python3.11/site-packages/airflow/example_dags/example_sensor_decorator.py
[2024-12-20T00:11:48.569+0000] {processor.py:840} INFO - DAG(s) 'example_sensor_decorator' retrieved from /home/airflow/.local/lib/python3.11/site-packages/airflow/example_dags/example_sensor_decorator.py
[2024-12-20T00:11:48.593+0000] {logging_mixin.py:188} INFO - [2024-12-20T00:11:48.592+0000] {dag.py:3036} INFO - Sync 1 DAGs
[2024-12-20T00:11:48.607+0000] {logging_mixin.py:188} INFO - [2024-12-20T00:11:48.607+0000] {dag.py:3823} INFO - Setting next_dagrun for example_sensor_decorator to None, run_after=None
[2024-12-20T00:11:48.633+0000] {processor.py:183} INFO - Processing /home/airflow/.local/lib/python3.11/site-packages/airflow/example_dags/example_sensor_decorator.py took 0.081 seconds
[2024-12-20T00:12:18.785+0000] {processor.py:161} INFO - Started process (PID=3882) to work on /home/airflow/.local/lib/python3.11/site-packages/airflow/example_dags/example_sensor_decorator.py
[2024-12-20T00:12:18.788+0000] {processor.py:830} INFO - Processing file /home/airflow/.local/lib/python3.11/site-packages/airflow/example_dags/example_sensor_decorator.py for tasks to queue
[2024-12-20T00:12:18.792+0000] {logging_mixin.py:188} INFO - [2024-12-20T00:12:18.792+0000] {dagbag.py:538} INFO - Filling up the DagBag from /home/airflow/.local/lib/python3.11/site-packages/airflow/example_dags/example_sensor_decorator.py
[2024-12-20T00:12:18.806+0000] {processor.py:840} INFO - DAG(s) 'example_sensor_decorator' retrieved from /home/airflow/.local/lib/python3.11/site-packages/airflow/example_dags/example_sensor_decorator.py
[2024-12-20T00:12:18.849+0000] {logging_mixin.py:188} INFO - [2024-12-20T00:12:18.849+0000] {dag.py:3036} INFO - Sync 1 DAGs
[2024-12-20T00:12:18.873+0000] {logging_mixin.py:188} INFO - [2024-12-20T00:12:18.873+0000] {dag.py:3823} INFO - Setting next_dagrun for example_sensor_decorator to None, run_after=None
[2024-12-20T00:12:18.900+0000] {processor.py:183} INFO - Processing /home/airflow/.local/lib/python3.11/site-packages/airflow/example_dags/example_sensor_decorator.py took 0.122 seconds
[2024-12-20T03:12:53.349+0000] {processor.py:161} INFO - Started process (PID=3955) to work on /home/airflow/.local/lib/python3.11/site-packages/airflow/example_dags/example_sensor_decorator.py
[2024-12-20T03:12:53.350+0000] {processor.py:830} INFO - Processing file /home/airflow/.local/lib/python3.11/site-packages/airflow/example_dags/example_sensor_decorator.py for tasks to queue
[2024-12-20T03:12:53.354+0000] {logging_mixin.py:188} INFO - [2024-12-20T03:12:53.353+0000] {dagbag.py:538} INFO - Filling up the DagBag from /home/airflow/.local/lib/python3.11/site-packages/airflow/example_dags/example_sensor_decorator.py
[2024-12-20T03:12:53.401+0000] {processor.py:840} INFO - DAG(s) 'example_sensor_decorator' retrieved from /home/airflow/.local/lib/python3.11/site-packages/airflow/example_dags/example_sensor_decorator.py
[2024-12-20T03:12:53.582+0000] {logging_mixin.py:188} INFO - [2024-12-20T03:12:53.581+0000] {dag.py:3036} INFO - Sync 1 DAGs
[2024-12-20T03:12:53.675+0000] {logging_mixin.py:188} INFO - [2024-12-20T03:12:53.673+0000] {dag.py:3823} INFO - Setting next_dagrun for example_sensor_decorator to None, run_after=None
[2024-12-20T03:12:53.793+0000] {processor.py:183} INFO - Processing /home/airflow/.local/lib/python3.11/site-packages/airflow/example_dags/example_sensor_decorator.py took 0.453 seconds
[2024-12-20T09:17:34.145+0000] {processor.py:161} INFO - Started process (PID=4019) to work on /home/airflow/.local/lib/python3.11/site-packages/airflow/example_dags/example_sensor_decorator.py
[2024-12-20T09:17:34.151+0000] {processor.py:830} INFO - Processing file /home/airflow/.local/lib/python3.11/site-packages/airflow/example_dags/example_sensor_decorator.py for tasks to queue
[2024-12-20T09:17:34.160+0000] {logging_mixin.py:188} INFO - [2024-12-20T09:17:34.155+0000] {dagbag.py:538} INFO - Filling up the DagBag from /home/airflow/.local/lib/python3.11/site-packages/airflow/example_dags/example_sensor_decorator.py
[2024-12-20T09:17:34.214+0000] {processor.py:840} INFO - DAG(s) 'example_sensor_decorator' retrieved from /home/airflow/.local/lib/python3.11/site-packages/airflow/example_dags/example_sensor_decorator.py
[2024-12-20T09:17:34.358+0000] {logging_mixin.py:188} INFO - [2024-12-20T09:17:34.357+0000] {dag.py:3036} INFO - Sync 1 DAGs
[2024-12-20T09:17:34.442+0000] {logging_mixin.py:188} INFO - [2024-12-20T09:17:34.440+0000] {dag.py:3823} INFO - Setting next_dagrun for example_sensor_decorator to None, run_after=None
[2024-12-20T09:17:34.594+0000] {processor.py:183} INFO - Processing /home/airflow/.local/lib/python3.11/site-packages/airflow/example_dags/example_sensor_decorator.py took 0.476 seconds
[2024-12-20T09:18:04.736+0000] {processor.py:161} INFO - Started process (PID=4089) to work on /home/airflow/.local/lib/python3.11/site-packages/airflow/example_dags/example_sensor_decorator.py
[2024-12-20T09:18:04.737+0000] {processor.py:830} INFO - Processing file /home/airflow/.local/lib/python3.11/site-packages/airflow/example_dags/example_sensor_decorator.py for tasks to queue
[2024-12-20T09:18:04.739+0000] {logging_mixin.py:188} INFO - [2024-12-20T09:18:04.738+0000] {dagbag.py:538} INFO - Filling up the DagBag from /home/airflow/.local/lib/python3.11/site-packages/airflow/example_dags/example_sensor_decorator.py
[2024-12-20T09:18:04.747+0000] {processor.py:840} INFO - DAG(s) 'example_sensor_decorator' retrieved from /home/airflow/.local/lib/python3.11/site-packages/airflow/example_dags/example_sensor_decorator.py
[2024-12-20T09:18:04.788+0000] {logging_mixin.py:188} INFO - [2024-12-20T09:18:04.787+0000] {dag.py:3036} INFO - Sync 1 DAGs
[2024-12-20T09:18:04.805+0000] {logging_mixin.py:188} INFO - [2024-12-20T09:18:04.805+0000] {dag.py:3823} INFO - Setting next_dagrun for example_sensor_decorator to None, run_after=None
[2024-12-20T09:18:04.834+0000] {processor.py:183} INFO - Processing /home/airflow/.local/lib/python3.11/site-packages/airflow/example_dags/example_sensor_decorator.py took 0.101 seconds
[2024-12-20T09:18:35.652+0000] {processor.py:161} INFO - Started process (PID=4158) to work on /home/airflow/.local/lib/python3.11/site-packages/airflow/example_dags/example_sensor_decorator.py
[2024-12-20T09:18:35.654+0000] {processor.py:830} INFO - Processing file /home/airflow/.local/lib/python3.11/site-packages/airflow/example_dags/example_sensor_decorator.py for tasks to queue
[2024-12-20T09:18:35.655+0000] {logging_mixin.py:188} INFO - [2024-12-20T09:18:35.655+0000] {dagbag.py:538} INFO - Filling up the DagBag from /home/airflow/.local/lib/python3.11/site-packages/airflow/example_dags/example_sensor_decorator.py
[2024-12-20T09:18:35.664+0000] {processor.py:840} INFO - DAG(s) 'example_sensor_decorator' retrieved from /home/airflow/.local/lib/python3.11/site-packages/airflow/example_dags/example_sensor_decorator.py
[2024-12-20T09:18:35.692+0000] {logging_mixin.py:188} INFO - [2024-12-20T09:18:35.692+0000] {dag.py:3036} INFO - Sync 1 DAGs
[2024-12-20T09:18:35.708+0000] {logging_mixin.py:188} INFO - [2024-12-20T09:18:35.707+0000] {dag.py:3823} INFO - Setting next_dagrun for example_sensor_decorator to None, run_after=None
[2024-12-20T09:18:35.733+0000] {processor.py:183} INFO - Processing /home/airflow/.local/lib/python3.11/site-packages/airflow/example_dags/example_sensor_decorator.py took 0.087 seconds
[2024-12-20T09:19:06.982+0000] {processor.py:161} INFO - Started process (PID=4231) to work on /home/airflow/.local/lib/python3.11/site-packages/airflow/example_dags/example_sensor_decorator.py
[2024-12-20T09:19:06.985+0000] {processor.py:830} INFO - Processing file /home/airflow/.local/lib/python3.11/site-packages/airflow/example_dags/example_sensor_decorator.py for tasks to queue
[2024-12-20T09:19:06.987+0000] {logging_mixin.py:188} INFO - [2024-12-20T09:19:06.986+0000] {dagbag.py:538} INFO - Filling up the DagBag from /home/airflow/.local/lib/python3.11/site-packages/airflow/example_dags/example_sensor_decorator.py
[2024-12-20T09:19:07.003+0000] {processor.py:840} INFO - DAG(s) 'example_sensor_decorator' retrieved from /home/airflow/.local/lib/python3.11/site-packages/airflow/example_dags/example_sensor_decorator.py
[2024-12-20T09:19:07.054+0000] {logging_mixin.py:188} INFO - [2024-12-20T09:19:07.054+0000] {dag.py:3036} INFO - Sync 1 DAGs
[2024-12-20T09:19:07.083+0000] {logging_mixin.py:188} INFO - [2024-12-20T09:19:07.082+0000] {dag.py:3823} INFO - Setting next_dagrun for example_sensor_decorator to None, run_after=None
[2024-12-20T09:19:07.133+0000] {processor.py:183} INFO - Processing /home/airflow/.local/lib/python3.11/site-packages/airflow/example_dags/example_sensor_decorator.py took 0.159 seconds
[2024-12-20T09:19:38.116+0000] {processor.py:161} INFO - Started process (PID=4306) to work on /home/airflow/.local/lib/python3.11/site-packages/airflow/example_dags/example_sensor_decorator.py
[2024-12-20T09:19:38.131+0000] {processor.py:830} INFO - Processing file /home/airflow/.local/lib/python3.11/site-packages/airflow/example_dags/example_sensor_decorator.py for tasks to queue
[2024-12-20T09:19:38.134+0000] {logging_mixin.py:188} INFO - [2024-12-20T09:19:38.133+0000] {dagbag.py:538} INFO - Filling up the DagBag from /home/airflow/.local/lib/python3.11/site-packages/airflow/example_dags/example_sensor_decorator.py
[2024-12-20T09:19:38.157+0000] {processor.py:840} INFO - DAG(s) 'example_sensor_decorator' retrieved from /home/airflow/.local/lib/python3.11/site-packages/airflow/example_dags/example_sensor_decorator.py
[2024-12-20T09:19:38.295+0000] {logging_mixin.py:188} INFO - [2024-12-20T09:19:38.295+0000] {dag.py:3036} INFO - Sync 1 DAGs
[2024-12-20T09:19:38.324+0000] {logging_mixin.py:188} INFO - [2024-12-20T09:19:38.323+0000] {dag.py:3823} INFO - Setting next_dagrun for example_sensor_decorator to None, run_after=None
[2024-12-20T09:19:38.394+0000] {processor.py:183} INFO - Processing /home/airflow/.local/lib/python3.11/site-packages/airflow/example_dags/example_sensor_decorator.py took 0.287 seconds
[2024-12-20T09:20:09.030+0000] {processor.py:161} INFO - Started process (PID=4377) to work on /home/airflow/.local/lib/python3.11/site-packages/airflow/example_dags/example_sensor_decorator.py
[2024-12-20T09:20:09.033+0000] {processor.py:830} INFO - Processing file /home/airflow/.local/lib/python3.11/site-packages/airflow/example_dags/example_sensor_decorator.py for tasks to queue
[2024-12-20T09:20:09.035+0000] {logging_mixin.py:188} INFO - [2024-12-20T09:20:09.034+0000] {dagbag.py:538} INFO - Filling up the DagBag from /home/airflow/.local/lib/python3.11/site-packages/airflow/example_dags/example_sensor_decorator.py
[2024-12-20T09:20:09.049+0000] {processor.py:840} INFO - DAG(s) 'example_sensor_decorator' retrieved from /home/airflow/.local/lib/python3.11/site-packages/airflow/example_dags/example_sensor_decorator.py
[2024-12-20T09:20:09.091+0000] {logging_mixin.py:188} INFO - [2024-12-20T09:20:09.091+0000] {dag.py:3036} INFO - Sync 1 DAGs
[2024-12-20T09:20:09.176+0000] {logging_mixin.py:188} INFO - [2024-12-20T09:20:09.172+0000] {dag.py:3823} INFO - Setting next_dagrun for example_sensor_decorator to None, run_after=None
[2024-12-20T09:20:09.322+0000] {processor.py:183} INFO - Processing /home/airflow/.local/lib/python3.11/site-packages/airflow/example_dags/example_sensor_decorator.py took 0.306 seconds
[2024-12-20T09:20:39.715+0000] {processor.py:161} INFO - Started process (PID=4434) to work on /home/airflow/.local/lib/python3.11/site-packages/airflow/example_dags/example_sensor_decorator.py
[2024-12-20T09:20:39.717+0000] {processor.py:830} INFO - Processing file /home/airflow/.local/lib/python3.11/site-packages/airflow/example_dags/example_sensor_decorator.py for tasks to queue
[2024-12-20T09:20:39.718+0000] {logging_mixin.py:188} INFO - [2024-12-20T09:20:39.718+0000] {dagbag.py:538} INFO - Filling up the DagBag from /home/airflow/.local/lib/python3.11/site-packages/airflow/example_dags/example_sensor_decorator.py
[2024-12-20T09:20:39.727+0000] {processor.py:840} INFO - DAG(s) 'example_sensor_decorator' retrieved from /home/airflow/.local/lib/python3.11/site-packages/airflow/example_dags/example_sensor_decorator.py
[2024-12-20T09:20:39.768+0000] {logging_mixin.py:188} INFO - [2024-12-20T09:20:39.768+0000] {dag.py:3036} INFO - Sync 1 DAGs
[2024-12-20T09:20:39.793+0000] {logging_mixin.py:188} INFO - [2024-12-20T09:20:39.792+0000] {dag.py:3823} INFO - Setting next_dagrun for example_sensor_decorator to None, run_after=None
[2024-12-20T09:20:39.836+0000] {processor.py:183} INFO - Processing /home/airflow/.local/lib/python3.11/site-packages/airflow/example_dags/example_sensor_decorator.py took 0.125 seconds
[2024-12-20T09:21:10.215+0000] {processor.py:161} INFO - Started process (PID=4504) to work on /home/airflow/.local/lib/python3.11/site-packages/airflow/example_dags/example_sensor_decorator.py
[2024-12-20T09:21:10.218+0000] {processor.py:830} INFO - Processing file /home/airflow/.local/lib/python3.11/site-packages/airflow/example_dags/example_sensor_decorator.py for tasks to queue
[2024-12-20T09:21:10.221+0000] {logging_mixin.py:188} INFO - [2024-12-20T09:21:10.220+0000] {dagbag.py:538} INFO - Filling up the DagBag from /home/airflow/.local/lib/python3.11/site-packages/airflow/example_dags/example_sensor_decorator.py
[2024-12-20T09:21:10.240+0000] {processor.py:840} INFO - DAG(s) 'example_sensor_decorator' retrieved from /home/airflow/.local/lib/python3.11/site-packages/airflow/example_dags/example_sensor_decorator.py
[2024-12-20T09:21:10.291+0000] {logging_mixin.py:188} INFO - [2024-12-20T09:21:10.291+0000] {dag.py:3036} INFO - Sync 1 DAGs
[2024-12-20T09:21:10.316+0000] {logging_mixin.py:188} INFO - [2024-12-20T09:21:10.315+0000] {dag.py:3823} INFO - Setting next_dagrun for example_sensor_decorator to None, run_after=None
[2024-12-20T09:21:10.361+0000] {processor.py:183} INFO - Processing /home/airflow/.local/lib/python3.11/site-packages/airflow/example_dags/example_sensor_decorator.py took 0.157 seconds
[2024-12-20T09:21:40.813+0000] {processor.py:161} INFO - Started process (PID=4580) to work on /home/airflow/.local/lib/python3.11/site-packages/airflow/example_dags/example_sensor_decorator.py
[2024-12-20T09:21:40.821+0000] {processor.py:830} INFO - Processing file /home/airflow/.local/lib/python3.11/site-packages/airflow/example_dags/example_sensor_decorator.py for tasks to queue
[2024-12-20T09:21:40.825+0000] {logging_mixin.py:188} INFO - [2024-12-20T09:21:40.825+0000] {dagbag.py:538} INFO - Filling up the DagBag from /home/airflow/.local/lib/python3.11/site-packages/airflow/example_dags/example_sensor_decorator.py
[2024-12-20T09:21:40.844+0000] {processor.py:840} INFO - DAG(s) 'example_sensor_decorator' retrieved from /home/airflow/.local/lib/python3.11/site-packages/airflow/example_dags/example_sensor_decorator.py
[2024-12-20T09:21:40.930+0000] {logging_mixin.py:188} INFO - [2024-12-20T09:21:40.930+0000] {dag.py:3036} INFO - Sync 1 DAGs
[2024-12-20T09:21:40.987+0000] {logging_mixin.py:188} INFO - [2024-12-20T09:21:40.986+0000] {dag.py:3823} INFO - Setting next_dagrun for example_sensor_decorator to None, run_after=None
[2024-12-20T09:21:41.042+0000] {processor.py:183} INFO - Processing /home/airflow/.local/lib/python3.11/site-packages/airflow/example_dags/example_sensor_decorator.py took 0.235 seconds
[2024-12-20T09:22:12.364+0000] {processor.py:161} INFO - Started process (PID=4645) to work on /home/airflow/.local/lib/python3.11/site-packages/airflow/example_dags/example_sensor_decorator.py
[2024-12-20T09:22:12.380+0000] {processor.py:830} INFO - Processing file /home/airflow/.local/lib/python3.11/site-packages/airflow/example_dags/example_sensor_decorator.py for tasks to queue
[2024-12-20T09:22:12.399+0000] {logging_mixin.py:188} INFO - [2024-12-20T09:22:12.383+0000] {dagbag.py:538} INFO - Filling up the DagBag from /home/airflow/.local/lib/python3.11/site-packages/airflow/example_dags/example_sensor_decorator.py
[2024-12-20T09:22:12.431+0000] {processor.py:840} INFO - DAG(s) 'example_sensor_decorator' retrieved from /home/airflow/.local/lib/python3.11/site-packages/airflow/example_dags/example_sensor_decorator.py
[2024-12-20T09:22:12.495+0000] {logging_mixin.py:188} INFO - [2024-12-20T09:22:12.494+0000] {dag.py:3036} INFO - Sync 1 DAGs
[2024-12-20T09:22:12.534+0000] {logging_mixin.py:188} INFO - [2024-12-20T09:22:12.533+0000] {dag.py:3823} INFO - Setting next_dagrun for example_sensor_decorator to None, run_after=None
[2024-12-20T09:22:12.671+0000] {processor.py:183} INFO - Processing /home/airflow/.local/lib/python3.11/site-packages/airflow/example_dags/example_sensor_decorator.py took 0.316 seconds
[2024-12-20T09:22:42.861+0000] {processor.py:161} INFO - Started process (PID=4709) to work on /home/airflow/.local/lib/python3.11/site-packages/airflow/example_dags/example_sensor_decorator.py
[2024-12-20T09:22:42.868+0000] {processor.py:830} INFO - Processing file /home/airflow/.local/lib/python3.11/site-packages/airflow/example_dags/example_sensor_decorator.py for tasks to queue
[2024-12-20T09:22:42.869+0000] {logging_mixin.py:188} INFO - [2024-12-20T09:22:42.869+0000] {dagbag.py:538} INFO - Filling up the DagBag from /home/airflow/.local/lib/python3.11/site-packages/airflow/example_dags/example_sensor_decorator.py
[2024-12-20T09:22:42.892+0000] {processor.py:840} INFO - DAG(s) 'example_sensor_decorator' retrieved from /home/airflow/.local/lib/python3.11/site-packages/airflow/example_dags/example_sensor_decorator.py
[2024-12-20T09:22:42.948+0000] {logging_mixin.py:188} INFO - [2024-12-20T09:22:42.948+0000] {dag.py:3036} INFO - Sync 1 DAGs
[2024-12-20T09:22:42.983+0000] {logging_mixin.py:188} INFO - [2024-12-20T09:22:42.983+0000] {dag.py:3823} INFO - Setting next_dagrun for example_sensor_decorator to None, run_after=None
[2024-12-20T09:22:43.048+0000] {processor.py:183} INFO - Processing /home/airflow/.local/lib/python3.11/site-packages/airflow/example_dags/example_sensor_decorator.py took 0.196 seconds
[2024-12-20T09:23:13.967+0000] {processor.py:161} INFO - Started process (PID=4779) to work on /home/airflow/.local/lib/python3.11/site-packages/airflow/example_dags/example_sensor_decorator.py
[2024-12-20T09:23:13.969+0000] {processor.py:830} INFO - Processing file /home/airflow/.local/lib/python3.11/site-packages/airflow/example_dags/example_sensor_decorator.py for tasks to queue
[2024-12-20T09:23:13.971+0000] {logging_mixin.py:188} INFO - [2024-12-20T09:23:13.971+0000] {dagbag.py:538} INFO - Filling up the DagBag from /home/airflow/.local/lib/python3.11/site-packages/airflow/example_dags/example_sensor_decorator.py
[2024-12-20T09:23:13.983+0000] {processor.py:840} INFO - DAG(s) 'example_sensor_decorator' retrieved from /home/airflow/.local/lib/python3.11/site-packages/airflow/example_dags/example_sensor_decorator.py
[2024-12-20T09:23:14.026+0000] {logging_mixin.py:188} INFO - [2024-12-20T09:23:14.026+0000] {dag.py:3036} INFO - Sync 1 DAGs
[2024-12-20T09:23:14.053+0000] {logging_mixin.py:188} INFO - [2024-12-20T09:23:14.052+0000] {dag.py:3823} INFO - Setting next_dagrun for example_sensor_decorator to None, run_after=None
[2024-12-20T09:23:14.101+0000] {processor.py:183} INFO - Processing /home/airflow/.local/lib/python3.11/site-packages/airflow/example_dags/example_sensor_decorator.py took 0.142 seconds
[2024-12-20T09:23:44.950+0000] {processor.py:161} INFO - Started process (PID=4852) to work on /home/airflow/.local/lib/python3.11/site-packages/airflow/example_dags/example_sensor_decorator.py
[2024-12-20T09:23:44.952+0000] {processor.py:830} INFO - Processing file /home/airflow/.local/lib/python3.11/site-packages/airflow/example_dags/example_sensor_decorator.py for tasks to queue
[2024-12-20T09:23:44.955+0000] {logging_mixin.py:188} INFO - [2024-12-20T09:23:44.954+0000] {dagbag.py:538} INFO - Filling up the DagBag from /home/airflow/.local/lib/python3.11/site-packages/airflow/example_dags/example_sensor_decorator.py
[2024-12-20T09:23:44.968+0000] {processor.py:840} INFO - DAG(s) 'example_sensor_decorator' retrieved from /home/airflow/.local/lib/python3.11/site-packages/airflow/example_dags/example_sensor_decorator.py
[2024-12-20T09:23:45.010+0000] {logging_mixin.py:188} INFO - [2024-12-20T09:23:45.010+0000] {dag.py:3036} INFO - Sync 1 DAGs
[2024-12-20T09:23:45.037+0000] {logging_mixin.py:188} INFO - [2024-12-20T09:23:45.037+0000] {dag.py:3823} INFO - Setting next_dagrun for example_sensor_decorator to None, run_after=None
[2024-12-20T09:23:45.083+0000] {processor.py:183} INFO - Processing /home/airflow/.local/lib/python3.11/site-packages/airflow/example_dags/example_sensor_decorator.py took 0.140 seconds
[2024-12-20T09:24:15.581+0000] {processor.py:161} INFO - Started process (PID=4924) to work on /home/airflow/.local/lib/python3.11/site-packages/airflow/example_dags/example_sensor_decorator.py
[2024-12-20T09:24:15.583+0000] {processor.py:830} INFO - Processing file /home/airflow/.local/lib/python3.11/site-packages/airflow/example_dags/example_sensor_decorator.py for tasks to queue
[2024-12-20T09:24:15.585+0000] {logging_mixin.py:188} INFO - [2024-12-20T09:24:15.585+0000] {dagbag.py:538} INFO - Filling up the DagBag from /home/airflow/.local/lib/python3.11/site-packages/airflow/example_dags/example_sensor_decorator.py
[2024-12-20T09:24:15.598+0000] {processor.py:840} INFO - DAG(s) 'example_sensor_decorator' retrieved from /home/airflow/.local/lib/python3.11/site-packages/airflow/example_dags/example_sensor_decorator.py
[2024-12-20T09:24:15.638+0000] {logging_mixin.py:188} INFO - [2024-12-20T09:24:15.638+0000] {dag.py:3036} INFO - Sync 1 DAGs
[2024-12-20T09:24:15.662+0000] {logging_mixin.py:188} INFO - [2024-12-20T09:24:15.662+0000] {dag.py:3823} INFO - Setting next_dagrun for example_sensor_decorator to None, run_after=None
[2024-12-20T09:24:15.706+0000] {processor.py:183} INFO - Processing /home/airflow/.local/lib/python3.11/site-packages/airflow/example_dags/example_sensor_decorator.py took 0.131 seconds
[2024-12-20T09:24:46.255+0000] {processor.py:161} INFO - Started process (PID=4996) to work on /home/airflow/.local/lib/python3.11/site-packages/airflow/example_dags/example_sensor_decorator.py
[2024-12-20T09:24:46.257+0000] {processor.py:830} INFO - Processing file /home/airflow/.local/lib/python3.11/site-packages/airflow/example_dags/example_sensor_decorator.py for tasks to queue
[2024-12-20T09:24:46.259+0000] {logging_mixin.py:188} INFO - [2024-12-20T09:24:46.259+0000] {dagbag.py:538} INFO - Filling up the DagBag from /home/airflow/.local/lib/python3.11/site-packages/airflow/example_dags/example_sensor_decorator.py
[2024-12-20T09:24:46.271+0000] {processor.py:840} INFO - DAG(s) 'example_sensor_decorator' retrieved from /home/airflow/.local/lib/python3.11/site-packages/airflow/example_dags/example_sensor_decorator.py
[2024-12-20T09:24:46.316+0000] {logging_mixin.py:188} INFO - [2024-12-20T09:24:46.316+0000] {dag.py:3036} INFO - Sync 1 DAGs
[2024-12-20T09:24:46.344+0000] {logging_mixin.py:188} INFO - [2024-12-20T09:24:46.343+0000] {dag.py:3823} INFO - Setting next_dagrun for example_sensor_decorator to None, run_after=None
[2024-12-20T09:24:46.392+0000] {processor.py:183} INFO - Processing /home/airflow/.local/lib/python3.11/site-packages/airflow/example_dags/example_sensor_decorator.py took 0.145 seconds
[2024-12-20T09:25:16.904+0000] {processor.py:161} INFO - Started process (PID=5067) to work on /home/airflow/.local/lib/python3.11/site-packages/airflow/example_dags/example_sensor_decorator.py
[2024-12-20T09:25:16.906+0000] {processor.py:830} INFO - Processing file /home/airflow/.local/lib/python3.11/site-packages/airflow/example_dags/example_sensor_decorator.py for tasks to queue
[2024-12-20T09:25:16.909+0000] {logging_mixin.py:188} INFO - [2024-12-20T09:25:16.908+0000] {dagbag.py:538} INFO - Filling up the DagBag from /home/airflow/.local/lib/python3.11/site-packages/airflow/example_dags/example_sensor_decorator.py
[2024-12-20T09:25:16.920+0000] {processor.py:840} INFO - DAG(s) 'example_sensor_decorator' retrieved from /home/airflow/.local/lib/python3.11/site-packages/airflow/example_dags/example_sensor_decorator.py
[2024-12-20T09:25:16.951+0000] {logging_mixin.py:188} INFO - [2024-12-20T09:25:16.951+0000] {dag.py:3036} INFO - Sync 1 DAGs
[2024-12-20T09:25:16.968+0000] {logging_mixin.py:188} INFO - [2024-12-20T09:25:16.968+0000] {dag.py:3823} INFO - Setting next_dagrun for example_sensor_decorator to None, run_after=None
[2024-12-20T09:25:17.001+0000] {processor.py:183} INFO - Processing /home/airflow/.local/lib/python3.11/site-packages/airflow/example_dags/example_sensor_decorator.py took 0.102 seconds
[2024-12-20T09:25:47.717+0000] {processor.py:161} INFO - Started process (PID=5138) to work on /home/airflow/.local/lib/python3.11/site-packages/airflow/example_dags/example_sensor_decorator.py
[2024-12-20T09:25:47.718+0000] {processor.py:830} INFO - Processing file /home/airflow/.local/lib/python3.11/site-packages/airflow/example_dags/example_sensor_decorator.py for tasks to queue
[2024-12-20T09:25:47.720+0000] {logging_mixin.py:188} INFO - [2024-12-20T09:25:47.719+0000] {dagbag.py:538} INFO - Filling up the DagBag from /home/airflow/.local/lib/python3.11/site-packages/airflow/example_dags/example_sensor_decorator.py
[2024-12-20T09:25:47.730+0000] {processor.py:840} INFO - DAG(s) 'example_sensor_decorator' retrieved from /home/airflow/.local/lib/python3.11/site-packages/airflow/example_dags/example_sensor_decorator.py
[2024-12-20T09:25:47.783+0000] {logging_mixin.py:188} INFO - [2024-12-20T09:25:47.782+0000] {dag.py:3036} INFO - Sync 1 DAGs
[2024-12-20T09:25:47.814+0000] {logging_mixin.py:188} INFO - [2024-12-20T09:25:47.814+0000] {dag.py:3823} INFO - Setting next_dagrun for example_sensor_decorator to None, run_after=None
[2024-12-20T09:25:47.858+0000] {processor.py:183} INFO - Processing /home/airflow/.local/lib/python3.11/site-packages/airflow/example_dags/example_sensor_decorator.py took 0.147 seconds
[2024-12-20T09:26:18.445+0000] {processor.py:161} INFO - Started process (PID=5210) to work on /home/airflow/.local/lib/python3.11/site-packages/airflow/example_dags/example_sensor_decorator.py
[2024-12-20T09:26:18.446+0000] {processor.py:830} INFO - Processing file /home/airflow/.local/lib/python3.11/site-packages/airflow/example_dags/example_sensor_decorator.py for tasks to queue
[2024-12-20T09:26:18.448+0000] {logging_mixin.py:188} INFO - [2024-12-20T09:26:18.447+0000] {dagbag.py:538} INFO - Filling up the DagBag from /home/airflow/.local/lib/python3.11/site-packages/airflow/example_dags/example_sensor_decorator.py
[2024-12-20T09:26:18.456+0000] {processor.py:840} INFO - DAG(s) 'example_sensor_decorator' retrieved from /home/airflow/.local/lib/python3.11/site-packages/airflow/example_dags/example_sensor_decorator.py
[2024-12-20T09:26:18.483+0000] {logging_mixin.py:188} INFO - [2024-12-20T09:26:18.482+0000] {dag.py:3036} INFO - Sync 1 DAGs
[2024-12-20T09:26:18.501+0000] {logging_mixin.py:188} INFO - [2024-12-20T09:26:18.501+0000] {dag.py:3823} INFO - Setting next_dagrun for example_sensor_decorator to None, run_after=None
[2024-12-20T09:26:18.534+0000] {processor.py:183} INFO - Processing /home/airflow/.local/lib/python3.11/site-packages/airflow/example_dags/example_sensor_decorator.py took 0.093 seconds
[2024-12-20T09:26:48.610+0000] {processor.py:161} INFO - Started process (PID=5282) to work on /home/airflow/.local/lib/python3.11/site-packages/airflow/example_dags/example_sensor_decorator.py
[2024-12-20T09:26:48.612+0000] {processor.py:830} INFO - Processing file /home/airflow/.local/lib/python3.11/site-packages/airflow/example_dags/example_sensor_decorator.py for tasks to queue
[2024-12-20T09:26:48.614+0000] {logging_mixin.py:188} INFO - [2024-12-20T09:26:48.614+0000] {dagbag.py:538} INFO - Filling up the DagBag from /home/airflow/.local/lib/python3.11/site-packages/airflow/example_dags/example_sensor_decorator.py
[2024-12-20T09:26:48.628+0000] {processor.py:840} INFO - DAG(s) 'example_sensor_decorator' retrieved from /home/airflow/.local/lib/python3.11/site-packages/airflow/example_dags/example_sensor_decorator.py
[2024-12-20T09:26:48.669+0000] {logging_mixin.py:188} INFO - [2024-12-20T09:26:48.668+0000] {dag.py:3036} INFO - Sync 1 DAGs
[2024-12-20T09:26:48.690+0000] {logging_mixin.py:188} INFO - [2024-12-20T09:26:48.690+0000] {dag.py:3823} INFO - Setting next_dagrun for example_sensor_decorator to None, run_after=None
[2024-12-20T09:26:48.724+0000] {processor.py:183} INFO - Processing /home/airflow/.local/lib/python3.11/site-packages/airflow/example_dags/example_sensor_decorator.py took 0.120 seconds
[2024-12-20T09:27:19.120+0000] {processor.py:161} INFO - Started process (PID=5353) to work on /home/airflow/.local/lib/python3.11/site-packages/airflow/example_dags/example_sensor_decorator.py
[2024-12-20T09:27:19.122+0000] {processor.py:830} INFO - Processing file /home/airflow/.local/lib/python3.11/site-packages/airflow/example_dags/example_sensor_decorator.py for tasks to queue
[2024-12-20T09:27:19.124+0000] {logging_mixin.py:188} INFO - [2024-12-20T09:27:19.123+0000] {dagbag.py:538} INFO - Filling up the DagBag from /home/airflow/.local/lib/python3.11/site-packages/airflow/example_dags/example_sensor_decorator.py
[2024-12-20T09:27:19.136+0000] {processor.py:840} INFO - DAG(s) 'example_sensor_decorator' retrieved from /home/airflow/.local/lib/python3.11/site-packages/airflow/example_dags/example_sensor_decorator.py
[2024-12-20T09:27:19.177+0000] {logging_mixin.py:188} INFO - [2024-12-20T09:27:19.177+0000] {dag.py:3036} INFO - Sync 1 DAGs
[2024-12-20T09:27:19.204+0000] {logging_mixin.py:188} INFO - [2024-12-20T09:27:19.203+0000] {dag.py:3823} INFO - Setting next_dagrun for example_sensor_decorator to None, run_after=None
[2024-12-20T09:27:19.230+0000] {processor.py:183} INFO - Processing /home/airflow/.local/lib/python3.11/site-packages/airflow/example_dags/example_sensor_decorator.py took 0.116 seconds
[2024-12-20T09:27:49.481+0000] {processor.py:161} INFO - Started process (PID=5425) to work on /home/airflow/.local/lib/python3.11/site-packages/airflow/example_dags/example_sensor_decorator.py
[2024-12-20T09:27:49.483+0000] {processor.py:830} INFO - Processing file /home/airflow/.local/lib/python3.11/site-packages/airflow/example_dags/example_sensor_decorator.py for tasks to queue
[2024-12-20T09:27:49.485+0000] {logging_mixin.py:188} INFO - [2024-12-20T09:27:49.485+0000] {dagbag.py:538} INFO - Filling up the DagBag from /home/airflow/.local/lib/python3.11/site-packages/airflow/example_dags/example_sensor_decorator.py
[2024-12-20T09:27:49.497+0000] {processor.py:840} INFO - DAG(s) 'example_sensor_decorator' retrieved from /home/airflow/.local/lib/python3.11/site-packages/airflow/example_dags/example_sensor_decorator.py
[2024-12-20T09:27:49.539+0000] {logging_mixin.py:188} INFO - [2024-12-20T09:27:49.539+0000] {dag.py:3036} INFO - Sync 1 DAGs
[2024-12-20T09:27:49.557+0000] {logging_mixin.py:188} INFO - [2024-12-20T09:27:49.556+0000] {dag.py:3823} INFO - Setting next_dagrun for example_sensor_decorator to None, run_after=None
[2024-12-20T09:27:49.581+0000] {processor.py:183} INFO - Processing /home/airflow/.local/lib/python3.11/site-packages/airflow/example_dags/example_sensor_decorator.py took 0.106 seconds
[2024-12-20T09:28:20.294+0000] {processor.py:161} INFO - Started process (PID=5497) to work on /home/airflow/.local/lib/python3.11/site-packages/airflow/example_dags/example_sensor_decorator.py
[2024-12-20T09:28:20.296+0000] {processor.py:830} INFO - Processing file /home/airflow/.local/lib/python3.11/site-packages/airflow/example_dags/example_sensor_decorator.py for tasks to queue
[2024-12-20T09:28:20.297+0000] {logging_mixin.py:188} INFO - [2024-12-20T09:28:20.297+0000] {dagbag.py:538} INFO - Filling up the DagBag from /home/airflow/.local/lib/python3.11/site-packages/airflow/example_dags/example_sensor_decorator.py
[2024-12-20T09:28:20.305+0000] {processor.py:840} INFO - DAG(s) 'example_sensor_decorator' retrieved from /home/airflow/.local/lib/python3.11/site-packages/airflow/example_dags/example_sensor_decorator.py
[2024-12-20T09:28:20.336+0000] {logging_mixin.py:188} INFO - [2024-12-20T09:28:20.336+0000] {dag.py:3036} INFO - Sync 1 DAGs
[2024-12-20T09:28:20.356+0000] {logging_mixin.py:188} INFO - [2024-12-20T09:28:20.356+0000] {dag.py:3823} INFO - Setting next_dagrun for example_sensor_decorator to None, run_after=None
[2024-12-20T09:28:20.396+0000] {processor.py:183} INFO - Processing /home/airflow/.local/lib/python3.11/site-packages/airflow/example_dags/example_sensor_decorator.py took 0.107 seconds
