[2024-12-20T00:00:17.588+0000] {processor.py:161} INFO - Started process (PID=2166) to work on /home/airflow/.local/lib/python3.11/site-packages/airflow/example_dags/example_latest_only.py
[2024-12-20T00:00:17.590+0000] {processor.py:830} INFO - Processing file /home/airflow/.local/lib/python3.11/site-packages/airflow/example_dags/example_latest_only.py for tasks to queue
[2024-12-20T00:00:17.595+0000] {logging_mixin.py:188} INFO - [2024-12-20T00:00:17.594+0000] {dagbag.py:538} INFO - Filling up the DagBag from /home/airflow/.local/lib/python3.11/site-packages/airflow/example_dags/example_latest_only.py
[2024-12-20T00:00:17.613+0000] {processor.py:840} INFO - DAG(s) 'latest_only' retrieved from /home/airflow/.local/lib/python3.11/site-packages/airflow/example_dags/example_latest_only.py
[2024-12-20T00:00:17.654+0000] {logging_mixin.py:188} INFO - [2024-12-20T00:00:17.654+0000] {dag.py:3036} INFO - Sync 1 DAGs
[2024-12-20T00:00:17.693+0000] {logging_mixin.py:188} INFO - [2024-12-20T00:00:17.693+0000] {dag.py:3823} INFO - Setting next_dagrun for latest_only to 2024-12-19 20:00:00+00:00, run_after=2024-12-20 00:00:00+00:00
[2024-12-20T00:00:17.732+0000] {processor.py:183} INFO - Processing /home/airflow/.local/lib/python3.11/site-packages/airflow/example_dags/example_latest_only.py took 0.151 seconds
[2024-12-20T00:00:48.014+0000] {processor.py:161} INFO - Started process (PID=2231) to work on /home/airflow/.local/lib/python3.11/site-packages/airflow/example_dags/example_latest_only.py
[2024-12-20T00:00:48.016+0000] {processor.py:830} INFO - Processing file /home/airflow/.local/lib/python3.11/site-packages/airflow/example_dags/example_latest_only.py for tasks to queue
[2024-12-20T00:00:48.018+0000] {logging_mixin.py:188} INFO - [2024-12-20T00:00:48.017+0000] {dagbag.py:538} INFO - Filling up the DagBag from /home/airflow/.local/lib/python3.11/site-packages/airflow/example_dags/example_latest_only.py
[2024-12-20T00:00:48.023+0000] {processor.py:840} INFO - DAG(s) 'latest_only' retrieved from /home/airflow/.local/lib/python3.11/site-packages/airflow/example_dags/example_latest_only.py
[2024-12-20T00:00:48.046+0000] {logging_mixin.py:188} INFO - [2024-12-20T00:00:48.045+0000] {dag.py:3036} INFO - Sync 1 DAGs
[2024-12-20T00:00:48.069+0000] {logging_mixin.py:188} INFO - [2024-12-20T00:00:48.069+0000] {dag.py:3823} INFO - Setting next_dagrun for latest_only to 2024-12-19 20:00:00+00:00, run_after=2024-12-20 00:00:00+00:00
[2024-12-20T00:00:48.091+0000] {processor.py:183} INFO - Processing /home/airflow/.local/lib/python3.11/site-packages/airflow/example_dags/example_latest_only.py took 0.080 seconds
[2024-12-20T00:01:18.579+0000] {processor.py:161} INFO - Started process (PID=2308) to work on /home/airflow/.local/lib/python3.11/site-packages/airflow/example_dags/example_latest_only.py
[2024-12-20T00:01:18.583+0000] {processor.py:830} INFO - Processing file /home/airflow/.local/lib/python3.11/site-packages/airflow/example_dags/example_latest_only.py for tasks to queue
[2024-12-20T00:01:18.588+0000] {logging_mixin.py:188} INFO - [2024-12-20T00:01:18.587+0000] {dagbag.py:538} INFO - Filling up the DagBag from /home/airflow/.local/lib/python3.11/site-packages/airflow/example_dags/example_latest_only.py
[2024-12-20T00:01:18.600+0000] {processor.py:840} INFO - DAG(s) 'latest_only' retrieved from /home/airflow/.local/lib/python3.11/site-packages/airflow/example_dags/example_latest_only.py
[2024-12-20T00:01:18.630+0000] {logging_mixin.py:188} INFO - [2024-12-20T00:01:18.629+0000] {dag.py:3036} INFO - Sync 1 DAGs
[2024-12-20T00:01:18.658+0000] {logging_mixin.py:188} INFO - [2024-12-20T00:01:18.658+0000] {dag.py:3823} INFO - Setting next_dagrun for latest_only to 2024-12-19 20:00:00+00:00, run_after=2024-12-20 00:00:00+00:00
[2024-12-20T00:01:18.683+0000] {processor.py:183} INFO - Processing /home/airflow/.local/lib/python3.11/site-packages/airflow/example_dags/example_latest_only.py took 0.114 seconds
[2024-12-20T00:01:48.913+0000] {processor.py:161} INFO - Started process (PID=2380) to work on /home/airflow/.local/lib/python3.11/site-packages/airflow/example_dags/example_latest_only.py
[2024-12-20T00:01:48.915+0000] {processor.py:830} INFO - Processing file /home/airflow/.local/lib/python3.11/site-packages/airflow/example_dags/example_latest_only.py for tasks to queue
[2024-12-20T00:01:48.919+0000] {logging_mixin.py:188} INFO - [2024-12-20T00:01:48.919+0000] {dagbag.py:538} INFO - Filling up the DagBag from /home/airflow/.local/lib/python3.11/site-packages/airflow/example_dags/example_latest_only.py
[2024-12-20T00:01:48.929+0000] {processor.py:840} INFO - DAG(s) 'latest_only' retrieved from /home/airflow/.local/lib/python3.11/site-packages/airflow/example_dags/example_latest_only.py
[2024-12-20T00:01:48.956+0000] {logging_mixin.py:188} INFO - [2024-12-20T00:01:48.955+0000] {dag.py:3036} INFO - Sync 1 DAGs
[2024-12-20T00:01:48.979+0000] {logging_mixin.py:188} INFO - [2024-12-20T00:01:48.979+0000] {dag.py:3823} INFO - Setting next_dagrun for latest_only to 2024-12-19 20:00:00+00:00, run_after=2024-12-20 00:00:00+00:00
[2024-12-20T00:01:49.010+0000] {processor.py:183} INFO - Processing /home/airflow/.local/lib/python3.11/site-packages/airflow/example_dags/example_latest_only.py took 0.104 seconds
[2024-12-20T00:02:19.439+0000] {processor.py:161} INFO - Started process (PID=2452) to work on /home/airflow/.local/lib/python3.11/site-packages/airflow/example_dags/example_latest_only.py
[2024-12-20T00:02:19.441+0000] {processor.py:830} INFO - Processing file /home/airflow/.local/lib/python3.11/site-packages/airflow/example_dags/example_latest_only.py for tasks to queue
[2024-12-20T00:02:19.444+0000] {logging_mixin.py:188} INFO - [2024-12-20T00:02:19.443+0000] {dagbag.py:538} INFO - Filling up the DagBag from /home/airflow/.local/lib/python3.11/site-packages/airflow/example_dags/example_latest_only.py
[2024-12-20T00:02:19.451+0000] {processor.py:840} INFO - DAG(s) 'latest_only' retrieved from /home/airflow/.local/lib/python3.11/site-packages/airflow/example_dags/example_latest_only.py
[2024-12-20T00:02:19.474+0000] {logging_mixin.py:188} INFO - [2024-12-20T00:02:19.474+0000] {dag.py:3036} INFO - Sync 1 DAGs
[2024-12-20T00:02:19.499+0000] {logging_mixin.py:188} INFO - [2024-12-20T00:02:19.499+0000] {dag.py:3823} INFO - Setting next_dagrun for latest_only to 2024-12-19 20:00:00+00:00, run_after=2024-12-20 00:00:00+00:00
[2024-12-20T00:02:19.527+0000] {processor.py:183} INFO - Processing /home/airflow/.local/lib/python3.11/site-packages/airflow/example_dags/example_latest_only.py took 0.091 seconds
[2024-12-20T00:02:49.696+0000] {processor.py:161} INFO - Started process (PID=2524) to work on /home/airflow/.local/lib/python3.11/site-packages/airflow/example_dags/example_latest_only.py
[2024-12-20T00:02:49.698+0000] {processor.py:830} INFO - Processing file /home/airflow/.local/lib/python3.11/site-packages/airflow/example_dags/example_latest_only.py for tasks to queue
[2024-12-20T00:02:49.701+0000] {logging_mixin.py:188} INFO - [2024-12-20T00:02:49.700+0000] {dagbag.py:538} INFO - Filling up the DagBag from /home/airflow/.local/lib/python3.11/site-packages/airflow/example_dags/example_latest_only.py
[2024-12-20T00:02:49.709+0000] {processor.py:840} INFO - DAG(s) 'latest_only' retrieved from /home/airflow/.local/lib/python3.11/site-packages/airflow/example_dags/example_latest_only.py
[2024-12-20T00:02:49.733+0000] {logging_mixin.py:188} INFO - [2024-12-20T00:02:49.733+0000] {dag.py:3036} INFO - Sync 1 DAGs
[2024-12-20T00:02:49.755+0000] {logging_mixin.py:188} INFO - [2024-12-20T00:02:49.755+0000] {dag.py:3823} INFO - Setting next_dagrun for latest_only to 2024-12-19 20:00:00+00:00, run_after=2024-12-20 00:00:00+00:00
[2024-12-20T00:02:49.786+0000] {processor.py:183} INFO - Processing /home/airflow/.local/lib/python3.11/site-packages/airflow/example_dags/example_latest_only.py took 0.094 seconds
[2024-12-20T00:03:20.304+0000] {processor.py:161} INFO - Started process (PID=2603) to work on /home/airflow/.local/lib/python3.11/site-packages/airflow/example_dags/example_latest_only.py
[2024-12-20T00:03:20.306+0000] {processor.py:830} INFO - Processing file /home/airflow/.local/lib/python3.11/site-packages/airflow/example_dags/example_latest_only.py for tasks to queue
[2024-12-20T00:03:20.310+0000] {logging_mixin.py:188} INFO - [2024-12-20T00:03:20.310+0000] {dagbag.py:538} INFO - Filling up the DagBag from /home/airflow/.local/lib/python3.11/site-packages/airflow/example_dags/example_latest_only.py
[2024-12-20T00:03:20.320+0000] {processor.py:840} INFO - DAG(s) 'latest_only' retrieved from /home/airflow/.local/lib/python3.11/site-packages/airflow/example_dags/example_latest_only.py
[2024-12-20T00:03:20.345+0000] {logging_mixin.py:188} INFO - [2024-12-20T00:03:20.344+0000] {dag.py:3036} INFO - Sync 1 DAGs
[2024-12-20T00:03:20.367+0000] {logging_mixin.py:188} INFO - [2024-12-20T00:03:20.367+0000] {dag.py:3823} INFO - Setting next_dagrun for latest_only to 2024-12-19 20:00:00+00:00, run_after=2024-12-20 00:00:00+00:00
[2024-12-20T00:03:20.406+0000] {processor.py:183} INFO - Processing /home/airflow/.local/lib/python3.11/site-packages/airflow/example_dags/example_latest_only.py took 0.109 seconds
[2024-12-20T00:03:50.599+0000] {processor.py:161} INFO - Started process (PID=2675) to work on /home/airflow/.local/lib/python3.11/site-packages/airflow/example_dags/example_latest_only.py
[2024-12-20T00:03:50.601+0000] {processor.py:830} INFO - Processing file /home/airflow/.local/lib/python3.11/site-packages/airflow/example_dags/example_latest_only.py for tasks to queue
[2024-12-20T00:03:50.605+0000] {logging_mixin.py:188} INFO - [2024-12-20T00:03:50.604+0000] {dagbag.py:538} INFO - Filling up the DagBag from /home/airflow/.local/lib/python3.11/site-packages/airflow/example_dags/example_latest_only.py
[2024-12-20T00:03:50.611+0000] {processor.py:840} INFO - DAG(s) 'latest_only' retrieved from /home/airflow/.local/lib/python3.11/site-packages/airflow/example_dags/example_latest_only.py
[2024-12-20T00:03:50.635+0000] {logging_mixin.py:188} INFO - [2024-12-20T00:03:50.635+0000] {dag.py:3036} INFO - Sync 1 DAGs
[2024-12-20T00:03:50.659+0000] {logging_mixin.py:188} INFO - [2024-12-20T00:03:50.659+0000] {dag.py:3823} INFO - Setting next_dagrun for latest_only to 2024-12-19 20:00:00+00:00, run_after=2024-12-20 00:00:00+00:00
[2024-12-20T00:03:50.682+0000] {processor.py:183} INFO - Processing /home/airflow/.local/lib/python3.11/site-packages/airflow/example_dags/example_latest_only.py took 0.087 seconds
[2024-12-20T00:04:20.755+0000] {processor.py:161} INFO - Started process (PID=2747) to work on /home/airflow/.local/lib/python3.11/site-packages/airflow/example_dags/example_latest_only.py
[2024-12-20T00:04:20.757+0000] {processor.py:830} INFO - Processing file /home/airflow/.local/lib/python3.11/site-packages/airflow/example_dags/example_latest_only.py for tasks to queue
[2024-12-20T00:04:20.761+0000] {logging_mixin.py:188} INFO - [2024-12-20T00:04:20.761+0000] {dagbag.py:538} INFO - Filling up the DagBag from /home/airflow/.local/lib/python3.11/site-packages/airflow/example_dags/example_latest_only.py
[2024-12-20T00:04:20.770+0000] {processor.py:840} INFO - DAG(s) 'latest_only' retrieved from /home/airflow/.local/lib/python3.11/site-packages/airflow/example_dags/example_latest_only.py
[2024-12-20T00:04:20.794+0000] {logging_mixin.py:188} INFO - [2024-12-20T00:04:20.794+0000] {dag.py:3036} INFO - Sync 1 DAGs
[2024-12-20T00:04:20.817+0000] {logging_mixin.py:188} INFO - [2024-12-20T00:04:20.816+0000] {dag.py:3823} INFO - Setting next_dagrun for latest_only to 2024-12-19 20:00:00+00:00, run_after=2024-12-20 00:00:00+00:00
[2024-12-20T00:04:20.856+0000] {processor.py:183} INFO - Processing /home/airflow/.local/lib/python3.11/site-packages/airflow/example_dags/example_latest_only.py took 0.107 seconds
[2024-12-20T00:04:51.488+0000] {processor.py:161} INFO - Started process (PID=2826) to work on /home/airflow/.local/lib/python3.11/site-packages/airflow/example_dags/example_latest_only.py
[2024-12-20T00:04:51.490+0000] {processor.py:830} INFO - Processing file /home/airflow/.local/lib/python3.11/site-packages/airflow/example_dags/example_latest_only.py for tasks to queue
[2024-12-20T00:04:51.493+0000] {logging_mixin.py:188} INFO - [2024-12-20T00:04:51.492+0000] {dagbag.py:538} INFO - Filling up the DagBag from /home/airflow/.local/lib/python3.11/site-packages/airflow/example_dags/example_latest_only.py
[2024-12-20T00:04:51.499+0000] {processor.py:840} INFO - DAG(s) 'latest_only' retrieved from /home/airflow/.local/lib/python3.11/site-packages/airflow/example_dags/example_latest_only.py
[2024-12-20T00:04:51.527+0000] {logging_mixin.py:188} INFO - [2024-12-20T00:04:51.527+0000] {dag.py:3036} INFO - Sync 1 DAGs
[2024-12-20T00:04:51.555+0000] {logging_mixin.py:188} INFO - [2024-12-20T00:04:51.555+0000] {dag.py:3823} INFO - Setting next_dagrun for latest_only to 2024-12-19 20:00:00+00:00, run_after=2024-12-20 00:00:00+00:00
[2024-12-20T00:04:51.594+0000] {processor.py:183} INFO - Processing /home/airflow/.local/lib/python3.11/site-packages/airflow/example_dags/example_latest_only.py took 0.109 seconds
[2024-12-20T00:05:22.033+0000] {processor.py:161} INFO - Started process (PID=2898) to work on /home/airflow/.local/lib/python3.11/site-packages/airflow/example_dags/example_latest_only.py
[2024-12-20T00:05:22.035+0000] {processor.py:830} INFO - Processing file /home/airflow/.local/lib/python3.11/site-packages/airflow/example_dags/example_latest_only.py for tasks to queue
[2024-12-20T00:05:22.037+0000] {logging_mixin.py:188} INFO - [2024-12-20T00:05:22.037+0000] {dagbag.py:538} INFO - Filling up the DagBag from /home/airflow/.local/lib/python3.11/site-packages/airflow/example_dags/example_latest_only.py
[2024-12-20T00:05:22.044+0000] {processor.py:840} INFO - DAG(s) 'latest_only' retrieved from /home/airflow/.local/lib/python3.11/site-packages/airflow/example_dags/example_latest_only.py
[2024-12-20T00:05:22.072+0000] {logging_mixin.py:188} INFO - [2024-12-20T00:05:22.071+0000] {dag.py:3036} INFO - Sync 1 DAGs
[2024-12-20T00:05:22.105+0000] {logging_mixin.py:188} INFO - [2024-12-20T00:05:22.104+0000] {dag.py:3823} INFO - Setting next_dagrun for latest_only to 2024-12-19 20:00:00+00:00, run_after=2024-12-20 00:00:00+00:00
[2024-12-20T00:05:22.131+0000] {processor.py:183} INFO - Processing /home/airflow/.local/lib/python3.11/site-packages/airflow/example_dags/example_latest_only.py took 0.103 seconds
[2024-12-20T00:05:52.421+0000] {processor.py:161} INFO - Started process (PID=2961) to work on /home/airflow/.local/lib/python3.11/site-packages/airflow/example_dags/example_latest_only.py
[2024-12-20T00:05:52.423+0000] {processor.py:830} INFO - Processing file /home/airflow/.local/lib/python3.11/site-packages/airflow/example_dags/example_latest_only.py for tasks to queue
[2024-12-20T00:05:52.427+0000] {logging_mixin.py:188} INFO - [2024-12-20T00:05:52.426+0000] {dagbag.py:538} INFO - Filling up the DagBag from /home/airflow/.local/lib/python3.11/site-packages/airflow/example_dags/example_latest_only.py
[2024-12-20T00:05:52.436+0000] {processor.py:840} INFO - DAG(s) 'latest_only' retrieved from /home/airflow/.local/lib/python3.11/site-packages/airflow/example_dags/example_latest_only.py
[2024-12-20T00:05:52.465+0000] {logging_mixin.py:188} INFO - [2024-12-20T00:05:52.464+0000] {dag.py:3036} INFO - Sync 1 DAGs
[2024-12-20T00:05:52.489+0000] {logging_mixin.py:188} INFO - [2024-12-20T00:05:52.488+0000] {dag.py:3823} INFO - Setting next_dagrun for latest_only to 2024-12-19 20:00:00+00:00, run_after=2024-12-20 00:00:00+00:00
[2024-12-20T00:05:52.517+0000] {processor.py:183} INFO - Processing /home/airflow/.local/lib/python3.11/site-packages/airflow/example_dags/example_latest_only.py took 0.104 seconds
[2024-12-20T00:06:22.735+0000] {processor.py:161} INFO - Started process (PID=3040) to work on /home/airflow/.local/lib/python3.11/site-packages/airflow/example_dags/example_latest_only.py
[2024-12-20T00:06:22.737+0000] {processor.py:830} INFO - Processing file /home/airflow/.local/lib/python3.11/site-packages/airflow/example_dags/example_latest_only.py for tasks to queue
[2024-12-20T00:06:22.739+0000] {logging_mixin.py:188} INFO - [2024-12-20T00:06:22.739+0000] {dagbag.py:538} INFO - Filling up the DagBag from /home/airflow/.local/lib/python3.11/site-packages/airflow/example_dags/example_latest_only.py
[2024-12-20T00:06:22.745+0000] {processor.py:840} INFO - DAG(s) 'latest_only' retrieved from /home/airflow/.local/lib/python3.11/site-packages/airflow/example_dags/example_latest_only.py
[2024-12-20T00:06:22.767+0000] {logging_mixin.py:188} INFO - [2024-12-20T00:06:22.767+0000] {dag.py:3036} INFO - Sync 1 DAGs
[2024-12-20T00:06:22.794+0000] {logging_mixin.py:188} INFO - [2024-12-20T00:06:22.793+0000] {dag.py:3823} INFO - Setting next_dagrun for latest_only to 2024-12-19 20:00:00+00:00, run_after=2024-12-20 00:00:00+00:00
[2024-12-20T00:06:22.824+0000] {processor.py:183} INFO - Processing /home/airflow/.local/lib/python3.11/site-packages/airflow/example_dags/example_latest_only.py took 0.093 seconds
[2024-12-20T00:06:53.288+0000] {processor.py:161} INFO - Started process (PID=3112) to work on /home/airflow/.local/lib/python3.11/site-packages/airflow/example_dags/example_latest_only.py
[2024-12-20T00:06:53.291+0000] {processor.py:830} INFO - Processing file /home/airflow/.local/lib/python3.11/site-packages/airflow/example_dags/example_latest_only.py for tasks to queue
[2024-12-20T00:06:53.295+0000] {logging_mixin.py:188} INFO - [2024-12-20T00:06:53.294+0000] {dagbag.py:538} INFO - Filling up the DagBag from /home/airflow/.local/lib/python3.11/site-packages/airflow/example_dags/example_latest_only.py
[2024-12-20T00:06:53.306+0000] {processor.py:840} INFO - DAG(s) 'latest_only' retrieved from /home/airflow/.local/lib/python3.11/site-packages/airflow/example_dags/example_latest_only.py
[2024-12-20T00:06:53.340+0000] {logging_mixin.py:188} INFO - [2024-12-20T00:06:53.339+0000] {dag.py:3036} INFO - Sync 1 DAGs
[2024-12-20T00:06:53.375+0000] {logging_mixin.py:188} INFO - [2024-12-20T00:06:53.374+0000] {dag.py:3823} INFO - Setting next_dagrun for latest_only to 2024-12-19 20:00:00+00:00, run_after=2024-12-20 00:00:00+00:00
[2024-12-20T00:06:53.417+0000] {processor.py:183} INFO - Processing /home/airflow/.local/lib/python3.11/site-packages/airflow/example_dags/example_latest_only.py took 0.134 seconds
[2024-12-20T00:07:24.100+0000] {processor.py:161} INFO - Started process (PID=3184) to work on /home/airflow/.local/lib/python3.11/site-packages/airflow/example_dags/example_latest_only.py
[2024-12-20T00:07:24.101+0000] {processor.py:830} INFO - Processing file /home/airflow/.local/lib/python3.11/site-packages/airflow/example_dags/example_latest_only.py for tasks to queue
[2024-12-20T00:07:24.104+0000] {logging_mixin.py:188} INFO - [2024-12-20T00:07:24.104+0000] {dagbag.py:538} INFO - Filling up the DagBag from /home/airflow/.local/lib/python3.11/site-packages/airflow/example_dags/example_latest_only.py
[2024-12-20T00:07:24.111+0000] {processor.py:840} INFO - DAG(s) 'latest_only' retrieved from /home/airflow/.local/lib/python3.11/site-packages/airflow/example_dags/example_latest_only.py
[2024-12-20T00:07:24.133+0000] {logging_mixin.py:188} INFO - [2024-12-20T00:07:24.133+0000] {dag.py:3036} INFO - Sync 1 DAGs
[2024-12-20T00:07:24.156+0000] {logging_mixin.py:188} INFO - [2024-12-20T00:07:24.156+0000] {dag.py:3823} INFO - Setting next_dagrun for latest_only to 2024-12-19 20:00:00+00:00, run_after=2024-12-20 00:00:00+00:00
[2024-12-20T00:07:24.186+0000] {processor.py:183} INFO - Processing /home/airflow/.local/lib/python3.11/site-packages/airflow/example_dags/example_latest_only.py took 0.090 seconds
[2024-12-20T00:07:54.739+0000] {processor.py:161} INFO - Started process (PID=3263) to work on /home/airflow/.local/lib/python3.11/site-packages/airflow/example_dags/example_latest_only.py
[2024-12-20T00:07:54.740+0000] {processor.py:830} INFO - Processing file /home/airflow/.local/lib/python3.11/site-packages/airflow/example_dags/example_latest_only.py for tasks to queue
[2024-12-20T00:07:54.743+0000] {logging_mixin.py:188} INFO - [2024-12-20T00:07:54.742+0000] {dagbag.py:538} INFO - Filling up the DagBag from /home/airflow/.local/lib/python3.11/site-packages/airflow/example_dags/example_latest_only.py
[2024-12-20T00:07:54.749+0000] {processor.py:840} INFO - DAG(s) 'latest_only' retrieved from /home/airflow/.local/lib/python3.11/site-packages/airflow/example_dags/example_latest_only.py
[2024-12-20T00:07:54.780+0000] {logging_mixin.py:188} INFO - [2024-12-20T00:07:54.780+0000] {dag.py:3036} INFO - Sync 1 DAGs
[2024-12-20T00:07:54.815+0000] {logging_mixin.py:188} INFO - [2024-12-20T00:07:54.815+0000] {dag.py:3823} INFO - Setting next_dagrun for latest_only to 2024-12-19 20:00:00+00:00, run_after=2024-12-20 00:00:00+00:00
[2024-12-20T00:07:54.845+0000] {processor.py:183} INFO - Processing /home/airflow/.local/lib/python3.11/site-packages/airflow/example_dags/example_latest_only.py took 0.111 seconds
[2024-12-20T00:08:25.527+0000] {processor.py:161} INFO - Started process (PID=3335) to work on /home/airflow/.local/lib/python3.11/site-packages/airflow/example_dags/example_latest_only.py
[2024-12-20T00:08:25.529+0000] {processor.py:830} INFO - Processing file /home/airflow/.local/lib/python3.11/site-packages/airflow/example_dags/example_latest_only.py for tasks to queue
[2024-12-20T00:08:25.533+0000] {logging_mixin.py:188} INFO - [2024-12-20T00:08:25.532+0000] {dagbag.py:538} INFO - Filling up the DagBag from /home/airflow/.local/lib/python3.11/site-packages/airflow/example_dags/example_latest_only.py
[2024-12-20T00:08:25.543+0000] {processor.py:840} INFO - DAG(s) 'latest_only' retrieved from /home/airflow/.local/lib/python3.11/site-packages/airflow/example_dags/example_latest_only.py
[2024-12-20T00:08:25.580+0000] {logging_mixin.py:188} INFO - [2024-12-20T00:08:25.580+0000] {dag.py:3036} INFO - Sync 1 DAGs
[2024-12-20T00:08:25.603+0000] {logging_mixin.py:188} INFO - [2024-12-20T00:08:25.603+0000] {dag.py:3823} INFO - Setting next_dagrun for latest_only to 2024-12-19 20:00:00+00:00, run_after=2024-12-20 00:00:00+00:00
[2024-12-20T00:08:25.632+0000] {processor.py:183} INFO - Processing /home/airflow/.local/lib/python3.11/site-packages/airflow/example_dags/example_latest_only.py took 0.110 seconds
[2024-12-20T00:08:55.986+0000] {processor.py:161} INFO - Started process (PID=3408) to work on /home/airflow/.local/lib/python3.11/site-packages/airflow/example_dags/example_latest_only.py
[2024-12-20T00:08:55.987+0000] {processor.py:830} INFO - Processing file /home/airflow/.local/lib/python3.11/site-packages/airflow/example_dags/example_latest_only.py for tasks to queue
[2024-12-20T00:08:55.992+0000] {logging_mixin.py:188} INFO - [2024-12-20T00:08:55.991+0000] {dagbag.py:538} INFO - Filling up the DagBag from /home/airflow/.local/lib/python3.11/site-packages/airflow/example_dags/example_latest_only.py
[2024-12-20T00:08:56.001+0000] {processor.py:840} INFO - DAG(s) 'latest_only' retrieved from /home/airflow/.local/lib/python3.11/site-packages/airflow/example_dags/example_latest_only.py
[2024-12-20T00:08:56.029+0000] {logging_mixin.py:188} INFO - [2024-12-20T00:08:56.028+0000] {dag.py:3036} INFO - Sync 1 DAGs
[2024-12-20T00:08:56.051+0000] {logging_mixin.py:188} INFO - [2024-12-20T00:08:56.050+0000] {dag.py:3823} INFO - Setting next_dagrun for latest_only to 2024-12-19 20:00:00+00:00, run_after=2024-12-20 00:00:00+00:00
[2024-12-20T00:08:56.084+0000] {processor.py:183} INFO - Processing /home/airflow/.local/lib/python3.11/site-packages/airflow/example_dags/example_latest_only.py took 0.102 seconds
[2024-12-20T00:09:26.647+0000] {processor.py:161} INFO - Started process (PID=3487) to work on /home/airflow/.local/lib/python3.11/site-packages/airflow/example_dags/example_latest_only.py
[2024-12-20T00:09:26.649+0000] {processor.py:830} INFO - Processing file /home/airflow/.local/lib/python3.11/site-packages/airflow/example_dags/example_latest_only.py for tasks to queue
[2024-12-20T00:09:26.652+0000] {logging_mixin.py:188} INFO - [2024-12-20T00:09:26.652+0000] {dagbag.py:538} INFO - Filling up the DagBag from /home/airflow/.local/lib/python3.11/site-packages/airflow/example_dags/example_latest_only.py
[2024-12-20T00:09:26.660+0000] {processor.py:840} INFO - DAG(s) 'latest_only' retrieved from /home/airflow/.local/lib/python3.11/site-packages/airflow/example_dags/example_latest_only.py
[2024-12-20T00:09:26.690+0000] {logging_mixin.py:188} INFO - [2024-12-20T00:09:26.689+0000] {dag.py:3036} INFO - Sync 1 DAGs
[2024-12-20T00:09:26.725+0000] {logging_mixin.py:188} INFO - [2024-12-20T00:09:26.725+0000] {dag.py:3823} INFO - Setting next_dagrun for latest_only to 2024-12-19 20:00:00+00:00, run_after=2024-12-20 00:00:00+00:00
[2024-12-20T00:09:26.759+0000] {processor.py:183} INFO - Processing /home/airflow/.local/lib/python3.11/site-packages/airflow/example_dags/example_latest_only.py took 0.118 seconds
[2024-12-20T00:09:57.439+0000] {processor.py:161} INFO - Started process (PID=3559) to work on /home/airflow/.local/lib/python3.11/site-packages/airflow/example_dags/example_latest_only.py
[2024-12-20T00:09:57.441+0000] {processor.py:830} INFO - Processing file /home/airflow/.local/lib/python3.11/site-packages/airflow/example_dags/example_latest_only.py for tasks to queue
[2024-12-20T00:09:57.445+0000] {logging_mixin.py:188} INFO - [2024-12-20T00:09:57.445+0000] {dagbag.py:538} INFO - Filling up the DagBag from /home/airflow/.local/lib/python3.11/site-packages/airflow/example_dags/example_latest_only.py
[2024-12-20T00:09:57.455+0000] {processor.py:840} INFO - DAG(s) 'latest_only' retrieved from /home/airflow/.local/lib/python3.11/site-packages/airflow/example_dags/example_latest_only.py
[2024-12-20T00:09:57.495+0000] {logging_mixin.py:188} INFO - [2024-12-20T00:09:57.495+0000] {dag.py:3036} INFO - Sync 1 DAGs
[2024-12-20T00:09:57.534+0000] {logging_mixin.py:188} INFO - [2024-12-20T00:09:57.534+0000] {dag.py:3823} INFO - Setting next_dagrun for latest_only to 2024-12-19 20:00:00+00:00, run_after=2024-12-20 00:00:00+00:00
[2024-12-20T00:09:57.576+0000] {processor.py:183} INFO - Processing /home/airflow/.local/lib/python3.11/site-packages/airflow/example_dags/example_latest_only.py took 0.144 seconds
[2024-12-20T00:10:27.848+0000] {processor.py:161} INFO - Started process (PID=3624) to work on /home/airflow/.local/lib/python3.11/site-packages/airflow/example_dags/example_latest_only.py
[2024-12-20T00:10:27.850+0000] {processor.py:830} INFO - Processing file /home/airflow/.local/lib/python3.11/site-packages/airflow/example_dags/example_latest_only.py for tasks to queue
[2024-12-20T00:10:27.852+0000] {logging_mixin.py:188} INFO - [2024-12-20T00:10:27.851+0000] {dagbag.py:538} INFO - Filling up the DagBag from /home/airflow/.local/lib/python3.11/site-packages/airflow/example_dags/example_latest_only.py
[2024-12-20T00:10:27.857+0000] {processor.py:840} INFO - DAG(s) 'latest_only' retrieved from /home/airflow/.local/lib/python3.11/site-packages/airflow/example_dags/example_latest_only.py
[2024-12-20T00:10:27.887+0000] {logging_mixin.py:188} INFO - [2024-12-20T00:10:27.887+0000] {dag.py:3036} INFO - Sync 1 DAGs
[2024-12-20T00:10:27.910+0000] {logging_mixin.py:188} INFO - [2024-12-20T00:10:27.909+0000] {dag.py:3823} INFO - Setting next_dagrun for latest_only to 2024-12-19 20:00:00+00:00, run_after=2024-12-20 00:00:00+00:00
[2024-12-20T00:10:27.938+0000] {processor.py:183} INFO - Processing /home/airflow/.local/lib/python3.11/site-packages/airflow/example_dags/example_latest_only.py took 0.093 seconds
[2024-12-20T00:10:58.621+0000] {processor.py:161} INFO - Started process (PID=3701) to work on /home/airflow/.local/lib/python3.11/site-packages/airflow/example_dags/example_latest_only.py
[2024-12-20T00:10:58.622+0000] {processor.py:830} INFO - Processing file /home/airflow/.local/lib/python3.11/site-packages/airflow/example_dags/example_latest_only.py for tasks to queue
[2024-12-20T00:10:58.625+0000] {logging_mixin.py:188} INFO - [2024-12-20T00:10:58.624+0000] {dagbag.py:538} INFO - Filling up the DagBag from /home/airflow/.local/lib/python3.11/site-packages/airflow/example_dags/example_latest_only.py
[2024-12-20T00:10:58.630+0000] {processor.py:840} INFO - DAG(s) 'latest_only' retrieved from /home/airflow/.local/lib/python3.11/site-packages/airflow/example_dags/example_latest_only.py
[2024-12-20T00:10:58.652+0000] {logging_mixin.py:188} INFO - [2024-12-20T00:10:58.652+0000] {dag.py:3036} INFO - Sync 1 DAGs
[2024-12-20T00:10:58.675+0000] {logging_mixin.py:188} INFO - [2024-12-20T00:10:58.675+0000] {dag.py:3823} INFO - Setting next_dagrun for latest_only to 2024-12-19 20:00:00+00:00, run_after=2024-12-20 00:00:00+00:00
[2024-12-20T00:10:58.705+0000] {processor.py:183} INFO - Processing /home/airflow/.local/lib/python3.11/site-packages/airflow/example_dags/example_latest_only.py took 0.087 seconds
[2024-12-20T00:11:29.253+0000] {processor.py:161} INFO - Started process (PID=3773) to work on /home/airflow/.local/lib/python3.11/site-packages/airflow/example_dags/example_latest_only.py
[2024-12-20T00:11:29.255+0000] {processor.py:830} INFO - Processing file /home/airflow/.local/lib/python3.11/site-packages/airflow/example_dags/example_latest_only.py for tasks to queue
[2024-12-20T00:11:29.258+0000] {logging_mixin.py:188} INFO - [2024-12-20T00:11:29.258+0000] {dagbag.py:538} INFO - Filling up the DagBag from /home/airflow/.local/lib/python3.11/site-packages/airflow/example_dags/example_latest_only.py
[2024-12-20T00:11:29.265+0000] {processor.py:840} INFO - DAG(s) 'latest_only' retrieved from /home/airflow/.local/lib/python3.11/site-packages/airflow/example_dags/example_latest_only.py
[2024-12-20T00:11:29.292+0000] {logging_mixin.py:188} INFO - [2024-12-20T00:11:29.292+0000] {dag.py:3036} INFO - Sync 1 DAGs
[2024-12-20T00:11:29.315+0000] {logging_mixin.py:188} INFO - [2024-12-20T00:11:29.315+0000] {dag.py:3823} INFO - Setting next_dagrun for latest_only to 2024-12-19 20:00:00+00:00, run_after=2024-12-20 00:00:00+00:00
[2024-12-20T00:11:29.356+0000] {processor.py:183} INFO - Processing /home/airflow/.local/lib/python3.11/site-packages/airflow/example_dags/example_latest_only.py took 0.107 seconds
[2024-12-20T00:11:59.553+0000] {processor.py:161} INFO - Started process (PID=3845) to work on /home/airflow/.local/lib/python3.11/site-packages/airflow/example_dags/example_latest_only.py
[2024-12-20T00:11:59.554+0000] {processor.py:830} INFO - Processing file /home/airflow/.local/lib/python3.11/site-packages/airflow/example_dags/example_latest_only.py for tasks to queue
[2024-12-20T00:11:59.556+0000] {logging_mixin.py:188} INFO - [2024-12-20T00:11:59.556+0000] {dagbag.py:538} INFO - Filling up the DagBag from /home/airflow/.local/lib/python3.11/site-packages/airflow/example_dags/example_latest_only.py
[2024-12-20T00:11:59.562+0000] {processor.py:840} INFO - DAG(s) 'latest_only' retrieved from /home/airflow/.local/lib/python3.11/site-packages/airflow/example_dags/example_latest_only.py
[2024-12-20T00:11:59.585+0000] {logging_mixin.py:188} INFO - [2024-12-20T00:11:59.585+0000] {dag.py:3036} INFO - Sync 1 DAGs
[2024-12-20T00:11:59.611+0000] {logging_mixin.py:188} INFO - [2024-12-20T00:11:59.611+0000] {dag.py:3823} INFO - Setting next_dagrun for latest_only to 2024-12-19 20:00:00+00:00, run_after=2024-12-20 00:00:00+00:00
[2024-12-20T00:11:59.656+0000] {processor.py:183} INFO - Processing /home/airflow/.local/lib/python3.11/site-packages/airflow/example_dags/example_latest_only.py took 0.107 seconds
[2024-12-20T00:12:29.899+0000] {processor.py:161} INFO - Started process (PID=3924) to work on /home/airflow/.local/lib/python3.11/site-packages/airflow/example_dags/example_latest_only.py
[2024-12-20T00:12:29.901+0000] {processor.py:830} INFO - Processing file /home/airflow/.local/lib/python3.11/site-packages/airflow/example_dags/example_latest_only.py for tasks to queue
[2024-12-20T00:12:29.903+0000] {logging_mixin.py:188} INFO - [2024-12-20T00:12:29.903+0000] {dagbag.py:538} INFO - Filling up the DagBag from /home/airflow/.local/lib/python3.11/site-packages/airflow/example_dags/example_latest_only.py
[2024-12-20T00:12:29.909+0000] {processor.py:840} INFO - DAG(s) 'latest_only' retrieved from /home/airflow/.local/lib/python3.11/site-packages/airflow/example_dags/example_latest_only.py
[2024-12-20T00:12:29.930+0000] {logging_mixin.py:188} INFO - [2024-12-20T00:12:29.930+0000] {dag.py:3036} INFO - Sync 1 DAGs
[2024-12-20T00:12:29.954+0000] {logging_mixin.py:188} INFO - [2024-12-20T00:12:29.954+0000] {dag.py:3823} INFO - Setting next_dagrun for latest_only to 2024-12-19 20:00:00+00:00, run_after=2024-12-20 00:00:00+00:00
[2024-12-20T00:12:29.976+0000] {processor.py:183} INFO - Processing /home/airflow/.local/lib/python3.11/site-packages/airflow/example_dags/example_latest_only.py took 0.080 seconds
[2024-12-20T09:17:26.509+0000] {processor.py:161} INFO - Started process (PID=3995) to work on /home/airflow/.local/lib/python3.11/site-packages/airflow/example_dags/example_latest_only.py
[2024-12-20T09:17:26.518+0000] {processor.py:830} INFO - Processing file /home/airflow/.local/lib/python3.11/site-packages/airflow/example_dags/example_latest_only.py for tasks to queue
[2024-12-20T09:17:26.525+0000] {logging_mixin.py:188} INFO - [2024-12-20T09:17:26.522+0000] {dagbag.py:538} INFO - Filling up the DagBag from /home/airflow/.local/lib/python3.11/site-packages/airflow/example_dags/example_latest_only.py
[2024-12-20T09:17:26.556+0000] {processor.py:840} INFO - DAG(s) 'latest_only' retrieved from /home/airflow/.local/lib/python3.11/site-packages/airflow/example_dags/example_latest_only.py
[2024-12-20T09:17:26.685+0000] {logging_mixin.py:188} INFO - [2024-12-20T09:17:26.684+0000] {dag.py:3036} INFO - Sync 1 DAGs
[2024-12-20T09:17:26.892+0000] {logging_mixin.py:188} INFO - [2024-12-20T09:17:26.892+0000] {dag.py:3823} INFO - Setting next_dagrun for latest_only to 2024-12-20 04:00:00+00:00, run_after=2024-12-20 08:00:00+00:00
[2024-12-20T09:17:27.012+0000] {processor.py:183} INFO - Processing /home/airflow/.local/lib/python3.11/site-packages/airflow/example_dags/example_latest_only.py took 0.523 seconds
[2024-12-20T09:17:57.602+0000] {processor.py:161} INFO - Started process (PID=4067) to work on /home/airflow/.local/lib/python3.11/site-packages/airflow/example_dags/example_latest_only.py
[2024-12-20T09:17:57.603+0000] {processor.py:830} INFO - Processing file /home/airflow/.local/lib/python3.11/site-packages/airflow/example_dags/example_latest_only.py for tasks to queue
[2024-12-20T09:17:57.605+0000] {logging_mixin.py:188} INFO - [2024-12-20T09:17:57.604+0000] {dagbag.py:538} INFO - Filling up the DagBag from /home/airflow/.local/lib/python3.11/site-packages/airflow/example_dags/example_latest_only.py
[2024-12-20T09:17:57.611+0000] {processor.py:840} INFO - DAG(s) 'latest_only' retrieved from /home/airflow/.local/lib/python3.11/site-packages/airflow/example_dags/example_latest_only.py
[2024-12-20T09:17:57.640+0000] {logging_mixin.py:188} INFO - [2024-12-20T09:17:57.640+0000] {dag.py:3036} INFO - Sync 1 DAGs
[2024-12-20T09:17:57.670+0000] {logging_mixin.py:188} INFO - [2024-12-20T09:17:57.669+0000] {dag.py:3823} INFO - Setting next_dagrun for latest_only to 2024-12-20 04:00:00+00:00, run_after=2024-12-20 08:00:00+00:00
[2024-12-20T09:17:57.699+0000] {processor.py:183} INFO - Processing /home/airflow/.local/lib/python3.11/site-packages/airflow/example_dags/example_latest_only.py took 0.101 seconds
[2024-12-20T09:18:27.839+0000] {processor.py:161} INFO - Started process (PID=4136) to work on /home/airflow/.local/lib/python3.11/site-packages/airflow/example_dags/example_latest_only.py
[2024-12-20T09:18:27.841+0000] {processor.py:830} INFO - Processing file /home/airflow/.local/lib/python3.11/site-packages/airflow/example_dags/example_latest_only.py for tasks to queue
[2024-12-20T09:18:27.842+0000] {logging_mixin.py:188} INFO - [2024-12-20T09:18:27.842+0000] {dagbag.py:538} INFO - Filling up the DagBag from /home/airflow/.local/lib/python3.11/site-packages/airflow/example_dags/example_latest_only.py
[2024-12-20T09:18:27.849+0000] {processor.py:840} INFO - DAG(s) 'latest_only' retrieved from /home/airflow/.local/lib/python3.11/site-packages/airflow/example_dags/example_latest_only.py
[2024-12-20T09:18:27.877+0000] {logging_mixin.py:188} INFO - [2024-12-20T09:18:27.876+0000] {dag.py:3036} INFO - Sync 1 DAGs
[2024-12-20T09:18:27.905+0000] {logging_mixin.py:188} INFO - [2024-12-20T09:18:27.904+0000] {dag.py:3823} INFO - Setting next_dagrun for latest_only to 2024-12-20 04:00:00+00:00, run_after=2024-12-20 08:00:00+00:00
[2024-12-20T09:18:27.946+0000] {processor.py:183} INFO - Processing /home/airflow/.local/lib/python3.11/site-packages/airflow/example_dags/example_latest_only.py took 0.110 seconds
[2024-12-20T09:18:58.549+0000] {processor.py:161} INFO - Started process (PID=4215) to work on /home/airflow/.local/lib/python3.11/site-packages/airflow/example_dags/example_latest_only.py
[2024-12-20T09:18:58.550+0000] {processor.py:830} INFO - Processing file /home/airflow/.local/lib/python3.11/site-packages/airflow/example_dags/example_latest_only.py for tasks to queue
[2024-12-20T09:18:58.552+0000] {logging_mixin.py:188} INFO - [2024-12-20T09:18:58.551+0000] {dagbag.py:538} INFO - Filling up the DagBag from /home/airflow/.local/lib/python3.11/site-packages/airflow/example_dags/example_latest_only.py
[2024-12-20T09:18:58.562+0000] {processor.py:840} INFO - DAG(s) 'latest_only' retrieved from /home/airflow/.local/lib/python3.11/site-packages/airflow/example_dags/example_latest_only.py
[2024-12-20T09:18:58.589+0000] {logging_mixin.py:188} INFO - [2024-12-20T09:18:58.589+0000] {dag.py:3036} INFO - Sync 1 DAGs
[2024-12-20T09:18:58.618+0000] {logging_mixin.py:188} INFO - [2024-12-20T09:18:58.618+0000] {dag.py:3823} INFO - Setting next_dagrun for latest_only to 2024-12-20 04:00:00+00:00, run_after=2024-12-20 08:00:00+00:00
[2024-12-20T09:18:58.648+0000] {processor.py:183} INFO - Processing /home/airflow/.local/lib/python3.11/site-packages/airflow/example_dags/example_latest_only.py took 0.104 seconds
[2024-12-20T09:19:29.200+0000] {processor.py:161} INFO - Started process (PID=4284) to work on /home/airflow/.local/lib/python3.11/site-packages/airflow/example_dags/example_latest_only.py
[2024-12-20T09:19:29.205+0000] {processor.py:830} INFO - Processing file /home/airflow/.local/lib/python3.11/site-packages/airflow/example_dags/example_latest_only.py for tasks to queue
[2024-12-20T09:19:29.206+0000] {logging_mixin.py:188} INFO - [2024-12-20T09:19:29.206+0000] {dagbag.py:538} INFO - Filling up the DagBag from /home/airflow/.local/lib/python3.11/site-packages/airflow/example_dags/example_latest_only.py
[2024-12-20T09:19:29.218+0000] {processor.py:840} INFO - DAG(s) 'latest_only' retrieved from /home/airflow/.local/lib/python3.11/site-packages/airflow/example_dags/example_latest_only.py
[2024-12-20T09:19:29.266+0000] {logging_mixin.py:188} INFO - [2024-12-20T09:19:29.266+0000] {dag.py:3036} INFO - Sync 1 DAGs
[2024-12-20T09:19:29.323+0000] {logging_mixin.py:188} INFO - [2024-12-20T09:19:29.322+0000] {dag.py:3823} INFO - Setting next_dagrun for latest_only to 2024-12-20 04:00:00+00:00, run_after=2024-12-20 08:00:00+00:00
[2024-12-20T09:19:29.378+0000] {processor.py:183} INFO - Processing /home/airflow/.local/lib/python3.11/site-packages/airflow/example_dags/example_latest_only.py took 0.184 seconds
[2024-12-20T09:20:00.176+0000] {processor.py:161} INFO - Started process (PID=4356) to work on /home/airflow/.local/lib/python3.11/site-packages/airflow/example_dags/example_latest_only.py
[2024-12-20T09:20:00.178+0000] {processor.py:830} INFO - Processing file /home/airflow/.local/lib/python3.11/site-packages/airflow/example_dags/example_latest_only.py for tasks to queue
[2024-12-20T09:20:00.180+0000] {logging_mixin.py:188} INFO - [2024-12-20T09:20:00.180+0000] {dagbag.py:538} INFO - Filling up the DagBag from /home/airflow/.local/lib/python3.11/site-packages/airflow/example_dags/example_latest_only.py
[2024-12-20T09:20:00.193+0000] {processor.py:840} INFO - DAG(s) 'latest_only' retrieved from /home/airflow/.local/lib/python3.11/site-packages/airflow/example_dags/example_latest_only.py
[2024-12-20T09:20:00.233+0000] {logging_mixin.py:188} INFO - [2024-12-20T09:20:00.233+0000] {dag.py:3036} INFO - Sync 1 DAGs
[2024-12-20T09:20:00.261+0000] {logging_mixin.py:188} INFO - [2024-12-20T09:20:00.261+0000] {dag.py:3823} INFO - Setting next_dagrun for latest_only to 2024-12-20 04:00:00+00:00, run_after=2024-12-20 08:00:00+00:00
[2024-12-20T09:20:00.297+0000] {processor.py:183} INFO - Processing /home/airflow/.local/lib/python3.11/site-packages/airflow/example_dags/example_latest_only.py took 0.128 seconds
[2024-12-20T09:20:31.175+0000] {processor.py:161} INFO - Started process (PID=4418) to work on /home/airflow/.local/lib/python3.11/site-packages/airflow/example_dags/example_latest_only.py
[2024-12-20T09:20:31.186+0000] {processor.py:830} INFO - Processing file /home/airflow/.local/lib/python3.11/site-packages/airflow/example_dags/example_latest_only.py for tasks to queue
[2024-12-20T09:20:31.203+0000] {logging_mixin.py:188} INFO - [2024-12-20T09:20:31.202+0000] {dagbag.py:538} INFO - Filling up the DagBag from /home/airflow/.local/lib/python3.11/site-packages/airflow/example_dags/example_latest_only.py
[2024-12-20T09:20:31.246+0000] {processor.py:840} INFO - DAG(s) 'latest_only' retrieved from /home/airflow/.local/lib/python3.11/site-packages/airflow/example_dags/example_latest_only.py
[2024-12-20T09:20:31.354+0000] {logging_mixin.py:188} INFO - [2024-12-20T09:20:31.354+0000] {dag.py:3036} INFO - Sync 1 DAGs
[2024-12-20T09:20:31.496+0000] {logging_mixin.py:188} INFO - [2024-12-20T09:20:31.495+0000] {dag.py:3823} INFO - Setting next_dagrun for latest_only to 2024-12-20 04:00:00+00:00, run_after=2024-12-20 08:00:00+00:00
[2024-12-20T09:20:31.634+0000] {processor.py:183} INFO - Processing /home/airflow/.local/lib/python3.11/site-packages/airflow/example_dags/example_latest_only.py took 0.495 seconds
[2024-12-20T09:21:02.066+0000] {processor.py:161} INFO - Started process (PID=4489) to work on /home/airflow/.local/lib/python3.11/site-packages/airflow/example_dags/example_latest_only.py
[2024-12-20T09:21:02.068+0000] {processor.py:830} INFO - Processing file /home/airflow/.local/lib/python3.11/site-packages/airflow/example_dags/example_latest_only.py for tasks to queue
[2024-12-20T09:21:02.070+0000] {logging_mixin.py:188} INFO - [2024-12-20T09:21:02.070+0000] {dagbag.py:538} INFO - Filling up the DagBag from /home/airflow/.local/lib/python3.11/site-packages/airflow/example_dags/example_latest_only.py
[2024-12-20T09:21:02.082+0000] {processor.py:840} INFO - DAG(s) 'latest_only' retrieved from /home/airflow/.local/lib/python3.11/site-packages/airflow/example_dags/example_latest_only.py
[2024-12-20T09:21:02.126+0000] {logging_mixin.py:188} INFO - [2024-12-20T09:21:02.125+0000] {dag.py:3036} INFO - Sync 1 DAGs
[2024-12-20T09:21:02.163+0000] {logging_mixin.py:188} INFO - [2024-12-20T09:21:02.163+0000] {dag.py:3823} INFO - Setting next_dagrun for latest_only to 2024-12-20 04:00:00+00:00, run_after=2024-12-20 08:00:00+00:00
[2024-12-20T09:21:02.195+0000] {processor.py:183} INFO - Processing /home/airflow/.local/lib/python3.11/site-packages/airflow/example_dags/example_latest_only.py took 0.135 seconds
[2024-12-20T09:21:32.948+0000] {processor.py:161} INFO - Started process (PID=4558) to work on /home/airflow/.local/lib/python3.11/site-packages/airflow/example_dags/example_latest_only.py
[2024-12-20T09:21:32.950+0000] {processor.py:830} INFO - Processing file /home/airflow/.local/lib/python3.11/site-packages/airflow/example_dags/example_latest_only.py for tasks to queue
[2024-12-20T09:21:32.951+0000] {logging_mixin.py:188} INFO - [2024-12-20T09:21:32.951+0000] {dagbag.py:538} INFO - Filling up the DagBag from /home/airflow/.local/lib/python3.11/site-packages/airflow/example_dags/example_latest_only.py
[2024-12-20T09:21:32.968+0000] {processor.py:840} INFO - DAG(s) 'latest_only' retrieved from /home/airflow/.local/lib/python3.11/site-packages/airflow/example_dags/example_latest_only.py
[2024-12-20T09:21:33.074+0000] {logging_mixin.py:188} INFO - [2024-12-20T09:21:33.074+0000] {dag.py:3036} INFO - Sync 1 DAGs
[2024-12-20T09:21:33.135+0000] {logging_mixin.py:188} INFO - [2024-12-20T09:21:33.135+0000] {dag.py:3823} INFO - Setting next_dagrun for latest_only to 2024-12-20 04:00:00+00:00, run_after=2024-12-20 08:00:00+00:00
[2024-12-20T09:21:33.187+0000] {processor.py:183} INFO - Processing /home/airflow/.local/lib/python3.11/site-packages/airflow/example_dags/example_latest_only.py took 0.246 seconds
[2024-12-20T09:22:03.607+0000] {processor.py:161} INFO - Started process (PID=4622) to work on /home/airflow/.local/lib/python3.11/site-packages/airflow/example_dags/example_latest_only.py
[2024-12-20T09:22:03.620+0000] {processor.py:830} INFO - Processing file /home/airflow/.local/lib/python3.11/site-packages/airflow/example_dags/example_latest_only.py for tasks to queue
[2024-12-20T09:22:03.621+0000] {logging_mixin.py:188} INFO - [2024-12-20T09:22:03.621+0000] {dagbag.py:538} INFO - Filling up the DagBag from /home/airflow/.local/lib/python3.11/site-packages/airflow/example_dags/example_latest_only.py
[2024-12-20T09:22:03.631+0000] {processor.py:840} INFO - DAG(s) 'latest_only' retrieved from /home/airflow/.local/lib/python3.11/site-packages/airflow/example_dags/example_latest_only.py
[2024-12-20T09:22:03.690+0000] {logging_mixin.py:188} INFO - [2024-12-20T09:22:03.690+0000] {dag.py:3036} INFO - Sync 1 DAGs
[2024-12-20T09:22:03.737+0000] {logging_mixin.py:188} INFO - [2024-12-20T09:22:03.737+0000] {dag.py:3823} INFO - Setting next_dagrun for latest_only to 2024-12-20 04:00:00+00:00, run_after=2024-12-20 08:00:00+00:00
[2024-12-20T09:22:03.791+0000] {processor.py:183} INFO - Processing /home/airflow/.local/lib/python3.11/site-packages/airflow/example_dags/example_latest_only.py took 0.190 seconds
[2024-12-20T09:22:34.292+0000] {processor.py:161} INFO - Started process (PID=4693) to work on /home/airflow/.local/lib/python3.11/site-packages/airflow/example_dags/example_latest_only.py
[2024-12-20T09:22:34.296+0000] {processor.py:830} INFO - Processing file /home/airflow/.local/lib/python3.11/site-packages/airflow/example_dags/example_latest_only.py for tasks to queue
[2024-12-20T09:22:34.309+0000] {logging_mixin.py:188} INFO - [2024-12-20T09:22:34.308+0000] {dagbag.py:538} INFO - Filling up the DagBag from /home/airflow/.local/lib/python3.11/site-packages/airflow/example_dags/example_latest_only.py
[2024-12-20T09:22:34.362+0000] {processor.py:840} INFO - DAG(s) 'latest_only' retrieved from /home/airflow/.local/lib/python3.11/site-packages/airflow/example_dags/example_latest_only.py
[2024-12-20T09:22:34.501+0000] {logging_mixin.py:188} INFO - [2024-12-20T09:22:34.495+0000] {dag.py:3036} INFO - Sync 1 DAGs
[2024-12-20T09:22:34.649+0000] {logging_mixin.py:188} INFO - [2024-12-20T09:22:34.648+0000] {dag.py:3823} INFO - Setting next_dagrun for latest_only to 2024-12-20 04:00:00+00:00, run_after=2024-12-20 08:00:00+00:00
[2024-12-20T09:22:34.855+0000] {processor.py:183} INFO - Processing /home/airflow/.local/lib/python3.11/site-packages/airflow/example_dags/example_latest_only.py took 0.581 seconds
[2024-12-20T09:23:05.426+0000] {processor.py:161} INFO - Started process (PID=4757) to work on /home/airflow/.local/lib/python3.11/site-packages/airflow/example_dags/example_latest_only.py
[2024-12-20T09:23:05.427+0000] {processor.py:830} INFO - Processing file /home/airflow/.local/lib/python3.11/site-packages/airflow/example_dags/example_latest_only.py for tasks to queue
[2024-12-20T09:23:05.429+0000] {logging_mixin.py:188} INFO - [2024-12-20T09:23:05.428+0000] {dagbag.py:538} INFO - Filling up the DagBag from /home/airflow/.local/lib/python3.11/site-packages/airflow/example_dags/example_latest_only.py
[2024-12-20T09:23:05.437+0000] {processor.py:840} INFO - DAG(s) 'latest_only' retrieved from /home/airflow/.local/lib/python3.11/site-packages/airflow/example_dags/example_latest_only.py
[2024-12-20T09:23:05.470+0000] {logging_mixin.py:188} INFO - [2024-12-20T09:23:05.470+0000] {dag.py:3036} INFO - Sync 1 DAGs
[2024-12-20T09:23:05.508+0000] {logging_mixin.py:188} INFO - [2024-12-20T09:23:05.508+0000] {dag.py:3823} INFO - Setting next_dagrun for latest_only to 2024-12-20 04:00:00+00:00, run_after=2024-12-20 08:00:00+00:00
[2024-12-20T09:23:05.545+0000] {processor.py:183} INFO - Processing /home/airflow/.local/lib/python3.11/site-packages/airflow/example_dags/example_latest_only.py took 0.125 seconds
[2024-12-20T09:23:35.622+0000] {processor.py:161} INFO - Started process (PID=4830) to work on /home/airflow/.local/lib/python3.11/site-packages/airflow/example_dags/example_latest_only.py
[2024-12-20T09:23:35.625+0000] {processor.py:830} INFO - Processing file /home/airflow/.local/lib/python3.11/site-packages/airflow/example_dags/example_latest_only.py for tasks to queue
[2024-12-20T09:23:35.627+0000] {logging_mixin.py:188} INFO - [2024-12-20T09:23:35.627+0000] {dagbag.py:538} INFO - Filling up the DagBag from /home/airflow/.local/lib/python3.11/site-packages/airflow/example_dags/example_latest_only.py
[2024-12-20T09:23:35.641+0000] {processor.py:840} INFO - DAG(s) 'latest_only' retrieved from /home/airflow/.local/lib/python3.11/site-packages/airflow/example_dags/example_latest_only.py
[2024-12-20T09:23:35.686+0000] {logging_mixin.py:188} INFO - [2024-12-20T09:23:35.686+0000] {dag.py:3036} INFO - Sync 1 DAGs
[2024-12-20T09:23:35.732+0000] {logging_mixin.py:188} INFO - [2024-12-20T09:23:35.732+0000] {dag.py:3823} INFO - Setting next_dagrun for latest_only to 2024-12-20 04:00:00+00:00, run_after=2024-12-20 08:00:00+00:00
[2024-12-20T09:23:35.778+0000] {processor.py:183} INFO - Processing /home/airflow/.local/lib/python3.11/site-packages/airflow/example_dags/example_latest_only.py took 0.162 seconds
[2024-12-20T09:24:06.188+0000] {processor.py:161} INFO - Started process (PID=4909) to work on /home/airflow/.local/lib/python3.11/site-packages/airflow/example_dags/example_latest_only.py
[2024-12-20T09:24:06.189+0000] {processor.py:830} INFO - Processing file /home/airflow/.local/lib/python3.11/site-packages/airflow/example_dags/example_latest_only.py for tasks to queue
[2024-12-20T09:24:06.191+0000] {logging_mixin.py:188} INFO - [2024-12-20T09:24:06.190+0000] {dagbag.py:538} INFO - Filling up the DagBag from /home/airflow/.local/lib/python3.11/site-packages/airflow/example_dags/example_latest_only.py
[2024-12-20T09:24:06.198+0000] {processor.py:840} INFO - DAG(s) 'latest_only' retrieved from /home/airflow/.local/lib/python3.11/site-packages/airflow/example_dags/example_latest_only.py
[2024-12-20T09:24:06.231+0000] {logging_mixin.py:188} INFO - [2024-12-20T09:24:06.231+0000] {dag.py:3036} INFO - Sync 1 DAGs
[2024-12-20T09:24:06.261+0000] {logging_mixin.py:188} INFO - [2024-12-20T09:24:06.261+0000] {dag.py:3823} INFO - Setting next_dagrun for latest_only to 2024-12-20 04:00:00+00:00, run_after=2024-12-20 08:00:00+00:00
[2024-12-20T09:24:06.295+0000] {processor.py:183} INFO - Processing /home/airflow/.local/lib/python3.11/site-packages/airflow/example_dags/example_latest_only.py took 0.111 seconds
[2024-12-20T09:24:36.892+0000] {processor.py:161} INFO - Started process (PID=4973) to work on /home/airflow/.local/lib/python3.11/site-packages/airflow/example_dags/example_latest_only.py
[2024-12-20T09:24:36.894+0000] {processor.py:830} INFO - Processing file /home/airflow/.local/lib/python3.11/site-packages/airflow/example_dags/example_latest_only.py for tasks to queue
[2024-12-20T09:24:36.895+0000] {logging_mixin.py:188} INFO - [2024-12-20T09:24:36.895+0000] {dagbag.py:538} INFO - Filling up the DagBag from /home/airflow/.local/lib/python3.11/site-packages/airflow/example_dags/example_latest_only.py
[2024-12-20T09:24:36.907+0000] {processor.py:840} INFO - DAG(s) 'latest_only' retrieved from /home/airflow/.local/lib/python3.11/site-packages/airflow/example_dags/example_latest_only.py
[2024-12-20T09:24:36.958+0000] {logging_mixin.py:188} INFO - [2024-12-20T09:24:36.957+0000] {dag.py:3036} INFO - Sync 1 DAGs
[2024-12-20T09:24:36.991+0000] {logging_mixin.py:188} INFO - [2024-12-20T09:24:36.991+0000] {dag.py:3823} INFO - Setting next_dagrun for latest_only to 2024-12-20 04:00:00+00:00, run_after=2024-12-20 08:00:00+00:00
[2024-12-20T09:24:37.029+0000] {processor.py:183} INFO - Processing /home/airflow/.local/lib/python3.11/site-packages/airflow/example_dags/example_latest_only.py took 0.143 seconds
[2024-12-20T09:25:07.261+0000] {processor.py:161} INFO - Started process (PID=5044) to work on /home/airflow/.local/lib/python3.11/site-packages/airflow/example_dags/example_latest_only.py
[2024-12-20T09:25:07.265+0000] {processor.py:830} INFO - Processing file /home/airflow/.local/lib/python3.11/site-packages/airflow/example_dags/example_latest_only.py for tasks to queue
[2024-12-20T09:25:07.269+0000] {logging_mixin.py:188} INFO - [2024-12-20T09:25:07.267+0000] {dagbag.py:538} INFO - Filling up the DagBag from /home/airflow/.local/lib/python3.11/site-packages/airflow/example_dags/example_latest_only.py
[2024-12-20T09:25:07.286+0000] {processor.py:840} INFO - DAG(s) 'latest_only' retrieved from /home/airflow/.local/lib/python3.11/site-packages/airflow/example_dags/example_latest_only.py
[2024-12-20T09:25:07.332+0000] {logging_mixin.py:188} INFO - [2024-12-20T09:25:07.331+0000] {dag.py:3036} INFO - Sync 1 DAGs
[2024-12-20T09:25:07.379+0000] {logging_mixin.py:188} INFO - [2024-12-20T09:25:07.378+0000] {dag.py:3823} INFO - Setting next_dagrun for latest_only to 2024-12-20 04:00:00+00:00, run_after=2024-12-20 08:00:00+00:00
[2024-12-20T09:25:07.421+0000] {processor.py:183} INFO - Processing /home/airflow/.local/lib/python3.11/site-packages/airflow/example_dags/example_latest_only.py took 0.177 seconds
[2024-12-20T09:25:37.885+0000] {processor.py:161} INFO - Started process (PID=5116) to work on /home/airflow/.local/lib/python3.11/site-packages/airflow/example_dags/example_latest_only.py
[2024-12-20T09:25:37.887+0000] {processor.py:830} INFO - Processing file /home/airflow/.local/lib/python3.11/site-packages/airflow/example_dags/example_latest_only.py for tasks to queue
[2024-12-20T09:25:37.893+0000] {logging_mixin.py:188} INFO - [2024-12-20T09:25:37.892+0000] {dagbag.py:538} INFO - Filling up the DagBag from /home/airflow/.local/lib/python3.11/site-packages/airflow/example_dags/example_latest_only.py
[2024-12-20T09:25:37.920+0000] {processor.py:840} INFO - DAG(s) 'latest_only' retrieved from /home/airflow/.local/lib/python3.11/site-packages/airflow/example_dags/example_latest_only.py
[2024-12-20T09:25:37.978+0000] {logging_mixin.py:188} INFO - [2024-12-20T09:25:37.978+0000] {dag.py:3036} INFO - Sync 1 DAGs
[2024-12-20T09:25:38.023+0000] {logging_mixin.py:188} INFO - [2024-12-20T09:25:38.023+0000] {dag.py:3823} INFO - Setting next_dagrun for latest_only to 2024-12-20 04:00:00+00:00, run_after=2024-12-20 08:00:00+00:00
[2024-12-20T09:25:38.063+0000] {processor.py:183} INFO - Processing /home/airflow/.local/lib/python3.11/site-packages/airflow/example_dags/example_latest_only.py took 0.192 seconds
