[2024-12-20T00:00:18.335+0000] {processor.py:161} INFO - Started process (PID=2174) to work on /home/airflow/.local/lib/python3.11/site-packages/airflow/example_dags/example_trigger_target_dag.py
[2024-12-20T00:00:18.337+0000] {processor.py:830} INFO - Processing file /home/airflow/.local/lib/python3.11/site-packages/airflow/example_dags/example_trigger_target_dag.py for tasks to queue
[2024-12-20T00:00:18.339+0000] {logging_mixin.py:188} INFO - [2024-12-20T00:00:18.339+0000] {dagbag.py:538} INFO - Filling up the DagBag from /home/airflow/.local/lib/python3.11/site-packages/airflow/example_dags/example_trigger_target_dag.py
[2024-12-20T00:00:18.347+0000] {processor.py:840} INFO - DAG(s) 'example_trigger_target_dag' retrieved from /home/airflow/.local/lib/python3.11/site-packages/airflow/example_dags/example_trigger_target_dag.py
[2024-12-20T00:00:18.371+0000] {logging_mixin.py:188} INFO - [2024-12-20T00:00:18.370+0000] {dag.py:3036} INFO - Sync 1 DAGs
[2024-12-20T00:00:18.384+0000] {logging_mixin.py:188} INFO - [2024-12-20T00:00:18.384+0000] {dag.py:3823} INFO - Setting next_dagrun for example_trigger_target_dag to None, run_after=None
[2024-12-20T00:00:18.410+0000] {processor.py:183} INFO - Processing /home/airflow/.local/lib/python3.11/site-packages/airflow/example_dags/example_trigger_target_dag.py took 0.079 seconds
[2024-12-20T00:00:49.401+0000] {processor.py:161} INFO - Started process (PID=2246) to work on /home/airflow/.local/lib/python3.11/site-packages/airflow/example_dags/example_trigger_target_dag.py
[2024-12-20T00:00:49.402+0000] {processor.py:830} INFO - Processing file /home/airflow/.local/lib/python3.11/site-packages/airflow/example_dags/example_trigger_target_dag.py for tasks to queue
[2024-12-20T00:00:49.405+0000] {logging_mixin.py:188} INFO - [2024-12-20T00:00:49.405+0000] {dagbag.py:538} INFO - Filling up the DagBag from /home/airflow/.local/lib/python3.11/site-packages/airflow/example_dags/example_trigger_target_dag.py
[2024-12-20T00:00:49.411+0000] {processor.py:840} INFO - DAG(s) 'example_trigger_target_dag' retrieved from /home/airflow/.local/lib/python3.11/site-packages/airflow/example_dags/example_trigger_target_dag.py
[2024-12-20T00:00:49.435+0000] {logging_mixin.py:188} INFO - [2024-12-20T00:00:49.435+0000] {dag.py:3036} INFO - Sync 1 DAGs
[2024-12-20T00:00:49.455+0000] {logging_mixin.py:188} INFO - [2024-12-20T00:00:49.454+0000] {dag.py:3823} INFO - Setting next_dagrun for example_trigger_target_dag to None, run_after=None
[2024-12-20T00:00:49.480+0000] {processor.py:183} INFO - Processing /home/airflow/.local/lib/python3.11/site-packages/airflow/example_dags/example_trigger_target_dag.py took 0.083 seconds
[2024-12-20T00:01:19.706+0000] {processor.py:161} INFO - Started process (PID=2316) to work on /home/airflow/.local/lib/python3.11/site-packages/airflow/example_dags/example_trigger_target_dag.py
[2024-12-20T00:01:19.707+0000] {processor.py:830} INFO - Processing file /home/airflow/.local/lib/python3.11/site-packages/airflow/example_dags/example_trigger_target_dag.py for tasks to queue
[2024-12-20T00:01:19.710+0000] {logging_mixin.py:188} INFO - [2024-12-20T00:01:19.709+0000] {dagbag.py:538} INFO - Filling up the DagBag from /home/airflow/.local/lib/python3.11/site-packages/airflow/example_dags/example_trigger_target_dag.py
[2024-12-20T00:01:19.717+0000] {processor.py:840} INFO - DAG(s) 'example_trigger_target_dag' retrieved from /home/airflow/.local/lib/python3.11/site-packages/airflow/example_dags/example_trigger_target_dag.py
[2024-12-20T00:01:19.753+0000] {logging_mixin.py:188} INFO - [2024-12-20T00:01:19.753+0000] {dag.py:3036} INFO - Sync 1 DAGs
[2024-12-20T00:01:19.772+0000] {logging_mixin.py:188} INFO - [2024-12-20T00:01:19.772+0000] {dag.py:3823} INFO - Setting next_dagrun for example_trigger_target_dag to None, run_after=None
[2024-12-20T00:01:19.804+0000] {processor.py:183} INFO - Processing /home/airflow/.local/lib/python3.11/site-packages/airflow/example_dags/example_trigger_target_dag.py took 0.104 seconds
[2024-12-20T00:01:50.437+0000] {processor.py:161} INFO - Started process (PID=2388) to work on /home/airflow/.local/lib/python3.11/site-packages/airflow/example_dags/example_trigger_target_dag.py
[2024-12-20T00:01:50.439+0000] {processor.py:830} INFO - Processing file /home/airflow/.local/lib/python3.11/site-packages/airflow/example_dags/example_trigger_target_dag.py for tasks to queue
[2024-12-20T00:01:50.441+0000] {logging_mixin.py:188} INFO - [2024-12-20T00:01:50.441+0000] {dagbag.py:538} INFO - Filling up the DagBag from /home/airflow/.local/lib/python3.11/site-packages/airflow/example_dags/example_trigger_target_dag.py
[2024-12-20T00:01:50.449+0000] {processor.py:840} INFO - DAG(s) 'example_trigger_target_dag' retrieved from /home/airflow/.local/lib/python3.11/site-packages/airflow/example_dags/example_trigger_target_dag.py
[2024-12-20T00:01:50.472+0000] {logging_mixin.py:188} INFO - [2024-12-20T00:01:50.472+0000] {dag.py:3036} INFO - Sync 1 DAGs
[2024-12-20T00:01:50.488+0000] {logging_mixin.py:188} INFO - [2024-12-20T00:01:50.487+0000] {dag.py:3823} INFO - Setting next_dagrun for example_trigger_target_dag to None, run_after=None
[2024-12-20T00:01:50.511+0000] {processor.py:183} INFO - Processing /home/airflow/.local/lib/python3.11/site-packages/airflow/example_dags/example_trigger_target_dag.py took 0.078 seconds
[2024-12-20T00:02:21.048+0000] {processor.py:161} INFO - Started process (PID=2460) to work on /home/airflow/.local/lib/python3.11/site-packages/airflow/example_dags/example_trigger_target_dag.py
[2024-12-20T00:02:21.049+0000] {processor.py:830} INFO - Processing file /home/airflow/.local/lib/python3.11/site-packages/airflow/example_dags/example_trigger_target_dag.py for tasks to queue
[2024-12-20T00:02:21.052+0000] {logging_mixin.py:188} INFO - [2024-12-20T00:02:21.051+0000] {dagbag.py:538} INFO - Filling up the DagBag from /home/airflow/.local/lib/python3.11/site-packages/airflow/example_dags/example_trigger_target_dag.py
[2024-12-20T00:02:21.058+0000] {processor.py:840} INFO - DAG(s) 'example_trigger_target_dag' retrieved from /home/airflow/.local/lib/python3.11/site-packages/airflow/example_dags/example_trigger_target_dag.py
[2024-12-20T00:02:21.082+0000] {logging_mixin.py:188} INFO - [2024-12-20T00:02:21.082+0000] {dag.py:3036} INFO - Sync 1 DAGs
[2024-12-20T00:02:21.095+0000] {logging_mixin.py:188} INFO - [2024-12-20T00:02:21.095+0000] {dag.py:3823} INFO - Setting next_dagrun for example_trigger_target_dag to None, run_after=None
[2024-12-20T00:02:21.119+0000] {processor.py:183} INFO - Processing /home/airflow/.local/lib/python3.11/site-packages/airflow/example_dags/example_trigger_target_dag.py took 0.076 seconds
[2024-12-20T00:02:51.153+0000] {processor.py:161} INFO - Started process (PID=2538) to work on /home/airflow/.local/lib/python3.11/site-packages/airflow/example_dags/example_trigger_target_dag.py
[2024-12-20T00:02:51.155+0000] {processor.py:830} INFO - Processing file /home/airflow/.local/lib/python3.11/site-packages/airflow/example_dags/example_trigger_target_dag.py for tasks to queue
[2024-12-20T00:02:51.157+0000] {logging_mixin.py:188} INFO - [2024-12-20T00:02:51.157+0000] {dagbag.py:538} INFO - Filling up the DagBag from /home/airflow/.local/lib/python3.11/site-packages/airflow/example_dags/example_trigger_target_dag.py
[2024-12-20T00:02:51.165+0000] {processor.py:840} INFO - DAG(s) 'example_trigger_target_dag' retrieved from /home/airflow/.local/lib/python3.11/site-packages/airflow/example_dags/example_trigger_target_dag.py
[2024-12-20T00:02:51.188+0000] {logging_mixin.py:188} INFO - [2024-12-20T00:02:51.188+0000] {dag.py:3036} INFO - Sync 1 DAGs
[2024-12-20T00:02:51.202+0000] {logging_mixin.py:188} INFO - [2024-12-20T00:02:51.202+0000] {dag.py:3823} INFO - Setting next_dagrun for example_trigger_target_dag to None, run_after=None
[2024-12-20T00:02:51.233+0000] {processor.py:183} INFO - Processing /home/airflow/.local/lib/python3.11/site-packages/airflow/example_dags/example_trigger_target_dag.py took 0.084 seconds
[2024-12-20T00:03:21.766+0000] {processor.py:161} INFO - Started process (PID=2610) to work on /home/airflow/.local/lib/python3.11/site-packages/airflow/example_dags/example_trigger_target_dag.py
[2024-12-20T00:03:21.767+0000] {processor.py:830} INFO - Processing file /home/airflow/.local/lib/python3.11/site-packages/airflow/example_dags/example_trigger_target_dag.py for tasks to queue
[2024-12-20T00:03:21.770+0000] {logging_mixin.py:188} INFO - [2024-12-20T00:03:21.770+0000] {dagbag.py:538} INFO - Filling up the DagBag from /home/airflow/.local/lib/python3.11/site-packages/airflow/example_dags/example_trigger_target_dag.py
[2024-12-20T00:03:21.776+0000] {processor.py:840} INFO - DAG(s) 'example_trigger_target_dag' retrieved from /home/airflow/.local/lib/python3.11/site-packages/airflow/example_dags/example_trigger_target_dag.py
[2024-12-20T00:03:21.799+0000] {logging_mixin.py:188} INFO - [2024-12-20T00:03:21.798+0000] {dag.py:3036} INFO - Sync 1 DAGs
[2024-12-20T00:03:21.812+0000] {logging_mixin.py:188} INFO - [2024-12-20T00:03:21.812+0000] {dag.py:3823} INFO - Setting next_dagrun for example_trigger_target_dag to None, run_after=None
[2024-12-20T00:03:21.834+0000] {processor.py:183} INFO - Processing /home/airflow/.local/lib/python3.11/site-packages/airflow/example_dags/example_trigger_target_dag.py took 0.072 seconds
[2024-12-20T00:03:52.524+0000] {processor.py:161} INFO - Started process (PID=2683) to work on /home/airflow/.local/lib/python3.11/site-packages/airflow/example_dags/example_trigger_target_dag.py
[2024-12-20T00:03:52.526+0000] {processor.py:830} INFO - Processing file /home/airflow/.local/lib/python3.11/site-packages/airflow/example_dags/example_trigger_target_dag.py for tasks to queue
[2024-12-20T00:03:52.530+0000] {logging_mixin.py:188} INFO - [2024-12-20T00:03:52.529+0000] {dagbag.py:538} INFO - Filling up the DagBag from /home/airflow/.local/lib/python3.11/site-packages/airflow/example_dags/example_trigger_target_dag.py
[2024-12-20T00:03:52.538+0000] {processor.py:840} INFO - DAG(s) 'example_trigger_target_dag' retrieved from /home/airflow/.local/lib/python3.11/site-packages/airflow/example_dags/example_trigger_target_dag.py
[2024-12-20T00:03:52.562+0000] {logging_mixin.py:188} INFO - [2024-12-20T00:03:52.562+0000] {dag.py:3036} INFO - Sync 1 DAGs
[2024-12-20T00:03:52.575+0000] {logging_mixin.py:188} INFO - [2024-12-20T00:03:52.575+0000] {dag.py:3823} INFO - Setting next_dagrun for example_trigger_target_dag to None, run_after=None
[2024-12-20T00:03:52.605+0000] {processor.py:183} INFO - Processing /home/airflow/.local/lib/python3.11/site-packages/airflow/example_dags/example_trigger_target_dag.py took 0.087 seconds
[2024-12-20T00:04:23.288+0000] {processor.py:161} INFO - Started process (PID=2762) to work on /home/airflow/.local/lib/python3.11/site-packages/airflow/example_dags/example_trigger_target_dag.py
[2024-12-20T00:04:23.289+0000] {processor.py:830} INFO - Processing file /home/airflow/.local/lib/python3.11/site-packages/airflow/example_dags/example_trigger_target_dag.py for tasks to queue
[2024-12-20T00:04:23.292+0000] {logging_mixin.py:188} INFO - [2024-12-20T00:04:23.291+0000] {dagbag.py:538} INFO - Filling up the DagBag from /home/airflow/.local/lib/python3.11/site-packages/airflow/example_dags/example_trigger_target_dag.py
[2024-12-20T00:04:23.299+0000] {processor.py:840} INFO - DAG(s) 'example_trigger_target_dag' retrieved from /home/airflow/.local/lib/python3.11/site-packages/airflow/example_dags/example_trigger_target_dag.py
[2024-12-20T00:04:23.321+0000] {logging_mixin.py:188} INFO - [2024-12-20T00:04:23.321+0000] {dag.py:3036} INFO - Sync 1 DAGs
[2024-12-20T00:04:23.335+0000] {logging_mixin.py:188} INFO - [2024-12-20T00:04:23.335+0000] {dag.py:3823} INFO - Setting next_dagrun for example_trigger_target_dag to None, run_after=None
[2024-12-20T00:04:23.358+0000] {processor.py:183} INFO - Processing /home/airflow/.local/lib/python3.11/site-packages/airflow/example_dags/example_trigger_target_dag.py took 0.074 seconds
[2024-12-20T00:04:53.956+0000] {processor.py:161} INFO - Started process (PID=2834) to work on /home/airflow/.local/lib/python3.11/site-packages/airflow/example_dags/example_trigger_target_dag.py
[2024-12-20T00:04:53.958+0000] {processor.py:830} INFO - Processing file /home/airflow/.local/lib/python3.11/site-packages/airflow/example_dags/example_trigger_target_dag.py for tasks to queue
[2024-12-20T00:04:53.960+0000] {logging_mixin.py:188} INFO - [2024-12-20T00:04:53.960+0000] {dagbag.py:538} INFO - Filling up the DagBag from /home/airflow/.local/lib/python3.11/site-packages/airflow/example_dags/example_trigger_target_dag.py
[2024-12-20T00:04:53.968+0000] {processor.py:840} INFO - DAG(s) 'example_trigger_target_dag' retrieved from /home/airflow/.local/lib/python3.11/site-packages/airflow/example_dags/example_trigger_target_dag.py
[2024-12-20T00:04:53.993+0000] {logging_mixin.py:188} INFO - [2024-12-20T00:04:53.992+0000] {dag.py:3036} INFO - Sync 1 DAGs
[2024-12-20T00:04:54.006+0000] {logging_mixin.py:188} INFO - [2024-12-20T00:04:54.006+0000] {dag.py:3823} INFO - Setting next_dagrun for example_trigger_target_dag to None, run_after=None
[2024-12-20T00:04:54.031+0000] {processor.py:183} INFO - Processing /home/airflow/.local/lib/python3.11/site-packages/airflow/example_dags/example_trigger_target_dag.py took 0.079 seconds
[2024-12-20T00:05:24.527+0000] {processor.py:161} INFO - Started process (PID=2906) to work on /home/airflow/.local/lib/python3.11/site-packages/airflow/example_dags/example_trigger_target_dag.py
[2024-12-20T00:05:24.529+0000] {processor.py:830} INFO - Processing file /home/airflow/.local/lib/python3.11/site-packages/airflow/example_dags/example_trigger_target_dag.py for tasks to queue
[2024-12-20T00:05:24.533+0000] {logging_mixin.py:188} INFO - [2024-12-20T00:05:24.533+0000] {dagbag.py:538} INFO - Filling up the DagBag from /home/airflow/.local/lib/python3.11/site-packages/airflow/example_dags/example_trigger_target_dag.py
[2024-12-20T00:05:24.543+0000] {processor.py:840} INFO - DAG(s) 'example_trigger_target_dag' retrieved from /home/airflow/.local/lib/python3.11/site-packages/airflow/example_dags/example_trigger_target_dag.py
[2024-12-20T00:05:24.566+0000] {logging_mixin.py:188} INFO - [2024-12-20T00:05:24.566+0000] {dag.py:3036} INFO - Sync 1 DAGs
[2024-12-20T00:05:24.579+0000] {logging_mixin.py:188} INFO - [2024-12-20T00:05:24.579+0000] {dag.py:3823} INFO - Setting next_dagrun for example_trigger_target_dag to None, run_after=None
[2024-12-20T00:05:24.609+0000] {processor.py:183} INFO - Processing /home/airflow/.local/lib/python3.11/site-packages/airflow/example_dags/example_trigger_target_dag.py took 0.091 seconds
[2024-12-20T00:05:55.576+0000] {processor.py:161} INFO - Started process (PID=2985) to work on /home/airflow/.local/lib/python3.11/site-packages/airflow/example_dags/example_trigger_target_dag.py
[2024-12-20T00:05:55.577+0000] {processor.py:830} INFO - Processing file /home/airflow/.local/lib/python3.11/site-packages/airflow/example_dags/example_trigger_target_dag.py for tasks to queue
[2024-12-20T00:05:55.580+0000] {logging_mixin.py:188} INFO - [2024-12-20T00:05:55.580+0000] {dagbag.py:538} INFO - Filling up the DagBag from /home/airflow/.local/lib/python3.11/site-packages/airflow/example_dags/example_trigger_target_dag.py
[2024-12-20T00:05:55.588+0000] {processor.py:840} INFO - DAG(s) 'example_trigger_target_dag' retrieved from /home/airflow/.local/lib/python3.11/site-packages/airflow/example_dags/example_trigger_target_dag.py
[2024-12-20T00:05:55.609+0000] {logging_mixin.py:188} INFO - [2024-12-20T00:05:55.609+0000] {dag.py:3036} INFO - Sync 1 DAGs
[2024-12-20T00:05:55.624+0000] {logging_mixin.py:188} INFO - [2024-12-20T00:05:55.624+0000] {dag.py:3823} INFO - Setting next_dagrun for example_trigger_target_dag to None, run_after=None
[2024-12-20T00:05:55.647+0000] {processor.py:183} INFO - Processing /home/airflow/.local/lib/python3.11/site-packages/airflow/example_dags/example_trigger_target_dag.py took 0.075 seconds
[2024-12-20T00:06:26.349+0000] {processor.py:161} INFO - Started process (PID=3048) to work on /home/airflow/.local/lib/python3.11/site-packages/airflow/example_dags/example_trigger_target_dag.py
[2024-12-20T00:06:26.350+0000] {processor.py:830} INFO - Processing file /home/airflow/.local/lib/python3.11/site-packages/airflow/example_dags/example_trigger_target_dag.py for tasks to queue
[2024-12-20T00:06:26.353+0000] {logging_mixin.py:188} INFO - [2024-12-20T00:06:26.352+0000] {dagbag.py:538} INFO - Filling up the DagBag from /home/airflow/.local/lib/python3.11/site-packages/airflow/example_dags/example_trigger_target_dag.py
[2024-12-20T00:06:26.360+0000] {processor.py:840} INFO - DAG(s) 'example_trigger_target_dag' retrieved from /home/airflow/.local/lib/python3.11/site-packages/airflow/example_dags/example_trigger_target_dag.py
[2024-12-20T00:06:26.383+0000] {logging_mixin.py:188} INFO - [2024-12-20T00:06:26.382+0000] {dag.py:3036} INFO - Sync 1 DAGs
[2024-12-20T00:06:26.397+0000] {logging_mixin.py:188} INFO - [2024-12-20T00:06:26.397+0000] {dag.py:3823} INFO - Setting next_dagrun for example_trigger_target_dag to None, run_after=None
[2024-12-20T00:06:26.417+0000] {processor.py:183} INFO - Processing /home/airflow/.local/lib/python3.11/site-packages/airflow/example_dags/example_trigger_target_dag.py took 0.072 seconds
[2024-12-20T00:06:56.755+0000] {processor.py:161} INFO - Started process (PID=3120) to work on /home/airflow/.local/lib/python3.11/site-packages/airflow/example_dags/example_trigger_target_dag.py
[2024-12-20T00:06:56.756+0000] {processor.py:830} INFO - Processing file /home/airflow/.local/lib/python3.11/site-packages/airflow/example_dags/example_trigger_target_dag.py for tasks to queue
[2024-12-20T00:06:56.758+0000] {logging_mixin.py:188} INFO - [2024-12-20T00:06:56.758+0000] {dagbag.py:538} INFO - Filling up the DagBag from /home/airflow/.local/lib/python3.11/site-packages/airflow/example_dags/example_trigger_target_dag.py
[2024-12-20T00:06:56.766+0000] {processor.py:840} INFO - DAG(s) 'example_trigger_target_dag' retrieved from /home/airflow/.local/lib/python3.11/site-packages/airflow/example_dags/example_trigger_target_dag.py
[2024-12-20T00:06:56.797+0000] {logging_mixin.py:188} INFO - [2024-12-20T00:06:56.796+0000] {dag.py:3036} INFO - Sync 1 DAGs
[2024-12-20T00:06:56.813+0000] {logging_mixin.py:188} INFO - [2024-12-20T00:06:56.813+0000] {dag.py:3823} INFO - Setting next_dagrun for example_trigger_target_dag to None, run_after=None
[2024-12-20T00:06:56.840+0000] {processor.py:183} INFO - Processing /home/airflow/.local/lib/python3.11/site-packages/airflow/example_dags/example_trigger_target_dag.py took 0.090 seconds
[2024-12-20T00:07:27.579+0000] {processor.py:161} INFO - Started process (PID=3199) to work on /home/airflow/.local/lib/python3.11/site-packages/airflow/example_dags/example_trigger_target_dag.py
[2024-12-20T00:07:27.581+0000] {processor.py:830} INFO - Processing file /home/airflow/.local/lib/python3.11/site-packages/airflow/example_dags/example_trigger_target_dag.py for tasks to queue
[2024-12-20T00:07:27.583+0000] {logging_mixin.py:188} INFO - [2024-12-20T00:07:27.582+0000] {dagbag.py:538} INFO - Filling up the DagBag from /home/airflow/.local/lib/python3.11/site-packages/airflow/example_dags/example_trigger_target_dag.py
[2024-12-20T00:07:27.589+0000] {processor.py:840} INFO - DAG(s) 'example_trigger_target_dag' retrieved from /home/airflow/.local/lib/python3.11/site-packages/airflow/example_dags/example_trigger_target_dag.py
[2024-12-20T00:07:27.615+0000] {logging_mixin.py:188} INFO - [2024-12-20T00:07:27.615+0000] {dag.py:3036} INFO - Sync 1 DAGs
[2024-12-20T00:07:27.629+0000] {logging_mixin.py:188} INFO - [2024-12-20T00:07:27.628+0000] {dag.py:3823} INFO - Setting next_dagrun for example_trigger_target_dag to None, run_after=None
[2024-12-20T00:07:27.649+0000] {processor.py:183} INFO - Processing /home/airflow/.local/lib/python3.11/site-packages/airflow/example_dags/example_trigger_target_dag.py took 0.074 seconds
[2024-12-20T00:07:58.263+0000] {processor.py:161} INFO - Started process (PID=3271) to work on /home/airflow/.local/lib/python3.11/site-packages/airflow/example_dags/example_trigger_target_dag.py
[2024-12-20T00:07:58.265+0000] {processor.py:830} INFO - Processing file /home/airflow/.local/lib/python3.11/site-packages/airflow/example_dags/example_trigger_target_dag.py for tasks to queue
[2024-12-20T00:07:58.267+0000] {logging_mixin.py:188} INFO - [2024-12-20T00:07:58.267+0000] {dagbag.py:538} INFO - Filling up the DagBag from /home/airflow/.local/lib/python3.11/site-packages/airflow/example_dags/example_trigger_target_dag.py
[2024-12-20T00:07:58.274+0000] {processor.py:840} INFO - DAG(s) 'example_trigger_target_dag' retrieved from /home/airflow/.local/lib/python3.11/site-packages/airflow/example_dags/example_trigger_target_dag.py
[2024-12-20T00:07:58.297+0000] {logging_mixin.py:188} INFO - [2024-12-20T00:07:58.297+0000] {dag.py:3036} INFO - Sync 1 DAGs
[2024-12-20T00:07:58.310+0000] {logging_mixin.py:188} INFO - [2024-12-20T00:07:58.310+0000] {dag.py:3823} INFO - Setting next_dagrun for example_trigger_target_dag to None, run_after=None
[2024-12-20T00:07:58.332+0000] {processor.py:183} INFO - Processing /home/airflow/.local/lib/python3.11/site-packages/airflow/example_dags/example_trigger_target_dag.py took 0.072 seconds
[2024-12-20T00:08:29.116+0000] {processor.py:161} INFO - Started process (PID=3343) to work on /home/airflow/.local/lib/python3.11/site-packages/airflow/example_dags/example_trigger_target_dag.py
[2024-12-20T00:08:29.118+0000] {processor.py:830} INFO - Processing file /home/airflow/.local/lib/python3.11/site-packages/airflow/example_dags/example_trigger_target_dag.py for tasks to queue
[2024-12-20T00:08:29.121+0000] {logging_mixin.py:188} INFO - [2024-12-20T00:08:29.120+0000] {dagbag.py:538} INFO - Filling up the DagBag from /home/airflow/.local/lib/python3.11/site-packages/airflow/example_dags/example_trigger_target_dag.py
[2024-12-20T00:08:29.128+0000] {processor.py:840} INFO - DAG(s) 'example_trigger_target_dag' retrieved from /home/airflow/.local/lib/python3.11/site-packages/airflow/example_dags/example_trigger_target_dag.py
[2024-12-20T00:08:29.162+0000] {logging_mixin.py:188} INFO - [2024-12-20T00:08:29.162+0000] {dag.py:3036} INFO - Sync 1 DAGs
[2024-12-20T00:08:29.182+0000] {logging_mixin.py:188} INFO - [2024-12-20T00:08:29.182+0000] {dag.py:3823} INFO - Setting next_dagrun for example_trigger_target_dag to None, run_after=None
[2024-12-20T00:08:29.220+0000] {processor.py:183} INFO - Processing /home/airflow/.local/lib/python3.11/site-packages/airflow/example_dags/example_trigger_target_dag.py took 0.110 seconds
[2024-12-20T00:08:59.614+0000] {processor.py:161} INFO - Started process (PID=3423) to work on /home/airflow/.local/lib/python3.11/site-packages/airflow/example_dags/example_trigger_target_dag.py
[2024-12-20T00:08:59.615+0000] {processor.py:830} INFO - Processing file /home/airflow/.local/lib/python3.11/site-packages/airflow/example_dags/example_trigger_target_dag.py for tasks to queue
[2024-12-20T00:08:59.617+0000] {logging_mixin.py:188} INFO - [2024-12-20T00:08:59.617+0000] {dagbag.py:538} INFO - Filling up the DagBag from /home/airflow/.local/lib/python3.11/site-packages/airflow/example_dags/example_trigger_target_dag.py
[2024-12-20T00:08:59.625+0000] {processor.py:840} INFO - DAG(s) 'example_trigger_target_dag' retrieved from /home/airflow/.local/lib/python3.11/site-packages/airflow/example_dags/example_trigger_target_dag.py
[2024-12-20T00:08:59.648+0000] {logging_mixin.py:188} INFO - [2024-12-20T00:08:59.648+0000] {dag.py:3036} INFO - Sync 1 DAGs
[2024-12-20T00:08:59.663+0000] {logging_mixin.py:188} INFO - [2024-12-20T00:08:59.662+0000] {dag.py:3823} INFO - Setting next_dagrun for example_trigger_target_dag to None, run_after=None
[2024-12-20T00:08:59.685+0000] {processor.py:183} INFO - Processing /home/airflow/.local/lib/python3.11/site-packages/airflow/example_dags/example_trigger_target_dag.py took 0.076 seconds
[2024-12-20T00:09:30.271+0000] {processor.py:161} INFO - Started process (PID=3495) to work on /home/airflow/.local/lib/python3.11/site-packages/airflow/example_dags/example_trigger_target_dag.py
[2024-12-20T00:09:30.272+0000] {processor.py:830} INFO - Processing file /home/airflow/.local/lib/python3.11/site-packages/airflow/example_dags/example_trigger_target_dag.py for tasks to queue
[2024-12-20T00:09:30.275+0000] {logging_mixin.py:188} INFO - [2024-12-20T00:09:30.274+0000] {dagbag.py:538} INFO - Filling up the DagBag from /home/airflow/.local/lib/python3.11/site-packages/airflow/example_dags/example_trigger_target_dag.py
[2024-12-20T00:09:30.281+0000] {processor.py:840} INFO - DAG(s) 'example_trigger_target_dag' retrieved from /home/airflow/.local/lib/python3.11/site-packages/airflow/example_dags/example_trigger_target_dag.py
[2024-12-20T00:09:30.302+0000] {logging_mixin.py:188} INFO - [2024-12-20T00:09:30.302+0000] {dag.py:3036} INFO - Sync 1 DAGs
[2024-12-20T00:09:30.316+0000] {logging_mixin.py:188} INFO - [2024-12-20T00:09:30.315+0000] {dag.py:3823} INFO - Setting next_dagrun for example_trigger_target_dag to None, run_after=None
[2024-12-20T00:09:30.336+0000] {processor.py:183} INFO - Processing /home/airflow/.local/lib/python3.11/site-packages/airflow/example_dags/example_trigger_target_dag.py took 0.068 seconds
[2024-12-20T00:10:00.985+0000] {processor.py:161} INFO - Started process (PID=3567) to work on /home/airflow/.local/lib/python3.11/site-packages/airflow/example_dags/example_trigger_target_dag.py
[2024-12-20T00:10:00.986+0000] {processor.py:830} INFO - Processing file /home/airflow/.local/lib/python3.11/site-packages/airflow/example_dags/example_trigger_target_dag.py for tasks to queue
[2024-12-20T00:10:00.989+0000] {logging_mixin.py:188} INFO - [2024-12-20T00:10:00.988+0000] {dagbag.py:538} INFO - Filling up the DagBag from /home/airflow/.local/lib/python3.11/site-packages/airflow/example_dags/example_trigger_target_dag.py
[2024-12-20T00:10:00.997+0000] {processor.py:840} INFO - DAG(s) 'example_trigger_target_dag' retrieved from /home/airflow/.local/lib/python3.11/site-packages/airflow/example_dags/example_trigger_target_dag.py
[2024-12-20T00:10:01.018+0000] {logging_mixin.py:188} INFO - [2024-12-20T00:10:01.018+0000] {dag.py:3036} INFO - Sync 1 DAGs
[2024-12-20T00:10:01.034+0000] {logging_mixin.py:188} INFO - [2024-12-20T00:10:01.034+0000] {dag.py:3823} INFO - Setting next_dagrun for example_trigger_target_dag to None, run_after=None
[2024-12-20T00:10:01.059+0000] {processor.py:183} INFO - Processing /home/airflow/.local/lib/python3.11/site-packages/airflow/example_dags/example_trigger_target_dag.py took 0.079 seconds
[2024-12-20T00:10:31.664+0000] {processor.py:161} INFO - Started process (PID=3646) to work on /home/airflow/.local/lib/python3.11/site-packages/airflow/example_dags/example_trigger_target_dag.py
[2024-12-20T00:10:31.665+0000] {processor.py:830} INFO - Processing file /home/airflow/.local/lib/python3.11/site-packages/airflow/example_dags/example_trigger_target_dag.py for tasks to queue
[2024-12-20T00:10:31.667+0000] {logging_mixin.py:188} INFO - [2024-12-20T00:10:31.667+0000] {dagbag.py:538} INFO - Filling up the DagBag from /home/airflow/.local/lib/python3.11/site-packages/airflow/example_dags/example_trigger_target_dag.py
[2024-12-20T00:10:31.674+0000] {processor.py:840} INFO - DAG(s) 'example_trigger_target_dag' retrieved from /home/airflow/.local/lib/python3.11/site-packages/airflow/example_dags/example_trigger_target_dag.py
[2024-12-20T00:10:31.698+0000] {logging_mixin.py:188} INFO - [2024-12-20T00:10:31.698+0000] {dag.py:3036} INFO - Sync 1 DAGs
[2024-12-20T00:10:31.716+0000] {logging_mixin.py:188} INFO - [2024-12-20T00:10:31.716+0000] {dag.py:3823} INFO - Setting next_dagrun for example_trigger_target_dag to None, run_after=None
[2024-12-20T00:10:31.739+0000] {processor.py:183} INFO - Processing /home/airflow/.local/lib/python3.11/site-packages/airflow/example_dags/example_trigger_target_dag.py took 0.079 seconds
[2024-12-20T00:11:02.690+0000] {processor.py:161} INFO - Started process (PID=3718) to work on /home/airflow/.local/lib/python3.11/site-packages/airflow/example_dags/example_trigger_target_dag.py
[2024-12-20T00:11:02.692+0000] {processor.py:830} INFO - Processing file /home/airflow/.local/lib/python3.11/site-packages/airflow/example_dags/example_trigger_target_dag.py for tasks to queue
[2024-12-20T00:11:02.694+0000] {logging_mixin.py:188} INFO - [2024-12-20T00:11:02.694+0000] {dagbag.py:538} INFO - Filling up the DagBag from /home/airflow/.local/lib/python3.11/site-packages/airflow/example_dags/example_trigger_target_dag.py
[2024-12-20T00:11:02.705+0000] {processor.py:840} INFO - DAG(s) 'example_trigger_target_dag' retrieved from /home/airflow/.local/lib/python3.11/site-packages/airflow/example_dags/example_trigger_target_dag.py
[2024-12-20T00:11:02.747+0000] {logging_mixin.py:188} INFO - [2024-12-20T00:11:02.746+0000] {dag.py:3036} INFO - Sync 1 DAGs
[2024-12-20T00:11:02.767+0000] {logging_mixin.py:188} INFO - [2024-12-20T00:11:02.767+0000] {dag.py:3823} INFO - Setting next_dagrun for example_trigger_target_dag to None, run_after=None
[2024-12-20T00:11:02.786+0000] {processor.py:183} INFO - Processing /home/airflow/.local/lib/python3.11/site-packages/airflow/example_dags/example_trigger_target_dag.py took 0.100 seconds
[2024-12-20T00:11:32.886+0000] {processor.py:161} INFO - Started process (PID=3781) to work on /home/airflow/.local/lib/python3.11/site-packages/airflow/example_dags/example_trigger_target_dag.py
[2024-12-20T00:11:32.890+0000] {processor.py:830} INFO - Processing file /home/airflow/.local/lib/python3.11/site-packages/airflow/example_dags/example_trigger_target_dag.py for tasks to queue
[2024-12-20T00:11:32.895+0000] {logging_mixin.py:188} INFO - [2024-12-20T00:11:32.895+0000] {dagbag.py:538} INFO - Filling up the DagBag from /home/airflow/.local/lib/python3.11/site-packages/airflow/example_dags/example_trigger_target_dag.py
[2024-12-20T00:11:32.909+0000] {processor.py:840} INFO - DAG(s) 'example_trigger_target_dag' retrieved from /home/airflow/.local/lib/python3.11/site-packages/airflow/example_dags/example_trigger_target_dag.py
[2024-12-20T00:11:32.941+0000] {logging_mixin.py:188} INFO - [2024-12-20T00:11:32.940+0000] {dag.py:3036} INFO - Sync 1 DAGs
[2024-12-20T00:11:32.959+0000] {logging_mixin.py:188} INFO - [2024-12-20T00:11:32.959+0000] {dag.py:3823} INFO - Setting next_dagrun for example_trigger_target_dag to None, run_after=None
[2024-12-20T00:11:32.999+0000] {processor.py:183} INFO - Processing /home/airflow/.local/lib/python3.11/site-packages/airflow/example_dags/example_trigger_target_dag.py took 0.130 seconds
[2024-12-20T00:12:03.290+0000] {processor.py:161} INFO - Started process (PID=3860) to work on /home/airflow/.local/lib/python3.11/site-packages/airflow/example_dags/example_trigger_target_dag.py
[2024-12-20T00:12:03.292+0000] {processor.py:830} INFO - Processing file /home/airflow/.local/lib/python3.11/site-packages/airflow/example_dags/example_trigger_target_dag.py for tasks to queue
[2024-12-20T00:12:03.294+0000] {logging_mixin.py:188} INFO - [2024-12-20T00:12:03.293+0000] {dagbag.py:538} INFO - Filling up the DagBag from /home/airflow/.local/lib/python3.11/site-packages/airflow/example_dags/example_trigger_target_dag.py
[2024-12-20T00:12:03.300+0000] {processor.py:840} INFO - DAG(s) 'example_trigger_target_dag' retrieved from /home/airflow/.local/lib/python3.11/site-packages/airflow/example_dags/example_trigger_target_dag.py
[2024-12-20T00:12:03.320+0000] {logging_mixin.py:188} INFO - [2024-12-20T00:12:03.320+0000] {dag.py:3036} INFO - Sync 1 DAGs
[2024-12-20T00:12:03.334+0000] {logging_mixin.py:188} INFO - [2024-12-20T00:12:03.333+0000] {dag.py:3823} INFO - Setting next_dagrun for example_trigger_target_dag to None, run_after=None
[2024-12-20T00:12:03.362+0000] {processor.py:183} INFO - Processing /home/airflow/.local/lib/python3.11/site-packages/airflow/example_dags/example_trigger_target_dag.py took 0.075 seconds
[2024-12-20T00:12:33.594+0000] {processor.py:161} INFO - Started process (PID=3932) to work on /home/airflow/.local/lib/python3.11/site-packages/airflow/example_dags/example_trigger_target_dag.py
[2024-12-20T00:12:33.596+0000] {processor.py:830} INFO - Processing file /home/airflow/.local/lib/python3.11/site-packages/airflow/example_dags/example_trigger_target_dag.py for tasks to queue
[2024-12-20T00:12:33.600+0000] {logging_mixin.py:188} INFO - [2024-12-20T00:12:33.600+0000] {dagbag.py:538} INFO - Filling up the DagBag from /home/airflow/.local/lib/python3.11/site-packages/airflow/example_dags/example_trigger_target_dag.py
[2024-12-20T00:12:33.613+0000] {processor.py:840} INFO - DAG(s) 'example_trigger_target_dag' retrieved from /home/airflow/.local/lib/python3.11/site-packages/airflow/example_dags/example_trigger_target_dag.py
[2024-12-20T00:12:33.662+0000] {logging_mixin.py:188} INFO - [2024-12-20T00:12:33.661+0000] {dag.py:3036} INFO - Sync 1 DAGs
[2024-12-20T00:12:33.686+0000] {logging_mixin.py:188} INFO - [2024-12-20T00:12:33.686+0000] {dag.py:3823} INFO - Setting next_dagrun for example_trigger_target_dag to None, run_after=None
[2024-12-20T00:12:33.723+0000] {processor.py:183} INFO - Processing /home/airflow/.local/lib/python3.11/site-packages/airflow/example_dags/example_trigger_target_dag.py took 0.136 seconds
[2024-12-20T09:17:29.135+0000] {processor.py:161} INFO - Started process (PID=4002) to work on /home/airflow/.local/lib/python3.11/site-packages/airflow/example_dags/example_trigger_target_dag.py
[2024-12-20T09:17:29.143+0000] {processor.py:830} INFO - Processing file /home/airflow/.local/lib/python3.11/site-packages/airflow/example_dags/example_trigger_target_dag.py for tasks to queue
[2024-12-20T09:17:29.150+0000] {logging_mixin.py:188} INFO - [2024-12-20T09:17:29.148+0000] {dagbag.py:538} INFO - Filling up the DagBag from /home/airflow/.local/lib/python3.11/site-packages/airflow/example_dags/example_trigger_target_dag.py
[2024-12-20T09:17:29.206+0000] {processor.py:840} INFO - DAG(s) 'example_trigger_target_dag' retrieved from /home/airflow/.local/lib/python3.11/site-packages/airflow/example_dags/example_trigger_target_dag.py
[2024-12-20T09:17:29.553+0000] {logging_mixin.py:188} INFO - [2024-12-20T09:17:29.552+0000] {dag.py:3036} INFO - Sync 1 DAGs
[2024-12-20T09:17:29.837+0000] {logging_mixin.py:188} INFO - [2024-12-20T09:17:29.837+0000] {dag.py:3823} INFO - Setting next_dagrun for example_trigger_target_dag to None, run_after=None
[2024-12-20T09:17:29.939+0000] {processor.py:183} INFO - Processing /home/airflow/.local/lib/python3.11/site-packages/airflow/example_dags/example_trigger_target_dag.py took 0.826 seconds
[2024-12-20T09:18:00.205+0000] {processor.py:161} INFO - Started process (PID=4074) to work on /home/airflow/.local/lib/python3.11/site-packages/airflow/example_dags/example_trigger_target_dag.py
[2024-12-20T09:18:00.206+0000] {processor.py:830} INFO - Processing file /home/airflow/.local/lib/python3.11/site-packages/airflow/example_dags/example_trigger_target_dag.py for tasks to queue
[2024-12-20T09:18:00.207+0000] {logging_mixin.py:188} INFO - [2024-12-20T09:18:00.207+0000] {dagbag.py:538} INFO - Filling up the DagBag from /home/airflow/.local/lib/python3.11/site-packages/airflow/example_dags/example_trigger_target_dag.py
[2024-12-20T09:18:00.214+0000] {processor.py:840} INFO - DAG(s) 'example_trigger_target_dag' retrieved from /home/airflow/.local/lib/python3.11/site-packages/airflow/example_dags/example_trigger_target_dag.py
[2024-12-20T09:18:00.241+0000] {logging_mixin.py:188} INFO - [2024-12-20T09:18:00.241+0000] {dag.py:3036} INFO - Sync 1 DAGs
[2024-12-20T09:18:00.258+0000] {logging_mixin.py:188} INFO - [2024-12-20T09:18:00.258+0000] {dag.py:3823} INFO - Setting next_dagrun for example_trigger_target_dag to None, run_after=None
[2024-12-20T09:18:00.289+0000] {processor.py:183} INFO - Processing /home/airflow/.local/lib/python3.11/site-packages/airflow/example_dags/example_trigger_target_dag.py took 0.087 seconds
[2024-12-20T09:18:30.493+0000] {processor.py:161} INFO - Started process (PID=4151) to work on /home/airflow/.local/lib/python3.11/site-packages/airflow/example_dags/example_trigger_target_dag.py
[2024-12-20T09:18:30.496+0000] {processor.py:830} INFO - Processing file /home/airflow/.local/lib/python3.11/site-packages/airflow/example_dags/example_trigger_target_dag.py for tasks to queue
[2024-12-20T09:18:30.498+0000] {logging_mixin.py:188} INFO - [2024-12-20T09:18:30.497+0000] {dagbag.py:538} INFO - Filling up the DagBag from /home/airflow/.local/lib/python3.11/site-packages/airflow/example_dags/example_trigger_target_dag.py
[2024-12-20T09:18:30.508+0000] {processor.py:840} INFO - DAG(s) 'example_trigger_target_dag' retrieved from /home/airflow/.local/lib/python3.11/site-packages/airflow/example_dags/example_trigger_target_dag.py
[2024-12-20T09:18:30.538+0000] {logging_mixin.py:188} INFO - [2024-12-20T09:18:30.537+0000] {dag.py:3036} INFO - Sync 1 DAGs
[2024-12-20T09:18:30.556+0000] {logging_mixin.py:188} INFO - [2024-12-20T09:18:30.556+0000] {dag.py:3823} INFO - Setting next_dagrun for example_trigger_target_dag to None, run_after=None
[2024-12-20T09:18:30.601+0000] {processor.py:183} INFO - Processing /home/airflow/.local/lib/python3.11/site-packages/airflow/example_dags/example_trigger_target_dag.py took 0.113 seconds
[2024-12-20T09:19:01.110+0000] {processor.py:161} INFO - Started process (PID=4223) to work on /home/airflow/.local/lib/python3.11/site-packages/airflow/example_dags/example_trigger_target_dag.py
[2024-12-20T09:19:01.112+0000] {processor.py:830} INFO - Processing file /home/airflow/.local/lib/python3.11/site-packages/airflow/example_dags/example_trigger_target_dag.py for tasks to queue
[2024-12-20T09:19:01.115+0000] {logging_mixin.py:188} INFO - [2024-12-20T09:19:01.114+0000] {dagbag.py:538} INFO - Filling up the DagBag from /home/airflow/.local/lib/python3.11/site-packages/airflow/example_dags/example_trigger_target_dag.py
[2024-12-20T09:19:01.133+0000] {processor.py:840} INFO - DAG(s) 'example_trigger_target_dag' retrieved from /home/airflow/.local/lib/python3.11/site-packages/airflow/example_dags/example_trigger_target_dag.py
[2024-12-20T09:19:01.177+0000] {logging_mixin.py:188} INFO - [2024-12-20T09:19:01.177+0000] {dag.py:3036} INFO - Sync 1 DAGs
[2024-12-20T09:19:01.203+0000] {logging_mixin.py:188} INFO - [2024-12-20T09:19:01.203+0000] {dag.py:3823} INFO - Setting next_dagrun for example_trigger_target_dag to None, run_after=None
[2024-12-20T09:19:01.243+0000] {processor.py:183} INFO - Processing /home/airflow/.local/lib/python3.11/site-packages/airflow/example_dags/example_trigger_target_dag.py took 0.140 seconds
[2024-12-20T09:19:33.850+0000] {processor.py:161} INFO - Started process (PID=4299) to work on /home/airflow/.local/lib/python3.11/site-packages/airflow/example_dags/example_trigger_target_dag.py
[2024-12-20T09:19:33.861+0000] {processor.py:830} INFO - Processing file /home/airflow/.local/lib/python3.11/site-packages/airflow/example_dags/example_trigger_target_dag.py for tasks to queue
[2024-12-20T09:19:33.872+0000] {logging_mixin.py:188} INFO - [2024-12-20T09:19:33.872+0000] {dagbag.py:538} INFO - Filling up the DagBag from /home/airflow/.local/lib/python3.11/site-packages/airflow/example_dags/example_trigger_target_dag.py
[2024-12-20T09:19:33.890+0000] {processor.py:840} INFO - DAG(s) 'example_trigger_target_dag' retrieved from /home/airflow/.local/lib/python3.11/site-packages/airflow/example_dags/example_trigger_target_dag.py
[2024-12-20T09:19:34.052+0000] {logging_mixin.py:188} INFO - [2024-12-20T09:19:34.052+0000] {dag.py:3036} INFO - Sync 1 DAGs
[2024-12-20T09:19:34.095+0000] {logging_mixin.py:188} INFO - [2024-12-20T09:19:34.094+0000] {dag.py:3823} INFO - Setting next_dagrun for example_trigger_target_dag to None, run_after=None
[2024-12-20T09:19:34.163+0000] {processor.py:183} INFO - Processing /home/airflow/.local/lib/python3.11/site-packages/airflow/example_dags/example_trigger_target_dag.py took 0.321 seconds
[2024-12-20T09:20:04.615+0000] {processor.py:161} INFO - Started process (PID=4364) to work on /home/airflow/.local/lib/python3.11/site-packages/airflow/example_dags/example_trigger_target_dag.py
[2024-12-20T09:20:04.617+0000] {processor.py:830} INFO - Processing file /home/airflow/.local/lib/python3.11/site-packages/airflow/example_dags/example_trigger_target_dag.py for tasks to queue
[2024-12-20T09:20:04.619+0000] {logging_mixin.py:188} INFO - [2024-12-20T09:20:04.619+0000] {dagbag.py:538} INFO - Filling up the DagBag from /home/airflow/.local/lib/python3.11/site-packages/airflow/example_dags/example_trigger_target_dag.py
[2024-12-20T09:20:04.634+0000] {processor.py:840} INFO - DAG(s) 'example_trigger_target_dag' retrieved from /home/airflow/.local/lib/python3.11/site-packages/airflow/example_dags/example_trigger_target_dag.py
[2024-12-20T09:20:04.672+0000] {logging_mixin.py:188} INFO - [2024-12-20T09:20:04.671+0000] {dag.py:3036} INFO - Sync 1 DAGs
[2024-12-20T09:20:04.702+0000] {logging_mixin.py:188} INFO - [2024-12-20T09:20:04.702+0000] {dag.py:3823} INFO - Setting next_dagrun for example_trigger_target_dag to None, run_after=None
[2024-12-20T09:20:04.779+0000] {processor.py:183} INFO - Processing /home/airflow/.local/lib/python3.11/site-packages/airflow/example_dags/example_trigger_target_dag.py took 0.173 seconds
[2024-12-20T09:20:36.329+0000] {processor.py:161} INFO - Started process (PID=4427) to work on /home/airflow/.local/lib/python3.11/site-packages/airflow/example_dags/example_trigger_target_dag.py
[2024-12-20T09:20:36.331+0000] {processor.py:830} INFO - Processing file /home/airflow/.local/lib/python3.11/site-packages/airflow/example_dags/example_trigger_target_dag.py for tasks to queue
[2024-12-20T09:20:36.339+0000] {logging_mixin.py:188} INFO - [2024-12-20T09:20:36.335+0000] {dagbag.py:538} INFO - Filling up the DagBag from /home/airflow/.local/lib/python3.11/site-packages/airflow/example_dags/example_trigger_target_dag.py
[2024-12-20T09:20:36.362+0000] {processor.py:840} INFO - DAG(s) 'example_trigger_target_dag' retrieved from /home/airflow/.local/lib/python3.11/site-packages/airflow/example_dags/example_trigger_target_dag.py
[2024-12-20T09:20:36.417+0000] {logging_mixin.py:188} INFO - [2024-12-20T09:20:36.417+0000] {dag.py:3036} INFO - Sync 1 DAGs
[2024-12-20T09:20:36.463+0000] {logging_mixin.py:188} INFO - [2024-12-20T09:20:36.463+0000] {dag.py:3823} INFO - Setting next_dagrun for example_trigger_target_dag to None, run_after=None
[2024-12-20T09:20:36.561+0000] {processor.py:183} INFO - Processing /home/airflow/.local/lib/python3.11/site-packages/airflow/example_dags/example_trigger_target_dag.py took 0.240 seconds
[2024-12-20T09:21:06.711+0000] {processor.py:161} INFO - Started process (PID=4497) to work on /home/airflow/.local/lib/python3.11/site-packages/airflow/example_dags/example_trigger_target_dag.py
[2024-12-20T09:21:06.712+0000] {processor.py:830} INFO - Processing file /home/airflow/.local/lib/python3.11/site-packages/airflow/example_dags/example_trigger_target_dag.py for tasks to queue
[2024-12-20T09:21:06.714+0000] {logging_mixin.py:188} INFO - [2024-12-20T09:21:06.713+0000] {dagbag.py:538} INFO - Filling up the DagBag from /home/airflow/.local/lib/python3.11/site-packages/airflow/example_dags/example_trigger_target_dag.py
[2024-12-20T09:21:06.723+0000] {processor.py:840} INFO - DAG(s) 'example_trigger_target_dag' retrieved from /home/airflow/.local/lib/python3.11/site-packages/airflow/example_dags/example_trigger_target_dag.py
[2024-12-20T09:21:06.754+0000] {logging_mixin.py:188} INFO - [2024-12-20T09:21:06.754+0000] {dag.py:3036} INFO - Sync 1 DAGs
[2024-12-20T09:21:06.779+0000] {logging_mixin.py:188} INFO - [2024-12-20T09:21:06.779+0000] {dag.py:3823} INFO - Setting next_dagrun for example_trigger_target_dag to None, run_after=None
[2024-12-20T09:21:06.811+0000] {processor.py:183} INFO - Processing /home/airflow/.local/lib/python3.11/site-packages/airflow/example_dags/example_trigger_target_dag.py took 0.104 seconds
[2024-12-20T09:21:38.033+0000] {processor.py:161} INFO - Started process (PID=4573) to work on /home/airflow/.local/lib/python3.11/site-packages/airflow/example_dags/example_trigger_target_dag.py
[2024-12-20T09:21:38.039+0000] {processor.py:830} INFO - Processing file /home/airflow/.local/lib/python3.11/site-packages/airflow/example_dags/example_trigger_target_dag.py for tasks to queue
[2024-12-20T09:21:38.044+0000] {logging_mixin.py:188} INFO - [2024-12-20T09:21:38.043+0000] {dagbag.py:538} INFO - Filling up the DagBag from /home/airflow/.local/lib/python3.11/site-packages/airflow/example_dags/example_trigger_target_dag.py
[2024-12-20T09:21:38.060+0000] {processor.py:840} INFO - DAG(s) 'example_trigger_target_dag' retrieved from /home/airflow/.local/lib/python3.11/site-packages/airflow/example_dags/example_trigger_target_dag.py
[2024-12-20T09:21:38.172+0000] {logging_mixin.py:188} INFO - [2024-12-20T09:21:38.172+0000] {dag.py:3036} INFO - Sync 1 DAGs
[2024-12-20T09:21:38.230+0000] {logging_mixin.py:188} INFO - [2024-12-20T09:21:38.224+0000] {dag.py:3823} INFO - Setting next_dagrun for example_trigger_target_dag to None, run_after=None
[2024-12-20T09:21:38.296+0000] {processor.py:183} INFO - Processing /home/airflow/.local/lib/python3.11/site-packages/airflow/example_dags/example_trigger_target_dag.py took 0.269 seconds
[2024-12-20T09:22:08.616+0000] {processor.py:161} INFO - Started process (PID=4637) to work on /home/airflow/.local/lib/python3.11/site-packages/airflow/example_dags/example_trigger_target_dag.py
[2024-12-20T09:22:08.618+0000] {processor.py:830} INFO - Processing file /home/airflow/.local/lib/python3.11/site-packages/airflow/example_dags/example_trigger_target_dag.py for tasks to queue
[2024-12-20T09:22:08.620+0000] {logging_mixin.py:188} INFO - [2024-12-20T09:22:08.620+0000] {dagbag.py:538} INFO - Filling up the DagBag from /home/airflow/.local/lib/python3.11/site-packages/airflow/example_dags/example_trigger_target_dag.py
[2024-12-20T09:22:08.641+0000] {processor.py:840} INFO - DAG(s) 'example_trigger_target_dag' retrieved from /home/airflow/.local/lib/python3.11/site-packages/airflow/example_dags/example_trigger_target_dag.py
[2024-12-20T09:22:08.701+0000] {logging_mixin.py:188} INFO - [2024-12-20T09:22:08.701+0000] {dag.py:3036} INFO - Sync 1 DAGs
[2024-12-20T09:22:08.724+0000] {logging_mixin.py:188} INFO - [2024-12-20T09:22:08.724+0000] {dag.py:3823} INFO - Setting next_dagrun for example_trigger_target_dag to None, run_after=None
[2024-12-20T09:22:08.773+0000] {processor.py:183} INFO - Processing /home/airflow/.local/lib/python3.11/site-packages/airflow/example_dags/example_trigger_target_dag.py took 0.170 seconds
[2024-12-20T09:22:39.475+0000] {processor.py:161} INFO - Started process (PID=4700) to work on /home/airflow/.local/lib/python3.11/site-packages/airflow/example_dags/example_trigger_target_dag.py
[2024-12-20T09:22:39.493+0000] {processor.py:830} INFO - Processing file /home/airflow/.local/lib/python3.11/site-packages/airflow/example_dags/example_trigger_target_dag.py for tasks to queue
[2024-12-20T09:22:39.512+0000] {logging_mixin.py:188} INFO - [2024-12-20T09:22:39.511+0000] {dagbag.py:538} INFO - Filling up the DagBag from /home/airflow/.local/lib/python3.11/site-packages/airflow/example_dags/example_trigger_target_dag.py
[2024-12-20T09:22:39.555+0000] {processor.py:840} INFO - DAG(s) 'example_trigger_target_dag' retrieved from /home/airflow/.local/lib/python3.11/site-packages/airflow/example_dags/example_trigger_target_dag.py
[2024-12-20T09:22:39.732+0000] {logging_mixin.py:188} INFO - [2024-12-20T09:22:39.731+0000] {dag.py:3036} INFO - Sync 1 DAGs
[2024-12-20T09:22:39.804+0000] {logging_mixin.py:188} INFO - [2024-12-20T09:22:39.803+0000] {dag.py:3823} INFO - Setting next_dagrun for example_trigger_target_dag to None, run_after=None
[2024-12-20T09:22:39.882+0000] {processor.py:183} INFO - Processing /home/airflow/.local/lib/python3.11/site-packages/airflow/example_dags/example_trigger_target_dag.py took 0.423 seconds
[2024-12-20T09:23:10.360+0000] {processor.py:161} INFO - Started process (PID=4771) to work on /home/airflow/.local/lib/python3.11/site-packages/airflow/example_dags/example_trigger_target_dag.py
[2024-12-20T09:23:10.362+0000] {processor.py:830} INFO - Processing file /home/airflow/.local/lib/python3.11/site-packages/airflow/example_dags/example_trigger_target_dag.py for tasks to queue
[2024-12-20T09:23:10.363+0000] {logging_mixin.py:188} INFO - [2024-12-20T09:23:10.363+0000] {dagbag.py:538} INFO - Filling up the DagBag from /home/airflow/.local/lib/python3.11/site-packages/airflow/example_dags/example_trigger_target_dag.py
[2024-12-20T09:23:10.372+0000] {processor.py:840} INFO - DAG(s) 'example_trigger_target_dag' retrieved from /home/airflow/.local/lib/python3.11/site-packages/airflow/example_dags/example_trigger_target_dag.py
[2024-12-20T09:23:10.400+0000] {logging_mixin.py:188} INFO - [2024-12-20T09:23:10.400+0000] {dag.py:3036} INFO - Sync 1 DAGs
[2024-12-20T09:23:10.418+0000] {logging_mixin.py:188} INFO - [2024-12-20T09:23:10.417+0000] {dag.py:3823} INFO - Setting next_dagrun for example_trigger_target_dag to None, run_after=None
[2024-12-20T09:23:10.463+0000] {processor.py:183} INFO - Processing /home/airflow/.local/lib/python3.11/site-packages/airflow/example_dags/example_trigger_target_dag.py took 0.108 seconds
[2024-12-20T09:23:41.095+0000] {processor.py:161} INFO - Started process (PID=4844) to work on /home/airflow/.local/lib/python3.11/site-packages/airflow/example_dags/example_trigger_target_dag.py
[2024-12-20T09:23:41.097+0000] {processor.py:830} INFO - Processing file /home/airflow/.local/lib/python3.11/site-packages/airflow/example_dags/example_trigger_target_dag.py for tasks to queue
[2024-12-20T09:23:41.099+0000] {logging_mixin.py:188} INFO - [2024-12-20T09:23:41.098+0000] {dagbag.py:538} INFO - Filling up the DagBag from /home/airflow/.local/lib/python3.11/site-packages/airflow/example_dags/example_trigger_target_dag.py
[2024-12-20T09:23:41.111+0000] {processor.py:840} INFO - DAG(s) 'example_trigger_target_dag' retrieved from /home/airflow/.local/lib/python3.11/site-packages/airflow/example_dags/example_trigger_target_dag.py
[2024-12-20T09:23:41.156+0000] {logging_mixin.py:188} INFO - [2024-12-20T09:23:41.156+0000] {dag.py:3036} INFO - Sync 1 DAGs
[2024-12-20T09:23:41.181+0000] {logging_mixin.py:188} INFO - [2024-12-20T09:23:41.180+0000] {dag.py:3823} INFO - Setting next_dagrun for example_trigger_target_dag to None, run_after=None
[2024-12-20T09:23:41.223+0000] {processor.py:183} INFO - Processing /home/airflow/.local/lib/python3.11/site-packages/airflow/example_dags/example_trigger_target_dag.py took 0.134 seconds
[2024-12-20T09:24:11.809+0000] {processor.py:161} INFO - Started process (PID=4916) to work on /home/airflow/.local/lib/python3.11/site-packages/airflow/example_dags/example_trigger_target_dag.py
[2024-12-20T09:24:11.812+0000] {processor.py:830} INFO - Processing file /home/airflow/.local/lib/python3.11/site-packages/airflow/example_dags/example_trigger_target_dag.py for tasks to queue
[2024-12-20T09:24:11.814+0000] {logging_mixin.py:188} INFO - [2024-12-20T09:24:11.814+0000] {dagbag.py:538} INFO - Filling up the DagBag from /home/airflow/.local/lib/python3.11/site-packages/airflow/example_dags/example_trigger_target_dag.py
[2024-12-20T09:24:11.828+0000] {processor.py:840} INFO - DAG(s) 'example_trigger_target_dag' retrieved from /home/airflow/.local/lib/python3.11/site-packages/airflow/example_dags/example_trigger_target_dag.py
[2024-12-20T09:24:11.868+0000] {logging_mixin.py:188} INFO - [2024-12-20T09:24:11.868+0000] {dag.py:3036} INFO - Sync 1 DAGs
[2024-12-20T09:24:11.893+0000] {logging_mixin.py:188} INFO - [2024-12-20T09:24:11.892+0000] {dag.py:3823} INFO - Setting next_dagrun for example_trigger_target_dag to None, run_after=None
[2024-12-20T09:24:11.941+0000] {processor.py:183} INFO - Processing /home/airflow/.local/lib/python3.11/site-packages/airflow/example_dags/example_trigger_target_dag.py took 0.139 seconds
[2024-12-20T09:24:42.320+0000] {processor.py:161} INFO - Started process (PID=4980) to work on /home/airflow/.local/lib/python3.11/site-packages/airflow/example_dags/example_trigger_target_dag.py
[2024-12-20T09:24:42.323+0000] {processor.py:830} INFO - Processing file /home/airflow/.local/lib/python3.11/site-packages/airflow/example_dags/example_trigger_target_dag.py for tasks to queue
[2024-12-20T09:24:42.325+0000] {logging_mixin.py:188} INFO - [2024-12-20T09:24:42.324+0000] {dagbag.py:538} INFO - Filling up the DagBag from /home/airflow/.local/lib/python3.11/site-packages/airflow/example_dags/example_trigger_target_dag.py
[2024-12-20T09:24:42.340+0000] {processor.py:840} INFO - DAG(s) 'example_trigger_target_dag' retrieved from /home/airflow/.local/lib/python3.11/site-packages/airflow/example_dags/example_trigger_target_dag.py
[2024-12-20T09:24:42.388+0000] {logging_mixin.py:188} INFO - [2024-12-20T09:24:42.388+0000] {dag.py:3036} INFO - Sync 1 DAGs
[2024-12-20T09:24:42.418+0000] {logging_mixin.py:188} INFO - [2024-12-20T09:24:42.418+0000] {dag.py:3823} INFO - Setting next_dagrun for example_trigger_target_dag to None, run_after=None
[2024-12-20T09:24:42.468+0000] {processor.py:183} INFO - Processing /home/airflow/.local/lib/python3.11/site-packages/airflow/example_dags/example_trigger_target_dag.py took 0.154 seconds
[2024-12-20T09:25:12.662+0000] {processor.py:161} INFO - Started process (PID=5051) to work on /home/airflow/.local/lib/python3.11/site-packages/airflow/example_dags/example_trigger_target_dag.py
[2024-12-20T09:25:12.664+0000] {processor.py:830} INFO - Processing file /home/airflow/.local/lib/python3.11/site-packages/airflow/example_dags/example_trigger_target_dag.py for tasks to queue
[2024-12-20T09:25:12.667+0000] {logging_mixin.py:188} INFO - [2024-12-20T09:25:12.666+0000] {dagbag.py:538} INFO - Filling up the DagBag from /home/airflow/.local/lib/python3.11/site-packages/airflow/example_dags/example_trigger_target_dag.py
[2024-12-20T09:25:12.679+0000] {processor.py:840} INFO - DAG(s) 'example_trigger_target_dag' retrieved from /home/airflow/.local/lib/python3.11/site-packages/airflow/example_dags/example_trigger_target_dag.py
[2024-12-20T09:25:12.720+0000] {logging_mixin.py:188} INFO - [2024-12-20T09:25:12.719+0000] {dag.py:3036} INFO - Sync 1 DAGs
[2024-12-20T09:25:12.746+0000] {logging_mixin.py:188} INFO - [2024-12-20T09:25:12.745+0000] {dag.py:3823} INFO - Setting next_dagrun for example_trigger_target_dag to None, run_after=None
[2024-12-20T09:25:12.783+0000] {processor.py:183} INFO - Processing /home/airflow/.local/lib/python3.11/site-packages/airflow/example_dags/example_trigger_target_dag.py took 0.127 seconds
[2024-12-20T09:25:42.864+0000] {processor.py:161} INFO - Started process (PID=5123) to work on /home/airflow/.local/lib/python3.11/site-packages/airflow/example_dags/example_trigger_target_dag.py
[2024-12-20T09:25:42.867+0000] {processor.py:830} INFO - Processing file /home/airflow/.local/lib/python3.11/site-packages/airflow/example_dags/example_trigger_target_dag.py for tasks to queue
[2024-12-20T09:25:42.869+0000] {logging_mixin.py:188} INFO - [2024-12-20T09:25:42.868+0000] {dagbag.py:538} INFO - Filling up the DagBag from /home/airflow/.local/lib/python3.11/site-packages/airflow/example_dags/example_trigger_target_dag.py
[2024-12-20T09:25:42.884+0000] {processor.py:840} INFO - DAG(s) 'example_trigger_target_dag' retrieved from /home/airflow/.local/lib/python3.11/site-packages/airflow/example_dags/example_trigger_target_dag.py
[2024-12-20T09:25:42.926+0000] {logging_mixin.py:188} INFO - [2024-12-20T09:25:42.926+0000] {dag.py:3036} INFO - Sync 1 DAGs
[2024-12-20T09:25:42.955+0000] {logging_mixin.py:188} INFO - [2024-12-20T09:25:42.955+0000] {dag.py:3823} INFO - Setting next_dagrun for example_trigger_target_dag to None, run_after=None
[2024-12-20T09:25:43.009+0000] {processor.py:183} INFO - Processing /home/airflow/.local/lib/python3.11/site-packages/airflow/example_dags/example_trigger_target_dag.py took 0.152 seconds
