[2024-12-20T00:00:18.220+0000] {processor.py:161} INFO - Started process (PID=2173) to work on /home/airflow/.local/lib/python3.11/site-packages/airflow/example_dags/tutorial_dag.py
[2024-12-20T00:00:18.222+0000] {processor.py:830} INFO - Processing file /home/airflow/.local/lib/python3.11/site-packages/airflow/example_dags/tutorial_dag.py for tasks to queue
[2024-12-20T00:00:18.225+0000] {logging_mixin.py:188} INFO - [2024-12-20T00:00:18.224+0000] {dagbag.py:538} INFO - Filling up the DagBag from /home/airflow/.local/lib/python3.11/site-packages/airflow/example_dags/tutorial_dag.py
[2024-12-20T00:00:18.231+0000] {processor.py:840} INFO - DAG(s) 'tutorial_dag' retrieved from /home/airflow/.local/lib/python3.11/site-packages/airflow/example_dags/tutorial_dag.py
[2024-12-20T00:00:18.257+0000] {logging_mixin.py:188} INFO - [2024-12-20T00:00:18.257+0000] {dag.py:3036} INFO - Sync 1 DAGs
[2024-12-20T00:00:18.272+0000] {logging_mixin.py:188} INFO - [2024-12-20T00:00:18.271+0000] {dag.py:3823} INFO - Setting next_dagrun for tutorial_dag to None, run_after=None
[2024-12-20T00:00:18.295+0000] {processor.py:183} INFO - Processing /home/airflow/.local/lib/python3.11/site-packages/airflow/example_dags/tutorial_dag.py took 0.079 seconds
[2024-12-20T00:00:49.300+0000] {processor.py:161} INFO - Started process (PID=2245) to work on /home/airflow/.local/lib/python3.11/site-packages/airflow/example_dags/tutorial_dag.py
[2024-12-20T00:00:49.301+0000] {processor.py:830} INFO - Processing file /home/airflow/.local/lib/python3.11/site-packages/airflow/example_dags/tutorial_dag.py for tasks to queue
[2024-12-20T00:00:49.304+0000] {logging_mixin.py:188} INFO - [2024-12-20T00:00:49.303+0000] {dagbag.py:538} INFO - Filling up the DagBag from /home/airflow/.local/lib/python3.11/site-packages/airflow/example_dags/tutorial_dag.py
[2024-12-20T00:00:49.309+0000] {processor.py:840} INFO - DAG(s) 'tutorial_dag' retrieved from /home/airflow/.local/lib/python3.11/site-packages/airflow/example_dags/tutorial_dag.py
[2024-12-20T00:00:49.331+0000] {logging_mixin.py:188} INFO - [2024-12-20T00:00:49.331+0000] {dag.py:3036} INFO - Sync 1 DAGs
[2024-12-20T00:00:49.345+0000] {logging_mixin.py:188} INFO - [2024-12-20T00:00:49.345+0000] {dag.py:3823} INFO - Setting next_dagrun for tutorial_dag to None, run_after=None
[2024-12-20T00:00:49.368+0000] {processor.py:183} INFO - Processing /home/airflow/.local/lib/python3.11/site-packages/airflow/example_dags/tutorial_dag.py took 0.071 seconds
[2024-12-20T00:01:19.706+0000] {processor.py:161} INFO - Started process (PID=2315) to work on /home/airflow/.local/lib/python3.11/site-packages/airflow/example_dags/tutorial_dag.py
[2024-12-20T00:01:19.707+0000] {processor.py:830} INFO - Processing file /home/airflow/.local/lib/python3.11/site-packages/airflow/example_dags/tutorial_dag.py for tasks to queue
[2024-12-20T00:01:19.710+0000] {logging_mixin.py:188} INFO - [2024-12-20T00:01:19.709+0000] {dagbag.py:538} INFO - Filling up the DagBag from /home/airflow/.local/lib/python3.11/site-packages/airflow/example_dags/tutorial_dag.py
[2024-12-20T00:01:19.716+0000] {processor.py:840} INFO - DAG(s) 'tutorial_dag' retrieved from /home/airflow/.local/lib/python3.11/site-packages/airflow/example_dags/tutorial_dag.py
[2024-12-20T00:01:19.756+0000] {logging_mixin.py:188} INFO - [2024-12-20T00:01:19.755+0000] {dag.py:3036} INFO - Sync 1 DAGs
[2024-12-20T00:01:19.773+0000] {logging_mixin.py:188} INFO - [2024-12-20T00:01:19.772+0000] {dag.py:3823} INFO - Setting next_dagrun for tutorial_dag to None, run_after=None
[2024-12-20T00:01:19.808+0000] {processor.py:183} INFO - Processing /home/airflow/.local/lib/python3.11/site-packages/airflow/example_dags/tutorial_dag.py took 0.107 seconds
[2024-12-20T00:01:50.406+0000] {processor.py:161} INFO - Started process (PID=2387) to work on /home/airflow/.local/lib/python3.11/site-packages/airflow/example_dags/tutorial_dag.py
[2024-12-20T00:01:50.407+0000] {processor.py:830} INFO - Processing file /home/airflow/.local/lib/python3.11/site-packages/airflow/example_dags/tutorial_dag.py for tasks to queue
[2024-12-20T00:01:50.410+0000] {logging_mixin.py:188} INFO - [2024-12-20T00:01:50.409+0000] {dagbag.py:538} INFO - Filling up the DagBag from /home/airflow/.local/lib/python3.11/site-packages/airflow/example_dags/tutorial_dag.py
[2024-12-20T00:01:50.417+0000] {processor.py:840} INFO - DAG(s) 'tutorial_dag' retrieved from /home/airflow/.local/lib/python3.11/site-packages/airflow/example_dags/tutorial_dag.py
[2024-12-20T00:01:50.441+0000] {logging_mixin.py:188} INFO - [2024-12-20T00:01:50.441+0000] {dag.py:3036} INFO - Sync 1 DAGs
[2024-12-20T00:01:50.455+0000] {logging_mixin.py:188} INFO - [2024-12-20T00:01:50.455+0000] {dag.py:3823} INFO - Setting next_dagrun for tutorial_dag to None, run_after=None
[2024-12-20T00:01:50.479+0000] {processor.py:183} INFO - Processing /home/airflow/.local/lib/python3.11/site-packages/airflow/example_dags/tutorial_dag.py took 0.077 seconds
[2024-12-20T00:02:21.048+0000] {processor.py:161} INFO - Started process (PID=2459) to work on /home/airflow/.local/lib/python3.11/site-packages/airflow/example_dags/tutorial_dag.py
[2024-12-20T00:02:21.049+0000] {processor.py:830} INFO - Processing file /home/airflow/.local/lib/python3.11/site-packages/airflow/example_dags/tutorial_dag.py for tasks to queue
[2024-12-20T00:02:21.052+0000] {logging_mixin.py:188} INFO - [2024-12-20T00:02:21.051+0000] {dagbag.py:538} INFO - Filling up the DagBag from /home/airflow/.local/lib/python3.11/site-packages/airflow/example_dags/tutorial_dag.py
[2024-12-20T00:02:21.057+0000] {processor.py:840} INFO - DAG(s) 'tutorial_dag' retrieved from /home/airflow/.local/lib/python3.11/site-packages/airflow/example_dags/tutorial_dag.py
[2024-12-20T00:02:21.084+0000] {logging_mixin.py:188} INFO - [2024-12-20T00:02:21.083+0000] {dag.py:3036} INFO - Sync 1 DAGs
[2024-12-20T00:02:21.097+0000] {logging_mixin.py:188} INFO - [2024-12-20T00:02:21.097+0000] {dag.py:3823} INFO - Setting next_dagrun for tutorial_dag to None, run_after=None
[2024-12-20T00:02:21.120+0000] {processor.py:183} INFO - Processing /home/airflow/.local/lib/python3.11/site-packages/airflow/example_dags/tutorial_dag.py took 0.078 seconds
[2024-12-20T00:02:51.275+0000] {processor.py:161} INFO - Started process (PID=2539) to work on /home/airflow/.local/lib/python3.11/site-packages/airflow/example_dags/tutorial_dag.py
[2024-12-20T00:02:51.276+0000] {processor.py:830} INFO - Processing file /home/airflow/.local/lib/python3.11/site-packages/airflow/example_dags/tutorial_dag.py for tasks to queue
[2024-12-20T00:02:51.279+0000] {logging_mixin.py:188} INFO - [2024-12-20T00:02:51.278+0000] {dagbag.py:538} INFO - Filling up the DagBag from /home/airflow/.local/lib/python3.11/site-packages/airflow/example_dags/tutorial_dag.py
[2024-12-20T00:02:51.285+0000] {processor.py:840} INFO - DAG(s) 'tutorial_dag' retrieved from /home/airflow/.local/lib/python3.11/site-packages/airflow/example_dags/tutorial_dag.py
[2024-12-20T00:02:51.307+0000] {logging_mixin.py:188} INFO - [2024-12-20T00:02:51.307+0000] {dag.py:3036} INFO - Sync 1 DAGs
[2024-12-20T00:02:51.320+0000] {logging_mixin.py:188} INFO - [2024-12-20T00:02:51.320+0000] {dag.py:3823} INFO - Setting next_dagrun for tutorial_dag to None, run_after=None
[2024-12-20T00:02:51.358+0000] {processor.py:183} INFO - Processing /home/airflow/.local/lib/python3.11/site-packages/airflow/example_dags/tutorial_dag.py took 0.087 seconds
[2024-12-20T00:03:21.897+0000] {processor.py:161} INFO - Started process (PID=2611) to work on /home/airflow/.local/lib/python3.11/site-packages/airflow/example_dags/tutorial_dag.py
[2024-12-20T00:03:21.898+0000] {processor.py:830} INFO - Processing file /home/airflow/.local/lib/python3.11/site-packages/airflow/example_dags/tutorial_dag.py for tasks to queue
[2024-12-20T00:03:21.901+0000] {logging_mixin.py:188} INFO - [2024-12-20T00:03:21.901+0000] {dagbag.py:538} INFO - Filling up the DagBag from /home/airflow/.local/lib/python3.11/site-packages/airflow/example_dags/tutorial_dag.py
[2024-12-20T00:03:21.908+0000] {processor.py:840} INFO - DAG(s) 'tutorial_dag' retrieved from /home/airflow/.local/lib/python3.11/site-packages/airflow/example_dags/tutorial_dag.py
[2024-12-20T00:03:21.931+0000] {logging_mixin.py:188} INFO - [2024-12-20T00:03:21.931+0000] {dag.py:3036} INFO - Sync 1 DAGs
[2024-12-20T00:03:21.945+0000] {logging_mixin.py:188} INFO - [2024-12-20T00:03:21.944+0000] {dag.py:3823} INFO - Setting next_dagrun for tutorial_dag to None, run_after=None
[2024-12-20T00:03:21.973+0000] {processor.py:183} INFO - Processing /home/airflow/.local/lib/python3.11/site-packages/airflow/example_dags/tutorial_dag.py took 0.082 seconds
[2024-12-20T00:03:52.333+0000] {processor.py:161} INFO - Started process (PID=2682) to work on /home/airflow/.local/lib/python3.11/site-packages/airflow/example_dags/tutorial_dag.py
[2024-12-20T00:03:52.335+0000] {processor.py:830} INFO - Processing file /home/airflow/.local/lib/python3.11/site-packages/airflow/example_dags/tutorial_dag.py for tasks to queue
[2024-12-20T00:03:52.339+0000] {logging_mixin.py:188} INFO - [2024-12-20T00:03:52.339+0000] {dagbag.py:538} INFO - Filling up the DagBag from /home/airflow/.local/lib/python3.11/site-packages/airflow/example_dags/tutorial_dag.py
[2024-12-20T00:03:52.350+0000] {processor.py:840} INFO - DAG(s) 'tutorial_dag' retrieved from /home/airflow/.local/lib/python3.11/site-packages/airflow/example_dags/tutorial_dag.py
[2024-12-20T00:03:52.390+0000] {logging_mixin.py:188} INFO - [2024-12-20T00:03:52.390+0000] {dag.py:3036} INFO - Sync 1 DAGs
[2024-12-20T00:03:52.414+0000] {logging_mixin.py:188} INFO - [2024-12-20T00:03:52.414+0000] {dag.py:3823} INFO - Setting next_dagrun for tutorial_dag to None, run_after=None
[2024-12-20T00:03:52.458+0000] {processor.py:183} INFO - Processing /home/airflow/.local/lib/python3.11/site-packages/airflow/example_dags/tutorial_dag.py took 0.131 seconds
[2024-12-20T00:04:23.190+0000] {processor.py:161} INFO - Started process (PID=2761) to work on /home/airflow/.local/lib/python3.11/site-packages/airflow/example_dags/tutorial_dag.py
[2024-12-20T00:04:23.191+0000] {processor.py:830} INFO - Processing file /home/airflow/.local/lib/python3.11/site-packages/airflow/example_dags/tutorial_dag.py for tasks to queue
[2024-12-20T00:04:23.193+0000] {logging_mixin.py:188} INFO - [2024-12-20T00:04:23.193+0000] {dagbag.py:538} INFO - Filling up the DagBag from /home/airflow/.local/lib/python3.11/site-packages/airflow/example_dags/tutorial_dag.py
[2024-12-20T00:04:23.199+0000] {processor.py:840} INFO - DAG(s) 'tutorial_dag' retrieved from /home/airflow/.local/lib/python3.11/site-packages/airflow/example_dags/tutorial_dag.py
[2024-12-20T00:04:23.222+0000] {logging_mixin.py:188} INFO - [2024-12-20T00:04:23.222+0000] {dag.py:3036} INFO - Sync 1 DAGs
[2024-12-20T00:04:23.236+0000] {logging_mixin.py:188} INFO - [2024-12-20T00:04:23.236+0000] {dag.py:3823} INFO - Setting next_dagrun for tutorial_dag to None, run_after=None
[2024-12-20T00:04:23.258+0000] {processor.py:183} INFO - Processing /home/airflow/.local/lib/python3.11/site-packages/airflow/example_dags/tutorial_dag.py took 0.072 seconds
[2024-12-20T00:04:53.892+0000] {processor.py:161} INFO - Started process (PID=2833) to work on /home/airflow/.local/lib/python3.11/site-packages/airflow/example_dags/tutorial_dag.py
[2024-12-20T00:04:53.893+0000] {processor.py:830} INFO - Processing file /home/airflow/.local/lib/python3.11/site-packages/airflow/example_dags/tutorial_dag.py for tasks to queue
[2024-12-20T00:04:53.895+0000] {logging_mixin.py:188} INFO - [2024-12-20T00:04:53.895+0000] {dagbag.py:538} INFO - Filling up the DagBag from /home/airflow/.local/lib/python3.11/site-packages/airflow/example_dags/tutorial_dag.py
[2024-12-20T00:04:53.902+0000] {processor.py:840} INFO - DAG(s) 'tutorial_dag' retrieved from /home/airflow/.local/lib/python3.11/site-packages/airflow/example_dags/tutorial_dag.py
[2024-12-20T00:04:53.923+0000] {logging_mixin.py:188} INFO - [2024-12-20T00:04:53.923+0000] {dag.py:3036} INFO - Sync 1 DAGs
[2024-12-20T00:04:53.938+0000] {logging_mixin.py:188} INFO - [2024-12-20T00:04:53.937+0000] {dag.py:3823} INFO - Setting next_dagrun for tutorial_dag to None, run_after=None
[2024-12-20T00:04:53.962+0000] {processor.py:183} INFO - Processing /home/airflow/.local/lib/python3.11/site-packages/airflow/example_dags/tutorial_dag.py took 0.074 seconds
[2024-12-20T00:05:24.525+0000] {processor.py:161} INFO - Started process (PID=2905) to work on /home/airflow/.local/lib/python3.11/site-packages/airflow/example_dags/tutorial_dag.py
[2024-12-20T00:05:24.527+0000] {processor.py:830} INFO - Processing file /home/airflow/.local/lib/python3.11/site-packages/airflow/example_dags/tutorial_dag.py for tasks to queue
[2024-12-20T00:05:24.531+0000] {logging_mixin.py:188} INFO - [2024-12-20T00:05:24.530+0000] {dagbag.py:538} INFO - Filling up the DagBag from /home/airflow/.local/lib/python3.11/site-packages/airflow/example_dags/tutorial_dag.py
[2024-12-20T00:05:24.539+0000] {processor.py:840} INFO - DAG(s) 'tutorial_dag' retrieved from /home/airflow/.local/lib/python3.11/site-packages/airflow/example_dags/tutorial_dag.py
[2024-12-20T00:05:24.564+0000] {logging_mixin.py:188} INFO - [2024-12-20T00:05:24.564+0000] {dag.py:3036} INFO - Sync 1 DAGs
[2024-12-20T00:05:24.578+0000] {logging_mixin.py:188} INFO - [2024-12-20T00:05:24.577+0000] {dag.py:3823} INFO - Setting next_dagrun for tutorial_dag to None, run_after=None
[2024-12-20T00:05:24.608+0000] {processor.py:183} INFO - Processing /home/airflow/.local/lib/python3.11/site-packages/airflow/example_dags/tutorial_dag.py took 0.089 seconds
[2024-12-20T00:05:55.468+0000] {processor.py:161} INFO - Started process (PID=2984) to work on /home/airflow/.local/lib/python3.11/site-packages/airflow/example_dags/tutorial_dag.py
[2024-12-20T00:05:55.470+0000] {processor.py:830} INFO - Processing file /home/airflow/.local/lib/python3.11/site-packages/airflow/example_dags/tutorial_dag.py for tasks to queue
[2024-12-20T00:05:55.472+0000] {logging_mixin.py:188} INFO - [2024-12-20T00:05:55.472+0000] {dagbag.py:538} INFO - Filling up the DagBag from /home/airflow/.local/lib/python3.11/site-packages/airflow/example_dags/tutorial_dag.py
[2024-12-20T00:05:55.478+0000] {processor.py:840} INFO - DAG(s) 'tutorial_dag' retrieved from /home/airflow/.local/lib/python3.11/site-packages/airflow/example_dags/tutorial_dag.py
[2024-12-20T00:05:55.501+0000] {logging_mixin.py:188} INFO - [2024-12-20T00:05:55.501+0000] {dag.py:3036} INFO - Sync 1 DAGs
[2024-12-20T00:05:55.514+0000] {logging_mixin.py:188} INFO - [2024-12-20T00:05:55.514+0000] {dag.py:3823} INFO - Setting next_dagrun for tutorial_dag to None, run_after=None
[2024-12-20T00:05:55.539+0000] {processor.py:183} INFO - Processing /home/airflow/.local/lib/python3.11/site-packages/airflow/example_dags/tutorial_dag.py took 0.075 seconds
[2024-12-20T00:06:26.249+0000] {processor.py:161} INFO - Started process (PID=3047) to work on /home/airflow/.local/lib/python3.11/site-packages/airflow/example_dags/tutorial_dag.py
[2024-12-20T00:06:26.250+0000] {processor.py:830} INFO - Processing file /home/airflow/.local/lib/python3.11/site-packages/airflow/example_dags/tutorial_dag.py for tasks to queue
[2024-12-20T00:06:26.253+0000] {logging_mixin.py:188} INFO - [2024-12-20T00:06:26.253+0000] {dagbag.py:538} INFO - Filling up the DagBag from /home/airflow/.local/lib/python3.11/site-packages/airflow/example_dags/tutorial_dag.py
[2024-12-20T00:06:26.260+0000] {processor.py:840} INFO - DAG(s) 'tutorial_dag' retrieved from /home/airflow/.local/lib/python3.11/site-packages/airflow/example_dags/tutorial_dag.py
[2024-12-20T00:06:26.282+0000] {logging_mixin.py:188} INFO - [2024-12-20T00:06:26.281+0000] {dag.py:3036} INFO - Sync 1 DAGs
[2024-12-20T00:06:26.295+0000] {logging_mixin.py:188} INFO - [2024-12-20T00:06:26.295+0000] {dag.py:3823} INFO - Setting next_dagrun for tutorial_dag to None, run_after=None
[2024-12-20T00:06:26.316+0000] {processor.py:183} INFO - Processing /home/airflow/.local/lib/python3.11/site-packages/airflow/example_dags/tutorial_dag.py took 0.072 seconds
[2024-12-20T00:06:56.669+0000] {processor.py:161} INFO - Started process (PID=3119) to work on /home/airflow/.local/lib/python3.11/site-packages/airflow/example_dags/tutorial_dag.py
[2024-12-20T00:06:56.670+0000] {processor.py:830} INFO - Processing file /home/airflow/.local/lib/python3.11/site-packages/airflow/example_dags/tutorial_dag.py for tasks to queue
[2024-12-20T00:06:56.673+0000] {logging_mixin.py:188} INFO - [2024-12-20T00:06:56.673+0000] {dagbag.py:538} INFO - Filling up the DagBag from /home/airflow/.local/lib/python3.11/site-packages/airflow/example_dags/tutorial_dag.py
[2024-12-20T00:06:56.684+0000] {processor.py:840} INFO - DAG(s) 'tutorial_dag' retrieved from /home/airflow/.local/lib/python3.11/site-packages/airflow/example_dags/tutorial_dag.py
[2024-12-20T00:06:56.721+0000] {logging_mixin.py:188} INFO - [2024-12-20T00:06:56.721+0000] {dag.py:3036} INFO - Sync 1 DAGs
[2024-12-20T00:06:56.736+0000] {logging_mixin.py:188} INFO - [2024-12-20T00:06:56.736+0000] {dag.py:3823} INFO - Setting next_dagrun for tutorial_dag to None, run_after=None
[2024-12-20T00:06:56.761+0000] {processor.py:183} INFO - Processing /home/airflow/.local/lib/python3.11/site-packages/airflow/example_dags/tutorial_dag.py took 0.097 seconds
[2024-12-20T00:07:27.523+0000] {processor.py:161} INFO - Started process (PID=3198) to work on /home/airflow/.local/lib/python3.11/site-packages/airflow/example_dags/tutorial_dag.py
[2024-12-20T00:07:27.524+0000] {processor.py:830} INFO - Processing file /home/airflow/.local/lib/python3.11/site-packages/airflow/example_dags/tutorial_dag.py for tasks to queue
[2024-12-20T00:07:27.526+0000] {logging_mixin.py:188} INFO - [2024-12-20T00:07:27.526+0000] {dagbag.py:538} INFO - Filling up the DagBag from /home/airflow/.local/lib/python3.11/site-packages/airflow/example_dags/tutorial_dag.py
[2024-12-20T00:07:27.532+0000] {processor.py:840} INFO - DAG(s) 'tutorial_dag' retrieved from /home/airflow/.local/lib/python3.11/site-packages/airflow/example_dags/tutorial_dag.py
[2024-12-20T00:07:27.555+0000] {logging_mixin.py:188} INFO - [2024-12-20T00:07:27.555+0000] {dag.py:3036} INFO - Sync 1 DAGs
[2024-12-20T00:07:27.573+0000] {logging_mixin.py:188} INFO - [2024-12-20T00:07:27.572+0000] {dag.py:3823} INFO - Setting next_dagrun for tutorial_dag to None, run_after=None
[2024-12-20T00:07:27.594+0000] {processor.py:183} INFO - Processing /home/airflow/.local/lib/python3.11/site-packages/airflow/example_dags/tutorial_dag.py took 0.076 seconds
[2024-12-20T00:07:58.206+0000] {processor.py:161} INFO - Started process (PID=3270) to work on /home/airflow/.local/lib/python3.11/site-packages/airflow/example_dags/tutorial_dag.py
[2024-12-20T00:07:58.207+0000] {processor.py:830} INFO - Processing file /home/airflow/.local/lib/python3.11/site-packages/airflow/example_dags/tutorial_dag.py for tasks to queue
[2024-12-20T00:07:58.209+0000] {logging_mixin.py:188} INFO - [2024-12-20T00:07:58.209+0000] {dagbag.py:538} INFO - Filling up the DagBag from /home/airflow/.local/lib/python3.11/site-packages/airflow/example_dags/tutorial_dag.py
[2024-12-20T00:07:58.215+0000] {processor.py:840} INFO - DAG(s) 'tutorial_dag' retrieved from /home/airflow/.local/lib/python3.11/site-packages/airflow/example_dags/tutorial_dag.py
[2024-12-20T00:07:58.238+0000] {logging_mixin.py:188} INFO - [2024-12-20T00:07:58.237+0000] {dag.py:3036} INFO - Sync 1 DAGs
[2024-12-20T00:07:58.251+0000] {logging_mixin.py:188} INFO - [2024-12-20T00:07:58.251+0000] {dag.py:3823} INFO - Setting next_dagrun for tutorial_dag to None, run_after=None
[2024-12-20T00:07:58.273+0000] {processor.py:183} INFO - Processing /home/airflow/.local/lib/python3.11/site-packages/airflow/example_dags/tutorial_dag.py took 0.071 seconds
[2024-12-20T00:08:29.089+0000] {processor.py:161} INFO - Started process (PID=3342) to work on /home/airflow/.local/lib/python3.11/site-packages/airflow/example_dags/tutorial_dag.py
[2024-12-20T00:08:29.091+0000] {processor.py:830} INFO - Processing file /home/airflow/.local/lib/python3.11/site-packages/airflow/example_dags/tutorial_dag.py for tasks to queue
[2024-12-20T00:08:29.093+0000] {logging_mixin.py:188} INFO - [2024-12-20T00:08:29.093+0000] {dagbag.py:538} INFO - Filling up the DagBag from /home/airflow/.local/lib/python3.11/site-packages/airflow/example_dags/tutorial_dag.py
[2024-12-20T00:08:29.110+0000] {processor.py:840} INFO - DAG(s) 'tutorial_dag' retrieved from /home/airflow/.local/lib/python3.11/site-packages/airflow/example_dags/tutorial_dag.py
[2024-12-20T00:08:29.138+0000] {logging_mixin.py:188} INFO - [2024-12-20T00:08:29.138+0000] {dag.py:3036} INFO - Sync 1 DAGs
[2024-12-20T00:08:29.155+0000] {logging_mixin.py:188} INFO - [2024-12-20T00:08:29.155+0000] {dag.py:3823} INFO - Setting next_dagrun for tutorial_dag to None, run_after=None
[2024-12-20T00:08:29.190+0000] {processor.py:183} INFO - Processing /home/airflow/.local/lib/python3.11/site-packages/airflow/example_dags/tutorial_dag.py took 0.106 seconds
[2024-12-20T00:08:59.522+0000] {processor.py:161} INFO - Started process (PID=3422) to work on /home/airflow/.local/lib/python3.11/site-packages/airflow/example_dags/tutorial_dag.py
[2024-12-20T00:08:59.524+0000] {processor.py:830} INFO - Processing file /home/airflow/.local/lib/python3.11/site-packages/airflow/example_dags/tutorial_dag.py for tasks to queue
[2024-12-20T00:08:59.530+0000] {logging_mixin.py:188} INFO - [2024-12-20T00:08:59.529+0000] {dagbag.py:538} INFO - Filling up the DagBag from /home/airflow/.local/lib/python3.11/site-packages/airflow/example_dags/tutorial_dag.py
[2024-12-20T00:08:59.540+0000] {processor.py:840} INFO - DAG(s) 'tutorial_dag' retrieved from /home/airflow/.local/lib/python3.11/site-packages/airflow/example_dags/tutorial_dag.py
[2024-12-20T00:08:59.574+0000] {logging_mixin.py:188} INFO - [2024-12-20T00:08:59.574+0000] {dag.py:3036} INFO - Sync 1 DAGs
[2024-12-20T00:08:59.591+0000] {logging_mixin.py:188} INFO - [2024-12-20T00:08:59.590+0000] {dag.py:3823} INFO - Setting next_dagrun for tutorial_dag to None, run_after=None
[2024-12-20T00:08:59.615+0000] {processor.py:183} INFO - Processing /home/airflow/.local/lib/python3.11/site-packages/airflow/example_dags/tutorial_dag.py took 0.098 seconds
[2024-12-20T00:09:30.169+0000] {processor.py:161} INFO - Started process (PID=3494) to work on /home/airflow/.local/lib/python3.11/site-packages/airflow/example_dags/tutorial_dag.py
[2024-12-20T00:09:30.170+0000] {processor.py:830} INFO - Processing file /home/airflow/.local/lib/python3.11/site-packages/airflow/example_dags/tutorial_dag.py for tasks to queue
[2024-12-20T00:09:30.173+0000] {logging_mixin.py:188} INFO - [2024-12-20T00:09:30.172+0000] {dagbag.py:538} INFO - Filling up the DagBag from /home/airflow/.local/lib/python3.11/site-packages/airflow/example_dags/tutorial_dag.py
[2024-12-20T00:09:30.180+0000] {processor.py:840} INFO - DAG(s) 'tutorial_dag' retrieved from /home/airflow/.local/lib/python3.11/site-packages/airflow/example_dags/tutorial_dag.py
[2024-12-20T00:09:30.209+0000] {logging_mixin.py:188} INFO - [2024-12-20T00:09:30.208+0000] {dag.py:3036} INFO - Sync 1 DAGs
[2024-12-20T00:09:30.226+0000] {logging_mixin.py:188} INFO - [2024-12-20T00:09:30.226+0000] {dag.py:3823} INFO - Setting next_dagrun for tutorial_dag to None, run_after=None
[2024-12-20T00:09:30.247+0000] {processor.py:183} INFO - Processing /home/airflow/.local/lib/python3.11/site-packages/airflow/example_dags/tutorial_dag.py took 0.082 seconds
[2024-12-20T00:10:00.934+0000] {processor.py:161} INFO - Started process (PID=3566) to work on /home/airflow/.local/lib/python3.11/site-packages/airflow/example_dags/tutorial_dag.py
[2024-12-20T00:10:00.935+0000] {processor.py:830} INFO - Processing file /home/airflow/.local/lib/python3.11/site-packages/airflow/example_dags/tutorial_dag.py for tasks to queue
[2024-12-20T00:10:00.937+0000] {logging_mixin.py:188} INFO - [2024-12-20T00:10:00.937+0000] {dagbag.py:538} INFO - Filling up the DagBag from /home/airflow/.local/lib/python3.11/site-packages/airflow/example_dags/tutorial_dag.py
[2024-12-20T00:10:00.944+0000] {processor.py:840} INFO - DAG(s) 'tutorial_dag' retrieved from /home/airflow/.local/lib/python3.11/site-packages/airflow/example_dags/tutorial_dag.py
[2024-12-20T00:10:00.974+0000] {logging_mixin.py:188} INFO - [2024-12-20T00:10:00.973+0000] {dag.py:3036} INFO - Sync 1 DAGs
[2024-12-20T00:10:00.990+0000] {logging_mixin.py:188} INFO - [2024-12-20T00:10:00.990+0000] {dag.py:3823} INFO - Setting next_dagrun for tutorial_dag to None, run_after=None
[2024-12-20T00:10:01.013+0000] {processor.py:183} INFO - Processing /home/airflow/.local/lib/python3.11/site-packages/airflow/example_dags/tutorial_dag.py took 0.083 seconds
[2024-12-20T00:10:31.595+0000] {processor.py:161} INFO - Started process (PID=3645) to work on /home/airflow/.local/lib/python3.11/site-packages/airflow/example_dags/tutorial_dag.py
[2024-12-20T00:10:31.596+0000] {processor.py:830} INFO - Processing file /home/airflow/.local/lib/python3.11/site-packages/airflow/example_dags/tutorial_dag.py for tasks to queue
[2024-12-20T00:10:31.598+0000] {logging_mixin.py:188} INFO - [2024-12-20T00:10:31.598+0000] {dagbag.py:538} INFO - Filling up the DagBag from /home/airflow/.local/lib/python3.11/site-packages/airflow/example_dags/tutorial_dag.py
[2024-12-20T00:10:31.604+0000] {processor.py:840} INFO - DAG(s) 'tutorial_dag' retrieved from /home/airflow/.local/lib/python3.11/site-packages/airflow/example_dags/tutorial_dag.py
[2024-12-20T00:10:31.628+0000] {logging_mixin.py:188} INFO - [2024-12-20T00:10:31.628+0000] {dag.py:3036} INFO - Sync 1 DAGs
[2024-12-20T00:10:31.643+0000] {logging_mixin.py:188} INFO - [2024-12-20T00:10:31.643+0000] {dag.py:3823} INFO - Setting next_dagrun for tutorial_dag to None, run_after=None
[2024-12-20T00:10:31.666+0000] {processor.py:183} INFO - Processing /home/airflow/.local/lib/python3.11/site-packages/airflow/example_dags/tutorial_dag.py took 0.076 seconds
[2024-12-20T00:11:02.563+0000] {processor.py:161} INFO - Started process (PID=3717) to work on /home/airflow/.local/lib/python3.11/site-packages/airflow/example_dags/tutorial_dag.py
[2024-12-20T00:11:02.565+0000] {processor.py:830} INFO - Processing file /home/airflow/.local/lib/python3.11/site-packages/airflow/example_dags/tutorial_dag.py for tasks to queue
[2024-12-20T00:11:02.567+0000] {logging_mixin.py:188} INFO - [2024-12-20T00:11:02.567+0000] {dagbag.py:538} INFO - Filling up the DagBag from /home/airflow/.local/lib/python3.11/site-packages/airflow/example_dags/tutorial_dag.py
[2024-12-20T00:11:02.575+0000] {processor.py:840} INFO - DAG(s) 'tutorial_dag' retrieved from /home/airflow/.local/lib/python3.11/site-packages/airflow/example_dags/tutorial_dag.py
[2024-12-20T00:11:02.601+0000] {logging_mixin.py:188} INFO - [2024-12-20T00:11:02.600+0000] {dag.py:3036} INFO - Sync 1 DAGs
[2024-12-20T00:11:02.616+0000] {logging_mixin.py:188} INFO - [2024-12-20T00:11:02.616+0000] {dag.py:3823} INFO - Setting next_dagrun for tutorial_dag to None, run_after=None
[2024-12-20T00:11:02.645+0000] {processor.py:183} INFO - Processing /home/airflow/.local/lib/python3.11/site-packages/airflow/example_dags/tutorial_dag.py took 0.086 seconds
[2024-12-20T00:11:32.737+0000] {processor.py:161} INFO - Started process (PID=3780) to work on /home/airflow/.local/lib/python3.11/site-packages/airflow/example_dags/tutorial_dag.py
[2024-12-20T00:11:32.738+0000] {processor.py:830} INFO - Processing file /home/airflow/.local/lib/python3.11/site-packages/airflow/example_dags/tutorial_dag.py for tasks to queue
[2024-12-20T00:11:32.741+0000] {logging_mixin.py:188} INFO - [2024-12-20T00:11:32.740+0000] {dagbag.py:538} INFO - Filling up the DagBag from /home/airflow/.local/lib/python3.11/site-packages/airflow/example_dags/tutorial_dag.py
[2024-12-20T00:11:32.747+0000] {processor.py:840} INFO - DAG(s) 'tutorial_dag' retrieved from /home/airflow/.local/lib/python3.11/site-packages/airflow/example_dags/tutorial_dag.py
[2024-12-20T00:11:32.771+0000] {logging_mixin.py:188} INFO - [2024-12-20T00:11:32.771+0000] {dag.py:3036} INFO - Sync 1 DAGs
[2024-12-20T00:11:32.786+0000] {logging_mixin.py:188} INFO - [2024-12-20T00:11:32.786+0000] {dag.py:3823} INFO - Setting next_dagrun for tutorial_dag to None, run_after=None
[2024-12-20T00:11:32.809+0000] {processor.py:183} INFO - Processing /home/airflow/.local/lib/python3.11/site-packages/airflow/example_dags/tutorial_dag.py took 0.075 seconds
[2024-12-20T00:12:03.160+0000] {processor.py:161} INFO - Started process (PID=3859) to work on /home/airflow/.local/lib/python3.11/site-packages/airflow/example_dags/tutorial_dag.py
[2024-12-20T00:12:03.161+0000] {processor.py:830} INFO - Processing file /home/airflow/.local/lib/python3.11/site-packages/airflow/example_dags/tutorial_dag.py for tasks to queue
[2024-12-20T00:12:03.165+0000] {logging_mixin.py:188} INFO - [2024-12-20T00:12:03.164+0000] {dagbag.py:538} INFO - Filling up the DagBag from /home/airflow/.local/lib/python3.11/site-packages/airflow/example_dags/tutorial_dag.py
[2024-12-20T00:12:03.171+0000] {processor.py:840} INFO - DAG(s) 'tutorial_dag' retrieved from /home/airflow/.local/lib/python3.11/site-packages/airflow/example_dags/tutorial_dag.py
[2024-12-20T00:12:03.195+0000] {logging_mixin.py:188} INFO - [2024-12-20T00:12:03.195+0000] {dag.py:3036} INFO - Sync 1 DAGs
[2024-12-20T00:12:03.210+0000] {logging_mixin.py:188} INFO - [2024-12-20T00:12:03.210+0000] {dag.py:3823} INFO - Setting next_dagrun for tutorial_dag to None, run_after=None
[2024-12-20T00:12:03.246+0000] {processor.py:183} INFO - Processing /home/airflow/.local/lib/python3.11/site-packages/airflow/example_dags/tutorial_dag.py took 0.092 seconds
[2024-12-20T00:12:33.465+0000] {processor.py:161} INFO - Started process (PID=3931) to work on /home/airflow/.local/lib/python3.11/site-packages/airflow/example_dags/tutorial_dag.py
[2024-12-20T00:12:33.467+0000] {processor.py:830} INFO - Processing file /home/airflow/.local/lib/python3.11/site-packages/airflow/example_dags/tutorial_dag.py for tasks to queue
[2024-12-20T00:12:33.470+0000] {logging_mixin.py:188} INFO - [2024-12-20T00:12:33.470+0000] {dagbag.py:538} INFO - Filling up the DagBag from /home/airflow/.local/lib/python3.11/site-packages/airflow/example_dags/tutorial_dag.py
[2024-12-20T00:12:33.478+0000] {processor.py:840} INFO - DAG(s) 'tutorial_dag' retrieved from /home/airflow/.local/lib/python3.11/site-packages/airflow/example_dags/tutorial_dag.py
[2024-12-20T00:12:33.511+0000] {logging_mixin.py:188} INFO - [2024-12-20T00:12:33.511+0000] {dag.py:3036} INFO - Sync 1 DAGs
[2024-12-20T00:12:33.529+0000] {logging_mixin.py:188} INFO - [2024-12-20T00:12:33.529+0000] {dag.py:3823} INFO - Setting next_dagrun for tutorial_dag to None, run_after=None
[2024-12-20T00:12:33.550+0000] {processor.py:183} INFO - Processing /home/airflow/.local/lib/python3.11/site-packages/airflow/example_dags/tutorial_dag.py took 0.091 seconds
[2024-12-20T09:17:28.740+0000] {processor.py:161} INFO - Started process (PID=4001) to work on /home/airflow/.local/lib/python3.11/site-packages/airflow/example_dags/tutorial_dag.py
[2024-12-20T09:17:28.742+0000] {processor.py:830} INFO - Processing file /home/airflow/.local/lib/python3.11/site-packages/airflow/example_dags/tutorial_dag.py for tasks to queue
[2024-12-20T09:17:28.745+0000] {logging_mixin.py:188} INFO - [2024-12-20T09:17:28.745+0000] {dagbag.py:538} INFO - Filling up the DagBag from /home/airflow/.local/lib/python3.11/site-packages/airflow/example_dags/tutorial_dag.py
[2024-12-20T09:17:28.762+0000] {processor.py:840} INFO - DAG(s) 'tutorial_dag' retrieved from /home/airflow/.local/lib/python3.11/site-packages/airflow/example_dags/tutorial_dag.py
[2024-12-20T09:17:28.824+0000] {logging_mixin.py:188} INFO - [2024-12-20T09:17:28.823+0000] {dag.py:3036} INFO - Sync 1 DAGs
[2024-12-20T09:17:29.030+0000] {logging_mixin.py:188} INFO - [2024-12-20T09:17:29.021+0000] {dag.py:3823} INFO - Setting next_dagrun for tutorial_dag to None, run_after=None
[2024-12-20T09:17:29.241+0000] {processor.py:183} INFO - Processing /home/airflow/.local/lib/python3.11/site-packages/airflow/example_dags/tutorial_dag.py took 0.507 seconds
[2024-12-20T09:18:00.205+0000] {processor.py:161} INFO - Started process (PID=4073) to work on /home/airflow/.local/lib/python3.11/site-packages/airflow/example_dags/tutorial_dag.py
[2024-12-20T09:18:00.206+0000] {processor.py:830} INFO - Processing file /home/airflow/.local/lib/python3.11/site-packages/airflow/example_dags/tutorial_dag.py for tasks to queue
[2024-12-20T09:18:00.207+0000] {logging_mixin.py:188} INFO - [2024-12-20T09:18:00.207+0000] {dagbag.py:538} INFO - Filling up the DagBag from /home/airflow/.local/lib/python3.11/site-packages/airflow/example_dags/tutorial_dag.py
[2024-12-20T09:18:00.213+0000] {processor.py:840} INFO - DAG(s) 'tutorial_dag' retrieved from /home/airflow/.local/lib/python3.11/site-packages/airflow/example_dags/tutorial_dag.py
[2024-12-20T09:18:00.240+0000] {logging_mixin.py:188} INFO - [2024-12-20T09:18:00.240+0000] {dag.py:3036} INFO - Sync 1 DAGs
[2024-12-20T09:18:00.258+0000] {logging_mixin.py:188} INFO - [2024-12-20T09:18:00.258+0000] {dag.py:3823} INFO - Setting next_dagrun for tutorial_dag to None, run_after=None
[2024-12-20T09:18:00.286+0000] {processor.py:183} INFO - Processing /home/airflow/.local/lib/python3.11/site-packages/airflow/example_dags/tutorial_dag.py took 0.085 seconds
[2024-12-20T09:18:30.492+0000] {processor.py:161} INFO - Started process (PID=4150) to work on /home/airflow/.local/lib/python3.11/site-packages/airflow/example_dags/tutorial_dag.py
[2024-12-20T09:18:30.494+0000] {processor.py:830} INFO - Processing file /home/airflow/.local/lib/python3.11/site-packages/airflow/example_dags/tutorial_dag.py for tasks to queue
[2024-12-20T09:18:30.496+0000] {logging_mixin.py:188} INFO - [2024-12-20T09:18:30.495+0000] {dagbag.py:538} INFO - Filling up the DagBag from /home/airflow/.local/lib/python3.11/site-packages/airflow/example_dags/tutorial_dag.py
[2024-12-20T09:18:30.504+0000] {processor.py:840} INFO - DAG(s) 'tutorial_dag' retrieved from /home/airflow/.local/lib/python3.11/site-packages/airflow/example_dags/tutorial_dag.py
[2024-12-20T09:18:30.538+0000] {logging_mixin.py:188} INFO - [2024-12-20T09:18:30.537+0000] {dag.py:3036} INFO - Sync 1 DAGs
[2024-12-20T09:18:30.556+0000] {logging_mixin.py:188} INFO - [2024-12-20T09:18:30.556+0000] {dag.py:3823} INFO - Setting next_dagrun for tutorial_dag to None, run_after=None
[2024-12-20T09:18:30.597+0000] {processor.py:183} INFO - Processing /home/airflow/.local/lib/python3.11/site-packages/airflow/example_dags/tutorial_dag.py took 0.109 seconds
[2024-12-20T09:19:01.108+0000] {processor.py:161} INFO - Started process (PID=4222) to work on /home/airflow/.local/lib/python3.11/site-packages/airflow/example_dags/tutorial_dag.py
[2024-12-20T09:19:01.110+0000] {processor.py:830} INFO - Processing file /home/airflow/.local/lib/python3.11/site-packages/airflow/example_dags/tutorial_dag.py for tasks to queue
[2024-12-20T09:19:01.112+0000] {logging_mixin.py:188} INFO - [2024-12-20T09:19:01.112+0000] {dagbag.py:538} INFO - Filling up the DagBag from /home/airflow/.local/lib/python3.11/site-packages/airflow/example_dags/tutorial_dag.py
[2024-12-20T09:19:01.129+0000] {processor.py:840} INFO - DAG(s) 'tutorial_dag' retrieved from /home/airflow/.local/lib/python3.11/site-packages/airflow/example_dags/tutorial_dag.py
[2024-12-20T09:19:01.175+0000] {logging_mixin.py:188} INFO - [2024-12-20T09:19:01.175+0000] {dag.py:3036} INFO - Sync 1 DAGs
[2024-12-20T09:19:01.203+0000] {logging_mixin.py:188} INFO - [2024-12-20T09:19:01.202+0000] {dag.py:3823} INFO - Setting next_dagrun for tutorial_dag to None, run_after=None
[2024-12-20T09:19:01.242+0000] {processor.py:183} INFO - Processing /home/airflow/.local/lib/python3.11/site-packages/airflow/example_dags/tutorial_dag.py took 0.142 seconds
[2024-12-20T09:19:33.383+0000] {processor.py:161} INFO - Started process (PID=4298) to work on /home/airflow/.local/lib/python3.11/site-packages/airflow/example_dags/tutorial_dag.py
[2024-12-20T09:19:33.392+0000] {processor.py:830} INFO - Processing file /home/airflow/.local/lib/python3.11/site-packages/airflow/example_dags/tutorial_dag.py for tasks to queue
[2024-12-20T09:19:33.404+0000] {logging_mixin.py:188} INFO - [2024-12-20T09:19:33.402+0000] {dagbag.py:538} INFO - Filling up the DagBag from /home/airflow/.local/lib/python3.11/site-packages/airflow/example_dags/tutorial_dag.py
[2024-12-20T09:19:33.445+0000] {processor.py:840} INFO - DAG(s) 'tutorial_dag' retrieved from /home/airflow/.local/lib/python3.11/site-packages/airflow/example_dags/tutorial_dag.py
[2024-12-20T09:19:33.565+0000] {logging_mixin.py:188} INFO - [2024-12-20T09:19:33.564+0000] {dag.py:3036} INFO - Sync 1 DAGs
[2024-12-20T09:19:33.622+0000] {logging_mixin.py:188} INFO - [2024-12-20T09:19:33.622+0000] {dag.py:3823} INFO - Setting next_dagrun for tutorial_dag to None, run_after=None
[2024-12-20T09:19:33.687+0000] {processor.py:183} INFO - Processing /home/airflow/.local/lib/python3.11/site-packages/airflow/example_dags/tutorial_dag.py took 0.313 seconds
[2024-12-20T09:20:04.302+0000] {processor.py:161} INFO - Started process (PID=4363) to work on /home/airflow/.local/lib/python3.11/site-packages/airflow/example_dags/tutorial_dag.py
[2024-12-20T09:20:04.306+0000] {processor.py:830} INFO - Processing file /home/airflow/.local/lib/python3.11/site-packages/airflow/example_dags/tutorial_dag.py for tasks to queue
[2024-12-20T09:20:04.309+0000] {logging_mixin.py:188} INFO - [2024-12-20T09:20:04.308+0000] {dagbag.py:538} INFO - Filling up the DagBag from /home/airflow/.local/lib/python3.11/site-packages/airflow/example_dags/tutorial_dag.py
[2024-12-20T09:20:04.326+0000] {processor.py:840} INFO - DAG(s) 'tutorial_dag' retrieved from /home/airflow/.local/lib/python3.11/site-packages/airflow/example_dags/tutorial_dag.py
[2024-12-20T09:20:04.388+0000] {logging_mixin.py:188} INFO - [2024-12-20T09:20:04.388+0000] {dag.py:3036} INFO - Sync 1 DAGs
[2024-12-20T09:20:04.429+0000] {logging_mixin.py:188} INFO - [2024-12-20T09:20:04.429+0000] {dag.py:3823} INFO - Setting next_dagrun for tutorial_dag to None, run_after=None
[2024-12-20T09:20:04.518+0000] {processor.py:183} INFO - Processing /home/airflow/.local/lib/python3.11/site-packages/airflow/example_dags/tutorial_dag.py took 0.227 seconds
[2024-12-20T09:20:36.058+0000] {processor.py:161} INFO - Started process (PID=4426) to work on /home/airflow/.local/lib/python3.11/site-packages/airflow/example_dags/tutorial_dag.py
[2024-12-20T09:20:36.066+0000] {processor.py:830} INFO - Processing file /home/airflow/.local/lib/python3.11/site-packages/airflow/example_dags/tutorial_dag.py for tasks to queue
[2024-12-20T09:20:36.068+0000] {logging_mixin.py:188} INFO - [2024-12-20T09:20:36.068+0000] {dagbag.py:538} INFO - Filling up the DagBag from /home/airflow/.local/lib/python3.11/site-packages/airflow/example_dags/tutorial_dag.py
[2024-12-20T09:20:36.091+0000] {processor.py:840} INFO - DAG(s) 'tutorial_dag' retrieved from /home/airflow/.local/lib/python3.11/site-packages/airflow/example_dags/tutorial_dag.py
[2024-12-20T09:20:36.151+0000] {logging_mixin.py:188} INFO - [2024-12-20T09:20:36.150+0000] {dag.py:3036} INFO - Sync 1 DAGs
[2024-12-20T09:20:36.198+0000] {logging_mixin.py:188} INFO - [2024-12-20T09:20:36.198+0000] {dag.py:3823} INFO - Setting next_dagrun for tutorial_dag to None, run_after=None
[2024-12-20T09:20:36.247+0000] {processor.py:183} INFO - Processing /home/airflow/.local/lib/python3.11/site-packages/airflow/example_dags/tutorial_dag.py took 0.199 seconds
[2024-12-20T09:21:06.566+0000] {processor.py:161} INFO - Started process (PID=4496) to work on /home/airflow/.local/lib/python3.11/site-packages/airflow/example_dags/tutorial_dag.py
[2024-12-20T09:21:06.568+0000] {processor.py:830} INFO - Processing file /home/airflow/.local/lib/python3.11/site-packages/airflow/example_dags/tutorial_dag.py for tasks to queue
[2024-12-20T09:21:06.570+0000] {logging_mixin.py:188} INFO - [2024-12-20T09:21:06.569+0000] {dagbag.py:538} INFO - Filling up the DagBag from /home/airflow/.local/lib/python3.11/site-packages/airflow/example_dags/tutorial_dag.py
[2024-12-20T09:21:06.580+0000] {processor.py:840} INFO - DAG(s) 'tutorial_dag' retrieved from /home/airflow/.local/lib/python3.11/site-packages/airflow/example_dags/tutorial_dag.py
[2024-12-20T09:21:06.611+0000] {logging_mixin.py:188} INFO - [2024-12-20T09:21:06.611+0000] {dag.py:3036} INFO - Sync 1 DAGs
[2024-12-20T09:21:06.631+0000] {logging_mixin.py:188} INFO - [2024-12-20T09:21:06.631+0000] {dag.py:3823} INFO - Setting next_dagrun for tutorial_dag to None, run_after=None
[2024-12-20T09:21:06.661+0000] {processor.py:183} INFO - Processing /home/airflow/.local/lib/python3.11/site-packages/airflow/example_dags/tutorial_dag.py took 0.100 seconds
[2024-12-20T09:21:37.261+0000] {processor.py:161} INFO - Started process (PID=4572) to work on /home/airflow/.local/lib/python3.11/site-packages/airflow/example_dags/tutorial_dag.py
[2024-12-20T09:21:37.292+0000] {processor.py:830} INFO - Processing file /home/airflow/.local/lib/python3.11/site-packages/airflow/example_dags/tutorial_dag.py for tasks to queue
[2024-12-20T09:21:37.311+0000] {logging_mixin.py:188} INFO - [2024-12-20T09:21:37.311+0000] {dagbag.py:538} INFO - Filling up the DagBag from /home/airflow/.local/lib/python3.11/site-packages/airflow/example_dags/tutorial_dag.py
[2024-12-20T09:21:37.331+0000] {processor.py:840} INFO - DAG(s) 'tutorial_dag' retrieved from /home/airflow/.local/lib/python3.11/site-packages/airflow/example_dags/tutorial_dag.py
[2024-12-20T09:21:37.566+0000] {logging_mixin.py:188} INFO - [2024-12-20T09:21:37.546+0000] {dag.py:3036} INFO - Sync 1 DAGs
[2024-12-20T09:21:37.768+0000] {logging_mixin.py:188} INFO - [2024-12-20T09:21:37.768+0000] {dag.py:3823} INFO - Setting next_dagrun for tutorial_dag to None, run_after=None
[2024-12-20T09:21:37.890+0000] {processor.py:183} INFO - Processing /home/airflow/.local/lib/python3.11/site-packages/airflow/example_dags/tutorial_dag.py took 0.644 seconds
[2024-12-20T09:22:08.234+0000] {processor.py:161} INFO - Started process (PID=4636) to work on /home/airflow/.local/lib/python3.11/site-packages/airflow/example_dags/tutorial_dag.py
[2024-12-20T09:22:08.242+0000] {processor.py:830} INFO - Processing file /home/airflow/.local/lib/python3.11/site-packages/airflow/example_dags/tutorial_dag.py for tasks to queue
[2024-12-20T09:22:08.247+0000] {logging_mixin.py:188} INFO - [2024-12-20T09:22:08.244+0000] {dagbag.py:538} INFO - Filling up the DagBag from /home/airflow/.local/lib/python3.11/site-packages/airflow/example_dags/tutorial_dag.py
[2024-12-20T09:22:08.278+0000] {processor.py:840} INFO - DAG(s) 'tutorial_dag' retrieved from /home/airflow/.local/lib/python3.11/site-packages/airflow/example_dags/tutorial_dag.py
[2024-12-20T09:22:08.347+0000] {logging_mixin.py:188} INFO - [2024-12-20T09:22:08.347+0000] {dag.py:3036} INFO - Sync 1 DAGs
[2024-12-20T09:22:08.400+0000] {logging_mixin.py:188} INFO - [2024-12-20T09:22:08.399+0000] {dag.py:3823} INFO - Setting next_dagrun for tutorial_dag to None, run_after=None
[2024-12-20T09:22:08.511+0000] {processor.py:183} INFO - Processing /home/airflow/.local/lib/python3.11/site-packages/airflow/example_dags/tutorial_dag.py took 0.293 seconds
[2024-12-20T09:22:39.310+0000] {processor.py:161} INFO - Started process (PID=4699) to work on /home/airflow/.local/lib/python3.11/site-packages/airflow/example_dags/tutorial_dag.py
[2024-12-20T09:22:39.313+0000] {processor.py:830} INFO - Processing file /home/airflow/.local/lib/python3.11/site-packages/airflow/example_dags/tutorial_dag.py for tasks to queue
[2024-12-20T09:22:39.317+0000] {logging_mixin.py:188} INFO - [2024-12-20T09:22:39.315+0000] {dagbag.py:538} INFO - Filling up the DagBag from /home/airflow/.local/lib/python3.11/site-packages/airflow/example_dags/tutorial_dag.py
[2024-12-20T09:22:39.356+0000] {processor.py:840} INFO - DAG(s) 'tutorial_dag' retrieved from /home/airflow/.local/lib/python3.11/site-packages/airflow/example_dags/tutorial_dag.py
[2024-12-20T09:22:39.480+0000] {logging_mixin.py:188} INFO - [2024-12-20T09:22:39.479+0000] {dag.py:3036} INFO - Sync 1 DAGs
[2024-12-20T09:22:39.562+0000] {logging_mixin.py:188} INFO - [2024-12-20T09:22:39.562+0000] {dag.py:3823} INFO - Setting next_dagrun for tutorial_dag to None, run_after=None
[2024-12-20T09:22:39.691+0000] {processor.py:183} INFO - Processing /home/airflow/.local/lib/python3.11/site-packages/airflow/example_dags/tutorial_dag.py took 0.398 seconds
[2024-12-20T09:23:10.361+0000] {processor.py:161} INFO - Started process (PID=4770) to work on /home/airflow/.local/lib/python3.11/site-packages/airflow/example_dags/tutorial_dag.py
[2024-12-20T09:23:10.362+0000] {processor.py:830} INFO - Processing file /home/airflow/.local/lib/python3.11/site-packages/airflow/example_dags/tutorial_dag.py for tasks to queue
[2024-12-20T09:23:10.364+0000] {logging_mixin.py:188} INFO - [2024-12-20T09:23:10.363+0000] {dagbag.py:538} INFO - Filling up the DagBag from /home/airflow/.local/lib/python3.11/site-packages/airflow/example_dags/tutorial_dag.py
[2024-12-20T09:23:10.371+0000] {processor.py:840} INFO - DAG(s) 'tutorial_dag' retrieved from /home/airflow/.local/lib/python3.11/site-packages/airflow/example_dags/tutorial_dag.py
[2024-12-20T09:23:10.405+0000] {logging_mixin.py:188} INFO - [2024-12-20T09:23:10.405+0000] {dag.py:3036} INFO - Sync 1 DAGs
[2024-12-20T09:23:10.423+0000] {logging_mixin.py:188} INFO - [2024-12-20T09:23:10.423+0000] {dag.py:3823} INFO - Setting next_dagrun for tutorial_dag to None, run_after=None
[2024-12-20T09:23:10.463+0000] {processor.py:183} INFO - Processing /home/airflow/.local/lib/python3.11/site-packages/airflow/example_dags/tutorial_dag.py took 0.107 seconds
[2024-12-20T09:23:41.093+0000] {processor.py:161} INFO - Started process (PID=4843) to work on /home/airflow/.local/lib/python3.11/site-packages/airflow/example_dags/tutorial_dag.py
[2024-12-20T09:23:41.094+0000] {processor.py:830} INFO - Processing file /home/airflow/.local/lib/python3.11/site-packages/airflow/example_dags/tutorial_dag.py for tasks to queue
[2024-12-20T09:23:41.097+0000] {logging_mixin.py:188} INFO - [2024-12-20T09:23:41.096+0000] {dagbag.py:538} INFO - Filling up the DagBag from /home/airflow/.local/lib/python3.11/site-packages/airflow/example_dags/tutorial_dag.py
[2024-12-20T09:23:41.106+0000] {processor.py:840} INFO - DAG(s) 'tutorial_dag' retrieved from /home/airflow/.local/lib/python3.11/site-packages/airflow/example_dags/tutorial_dag.py
[2024-12-20T09:23:41.151+0000] {logging_mixin.py:188} INFO - [2024-12-20T09:23:41.151+0000] {dag.py:3036} INFO - Sync 1 DAGs
[2024-12-20T09:23:41.179+0000] {logging_mixin.py:188} INFO - [2024-12-20T09:23:41.179+0000] {dag.py:3823} INFO - Setting next_dagrun for tutorial_dag to None, run_after=None
[2024-12-20T09:23:41.228+0000] {processor.py:183} INFO - Processing /home/airflow/.local/lib/python3.11/site-packages/airflow/example_dags/tutorial_dag.py took 0.141 seconds
[2024-12-20T09:24:11.808+0000] {processor.py:161} INFO - Started process (PID=4915) to work on /home/airflow/.local/lib/python3.11/site-packages/airflow/example_dags/tutorial_dag.py
[2024-12-20T09:24:11.812+0000] {processor.py:830} INFO - Processing file /home/airflow/.local/lib/python3.11/site-packages/airflow/example_dags/tutorial_dag.py for tasks to queue
[2024-12-20T09:24:11.814+0000] {logging_mixin.py:188} INFO - [2024-12-20T09:24:11.814+0000] {dagbag.py:538} INFO - Filling up the DagBag from /home/airflow/.local/lib/python3.11/site-packages/airflow/example_dags/tutorial_dag.py
[2024-12-20T09:24:11.826+0000] {processor.py:840} INFO - DAG(s) 'tutorial_dag' retrieved from /home/airflow/.local/lib/python3.11/site-packages/airflow/example_dags/tutorial_dag.py
[2024-12-20T09:24:11.869+0000] {logging_mixin.py:188} INFO - [2024-12-20T09:24:11.869+0000] {dag.py:3036} INFO - Sync 1 DAGs
[2024-12-20T09:24:11.893+0000] {logging_mixin.py:188} INFO - [2024-12-20T09:24:11.893+0000] {dag.py:3823} INFO - Setting next_dagrun for tutorial_dag to None, run_after=None
[2024-12-20T09:24:11.943+0000] {processor.py:183} INFO - Processing /home/airflow/.local/lib/python3.11/site-packages/airflow/example_dags/tutorial_dag.py took 0.141 seconds
[2024-12-20T09:24:42.154+0000] {processor.py:161} INFO - Started process (PID=4979) to work on /home/airflow/.local/lib/python3.11/site-packages/airflow/example_dags/tutorial_dag.py
[2024-12-20T09:24:42.156+0000] {processor.py:830} INFO - Processing file /home/airflow/.local/lib/python3.11/site-packages/airflow/example_dags/tutorial_dag.py for tasks to queue
[2024-12-20T09:24:42.158+0000] {logging_mixin.py:188} INFO - [2024-12-20T09:24:42.157+0000] {dagbag.py:538} INFO - Filling up the DagBag from /home/airflow/.local/lib/python3.11/site-packages/airflow/example_dags/tutorial_dag.py
[2024-12-20T09:24:42.167+0000] {processor.py:840} INFO - DAG(s) 'tutorial_dag' retrieved from /home/airflow/.local/lib/python3.11/site-packages/airflow/example_dags/tutorial_dag.py
[2024-12-20T09:24:42.204+0000] {logging_mixin.py:188} INFO - [2024-12-20T09:24:42.203+0000] {dag.py:3036} INFO - Sync 1 DAGs
[2024-12-20T09:24:42.224+0000] {logging_mixin.py:188} INFO - [2024-12-20T09:24:42.224+0000] {dag.py:3823} INFO - Setting next_dagrun for tutorial_dag to None, run_after=None
[2024-12-20T09:24:42.262+0000] {processor.py:183} INFO - Processing /home/airflow/.local/lib/python3.11/site-packages/airflow/example_dags/tutorial_dag.py took 0.114 seconds
[2024-12-20T09:25:12.463+0000] {processor.py:161} INFO - Started process (PID=5050) to work on /home/airflow/.local/lib/python3.11/site-packages/airflow/example_dags/tutorial_dag.py
[2024-12-20T09:25:12.466+0000] {processor.py:830} INFO - Processing file /home/airflow/.local/lib/python3.11/site-packages/airflow/example_dags/tutorial_dag.py for tasks to queue
[2024-12-20T09:25:12.468+0000] {logging_mixin.py:188} INFO - [2024-12-20T09:25:12.467+0000] {dagbag.py:538} INFO - Filling up the DagBag from /home/airflow/.local/lib/python3.11/site-packages/airflow/example_dags/tutorial_dag.py
[2024-12-20T09:25:12.479+0000] {processor.py:840} INFO - DAG(s) 'tutorial_dag' retrieved from /home/airflow/.local/lib/python3.11/site-packages/airflow/example_dags/tutorial_dag.py
[2024-12-20T09:25:12.520+0000] {logging_mixin.py:188} INFO - [2024-12-20T09:25:12.520+0000] {dag.py:3036} INFO - Sync 1 DAGs
[2024-12-20T09:25:12.545+0000] {logging_mixin.py:188} INFO - [2024-12-20T09:25:12.545+0000] {dag.py:3823} INFO - Setting next_dagrun for tutorial_dag to None, run_after=None
[2024-12-20T09:25:12.584+0000] {processor.py:183} INFO - Processing /home/airflow/.local/lib/python3.11/site-packages/airflow/example_dags/tutorial_dag.py took 0.127 seconds
[2024-12-20T09:25:42.862+0000] {processor.py:161} INFO - Started process (PID=5122) to work on /home/airflow/.local/lib/python3.11/site-packages/airflow/example_dags/tutorial_dag.py
[2024-12-20T09:25:42.865+0000] {processor.py:830} INFO - Processing file /home/airflow/.local/lib/python3.11/site-packages/airflow/example_dags/tutorial_dag.py for tasks to queue
[2024-12-20T09:25:42.867+0000] {logging_mixin.py:188} INFO - [2024-12-20T09:25:42.867+0000] {dagbag.py:538} INFO - Filling up the DagBag from /home/airflow/.local/lib/python3.11/site-packages/airflow/example_dags/tutorial_dag.py
[2024-12-20T09:25:42.880+0000] {processor.py:840} INFO - DAG(s) 'tutorial_dag' retrieved from /home/airflow/.local/lib/python3.11/site-packages/airflow/example_dags/tutorial_dag.py
[2024-12-20T09:25:42.926+0000] {logging_mixin.py:188} INFO - [2024-12-20T09:25:42.925+0000] {dag.py:3036} INFO - Sync 1 DAGs
[2024-12-20T09:25:42.955+0000] {logging_mixin.py:188} INFO - [2024-12-20T09:25:42.955+0000] {dag.py:3823} INFO - Setting next_dagrun for tutorial_dag to None, run_after=None
[2024-12-20T09:25:42.991+0000] {processor.py:183} INFO - Processing /home/airflow/.local/lib/python3.11/site-packages/airflow/example_dags/tutorial_dag.py took 0.137 seconds
