[2024-12-22T22:49:58.866+0000] {processor.py:161} INFO - Started process (PID=117) to work on /home/airflow/.local/lib/python3.11/site-packages/airflow/example_dags/example_time_delta_sensor_async.py
[2024-12-22T22:49:58.867+0000] {processor.py:830} INFO - Processing file /home/airflow/.local/lib/python3.11/site-packages/airflow/example_dags/example_time_delta_sensor_async.py for tasks to queue
[2024-12-22T22:49:58.871+0000] {logging_mixin.py:188} INFO - [2024-12-22T22:49:58.870+0000] {dagbag.py:538} INFO - Filling up the DagBag from /home/airflow/.local/lib/python3.11/site-packages/airflow/example_dags/example_time_delta_sensor_async.py
[2024-12-22T22:49:58.885+0000] {processor.py:840} INFO - DAG(s) 'example_time_delta_sensor_async' retrieved from /home/airflow/.local/lib/python3.11/site-packages/airflow/example_dags/example_time_delta_sensor_async.py
[2024-12-22T22:49:59.072+0000] {logging_mixin.py:188} INFO - [2024-12-22T22:49:59.071+0000] {override.py:1769} INFO - Created Permission View: can edit on DAG:example_time_delta_sensor_async
[2024-12-22T22:49:59.087+0000] {logging_mixin.py:188} INFO - [2024-12-22T22:49:59.086+0000] {override.py:1769} INFO - Created Permission View: can delete on DAG:example_time_delta_sensor_async
[2024-12-22T22:49:59.099+0000] {logging_mixin.py:188} INFO - [2024-12-22T22:49:59.098+0000] {override.py:1769} INFO - Created Permission View: can read on DAG:example_time_delta_sensor_async
[2024-12-22T22:49:59.099+0000] {logging_mixin.py:188} INFO - [2024-12-22T22:49:59.099+0000] {dag.py:3036} INFO - Sync 1 DAGs
[2024-12-22T22:49:59.116+0000] {logging_mixin.py:188} INFO - [2024-12-22T22:49:59.116+0000] {dag.py:3058} INFO - Creating ORM DAG for example_time_delta_sensor_async
[2024-12-22T22:49:59.118+0000] {logging_mixin.py:188} INFO - [2024-12-22T22:49:59.117+0000] {dag.py:3823} INFO - Setting next_dagrun for example_time_delta_sensor_async to None, run_after=None
[2024-12-22T22:49:59.147+0000] {processor.py:183} INFO - Processing /home/airflow/.local/lib/python3.11/site-packages/airflow/example_dags/example_time_delta_sensor_async.py took 0.286 seconds
[2024-12-22T22:50:29.915+0000] {processor.py:161} INFO - Started process (PID=195) to work on /home/airflow/.local/lib/python3.11/site-packages/airflow/example_dags/example_time_delta_sensor_async.py
[2024-12-22T22:50:29.917+0000] {processor.py:830} INFO - Processing file /home/airflow/.local/lib/python3.11/site-packages/airflow/example_dags/example_time_delta_sensor_async.py for tasks to queue
[2024-12-22T22:50:29.919+0000] {logging_mixin.py:188} INFO - [2024-12-22T22:50:29.919+0000] {dagbag.py:538} INFO - Filling up the DagBag from /home/airflow/.local/lib/python3.11/site-packages/airflow/example_dags/example_time_delta_sensor_async.py
[2024-12-22T22:50:29.926+0000] {processor.py:840} INFO - DAG(s) 'example_time_delta_sensor_async' retrieved from /home/airflow/.local/lib/python3.11/site-packages/airflow/example_dags/example_time_delta_sensor_async.py
[2024-12-22T22:50:29.951+0000] {logging_mixin.py:188} INFO - [2024-12-22T22:50:29.951+0000] {dag.py:3036} INFO - Sync 1 DAGs
[2024-12-22T22:50:29.967+0000] {logging_mixin.py:188} INFO - [2024-12-22T22:50:29.967+0000] {dag.py:3823} INFO - Setting next_dagrun for example_time_delta_sensor_async to None, run_after=None
[2024-12-22T22:50:30.000+0000] {processor.py:183} INFO - Processing /home/airflow/.local/lib/python3.11/site-packages/airflow/example_dags/example_time_delta_sensor_async.py took 0.088 seconds
[2024-12-22T22:51:00.245+0000] {processor.py:161} INFO - Started process (PID=267) to work on /home/airflow/.local/lib/python3.11/site-packages/airflow/example_dags/example_time_delta_sensor_async.py
[2024-12-22T22:51:00.246+0000] {processor.py:830} INFO - Processing file /home/airflow/.local/lib/python3.11/site-packages/airflow/example_dags/example_time_delta_sensor_async.py for tasks to queue
[2024-12-22T22:51:00.249+0000] {logging_mixin.py:188} INFO - [2024-12-22T22:51:00.249+0000] {dagbag.py:538} INFO - Filling up the DagBag from /home/airflow/.local/lib/python3.11/site-packages/airflow/example_dags/example_time_delta_sensor_async.py
[2024-12-22T22:51:00.256+0000] {processor.py:840} INFO - DAG(s) 'example_time_delta_sensor_async' retrieved from /home/airflow/.local/lib/python3.11/site-packages/airflow/example_dags/example_time_delta_sensor_async.py
[2024-12-22T22:51:00.285+0000] {logging_mixin.py:188} INFO - [2024-12-22T22:51:00.285+0000] {dag.py:3036} INFO - Sync 1 DAGs
[2024-12-22T22:51:00.302+0000] {logging_mixin.py:188} INFO - [2024-12-22T22:51:00.302+0000] {dag.py:3823} INFO - Setting next_dagrun for example_time_delta_sensor_async to None, run_after=None
[2024-12-22T22:51:00.328+0000] {processor.py:183} INFO - Processing /home/airflow/.local/lib/python3.11/site-packages/airflow/example_dags/example_time_delta_sensor_async.py took 0.089 seconds
[2024-12-22T22:51:30.971+0000] {processor.py:161} INFO - Started process (PID=339) to work on /home/airflow/.local/lib/python3.11/site-packages/airflow/example_dags/example_time_delta_sensor_async.py
[2024-12-22T22:51:30.974+0000] {processor.py:830} INFO - Processing file /home/airflow/.local/lib/python3.11/site-packages/airflow/example_dags/example_time_delta_sensor_async.py for tasks to queue
[2024-12-22T22:51:30.978+0000] {logging_mixin.py:188} INFO - [2024-12-22T22:51:30.977+0000] {dagbag.py:538} INFO - Filling up the DagBag from /home/airflow/.local/lib/python3.11/site-packages/airflow/example_dags/example_time_delta_sensor_async.py
[2024-12-22T22:51:30.985+0000] {processor.py:840} INFO - DAG(s) 'example_time_delta_sensor_async' retrieved from /home/airflow/.local/lib/python3.11/site-packages/airflow/example_dags/example_time_delta_sensor_async.py
[2024-12-22T22:51:31.017+0000] {logging_mixin.py:188} INFO - [2024-12-22T22:51:31.017+0000] {dag.py:3036} INFO - Sync 1 DAGs
[2024-12-22T22:51:31.033+0000] {logging_mixin.py:188} INFO - [2024-12-22T22:51:31.032+0000] {dag.py:3823} INFO - Setting next_dagrun for example_time_delta_sensor_async to None, run_after=None
[2024-12-22T22:51:31.070+0000] {processor.py:183} INFO - Processing /home/airflow/.local/lib/python3.11/site-packages/airflow/example_dags/example_time_delta_sensor_async.py took 0.105 seconds
[2024-12-22T22:52:01.249+0000] {processor.py:161} INFO - Started process (PID=411) to work on /home/airflow/.local/lib/python3.11/site-packages/airflow/example_dags/example_time_delta_sensor_async.py
[2024-12-22T22:52:01.251+0000] {processor.py:830} INFO - Processing file /home/airflow/.local/lib/python3.11/site-packages/airflow/example_dags/example_time_delta_sensor_async.py for tasks to queue
[2024-12-22T22:52:01.256+0000] {logging_mixin.py:188} INFO - [2024-12-22T22:52:01.255+0000] {dagbag.py:538} INFO - Filling up the DagBag from /home/airflow/.local/lib/python3.11/site-packages/airflow/example_dags/example_time_delta_sensor_async.py
[2024-12-22T22:52:01.266+0000] {processor.py:840} INFO - DAG(s) 'example_time_delta_sensor_async' retrieved from /home/airflow/.local/lib/python3.11/site-packages/airflow/example_dags/example_time_delta_sensor_async.py
[2024-12-22T22:52:01.311+0000] {logging_mixin.py:188} INFO - [2024-12-22T22:52:01.310+0000] {dag.py:3036} INFO - Sync 1 DAGs
[2024-12-22T22:52:01.349+0000] {logging_mixin.py:188} INFO - [2024-12-22T22:52:01.347+0000] {dag.py:3823} INFO - Setting next_dagrun for example_time_delta_sensor_async to None, run_after=None
[2024-12-22T22:52:01.414+0000] {processor.py:183} INFO - Processing /home/airflow/.local/lib/python3.11/site-packages/airflow/example_dags/example_time_delta_sensor_async.py took 0.174 seconds
[2024-12-22T22:52:31.619+0000] {processor.py:161} INFO - Started process (PID=490) to work on /home/airflow/.local/lib/python3.11/site-packages/airflow/example_dags/example_time_delta_sensor_async.py
[2024-12-22T22:52:31.621+0000] {processor.py:830} INFO - Processing file /home/airflow/.local/lib/python3.11/site-packages/airflow/example_dags/example_time_delta_sensor_async.py for tasks to queue
[2024-12-22T22:52:31.624+0000] {logging_mixin.py:188} INFO - [2024-12-22T22:52:31.623+0000] {dagbag.py:538} INFO - Filling up the DagBag from /home/airflow/.local/lib/python3.11/site-packages/airflow/example_dags/example_time_delta_sensor_async.py
[2024-12-22T22:52:31.631+0000] {processor.py:840} INFO - DAG(s) 'example_time_delta_sensor_async' retrieved from /home/airflow/.local/lib/python3.11/site-packages/airflow/example_dags/example_time_delta_sensor_async.py
[2024-12-22T22:52:31.670+0000] {logging_mixin.py:188} INFO - [2024-12-22T22:52:31.669+0000] {dag.py:3036} INFO - Sync 1 DAGs
[2024-12-22T22:52:31.691+0000] {logging_mixin.py:188} INFO - [2024-12-22T22:52:31.691+0000] {dag.py:3823} INFO - Setting next_dagrun for example_time_delta_sensor_async to None, run_after=None
[2024-12-22T22:52:31.726+0000] {processor.py:183} INFO - Processing /home/airflow/.local/lib/python3.11/site-packages/airflow/example_dags/example_time_delta_sensor_async.py took 0.111 seconds
[2024-12-22T22:53:01.950+0000] {processor.py:161} INFO - Started process (PID=561) to work on /home/airflow/.local/lib/python3.11/site-packages/airflow/example_dags/example_time_delta_sensor_async.py
[2024-12-22T22:53:01.953+0000] {processor.py:830} INFO - Processing file /home/airflow/.local/lib/python3.11/site-packages/airflow/example_dags/example_time_delta_sensor_async.py for tasks to queue
[2024-12-22T22:53:01.960+0000] {logging_mixin.py:188} INFO - [2024-12-22T22:53:01.959+0000] {dagbag.py:538} INFO - Filling up the DagBag from /home/airflow/.local/lib/python3.11/site-packages/airflow/example_dags/example_time_delta_sensor_async.py
[2024-12-22T22:53:01.971+0000] {processor.py:840} INFO - DAG(s) 'example_time_delta_sensor_async' retrieved from /home/airflow/.local/lib/python3.11/site-packages/airflow/example_dags/example_time_delta_sensor_async.py
[2024-12-22T22:53:01.999+0000] {logging_mixin.py:188} INFO - [2024-12-22T22:53:01.999+0000] {dag.py:3036} INFO - Sync 1 DAGs
[2024-12-22T22:53:02.018+0000] {logging_mixin.py:188} INFO - [2024-12-22T22:53:02.017+0000] {dag.py:3823} INFO - Setting next_dagrun for example_time_delta_sensor_async to None, run_after=None
[2024-12-22T22:53:02.043+0000] {processor.py:183} INFO - Processing /home/airflow/.local/lib/python3.11/site-packages/airflow/example_dags/example_time_delta_sensor_async.py took 0.110 seconds
[2024-12-22T22:53:32.306+0000] {processor.py:161} INFO - Started process (PID=633) to work on /home/airflow/.local/lib/python3.11/site-packages/airflow/example_dags/example_time_delta_sensor_async.py
[2024-12-22T22:53:32.308+0000] {processor.py:830} INFO - Processing file /home/airflow/.local/lib/python3.11/site-packages/airflow/example_dags/example_time_delta_sensor_async.py for tasks to queue
[2024-12-22T22:53:32.311+0000] {logging_mixin.py:188} INFO - [2024-12-22T22:53:32.310+0000] {dagbag.py:538} INFO - Filling up the DagBag from /home/airflow/.local/lib/python3.11/site-packages/airflow/example_dags/example_time_delta_sensor_async.py
[2024-12-22T22:53:32.316+0000] {processor.py:840} INFO - DAG(s) 'example_time_delta_sensor_async' retrieved from /home/airflow/.local/lib/python3.11/site-packages/airflow/example_dags/example_time_delta_sensor_async.py
[2024-12-22T22:53:32.342+0000] {logging_mixin.py:188} INFO - [2024-12-22T22:53:32.342+0000] {dag.py:3036} INFO - Sync 1 DAGs
[2024-12-22T22:53:32.358+0000] {logging_mixin.py:188} INFO - [2024-12-22T22:53:32.358+0000] {dag.py:3823} INFO - Setting next_dagrun for example_time_delta_sensor_async to None, run_after=None
[2024-12-22T22:53:32.390+0000] {processor.py:183} INFO - Processing /home/airflow/.local/lib/python3.11/site-packages/airflow/example_dags/example_time_delta_sensor_async.py took 0.089 seconds
[2024-12-22T22:54:02.449+0000] {processor.py:161} INFO - Started process (PID=698) to work on /home/airflow/.local/lib/python3.11/site-packages/airflow/example_dags/example_time_delta_sensor_async.py
[2024-12-22T22:54:02.451+0000] {processor.py:830} INFO - Processing file /home/airflow/.local/lib/python3.11/site-packages/airflow/example_dags/example_time_delta_sensor_async.py for tasks to queue
[2024-12-22T22:54:02.455+0000] {logging_mixin.py:188} INFO - [2024-12-22T22:54:02.454+0000] {dagbag.py:538} INFO - Filling up the DagBag from /home/airflow/.local/lib/python3.11/site-packages/airflow/example_dags/example_time_delta_sensor_async.py
[2024-12-22T22:54:02.463+0000] {processor.py:840} INFO - DAG(s) 'example_time_delta_sensor_async' retrieved from /home/airflow/.local/lib/python3.11/site-packages/airflow/example_dags/example_time_delta_sensor_async.py
[2024-12-22T22:54:02.492+0000] {logging_mixin.py:188} INFO - [2024-12-22T22:54:02.491+0000] {dag.py:3036} INFO - Sync 1 DAGs
[2024-12-22T22:54:02.508+0000] {logging_mixin.py:188} INFO - [2024-12-22T22:54:02.508+0000] {dag.py:3823} INFO - Setting next_dagrun for example_time_delta_sensor_async to None, run_after=None
[2024-12-22T22:54:02.532+0000] {processor.py:183} INFO - Processing /home/airflow/.local/lib/python3.11/site-packages/airflow/example_dags/example_time_delta_sensor_async.py took 0.089 seconds
[2024-12-22T22:54:33.253+0000] {processor.py:161} INFO - Started process (PID=776) to work on /home/airflow/.local/lib/python3.11/site-packages/airflow/example_dags/example_time_delta_sensor_async.py
[2024-12-22T22:54:33.254+0000] {processor.py:830} INFO - Processing file /home/airflow/.local/lib/python3.11/site-packages/airflow/example_dags/example_time_delta_sensor_async.py for tasks to queue
[2024-12-22T22:54:33.257+0000] {logging_mixin.py:188} INFO - [2024-12-22T22:54:33.256+0000] {dagbag.py:538} INFO - Filling up the DagBag from /home/airflow/.local/lib/python3.11/site-packages/airflow/example_dags/example_time_delta_sensor_async.py
[2024-12-22T22:54:33.263+0000] {processor.py:840} INFO - DAG(s) 'example_time_delta_sensor_async' retrieved from /home/airflow/.local/lib/python3.11/site-packages/airflow/example_dags/example_time_delta_sensor_async.py
[2024-12-22T22:54:33.291+0000] {logging_mixin.py:188} INFO - [2024-12-22T22:54:33.291+0000] {dag.py:3036} INFO - Sync 1 DAGs
[2024-12-22T22:54:33.307+0000] {logging_mixin.py:188} INFO - [2024-12-22T22:54:33.307+0000] {dag.py:3823} INFO - Setting next_dagrun for example_time_delta_sensor_async to None, run_after=None
[2024-12-22T22:54:33.340+0000] {processor.py:183} INFO - Processing /home/airflow/.local/lib/python3.11/site-packages/airflow/example_dags/example_time_delta_sensor_async.py took 0.092 seconds
[2024-12-22T22:55:03.693+0000] {processor.py:161} INFO - Started process (PID=848) to work on /home/airflow/.local/lib/python3.11/site-packages/airflow/example_dags/example_time_delta_sensor_async.py
[2024-12-22T22:55:03.694+0000] {processor.py:830} INFO - Processing file /home/airflow/.local/lib/python3.11/site-packages/airflow/example_dags/example_time_delta_sensor_async.py for tasks to queue
[2024-12-22T22:55:03.697+0000] {logging_mixin.py:188} INFO - [2024-12-22T22:55:03.697+0000] {dagbag.py:538} INFO - Filling up the DagBag from /home/airflow/.local/lib/python3.11/site-packages/airflow/example_dags/example_time_delta_sensor_async.py
[2024-12-22T22:55:03.702+0000] {processor.py:840} INFO - DAG(s) 'example_time_delta_sensor_async' retrieved from /home/airflow/.local/lib/python3.11/site-packages/airflow/example_dags/example_time_delta_sensor_async.py
[2024-12-22T22:55:03.728+0000] {logging_mixin.py:188} INFO - [2024-12-22T22:55:03.728+0000] {dag.py:3036} INFO - Sync 1 DAGs
[2024-12-22T22:55:03.742+0000] {logging_mixin.py:188} INFO - [2024-12-22T22:55:03.742+0000] {dag.py:3823} INFO - Setting next_dagrun for example_time_delta_sensor_async to None, run_after=None
[2024-12-22T22:55:03.769+0000] {processor.py:183} INFO - Processing /home/airflow/.local/lib/python3.11/site-packages/airflow/example_dags/example_time_delta_sensor_async.py took 0.080 seconds
[2024-12-22T22:55:34.073+0000] {processor.py:161} INFO - Started process (PID=920) to work on /home/airflow/.local/lib/python3.11/site-packages/airflow/example_dags/example_time_delta_sensor_async.py
[2024-12-22T22:55:34.075+0000] {processor.py:830} INFO - Processing file /home/airflow/.local/lib/python3.11/site-packages/airflow/example_dags/example_time_delta_sensor_async.py for tasks to queue
[2024-12-22T22:55:34.078+0000] {logging_mixin.py:188} INFO - [2024-12-22T22:55:34.077+0000] {dagbag.py:538} INFO - Filling up the DagBag from /home/airflow/.local/lib/python3.11/site-packages/airflow/example_dags/example_time_delta_sensor_async.py
[2024-12-22T22:55:34.086+0000] {processor.py:840} INFO - DAG(s) 'example_time_delta_sensor_async' retrieved from /home/airflow/.local/lib/python3.11/site-packages/airflow/example_dags/example_time_delta_sensor_async.py
[2024-12-22T22:55:34.112+0000] {logging_mixin.py:188} INFO - [2024-12-22T22:55:34.111+0000] {dag.py:3036} INFO - Sync 1 DAGs
[2024-12-22T22:55:34.126+0000] {logging_mixin.py:188} INFO - [2024-12-22T22:55:34.126+0000] {dag.py:3823} INFO - Setting next_dagrun for example_time_delta_sensor_async to None, run_after=None
[2024-12-22T22:55:34.155+0000] {processor.py:183} INFO - Processing /home/airflow/.local/lib/python3.11/site-packages/airflow/example_dags/example_time_delta_sensor_async.py took 0.086 seconds
[2024-12-22T22:56:04.713+0000] {processor.py:161} INFO - Started process (PID=992) to work on /home/airflow/.local/lib/python3.11/site-packages/airflow/example_dags/example_time_delta_sensor_async.py
[2024-12-22T22:56:04.714+0000] {processor.py:830} INFO - Processing file /home/airflow/.local/lib/python3.11/site-packages/airflow/example_dags/example_time_delta_sensor_async.py for tasks to queue
[2024-12-22T22:56:04.717+0000] {logging_mixin.py:188} INFO - [2024-12-22T22:56:04.716+0000] {dagbag.py:538} INFO - Filling up the DagBag from /home/airflow/.local/lib/python3.11/site-packages/airflow/example_dags/example_time_delta_sensor_async.py
[2024-12-22T22:56:04.724+0000] {processor.py:840} INFO - DAG(s) 'example_time_delta_sensor_async' retrieved from /home/airflow/.local/lib/python3.11/site-packages/airflow/example_dags/example_time_delta_sensor_async.py
[2024-12-22T22:56:04.752+0000] {logging_mixin.py:188} INFO - [2024-12-22T22:56:04.752+0000] {dag.py:3036} INFO - Sync 1 DAGs
[2024-12-22T22:56:04.781+0000] {logging_mixin.py:188} INFO - [2024-12-22T22:56:04.780+0000] {dag.py:3823} INFO - Setting next_dagrun for example_time_delta_sensor_async to None, run_after=None
[2024-12-22T22:56:04.823+0000] {processor.py:183} INFO - Processing /home/airflow/.local/lib/python3.11/site-packages/airflow/example_dags/example_time_delta_sensor_async.py took 0.114 seconds
[2024-12-22T22:56:35.132+0000] {processor.py:161} INFO - Started process (PID=1071) to work on /home/airflow/.local/lib/python3.11/site-packages/airflow/example_dags/example_time_delta_sensor_async.py
[2024-12-22T22:56:35.134+0000] {processor.py:830} INFO - Processing file /home/airflow/.local/lib/python3.11/site-packages/airflow/example_dags/example_time_delta_sensor_async.py for tasks to queue
[2024-12-22T22:56:35.137+0000] {logging_mixin.py:188} INFO - [2024-12-22T22:56:35.136+0000] {dagbag.py:538} INFO - Filling up the DagBag from /home/airflow/.local/lib/python3.11/site-packages/airflow/example_dags/example_time_delta_sensor_async.py
[2024-12-22T22:56:35.145+0000] {processor.py:840} INFO - DAG(s) 'example_time_delta_sensor_async' retrieved from /home/airflow/.local/lib/python3.11/site-packages/airflow/example_dags/example_time_delta_sensor_async.py
[2024-12-22T22:56:35.179+0000] {logging_mixin.py:188} INFO - [2024-12-22T22:56:35.179+0000] {dag.py:3036} INFO - Sync 1 DAGs
[2024-12-22T22:56:35.198+0000] {logging_mixin.py:188} INFO - [2024-12-22T22:56:35.198+0000] {dag.py:3823} INFO - Setting next_dagrun for example_time_delta_sensor_async to None, run_after=None
[2024-12-22T22:56:35.221+0000] {processor.py:183} INFO - Processing /home/airflow/.local/lib/python3.11/site-packages/airflow/example_dags/example_time_delta_sensor_async.py took 0.094 seconds
[2024-12-22T22:57:05.431+0000] {processor.py:161} INFO - Started process (PID=1143) to work on /home/airflow/.local/lib/python3.11/site-packages/airflow/example_dags/example_time_delta_sensor_async.py
[2024-12-22T22:57:05.434+0000] {processor.py:830} INFO - Processing file /home/airflow/.local/lib/python3.11/site-packages/airflow/example_dags/example_time_delta_sensor_async.py for tasks to queue
[2024-12-22T22:57:05.438+0000] {logging_mixin.py:188} INFO - [2024-12-22T22:57:05.437+0000] {dagbag.py:538} INFO - Filling up the DagBag from /home/airflow/.local/lib/python3.11/site-packages/airflow/example_dags/example_time_delta_sensor_async.py
[2024-12-22T22:57:05.448+0000] {processor.py:840} INFO - DAG(s) 'example_time_delta_sensor_async' retrieved from /home/airflow/.local/lib/python3.11/site-packages/airflow/example_dags/example_time_delta_sensor_async.py
[2024-12-22T22:57:05.475+0000] {logging_mixin.py:188} INFO - [2024-12-22T22:57:05.475+0000] {dag.py:3036} INFO - Sync 1 DAGs
[2024-12-22T22:57:05.490+0000] {logging_mixin.py:188} INFO - [2024-12-22T22:57:05.490+0000] {dag.py:3823} INFO - Setting next_dagrun for example_time_delta_sensor_async to None, run_after=None
[2024-12-22T22:57:05.513+0000] {processor.py:183} INFO - Processing /home/airflow/.local/lib/python3.11/site-packages/airflow/example_dags/example_time_delta_sensor_async.py took 0.088 seconds
[2024-12-22T22:57:35.862+0000] {processor.py:161} INFO - Started process (PID=1215) to work on /home/airflow/.local/lib/python3.11/site-packages/airflow/example_dags/example_time_delta_sensor_async.py
[2024-12-22T22:57:35.863+0000] {processor.py:830} INFO - Processing file /home/airflow/.local/lib/python3.11/site-packages/airflow/example_dags/example_time_delta_sensor_async.py for tasks to queue
[2024-12-22T22:57:35.866+0000] {logging_mixin.py:188} INFO - [2024-12-22T22:57:35.865+0000] {dagbag.py:538} INFO - Filling up the DagBag from /home/airflow/.local/lib/python3.11/site-packages/airflow/example_dags/example_time_delta_sensor_async.py
[2024-12-22T22:57:35.871+0000] {processor.py:840} INFO - DAG(s) 'example_time_delta_sensor_async' retrieved from /home/airflow/.local/lib/python3.11/site-packages/airflow/example_dags/example_time_delta_sensor_async.py
[2024-12-22T22:57:35.899+0000] {logging_mixin.py:188} INFO - [2024-12-22T22:57:35.899+0000] {dag.py:3036} INFO - Sync 1 DAGs
[2024-12-22T22:57:35.915+0000] {logging_mixin.py:188} INFO - [2024-12-22T22:57:35.914+0000] {dag.py:3823} INFO - Setting next_dagrun for example_time_delta_sensor_async to None, run_after=None
[2024-12-22T22:57:35.946+0000] {processor.py:183} INFO - Processing /home/airflow/.local/lib/python3.11/site-packages/airflow/example_dags/example_time_delta_sensor_async.py took 0.088 seconds
[2024-12-22T22:58:06.466+0000] {processor.py:161} INFO - Started process (PID=1294) to work on /home/airflow/.local/lib/python3.11/site-packages/airflow/example_dags/example_time_delta_sensor_async.py
[2024-12-22T22:58:06.468+0000] {processor.py:830} INFO - Processing file /home/airflow/.local/lib/python3.11/site-packages/airflow/example_dags/example_time_delta_sensor_async.py for tasks to queue
[2024-12-22T22:58:06.471+0000] {logging_mixin.py:188} INFO - [2024-12-22T22:58:06.470+0000] {dagbag.py:538} INFO - Filling up the DagBag from /home/airflow/.local/lib/python3.11/site-packages/airflow/example_dags/example_time_delta_sensor_async.py
[2024-12-22T22:58:06.477+0000] {processor.py:840} INFO - DAG(s) 'example_time_delta_sensor_async' retrieved from /home/airflow/.local/lib/python3.11/site-packages/airflow/example_dags/example_time_delta_sensor_async.py
[2024-12-22T22:58:06.502+0000] {logging_mixin.py:188} INFO - [2024-12-22T22:58:06.502+0000] {dag.py:3036} INFO - Sync 1 DAGs
[2024-12-22T22:58:06.517+0000] {logging_mixin.py:188} INFO - [2024-12-22T22:58:06.517+0000] {dag.py:3823} INFO - Setting next_dagrun for example_time_delta_sensor_async to None, run_after=None
[2024-12-22T22:58:06.548+0000] {processor.py:183} INFO - Processing /home/airflow/.local/lib/python3.11/site-packages/airflow/example_dags/example_time_delta_sensor_async.py took 0.087 seconds
[2024-12-22T22:58:37.147+0000] {processor.py:161} INFO - Started process (PID=1359) to work on /home/airflow/.local/lib/python3.11/site-packages/airflow/example_dags/example_time_delta_sensor_async.py
[2024-12-22T22:58:37.149+0000] {processor.py:830} INFO - Processing file /home/airflow/.local/lib/python3.11/site-packages/airflow/example_dags/example_time_delta_sensor_async.py for tasks to queue
[2024-12-22T22:58:37.153+0000] {logging_mixin.py:188} INFO - [2024-12-22T22:58:37.153+0000] {dagbag.py:538} INFO - Filling up the DagBag from /home/airflow/.local/lib/python3.11/site-packages/airflow/example_dags/example_time_delta_sensor_async.py
[2024-12-22T22:58:37.164+0000] {processor.py:840} INFO - DAG(s) 'example_time_delta_sensor_async' retrieved from /home/airflow/.local/lib/python3.11/site-packages/airflow/example_dags/example_time_delta_sensor_async.py
[2024-12-22T22:58:37.208+0000] {logging_mixin.py:188} INFO - [2024-12-22T22:58:37.208+0000] {dag.py:3036} INFO - Sync 1 DAGs
[2024-12-22T22:58:37.226+0000] {logging_mixin.py:188} INFO - [2024-12-22T22:58:37.225+0000] {dag.py:3823} INFO - Setting next_dagrun for example_time_delta_sensor_async to None, run_after=None
[2024-12-22T22:58:37.258+0000] {processor.py:183} INFO - Processing /home/airflow/.local/lib/python3.11/site-packages/airflow/example_dags/example_time_delta_sensor_async.py took 0.115 seconds
[2024-12-22T22:59:07.403+0000] {processor.py:161} INFO - Started process (PID=1429) to work on /home/airflow/.local/lib/python3.11/site-packages/airflow/example_dags/example_time_delta_sensor_async.py
[2024-12-22T22:59:07.404+0000] {processor.py:830} INFO - Processing file /home/airflow/.local/lib/python3.11/site-packages/airflow/example_dags/example_time_delta_sensor_async.py for tasks to queue
[2024-12-22T22:59:07.407+0000] {logging_mixin.py:188} INFO - [2024-12-22T22:59:07.406+0000] {dagbag.py:538} INFO - Filling up the DagBag from /home/airflow/.local/lib/python3.11/site-packages/airflow/example_dags/example_time_delta_sensor_async.py
[2024-12-22T22:59:07.413+0000] {processor.py:840} INFO - DAG(s) 'example_time_delta_sensor_async' retrieved from /home/airflow/.local/lib/python3.11/site-packages/airflow/example_dags/example_time_delta_sensor_async.py
[2024-12-22T22:59:07.438+0000] {logging_mixin.py:188} INFO - [2024-12-22T22:59:07.438+0000] {dag.py:3036} INFO - Sync 1 DAGs
[2024-12-22T22:59:07.455+0000] {logging_mixin.py:188} INFO - [2024-12-22T22:59:07.455+0000] {dag.py:3823} INFO - Setting next_dagrun for example_time_delta_sensor_async to None, run_after=None
[2024-12-22T22:59:07.481+0000] {processor.py:183} INFO - Processing /home/airflow/.local/lib/python3.11/site-packages/airflow/example_dags/example_time_delta_sensor_async.py took 0.082 seconds
[2024-12-22T22:59:37.805+0000] {processor.py:161} INFO - Started process (PID=1501) to work on /home/airflow/.local/lib/python3.11/site-packages/airflow/example_dags/example_time_delta_sensor_async.py
[2024-12-22T22:59:37.806+0000] {processor.py:830} INFO - Processing file /home/airflow/.local/lib/python3.11/site-packages/airflow/example_dags/example_time_delta_sensor_async.py for tasks to queue
[2024-12-22T22:59:37.809+0000] {logging_mixin.py:188} INFO - [2024-12-22T22:59:37.809+0000] {dagbag.py:538} INFO - Filling up the DagBag from /home/airflow/.local/lib/python3.11/site-packages/airflow/example_dags/example_time_delta_sensor_async.py
[2024-12-22T22:59:37.814+0000] {processor.py:840} INFO - DAG(s) 'example_time_delta_sensor_async' retrieved from /home/airflow/.local/lib/python3.11/site-packages/airflow/example_dags/example_time_delta_sensor_async.py
[2024-12-22T22:59:37.841+0000] {logging_mixin.py:188} INFO - [2024-12-22T22:59:37.841+0000] {dag.py:3036} INFO - Sync 1 DAGs
[2024-12-22T22:59:37.854+0000] {logging_mixin.py:188} INFO - [2024-12-22T22:59:37.854+0000] {dag.py:3823} INFO - Setting next_dagrun for example_time_delta_sensor_async to None, run_after=None
[2024-12-22T22:59:37.896+0000] {processor.py:183} INFO - Processing /home/airflow/.local/lib/python3.11/site-packages/airflow/example_dags/example_time_delta_sensor_async.py took 0.095 seconds
[2024-12-22T23:00:08.198+0000] {processor.py:161} INFO - Started process (PID=1580) to work on /home/airflow/.local/lib/python3.11/site-packages/airflow/example_dags/example_time_delta_sensor_async.py
[2024-12-22T23:00:08.200+0000] {processor.py:830} INFO - Processing file /home/airflow/.local/lib/python3.11/site-packages/airflow/example_dags/example_time_delta_sensor_async.py for tasks to queue
[2024-12-22T23:00:08.202+0000] {logging_mixin.py:188} INFO - [2024-12-22T23:00:08.202+0000] {dagbag.py:538} INFO - Filling up the DagBag from /home/airflow/.local/lib/python3.11/site-packages/airflow/example_dags/example_time_delta_sensor_async.py
[2024-12-22T23:00:08.208+0000] {processor.py:840} INFO - DAG(s) 'example_time_delta_sensor_async' retrieved from /home/airflow/.local/lib/python3.11/site-packages/airflow/example_dags/example_time_delta_sensor_async.py
[2024-12-22T23:00:08.233+0000] {logging_mixin.py:188} INFO - [2024-12-22T23:00:08.232+0000] {dag.py:3036} INFO - Sync 1 DAGs
[2024-12-22T23:00:08.252+0000] {logging_mixin.py:188} INFO - [2024-12-22T23:00:08.252+0000] {dag.py:3823} INFO - Setting next_dagrun for example_time_delta_sensor_async to None, run_after=None
[2024-12-22T23:00:08.273+0000] {processor.py:183} INFO - Processing /home/airflow/.local/lib/python3.11/site-packages/airflow/example_dags/example_time_delta_sensor_async.py took 0.081 seconds
[2024-12-22T23:00:38.952+0000] {processor.py:161} INFO - Started process (PID=1652) to work on /home/airflow/.local/lib/python3.11/site-packages/airflow/example_dags/example_time_delta_sensor_async.py
[2024-12-22T23:00:38.954+0000] {processor.py:830} INFO - Processing file /home/airflow/.local/lib/python3.11/site-packages/airflow/example_dags/example_time_delta_sensor_async.py for tasks to queue
[2024-12-22T23:00:38.957+0000] {logging_mixin.py:188} INFO - [2024-12-22T23:00:38.956+0000] {dagbag.py:538} INFO - Filling up the DagBag from /home/airflow/.local/lib/python3.11/site-packages/airflow/example_dags/example_time_delta_sensor_async.py
[2024-12-22T23:00:38.964+0000] {processor.py:840} INFO - DAG(s) 'example_time_delta_sensor_async' retrieved from /home/airflow/.local/lib/python3.11/site-packages/airflow/example_dags/example_time_delta_sensor_async.py
[2024-12-22T23:00:38.989+0000] {logging_mixin.py:188} INFO - [2024-12-22T23:00:38.989+0000] {dag.py:3036} INFO - Sync 1 DAGs
[2024-12-22T23:00:39.004+0000] {logging_mixin.py:188} INFO - [2024-12-22T23:00:39.004+0000] {dag.py:3823} INFO - Setting next_dagrun for example_time_delta_sensor_async to None, run_after=None
[2024-12-22T23:00:39.030+0000] {processor.py:183} INFO - Processing /home/airflow/.local/lib/python3.11/site-packages/airflow/example_dags/example_time_delta_sensor_async.py took 0.083 seconds
[2024-12-22T23:01:09.439+0000] {processor.py:161} INFO - Started process (PID=1724) to work on /home/airflow/.local/lib/python3.11/site-packages/airflow/example_dags/example_time_delta_sensor_async.py
[2024-12-22T23:01:09.441+0000] {processor.py:830} INFO - Processing file /home/airflow/.local/lib/python3.11/site-packages/airflow/example_dags/example_time_delta_sensor_async.py for tasks to queue
[2024-12-22T23:01:09.444+0000] {logging_mixin.py:188} INFO - [2024-12-22T23:01:09.443+0000] {dagbag.py:538} INFO - Filling up the DagBag from /home/airflow/.local/lib/python3.11/site-packages/airflow/example_dags/example_time_delta_sensor_async.py
[2024-12-22T23:01:09.450+0000] {processor.py:840} INFO - DAG(s) 'example_time_delta_sensor_async' retrieved from /home/airflow/.local/lib/python3.11/site-packages/airflow/example_dags/example_time_delta_sensor_async.py
[2024-12-22T23:01:09.476+0000] {logging_mixin.py:188} INFO - [2024-12-22T23:01:09.475+0000] {dag.py:3036} INFO - Sync 1 DAGs
[2024-12-22T23:01:09.492+0000] {logging_mixin.py:188} INFO - [2024-12-22T23:01:09.491+0000] {dag.py:3823} INFO - Setting next_dagrun for example_time_delta_sensor_async to None, run_after=None
[2024-12-22T23:01:09.523+0000] {processor.py:183} INFO - Processing /home/airflow/.local/lib/python3.11/site-packages/airflow/example_dags/example_time_delta_sensor_async.py took 0.088 seconds
[2024-12-22T23:01:40.030+0000] {processor.py:161} INFO - Started process (PID=1796) to work on /home/airflow/.local/lib/python3.11/site-packages/airflow/example_dags/example_time_delta_sensor_async.py
[2024-12-22T23:01:40.032+0000] {processor.py:830} INFO - Processing file /home/airflow/.local/lib/python3.11/site-packages/airflow/example_dags/example_time_delta_sensor_async.py for tasks to queue
[2024-12-22T23:01:40.036+0000] {logging_mixin.py:188} INFO - [2024-12-22T23:01:40.035+0000] {dagbag.py:538} INFO - Filling up the DagBag from /home/airflow/.local/lib/python3.11/site-packages/airflow/example_dags/example_time_delta_sensor_async.py
[2024-12-22T23:01:40.043+0000] {processor.py:840} INFO - DAG(s) 'example_time_delta_sensor_async' retrieved from /home/airflow/.local/lib/python3.11/site-packages/airflow/example_dags/example_time_delta_sensor_async.py
[2024-12-22T23:01:40.069+0000] {logging_mixin.py:188} INFO - [2024-12-22T23:01:40.069+0000] {dag.py:3036} INFO - Sync 1 DAGs
[2024-12-22T23:01:40.086+0000] {logging_mixin.py:188} INFO - [2024-12-22T23:01:40.085+0000] {dag.py:3823} INFO - Setting next_dagrun for example_time_delta_sensor_async to None, run_after=None
[2024-12-22T23:01:40.118+0000] {processor.py:183} INFO - Processing /home/airflow/.local/lib/python3.11/site-packages/airflow/example_dags/example_time_delta_sensor_async.py took 0.095 seconds
[2024-12-22T23:02:11.084+0000] {processor.py:161} INFO - Started process (PID=1875) to work on /home/airflow/.local/lib/python3.11/site-packages/airflow/example_dags/example_time_delta_sensor_async.py
[2024-12-22T23:02:11.085+0000] {processor.py:830} INFO - Processing file /home/airflow/.local/lib/python3.11/site-packages/airflow/example_dags/example_time_delta_sensor_async.py for tasks to queue
[2024-12-22T23:02:11.088+0000] {logging_mixin.py:188} INFO - [2024-12-22T23:02:11.087+0000] {dagbag.py:538} INFO - Filling up the DagBag from /home/airflow/.local/lib/python3.11/site-packages/airflow/example_dags/example_time_delta_sensor_async.py
[2024-12-22T23:02:11.093+0000] {processor.py:840} INFO - DAG(s) 'example_time_delta_sensor_async' retrieved from /home/airflow/.local/lib/python3.11/site-packages/airflow/example_dags/example_time_delta_sensor_async.py
[2024-12-22T23:02:11.117+0000] {logging_mixin.py:188} INFO - [2024-12-22T23:02:11.117+0000] {dag.py:3036} INFO - Sync 1 DAGs
[2024-12-22T23:02:11.131+0000] {logging_mixin.py:188} INFO - [2024-12-22T23:02:11.131+0000] {dag.py:3823} INFO - Setting next_dagrun for example_time_delta_sensor_async to None, run_after=None
[2024-12-22T23:02:11.166+0000] {processor.py:183} INFO - Processing /home/airflow/.local/lib/python3.11/site-packages/airflow/example_dags/example_time_delta_sensor_async.py took 0.087 seconds
[2024-12-22T23:02:41.284+0000] {processor.py:161} INFO - Started process (PID=1947) to work on /home/airflow/.local/lib/python3.11/site-packages/airflow/example_dags/example_time_delta_sensor_async.py
[2024-12-22T23:02:41.286+0000] {processor.py:830} INFO - Processing file /home/airflow/.local/lib/python3.11/site-packages/airflow/example_dags/example_time_delta_sensor_async.py for tasks to queue
[2024-12-22T23:02:41.289+0000] {logging_mixin.py:188} INFO - [2024-12-22T23:02:41.288+0000] {dagbag.py:538} INFO - Filling up the DagBag from /home/airflow/.local/lib/python3.11/site-packages/airflow/example_dags/example_time_delta_sensor_async.py
[2024-12-22T23:02:41.295+0000] {processor.py:840} INFO - DAG(s) 'example_time_delta_sensor_async' retrieved from /home/airflow/.local/lib/python3.11/site-packages/airflow/example_dags/example_time_delta_sensor_async.py
[2024-12-22T23:02:41.320+0000] {logging_mixin.py:188} INFO - [2024-12-22T23:02:41.320+0000] {dag.py:3036} INFO - Sync 1 DAGs
[2024-12-22T23:02:41.335+0000] {logging_mixin.py:188} INFO - [2024-12-22T23:02:41.335+0000] {dag.py:3823} INFO - Setting next_dagrun for example_time_delta_sensor_async to None, run_after=None
[2024-12-22T23:02:41.365+0000] {processor.py:183} INFO - Processing /home/airflow/.local/lib/python3.11/site-packages/airflow/example_dags/example_time_delta_sensor_async.py took 0.084 seconds
[2024-12-22T23:03:11.695+0000] {processor.py:161} INFO - Started process (PID=2019) to work on /home/airflow/.local/lib/python3.11/site-packages/airflow/example_dags/example_time_delta_sensor_async.py
[2024-12-22T23:03:11.697+0000] {processor.py:830} INFO - Processing file /home/airflow/.local/lib/python3.11/site-packages/airflow/example_dags/example_time_delta_sensor_async.py for tasks to queue
[2024-12-22T23:03:11.700+0000] {logging_mixin.py:188} INFO - [2024-12-22T23:03:11.699+0000] {dagbag.py:538} INFO - Filling up the DagBag from /home/airflow/.local/lib/python3.11/site-packages/airflow/example_dags/example_time_delta_sensor_async.py
[2024-12-22T23:03:11.705+0000] {processor.py:840} INFO - DAG(s) 'example_time_delta_sensor_async' retrieved from /home/airflow/.local/lib/python3.11/site-packages/airflow/example_dags/example_time_delta_sensor_async.py
[2024-12-22T23:03:11.732+0000] {logging_mixin.py:188} INFO - [2024-12-22T23:03:11.732+0000] {dag.py:3036} INFO - Sync 1 DAGs
[2024-12-22T23:03:11.748+0000] {logging_mixin.py:188} INFO - [2024-12-22T23:03:11.748+0000] {dag.py:3823} INFO - Setting next_dagrun for example_time_delta_sensor_async to None, run_after=None
[2024-12-22T23:03:11.787+0000] {processor.py:183} INFO - Processing /home/airflow/.local/lib/python3.11/site-packages/airflow/example_dags/example_time_delta_sensor_async.py took 0.095 seconds
[2024-12-22T23:03:42.160+0000] {processor.py:161} INFO - Started process (PID=2089) to work on /home/airflow/.local/lib/python3.11/site-packages/airflow/example_dags/example_time_delta_sensor_async.py
[2024-12-22T23:03:42.162+0000] {processor.py:830} INFO - Processing file /home/airflow/.local/lib/python3.11/site-packages/airflow/example_dags/example_time_delta_sensor_async.py for tasks to queue
[2024-12-22T23:03:42.166+0000] {logging_mixin.py:188} INFO - [2024-12-22T23:03:42.165+0000] {dagbag.py:538} INFO - Filling up the DagBag from /home/airflow/.local/lib/python3.11/site-packages/airflow/example_dags/example_time_delta_sensor_async.py
[2024-12-22T23:03:42.173+0000] {processor.py:840} INFO - DAG(s) 'example_time_delta_sensor_async' retrieved from /home/airflow/.local/lib/python3.11/site-packages/airflow/example_dags/example_time_delta_sensor_async.py
[2024-12-22T23:03:42.203+0000] {logging_mixin.py:188} INFO - [2024-12-22T23:03:42.203+0000] {dag.py:3036} INFO - Sync 1 DAGs
[2024-12-22T23:03:42.225+0000] {logging_mixin.py:188} INFO - [2024-12-22T23:03:42.224+0000] {dag.py:3823} INFO - Setting next_dagrun for example_time_delta_sensor_async to None, run_after=None
[2024-12-22T23:03:42.257+0000] {processor.py:183} INFO - Processing /home/airflow/.local/lib/python3.11/site-packages/airflow/example_dags/example_time_delta_sensor_async.py took 0.102 seconds
[2024-12-22T23:04:12.962+0000] {processor.py:161} INFO - Started process (PID=2161) to work on /home/airflow/.local/lib/python3.11/site-packages/airflow/example_dags/example_time_delta_sensor_async.py
[2024-12-22T23:04:12.963+0000] {processor.py:830} INFO - Processing file /home/airflow/.local/lib/python3.11/site-packages/airflow/example_dags/example_time_delta_sensor_async.py for tasks to queue
[2024-12-22T23:04:12.966+0000] {logging_mixin.py:188} INFO - [2024-12-22T23:04:12.966+0000] {dagbag.py:538} INFO - Filling up the DagBag from /home/airflow/.local/lib/python3.11/site-packages/airflow/example_dags/example_time_delta_sensor_async.py
[2024-12-22T23:04:12.973+0000] {processor.py:840} INFO - DAG(s) 'example_time_delta_sensor_async' retrieved from /home/airflow/.local/lib/python3.11/site-packages/airflow/example_dags/example_time_delta_sensor_async.py
[2024-12-22T23:04:13.008+0000] {logging_mixin.py:188} INFO - [2024-12-22T23:04:13.007+0000] {dag.py:3036} INFO - Sync 1 DAGs
[2024-12-22T23:04:13.028+0000] {logging_mixin.py:188} INFO - [2024-12-22T23:04:13.027+0000] {dag.py:3823} INFO - Setting next_dagrun for example_time_delta_sensor_async to None, run_after=None
[2024-12-22T23:04:13.054+0000] {processor.py:183} INFO - Processing /home/airflow/.local/lib/python3.11/site-packages/airflow/example_dags/example_time_delta_sensor_async.py took 0.098 seconds
[2024-12-22T23:04:43.353+0000] {processor.py:161} INFO - Started process (PID=2233) to work on /home/airflow/.local/lib/python3.11/site-packages/airflow/example_dags/example_time_delta_sensor_async.py
[2024-12-22T23:04:43.356+0000] {processor.py:830} INFO - Processing file /home/airflow/.local/lib/python3.11/site-packages/airflow/example_dags/example_time_delta_sensor_async.py for tasks to queue
[2024-12-22T23:04:43.361+0000] {logging_mixin.py:188} INFO - [2024-12-22T23:04:43.360+0000] {dagbag.py:538} INFO - Filling up the DagBag from /home/airflow/.local/lib/python3.11/site-packages/airflow/example_dags/example_time_delta_sensor_async.py
[2024-12-22T23:04:43.373+0000] {processor.py:840} INFO - DAG(s) 'example_time_delta_sensor_async' retrieved from /home/airflow/.local/lib/python3.11/site-packages/airflow/example_dags/example_time_delta_sensor_async.py
[2024-12-22T23:04:43.424+0000] {logging_mixin.py:188} INFO - [2024-12-22T23:04:43.424+0000] {dag.py:3036} INFO - Sync 1 DAGs
[2024-12-22T23:04:43.440+0000] {logging_mixin.py:188} INFO - [2024-12-22T23:04:43.440+0000] {dag.py:3823} INFO - Setting next_dagrun for example_time_delta_sensor_async to None, run_after=None
[2024-12-22T23:04:43.472+0000] {processor.py:183} INFO - Processing /home/airflow/.local/lib/python3.11/site-packages/airflow/example_dags/example_time_delta_sensor_async.py took 0.127 seconds
[2024-12-22T23:05:14.003+0000] {processor.py:161} INFO - Started process (PID=2305) to work on /home/airflow/.local/lib/python3.11/site-packages/airflow/example_dags/example_time_delta_sensor_async.py
[2024-12-22T23:05:14.005+0000] {processor.py:830} INFO - Processing file /home/airflow/.local/lib/python3.11/site-packages/airflow/example_dags/example_time_delta_sensor_async.py for tasks to queue
[2024-12-22T23:05:14.009+0000] {logging_mixin.py:188} INFO - [2024-12-22T23:05:14.008+0000] {dagbag.py:538} INFO - Filling up the DagBag from /home/airflow/.local/lib/python3.11/site-packages/airflow/example_dags/example_time_delta_sensor_async.py
[2024-12-22T23:05:14.015+0000] {processor.py:840} INFO - DAG(s) 'example_time_delta_sensor_async' retrieved from /home/airflow/.local/lib/python3.11/site-packages/airflow/example_dags/example_time_delta_sensor_async.py
[2024-12-22T23:05:14.040+0000] {logging_mixin.py:188} INFO - [2024-12-22T23:05:14.040+0000] {dag.py:3036} INFO - Sync 1 DAGs
[2024-12-22T23:05:14.053+0000] {logging_mixin.py:188} INFO - [2024-12-22T23:05:14.053+0000] {dag.py:3823} INFO - Setting next_dagrun for example_time_delta_sensor_async to None, run_after=None
[2024-12-22T23:05:14.083+0000] {processor.py:183} INFO - Processing /home/airflow/.local/lib/python3.11/site-packages/airflow/example_dags/example_time_delta_sensor_async.py took 0.084 seconds
[2024-12-22T23:05:44.178+0000] {processor.py:161} INFO - Started process (PID=2384) to work on /home/airflow/.local/lib/python3.11/site-packages/airflow/example_dags/example_time_delta_sensor_async.py
[2024-12-22T23:05:44.180+0000] {processor.py:830} INFO - Processing file /home/airflow/.local/lib/python3.11/site-packages/airflow/example_dags/example_time_delta_sensor_async.py for tasks to queue
[2024-12-22T23:05:44.183+0000] {logging_mixin.py:188} INFO - [2024-12-22T23:05:44.183+0000] {dagbag.py:538} INFO - Filling up the DagBag from /home/airflow/.local/lib/python3.11/site-packages/airflow/example_dags/example_time_delta_sensor_async.py
[2024-12-22T23:05:44.189+0000] {processor.py:840} INFO - DAG(s) 'example_time_delta_sensor_async' retrieved from /home/airflow/.local/lib/python3.11/site-packages/airflow/example_dags/example_time_delta_sensor_async.py
[2024-12-22T23:05:44.214+0000] {logging_mixin.py:188} INFO - [2024-12-22T23:05:44.214+0000] {dag.py:3036} INFO - Sync 1 DAGs
[2024-12-22T23:05:44.233+0000] {logging_mixin.py:188} INFO - [2024-12-22T23:05:44.232+0000] {dag.py:3823} INFO - Setting next_dagrun for example_time_delta_sensor_async to None, run_after=None
[2024-12-22T23:05:44.265+0000] {processor.py:183} INFO - Processing /home/airflow/.local/lib/python3.11/site-packages/airflow/example_dags/example_time_delta_sensor_async.py took 0.090 seconds
[2024-12-22T23:06:14.783+0000] {processor.py:161} INFO - Started process (PID=2456) to work on /home/airflow/.local/lib/python3.11/site-packages/airflow/example_dags/example_time_delta_sensor_async.py
[2024-12-22T23:06:14.785+0000] {processor.py:830} INFO - Processing file /home/airflow/.local/lib/python3.11/site-packages/airflow/example_dags/example_time_delta_sensor_async.py for tasks to queue
[2024-12-22T23:06:14.789+0000] {logging_mixin.py:188} INFO - [2024-12-22T23:06:14.789+0000] {dagbag.py:538} INFO - Filling up the DagBag from /home/airflow/.local/lib/python3.11/site-packages/airflow/example_dags/example_time_delta_sensor_async.py
[2024-12-22T23:06:14.797+0000] {processor.py:840} INFO - DAG(s) 'example_time_delta_sensor_async' retrieved from /home/airflow/.local/lib/python3.11/site-packages/airflow/example_dags/example_time_delta_sensor_async.py
[2024-12-22T23:06:14.830+0000] {logging_mixin.py:188} INFO - [2024-12-22T23:06:14.829+0000] {dag.py:3036} INFO - Sync 1 DAGs
[2024-12-22T23:06:14.844+0000] {logging_mixin.py:188} INFO - [2024-12-22T23:06:14.844+0000] {dag.py:3823} INFO - Setting next_dagrun for example_time_delta_sensor_async to None, run_after=None
[2024-12-22T23:06:14.875+0000] {processor.py:183} INFO - Processing /home/airflow/.local/lib/python3.11/site-packages/airflow/example_dags/example_time_delta_sensor_async.py took 0.099 seconds
[2024-12-22T23:06:45.175+0000] {processor.py:161} INFO - Started process (PID=2529) to work on /home/airflow/.local/lib/python3.11/site-packages/airflow/example_dags/example_time_delta_sensor_async.py
[2024-12-22T23:06:45.177+0000] {processor.py:830} INFO - Processing file /home/airflow/.local/lib/python3.11/site-packages/airflow/example_dags/example_time_delta_sensor_async.py for tasks to queue
[2024-12-22T23:06:45.180+0000] {logging_mixin.py:188} INFO - [2024-12-22T23:06:45.180+0000] {dagbag.py:538} INFO - Filling up the DagBag from /home/airflow/.local/lib/python3.11/site-packages/airflow/example_dags/example_time_delta_sensor_async.py
[2024-12-22T23:06:45.187+0000] {processor.py:840} INFO - DAG(s) 'example_time_delta_sensor_async' retrieved from /home/airflow/.local/lib/python3.11/site-packages/airflow/example_dags/example_time_delta_sensor_async.py
[2024-12-22T23:06:45.216+0000] {logging_mixin.py:188} INFO - [2024-12-22T23:06:45.215+0000] {dag.py:3036} INFO - Sync 1 DAGs
[2024-12-22T23:06:45.233+0000] {logging_mixin.py:188} INFO - [2024-12-22T23:06:45.232+0000] {dag.py:3823} INFO - Setting next_dagrun for example_time_delta_sensor_async to None, run_after=None
[2024-12-22T23:06:45.261+0000] {processor.py:183} INFO - Processing /home/airflow/.local/lib/python3.11/site-packages/airflow/example_dags/example_time_delta_sensor_async.py took 0.091 seconds
[2024-12-22T23:07:15.635+0000] {processor.py:161} INFO - Started process (PID=2601) to work on /home/airflow/.local/lib/python3.11/site-packages/airflow/example_dags/example_time_delta_sensor_async.py
[2024-12-22T23:07:15.637+0000] {processor.py:830} INFO - Processing file /home/airflow/.local/lib/python3.11/site-packages/airflow/example_dags/example_time_delta_sensor_async.py for tasks to queue
[2024-12-22T23:07:15.640+0000] {logging_mixin.py:188} INFO - [2024-12-22T23:07:15.639+0000] {dagbag.py:538} INFO - Filling up the DagBag from /home/airflow/.local/lib/python3.11/site-packages/airflow/example_dags/example_time_delta_sensor_async.py
[2024-12-22T23:07:15.647+0000] {processor.py:840} INFO - DAG(s) 'example_time_delta_sensor_async' retrieved from /home/airflow/.local/lib/python3.11/site-packages/airflow/example_dags/example_time_delta_sensor_async.py
[2024-12-22T23:07:15.674+0000] {logging_mixin.py:188} INFO - [2024-12-22T23:07:15.674+0000] {dag.py:3036} INFO - Sync 1 DAGs
[2024-12-22T23:07:15.689+0000] {logging_mixin.py:188} INFO - [2024-12-22T23:07:15.689+0000] {dag.py:3823} INFO - Setting next_dagrun for example_time_delta_sensor_async to None, run_after=None
[2024-12-22T23:07:15.720+0000] {processor.py:183} INFO - Processing /home/airflow/.local/lib/python3.11/site-packages/airflow/example_dags/example_time_delta_sensor_async.py took 0.089 seconds
[2024-12-22T23:07:46.359+0000] {processor.py:161} INFO - Started process (PID=2680) to work on /home/airflow/.local/lib/python3.11/site-packages/airflow/example_dags/example_time_delta_sensor_async.py
[2024-12-22T23:07:46.361+0000] {processor.py:830} INFO - Processing file /home/airflow/.local/lib/python3.11/site-packages/airflow/example_dags/example_time_delta_sensor_async.py for tasks to queue
[2024-12-22T23:07:46.364+0000] {logging_mixin.py:188} INFO - [2024-12-22T23:07:46.363+0000] {dagbag.py:538} INFO - Filling up the DagBag from /home/airflow/.local/lib/python3.11/site-packages/airflow/example_dags/example_time_delta_sensor_async.py
[2024-12-22T23:07:46.373+0000] {processor.py:840} INFO - DAG(s) 'example_time_delta_sensor_async' retrieved from /home/airflow/.local/lib/python3.11/site-packages/airflow/example_dags/example_time_delta_sensor_async.py
[2024-12-22T23:07:46.401+0000] {logging_mixin.py:188} INFO - [2024-12-22T23:07:46.401+0000] {dag.py:3036} INFO - Sync 1 DAGs
[2024-12-22T23:07:46.416+0000] {logging_mixin.py:188} INFO - [2024-12-22T23:07:46.416+0000] {dag.py:3823} INFO - Setting next_dagrun for example_time_delta_sensor_async to None, run_after=None
[2024-12-22T23:07:46.438+0000] {processor.py:183} INFO - Processing /home/airflow/.local/lib/python3.11/site-packages/airflow/example_dags/example_time_delta_sensor_async.py took 0.083 seconds
[2024-12-22T23:44:34.848+0000] {processor.py:161} INFO - Started process (PID=2742) to work on /home/airflow/.local/lib/python3.11/site-packages/airflow/example_dags/example_time_delta_sensor_async.py
[2024-12-22T23:44:34.850+0000] {processor.py:830} INFO - Processing file /home/airflow/.local/lib/python3.11/site-packages/airflow/example_dags/example_time_delta_sensor_async.py for tasks to queue
[2024-12-22T23:44:34.853+0000] {logging_mixin.py:188} INFO - [2024-12-22T23:44:34.853+0000] {dagbag.py:538} INFO - Filling up the DagBag from /home/airflow/.local/lib/python3.11/site-packages/airflow/example_dags/example_time_delta_sensor_async.py
[2024-12-22T23:44:34.860+0000] {processor.py:840} INFO - DAG(s) 'example_time_delta_sensor_async' retrieved from /home/airflow/.local/lib/python3.11/site-packages/airflow/example_dags/example_time_delta_sensor_async.py
[2024-12-22T23:44:34.889+0000] {logging_mixin.py:188} INFO - [2024-12-22T23:44:34.889+0000] {dag.py:3036} INFO - Sync 1 DAGs
[2024-12-22T23:44:34.909+0000] {logging_mixin.py:188} INFO - [2024-12-22T23:44:34.908+0000] {dag.py:3823} INFO - Setting next_dagrun for example_time_delta_sensor_async to None, run_after=None
[2024-12-22T23:44:34.940+0000] {processor.py:183} INFO - Processing /home/airflow/.local/lib/python3.11/site-packages/airflow/example_dags/example_time_delta_sensor_async.py took 0.096 seconds
