[2024-12-22T22:50:05.379+0000] {processor.py:161} INFO - Started process (PID=148) to work on /home/airflow/.local/lib/python3.11/site-packages/airflow/example_dags/example_short_circuit_operator.py
[2024-12-22T22:50:05.381+0000] {processor.py:830} INFO - Processing file /home/airflow/.local/lib/python3.11/site-packages/airflow/example_dags/example_short_circuit_operator.py for tasks to queue
[2024-12-22T22:50:05.384+0000] {logging_mixin.py:188} INFO - [2024-12-22T22:50:05.383+0000] {dagbag.py:538} INFO - Filling up the DagBag from /home/airflow/.local/lib/python3.11/site-packages/airflow/example_dags/example_short_circuit_operator.py
[2024-12-22T22:50:05.398+0000] {processor.py:840} INFO - DAG(s) 'example_short_circuit_operator' retrieved from /home/airflow/.local/lib/python3.11/site-packages/airflow/example_dags/example_short_circuit_operator.py
[2024-12-22T22:50:05.641+0000] {logging_mixin.py:188} INFO - [2024-12-22T22:50:05.640+0000] {override.py:1769} INFO - Created Permission View: can edit on DAG:example_short_circuit_operator
[2024-12-22T22:50:05.661+0000] {logging_mixin.py:188} INFO - [2024-12-22T22:50:05.660+0000] {override.py:1769} INFO - Created Permission View: can delete on DAG:example_short_circuit_operator
[2024-12-22T22:50:05.676+0000] {logging_mixin.py:188} INFO - [2024-12-22T22:50:05.675+0000] {override.py:1769} INFO - Created Permission View: can read on DAG:example_short_circuit_operator
[2024-12-22T22:50:05.678+0000] {logging_mixin.py:188} INFO - [2024-12-22T22:50:05.677+0000] {dag.py:3036} INFO - Sync 1 DAGs
[2024-12-22T22:50:05.706+0000] {logging_mixin.py:188} INFO - [2024-12-22T22:50:05.705+0000] {dag.py:3058} INFO - Creating ORM DAG for example_short_circuit_operator
[2024-12-22T22:50:05.726+0000] {logging_mixin.py:188} INFO - [2024-12-22T22:50:05.726+0000] {dag.py:3823} INFO - Setting next_dagrun for example_short_circuit_operator to 2024-12-21 00:00:00+00:00, run_after=2024-12-22 00:00:00+00:00
[2024-12-22T22:50:05.756+0000] {processor.py:183} INFO - Processing /home/airflow/.local/lib/python3.11/site-packages/airflow/example_dags/example_short_circuit_operator.py took 0.382 seconds
[2024-12-22T22:50:35.949+0000] {processor.py:161} INFO - Started process (PID=211) to work on /home/airflow/.local/lib/python3.11/site-packages/airflow/example_dags/example_short_circuit_operator.py
[2024-12-22T22:50:35.952+0000] {processor.py:830} INFO - Processing file /home/airflow/.local/lib/python3.11/site-packages/airflow/example_dags/example_short_circuit_operator.py for tasks to queue
[2024-12-22T22:50:35.956+0000] {logging_mixin.py:188} INFO - [2024-12-22T22:50:35.955+0000] {dagbag.py:538} INFO - Filling up the DagBag from /home/airflow/.local/lib/python3.11/site-packages/airflow/example_dags/example_short_circuit_operator.py
[2024-12-22T22:50:35.970+0000] {processor.py:840} INFO - DAG(s) 'example_short_circuit_operator' retrieved from /home/airflow/.local/lib/python3.11/site-packages/airflow/example_dags/example_short_circuit_operator.py
[2024-12-22T22:50:36.007+0000] {logging_mixin.py:188} INFO - [2024-12-22T22:50:36.006+0000] {dag.py:3036} INFO - Sync 1 DAGs
[2024-12-22T22:50:36.036+0000] {logging_mixin.py:188} INFO - [2024-12-22T22:50:36.036+0000] {dag.py:3823} INFO - Setting next_dagrun for example_short_circuit_operator to 2024-12-21 00:00:00+00:00, run_after=2024-12-22 00:00:00+00:00
[2024-12-22T22:50:36.060+0000] {processor.py:183} INFO - Processing /home/airflow/.local/lib/python3.11/site-packages/airflow/example_dags/example_short_circuit_operator.py took 0.118 seconds
[2024-12-22T22:51:06.379+0000] {processor.py:161} INFO - Started process (PID=283) to work on /home/airflow/.local/lib/python3.11/site-packages/airflow/example_dags/example_short_circuit_operator.py
[2024-12-22T22:51:06.382+0000] {processor.py:830} INFO - Processing file /home/airflow/.local/lib/python3.11/site-packages/airflow/example_dags/example_short_circuit_operator.py for tasks to queue
[2024-12-22T22:51:06.388+0000] {logging_mixin.py:188} INFO - [2024-12-22T22:51:06.387+0000] {dagbag.py:538} INFO - Filling up the DagBag from /home/airflow/.local/lib/python3.11/site-packages/airflow/example_dags/example_short_circuit_operator.py
[2024-12-22T22:51:06.405+0000] {processor.py:840} INFO - DAG(s) 'example_short_circuit_operator' retrieved from /home/airflow/.local/lib/python3.11/site-packages/airflow/example_dags/example_short_circuit_operator.py
[2024-12-22T22:51:06.438+0000] {logging_mixin.py:188} INFO - [2024-12-22T22:51:06.438+0000] {dag.py:3036} INFO - Sync 1 DAGs
[2024-12-22T22:51:06.471+0000] {logging_mixin.py:188} INFO - [2024-12-22T22:51:06.471+0000] {dag.py:3823} INFO - Setting next_dagrun for example_short_circuit_operator to 2024-12-21 00:00:00+00:00, run_after=2024-12-22 00:00:00+00:00
[2024-12-22T22:51:06.520+0000] {processor.py:183} INFO - Processing /home/airflow/.local/lib/python3.11/site-packages/airflow/example_dags/example_short_circuit_operator.py took 0.150 seconds
[2024-12-22T22:51:36.971+0000] {processor.py:161} INFO - Started process (PID=362) to work on /home/airflow/.local/lib/python3.11/site-packages/airflow/example_dags/example_short_circuit_operator.py
[2024-12-22T22:51:36.973+0000] {processor.py:830} INFO - Processing file /home/airflow/.local/lib/python3.11/site-packages/airflow/example_dags/example_short_circuit_operator.py for tasks to queue
[2024-12-22T22:51:36.976+0000] {logging_mixin.py:188} INFO - [2024-12-22T22:51:36.975+0000] {dagbag.py:538} INFO - Filling up the DagBag from /home/airflow/.local/lib/python3.11/site-packages/airflow/example_dags/example_short_circuit_operator.py
[2024-12-22T22:51:36.990+0000] {processor.py:840} INFO - DAG(s) 'example_short_circuit_operator' retrieved from /home/airflow/.local/lib/python3.11/site-packages/airflow/example_dags/example_short_circuit_operator.py
[2024-12-22T22:51:37.019+0000] {logging_mixin.py:188} INFO - [2024-12-22T22:51:37.019+0000] {dag.py:3036} INFO - Sync 1 DAGs
[2024-12-22T22:51:37.048+0000] {logging_mixin.py:188} INFO - [2024-12-22T22:51:37.048+0000] {dag.py:3823} INFO - Setting next_dagrun for example_short_circuit_operator to 2024-12-21 00:00:00+00:00, run_after=2024-12-22 00:00:00+00:00
[2024-12-22T22:51:37.071+0000] {processor.py:183} INFO - Processing /home/airflow/.local/lib/python3.11/site-packages/airflow/example_dags/example_short_circuit_operator.py took 0.104 seconds
[2024-12-22T22:52:07.485+0000] {processor.py:161} INFO - Started process (PID=434) to work on /home/airflow/.local/lib/python3.11/site-packages/airflow/example_dags/example_short_circuit_operator.py
[2024-12-22T22:52:07.487+0000] {processor.py:830} INFO - Processing file /home/airflow/.local/lib/python3.11/site-packages/airflow/example_dags/example_short_circuit_operator.py for tasks to queue
[2024-12-22T22:52:07.492+0000] {logging_mixin.py:188} INFO - [2024-12-22T22:52:07.492+0000] {dagbag.py:538} INFO - Filling up the DagBag from /home/airflow/.local/lib/python3.11/site-packages/airflow/example_dags/example_short_circuit_operator.py
[2024-12-22T22:52:07.512+0000] {processor.py:840} INFO - DAG(s) 'example_short_circuit_operator' retrieved from /home/airflow/.local/lib/python3.11/site-packages/airflow/example_dags/example_short_circuit_operator.py
[2024-12-22T22:52:07.569+0000] {logging_mixin.py:188} INFO - [2024-12-22T22:52:07.569+0000] {dag.py:3036} INFO - Sync 1 DAGs
[2024-12-22T22:52:07.619+0000] {logging_mixin.py:188} INFO - [2024-12-22T22:52:07.619+0000] {dag.py:3823} INFO - Setting next_dagrun for example_short_circuit_operator to 2024-12-21 00:00:00+00:00, run_after=2024-12-22 00:00:00+00:00
[2024-12-22T22:52:07.663+0000] {processor.py:183} INFO - Processing /home/airflow/.local/lib/python3.11/site-packages/airflow/example_dags/example_short_circuit_operator.py took 0.186 seconds
[2024-12-22T22:52:38.617+0000] {processor.py:161} INFO - Started process (PID=506) to work on /home/airflow/.local/lib/python3.11/site-packages/airflow/example_dags/example_short_circuit_operator.py
[2024-12-22T22:52:38.619+0000] {processor.py:830} INFO - Processing file /home/airflow/.local/lib/python3.11/site-packages/airflow/example_dags/example_short_circuit_operator.py for tasks to queue
[2024-12-22T22:52:38.622+0000] {logging_mixin.py:188} INFO - [2024-12-22T22:52:38.621+0000] {dagbag.py:538} INFO - Filling up the DagBag from /home/airflow/.local/lib/python3.11/site-packages/airflow/example_dags/example_short_circuit_operator.py
[2024-12-22T22:52:38.632+0000] {processor.py:840} INFO - DAG(s) 'example_short_circuit_operator' retrieved from /home/airflow/.local/lib/python3.11/site-packages/airflow/example_dags/example_short_circuit_operator.py
[2024-12-22T22:52:38.661+0000] {logging_mixin.py:188} INFO - [2024-12-22T22:52:38.661+0000] {dag.py:3036} INFO - Sync 1 DAGs
[2024-12-22T22:52:38.686+0000] {logging_mixin.py:188} INFO - [2024-12-22T22:52:38.686+0000] {dag.py:3823} INFO - Setting next_dagrun for example_short_circuit_operator to 2024-12-21 00:00:00+00:00, run_after=2024-12-22 00:00:00+00:00
[2024-12-22T22:52:38.708+0000] {processor.py:183} INFO - Processing /home/airflow/.local/lib/python3.11/site-packages/airflow/example_dags/example_short_circuit_operator.py took 0.097 seconds
[2024-12-22T22:53:09.374+0000] {processor.py:161} INFO - Started process (PID=584) to work on /home/airflow/.local/lib/python3.11/site-packages/airflow/example_dags/example_short_circuit_operator.py
[2024-12-22T22:53:09.375+0000] {processor.py:830} INFO - Processing file /home/airflow/.local/lib/python3.11/site-packages/airflow/example_dags/example_short_circuit_operator.py for tasks to queue
[2024-12-22T22:53:09.378+0000] {logging_mixin.py:188} INFO - [2024-12-22T22:53:09.377+0000] {dagbag.py:538} INFO - Filling up the DagBag from /home/airflow/.local/lib/python3.11/site-packages/airflow/example_dags/example_short_circuit_operator.py
[2024-12-22T22:53:09.389+0000] {processor.py:840} INFO - DAG(s) 'example_short_circuit_operator' retrieved from /home/airflow/.local/lib/python3.11/site-packages/airflow/example_dags/example_short_circuit_operator.py
[2024-12-22T22:53:09.421+0000] {logging_mixin.py:188} INFO - [2024-12-22T22:53:09.421+0000] {dag.py:3036} INFO - Sync 1 DAGs
[2024-12-22T22:53:09.448+0000] {logging_mixin.py:188} INFO - [2024-12-22T22:53:09.448+0000] {dag.py:3823} INFO - Setting next_dagrun for example_short_circuit_operator to 2024-12-21 00:00:00+00:00, run_after=2024-12-22 00:00:00+00:00
[2024-12-22T22:53:09.474+0000] {processor.py:183} INFO - Processing /home/airflow/.local/lib/python3.11/site-packages/airflow/example_dags/example_short_circuit_operator.py took 0.103 seconds
[2024-12-22T22:53:39.615+0000] {processor.py:161} INFO - Started process (PID=656) to work on /home/airflow/.local/lib/python3.11/site-packages/airflow/example_dags/example_short_circuit_operator.py
[2024-12-22T22:53:39.616+0000] {processor.py:830} INFO - Processing file /home/airflow/.local/lib/python3.11/site-packages/airflow/example_dags/example_short_circuit_operator.py for tasks to queue
[2024-12-22T22:53:39.619+0000] {logging_mixin.py:188} INFO - [2024-12-22T22:53:39.618+0000] {dagbag.py:538} INFO - Filling up the DagBag from /home/airflow/.local/lib/python3.11/site-packages/airflow/example_dags/example_short_circuit_operator.py
[2024-12-22T22:53:39.627+0000] {processor.py:840} INFO - DAG(s) 'example_short_circuit_operator' retrieved from /home/airflow/.local/lib/python3.11/site-packages/airflow/example_dags/example_short_circuit_operator.py
[2024-12-22T22:53:39.662+0000] {logging_mixin.py:188} INFO - [2024-12-22T22:53:39.662+0000] {dag.py:3036} INFO - Sync 1 DAGs
[2024-12-22T22:53:39.688+0000] {logging_mixin.py:188} INFO - [2024-12-22T22:53:39.688+0000] {dag.py:3823} INFO - Setting next_dagrun for example_short_circuit_operator to 2024-12-21 00:00:00+00:00, run_after=2024-12-22 00:00:00+00:00
[2024-12-22T22:53:39.713+0000] {processor.py:183} INFO - Processing /home/airflow/.local/lib/python3.11/site-packages/airflow/example_dags/example_short_circuit_operator.py took 0.102 seconds
[2024-12-22T22:54:09.919+0000] {processor.py:161} INFO - Started process (PID=729) to work on /home/airflow/.local/lib/python3.11/site-packages/airflow/example_dags/example_short_circuit_operator.py
[2024-12-22T22:54:09.922+0000] {processor.py:830} INFO - Processing file /home/airflow/.local/lib/python3.11/site-packages/airflow/example_dags/example_short_circuit_operator.py for tasks to queue
[2024-12-22T22:54:09.927+0000] {logging_mixin.py:188} INFO - [2024-12-22T22:54:09.926+0000] {dagbag.py:538} INFO - Filling up the DagBag from /home/airflow/.local/lib/python3.11/site-packages/airflow/example_dags/example_short_circuit_operator.py
[2024-12-22T22:54:09.949+0000] {processor.py:840} INFO - DAG(s) 'example_short_circuit_operator' retrieved from /home/airflow/.local/lib/python3.11/site-packages/airflow/example_dags/example_short_circuit_operator.py
[2024-12-22T22:54:10.002+0000] {logging_mixin.py:188} INFO - [2024-12-22T22:54:10.002+0000] {dag.py:3036} INFO - Sync 1 DAGs
[2024-12-22T22:54:10.032+0000] {logging_mixin.py:188} INFO - [2024-12-22T22:54:10.032+0000] {dag.py:3823} INFO - Setting next_dagrun for example_short_circuit_operator to 2024-12-21 00:00:00+00:00, run_after=2024-12-22 00:00:00+00:00
[2024-12-22T22:54:10.058+0000] {processor.py:183} INFO - Processing /home/airflow/.local/lib/python3.11/site-packages/airflow/example_dags/example_short_circuit_operator.py took 0.145 seconds
[2024-12-22T22:54:40.662+0000] {processor.py:161} INFO - Started process (PID=801) to work on /home/airflow/.local/lib/python3.11/site-packages/airflow/example_dags/example_short_circuit_operator.py
[2024-12-22T22:54:40.664+0000] {processor.py:830} INFO - Processing file /home/airflow/.local/lib/python3.11/site-packages/airflow/example_dags/example_short_circuit_operator.py for tasks to queue
[2024-12-22T22:54:40.666+0000] {logging_mixin.py:188} INFO - [2024-12-22T22:54:40.666+0000] {dagbag.py:538} INFO - Filling up the DagBag from /home/airflow/.local/lib/python3.11/site-packages/airflow/example_dags/example_short_circuit_operator.py
[2024-12-22T22:54:40.681+0000] {processor.py:840} INFO - DAG(s) 'example_short_circuit_operator' retrieved from /home/airflow/.local/lib/python3.11/site-packages/airflow/example_dags/example_short_circuit_operator.py
[2024-12-22T22:54:40.712+0000] {logging_mixin.py:188} INFO - [2024-12-22T22:54:40.712+0000] {dag.py:3036} INFO - Sync 1 DAGs
[2024-12-22T22:54:40.738+0000] {logging_mixin.py:188} INFO - [2024-12-22T22:54:40.738+0000] {dag.py:3823} INFO - Setting next_dagrun for example_short_circuit_operator to 2024-12-21 00:00:00+00:00, run_after=2024-12-22 00:00:00+00:00
[2024-12-22T22:54:40.764+0000] {processor.py:183} INFO - Processing /home/airflow/.local/lib/python3.11/site-packages/airflow/example_dags/example_short_circuit_operator.py took 0.106 seconds
[2024-12-22T22:55:11.107+0000] {processor.py:161} INFO - Started process (PID=872) to work on /home/airflow/.local/lib/python3.11/site-packages/airflow/example_dags/example_short_circuit_operator.py
[2024-12-22T22:55:11.109+0000] {processor.py:830} INFO - Processing file /home/airflow/.local/lib/python3.11/site-packages/airflow/example_dags/example_short_circuit_operator.py for tasks to queue
[2024-12-22T22:55:11.112+0000] {logging_mixin.py:188} INFO - [2024-12-22T22:55:11.112+0000] {dagbag.py:538} INFO - Filling up the DagBag from /home/airflow/.local/lib/python3.11/site-packages/airflow/example_dags/example_short_circuit_operator.py
[2024-12-22T22:55:11.125+0000] {processor.py:840} INFO - DAG(s) 'example_short_circuit_operator' retrieved from /home/airflow/.local/lib/python3.11/site-packages/airflow/example_dags/example_short_circuit_operator.py
[2024-12-22T22:55:11.160+0000] {logging_mixin.py:188} INFO - [2024-12-22T22:55:11.159+0000] {dag.py:3036} INFO - Sync 1 DAGs
[2024-12-22T22:55:11.186+0000] {logging_mixin.py:188} INFO - [2024-12-22T22:55:11.185+0000] {dag.py:3823} INFO - Setting next_dagrun for example_short_circuit_operator to 2024-12-21 00:00:00+00:00, run_after=2024-12-22 00:00:00+00:00
[2024-12-22T22:55:11.206+0000] {processor.py:183} INFO - Processing /home/airflow/.local/lib/python3.11/site-packages/airflow/example_dags/example_short_circuit_operator.py took 0.102 seconds
[2024-12-22T22:55:41.311+0000] {processor.py:161} INFO - Started process (PID=943) to work on /home/airflow/.local/lib/python3.11/site-packages/airflow/example_dags/example_short_circuit_operator.py
[2024-12-22T22:55:41.313+0000] {processor.py:830} INFO - Processing file /home/airflow/.local/lib/python3.11/site-packages/airflow/example_dags/example_short_circuit_operator.py for tasks to queue
[2024-12-22T22:55:41.316+0000] {logging_mixin.py:188} INFO - [2024-12-22T22:55:41.315+0000] {dagbag.py:538} INFO - Filling up the DagBag from /home/airflow/.local/lib/python3.11/site-packages/airflow/example_dags/example_short_circuit_operator.py
[2024-12-22T22:55:41.326+0000] {processor.py:840} INFO - DAG(s) 'example_short_circuit_operator' retrieved from /home/airflow/.local/lib/python3.11/site-packages/airflow/example_dags/example_short_circuit_operator.py
[2024-12-22T22:55:41.358+0000] {logging_mixin.py:188} INFO - [2024-12-22T22:55:41.358+0000] {dag.py:3036} INFO - Sync 1 DAGs
[2024-12-22T22:55:41.387+0000] {logging_mixin.py:188} INFO - [2024-12-22T22:55:41.387+0000] {dag.py:3823} INFO - Setting next_dagrun for example_short_circuit_operator to 2024-12-21 00:00:00+00:00, run_after=2024-12-22 00:00:00+00:00
[2024-12-22T22:55:41.416+0000] {processor.py:183} INFO - Processing /home/airflow/.local/lib/python3.11/site-packages/airflow/example_dags/example_short_circuit_operator.py took 0.108 seconds
[2024-12-22T22:56:11.991+0000] {processor.py:161} INFO - Started process (PID=1015) to work on /home/airflow/.local/lib/python3.11/site-packages/airflow/example_dags/example_short_circuit_operator.py
[2024-12-22T22:56:11.992+0000] {processor.py:830} INFO - Processing file /home/airflow/.local/lib/python3.11/site-packages/airflow/example_dags/example_short_circuit_operator.py for tasks to queue
[2024-12-22T22:56:11.994+0000] {logging_mixin.py:188} INFO - [2024-12-22T22:56:11.994+0000] {dagbag.py:538} INFO - Filling up the DagBag from /home/airflow/.local/lib/python3.11/site-packages/airflow/example_dags/example_short_circuit_operator.py
[2024-12-22T22:56:12.009+0000] {processor.py:840} INFO - DAG(s) 'example_short_circuit_operator' retrieved from /home/airflow/.local/lib/python3.11/site-packages/airflow/example_dags/example_short_circuit_operator.py
[2024-12-22T22:56:12.037+0000] {logging_mixin.py:188} INFO - [2024-12-22T22:56:12.037+0000] {dag.py:3036} INFO - Sync 1 DAGs
[2024-12-22T22:56:12.069+0000] {logging_mixin.py:188} INFO - [2024-12-22T22:56:12.069+0000] {dag.py:3823} INFO - Setting next_dagrun for example_short_circuit_operator to 2024-12-21 00:00:00+00:00, run_after=2024-12-22 00:00:00+00:00
[2024-12-22T22:56:12.095+0000] {processor.py:183} INFO - Processing /home/airflow/.local/lib/python3.11/site-packages/airflow/example_dags/example_short_circuit_operator.py took 0.109 seconds
[2024-12-22T22:56:42.295+0000] {processor.py:161} INFO - Started process (PID=1087) to work on /home/airflow/.local/lib/python3.11/site-packages/airflow/example_dags/example_short_circuit_operator.py
[2024-12-22T22:56:42.296+0000] {processor.py:830} INFO - Processing file /home/airflow/.local/lib/python3.11/site-packages/airflow/example_dags/example_short_circuit_operator.py for tasks to queue
[2024-12-22T22:56:42.301+0000] {logging_mixin.py:188} INFO - [2024-12-22T22:56:42.300+0000] {dagbag.py:538} INFO - Filling up the DagBag from /home/airflow/.local/lib/python3.11/site-packages/airflow/example_dags/example_short_circuit_operator.py
[2024-12-22T22:56:42.317+0000] {processor.py:840} INFO - DAG(s) 'example_short_circuit_operator' retrieved from /home/airflow/.local/lib/python3.11/site-packages/airflow/example_dags/example_short_circuit_operator.py
[2024-12-22T22:56:42.351+0000] {logging_mixin.py:188} INFO - [2024-12-22T22:56:42.351+0000] {dag.py:3036} INFO - Sync 1 DAGs
[2024-12-22T22:56:42.388+0000] {logging_mixin.py:188} INFO - [2024-12-22T22:56:42.388+0000] {dag.py:3823} INFO - Setting next_dagrun for example_short_circuit_operator to 2024-12-21 00:00:00+00:00, run_after=2024-12-22 00:00:00+00:00
[2024-12-22T22:56:42.416+0000] {processor.py:183} INFO - Processing /home/airflow/.local/lib/python3.11/site-packages/airflow/example_dags/example_short_circuit_operator.py took 0.125 seconds
[2024-12-22T22:57:12.582+0000] {processor.py:161} INFO - Started process (PID=1166) to work on /home/airflow/.local/lib/python3.11/site-packages/airflow/example_dags/example_short_circuit_operator.py
[2024-12-22T22:57:12.584+0000] {processor.py:830} INFO - Processing file /home/airflow/.local/lib/python3.11/site-packages/airflow/example_dags/example_short_circuit_operator.py for tasks to queue
[2024-12-22T22:57:12.587+0000] {logging_mixin.py:188} INFO - [2024-12-22T22:57:12.586+0000] {dagbag.py:538} INFO - Filling up the DagBag from /home/airflow/.local/lib/python3.11/site-packages/airflow/example_dags/example_short_circuit_operator.py
[2024-12-22T22:57:12.596+0000] {processor.py:840} INFO - DAG(s) 'example_short_circuit_operator' retrieved from /home/airflow/.local/lib/python3.11/site-packages/airflow/example_dags/example_short_circuit_operator.py
[2024-12-22T22:57:12.629+0000] {logging_mixin.py:188} INFO - [2024-12-22T22:57:12.629+0000] {dag.py:3036} INFO - Sync 1 DAGs
[2024-12-22T22:57:12.674+0000] {logging_mixin.py:188} INFO - [2024-12-22T22:57:12.674+0000] {dag.py:3823} INFO - Setting next_dagrun for example_short_circuit_operator to 2024-12-21 00:00:00+00:00, run_after=2024-12-22 00:00:00+00:00
[2024-12-22T22:57:12.707+0000] {processor.py:183} INFO - Processing /home/airflow/.local/lib/python3.11/site-packages/airflow/example_dags/example_short_circuit_operator.py took 0.131 seconds
[2024-12-22T22:57:42.955+0000] {processor.py:161} INFO - Started process (PID=1238) to work on /home/airflow/.local/lib/python3.11/site-packages/airflow/example_dags/example_short_circuit_operator.py
[2024-12-22T22:57:42.958+0000] {processor.py:830} INFO - Processing file /home/airflow/.local/lib/python3.11/site-packages/airflow/example_dags/example_short_circuit_operator.py for tasks to queue
[2024-12-22T22:57:42.963+0000] {logging_mixin.py:188} INFO - [2024-12-22T22:57:42.962+0000] {dagbag.py:538} INFO - Filling up the DagBag from /home/airflow/.local/lib/python3.11/site-packages/airflow/example_dags/example_short_circuit_operator.py
[2024-12-22T22:57:42.979+0000] {processor.py:840} INFO - DAG(s) 'example_short_circuit_operator' retrieved from /home/airflow/.local/lib/python3.11/site-packages/airflow/example_dags/example_short_circuit_operator.py
[2024-12-22T22:57:43.013+0000] {logging_mixin.py:188} INFO - [2024-12-22T22:57:43.013+0000] {dag.py:3036} INFO - Sync 1 DAGs
[2024-12-22T22:57:43.039+0000] {logging_mixin.py:188} INFO - [2024-12-22T22:57:43.039+0000] {dag.py:3823} INFO - Setting next_dagrun for example_short_circuit_operator to 2024-12-21 00:00:00+00:00, run_after=2024-12-22 00:00:00+00:00
[2024-12-22T22:57:43.061+0000] {processor.py:183} INFO - Processing /home/airflow/.local/lib/python3.11/site-packages/airflow/example_dags/example_short_circuit_operator.py took 0.113 seconds
[2024-12-22T22:58:13.561+0000] {processor.py:161} INFO - Started process (PID=1310) to work on /home/airflow/.local/lib/python3.11/site-packages/airflow/example_dags/example_short_circuit_operator.py
[2024-12-22T22:58:13.562+0000] {processor.py:830} INFO - Processing file /home/airflow/.local/lib/python3.11/site-packages/airflow/example_dags/example_short_circuit_operator.py for tasks to queue
[2024-12-22T22:58:13.565+0000] {logging_mixin.py:188} INFO - [2024-12-22T22:58:13.564+0000] {dagbag.py:538} INFO - Filling up the DagBag from /home/airflow/.local/lib/python3.11/site-packages/airflow/example_dags/example_short_circuit_operator.py
[2024-12-22T22:58:13.575+0000] {processor.py:840} INFO - DAG(s) 'example_short_circuit_operator' retrieved from /home/airflow/.local/lib/python3.11/site-packages/airflow/example_dags/example_short_circuit_operator.py
[2024-12-22T22:58:13.605+0000] {logging_mixin.py:188} INFO - [2024-12-22T22:58:13.605+0000] {dag.py:3036} INFO - Sync 1 DAGs
[2024-12-22T22:58:13.632+0000] {logging_mixin.py:188} INFO - [2024-12-22T22:58:13.631+0000] {dag.py:3823} INFO - Setting next_dagrun for example_short_circuit_operator to 2024-12-21 00:00:00+00:00, run_after=2024-12-22 00:00:00+00:00
[2024-12-22T22:58:13.657+0000] {processor.py:183} INFO - Processing /home/airflow/.local/lib/python3.11/site-packages/airflow/example_dags/example_short_circuit_operator.py took 0.101 seconds
[2024-12-22T22:58:43.849+0000] {processor.py:161} INFO - Started process (PID=1382) to work on /home/airflow/.local/lib/python3.11/site-packages/airflow/example_dags/example_short_circuit_operator.py
[2024-12-22T22:58:43.850+0000] {processor.py:830} INFO - Processing file /home/airflow/.local/lib/python3.11/site-packages/airflow/example_dags/example_short_circuit_operator.py for tasks to queue
[2024-12-22T22:58:43.852+0000] {logging_mixin.py:188} INFO - [2024-12-22T22:58:43.852+0000] {dagbag.py:538} INFO - Filling up the DagBag from /home/airflow/.local/lib/python3.11/site-packages/airflow/example_dags/example_short_circuit_operator.py
[2024-12-22T22:58:43.861+0000] {processor.py:840} INFO - DAG(s) 'example_short_circuit_operator' retrieved from /home/airflow/.local/lib/python3.11/site-packages/airflow/example_dags/example_short_circuit_operator.py
[2024-12-22T22:58:43.889+0000] {logging_mixin.py:188} INFO - [2024-12-22T22:58:43.889+0000] {dag.py:3036} INFO - Sync 1 DAGs
[2024-12-22T22:58:43.917+0000] {logging_mixin.py:188} INFO - [2024-12-22T22:58:43.916+0000] {dag.py:3823} INFO - Setting next_dagrun for example_short_circuit_operator to 2024-12-21 00:00:00+00:00, run_after=2024-12-22 00:00:00+00:00
[2024-12-22T22:58:43.946+0000] {processor.py:183} INFO - Processing /home/airflow/.local/lib/python3.11/site-packages/airflow/example_dags/example_short_circuit_operator.py took 0.101 seconds
[2024-12-22T22:59:14.271+0000] {processor.py:161} INFO - Started process (PID=1461) to work on /home/airflow/.local/lib/python3.11/site-packages/airflow/example_dags/example_short_circuit_operator.py
[2024-12-22T22:59:14.272+0000] {processor.py:830} INFO - Processing file /home/airflow/.local/lib/python3.11/site-packages/airflow/example_dags/example_short_circuit_operator.py for tasks to queue
[2024-12-22T22:59:14.275+0000] {logging_mixin.py:188} INFO - [2024-12-22T22:59:14.274+0000] {dagbag.py:538} INFO - Filling up the DagBag from /home/airflow/.local/lib/python3.11/site-packages/airflow/example_dags/example_short_circuit_operator.py
[2024-12-22T22:59:14.284+0000] {processor.py:840} INFO - DAG(s) 'example_short_circuit_operator' retrieved from /home/airflow/.local/lib/python3.11/site-packages/airflow/example_dags/example_short_circuit_operator.py
[2024-12-22T22:59:14.311+0000] {logging_mixin.py:188} INFO - [2024-12-22T22:59:14.311+0000] {dag.py:3036} INFO - Sync 1 DAGs
[2024-12-22T22:59:14.337+0000] {logging_mixin.py:188} INFO - [2024-12-22T22:59:14.336+0000] {dag.py:3823} INFO - Setting next_dagrun for example_short_circuit_operator to 2024-12-21 00:00:00+00:00, run_after=2024-12-22 00:00:00+00:00
[2024-12-22T22:59:14.365+0000] {processor.py:183} INFO - Processing /home/airflow/.local/lib/python3.11/site-packages/airflow/example_dags/example_short_circuit_operator.py took 0.099 seconds
[2024-12-22T22:59:44.446+0000] {processor.py:161} INFO - Started process (PID=1524) to work on /home/airflow/.local/lib/python3.11/site-packages/airflow/example_dags/example_short_circuit_operator.py
[2024-12-22T22:59:44.447+0000] {processor.py:830} INFO - Processing file /home/airflow/.local/lib/python3.11/site-packages/airflow/example_dags/example_short_circuit_operator.py for tasks to queue
[2024-12-22T22:59:44.450+0000] {logging_mixin.py:188} INFO - [2024-12-22T22:59:44.449+0000] {dagbag.py:538} INFO - Filling up the DagBag from /home/airflow/.local/lib/python3.11/site-packages/airflow/example_dags/example_short_circuit_operator.py
[2024-12-22T22:59:44.463+0000] {processor.py:840} INFO - DAG(s) 'example_short_circuit_operator' retrieved from /home/airflow/.local/lib/python3.11/site-packages/airflow/example_dags/example_short_circuit_operator.py
[2024-12-22T22:59:44.504+0000] {logging_mixin.py:188} INFO - [2024-12-22T22:59:44.504+0000] {dag.py:3036} INFO - Sync 1 DAGs
[2024-12-22T22:59:44.569+0000] {logging_mixin.py:188} INFO - [2024-12-22T22:59:44.568+0000] {dag.py:3823} INFO - Setting next_dagrun for example_short_circuit_operator to 2024-12-21 00:00:00+00:00, run_after=2024-12-22 00:00:00+00:00
[2024-12-22T22:59:44.604+0000] {processor.py:183} INFO - Processing /home/airflow/.local/lib/python3.11/site-packages/airflow/example_dags/example_short_circuit_operator.py took 0.165 seconds
[2024-12-22T23:00:14.677+0000] {processor.py:161} INFO - Started process (PID=1596) to work on /home/airflow/.local/lib/python3.11/site-packages/airflow/example_dags/example_short_circuit_operator.py
[2024-12-22T23:00:14.678+0000] {processor.py:830} INFO - Processing file /home/airflow/.local/lib/python3.11/site-packages/airflow/example_dags/example_short_circuit_operator.py for tasks to queue
[2024-12-22T23:00:14.681+0000] {logging_mixin.py:188} INFO - [2024-12-22T23:00:14.680+0000] {dagbag.py:538} INFO - Filling up the DagBag from /home/airflow/.local/lib/python3.11/site-packages/airflow/example_dags/example_short_circuit_operator.py
[2024-12-22T23:00:14.690+0000] {processor.py:840} INFO - DAG(s) 'example_short_circuit_operator' retrieved from /home/airflow/.local/lib/python3.11/site-packages/airflow/example_dags/example_short_circuit_operator.py
[2024-12-22T23:00:14.718+0000] {logging_mixin.py:188} INFO - [2024-12-22T23:00:14.718+0000] {dag.py:3036} INFO - Sync 1 DAGs
[2024-12-22T23:00:14.741+0000] {logging_mixin.py:188} INFO - [2024-12-22T23:00:14.741+0000] {dag.py:3823} INFO - Setting next_dagrun for example_short_circuit_operator to 2024-12-21 00:00:00+00:00, run_after=2024-12-22 00:00:00+00:00
[2024-12-22T23:00:14.769+0000] {processor.py:183} INFO - Processing /home/airflow/.local/lib/python3.11/site-packages/airflow/example_dags/example_short_circuit_operator.py took 0.096 seconds
[2024-12-22T23:00:45.175+0000] {processor.py:161} INFO - Started process (PID=1668) to work on /home/airflow/.local/lib/python3.11/site-packages/airflow/example_dags/example_short_circuit_operator.py
[2024-12-22T23:00:45.176+0000] {processor.py:830} INFO - Processing file /home/airflow/.local/lib/python3.11/site-packages/airflow/example_dags/example_short_circuit_operator.py for tasks to queue
[2024-12-22T23:00:45.179+0000] {logging_mixin.py:188} INFO - [2024-12-22T23:00:45.178+0000] {dagbag.py:538} INFO - Filling up the DagBag from /home/airflow/.local/lib/python3.11/site-packages/airflow/example_dags/example_short_circuit_operator.py
[2024-12-22T23:00:45.190+0000] {processor.py:840} INFO - DAG(s) 'example_short_circuit_operator' retrieved from /home/airflow/.local/lib/python3.11/site-packages/airflow/example_dags/example_short_circuit_operator.py
[2024-12-22T23:00:45.227+0000] {logging_mixin.py:188} INFO - [2024-12-22T23:00:45.227+0000] {dag.py:3036} INFO - Sync 1 DAGs
[2024-12-22T23:00:45.259+0000] {logging_mixin.py:188} INFO - [2024-12-22T23:00:45.258+0000] {dag.py:3823} INFO - Setting next_dagrun for example_short_circuit_operator to 2024-12-21 00:00:00+00:00, run_after=2024-12-22 00:00:00+00:00
[2024-12-22T23:00:45.284+0000] {processor.py:183} INFO - Processing /home/airflow/.local/lib/python3.11/site-packages/airflow/example_dags/example_short_circuit_operator.py took 0.115 seconds
[2024-12-22T23:01:15.710+0000] {processor.py:161} INFO - Started process (PID=1747) to work on /home/airflow/.local/lib/python3.11/site-packages/airflow/example_dags/example_short_circuit_operator.py
[2024-12-22T23:01:15.711+0000] {processor.py:830} INFO - Processing file /home/airflow/.local/lib/python3.11/site-packages/airflow/example_dags/example_short_circuit_operator.py for tasks to queue
[2024-12-22T23:01:15.714+0000] {logging_mixin.py:188} INFO - [2024-12-22T23:01:15.713+0000] {dagbag.py:538} INFO - Filling up the DagBag from /home/airflow/.local/lib/python3.11/site-packages/airflow/example_dags/example_short_circuit_operator.py
[2024-12-22T23:01:15.724+0000] {processor.py:840} INFO - DAG(s) 'example_short_circuit_operator' retrieved from /home/airflow/.local/lib/python3.11/site-packages/airflow/example_dags/example_short_circuit_operator.py
[2024-12-22T23:01:15.756+0000] {logging_mixin.py:188} INFO - [2024-12-22T23:01:15.756+0000] {dag.py:3036} INFO - Sync 1 DAGs
[2024-12-22T23:01:15.785+0000] {logging_mixin.py:188} INFO - [2024-12-22T23:01:15.785+0000] {dag.py:3823} INFO - Setting next_dagrun for example_short_circuit_operator to 2024-12-21 00:00:00+00:00, run_after=2024-12-22 00:00:00+00:00
[2024-12-22T23:01:15.811+0000] {processor.py:183} INFO - Processing /home/airflow/.local/lib/python3.11/site-packages/airflow/example_dags/example_short_circuit_operator.py took 0.105 seconds
[2024-12-22T23:01:46.197+0000] {processor.py:161} INFO - Started process (PID=1819) to work on /home/airflow/.local/lib/python3.11/site-packages/airflow/example_dags/example_short_circuit_operator.py
[2024-12-22T23:01:46.198+0000] {processor.py:830} INFO - Processing file /home/airflow/.local/lib/python3.11/site-packages/airflow/example_dags/example_short_circuit_operator.py for tasks to queue
[2024-12-22T23:01:46.200+0000] {logging_mixin.py:188} INFO - [2024-12-22T23:01:46.200+0000] {dagbag.py:538} INFO - Filling up the DagBag from /home/airflow/.local/lib/python3.11/site-packages/airflow/example_dags/example_short_circuit_operator.py
[2024-12-22T23:01:46.210+0000] {processor.py:840} INFO - DAG(s) 'example_short_circuit_operator' retrieved from /home/airflow/.local/lib/python3.11/site-packages/airflow/example_dags/example_short_circuit_operator.py
[2024-12-22T23:01:46.238+0000] {logging_mixin.py:188} INFO - [2024-12-22T23:01:46.238+0000] {dag.py:3036} INFO - Sync 1 DAGs
[2024-12-22T23:01:46.263+0000] {logging_mixin.py:188} INFO - [2024-12-22T23:01:46.262+0000] {dag.py:3823} INFO - Setting next_dagrun for example_short_circuit_operator to 2024-12-21 00:00:00+00:00, run_after=2024-12-22 00:00:00+00:00
[2024-12-22T23:01:46.286+0000] {processor.py:183} INFO - Processing /home/airflow/.local/lib/python3.11/site-packages/airflow/example_dags/example_short_circuit_operator.py took 0.093 seconds
[2024-12-22T23:02:16.379+0000] {processor.py:161} INFO - Started process (PID=1891) to work on /home/airflow/.local/lib/python3.11/site-packages/airflow/example_dags/example_short_circuit_operator.py
[2024-12-22T23:02:16.380+0000] {processor.py:830} INFO - Processing file /home/airflow/.local/lib/python3.11/site-packages/airflow/example_dags/example_short_circuit_operator.py for tasks to queue
[2024-12-22T23:02:16.383+0000] {logging_mixin.py:188} INFO - [2024-12-22T23:02:16.382+0000] {dagbag.py:538} INFO - Filling up the DagBag from /home/airflow/.local/lib/python3.11/site-packages/airflow/example_dags/example_short_circuit_operator.py
[2024-12-22T23:02:16.392+0000] {processor.py:840} INFO - DAG(s) 'example_short_circuit_operator' retrieved from /home/airflow/.local/lib/python3.11/site-packages/airflow/example_dags/example_short_circuit_operator.py
[2024-12-22T23:02:16.420+0000] {logging_mixin.py:188} INFO - [2024-12-22T23:02:16.420+0000] {dag.py:3036} INFO - Sync 1 DAGs
[2024-12-22T23:02:16.445+0000] {logging_mixin.py:188} INFO - [2024-12-22T23:02:16.445+0000] {dag.py:3823} INFO - Setting next_dagrun for example_short_circuit_operator to 2024-12-21 00:00:00+00:00, run_after=2024-12-22 00:00:00+00:00
[2024-12-22T23:02:16.469+0000] {processor.py:183} INFO - Processing /home/airflow/.local/lib/python3.11/site-packages/airflow/example_dags/example_short_circuit_operator.py took 0.094 seconds
[2024-12-22T23:02:46.776+0000] {processor.py:161} INFO - Started process (PID=1963) to work on /home/airflow/.local/lib/python3.11/site-packages/airflow/example_dags/example_short_circuit_operator.py
[2024-12-22T23:02:46.778+0000] {processor.py:830} INFO - Processing file /home/airflow/.local/lib/python3.11/site-packages/airflow/example_dags/example_short_circuit_operator.py for tasks to queue
[2024-12-22T23:02:46.781+0000] {logging_mixin.py:188} INFO - [2024-12-22T23:02:46.780+0000] {dagbag.py:538} INFO - Filling up the DagBag from /home/airflow/.local/lib/python3.11/site-packages/airflow/example_dags/example_short_circuit_operator.py
[2024-12-22T23:02:46.790+0000] {processor.py:840} INFO - DAG(s) 'example_short_circuit_operator' retrieved from /home/airflow/.local/lib/python3.11/site-packages/airflow/example_dags/example_short_circuit_operator.py
[2024-12-22T23:02:46.829+0000] {logging_mixin.py:188} INFO - [2024-12-22T23:02:46.829+0000] {dag.py:3036} INFO - Sync 1 DAGs
[2024-12-22T23:02:46.876+0000] {logging_mixin.py:188} INFO - [2024-12-22T23:02:46.876+0000] {dag.py:3823} INFO - Setting next_dagrun for example_short_circuit_operator to 2024-12-21 00:00:00+00:00, run_after=2024-12-22 00:00:00+00:00
[2024-12-22T23:02:46.900+0000] {processor.py:183} INFO - Processing /home/airflow/.local/lib/python3.11/site-packages/airflow/example_dags/example_short_circuit_operator.py took 0.128 seconds
[2024-12-22T23:03:17.108+0000] {processor.py:161} INFO - Started process (PID=2042) to work on /home/airflow/.local/lib/python3.11/site-packages/airflow/example_dags/example_short_circuit_operator.py
[2024-12-22T23:03:17.109+0000] {processor.py:830} INFO - Processing file /home/airflow/.local/lib/python3.11/site-packages/airflow/example_dags/example_short_circuit_operator.py for tasks to queue
[2024-12-22T23:03:17.112+0000] {logging_mixin.py:188} INFO - [2024-12-22T23:03:17.112+0000] {dagbag.py:538} INFO - Filling up the DagBag from /home/airflow/.local/lib/python3.11/site-packages/airflow/example_dags/example_short_circuit_operator.py
[2024-12-22T23:03:17.122+0000] {processor.py:840} INFO - DAG(s) 'example_short_circuit_operator' retrieved from /home/airflow/.local/lib/python3.11/site-packages/airflow/example_dags/example_short_circuit_operator.py
[2024-12-22T23:03:17.151+0000] {logging_mixin.py:188} INFO - [2024-12-22T23:03:17.151+0000] {dag.py:3036} INFO - Sync 1 DAGs
[2024-12-22T23:03:17.177+0000] {logging_mixin.py:188} INFO - [2024-12-22T23:03:17.177+0000] {dag.py:3823} INFO - Setting next_dagrun for example_short_circuit_operator to 2024-12-21 00:00:00+00:00, run_after=2024-12-22 00:00:00+00:00
[2024-12-22T23:03:17.197+0000] {processor.py:183} INFO - Processing /home/airflow/.local/lib/python3.11/site-packages/airflow/example_dags/example_short_circuit_operator.py took 0.093 seconds
[2024-12-22T23:03:47.872+0000] {processor.py:161} INFO - Started process (PID=2114) to work on /home/airflow/.local/lib/python3.11/site-packages/airflow/example_dags/example_short_circuit_operator.py
[2024-12-22T23:03:47.873+0000] {processor.py:830} INFO - Processing file /home/airflow/.local/lib/python3.11/site-packages/airflow/example_dags/example_short_circuit_operator.py for tasks to queue
[2024-12-22T23:03:47.876+0000] {logging_mixin.py:188} INFO - [2024-12-22T23:03:47.876+0000] {dagbag.py:538} INFO - Filling up the DagBag from /home/airflow/.local/lib/python3.11/site-packages/airflow/example_dags/example_short_circuit_operator.py
[2024-12-22T23:03:47.887+0000] {processor.py:840} INFO - DAG(s) 'example_short_circuit_operator' retrieved from /home/airflow/.local/lib/python3.11/site-packages/airflow/example_dags/example_short_circuit_operator.py
[2024-12-22T23:03:47.921+0000] {logging_mixin.py:188} INFO - [2024-12-22T23:03:47.921+0000] {dag.py:3036} INFO - Sync 1 DAGs
[2024-12-22T23:03:47.952+0000] {logging_mixin.py:188} INFO - [2024-12-22T23:03:47.952+0000] {dag.py:3823} INFO - Setting next_dagrun for example_short_circuit_operator to 2024-12-21 00:00:00+00:00, run_after=2024-12-22 00:00:00+00:00
[2024-12-22T23:03:47.977+0000] {processor.py:183} INFO - Processing /home/airflow/.local/lib/python3.11/site-packages/airflow/example_dags/example_short_circuit_operator.py took 0.110 seconds
[2024-12-22T23:04:18.860+0000] {processor.py:161} INFO - Started process (PID=2178) to work on /home/airflow/.local/lib/python3.11/site-packages/airflow/example_dags/example_short_circuit_operator.py
[2024-12-22T23:04:18.862+0000] {processor.py:830} INFO - Processing file /home/airflow/.local/lib/python3.11/site-packages/airflow/example_dags/example_short_circuit_operator.py for tasks to queue
[2024-12-22T23:04:18.864+0000] {logging_mixin.py:188} INFO - [2024-12-22T23:04:18.864+0000] {dagbag.py:538} INFO - Filling up the DagBag from /home/airflow/.local/lib/python3.11/site-packages/airflow/example_dags/example_short_circuit_operator.py
[2024-12-22T23:04:18.876+0000] {processor.py:840} INFO - DAG(s) 'example_short_circuit_operator' retrieved from /home/airflow/.local/lib/python3.11/site-packages/airflow/example_dags/example_short_circuit_operator.py
[2024-12-22T23:04:18.909+0000] {logging_mixin.py:188} INFO - [2024-12-22T23:04:18.909+0000] {dag.py:3036} INFO - Sync 1 DAGs
[2024-12-22T23:04:18.941+0000] {logging_mixin.py:188} INFO - [2024-12-22T23:04:18.940+0000] {dag.py:3823} INFO - Setting next_dagrun for example_short_circuit_operator to 2024-12-21 00:00:00+00:00, run_after=2024-12-22 00:00:00+00:00
[2024-12-22T23:04:18.967+0000] {processor.py:183} INFO - Processing /home/airflow/.local/lib/python3.11/site-packages/airflow/example_dags/example_short_circuit_operator.py took 0.111 seconds
[2024-12-22T23:04:49.041+0000] {processor.py:161} INFO - Started process (PID=2249) to work on /home/airflow/.local/lib/python3.11/site-packages/airflow/example_dags/example_short_circuit_operator.py
[2024-12-22T23:04:49.042+0000] {processor.py:830} INFO - Processing file /home/airflow/.local/lib/python3.11/site-packages/airflow/example_dags/example_short_circuit_operator.py for tasks to queue
[2024-12-22T23:04:49.045+0000] {logging_mixin.py:188} INFO - [2024-12-22T23:04:49.045+0000] {dagbag.py:538} INFO - Filling up the DagBag from /home/airflow/.local/lib/python3.11/site-packages/airflow/example_dags/example_short_circuit_operator.py
[2024-12-22T23:04:49.055+0000] {processor.py:840} INFO - DAG(s) 'example_short_circuit_operator' retrieved from /home/airflow/.local/lib/python3.11/site-packages/airflow/example_dags/example_short_circuit_operator.py
[2024-12-22T23:04:49.086+0000] {logging_mixin.py:188} INFO - [2024-12-22T23:04:49.086+0000] {dag.py:3036} INFO - Sync 1 DAGs
[2024-12-22T23:04:49.112+0000] {logging_mixin.py:188} INFO - [2024-12-22T23:04:49.112+0000] {dag.py:3823} INFO - Setting next_dagrun for example_short_circuit_operator to 2024-12-21 00:00:00+00:00, run_after=2024-12-22 00:00:00+00:00
[2024-12-22T23:04:49.156+0000] {processor.py:183} INFO - Processing /home/airflow/.local/lib/python3.11/site-packages/airflow/example_dags/example_short_circuit_operator.py took 0.120 seconds
[2024-12-22T23:05:19.212+0000] {processor.py:161} INFO - Started process (PID=2328) to work on /home/airflow/.local/lib/python3.11/site-packages/airflow/example_dags/example_short_circuit_operator.py
[2024-12-22T23:05:19.214+0000] {processor.py:830} INFO - Processing file /home/airflow/.local/lib/python3.11/site-packages/airflow/example_dags/example_short_circuit_operator.py for tasks to queue
[2024-12-22T23:05:19.218+0000] {logging_mixin.py:188} INFO - [2024-12-22T23:05:19.217+0000] {dagbag.py:538} INFO - Filling up the DagBag from /home/airflow/.local/lib/python3.11/site-packages/airflow/example_dags/example_short_circuit_operator.py
[2024-12-22T23:05:19.234+0000] {processor.py:840} INFO - DAG(s) 'example_short_circuit_operator' retrieved from /home/airflow/.local/lib/python3.11/site-packages/airflow/example_dags/example_short_circuit_operator.py
[2024-12-22T23:05:19.268+0000] {logging_mixin.py:188} INFO - [2024-12-22T23:05:19.268+0000] {dag.py:3036} INFO - Sync 1 DAGs
[2024-12-22T23:05:19.296+0000] {logging_mixin.py:188} INFO - [2024-12-22T23:05:19.295+0000] {dag.py:3823} INFO - Setting next_dagrun for example_short_circuit_operator to 2024-12-21 00:00:00+00:00, run_after=2024-12-22 00:00:00+00:00
[2024-12-22T23:05:19.323+0000] {processor.py:183} INFO - Processing /home/airflow/.local/lib/python3.11/site-packages/airflow/example_dags/example_short_circuit_operator.py took 0.115 seconds
[2024-12-22T23:05:49.641+0000] {processor.py:161} INFO - Started process (PID=2400) to work on /home/airflow/.local/lib/python3.11/site-packages/airflow/example_dags/example_short_circuit_operator.py
[2024-12-22T23:05:49.642+0000] {processor.py:830} INFO - Processing file /home/airflow/.local/lib/python3.11/site-packages/airflow/example_dags/example_short_circuit_operator.py for tasks to queue
[2024-12-22T23:05:49.645+0000] {logging_mixin.py:188} INFO - [2024-12-22T23:05:49.644+0000] {dagbag.py:538} INFO - Filling up the DagBag from /home/airflow/.local/lib/python3.11/site-packages/airflow/example_dags/example_short_circuit_operator.py
[2024-12-22T23:05:49.654+0000] {processor.py:840} INFO - DAG(s) 'example_short_circuit_operator' retrieved from /home/airflow/.local/lib/python3.11/site-packages/airflow/example_dags/example_short_circuit_operator.py
[2024-12-22T23:05:49.702+0000] {logging_mixin.py:188} INFO - [2024-12-22T23:05:49.701+0000] {dag.py:3036} INFO - Sync 1 DAGs
[2024-12-22T23:05:49.740+0000] {logging_mixin.py:188} INFO - [2024-12-22T23:05:49.740+0000] {dag.py:3823} INFO - Setting next_dagrun for example_short_circuit_operator to 2024-12-21 00:00:00+00:00, run_after=2024-12-22 00:00:00+00:00
[2024-12-22T23:05:49.772+0000] {processor.py:183} INFO - Processing /home/airflow/.local/lib/python3.11/site-packages/airflow/example_dags/example_short_circuit_operator.py took 0.135 seconds
[2024-12-22T23:06:20.223+0000] {processor.py:161} INFO - Started process (PID=2472) to work on /home/airflow/.local/lib/python3.11/site-packages/airflow/example_dags/example_short_circuit_operator.py
[2024-12-22T23:06:20.225+0000] {processor.py:830} INFO - Processing file /home/airflow/.local/lib/python3.11/site-packages/airflow/example_dags/example_short_circuit_operator.py for tasks to queue
[2024-12-22T23:06:20.230+0000] {logging_mixin.py:188} INFO - [2024-12-22T23:06:20.229+0000] {dagbag.py:538} INFO - Filling up the DagBag from /home/airflow/.local/lib/python3.11/site-packages/airflow/example_dags/example_short_circuit_operator.py
[2024-12-22T23:06:20.247+0000] {processor.py:840} INFO - DAG(s) 'example_short_circuit_operator' retrieved from /home/airflow/.local/lib/python3.11/site-packages/airflow/example_dags/example_short_circuit_operator.py
[2024-12-22T23:06:20.281+0000] {logging_mixin.py:188} INFO - [2024-12-22T23:06:20.281+0000] {dag.py:3036} INFO - Sync 1 DAGs
[2024-12-22T23:06:20.305+0000] {logging_mixin.py:188} INFO - [2024-12-22T23:06:20.305+0000] {dag.py:3823} INFO - Setting next_dagrun for example_short_circuit_operator to 2024-12-21 00:00:00+00:00, run_after=2024-12-22 00:00:00+00:00
[2024-12-22T23:06:20.348+0000] {processor.py:183} INFO - Processing /home/airflow/.local/lib/python3.11/site-packages/airflow/example_dags/example_short_circuit_operator.py took 0.132 seconds
[2024-12-22T23:06:50.416+0000] {processor.py:161} INFO - Started process (PID=2545) to work on /home/airflow/.local/lib/python3.11/site-packages/airflow/example_dags/example_short_circuit_operator.py
[2024-12-22T23:06:50.417+0000] {processor.py:830} INFO - Processing file /home/airflow/.local/lib/python3.11/site-packages/airflow/example_dags/example_short_circuit_operator.py for tasks to queue
[2024-12-22T23:06:50.420+0000] {logging_mixin.py:188} INFO - [2024-12-22T23:06:50.419+0000] {dagbag.py:538} INFO - Filling up the DagBag from /home/airflow/.local/lib/python3.11/site-packages/airflow/example_dags/example_short_circuit_operator.py
[2024-12-22T23:06:50.429+0000] {processor.py:840} INFO - DAG(s) 'example_short_circuit_operator' retrieved from /home/airflow/.local/lib/python3.11/site-packages/airflow/example_dags/example_short_circuit_operator.py
[2024-12-22T23:06:50.459+0000] {logging_mixin.py:188} INFO - [2024-12-22T23:06:50.458+0000] {dag.py:3036} INFO - Sync 1 DAGs
[2024-12-22T23:06:50.489+0000] {logging_mixin.py:188} INFO - [2024-12-22T23:06:50.489+0000] {dag.py:3823} INFO - Setting next_dagrun for example_short_circuit_operator to 2024-12-21 00:00:00+00:00, run_after=2024-12-22 00:00:00+00:00
[2024-12-22T23:06:50.525+0000] {processor.py:183} INFO - Processing /home/airflow/.local/lib/python3.11/site-packages/airflow/example_dags/example_short_circuit_operator.py took 0.113 seconds
[2024-12-22T23:07:20.859+0000] {processor.py:161} INFO - Started process (PID=2624) to work on /home/airflow/.local/lib/python3.11/site-packages/airflow/example_dags/example_short_circuit_operator.py
[2024-12-22T23:07:20.861+0000] {processor.py:830} INFO - Processing file /home/airflow/.local/lib/python3.11/site-packages/airflow/example_dags/example_short_circuit_operator.py for tasks to queue
[2024-12-22T23:07:20.864+0000] {logging_mixin.py:188} INFO - [2024-12-22T23:07:20.863+0000] {dagbag.py:538} INFO - Filling up the DagBag from /home/airflow/.local/lib/python3.11/site-packages/airflow/example_dags/example_short_circuit_operator.py
[2024-12-22T23:07:20.875+0000] {processor.py:840} INFO - DAG(s) 'example_short_circuit_operator' retrieved from /home/airflow/.local/lib/python3.11/site-packages/airflow/example_dags/example_short_circuit_operator.py
[2024-12-22T23:07:20.905+0000] {logging_mixin.py:188} INFO - [2024-12-22T23:07:20.905+0000] {dag.py:3036} INFO - Sync 1 DAGs
[2024-12-22T23:07:20.934+0000] {logging_mixin.py:188} INFO - [2024-12-22T23:07:20.934+0000] {dag.py:3823} INFO - Setting next_dagrun for example_short_circuit_operator to 2024-12-21 00:00:00+00:00, run_after=2024-12-22 00:00:00+00:00
[2024-12-22T23:07:20.960+0000] {processor.py:183} INFO - Processing /home/airflow/.local/lib/python3.11/site-packages/airflow/example_dags/example_short_circuit_operator.py took 0.107 seconds
[2024-12-22T23:07:51.832+0000] {processor.py:161} INFO - Started process (PID=2696) to work on /home/airflow/.local/lib/python3.11/site-packages/airflow/example_dags/example_short_circuit_operator.py
[2024-12-22T23:07:51.834+0000] {processor.py:830} INFO - Processing file /home/airflow/.local/lib/python3.11/site-packages/airflow/example_dags/example_short_circuit_operator.py for tasks to queue
[2024-12-22T23:07:51.837+0000] {logging_mixin.py:188} INFO - [2024-12-22T23:07:51.836+0000] {dagbag.py:538} INFO - Filling up the DagBag from /home/airflow/.local/lib/python3.11/site-packages/airflow/example_dags/example_short_circuit_operator.py
[2024-12-22T23:07:51.851+0000] {processor.py:840} INFO - DAG(s) 'example_short_circuit_operator' retrieved from /home/airflow/.local/lib/python3.11/site-packages/airflow/example_dags/example_short_circuit_operator.py
[2024-12-22T23:07:51.880+0000] {logging_mixin.py:188} INFO - [2024-12-22T23:07:51.880+0000] {dag.py:3036} INFO - Sync 1 DAGs
[2024-12-22T23:07:51.903+0000] {logging_mixin.py:188} INFO - [2024-12-22T23:07:51.903+0000] {dag.py:3823} INFO - Setting next_dagrun for example_short_circuit_operator to 2024-12-21 00:00:00+00:00, run_after=2024-12-22 00:00:00+00:00
[2024-12-22T23:07:51.936+0000] {processor.py:183} INFO - Processing /home/airflow/.local/lib/python3.11/site-packages/airflow/example_dags/example_short_circuit_operator.py took 0.107 seconds
