[2024-12-22T22:50:05.808+0000] {processor.py:161} INFO - Started process (PID=149) to work on /home/airflow/.local/lib/python3.11/site-packages/airflow/example_dags/example_python_decorator.py
[2024-12-22T22:50:05.810+0000] {processor.py:830} INFO - Processing file /home/airflow/.local/lib/python3.11/site-packages/airflow/example_dags/example_python_decorator.py for tasks to queue
[2024-12-22T22:50:05.814+0000] {logging_mixin.py:188} INFO - [2024-12-22T22:50:05.813+0000] {dagbag.py:538} INFO - Filling up the DagBag from /home/airflow/.local/lib/python3.11/site-packages/airflow/example_dags/example_python_decorator.py
[2024-12-22T22:50:05.841+0000] {processor.py:840} INFO - DAG(s) 'example_python_decorator' retrieved from /home/airflow/.local/lib/python3.11/site-packages/airflow/example_dags/example_python_decorator.py
[2024-12-22T22:50:06.047+0000] {logging_mixin.py:188} INFO - [2024-12-22T22:50:06.046+0000] {override.py:1769} INFO - Created Permission View: can edit on DAG:example_python_decorator
[2024-12-22T22:50:06.067+0000] {logging_mixin.py:188} INFO - [2024-12-22T22:50:06.066+0000] {override.py:1769} INFO - Created Permission View: can delete on DAG:example_python_decorator
[2024-12-22T22:50:06.079+0000] {logging_mixin.py:188} INFO - [2024-12-22T22:50:06.078+0000] {override.py:1769} INFO - Created Permission View: can read on DAG:example_python_decorator
[2024-12-22T22:50:06.080+0000] {logging_mixin.py:188} INFO - [2024-12-22T22:50:06.080+0000] {dag.py:3036} INFO - Sync 1 DAGs
[2024-12-22T22:50:06.099+0000] {logging_mixin.py:188} INFO - [2024-12-22T22:50:06.098+0000] {dag.py:3058} INFO - Creating ORM DAG for example_python_decorator
[2024-12-22T22:50:06.100+0000] {logging_mixin.py:188} INFO - [2024-12-22T22:50:06.100+0000] {dag.py:3823} INFO - Setting next_dagrun for example_python_decorator to None, run_after=None
[2024-12-22T22:50:06.126+0000] {processor.py:183} INFO - Processing /home/airflow/.local/lib/python3.11/site-packages/airflow/example_dags/example_python_decorator.py took 0.323 seconds
[2024-12-22T22:50:36.994+0000] {processor.py:161} INFO - Started process (PID=213) to work on /home/airflow/.local/lib/python3.11/site-packages/airflow/example_dags/example_python_decorator.py
[2024-12-22T22:50:36.995+0000] {processor.py:830} INFO - Processing file /home/airflow/.local/lib/python3.11/site-packages/airflow/example_dags/example_python_decorator.py for tasks to queue
[2024-12-22T22:50:36.999+0000] {logging_mixin.py:188} INFO - [2024-12-22T22:50:36.998+0000] {dagbag.py:538} INFO - Filling up the DagBag from /home/airflow/.local/lib/python3.11/site-packages/airflow/example_dags/example_python_decorator.py
[2024-12-22T22:50:37.019+0000] {processor.py:840} INFO - DAG(s) 'example_python_decorator' retrieved from /home/airflow/.local/lib/python3.11/site-packages/airflow/example_dags/example_python_decorator.py
[2024-12-22T22:50:37.048+0000] {logging_mixin.py:188} INFO - [2024-12-22T22:50:37.048+0000] {dag.py:3036} INFO - Sync 1 DAGs
[2024-12-22T22:50:37.061+0000] {logging_mixin.py:188} INFO - [2024-12-22T22:50:37.061+0000] {dag.py:3823} INFO - Setting next_dagrun for example_python_decorator to None, run_after=None
[2024-12-22T22:50:37.092+0000] {processor.py:183} INFO - Processing /home/airflow/.local/lib/python3.11/site-packages/airflow/example_dags/example_python_decorator.py took 0.102 seconds
[2024-12-22T22:51:07.414+0000] {processor.py:161} INFO - Started process (PID=284) to work on /home/airflow/.local/lib/python3.11/site-packages/airflow/example_dags/example_python_decorator.py
[2024-12-22T22:51:07.415+0000] {processor.py:830} INFO - Processing file /home/airflow/.local/lib/python3.11/site-packages/airflow/example_dags/example_python_decorator.py for tasks to queue
[2024-12-22T22:51:07.418+0000] {logging_mixin.py:188} INFO - [2024-12-22T22:51:07.417+0000] {dagbag.py:538} INFO - Filling up the DagBag from /home/airflow/.local/lib/python3.11/site-packages/airflow/example_dags/example_python_decorator.py
[2024-12-22T22:51:07.433+0000] {processor.py:840} INFO - DAG(s) 'example_python_decorator' retrieved from /home/airflow/.local/lib/python3.11/site-packages/airflow/example_dags/example_python_decorator.py
[2024-12-22T22:51:07.460+0000] {logging_mixin.py:188} INFO - [2024-12-22T22:51:07.459+0000] {dag.py:3036} INFO - Sync 1 DAGs
[2024-12-22T22:51:07.475+0000] {logging_mixin.py:188} INFO - [2024-12-22T22:51:07.474+0000] {dag.py:3823} INFO - Setting next_dagrun for example_python_decorator to None, run_after=None
[2024-12-22T22:51:07.506+0000] {processor.py:183} INFO - Processing /home/airflow/.local/lib/python3.11/site-packages/airflow/example_dags/example_python_decorator.py took 0.096 seconds
[2024-12-22T22:51:38.112+0000] {processor.py:161} INFO - Started process (PID=363) to work on /home/airflow/.local/lib/python3.11/site-packages/airflow/example_dags/example_python_decorator.py
[2024-12-22T22:51:38.113+0000] {processor.py:830} INFO - Processing file /home/airflow/.local/lib/python3.11/site-packages/airflow/example_dags/example_python_decorator.py for tasks to queue
[2024-12-22T22:51:38.116+0000] {logging_mixin.py:188} INFO - [2024-12-22T22:51:38.116+0000] {dagbag.py:538} INFO - Filling up the DagBag from /home/airflow/.local/lib/python3.11/site-packages/airflow/example_dags/example_python_decorator.py
[2024-12-22T22:51:38.134+0000] {processor.py:840} INFO - DAG(s) 'example_python_decorator' retrieved from /home/airflow/.local/lib/python3.11/site-packages/airflow/example_dags/example_python_decorator.py
[2024-12-22T22:51:38.177+0000] {logging_mixin.py:188} INFO - [2024-12-22T22:51:38.177+0000] {dag.py:3036} INFO - Sync 1 DAGs
[2024-12-22T22:51:38.198+0000] {logging_mixin.py:188} INFO - [2024-12-22T22:51:38.197+0000] {dag.py:3823} INFO - Setting next_dagrun for example_python_decorator to None, run_after=None
[2024-12-22T22:51:38.230+0000] {processor.py:183} INFO - Processing /home/airflow/.local/lib/python3.11/site-packages/airflow/example_dags/example_python_decorator.py took 0.122 seconds
[2024-12-22T22:52:08.727+0000] {processor.py:161} INFO - Started process (PID=435) to work on /home/airflow/.local/lib/python3.11/site-packages/airflow/example_dags/example_python_decorator.py
[2024-12-22T22:52:08.730+0000] {processor.py:830} INFO - Processing file /home/airflow/.local/lib/python3.11/site-packages/airflow/example_dags/example_python_decorator.py for tasks to queue
[2024-12-22T22:52:08.734+0000] {logging_mixin.py:188} INFO - [2024-12-22T22:52:08.734+0000] {dagbag.py:538} INFO - Filling up the DagBag from /home/airflow/.local/lib/python3.11/site-packages/airflow/example_dags/example_python_decorator.py
[2024-12-22T22:52:08.770+0000] {processor.py:840} INFO - DAG(s) 'example_python_decorator' retrieved from /home/airflow/.local/lib/python3.11/site-packages/airflow/example_dags/example_python_decorator.py
[2024-12-22T22:52:08.819+0000] {logging_mixin.py:188} INFO - [2024-12-22T22:52:08.818+0000] {dag.py:3036} INFO - Sync 1 DAGs
[2024-12-22T22:52:08.847+0000] {logging_mixin.py:188} INFO - [2024-12-22T22:52:08.847+0000] {dag.py:3823} INFO - Setting next_dagrun for example_python_decorator to None, run_after=None
[2024-12-22T22:52:08.889+0000] {processor.py:183} INFO - Processing /home/airflow/.local/lib/python3.11/site-packages/airflow/example_dags/example_python_decorator.py took 0.169 seconds
[2024-12-22T22:52:39.784+0000] {processor.py:161} INFO - Started process (PID=507) to work on /home/airflow/.local/lib/python3.11/site-packages/airflow/example_dags/example_python_decorator.py
[2024-12-22T22:52:39.787+0000] {processor.py:830} INFO - Processing file /home/airflow/.local/lib/python3.11/site-packages/airflow/example_dags/example_python_decorator.py for tasks to queue
[2024-12-22T22:52:39.792+0000] {logging_mixin.py:188} INFO - [2024-12-22T22:52:39.792+0000] {dagbag.py:538} INFO - Filling up the DagBag from /home/airflow/.local/lib/python3.11/site-packages/airflow/example_dags/example_python_decorator.py
[2024-12-22T22:52:39.824+0000] {processor.py:840} INFO - DAG(s) 'example_python_decorator' retrieved from /home/airflow/.local/lib/python3.11/site-packages/airflow/example_dags/example_python_decorator.py
[2024-12-22T22:52:39.872+0000] {logging_mixin.py:188} INFO - [2024-12-22T22:52:39.872+0000] {dag.py:3036} INFO - Sync 1 DAGs
[2024-12-22T22:52:39.898+0000] {logging_mixin.py:188} INFO - [2024-12-22T22:52:39.897+0000] {dag.py:3823} INFO - Setting next_dagrun for example_python_decorator to None, run_after=None
[2024-12-22T22:52:39.945+0000] {processor.py:183} INFO - Processing /home/airflow/.local/lib/python3.11/site-packages/airflow/example_dags/example_python_decorator.py took 0.170 seconds
[2024-12-22T22:53:10.450+0000] {processor.py:161} INFO - Started process (PID=585) to work on /home/airflow/.local/lib/python3.11/site-packages/airflow/example_dags/example_python_decorator.py
[2024-12-22T22:53:10.451+0000] {processor.py:830} INFO - Processing file /home/airflow/.local/lib/python3.11/site-packages/airflow/example_dags/example_python_decorator.py for tasks to queue
[2024-12-22T22:53:10.454+0000] {logging_mixin.py:188} INFO - [2024-12-22T22:53:10.453+0000] {dagbag.py:538} INFO - Filling up the DagBag from /home/airflow/.local/lib/python3.11/site-packages/airflow/example_dags/example_python_decorator.py
[2024-12-22T22:53:10.470+0000] {processor.py:840} INFO - DAG(s) 'example_python_decorator' retrieved from /home/airflow/.local/lib/python3.11/site-packages/airflow/example_dags/example_python_decorator.py
[2024-12-22T22:53:10.504+0000] {logging_mixin.py:188} INFO - [2024-12-22T22:53:10.504+0000] {dag.py:3036} INFO - Sync 1 DAGs
[2024-12-22T22:53:10.521+0000] {logging_mixin.py:188} INFO - [2024-12-22T22:53:10.521+0000] {dag.py:3823} INFO - Setting next_dagrun for example_python_decorator to None, run_after=None
[2024-12-22T22:53:10.558+0000] {processor.py:183} INFO - Processing /home/airflow/.local/lib/python3.11/site-packages/airflow/example_dags/example_python_decorator.py took 0.112 seconds
[2024-12-22T22:53:40.779+0000] {processor.py:161} INFO - Started process (PID=657) to work on /home/airflow/.local/lib/python3.11/site-packages/airflow/example_dags/example_python_decorator.py
[2024-12-22T22:53:40.781+0000] {processor.py:830} INFO - Processing file /home/airflow/.local/lib/python3.11/site-packages/airflow/example_dags/example_python_decorator.py for tasks to queue
[2024-12-22T22:53:40.786+0000] {logging_mixin.py:188} INFO - [2024-12-22T22:53:40.785+0000] {dagbag.py:538} INFO - Filling up the DagBag from /home/airflow/.local/lib/python3.11/site-packages/airflow/example_dags/example_python_decorator.py
[2024-12-22T22:53:40.804+0000] {processor.py:840} INFO - DAG(s) 'example_python_decorator' retrieved from /home/airflow/.local/lib/python3.11/site-packages/airflow/example_dags/example_python_decorator.py
[2024-12-22T22:53:40.830+0000] {logging_mixin.py:188} INFO - [2024-12-22T22:53:40.830+0000] {dag.py:3036} INFO - Sync 1 DAGs
[2024-12-22T22:53:40.845+0000] {logging_mixin.py:188} INFO - [2024-12-22T22:53:40.844+0000] {dag.py:3823} INFO - Setting next_dagrun for example_python_decorator to None, run_after=None
[2024-12-22T22:53:40.886+0000] {processor.py:183} INFO - Processing /home/airflow/.local/lib/python3.11/site-packages/airflow/example_dags/example_python_decorator.py took 0.111 seconds
[2024-12-22T22:54:11.129+0000] {processor.py:161} INFO - Started process (PID=730) to work on /home/airflow/.local/lib/python3.11/site-packages/airflow/example_dags/example_python_decorator.py
[2024-12-22T22:54:11.131+0000] {processor.py:830} INFO - Processing file /home/airflow/.local/lib/python3.11/site-packages/airflow/example_dags/example_python_decorator.py for tasks to queue
[2024-12-22T22:54:11.135+0000] {logging_mixin.py:188} INFO - [2024-12-22T22:54:11.134+0000] {dagbag.py:538} INFO - Filling up the DagBag from /home/airflow/.local/lib/python3.11/site-packages/airflow/example_dags/example_python_decorator.py
[2024-12-22T22:54:11.152+0000] {processor.py:840} INFO - DAG(s) 'example_python_decorator' retrieved from /home/airflow/.local/lib/python3.11/site-packages/airflow/example_dags/example_python_decorator.py
[2024-12-22T22:54:11.184+0000] {logging_mixin.py:188} INFO - [2024-12-22T22:54:11.184+0000] {dag.py:3036} INFO - Sync 1 DAGs
[2024-12-22T22:54:11.201+0000] {logging_mixin.py:188} INFO - [2024-12-22T22:54:11.201+0000] {dag.py:3823} INFO - Setting next_dagrun for example_python_decorator to None, run_after=None
[2024-12-22T22:54:11.236+0000] {processor.py:183} INFO - Processing /home/airflow/.local/lib/python3.11/site-packages/airflow/example_dags/example_python_decorator.py took 0.114 seconds
[2024-12-22T22:54:41.694+0000] {processor.py:161} INFO - Started process (PID=802) to work on /home/airflow/.local/lib/python3.11/site-packages/airflow/example_dags/example_python_decorator.py
[2024-12-22T22:54:41.696+0000] {processor.py:830} INFO - Processing file /home/airflow/.local/lib/python3.11/site-packages/airflow/example_dags/example_python_decorator.py for tasks to queue
[2024-12-22T22:54:41.700+0000] {logging_mixin.py:188} INFO - [2024-12-22T22:54:41.699+0000] {dagbag.py:538} INFO - Filling up the DagBag from /home/airflow/.local/lib/python3.11/site-packages/airflow/example_dags/example_python_decorator.py
[2024-12-22T22:54:41.721+0000] {processor.py:840} INFO - DAG(s) 'example_python_decorator' retrieved from /home/airflow/.local/lib/python3.11/site-packages/airflow/example_dags/example_python_decorator.py
[2024-12-22T22:54:41.755+0000] {logging_mixin.py:188} INFO - [2024-12-22T22:54:41.755+0000] {dag.py:3036} INFO - Sync 1 DAGs
[2024-12-22T22:54:41.780+0000] {logging_mixin.py:188} INFO - [2024-12-22T22:54:41.780+0000] {dag.py:3823} INFO - Setting next_dagrun for example_python_decorator to None, run_after=None
[2024-12-22T22:54:41.813+0000] {processor.py:183} INFO - Processing /home/airflow/.local/lib/python3.11/site-packages/airflow/example_dags/example_python_decorator.py took 0.125 seconds
[2024-12-22T22:55:12.123+0000] {processor.py:161} INFO - Started process (PID=873) to work on /home/airflow/.local/lib/python3.11/site-packages/airflow/example_dags/example_python_decorator.py
[2024-12-22T22:55:12.125+0000] {processor.py:830} INFO - Processing file /home/airflow/.local/lib/python3.11/site-packages/airflow/example_dags/example_python_decorator.py for tasks to queue
[2024-12-22T22:55:12.128+0000] {logging_mixin.py:188} INFO - [2024-12-22T22:55:12.128+0000] {dagbag.py:538} INFO - Filling up the DagBag from /home/airflow/.local/lib/python3.11/site-packages/airflow/example_dags/example_python_decorator.py
[2024-12-22T22:55:12.145+0000] {processor.py:840} INFO - DAG(s) 'example_python_decorator' retrieved from /home/airflow/.local/lib/python3.11/site-packages/airflow/example_dags/example_python_decorator.py
[2024-12-22T22:55:12.174+0000] {logging_mixin.py:188} INFO - [2024-12-22T22:55:12.174+0000] {dag.py:3036} INFO - Sync 1 DAGs
[2024-12-22T22:55:12.188+0000] {logging_mixin.py:188} INFO - [2024-12-22T22:55:12.188+0000] {dag.py:3823} INFO - Setting next_dagrun for example_python_decorator to None, run_after=None
[2024-12-22T22:55:12.211+0000] {processor.py:183} INFO - Processing /home/airflow/.local/lib/python3.11/site-packages/airflow/example_dags/example_python_decorator.py took 0.093 seconds
[2024-12-22T22:55:42.492+0000] {processor.py:161} INFO - Started process (PID=944) to work on /home/airflow/.local/lib/python3.11/site-packages/airflow/example_dags/example_python_decorator.py
[2024-12-22T22:55:42.494+0000] {processor.py:830} INFO - Processing file /home/airflow/.local/lib/python3.11/site-packages/airflow/example_dags/example_python_decorator.py for tasks to queue
[2024-12-22T22:55:42.499+0000] {logging_mixin.py:188} INFO - [2024-12-22T22:55:42.498+0000] {dagbag.py:538} INFO - Filling up the DagBag from /home/airflow/.local/lib/python3.11/site-packages/airflow/example_dags/example_python_decorator.py
[2024-12-22T22:55:42.526+0000] {processor.py:840} INFO - DAG(s) 'example_python_decorator' retrieved from /home/airflow/.local/lib/python3.11/site-packages/airflow/example_dags/example_python_decorator.py
[2024-12-22T22:55:42.561+0000] {logging_mixin.py:188} INFO - [2024-12-22T22:55:42.561+0000] {dag.py:3036} INFO - Sync 1 DAGs
[2024-12-22T22:55:42.577+0000] {logging_mixin.py:188} INFO - [2024-12-22T22:55:42.577+0000] {dag.py:3823} INFO - Setting next_dagrun for example_python_decorator to None, run_after=None
[2024-12-22T22:55:42.609+0000] {processor.py:183} INFO - Processing /home/airflow/.local/lib/python3.11/site-packages/airflow/example_dags/example_python_decorator.py took 0.123 seconds
[2024-12-22T22:56:13.159+0000] {processor.py:161} INFO - Started process (PID=1016) to work on /home/airflow/.local/lib/python3.11/site-packages/airflow/example_dags/example_python_decorator.py
[2024-12-22T22:56:13.161+0000] {processor.py:830} INFO - Processing file /home/airflow/.local/lib/python3.11/site-packages/airflow/example_dags/example_python_decorator.py for tasks to queue
[2024-12-22T22:56:13.165+0000] {logging_mixin.py:188} INFO - [2024-12-22T22:56:13.164+0000] {dagbag.py:538} INFO - Filling up the DagBag from /home/airflow/.local/lib/python3.11/site-packages/airflow/example_dags/example_python_decorator.py
[2024-12-22T22:56:13.185+0000] {processor.py:840} INFO - DAG(s) 'example_python_decorator' retrieved from /home/airflow/.local/lib/python3.11/site-packages/airflow/example_dags/example_python_decorator.py
[2024-12-22T22:56:13.213+0000] {logging_mixin.py:188} INFO - [2024-12-22T22:56:13.213+0000] {dag.py:3036} INFO - Sync 1 DAGs
[2024-12-22T22:56:13.227+0000] {logging_mixin.py:188} INFO - [2024-12-22T22:56:13.227+0000] {dag.py:3823} INFO - Setting next_dagrun for example_python_decorator to None, run_after=None
[2024-12-22T22:56:13.261+0000] {processor.py:183} INFO - Processing /home/airflow/.local/lib/python3.11/site-packages/airflow/example_dags/example_python_decorator.py took 0.106 seconds
[2024-12-22T22:56:43.319+0000] {processor.py:161} INFO - Started process (PID=1088) to work on /home/airflow/.local/lib/python3.11/site-packages/airflow/example_dags/example_python_decorator.py
[2024-12-22T22:56:43.321+0000] {processor.py:830} INFO - Processing file /home/airflow/.local/lib/python3.11/site-packages/airflow/example_dags/example_python_decorator.py for tasks to queue
[2024-12-22T22:56:43.324+0000] {logging_mixin.py:188} INFO - [2024-12-22T22:56:43.324+0000] {dagbag.py:538} INFO - Filling up the DagBag from /home/airflow/.local/lib/python3.11/site-packages/airflow/example_dags/example_python_decorator.py
[2024-12-22T22:56:43.342+0000] {processor.py:840} INFO - DAG(s) 'example_python_decorator' retrieved from /home/airflow/.local/lib/python3.11/site-packages/airflow/example_dags/example_python_decorator.py
[2024-12-22T22:56:43.373+0000] {logging_mixin.py:188} INFO - [2024-12-22T22:56:43.373+0000] {dag.py:3036} INFO - Sync 1 DAGs
[2024-12-22T22:56:43.391+0000] {logging_mixin.py:188} INFO - [2024-12-22T22:56:43.390+0000] {dag.py:3823} INFO - Setting next_dagrun for example_python_decorator to None, run_after=None
[2024-12-22T22:56:43.426+0000] {processor.py:183} INFO - Processing /home/airflow/.local/lib/python3.11/site-packages/airflow/example_dags/example_python_decorator.py took 0.111 seconds
[2024-12-22T22:57:13.619+0000] {processor.py:161} INFO - Started process (PID=1167) to work on /home/airflow/.local/lib/python3.11/site-packages/airflow/example_dags/example_python_decorator.py
[2024-12-22T22:57:13.621+0000] {processor.py:830} INFO - Processing file /home/airflow/.local/lib/python3.11/site-packages/airflow/example_dags/example_python_decorator.py for tasks to queue
[2024-12-22T22:57:13.624+0000] {logging_mixin.py:188} INFO - [2024-12-22T22:57:13.624+0000] {dagbag.py:538} INFO - Filling up the DagBag from /home/airflow/.local/lib/python3.11/site-packages/airflow/example_dags/example_python_decorator.py
[2024-12-22T22:57:13.641+0000] {processor.py:840} INFO - DAG(s) 'example_python_decorator' retrieved from /home/airflow/.local/lib/python3.11/site-packages/airflow/example_dags/example_python_decorator.py
[2024-12-22T22:57:13.671+0000] {logging_mixin.py:188} INFO - [2024-12-22T22:57:13.670+0000] {dag.py:3036} INFO - Sync 1 DAGs
[2024-12-22T22:57:13.684+0000] {logging_mixin.py:188} INFO - [2024-12-22T22:57:13.684+0000] {dag.py:3823} INFO - Setting next_dagrun for example_python_decorator to None, run_after=None
[2024-12-22T22:57:13.712+0000] {processor.py:183} INFO - Processing /home/airflow/.local/lib/python3.11/site-packages/airflow/example_dags/example_python_decorator.py took 0.097 seconds
[2024-12-22T22:57:44.072+0000] {processor.py:161} INFO - Started process (PID=1239) to work on /home/airflow/.local/lib/python3.11/site-packages/airflow/example_dags/example_python_decorator.py
[2024-12-22T22:57:44.074+0000] {processor.py:830} INFO - Processing file /home/airflow/.local/lib/python3.11/site-packages/airflow/example_dags/example_python_decorator.py for tasks to queue
[2024-12-22T22:57:44.077+0000] {logging_mixin.py:188} INFO - [2024-12-22T22:57:44.076+0000] {dagbag.py:538} INFO - Filling up the DagBag from /home/airflow/.local/lib/python3.11/site-packages/airflow/example_dags/example_python_decorator.py
[2024-12-22T22:57:44.096+0000] {processor.py:840} INFO - DAG(s) 'example_python_decorator' retrieved from /home/airflow/.local/lib/python3.11/site-packages/airflow/example_dags/example_python_decorator.py
[2024-12-22T22:57:44.126+0000] {logging_mixin.py:188} INFO - [2024-12-22T22:57:44.126+0000] {dag.py:3036} INFO - Sync 1 DAGs
[2024-12-22T22:57:44.143+0000] {logging_mixin.py:188} INFO - [2024-12-22T22:57:44.143+0000] {dag.py:3823} INFO - Setting next_dagrun for example_python_decorator to None, run_after=None
[2024-12-22T22:57:44.191+0000] {processor.py:183} INFO - Processing /home/airflow/.local/lib/python3.11/site-packages/airflow/example_dags/example_python_decorator.py took 0.123 seconds
[2024-12-22T22:58:14.628+0000] {processor.py:161} INFO - Started process (PID=1311) to work on /home/airflow/.local/lib/python3.11/site-packages/airflow/example_dags/example_python_decorator.py
[2024-12-22T22:58:14.630+0000] {processor.py:830} INFO - Processing file /home/airflow/.local/lib/python3.11/site-packages/airflow/example_dags/example_python_decorator.py for tasks to queue
[2024-12-22T22:58:14.633+0000] {logging_mixin.py:188} INFO - [2024-12-22T22:58:14.632+0000] {dagbag.py:538} INFO - Filling up the DagBag from /home/airflow/.local/lib/python3.11/site-packages/airflow/example_dags/example_python_decorator.py
[2024-12-22T22:58:14.649+0000] {processor.py:840} INFO - DAG(s) 'example_python_decorator' retrieved from /home/airflow/.local/lib/python3.11/site-packages/airflow/example_dags/example_python_decorator.py
[2024-12-22T22:58:14.678+0000] {logging_mixin.py:188} INFO - [2024-12-22T22:58:14.677+0000] {dag.py:3036} INFO - Sync 1 DAGs
[2024-12-22T22:58:14.700+0000] {logging_mixin.py:188} INFO - [2024-12-22T22:58:14.699+0000] {dag.py:3823} INFO - Setting next_dagrun for example_python_decorator to None, run_after=None
[2024-12-22T22:58:14.738+0000] {processor.py:183} INFO - Processing /home/airflow/.local/lib/python3.11/site-packages/airflow/example_dags/example_python_decorator.py took 0.114 seconds
[2024-12-22T22:58:44.890+0000] {processor.py:161} INFO - Started process (PID=1383) to work on /home/airflow/.local/lib/python3.11/site-packages/airflow/example_dags/example_python_decorator.py
[2024-12-22T22:58:44.891+0000] {processor.py:830} INFO - Processing file /home/airflow/.local/lib/python3.11/site-packages/airflow/example_dags/example_python_decorator.py for tasks to queue
[2024-12-22T22:58:44.895+0000] {logging_mixin.py:188} INFO - [2024-12-22T22:58:44.894+0000] {dagbag.py:538} INFO - Filling up the DagBag from /home/airflow/.local/lib/python3.11/site-packages/airflow/example_dags/example_python_decorator.py
[2024-12-22T22:58:44.915+0000] {processor.py:840} INFO - DAG(s) 'example_python_decorator' retrieved from /home/airflow/.local/lib/python3.11/site-packages/airflow/example_dags/example_python_decorator.py
[2024-12-22T22:58:44.948+0000] {logging_mixin.py:188} INFO - [2024-12-22T22:58:44.948+0000] {dag.py:3036} INFO - Sync 1 DAGs
[2024-12-22T22:58:44.969+0000] {logging_mixin.py:188} INFO - [2024-12-22T22:58:44.969+0000] {dag.py:3823} INFO - Setting next_dagrun for example_python_decorator to None, run_after=None
[2024-12-22T22:58:44.999+0000] {processor.py:183} INFO - Processing /home/airflow/.local/lib/python3.11/site-packages/airflow/example_dags/example_python_decorator.py took 0.114 seconds
[2024-12-22T22:59:15.106+0000] {processor.py:161} INFO - Started process (PID=1462) to work on /home/airflow/.local/lib/python3.11/site-packages/airflow/example_dags/example_python_decorator.py
[2024-12-22T22:59:15.107+0000] {processor.py:830} INFO - Processing file /home/airflow/.local/lib/python3.11/site-packages/airflow/example_dags/example_python_decorator.py for tasks to queue
[2024-12-22T22:59:15.110+0000] {logging_mixin.py:188} INFO - [2024-12-22T22:59:15.110+0000] {dagbag.py:538} INFO - Filling up the DagBag from /home/airflow/.local/lib/python3.11/site-packages/airflow/example_dags/example_python_decorator.py
[2024-12-22T22:59:15.127+0000] {processor.py:840} INFO - DAG(s) 'example_python_decorator' retrieved from /home/airflow/.local/lib/python3.11/site-packages/airflow/example_dags/example_python_decorator.py
[2024-12-22T22:59:15.156+0000] {logging_mixin.py:188} INFO - [2024-12-22T22:59:15.155+0000] {dag.py:3036} INFO - Sync 1 DAGs
[2024-12-22T22:59:15.172+0000] {logging_mixin.py:188} INFO - [2024-12-22T22:59:15.172+0000] {dag.py:3823} INFO - Setting next_dagrun for example_python_decorator to None, run_after=None
[2024-12-22T22:59:15.212+0000] {processor.py:183} INFO - Processing /home/airflow/.local/lib/python3.11/site-packages/airflow/example_dags/example_python_decorator.py took 0.110 seconds
[2024-12-22T22:59:45.572+0000] {processor.py:161} INFO - Started process (PID=1526) to work on /home/airflow/.local/lib/python3.11/site-packages/airflow/example_dags/example_python_decorator.py
[2024-12-22T22:59:45.574+0000] {processor.py:830} INFO - Processing file /home/airflow/.local/lib/python3.11/site-packages/airflow/example_dags/example_python_decorator.py for tasks to queue
[2024-12-22T22:59:45.578+0000] {logging_mixin.py:188} INFO - [2024-12-22T22:59:45.577+0000] {dagbag.py:538} INFO - Filling up the DagBag from /home/airflow/.local/lib/python3.11/site-packages/airflow/example_dags/example_python_decorator.py
[2024-12-22T22:59:45.598+0000] {processor.py:840} INFO - DAG(s) 'example_python_decorator' retrieved from /home/airflow/.local/lib/python3.11/site-packages/airflow/example_dags/example_python_decorator.py
[2024-12-22T22:59:45.624+0000] {logging_mixin.py:188} INFO - [2024-12-22T22:59:45.624+0000] {dag.py:3036} INFO - Sync 1 DAGs
[2024-12-22T22:59:45.638+0000] {logging_mixin.py:188} INFO - [2024-12-22T22:59:45.637+0000] {dag.py:3823} INFO - Setting next_dagrun for example_python_decorator to None, run_after=None
[2024-12-22T22:59:45.670+0000] {processor.py:183} INFO - Processing /home/airflow/.local/lib/python3.11/site-packages/airflow/example_dags/example_python_decorator.py took 0.104 seconds
[2024-12-22T23:00:15.827+0000] {processor.py:161} INFO - Started process (PID=1597) to work on /home/airflow/.local/lib/python3.11/site-packages/airflow/example_dags/example_python_decorator.py
[2024-12-22T23:00:15.829+0000] {processor.py:830} INFO - Processing file /home/airflow/.local/lib/python3.11/site-packages/airflow/example_dags/example_python_decorator.py for tasks to queue
[2024-12-22T23:00:15.831+0000] {logging_mixin.py:188} INFO - [2024-12-22T23:00:15.831+0000] {dagbag.py:538} INFO - Filling up the DagBag from /home/airflow/.local/lib/python3.11/site-packages/airflow/example_dags/example_python_decorator.py
[2024-12-22T23:00:15.848+0000] {processor.py:840} INFO - DAG(s) 'example_python_decorator' retrieved from /home/airflow/.local/lib/python3.11/site-packages/airflow/example_dags/example_python_decorator.py
[2024-12-22T23:00:15.880+0000] {logging_mixin.py:188} INFO - [2024-12-22T23:00:15.880+0000] {dag.py:3036} INFO - Sync 1 DAGs
[2024-12-22T23:00:15.896+0000] {logging_mixin.py:188} INFO - [2024-12-22T23:00:15.896+0000] {dag.py:3823} INFO - Setting next_dagrun for example_python_decorator to None, run_after=None
[2024-12-22T23:00:15.922+0000] {processor.py:183} INFO - Processing /home/airflow/.local/lib/python3.11/site-packages/airflow/example_dags/example_python_decorator.py took 0.098 seconds
[2024-12-22T23:00:46.197+0000] {processor.py:161} INFO - Started process (PID=1669) to work on /home/airflow/.local/lib/python3.11/site-packages/airflow/example_dags/example_python_decorator.py
[2024-12-22T23:00:46.199+0000] {processor.py:830} INFO - Processing file /home/airflow/.local/lib/python3.11/site-packages/airflow/example_dags/example_python_decorator.py for tasks to queue
[2024-12-22T23:00:46.201+0000] {logging_mixin.py:188} INFO - [2024-12-22T23:00:46.201+0000] {dagbag.py:538} INFO - Filling up the DagBag from /home/airflow/.local/lib/python3.11/site-packages/airflow/example_dags/example_python_decorator.py
[2024-12-22T23:00:46.217+0000] {processor.py:840} INFO - DAG(s) 'example_python_decorator' retrieved from /home/airflow/.local/lib/python3.11/site-packages/airflow/example_dags/example_python_decorator.py
[2024-12-22T23:00:46.243+0000] {logging_mixin.py:188} INFO - [2024-12-22T23:00:46.243+0000] {dag.py:3036} INFO - Sync 1 DAGs
[2024-12-22T23:00:46.271+0000] {logging_mixin.py:188} INFO - [2024-12-22T23:00:46.270+0000] {dag.py:3823} INFO - Setting next_dagrun for example_python_decorator to None, run_after=None
[2024-12-22T23:00:46.305+0000] {processor.py:183} INFO - Processing /home/airflow/.local/lib/python3.11/site-packages/airflow/example_dags/example_python_decorator.py took 0.112 seconds
[2024-12-22T23:01:16.855+0000] {processor.py:161} INFO - Started process (PID=1748) to work on /home/airflow/.local/lib/python3.11/site-packages/airflow/example_dags/example_python_decorator.py
[2024-12-22T23:01:16.857+0000] {processor.py:830} INFO - Processing file /home/airflow/.local/lib/python3.11/site-packages/airflow/example_dags/example_python_decorator.py for tasks to queue
[2024-12-22T23:01:16.861+0000] {logging_mixin.py:188} INFO - [2024-12-22T23:01:16.861+0000] {dagbag.py:538} INFO - Filling up the DagBag from /home/airflow/.local/lib/python3.11/site-packages/airflow/example_dags/example_python_decorator.py
[2024-12-22T23:01:16.878+0000] {processor.py:840} INFO - DAG(s) 'example_python_decorator' retrieved from /home/airflow/.local/lib/python3.11/site-packages/airflow/example_dags/example_python_decorator.py
[2024-12-22T23:01:16.906+0000] {logging_mixin.py:188} INFO - [2024-12-22T23:01:16.906+0000] {dag.py:3036} INFO - Sync 1 DAGs
[2024-12-22T23:01:16.924+0000] {logging_mixin.py:188} INFO - [2024-12-22T23:01:16.923+0000] {dag.py:3823} INFO - Setting next_dagrun for example_python_decorator to None, run_after=None
[2024-12-22T23:01:16.944+0000] {processor.py:183} INFO - Processing /home/airflow/.local/lib/python3.11/site-packages/airflow/example_dags/example_python_decorator.py took 0.095 seconds
[2024-12-22T23:01:47.337+0000] {processor.py:161} INFO - Started process (PID=1820) to work on /home/airflow/.local/lib/python3.11/site-packages/airflow/example_dags/example_python_decorator.py
[2024-12-22T23:01:47.339+0000] {processor.py:830} INFO - Processing file /home/airflow/.local/lib/python3.11/site-packages/airflow/example_dags/example_python_decorator.py for tasks to queue
[2024-12-22T23:01:47.343+0000] {logging_mixin.py:188} INFO - [2024-12-22T23:01:47.342+0000] {dagbag.py:538} INFO - Filling up the DagBag from /home/airflow/.local/lib/python3.11/site-packages/airflow/example_dags/example_python_decorator.py
[2024-12-22T23:01:47.369+0000] {processor.py:840} INFO - DAG(s) 'example_python_decorator' retrieved from /home/airflow/.local/lib/python3.11/site-packages/airflow/example_dags/example_python_decorator.py
[2024-12-22T23:01:47.405+0000] {logging_mixin.py:188} INFO - [2024-12-22T23:01:47.405+0000] {dag.py:3036} INFO - Sync 1 DAGs
[2024-12-22T23:01:47.430+0000] {logging_mixin.py:188} INFO - [2024-12-22T23:01:47.426+0000] {dag.py:3823} INFO - Setting next_dagrun for example_python_decorator to None, run_after=None
[2024-12-22T23:01:47.494+0000] {processor.py:183} INFO - Processing /home/airflow/.local/lib/python3.11/site-packages/airflow/example_dags/example_python_decorator.py took 0.163 seconds
[2024-12-22T23:02:18.547+0000] {processor.py:161} INFO - Started process (PID=1892) to work on /home/airflow/.local/lib/python3.11/site-packages/airflow/example_dags/example_python_decorator.py
[2024-12-22T23:02:18.550+0000] {processor.py:830} INFO - Processing file /home/airflow/.local/lib/python3.11/site-packages/airflow/example_dags/example_python_decorator.py for tasks to queue
[2024-12-22T23:02:18.554+0000] {logging_mixin.py:188} INFO - [2024-12-22T23:02:18.553+0000] {dagbag.py:538} INFO - Filling up the DagBag from /home/airflow/.local/lib/python3.11/site-packages/airflow/example_dags/example_python_decorator.py
[2024-12-22T23:02:18.579+0000] {processor.py:840} INFO - DAG(s) 'example_python_decorator' retrieved from /home/airflow/.local/lib/python3.11/site-packages/airflow/example_dags/example_python_decorator.py
[2024-12-22T23:02:18.605+0000] {logging_mixin.py:188} INFO - [2024-12-22T23:02:18.605+0000] {dag.py:3036} INFO - Sync 1 DAGs
[2024-12-22T23:02:18.619+0000] {logging_mixin.py:188} INFO - [2024-12-22T23:02:18.619+0000] {dag.py:3823} INFO - Setting next_dagrun for example_python_decorator to None, run_after=None
[2024-12-22T23:02:18.643+0000] {processor.py:183} INFO - Processing /home/airflow/.local/lib/python3.11/site-packages/airflow/example_dags/example_python_decorator.py took 0.103 seconds
[2024-12-22T23:02:48.796+0000] {processor.py:161} INFO - Started process (PID=1971) to work on /home/airflow/.local/lib/python3.11/site-packages/airflow/example_dags/example_python_decorator.py
[2024-12-22T23:02:48.797+0000] {processor.py:830} INFO - Processing file /home/airflow/.local/lib/python3.11/site-packages/airflow/example_dags/example_python_decorator.py for tasks to queue
[2024-12-22T23:02:48.799+0000] {logging_mixin.py:188} INFO - [2024-12-22T23:02:48.799+0000] {dagbag.py:538} INFO - Filling up the DagBag from /home/airflow/.local/lib/python3.11/site-packages/airflow/example_dags/example_python_decorator.py
[2024-12-22T23:02:48.815+0000] {processor.py:840} INFO - DAG(s) 'example_python_decorator' retrieved from /home/airflow/.local/lib/python3.11/site-packages/airflow/example_dags/example_python_decorator.py
[2024-12-22T23:02:48.841+0000] {logging_mixin.py:188} INFO - [2024-12-22T23:02:48.840+0000] {dag.py:3036} INFO - Sync 1 DAGs
[2024-12-22T23:02:48.856+0000] {logging_mixin.py:188} INFO - [2024-12-22T23:02:48.856+0000] {dag.py:3823} INFO - Setting next_dagrun for example_python_decorator to None, run_after=None
[2024-12-22T23:02:48.888+0000] {processor.py:183} INFO - Processing /home/airflow/.local/lib/python3.11/site-packages/airflow/example_dags/example_python_decorator.py took 0.096 seconds
[2024-12-22T23:03:19.138+0000] {processor.py:161} INFO - Started process (PID=2043) to work on /home/airflow/.local/lib/python3.11/site-packages/airflow/example_dags/example_python_decorator.py
[2024-12-22T23:03:19.139+0000] {processor.py:830} INFO - Processing file /home/airflow/.local/lib/python3.11/site-packages/airflow/example_dags/example_python_decorator.py for tasks to queue
[2024-12-22T23:03:19.142+0000] {logging_mixin.py:188} INFO - [2024-12-22T23:03:19.142+0000] {dagbag.py:538} INFO - Filling up the DagBag from /home/airflow/.local/lib/python3.11/site-packages/airflow/example_dags/example_python_decorator.py
[2024-12-22T23:03:19.158+0000] {processor.py:840} INFO - DAG(s) 'example_python_decorator' retrieved from /home/airflow/.local/lib/python3.11/site-packages/airflow/example_dags/example_python_decorator.py
[2024-12-22T23:03:19.184+0000] {logging_mixin.py:188} INFO - [2024-12-22T23:03:19.183+0000] {dag.py:3036} INFO - Sync 1 DAGs
[2024-12-22T23:03:19.201+0000] {logging_mixin.py:188} INFO - [2024-12-22T23:03:19.200+0000] {dag.py:3823} INFO - Setting next_dagrun for example_python_decorator to None, run_after=None
[2024-12-22T23:03:19.225+0000] {processor.py:183} INFO - Processing /home/airflow/.local/lib/python3.11/site-packages/airflow/example_dags/example_python_decorator.py took 0.090 seconds
[2024-12-22T23:03:49.991+0000] {processor.py:161} INFO - Started process (PID=2115) to work on /home/airflow/.local/lib/python3.11/site-packages/airflow/example_dags/example_python_decorator.py
[2024-12-22T23:03:49.992+0000] {processor.py:830} INFO - Processing file /home/airflow/.local/lib/python3.11/site-packages/airflow/example_dags/example_python_decorator.py for tasks to queue
[2024-12-22T23:03:49.996+0000] {logging_mixin.py:188} INFO - [2024-12-22T23:03:49.995+0000] {dagbag.py:538} INFO - Filling up the DagBag from /home/airflow/.local/lib/python3.11/site-packages/airflow/example_dags/example_python_decorator.py
[2024-12-22T23:03:50.014+0000] {processor.py:840} INFO - DAG(s) 'example_python_decorator' retrieved from /home/airflow/.local/lib/python3.11/site-packages/airflow/example_dags/example_python_decorator.py
[2024-12-22T23:03:50.046+0000] {logging_mixin.py:188} INFO - [2024-12-22T23:03:50.046+0000] {dag.py:3036} INFO - Sync 1 DAGs
[2024-12-22T23:03:50.063+0000] {logging_mixin.py:188} INFO - [2024-12-22T23:03:50.063+0000] {dag.py:3823} INFO - Setting next_dagrun for example_python_decorator to None, run_after=None
[2024-12-22T23:03:50.095+0000] {processor.py:183} INFO - Processing /home/airflow/.local/lib/python3.11/site-packages/airflow/example_dags/example_python_decorator.py took 0.110 seconds
[2024-12-22T23:04:20.880+0000] {processor.py:161} INFO - Started process (PID=2187) to work on /home/airflow/.local/lib/python3.11/site-packages/airflow/example_dags/example_python_decorator.py
[2024-12-22T23:04:20.882+0000] {processor.py:830} INFO - Processing file /home/airflow/.local/lib/python3.11/site-packages/airflow/example_dags/example_python_decorator.py for tasks to queue
[2024-12-22T23:04:20.884+0000] {logging_mixin.py:188} INFO - [2024-12-22T23:04:20.884+0000] {dagbag.py:538} INFO - Filling up the DagBag from /home/airflow/.local/lib/python3.11/site-packages/airflow/example_dags/example_python_decorator.py
[2024-12-22T23:04:20.899+0000] {processor.py:840} INFO - DAG(s) 'example_python_decorator' retrieved from /home/airflow/.local/lib/python3.11/site-packages/airflow/example_dags/example_python_decorator.py
[2024-12-22T23:04:20.928+0000] {logging_mixin.py:188} INFO - [2024-12-22T23:04:20.927+0000] {dag.py:3036} INFO - Sync 1 DAGs
[2024-12-22T23:04:20.943+0000] {logging_mixin.py:188} INFO - [2024-12-22T23:04:20.943+0000] {dag.py:3823} INFO - Setting next_dagrun for example_python_decorator to None, run_after=None
[2024-12-22T23:04:20.975+0000] {processor.py:183} INFO - Processing /home/airflow/.local/lib/python3.11/site-packages/airflow/example_dags/example_python_decorator.py took 0.098 seconds
[2024-12-22T23:04:51.045+0000] {processor.py:161} INFO - Started process (PID=2257) to work on /home/airflow/.local/lib/python3.11/site-packages/airflow/example_dags/example_python_decorator.py
[2024-12-22T23:04:51.047+0000] {processor.py:830} INFO - Processing file /home/airflow/.local/lib/python3.11/site-packages/airflow/example_dags/example_python_decorator.py for tasks to queue
[2024-12-22T23:04:51.050+0000] {logging_mixin.py:188} INFO - [2024-12-22T23:04:51.049+0000] {dagbag.py:538} INFO - Filling up the DagBag from /home/airflow/.local/lib/python3.11/site-packages/airflow/example_dags/example_python_decorator.py
[2024-12-22T23:04:51.068+0000] {processor.py:840} INFO - DAG(s) 'example_python_decorator' retrieved from /home/airflow/.local/lib/python3.11/site-packages/airflow/example_dags/example_python_decorator.py
[2024-12-22T23:04:51.101+0000] {logging_mixin.py:188} INFO - [2024-12-22T23:04:51.101+0000] {dag.py:3036} INFO - Sync 1 DAGs
[2024-12-22T23:04:51.117+0000] {logging_mixin.py:188} INFO - [2024-12-22T23:04:51.117+0000] {dag.py:3823} INFO - Setting next_dagrun for example_python_decorator to None, run_after=None
[2024-12-22T23:04:51.153+0000] {processor.py:183} INFO - Processing /home/airflow/.local/lib/python3.11/site-packages/airflow/example_dags/example_python_decorator.py took 0.112 seconds
[2024-12-22T23:05:21.267+0000] {processor.py:161} INFO - Started process (PID=2329) to work on /home/airflow/.local/lib/python3.11/site-packages/airflow/example_dags/example_python_decorator.py
[2024-12-22T23:05:21.270+0000] {processor.py:830} INFO - Processing file /home/airflow/.local/lib/python3.11/site-packages/airflow/example_dags/example_python_decorator.py for tasks to queue
[2024-12-22T23:05:21.275+0000] {logging_mixin.py:188} INFO - [2024-12-22T23:05:21.274+0000] {dagbag.py:538} INFO - Filling up the DagBag from /home/airflow/.local/lib/python3.11/site-packages/airflow/example_dags/example_python_decorator.py
[2024-12-22T23:05:21.307+0000] {processor.py:840} INFO - DAG(s) 'example_python_decorator' retrieved from /home/airflow/.local/lib/python3.11/site-packages/airflow/example_dags/example_python_decorator.py
[2024-12-22T23:05:21.361+0000] {logging_mixin.py:188} INFO - [2024-12-22T23:05:21.361+0000] {dag.py:3036} INFO - Sync 1 DAGs
[2024-12-22T23:05:21.401+0000] {logging_mixin.py:188} INFO - [2024-12-22T23:05:21.401+0000] {dag.py:3823} INFO - Setting next_dagrun for example_python_decorator to None, run_after=None
[2024-12-22T23:05:21.455+0000] {processor.py:183} INFO - Processing /home/airflow/.local/lib/python3.11/site-packages/airflow/example_dags/example_python_decorator.py took 0.195 seconds
[2024-12-22T23:05:51.691+0000] {processor.py:161} INFO - Started process (PID=2401) to work on /home/airflow/.local/lib/python3.11/site-packages/airflow/example_dags/example_python_decorator.py
[2024-12-22T23:05:51.693+0000] {processor.py:830} INFO - Processing file /home/airflow/.local/lib/python3.11/site-packages/airflow/example_dags/example_python_decorator.py for tasks to queue
[2024-12-22T23:05:51.695+0000] {logging_mixin.py:188} INFO - [2024-12-22T23:05:51.695+0000] {dagbag.py:538} INFO - Filling up the DagBag from /home/airflow/.local/lib/python3.11/site-packages/airflow/example_dags/example_python_decorator.py
[2024-12-22T23:05:51.711+0000] {processor.py:840} INFO - DAG(s) 'example_python_decorator' retrieved from /home/airflow/.local/lib/python3.11/site-packages/airflow/example_dags/example_python_decorator.py
[2024-12-22T23:05:51.737+0000] {logging_mixin.py:188} INFO - [2024-12-22T23:05:51.737+0000] {dag.py:3036} INFO - Sync 1 DAGs
[2024-12-22T23:05:51.751+0000] {logging_mixin.py:188} INFO - [2024-12-22T23:05:51.750+0000] {dag.py:3823} INFO - Setting next_dagrun for example_python_decorator to None, run_after=None
[2024-12-22T23:05:51.789+0000] {processor.py:183} INFO - Processing /home/airflow/.local/lib/python3.11/site-packages/airflow/example_dags/example_python_decorator.py took 0.102 seconds
[2024-12-22T23:06:22.234+0000] {processor.py:161} INFO - Started process (PID=2473) to work on /home/airflow/.local/lib/python3.11/site-packages/airflow/example_dags/example_python_decorator.py
[2024-12-22T23:06:22.236+0000] {processor.py:830} INFO - Processing file /home/airflow/.local/lib/python3.11/site-packages/airflow/example_dags/example_python_decorator.py for tasks to queue
[2024-12-22T23:06:22.239+0000] {logging_mixin.py:188} INFO - [2024-12-22T23:06:22.239+0000] {dagbag.py:538} INFO - Filling up the DagBag from /home/airflow/.local/lib/python3.11/site-packages/airflow/example_dags/example_python_decorator.py
[2024-12-22T23:06:22.261+0000] {processor.py:840} INFO - DAG(s) 'example_python_decorator' retrieved from /home/airflow/.local/lib/python3.11/site-packages/airflow/example_dags/example_python_decorator.py
[2024-12-22T23:06:22.297+0000] {logging_mixin.py:188} INFO - [2024-12-22T23:06:22.297+0000] {dag.py:3036} INFO - Sync 1 DAGs
[2024-12-22T23:06:22.319+0000] {logging_mixin.py:188} INFO - [2024-12-22T23:06:22.319+0000] {dag.py:3823} INFO - Setting next_dagrun for example_python_decorator to None, run_after=None
[2024-12-22T23:06:22.355+0000] {processor.py:183} INFO - Processing /home/airflow/.local/lib/python3.11/site-packages/airflow/example_dags/example_python_decorator.py took 0.126 seconds
[2024-12-22T23:06:52.441+0000] {processor.py:161} INFO - Started process (PID=2553) to work on /home/airflow/.local/lib/python3.11/site-packages/airflow/example_dags/example_python_decorator.py
[2024-12-22T23:06:52.443+0000] {processor.py:830} INFO - Processing file /home/airflow/.local/lib/python3.11/site-packages/airflow/example_dags/example_python_decorator.py for tasks to queue
[2024-12-22T23:06:52.446+0000] {logging_mixin.py:188} INFO - [2024-12-22T23:06:52.446+0000] {dagbag.py:538} INFO - Filling up the DagBag from /home/airflow/.local/lib/python3.11/site-packages/airflow/example_dags/example_python_decorator.py
[2024-12-22T23:06:52.468+0000] {processor.py:840} INFO - DAG(s) 'example_python_decorator' retrieved from /home/airflow/.local/lib/python3.11/site-packages/airflow/example_dags/example_python_decorator.py
[2024-12-22T23:06:52.503+0000] {logging_mixin.py:188} INFO - [2024-12-22T23:06:52.503+0000] {dag.py:3036} INFO - Sync 1 DAGs
[2024-12-22T23:06:52.525+0000] {logging_mixin.py:188} INFO - [2024-12-22T23:06:52.525+0000] {dag.py:3823} INFO - Setting next_dagrun for example_python_decorator to None, run_after=None
[2024-12-22T23:06:52.573+0000] {processor.py:183} INFO - Processing /home/airflow/.local/lib/python3.11/site-packages/airflow/example_dags/example_python_decorator.py took 0.137 seconds
[2024-12-22T23:07:23.041+0000] {processor.py:161} INFO - Started process (PID=2625) to work on /home/airflow/.local/lib/python3.11/site-packages/airflow/example_dags/example_python_decorator.py
[2024-12-22T23:07:23.043+0000] {processor.py:830} INFO - Processing file /home/airflow/.local/lib/python3.11/site-packages/airflow/example_dags/example_python_decorator.py for tasks to queue
[2024-12-22T23:07:23.047+0000] {logging_mixin.py:188} INFO - [2024-12-22T23:07:23.047+0000] {dagbag.py:538} INFO - Filling up the DagBag from /home/airflow/.local/lib/python3.11/site-packages/airflow/example_dags/example_python_decorator.py
[2024-12-22T23:07:23.074+0000] {processor.py:840} INFO - DAG(s) 'example_python_decorator' retrieved from /home/airflow/.local/lib/python3.11/site-packages/airflow/example_dags/example_python_decorator.py
[2024-12-22T23:07:23.118+0000] {logging_mixin.py:188} INFO - [2024-12-22T23:07:23.118+0000] {dag.py:3036} INFO - Sync 1 DAGs
[2024-12-22T23:07:23.140+0000] {logging_mixin.py:188} INFO - [2024-12-22T23:07:23.140+0000] {dag.py:3823} INFO - Setting next_dagrun for example_python_decorator to None, run_after=None
[2024-12-22T23:07:23.206+0000] {processor.py:183} INFO - Processing /home/airflow/.local/lib/python3.11/site-packages/airflow/example_dags/example_python_decorator.py took 0.171 seconds
[2024-12-22T23:07:53.882+0000] {processor.py:161} INFO - Started process (PID=2697) to work on /home/airflow/.local/lib/python3.11/site-packages/airflow/example_dags/example_python_decorator.py
[2024-12-22T23:07:53.884+0000] {processor.py:830} INFO - Processing file /home/airflow/.local/lib/python3.11/site-packages/airflow/example_dags/example_python_decorator.py for tasks to queue
[2024-12-22T23:07:53.888+0000] {logging_mixin.py:188} INFO - [2024-12-22T23:07:53.887+0000] {dagbag.py:538} INFO - Filling up the DagBag from /home/airflow/.local/lib/python3.11/site-packages/airflow/example_dags/example_python_decorator.py
[2024-12-22T23:07:53.904+0000] {processor.py:840} INFO - DAG(s) 'example_python_decorator' retrieved from /home/airflow/.local/lib/python3.11/site-packages/airflow/example_dags/example_python_decorator.py
[2024-12-22T23:07:53.930+0000] {logging_mixin.py:188} INFO - [2024-12-22T23:07:53.930+0000] {dag.py:3036} INFO - Sync 1 DAGs
[2024-12-22T23:07:53.943+0000] {logging_mixin.py:188} INFO - [2024-12-22T23:07:53.943+0000] {dag.py:3823} INFO - Setting next_dagrun for example_python_decorator to None, run_after=None
[2024-12-22T23:07:53.975+0000] {processor.py:183} INFO - Processing /home/airflow/.local/lib/python3.11/site-packages/airflow/example_dags/example_python_decorator.py took 0.100 seconds
