[2024-12-22T22:50:06.434+0000] {processor.py:161} INFO - Started process (PID=151) to work on /home/airflow/.local/lib/python3.11/site-packages/airflow/example_dags/example_kubernetes_executor.py
[2024-12-22T22:50:06.436+0000] {processor.py:830} INFO - Processing file /home/airflow/.local/lib/python3.11/site-packages/airflow/example_dags/example_kubernetes_executor.py for tasks to queue
[2024-12-22T22:50:06.440+0000] {logging_mixin.py:188} INFO - [2024-12-22T22:50:06.439+0000] {dagbag.py:538} INFO - Filling up the DagBag from /home/airflow/.local/lib/python3.11/site-packages/airflow/example_dags/example_kubernetes_executor.py
[2024-12-22T22:50:06.464+0000] {processor.py:840} INFO - DAG(s) 'example_kubernetes_executor' retrieved from /home/airflow/.local/lib/python3.11/site-packages/airflow/example_dags/example_kubernetes_executor.py
[2024-12-22T22:50:06.660+0000] {logging_mixin.py:188} INFO - [2024-12-22T22:50:06.659+0000] {override.py:1769} INFO - Created Permission View: can edit on DAG:example_kubernetes_executor
[2024-12-22T22:50:06.674+0000] {logging_mixin.py:188} INFO - [2024-12-22T22:50:06.674+0000] {override.py:1769} INFO - Created Permission View: can delete on DAG:example_kubernetes_executor
[2024-12-22T22:50:06.683+0000] {logging_mixin.py:188} INFO - [2024-12-22T22:50:06.683+0000] {override.py:1769} INFO - Created Permission View: can read on DAG:example_kubernetes_executor
[2024-12-22T22:50:06.684+0000] {logging_mixin.py:188} INFO - [2024-12-22T22:50:06.684+0000] {dag.py:3036} INFO - Sync 1 DAGs
[2024-12-22T22:50:06.697+0000] {logging_mixin.py:188} INFO - [2024-12-22T22:50:06.697+0000] {dag.py:3058} INFO - Creating ORM DAG for example_kubernetes_executor
[2024-12-22T22:50:06.698+0000] {logging_mixin.py:188} INFO - [2024-12-22T22:50:06.698+0000] {dag.py:3823} INFO - Setting next_dagrun for example_kubernetes_executor to None, run_after=None
[2024-12-22T22:50:06.720+0000] {processor.py:183} INFO - Processing /home/airflow/.local/lib/python3.11/site-packages/airflow/example_dags/example_kubernetes_executor.py took 0.292 seconds
[2024-12-22T22:50:37.269+0000] {processor.py:161} INFO - Started process (PID=215) to work on /home/airflow/.local/lib/python3.11/site-packages/airflow/example_dags/example_kubernetes_executor.py
[2024-12-22T22:50:37.271+0000] {processor.py:830} INFO - Processing file /home/airflow/.local/lib/python3.11/site-packages/airflow/example_dags/example_kubernetes_executor.py for tasks to queue
[2024-12-22T22:50:37.274+0000] {logging_mixin.py:188} INFO - [2024-12-22T22:50:37.273+0000] {dagbag.py:538} INFO - Filling up the DagBag from /home/airflow/.local/lib/python3.11/site-packages/airflow/example_dags/example_kubernetes_executor.py
[2024-12-22T22:50:37.289+0000] {processor.py:840} INFO - DAG(s) 'example_kubernetes_executor' retrieved from /home/airflow/.local/lib/python3.11/site-packages/airflow/example_dags/example_kubernetes_executor.py
[2024-12-22T22:50:37.337+0000] {logging_mixin.py:188} INFO - [2024-12-22T22:50:37.337+0000] {dag.py:3036} INFO - Sync 1 DAGs
[2024-12-22T22:50:37.352+0000] {logging_mixin.py:188} INFO - [2024-12-22T22:50:37.352+0000] {dag.py:3823} INFO - Setting next_dagrun for example_kubernetes_executor to None, run_after=None
[2024-12-22T22:50:37.376+0000] {processor.py:183} INFO - Processing /home/airflow/.local/lib/python3.11/site-packages/airflow/example_dags/example_kubernetes_executor.py took 0.111 seconds
[2024-12-22T22:51:07.562+0000] {processor.py:161} INFO - Started process (PID=293) to work on /home/airflow/.local/lib/python3.11/site-packages/airflow/example_dags/example_kubernetes_executor.py
[2024-12-22T22:51:07.564+0000] {processor.py:830} INFO - Processing file /home/airflow/.local/lib/python3.11/site-packages/airflow/example_dags/example_kubernetes_executor.py for tasks to queue
[2024-12-22T22:51:07.566+0000] {logging_mixin.py:188} INFO - [2024-12-22T22:51:07.566+0000] {dagbag.py:538} INFO - Filling up the DagBag from /home/airflow/.local/lib/python3.11/site-packages/airflow/example_dags/example_kubernetes_executor.py
[2024-12-22T22:51:07.581+0000] {processor.py:840} INFO - DAG(s) 'example_kubernetes_executor' retrieved from /home/airflow/.local/lib/python3.11/site-packages/airflow/example_dags/example_kubernetes_executor.py
[2024-12-22T22:51:07.626+0000] {logging_mixin.py:188} INFO - [2024-12-22T22:51:07.626+0000] {dag.py:3036} INFO - Sync 1 DAGs
[2024-12-22T22:51:07.639+0000] {logging_mixin.py:188} INFO - [2024-12-22T22:51:07.639+0000] {dag.py:3823} INFO - Setting next_dagrun for example_kubernetes_executor to None, run_after=None
[2024-12-22T22:51:07.662+0000] {processor.py:183} INFO - Processing /home/airflow/.local/lib/python3.11/site-packages/airflow/example_dags/example_kubernetes_executor.py took 0.103 seconds
[2024-12-22T22:51:38.271+0000] {processor.py:161} INFO - Started process (PID=365) to work on /home/airflow/.local/lib/python3.11/site-packages/airflow/example_dags/example_kubernetes_executor.py
[2024-12-22T22:51:38.273+0000] {processor.py:830} INFO - Processing file /home/airflow/.local/lib/python3.11/site-packages/airflow/example_dags/example_kubernetes_executor.py for tasks to queue
[2024-12-22T22:51:38.275+0000] {logging_mixin.py:188} INFO - [2024-12-22T22:51:38.275+0000] {dagbag.py:538} INFO - Filling up the DagBag from /home/airflow/.local/lib/python3.11/site-packages/airflow/example_dags/example_kubernetes_executor.py
[2024-12-22T22:51:38.289+0000] {processor.py:840} INFO - DAG(s) 'example_kubernetes_executor' retrieved from /home/airflow/.local/lib/python3.11/site-packages/airflow/example_dags/example_kubernetes_executor.py
[2024-12-22T22:51:38.334+0000] {logging_mixin.py:188} INFO - [2024-12-22T22:51:38.334+0000] {dag.py:3036} INFO - Sync 1 DAGs
[2024-12-22T22:51:38.350+0000] {logging_mixin.py:188} INFO - [2024-12-22T22:51:38.349+0000] {dag.py:3823} INFO - Setting next_dagrun for example_kubernetes_executor to None, run_after=None
[2024-12-22T22:51:38.383+0000] {processor.py:183} INFO - Processing /home/airflow/.local/lib/python3.11/site-packages/airflow/example_dags/example_kubernetes_executor.py took 0.115 seconds
[2024-12-22T22:52:08.959+0000] {processor.py:161} INFO - Started process (PID=437) to work on /home/airflow/.local/lib/python3.11/site-packages/airflow/example_dags/example_kubernetes_executor.py
[2024-12-22T22:52:08.961+0000] {processor.py:830} INFO - Processing file /home/airflow/.local/lib/python3.11/site-packages/airflow/example_dags/example_kubernetes_executor.py for tasks to queue
[2024-12-22T22:52:08.966+0000] {logging_mixin.py:188} INFO - [2024-12-22T22:52:08.965+0000] {dagbag.py:538} INFO - Filling up the DagBag from /home/airflow/.local/lib/python3.11/site-packages/airflow/example_dags/example_kubernetes_executor.py
[2024-12-22T22:52:08.991+0000] {processor.py:840} INFO - DAG(s) 'example_kubernetes_executor' retrieved from /home/airflow/.local/lib/python3.11/site-packages/airflow/example_dags/example_kubernetes_executor.py
[2024-12-22T22:52:09.052+0000] {logging_mixin.py:188} INFO - [2024-12-22T22:52:09.051+0000] {dag.py:3036} INFO - Sync 1 DAGs
[2024-12-22T22:52:09.078+0000] {logging_mixin.py:188} INFO - [2024-12-22T22:52:09.078+0000] {dag.py:3823} INFO - Setting next_dagrun for example_kubernetes_executor to None, run_after=None
[2024-12-22T22:52:09.112+0000] {processor.py:183} INFO - Processing /home/airflow/.local/lib/python3.11/site-packages/airflow/example_dags/example_kubernetes_executor.py took 0.161 seconds
[2024-12-22T22:52:40.029+0000] {processor.py:161} INFO - Started process (PID=509) to work on /home/airflow/.local/lib/python3.11/site-packages/airflow/example_dags/example_kubernetes_executor.py
[2024-12-22T22:52:40.031+0000] {processor.py:830} INFO - Processing file /home/airflow/.local/lib/python3.11/site-packages/airflow/example_dags/example_kubernetes_executor.py for tasks to queue
[2024-12-22T22:52:40.036+0000] {logging_mixin.py:188} INFO - [2024-12-22T22:52:40.035+0000] {dagbag.py:538} INFO - Filling up the DagBag from /home/airflow/.local/lib/python3.11/site-packages/airflow/example_dags/example_kubernetes_executor.py
[2024-12-22T22:52:40.063+0000] {processor.py:840} INFO - DAG(s) 'example_kubernetes_executor' retrieved from /home/airflow/.local/lib/python3.11/site-packages/airflow/example_dags/example_kubernetes_executor.py
[2024-12-22T22:52:40.128+0000] {logging_mixin.py:188} INFO - [2024-12-22T22:52:40.128+0000] {dag.py:3036} INFO - Sync 1 DAGs
[2024-12-22T22:52:40.141+0000] {logging_mixin.py:188} INFO - [2024-12-22T22:52:40.141+0000] {dag.py:3823} INFO - Setting next_dagrun for example_kubernetes_executor to None, run_after=None
[2024-12-22T22:52:40.182+0000] {processor.py:183} INFO - Processing /home/airflow/.local/lib/python3.11/site-packages/airflow/example_dags/example_kubernetes_executor.py took 0.160 seconds
[2024-12-22T22:53:10.606+0000] {processor.py:161} INFO - Started process (PID=587) to work on /home/airflow/.local/lib/python3.11/site-packages/airflow/example_dags/example_kubernetes_executor.py
[2024-12-22T22:53:10.607+0000] {processor.py:830} INFO - Processing file /home/airflow/.local/lib/python3.11/site-packages/airflow/example_dags/example_kubernetes_executor.py for tasks to queue
[2024-12-22T22:53:10.610+0000] {logging_mixin.py:188} INFO - [2024-12-22T22:53:10.610+0000] {dagbag.py:538} INFO - Filling up the DagBag from /home/airflow/.local/lib/python3.11/site-packages/airflow/example_dags/example_kubernetes_executor.py
[2024-12-22T22:53:10.627+0000] {processor.py:840} INFO - DAG(s) 'example_kubernetes_executor' retrieved from /home/airflow/.local/lib/python3.11/site-packages/airflow/example_dags/example_kubernetes_executor.py
[2024-12-22T22:53:10.685+0000] {logging_mixin.py:188} INFO - [2024-12-22T22:53:10.685+0000] {dag.py:3036} INFO - Sync 1 DAGs
[2024-12-22T22:53:10.701+0000] {logging_mixin.py:188} INFO - [2024-12-22T22:53:10.701+0000] {dag.py:3823} INFO - Setting next_dagrun for example_kubernetes_executor to None, run_after=None
[2024-12-22T22:53:10.737+0000] {processor.py:183} INFO - Processing /home/airflow/.local/lib/python3.11/site-packages/airflow/example_dags/example_kubernetes_executor.py took 0.135 seconds
[2024-12-22T22:53:40.952+0000] {processor.py:161} INFO - Started process (PID=659) to work on /home/airflow/.local/lib/python3.11/site-packages/airflow/example_dags/example_kubernetes_executor.py
[2024-12-22T22:53:40.954+0000] {processor.py:830} INFO - Processing file /home/airflow/.local/lib/python3.11/site-packages/airflow/example_dags/example_kubernetes_executor.py for tasks to queue
[2024-12-22T22:53:40.957+0000] {logging_mixin.py:188} INFO - [2024-12-22T22:53:40.957+0000] {dagbag.py:538} INFO - Filling up the DagBag from /home/airflow/.local/lib/python3.11/site-packages/airflow/example_dags/example_kubernetes_executor.py
[2024-12-22T22:53:40.983+0000] {processor.py:840} INFO - DAG(s) 'example_kubernetes_executor' retrieved from /home/airflow/.local/lib/python3.11/site-packages/airflow/example_dags/example_kubernetes_executor.py
[2024-12-22T22:53:41.050+0000] {logging_mixin.py:188} INFO - [2024-12-22T22:53:41.050+0000] {dag.py:3036} INFO - Sync 1 DAGs
[2024-12-22T22:53:41.081+0000] {logging_mixin.py:188} INFO - [2024-12-22T22:53:41.080+0000] {dag.py:3823} INFO - Setting next_dagrun for example_kubernetes_executor to None, run_after=None
[2024-12-22T22:53:41.115+0000] {processor.py:183} INFO - Processing /home/airflow/.local/lib/python3.11/site-packages/airflow/example_dags/example_kubernetes_executor.py took 0.167 seconds
[2024-12-22T22:54:11.286+0000] {processor.py:161} INFO - Started process (PID=732) to work on /home/airflow/.local/lib/python3.11/site-packages/airflow/example_dags/example_kubernetes_executor.py
[2024-12-22T22:54:11.287+0000] {processor.py:830} INFO - Processing file /home/airflow/.local/lib/python3.11/site-packages/airflow/example_dags/example_kubernetes_executor.py for tasks to queue
[2024-12-22T22:54:11.290+0000] {logging_mixin.py:188} INFO - [2024-12-22T22:54:11.289+0000] {dagbag.py:538} INFO - Filling up the DagBag from /home/airflow/.local/lib/python3.11/site-packages/airflow/example_dags/example_kubernetes_executor.py
[2024-12-22T22:54:11.308+0000] {processor.py:840} INFO - DAG(s) 'example_kubernetes_executor' retrieved from /home/airflow/.local/lib/python3.11/site-packages/airflow/example_dags/example_kubernetes_executor.py
[2024-12-22T22:54:11.357+0000] {logging_mixin.py:188} INFO - [2024-12-22T22:54:11.357+0000] {dag.py:3036} INFO - Sync 1 DAGs
[2024-12-22T22:54:11.374+0000] {logging_mixin.py:188} INFO - [2024-12-22T22:54:11.373+0000] {dag.py:3823} INFO - Setting next_dagrun for example_kubernetes_executor to None, run_after=None
[2024-12-22T22:54:11.405+0000] {processor.py:183} INFO - Processing /home/airflow/.local/lib/python3.11/site-packages/airflow/example_dags/example_kubernetes_executor.py took 0.124 seconds
[2024-12-22T22:54:41.875+0000] {processor.py:161} INFO - Started process (PID=804) to work on /home/airflow/.local/lib/python3.11/site-packages/airflow/example_dags/example_kubernetes_executor.py
[2024-12-22T22:54:41.876+0000] {processor.py:830} INFO - Processing file /home/airflow/.local/lib/python3.11/site-packages/airflow/example_dags/example_kubernetes_executor.py for tasks to queue
[2024-12-22T22:54:41.879+0000] {logging_mixin.py:188} INFO - [2024-12-22T22:54:41.878+0000] {dagbag.py:538} INFO - Filling up the DagBag from /home/airflow/.local/lib/python3.11/site-packages/airflow/example_dags/example_kubernetes_executor.py
[2024-12-22T22:54:41.900+0000] {processor.py:840} INFO - DAG(s) 'example_kubernetes_executor' retrieved from /home/airflow/.local/lib/python3.11/site-packages/airflow/example_dags/example_kubernetes_executor.py
[2024-12-22T22:54:41.983+0000] {logging_mixin.py:188} INFO - [2024-12-22T22:54:41.983+0000] {dag.py:3036} INFO - Sync 1 DAGs
[2024-12-22T22:54:42.010+0000] {logging_mixin.py:188} INFO - [2024-12-22T22:54:42.010+0000] {dag.py:3823} INFO - Setting next_dagrun for example_kubernetes_executor to None, run_after=None
[2024-12-22T22:54:42.050+0000] {processor.py:183} INFO - Processing /home/airflow/.local/lib/python3.11/site-packages/airflow/example_dags/example_kubernetes_executor.py took 0.186 seconds
[2024-12-22T22:55:12.395+0000] {processor.py:161} INFO - Started process (PID=876) to work on /home/airflow/.local/lib/python3.11/site-packages/airflow/example_dags/example_kubernetes_executor.py
[2024-12-22T22:55:12.396+0000] {processor.py:830} INFO - Processing file /home/airflow/.local/lib/python3.11/site-packages/airflow/example_dags/example_kubernetes_executor.py for tasks to queue
[2024-12-22T22:55:12.398+0000] {logging_mixin.py:188} INFO - [2024-12-22T22:55:12.398+0000] {dagbag.py:538} INFO - Filling up the DagBag from /home/airflow/.local/lib/python3.11/site-packages/airflow/example_dags/example_kubernetes_executor.py
[2024-12-22T22:55:12.413+0000] {processor.py:840} INFO - DAG(s) 'example_kubernetes_executor' retrieved from /home/airflow/.local/lib/python3.11/site-packages/airflow/example_dags/example_kubernetes_executor.py
[2024-12-22T22:55:12.458+0000] {logging_mixin.py:188} INFO - [2024-12-22T22:55:12.458+0000] {dag.py:3036} INFO - Sync 1 DAGs
[2024-12-22T22:55:12.472+0000] {logging_mixin.py:188} INFO - [2024-12-22T22:55:12.472+0000] {dag.py:3823} INFO - Setting next_dagrun for example_kubernetes_executor to None, run_after=None
[2024-12-22T22:55:12.505+0000] {processor.py:183} INFO - Processing /home/airflow/.local/lib/python3.11/site-packages/airflow/example_dags/example_kubernetes_executor.py took 0.115 seconds
[2024-12-22T22:55:42.658+0000] {processor.py:161} INFO - Started process (PID=946) to work on /home/airflow/.local/lib/python3.11/site-packages/airflow/example_dags/example_kubernetes_executor.py
[2024-12-22T22:55:42.660+0000] {processor.py:830} INFO - Processing file /home/airflow/.local/lib/python3.11/site-packages/airflow/example_dags/example_kubernetes_executor.py for tasks to queue
[2024-12-22T22:55:42.663+0000] {logging_mixin.py:188} INFO - [2024-12-22T22:55:42.662+0000] {dagbag.py:538} INFO - Filling up the DagBag from /home/airflow/.local/lib/python3.11/site-packages/airflow/example_dags/example_kubernetes_executor.py
[2024-12-22T22:55:42.683+0000] {processor.py:840} INFO - DAG(s) 'example_kubernetes_executor' retrieved from /home/airflow/.local/lib/python3.11/site-packages/airflow/example_dags/example_kubernetes_executor.py
[2024-12-22T22:55:42.738+0000] {logging_mixin.py:188} INFO - [2024-12-22T22:55:42.738+0000] {dag.py:3036} INFO - Sync 1 DAGs
[2024-12-22T22:55:42.759+0000] {logging_mixin.py:188} INFO - [2024-12-22T22:55:42.758+0000] {dag.py:3823} INFO - Setting next_dagrun for example_kubernetes_executor to None, run_after=None
[2024-12-22T22:55:42.793+0000] {processor.py:183} INFO - Processing /home/airflow/.local/lib/python3.11/site-packages/airflow/example_dags/example_kubernetes_executor.py took 0.140 seconds
[2024-12-22T22:56:13.307+0000] {processor.py:161} INFO - Started process (PID=1018) to work on /home/airflow/.local/lib/python3.11/site-packages/airflow/example_dags/example_kubernetes_executor.py
[2024-12-22T22:56:13.308+0000] {processor.py:830} INFO - Processing file /home/airflow/.local/lib/python3.11/site-packages/airflow/example_dags/example_kubernetes_executor.py for tasks to queue
[2024-12-22T22:56:13.311+0000] {logging_mixin.py:188} INFO - [2024-12-22T22:56:13.311+0000] {dagbag.py:538} INFO - Filling up the DagBag from /home/airflow/.local/lib/python3.11/site-packages/airflow/example_dags/example_kubernetes_executor.py
[2024-12-22T22:56:13.326+0000] {processor.py:840} INFO - DAG(s) 'example_kubernetes_executor' retrieved from /home/airflow/.local/lib/python3.11/site-packages/airflow/example_dags/example_kubernetes_executor.py
[2024-12-22T22:56:13.370+0000] {logging_mixin.py:188} INFO - [2024-12-22T22:56:13.370+0000] {dag.py:3036} INFO - Sync 1 DAGs
[2024-12-22T22:56:13.384+0000] {logging_mixin.py:188} INFO - [2024-12-22T22:56:13.384+0000] {dag.py:3823} INFO - Setting next_dagrun for example_kubernetes_executor to None, run_after=None
[2024-12-22T22:56:13.407+0000] {processor.py:183} INFO - Processing /home/airflow/.local/lib/python3.11/site-packages/airflow/example_dags/example_kubernetes_executor.py took 0.104 seconds
[2024-12-22T22:56:44.345+0000] {processor.py:161} INFO - Started process (PID=1090) to work on /home/airflow/.local/lib/python3.11/site-packages/airflow/example_dags/example_kubernetes_executor.py
[2024-12-22T22:56:44.346+0000] {processor.py:830} INFO - Processing file /home/airflow/.local/lib/python3.11/site-packages/airflow/example_dags/example_kubernetes_executor.py for tasks to queue
[2024-12-22T22:56:44.349+0000] {logging_mixin.py:188} INFO - [2024-12-22T22:56:44.348+0000] {dagbag.py:538} INFO - Filling up the DagBag from /home/airflow/.local/lib/python3.11/site-packages/airflow/example_dags/example_kubernetes_executor.py
[2024-12-22T22:56:44.367+0000] {processor.py:840} INFO - DAG(s) 'example_kubernetes_executor' retrieved from /home/airflow/.local/lib/python3.11/site-packages/airflow/example_dags/example_kubernetes_executor.py
[2024-12-22T22:56:44.434+0000] {logging_mixin.py:188} INFO - [2024-12-22T22:56:44.434+0000] {dag.py:3036} INFO - Sync 1 DAGs
[2024-12-22T22:56:44.458+0000] {logging_mixin.py:188} INFO - [2024-12-22T22:56:44.457+0000] {dag.py:3823} INFO - Setting next_dagrun for example_kubernetes_executor to None, run_after=None
[2024-12-22T22:56:44.487+0000] {processor.py:183} INFO - Processing /home/airflow/.local/lib/python3.11/site-packages/airflow/example_dags/example_kubernetes_executor.py took 0.147 seconds
[2024-12-22T22:57:14.643+0000] {processor.py:161} INFO - Started process (PID=1169) to work on /home/airflow/.local/lib/python3.11/site-packages/airflow/example_dags/example_kubernetes_executor.py
[2024-12-22T22:57:14.644+0000] {processor.py:830} INFO - Processing file /home/airflow/.local/lib/python3.11/site-packages/airflow/example_dags/example_kubernetes_executor.py for tasks to queue
[2024-12-22T22:57:14.647+0000] {logging_mixin.py:188} INFO - [2024-12-22T22:57:14.647+0000] {dagbag.py:538} INFO - Filling up the DagBag from /home/airflow/.local/lib/python3.11/site-packages/airflow/example_dags/example_kubernetes_executor.py
[2024-12-22T22:57:14.691+0000] {processor.py:840} INFO - DAG(s) 'example_kubernetes_executor' retrieved from /home/airflow/.local/lib/python3.11/site-packages/airflow/example_dags/example_kubernetes_executor.py
[2024-12-22T22:57:14.749+0000] {logging_mixin.py:188} INFO - [2024-12-22T22:57:14.749+0000] {dag.py:3036} INFO - Sync 1 DAGs
[2024-12-22T22:57:14.764+0000] {logging_mixin.py:188} INFO - [2024-12-22T22:57:14.764+0000] {dag.py:3823} INFO - Setting next_dagrun for example_kubernetes_executor to None, run_after=None
[2024-12-22T22:57:14.793+0000] {processor.py:183} INFO - Processing /home/airflow/.local/lib/python3.11/site-packages/airflow/example_dags/example_kubernetes_executor.py took 0.154 seconds
[2024-12-22T22:57:45.129+0000] {processor.py:161} INFO - Started process (PID=1241) to work on /home/airflow/.local/lib/python3.11/site-packages/airflow/example_dags/example_kubernetes_executor.py
[2024-12-22T22:57:45.131+0000] {processor.py:830} INFO - Processing file /home/airflow/.local/lib/python3.11/site-packages/airflow/example_dags/example_kubernetes_executor.py for tasks to queue
[2024-12-22T22:57:45.143+0000] {logging_mixin.py:188} INFO - [2024-12-22T22:57:45.142+0000] {dagbag.py:538} INFO - Filling up the DagBag from /home/airflow/.local/lib/python3.11/site-packages/airflow/example_dags/example_kubernetes_executor.py
[2024-12-22T22:57:45.179+0000] {processor.py:840} INFO - DAG(s) 'example_kubernetes_executor' retrieved from /home/airflow/.local/lib/python3.11/site-packages/airflow/example_dags/example_kubernetes_executor.py
[2024-12-22T22:57:45.228+0000] {logging_mixin.py:188} INFO - [2024-12-22T22:57:45.228+0000] {dag.py:3036} INFO - Sync 1 DAGs
[2024-12-22T22:57:45.244+0000] {logging_mixin.py:188} INFO - [2024-12-22T22:57:45.244+0000] {dag.py:3823} INFO - Setting next_dagrun for example_kubernetes_executor to None, run_after=None
[2024-12-22T22:57:45.277+0000] {processor.py:183} INFO - Processing /home/airflow/.local/lib/python3.11/site-packages/airflow/example_dags/example_kubernetes_executor.py took 0.154 seconds
[2024-12-22T22:58:15.725+0000] {processor.py:161} INFO - Started process (PID=1313) to work on /home/airflow/.local/lib/python3.11/site-packages/airflow/example_dags/example_kubernetes_executor.py
[2024-12-22T22:58:15.726+0000] {processor.py:830} INFO - Processing file /home/airflow/.local/lib/python3.11/site-packages/airflow/example_dags/example_kubernetes_executor.py for tasks to queue
[2024-12-22T22:58:15.729+0000] {logging_mixin.py:188} INFO - [2024-12-22T22:58:15.728+0000] {dagbag.py:538} INFO - Filling up the DagBag from /home/airflow/.local/lib/python3.11/site-packages/airflow/example_dags/example_kubernetes_executor.py
[2024-12-22T22:58:15.743+0000] {processor.py:840} INFO - DAG(s) 'example_kubernetes_executor' retrieved from /home/airflow/.local/lib/python3.11/site-packages/airflow/example_dags/example_kubernetes_executor.py
[2024-12-22T22:58:15.789+0000] {logging_mixin.py:188} INFO - [2024-12-22T22:58:15.789+0000] {dag.py:3036} INFO - Sync 1 DAGs
[2024-12-22T22:58:15.804+0000] {logging_mixin.py:188} INFO - [2024-12-22T22:58:15.804+0000] {dag.py:3823} INFO - Setting next_dagrun for example_kubernetes_executor to None, run_after=None
[2024-12-22T22:58:15.831+0000] {processor.py:183} INFO - Processing /home/airflow/.local/lib/python3.11/site-packages/airflow/example_dags/example_kubernetes_executor.py took 0.111 seconds
[2024-12-22T22:58:46.102+0000] {processor.py:161} INFO - Started process (PID=1385) to work on /home/airflow/.local/lib/python3.11/site-packages/airflow/example_dags/example_kubernetes_executor.py
[2024-12-22T22:58:46.104+0000] {processor.py:830} INFO - Processing file /home/airflow/.local/lib/python3.11/site-packages/airflow/example_dags/example_kubernetes_executor.py for tasks to queue
[2024-12-22T22:58:46.108+0000] {logging_mixin.py:188} INFO - [2024-12-22T22:58:46.108+0000] {dagbag.py:538} INFO - Filling up the DagBag from /home/airflow/.local/lib/python3.11/site-packages/airflow/example_dags/example_kubernetes_executor.py
[2024-12-22T22:58:46.136+0000] {processor.py:840} INFO - DAG(s) 'example_kubernetes_executor' retrieved from /home/airflow/.local/lib/python3.11/site-packages/airflow/example_dags/example_kubernetes_executor.py
[2024-12-22T22:58:46.212+0000] {logging_mixin.py:188} INFO - [2024-12-22T22:58:46.211+0000] {dag.py:3036} INFO - Sync 1 DAGs
[2024-12-22T22:58:46.232+0000] {logging_mixin.py:188} INFO - [2024-12-22T22:58:46.232+0000] {dag.py:3823} INFO - Setting next_dagrun for example_kubernetes_executor to None, run_after=None
[2024-12-22T22:58:46.261+0000] {processor.py:183} INFO - Processing /home/airflow/.local/lib/python3.11/site-packages/airflow/example_dags/example_kubernetes_executor.py took 0.165 seconds
[2024-12-22T22:59:17.297+0000] {processor.py:161} INFO - Started process (PID=1464) to work on /home/airflow/.local/lib/python3.11/site-packages/airflow/example_dags/example_kubernetes_executor.py
[2024-12-22T22:59:17.299+0000] {processor.py:830} INFO - Processing file /home/airflow/.local/lib/python3.11/site-packages/airflow/example_dags/example_kubernetes_executor.py for tasks to queue
[2024-12-22T22:59:17.302+0000] {logging_mixin.py:188} INFO - [2024-12-22T22:59:17.302+0000] {dagbag.py:538} INFO - Filling up the DagBag from /home/airflow/.local/lib/python3.11/site-packages/airflow/example_dags/example_kubernetes_executor.py
[2024-12-22T22:59:17.319+0000] {processor.py:840} INFO - DAG(s) 'example_kubernetes_executor' retrieved from /home/airflow/.local/lib/python3.11/site-packages/airflow/example_dags/example_kubernetes_executor.py
[2024-12-22T22:59:17.362+0000] {logging_mixin.py:188} INFO - [2024-12-22T22:59:17.362+0000] {dag.py:3036} INFO - Sync 1 DAGs
[2024-12-22T22:59:17.376+0000] {logging_mixin.py:188} INFO - [2024-12-22T22:59:17.376+0000] {dag.py:3823} INFO - Setting next_dagrun for example_kubernetes_executor to None, run_after=None
[2024-12-22T22:59:17.400+0000] {processor.py:183} INFO - Processing /home/airflow/.local/lib/python3.11/site-packages/airflow/example_dags/example_kubernetes_executor.py took 0.109 seconds
[2024-12-22T22:59:47.727+0000] {processor.py:161} INFO - Started process (PID=1536) to work on /home/airflow/.local/lib/python3.11/site-packages/airflow/example_dags/example_kubernetes_executor.py
[2024-12-22T22:59:47.728+0000] {processor.py:830} INFO - Processing file /home/airflow/.local/lib/python3.11/site-packages/airflow/example_dags/example_kubernetes_executor.py for tasks to queue
[2024-12-22T22:59:47.731+0000] {logging_mixin.py:188} INFO - [2024-12-22T22:59:47.730+0000] {dagbag.py:538} INFO - Filling up the DagBag from /home/airflow/.local/lib/python3.11/site-packages/airflow/example_dags/example_kubernetes_executor.py
[2024-12-22T22:59:47.746+0000] {processor.py:840} INFO - DAG(s) 'example_kubernetes_executor' retrieved from /home/airflow/.local/lib/python3.11/site-packages/airflow/example_dags/example_kubernetes_executor.py
[2024-12-22T22:59:47.792+0000] {logging_mixin.py:188} INFO - [2024-12-22T22:59:47.791+0000] {dag.py:3036} INFO - Sync 1 DAGs
[2024-12-22T22:59:47.806+0000] {logging_mixin.py:188} INFO - [2024-12-22T22:59:47.806+0000] {dag.py:3823} INFO - Setting next_dagrun for example_kubernetes_executor to None, run_after=None
[2024-12-22T22:59:47.837+0000] {processor.py:183} INFO - Processing /home/airflow/.local/lib/python3.11/site-packages/airflow/example_dags/example_kubernetes_executor.py took 0.113 seconds
[2024-12-22T23:00:18.030+0000] {processor.py:161} INFO - Started process (PID=1599) to work on /home/airflow/.local/lib/python3.11/site-packages/airflow/example_dags/example_kubernetes_executor.py
[2024-12-22T23:00:18.033+0000] {processor.py:830} INFO - Processing file /home/airflow/.local/lib/python3.11/site-packages/airflow/example_dags/example_kubernetes_executor.py for tasks to queue
[2024-12-22T23:00:18.037+0000] {logging_mixin.py:188} INFO - [2024-12-22T23:00:18.037+0000] {dagbag.py:538} INFO - Filling up the DagBag from /home/airflow/.local/lib/python3.11/site-packages/airflow/example_dags/example_kubernetes_executor.py
[2024-12-22T23:00:18.061+0000] {processor.py:840} INFO - DAG(s) 'example_kubernetes_executor' retrieved from /home/airflow/.local/lib/python3.11/site-packages/airflow/example_dags/example_kubernetes_executor.py
[2024-12-22T23:00:18.123+0000] {logging_mixin.py:188} INFO - [2024-12-22T23:00:18.122+0000] {dag.py:3036} INFO - Sync 1 DAGs
[2024-12-22T23:00:18.136+0000] {logging_mixin.py:188} INFO - [2024-12-22T23:00:18.136+0000] {dag.py:3823} INFO - Setting next_dagrun for example_kubernetes_executor to None, run_after=None
[2024-12-22T23:00:18.166+0000] {processor.py:183} INFO - Processing /home/airflow/.local/lib/python3.11/site-packages/airflow/example_dags/example_kubernetes_executor.py took 0.143 seconds
[2024-12-22T23:00:48.352+0000] {processor.py:161} INFO - Started process (PID=1678) to work on /home/airflow/.local/lib/python3.11/site-packages/airflow/example_dags/example_kubernetes_executor.py
[2024-12-22T23:00:48.354+0000] {processor.py:830} INFO - Processing file /home/airflow/.local/lib/python3.11/site-packages/airflow/example_dags/example_kubernetes_executor.py for tasks to queue
[2024-12-22T23:00:48.357+0000] {logging_mixin.py:188} INFO - [2024-12-22T23:00:48.356+0000] {dagbag.py:538} INFO - Filling up the DagBag from /home/airflow/.local/lib/python3.11/site-packages/airflow/example_dags/example_kubernetes_executor.py
[2024-12-22T23:00:48.381+0000] {processor.py:840} INFO - DAG(s) 'example_kubernetes_executor' retrieved from /home/airflow/.local/lib/python3.11/site-packages/airflow/example_dags/example_kubernetes_executor.py
[2024-12-22T23:00:48.491+0000] {logging_mixin.py:188} INFO - [2024-12-22T23:00:48.491+0000] {dag.py:3036} INFO - Sync 1 DAGs
[2024-12-22T23:00:48.517+0000] {logging_mixin.py:188} INFO - [2024-12-22T23:00:48.517+0000] {dag.py:3823} INFO - Setting next_dagrun for example_kubernetes_executor to None, run_after=None
[2024-12-22T23:00:48.563+0000] {processor.py:183} INFO - Processing /home/airflow/.local/lib/python3.11/site-packages/airflow/example_dags/example_kubernetes_executor.py took 0.215 seconds
[2024-12-22T23:01:19.009+0000] {processor.py:161} INFO - Started process (PID=1750) to work on /home/airflow/.local/lib/python3.11/site-packages/airflow/example_dags/example_kubernetes_executor.py
[2024-12-22T23:01:19.010+0000] {processor.py:830} INFO - Processing file /home/airflow/.local/lib/python3.11/site-packages/airflow/example_dags/example_kubernetes_executor.py for tasks to queue
[2024-12-22T23:01:19.013+0000] {logging_mixin.py:188} INFO - [2024-12-22T23:01:19.012+0000] {dagbag.py:538} INFO - Filling up the DagBag from /home/airflow/.local/lib/python3.11/site-packages/airflow/example_dags/example_kubernetes_executor.py
[2024-12-22T23:01:19.029+0000] {processor.py:840} INFO - DAG(s) 'example_kubernetes_executor' retrieved from /home/airflow/.local/lib/python3.11/site-packages/airflow/example_dags/example_kubernetes_executor.py
[2024-12-22T23:01:19.071+0000] {logging_mixin.py:188} INFO - [2024-12-22T23:01:19.071+0000] {dag.py:3036} INFO - Sync 1 DAGs
[2024-12-22T23:01:19.085+0000] {logging_mixin.py:188} INFO - [2024-12-22T23:01:19.085+0000] {dag.py:3823} INFO - Setting next_dagrun for example_kubernetes_executor to None, run_after=None
[2024-12-22T23:01:19.107+0000] {processor.py:183} INFO - Processing /home/airflow/.local/lib/python3.11/site-packages/airflow/example_dags/example_kubernetes_executor.py took 0.104 seconds
[2024-12-22T23:01:49.398+0000] {processor.py:161} INFO - Started process (PID=1822) to work on /home/airflow/.local/lib/python3.11/site-packages/airflow/example_dags/example_kubernetes_executor.py
[2024-12-22T23:01:49.401+0000] {processor.py:830} INFO - Processing file /home/airflow/.local/lib/python3.11/site-packages/airflow/example_dags/example_kubernetes_executor.py for tasks to queue
[2024-12-22T23:01:49.406+0000] {logging_mixin.py:188} INFO - [2024-12-22T23:01:49.405+0000] {dagbag.py:538} INFO - Filling up the DagBag from /home/airflow/.local/lib/python3.11/site-packages/airflow/example_dags/example_kubernetes_executor.py
[2024-12-22T23:01:49.427+0000] {processor.py:840} INFO - DAG(s) 'example_kubernetes_executor' retrieved from /home/airflow/.local/lib/python3.11/site-packages/airflow/example_dags/example_kubernetes_executor.py
[2024-12-22T23:01:49.486+0000] {logging_mixin.py:188} INFO - [2024-12-22T23:01:49.486+0000] {dag.py:3036} INFO - Sync 1 DAGs
[2024-12-22T23:01:49.505+0000] {logging_mixin.py:188} INFO - [2024-12-22T23:01:49.504+0000] {dag.py:3823} INFO - Setting next_dagrun for example_kubernetes_executor to None, run_after=None
[2024-12-22T23:01:49.536+0000] {processor.py:183} INFO - Processing /home/airflow/.local/lib/python3.11/site-packages/airflow/example_dags/example_kubernetes_executor.py took 0.147 seconds
[2024-12-22T23:02:19.695+0000] {processor.py:161} INFO - Started process (PID=1895) to work on /home/airflow/.local/lib/python3.11/site-packages/airflow/example_dags/example_kubernetes_executor.py
[2024-12-22T23:02:19.697+0000] {processor.py:830} INFO - Processing file /home/airflow/.local/lib/python3.11/site-packages/airflow/example_dags/example_kubernetes_executor.py for tasks to queue
[2024-12-22T23:02:19.700+0000] {logging_mixin.py:188} INFO - [2024-12-22T23:02:19.699+0000] {dagbag.py:538} INFO - Filling up the DagBag from /home/airflow/.local/lib/python3.11/site-packages/airflow/example_dags/example_kubernetes_executor.py
[2024-12-22T23:02:19.716+0000] {processor.py:840} INFO - DAG(s) 'example_kubernetes_executor' retrieved from /home/airflow/.local/lib/python3.11/site-packages/airflow/example_dags/example_kubernetes_executor.py
[2024-12-22T23:02:19.762+0000] {logging_mixin.py:188} INFO - [2024-12-22T23:02:19.762+0000] {dag.py:3036} INFO - Sync 1 DAGs
[2024-12-22T23:02:19.777+0000] {logging_mixin.py:188} INFO - [2024-12-22T23:02:19.777+0000] {dag.py:3823} INFO - Setting next_dagrun for example_kubernetes_executor to None, run_after=None
[2024-12-22T23:02:19.800+0000] {processor.py:183} INFO - Processing /home/airflow/.local/lib/python3.11/site-packages/airflow/example_dags/example_kubernetes_executor.py took 0.109 seconds
[2024-12-22T23:02:49.943+0000] {processor.py:161} INFO - Started process (PID=1974) to work on /home/airflow/.local/lib/python3.11/site-packages/airflow/example_dags/example_kubernetes_executor.py
[2024-12-22T23:02:49.944+0000] {processor.py:830} INFO - Processing file /home/airflow/.local/lib/python3.11/site-packages/airflow/example_dags/example_kubernetes_executor.py for tasks to queue
[2024-12-22T23:02:49.947+0000] {logging_mixin.py:188} INFO - [2024-12-22T23:02:49.947+0000] {dagbag.py:538} INFO - Filling up the DagBag from /home/airflow/.local/lib/python3.11/site-packages/airflow/example_dags/example_kubernetes_executor.py
[2024-12-22T23:02:49.964+0000] {processor.py:840} INFO - DAG(s) 'example_kubernetes_executor' retrieved from /home/airflow/.local/lib/python3.11/site-packages/airflow/example_dags/example_kubernetes_executor.py
[2024-12-22T23:02:50.011+0000] {logging_mixin.py:188} INFO - [2024-12-22T23:02:50.010+0000] {dag.py:3036} INFO - Sync 1 DAGs
[2024-12-22T23:02:50.025+0000] {logging_mixin.py:188} INFO - [2024-12-22T23:02:50.025+0000] {dag.py:3823} INFO - Setting next_dagrun for example_kubernetes_executor to None, run_after=None
[2024-12-22T23:02:50.048+0000] {processor.py:183} INFO - Processing /home/airflow/.local/lib/python3.11/site-packages/airflow/example_dags/example_kubernetes_executor.py took 0.111 seconds
[2024-12-22T23:03:20.286+0000] {processor.py:161} INFO - Started process (PID=2045) to work on /home/airflow/.local/lib/python3.11/site-packages/airflow/example_dags/example_kubernetes_executor.py
[2024-12-22T23:03:20.288+0000] {processor.py:830} INFO - Processing file /home/airflow/.local/lib/python3.11/site-packages/airflow/example_dags/example_kubernetes_executor.py for tasks to queue
[2024-12-22T23:03:20.291+0000] {logging_mixin.py:188} INFO - [2024-12-22T23:03:20.291+0000] {dagbag.py:538} INFO - Filling up the DagBag from /home/airflow/.local/lib/python3.11/site-packages/airflow/example_dags/example_kubernetes_executor.py
[2024-12-22T23:03:20.309+0000] {processor.py:840} INFO - DAG(s) 'example_kubernetes_executor' retrieved from /home/airflow/.local/lib/python3.11/site-packages/airflow/example_dags/example_kubernetes_executor.py
[2024-12-22T23:03:20.353+0000] {logging_mixin.py:188} INFO - [2024-12-22T23:03:20.353+0000] {dag.py:3036} INFO - Sync 1 DAGs
[2024-12-22T23:03:20.367+0000] {logging_mixin.py:188} INFO - [2024-12-22T23:03:20.366+0000] {dag.py:3823} INFO - Setting next_dagrun for example_kubernetes_executor to None, run_after=None
[2024-12-22T23:03:20.390+0000] {processor.py:183} INFO - Processing /home/airflow/.local/lib/python3.11/site-packages/airflow/example_dags/example_kubernetes_executor.py took 0.109 seconds
[2024-12-22T23:03:51.050+0000] {processor.py:161} INFO - Started process (PID=2117) to work on /home/airflow/.local/lib/python3.11/site-packages/airflow/example_dags/example_kubernetes_executor.py
[2024-12-22T23:03:51.051+0000] {processor.py:830} INFO - Processing file /home/airflow/.local/lib/python3.11/site-packages/airflow/example_dags/example_kubernetes_executor.py for tasks to queue
[2024-12-22T23:03:51.054+0000] {logging_mixin.py:188} INFO - [2024-12-22T23:03:51.053+0000] {dagbag.py:538} INFO - Filling up the DagBag from /home/airflow/.local/lib/python3.11/site-packages/airflow/example_dags/example_kubernetes_executor.py
[2024-12-22T23:03:51.073+0000] {processor.py:840} INFO - DAG(s) 'example_kubernetes_executor' retrieved from /home/airflow/.local/lib/python3.11/site-packages/airflow/example_dags/example_kubernetes_executor.py
[2024-12-22T23:03:51.130+0000] {logging_mixin.py:188} INFO - [2024-12-22T23:03:51.129+0000] {dag.py:3036} INFO - Sync 1 DAGs
[2024-12-22T23:03:51.148+0000] {logging_mixin.py:188} INFO - [2024-12-22T23:03:51.148+0000] {dag.py:3823} INFO - Setting next_dagrun for example_kubernetes_executor to None, run_after=None
[2024-12-22T23:03:51.176+0000] {processor.py:183} INFO - Processing /home/airflow/.local/lib/python3.11/site-packages/airflow/example_dags/example_kubernetes_executor.py took 0.130 seconds
[2024-12-22T23:04:21.909+0000] {processor.py:161} INFO - Started process (PID=2195) to work on /home/airflow/.local/lib/python3.11/site-packages/airflow/example_dags/example_kubernetes_executor.py
[2024-12-22T23:04:21.911+0000] {processor.py:830} INFO - Processing file /home/airflow/.local/lib/python3.11/site-packages/airflow/example_dags/example_kubernetes_executor.py for tasks to queue
[2024-12-22T23:04:21.913+0000] {logging_mixin.py:188} INFO - [2024-12-22T23:04:21.913+0000] {dagbag.py:538} INFO - Filling up the DagBag from /home/airflow/.local/lib/python3.11/site-packages/airflow/example_dags/example_kubernetes_executor.py
[2024-12-22T23:04:21.929+0000] {processor.py:840} INFO - DAG(s) 'example_kubernetes_executor' retrieved from /home/airflow/.local/lib/python3.11/site-packages/airflow/example_dags/example_kubernetes_executor.py
[2024-12-22T23:04:21.992+0000] {logging_mixin.py:188} INFO - [2024-12-22T23:04:21.992+0000] {dag.py:3036} INFO - Sync 1 DAGs
[2024-12-22T23:04:22.028+0000] {logging_mixin.py:188} INFO - [2024-12-22T23:04:22.028+0000] {dag.py:3823} INFO - Setting next_dagrun for example_kubernetes_executor to None, run_after=None
[2024-12-22T23:04:22.078+0000] {processor.py:183} INFO - Processing /home/airflow/.local/lib/python3.11/site-packages/airflow/example_dags/example_kubernetes_executor.py took 0.172 seconds
[2024-12-22T23:04:52.239+0000] {processor.py:161} INFO - Started process (PID=2260) to work on /home/airflow/.local/lib/python3.11/site-packages/airflow/example_dags/example_kubernetes_executor.py
[2024-12-22T23:04:52.241+0000] {processor.py:830} INFO - Processing file /home/airflow/.local/lib/python3.11/site-packages/airflow/example_dags/example_kubernetes_executor.py for tasks to queue
[2024-12-22T23:04:52.246+0000] {logging_mixin.py:188} INFO - [2024-12-22T23:04:52.245+0000] {dagbag.py:538} INFO - Filling up the DagBag from /home/airflow/.local/lib/python3.11/site-packages/airflow/example_dags/example_kubernetes_executor.py
[2024-12-22T23:04:52.275+0000] {processor.py:840} INFO - DAG(s) 'example_kubernetes_executor' retrieved from /home/airflow/.local/lib/python3.11/site-packages/airflow/example_dags/example_kubernetes_executor.py
[2024-12-22T23:04:52.340+0000] {logging_mixin.py:188} INFO - [2024-12-22T23:04:52.340+0000] {dag.py:3036} INFO - Sync 1 DAGs
[2024-12-22T23:04:52.363+0000] {logging_mixin.py:188} INFO - [2024-12-22T23:04:52.362+0000] {dag.py:3823} INFO - Setting next_dagrun for example_kubernetes_executor to None, run_after=None
[2024-12-22T23:04:52.402+0000] {processor.py:183} INFO - Processing /home/airflow/.local/lib/python3.11/site-packages/airflow/example_dags/example_kubernetes_executor.py took 0.170 seconds
[2024-12-22T23:05:22.573+0000] {processor.py:161} INFO - Started process (PID=2331) to work on /home/airflow/.local/lib/python3.11/site-packages/airflow/example_dags/example_kubernetes_executor.py
[2024-12-22T23:05:22.576+0000] {processor.py:830} INFO - Processing file /home/airflow/.local/lib/python3.11/site-packages/airflow/example_dags/example_kubernetes_executor.py for tasks to queue
[2024-12-22T23:05:22.581+0000] {logging_mixin.py:188} INFO - [2024-12-22T23:05:22.580+0000] {dagbag.py:538} INFO - Filling up the DagBag from /home/airflow/.local/lib/python3.11/site-packages/airflow/example_dags/example_kubernetes_executor.py
[2024-12-22T23:05:22.615+0000] {processor.py:840} INFO - DAG(s) 'example_kubernetes_executor' retrieved from /home/airflow/.local/lib/python3.11/site-packages/airflow/example_dags/example_kubernetes_executor.py
[2024-12-22T23:05:22.705+0000] {logging_mixin.py:188} INFO - [2024-12-22T23:05:22.705+0000] {dag.py:3036} INFO - Sync 1 DAGs
[2024-12-22T23:05:22.737+0000] {logging_mixin.py:188} INFO - [2024-12-22T23:05:22.736+0000] {dag.py:3823} INFO - Setting next_dagrun for example_kubernetes_executor to None, run_after=None
[2024-12-22T23:05:22.785+0000] {processor.py:183} INFO - Processing /home/airflow/.local/lib/python3.11/site-packages/airflow/example_dags/example_kubernetes_executor.py took 0.221 seconds
[2024-12-22T23:05:52.878+0000] {processor.py:161} INFO - Started process (PID=2403) to work on /home/airflow/.local/lib/python3.11/site-packages/airflow/example_dags/example_kubernetes_executor.py
[2024-12-22T23:05:52.880+0000] {processor.py:830} INFO - Processing file /home/airflow/.local/lib/python3.11/site-packages/airflow/example_dags/example_kubernetes_executor.py for tasks to queue
[2024-12-22T23:05:52.885+0000] {logging_mixin.py:188} INFO - [2024-12-22T23:05:52.884+0000] {dagbag.py:538} INFO - Filling up the DagBag from /home/airflow/.local/lib/python3.11/site-packages/airflow/example_dags/example_kubernetes_executor.py
[2024-12-22T23:05:52.914+0000] {processor.py:840} INFO - DAG(s) 'example_kubernetes_executor' retrieved from /home/airflow/.local/lib/python3.11/site-packages/airflow/example_dags/example_kubernetes_executor.py
[2024-12-22T23:05:52.993+0000] {logging_mixin.py:188} INFO - [2024-12-22T23:05:52.993+0000] {dag.py:3036} INFO - Sync 1 DAGs
[2024-12-22T23:05:53.018+0000] {logging_mixin.py:188} INFO - [2024-12-22T23:05:53.018+0000] {dag.py:3823} INFO - Setting next_dagrun for example_kubernetes_executor to None, run_after=None
[2024-12-22T23:05:53.057+0000] {processor.py:183} INFO - Processing /home/airflow/.local/lib/python3.11/site-packages/airflow/example_dags/example_kubernetes_executor.py took 0.186 seconds
[2024-12-22T23:06:23.289+0000] {processor.py:161} INFO - Started process (PID=2475) to work on /home/airflow/.local/lib/python3.11/site-packages/airflow/example_dags/example_kubernetes_executor.py
[2024-12-22T23:06:23.291+0000] {processor.py:830} INFO - Processing file /home/airflow/.local/lib/python3.11/site-packages/airflow/example_dags/example_kubernetes_executor.py for tasks to queue
[2024-12-22T23:06:23.296+0000] {logging_mixin.py:188} INFO - [2024-12-22T23:06:23.295+0000] {dagbag.py:538} INFO - Filling up the DagBag from /home/airflow/.local/lib/python3.11/site-packages/airflow/example_dags/example_kubernetes_executor.py
[2024-12-22T23:06:23.319+0000] {processor.py:840} INFO - DAG(s) 'example_kubernetes_executor' retrieved from /home/airflow/.local/lib/python3.11/site-packages/airflow/example_dags/example_kubernetes_executor.py
[2024-12-22T23:06:23.394+0000] {logging_mixin.py:188} INFO - [2024-12-22T23:06:23.394+0000] {dag.py:3036} INFO - Sync 1 DAGs
[2024-12-22T23:06:23.411+0000] {logging_mixin.py:188} INFO - [2024-12-22T23:06:23.410+0000] {dag.py:3823} INFO - Setting next_dagrun for example_kubernetes_executor to None, run_after=None
[2024-12-22T23:06:23.436+0000] {processor.py:183} INFO - Processing /home/airflow/.local/lib/python3.11/site-packages/airflow/example_dags/example_kubernetes_executor.py took 0.151 seconds
[2024-12-22T23:06:53.600+0000] {processor.py:161} INFO - Started process (PID=2555) to work on /home/airflow/.local/lib/python3.11/site-packages/airflow/example_dags/example_kubernetes_executor.py
[2024-12-22T23:06:53.601+0000] {processor.py:830} INFO - Processing file /home/airflow/.local/lib/python3.11/site-packages/airflow/example_dags/example_kubernetes_executor.py for tasks to queue
[2024-12-22T23:06:53.604+0000] {logging_mixin.py:188} INFO - [2024-12-22T23:06:53.604+0000] {dagbag.py:538} INFO - Filling up the DagBag from /home/airflow/.local/lib/python3.11/site-packages/airflow/example_dags/example_kubernetes_executor.py
[2024-12-22T23:06:53.619+0000] {processor.py:840} INFO - DAG(s) 'example_kubernetes_executor' retrieved from /home/airflow/.local/lib/python3.11/site-packages/airflow/example_dags/example_kubernetes_executor.py
[2024-12-22T23:06:53.663+0000] {logging_mixin.py:188} INFO - [2024-12-22T23:06:53.663+0000] {dag.py:3036} INFO - Sync 1 DAGs
[2024-12-22T23:06:53.678+0000] {logging_mixin.py:188} INFO - [2024-12-22T23:06:53.677+0000] {dag.py:3823} INFO - Setting next_dagrun for example_kubernetes_executor to None, run_after=None
[2024-12-22T23:06:53.702+0000] {processor.py:183} INFO - Processing /home/airflow/.local/lib/python3.11/site-packages/airflow/example_dags/example_kubernetes_executor.py took 0.106 seconds
[2024-12-22T23:07:24.099+0000] {processor.py:161} INFO - Started process (PID=2627) to work on /home/airflow/.local/lib/python3.11/site-packages/airflow/example_dags/example_kubernetes_executor.py
[2024-12-22T23:07:24.101+0000] {processor.py:830} INFO - Processing file /home/airflow/.local/lib/python3.11/site-packages/airflow/example_dags/example_kubernetes_executor.py for tasks to queue
[2024-12-22T23:07:24.107+0000] {logging_mixin.py:188} INFO - [2024-12-22T23:07:24.106+0000] {dagbag.py:538} INFO - Filling up the DagBag from /home/airflow/.local/lib/python3.11/site-packages/airflow/example_dags/example_kubernetes_executor.py
[2024-12-22T23:07:24.142+0000] {processor.py:840} INFO - DAG(s) 'example_kubernetes_executor' retrieved from /home/airflow/.local/lib/python3.11/site-packages/airflow/example_dags/example_kubernetes_executor.py
[2024-12-22T23:07:24.233+0000] {logging_mixin.py:188} INFO - [2024-12-22T23:07:24.232+0000] {dag.py:3036} INFO - Sync 1 DAGs
[2024-12-22T23:07:24.264+0000] {logging_mixin.py:188} INFO - [2024-12-22T23:07:24.264+0000] {dag.py:3823} INFO - Setting next_dagrun for example_kubernetes_executor to None, run_after=None
[2024-12-22T23:07:24.310+0000] {processor.py:183} INFO - Processing /home/airflow/.local/lib/python3.11/site-packages/airflow/example_dags/example_kubernetes_executor.py took 0.218 seconds
[2024-12-22T23:07:55.037+0000] {processor.py:161} INFO - Started process (PID=2699) to work on /home/airflow/.local/lib/python3.11/site-packages/airflow/example_dags/example_kubernetes_executor.py
[2024-12-22T23:07:55.040+0000] {processor.py:830} INFO - Processing file /home/airflow/.local/lib/python3.11/site-packages/airflow/example_dags/example_kubernetes_executor.py for tasks to queue
[2024-12-22T23:07:55.044+0000] {logging_mixin.py:188} INFO - [2024-12-22T23:07:55.043+0000] {dagbag.py:538} INFO - Filling up the DagBag from /home/airflow/.local/lib/python3.11/site-packages/airflow/example_dags/example_kubernetes_executor.py
[2024-12-22T23:07:55.061+0000] {processor.py:840} INFO - DAG(s) 'example_kubernetes_executor' retrieved from /home/airflow/.local/lib/python3.11/site-packages/airflow/example_dags/example_kubernetes_executor.py
[2024-12-22T23:07:55.110+0000] {logging_mixin.py:188} INFO - [2024-12-22T23:07:55.109+0000] {dag.py:3036} INFO - Sync 1 DAGs
[2024-12-22T23:07:55.125+0000] {logging_mixin.py:188} INFO - [2024-12-22T23:07:55.125+0000] {dag.py:3823} INFO - Setting next_dagrun for example_kubernetes_executor to None, run_after=None
[2024-12-22T23:07:55.159+0000] {processor.py:183} INFO - Processing /home/airflow/.local/lib/python3.11/site-packages/airflow/example_dags/example_kubernetes_executor.py took 0.127 seconds
