[2024-12-22T22:50:02.673+0000] {processor.py:161} INFO - Started process (PID=141) to work on /home/airflow/.local/lib/python3.11/site-packages/airflow/example_dags/example_branch_labels.py
[2024-12-22T22:50:02.674+0000] {processor.py:830} INFO - Processing file /home/airflow/.local/lib/python3.11/site-packages/airflow/example_dags/example_branch_labels.py for tasks to queue
[2024-12-22T22:50:02.677+0000] {logging_mixin.py:188} INFO - [2024-12-22T22:50:02.677+0000] {dagbag.py:538} INFO - Filling up the DagBag from /home/airflow/.local/lib/python3.11/site-packages/airflow/example_dags/example_branch_labels.py
[2024-12-22T22:50:02.692+0000] {processor.py:840} INFO - DAG(s) 'example_branch_labels' retrieved from /home/airflow/.local/lib/python3.11/site-packages/airflow/example_dags/example_branch_labels.py
[2024-12-22T22:50:02.856+0000] {logging_mixin.py:188} INFO - [2024-12-22T22:50:02.855+0000] {override.py:1769} INFO - Created Permission View: can edit on DAG:example_branch_labels
[2024-12-22T22:50:02.870+0000] {logging_mixin.py:188} INFO - [2024-12-22T22:50:02.870+0000] {override.py:1769} INFO - Created Permission View: can delete on DAG:example_branch_labels
[2024-12-22T22:50:02.878+0000] {logging_mixin.py:188} INFO - [2024-12-22T22:50:02.878+0000] {override.py:1769} INFO - Created Permission View: can read on DAG:example_branch_labels
[2024-12-22T22:50:02.879+0000] {logging_mixin.py:188} INFO - [2024-12-22T22:50:02.879+0000] {dag.py:3036} INFO - Sync 1 DAGs
[2024-12-22T22:50:02.894+0000] {logging_mixin.py:188} INFO - [2024-12-22T22:50:02.894+0000] {dag.py:3058} INFO - Creating ORM DAG for example_branch_labels
[2024-12-22T22:50:02.910+0000] {logging_mixin.py:188} INFO - [2024-12-22T22:50:02.910+0000] {dag.py:3823} INFO - Setting next_dagrun for example_branch_labels to 2024-12-21 00:00:00+00:00, run_after=2024-12-22 00:00:00+00:00
[2024-12-22T22:50:02.929+0000] {processor.py:183} INFO - Processing /home/airflow/.local/lib/python3.11/site-packages/airflow/example_dags/example_branch_labels.py took 0.261 seconds
[2024-12-22T22:50:33.415+0000] {processor.py:161} INFO - Started process (PID=204) to work on /home/airflow/.local/lib/python3.11/site-packages/airflow/example_dags/example_branch_labels.py
[2024-12-22T22:50:33.416+0000] {processor.py:830} INFO - Processing file /home/airflow/.local/lib/python3.11/site-packages/airflow/example_dags/example_branch_labels.py for tasks to queue
[2024-12-22T22:50:33.420+0000] {logging_mixin.py:188} INFO - [2024-12-22T22:50:33.419+0000] {dagbag.py:538} INFO - Filling up the DagBag from /home/airflow/.local/lib/python3.11/site-packages/airflow/example_dags/example_branch_labels.py
[2024-12-22T22:50:33.429+0000] {processor.py:840} INFO - DAG(s) 'example_branch_labels' retrieved from /home/airflow/.local/lib/python3.11/site-packages/airflow/example_dags/example_branch_labels.py
[2024-12-22T22:50:33.463+0000] {logging_mixin.py:188} INFO - [2024-12-22T22:50:33.462+0000] {dag.py:3036} INFO - Sync 1 DAGs
[2024-12-22T22:50:33.499+0000] {logging_mixin.py:188} INFO - [2024-12-22T22:50:33.499+0000] {dag.py:3823} INFO - Setting next_dagrun for example_branch_labels to 2024-12-21 00:00:00+00:00, run_after=2024-12-22 00:00:00+00:00
[2024-12-22T22:50:33.522+0000] {processor.py:183} INFO - Processing /home/airflow/.local/lib/python3.11/site-packages/airflow/example_dags/example_branch_labels.py took 0.111 seconds
[2024-12-22T22:51:03.977+0000] {processor.py:161} INFO - Started process (PID=276) to work on /home/airflow/.local/lib/python3.11/site-packages/airflow/example_dags/example_branch_labels.py
[2024-12-22T22:51:03.978+0000] {processor.py:830} INFO - Processing file /home/airflow/.local/lib/python3.11/site-packages/airflow/example_dags/example_branch_labels.py for tasks to queue
[2024-12-22T22:51:03.981+0000] {logging_mixin.py:188} INFO - [2024-12-22T22:51:03.981+0000] {dagbag.py:538} INFO - Filling up the DagBag from /home/airflow/.local/lib/python3.11/site-packages/airflow/example_dags/example_branch_labels.py
[2024-12-22T22:51:03.991+0000] {processor.py:840} INFO - DAG(s) 'example_branch_labels' retrieved from /home/airflow/.local/lib/python3.11/site-packages/airflow/example_dags/example_branch_labels.py
[2024-12-22T22:51:04.019+0000] {logging_mixin.py:188} INFO - [2024-12-22T22:51:04.019+0000] {dag.py:3036} INFO - Sync 1 DAGs
[2024-12-22T22:51:04.047+0000] {logging_mixin.py:188} INFO - [2024-12-22T22:51:04.047+0000] {dag.py:3823} INFO - Setting next_dagrun for example_branch_labels to 2024-12-21 00:00:00+00:00, run_after=2024-12-22 00:00:00+00:00
[2024-12-22T22:51:04.078+0000] {processor.py:183} INFO - Processing /home/airflow/.local/lib/python3.11/site-packages/airflow/example_dags/example_branch_labels.py took 0.105 seconds
[2024-12-22T22:51:34.630+0000] {processor.py:161} INFO - Started process (PID=348) to work on /home/airflow/.local/lib/python3.11/site-packages/airflow/example_dags/example_branch_labels.py
[2024-12-22T22:51:34.632+0000] {processor.py:830} INFO - Processing file /home/airflow/.local/lib/python3.11/site-packages/airflow/example_dags/example_branch_labels.py for tasks to queue
[2024-12-22T22:51:34.637+0000] {logging_mixin.py:188} INFO - [2024-12-22T22:51:34.636+0000] {dagbag.py:538} INFO - Filling up the DagBag from /home/airflow/.local/lib/python3.11/site-packages/airflow/example_dags/example_branch_labels.py
[2024-12-22T22:51:34.656+0000] {processor.py:840} INFO - DAG(s) 'example_branch_labels' retrieved from /home/airflow/.local/lib/python3.11/site-packages/airflow/example_dags/example_branch_labels.py
[2024-12-22T22:51:34.695+0000] {logging_mixin.py:188} INFO - [2024-12-22T22:51:34.695+0000] {dag.py:3036} INFO - Sync 1 DAGs
[2024-12-22T22:51:34.775+0000] {logging_mixin.py:188} INFO - [2024-12-22T22:51:34.774+0000] {dag.py:3823} INFO - Setting next_dagrun for example_branch_labels to 2024-12-21 00:00:00+00:00, run_after=2024-12-22 00:00:00+00:00
[2024-12-22T22:51:34.846+0000] {processor.py:183} INFO - Processing /home/airflow/.local/lib/python3.11/site-packages/airflow/example_dags/example_branch_labels.py took 0.222 seconds
[2024-12-22T22:52:04.941+0000] {processor.py:161} INFO - Started process (PID=427) to work on /home/airflow/.local/lib/python3.11/site-packages/airflow/example_dags/example_branch_labels.py
[2024-12-22T22:52:04.942+0000] {processor.py:830} INFO - Processing file /home/airflow/.local/lib/python3.11/site-packages/airflow/example_dags/example_branch_labels.py for tasks to queue
[2024-12-22T22:52:04.945+0000] {logging_mixin.py:188} INFO - [2024-12-22T22:52:04.945+0000] {dagbag.py:538} INFO - Filling up the DagBag from /home/airflow/.local/lib/python3.11/site-packages/airflow/example_dags/example_branch_labels.py
[2024-12-22T22:52:04.954+0000] {processor.py:840} INFO - DAG(s) 'example_branch_labels' retrieved from /home/airflow/.local/lib/python3.11/site-packages/airflow/example_dags/example_branch_labels.py
[2024-12-22T22:52:04.979+0000] {logging_mixin.py:188} INFO - [2024-12-22T22:52:04.978+0000] {dag.py:3036} INFO - Sync 1 DAGs
[2024-12-22T22:52:05.004+0000] {logging_mixin.py:188} INFO - [2024-12-22T22:52:05.004+0000] {dag.py:3823} INFO - Setting next_dagrun for example_branch_labels to 2024-12-21 00:00:00+00:00, run_after=2024-12-22 00:00:00+00:00
[2024-12-22T22:52:05.031+0000] {processor.py:183} INFO - Processing /home/airflow/.local/lib/python3.11/site-packages/airflow/example_dags/example_branch_labels.py took 0.094 seconds
[2024-12-22T22:52:35.277+0000] {processor.py:161} INFO - Started process (PID=499) to work on /home/airflow/.local/lib/python3.11/site-packages/airflow/example_dags/example_branch_labels.py
[2024-12-22T22:52:35.279+0000] {processor.py:830} INFO - Processing file /home/airflow/.local/lib/python3.11/site-packages/airflow/example_dags/example_branch_labels.py for tasks to queue
[2024-12-22T22:52:35.281+0000] {logging_mixin.py:188} INFO - [2024-12-22T22:52:35.281+0000] {dagbag.py:538} INFO - Filling up the DagBag from /home/airflow/.local/lib/python3.11/site-packages/airflow/example_dags/example_branch_labels.py
[2024-12-22T22:52:35.290+0000] {processor.py:840} INFO - DAG(s) 'example_branch_labels' retrieved from /home/airflow/.local/lib/python3.11/site-packages/airflow/example_dags/example_branch_labels.py
[2024-12-22T22:52:35.316+0000] {logging_mixin.py:188} INFO - [2024-12-22T22:52:35.316+0000] {dag.py:3036} INFO - Sync 1 DAGs
[2024-12-22T22:52:35.343+0000] {logging_mixin.py:188} INFO - [2024-12-22T22:52:35.342+0000] {dag.py:3823} INFO - Setting next_dagrun for example_branch_labels to 2024-12-21 00:00:00+00:00, run_after=2024-12-22 00:00:00+00:00
[2024-12-22T22:52:35.364+0000] {processor.py:183} INFO - Processing /home/airflow/.local/lib/python3.11/site-packages/airflow/example_dags/example_branch_labels.py took 0.090 seconds
[2024-12-22T22:53:05.907+0000] {processor.py:161} INFO - Started process (PID=570) to work on /home/airflow/.local/lib/python3.11/site-packages/airflow/example_dags/example_branch_labels.py
[2024-12-22T22:53:05.908+0000] {processor.py:830} INFO - Processing file /home/airflow/.local/lib/python3.11/site-packages/airflow/example_dags/example_branch_labels.py for tasks to queue
[2024-12-22T22:53:05.911+0000] {logging_mixin.py:188} INFO - [2024-12-22T22:53:05.910+0000] {dagbag.py:538} INFO - Filling up the DagBag from /home/airflow/.local/lib/python3.11/site-packages/airflow/example_dags/example_branch_labels.py
[2024-12-22T22:53:05.922+0000] {processor.py:840} INFO - DAG(s) 'example_branch_labels' retrieved from /home/airflow/.local/lib/python3.11/site-packages/airflow/example_dags/example_branch_labels.py
[2024-12-22T22:53:05.951+0000] {logging_mixin.py:188} INFO - [2024-12-22T22:53:05.950+0000] {dag.py:3036} INFO - Sync 1 DAGs
[2024-12-22T22:53:05.981+0000] {logging_mixin.py:188} INFO - [2024-12-22T22:53:05.980+0000] {dag.py:3823} INFO - Setting next_dagrun for example_branch_labels to 2024-12-21 00:00:00+00:00, run_after=2024-12-22 00:00:00+00:00
[2024-12-22T22:53:06.014+0000] {processor.py:183} INFO - Processing /home/airflow/.local/lib/python3.11/site-packages/airflow/example_dags/example_branch_labels.py took 0.111 seconds
[2024-12-22T22:53:36.128+0000] {processor.py:161} INFO - Started process (PID=649) to work on /home/airflow/.local/lib/python3.11/site-packages/airflow/example_dags/example_branch_labels.py
[2024-12-22T22:53:36.129+0000] {processor.py:830} INFO - Processing file /home/airflow/.local/lib/python3.11/site-packages/airflow/example_dags/example_branch_labels.py for tasks to queue
[2024-12-22T22:53:36.132+0000] {logging_mixin.py:188} INFO - [2024-12-22T22:53:36.131+0000] {dagbag.py:538} INFO - Filling up the DagBag from /home/airflow/.local/lib/python3.11/site-packages/airflow/example_dags/example_branch_labels.py
[2024-12-22T22:53:36.142+0000] {processor.py:840} INFO - DAG(s) 'example_branch_labels' retrieved from /home/airflow/.local/lib/python3.11/site-packages/airflow/example_dags/example_branch_labels.py
[2024-12-22T22:53:36.172+0000] {logging_mixin.py:188} INFO - [2024-12-22T22:53:36.171+0000] {dag.py:3036} INFO - Sync 1 DAGs
[2024-12-22T22:53:36.200+0000] {logging_mixin.py:188} INFO - [2024-12-22T22:53:36.199+0000] {dag.py:3823} INFO - Setting next_dagrun for example_branch_labels to 2024-12-21 00:00:00+00:00, run_after=2024-12-22 00:00:00+00:00
[2024-12-22T22:53:36.232+0000] {processor.py:183} INFO - Processing /home/airflow/.local/lib/python3.11/site-packages/airflow/example_dags/example_branch_labels.py took 0.108 seconds
[2024-12-22T22:54:06.394+0000] {processor.py:161} INFO - Started process (PID=722) to work on /home/airflow/.local/lib/python3.11/site-packages/airflow/example_dags/example_branch_labels.py
[2024-12-22T22:54:06.396+0000] {processor.py:830} INFO - Processing file /home/airflow/.local/lib/python3.11/site-packages/airflow/example_dags/example_branch_labels.py for tasks to queue
[2024-12-22T22:54:06.399+0000] {logging_mixin.py:188} INFO - [2024-12-22T22:54:06.398+0000] {dagbag.py:538} INFO - Filling up the DagBag from /home/airflow/.local/lib/python3.11/site-packages/airflow/example_dags/example_branch_labels.py
[2024-12-22T22:54:06.410+0000] {processor.py:840} INFO - DAG(s) 'example_branch_labels' retrieved from /home/airflow/.local/lib/python3.11/site-packages/airflow/example_dags/example_branch_labels.py
[2024-12-22T22:54:06.444+0000] {logging_mixin.py:188} INFO - [2024-12-22T22:54:06.443+0000] {dag.py:3036} INFO - Sync 1 DAGs
[2024-12-22T22:54:06.481+0000] {logging_mixin.py:188} INFO - [2024-12-22T22:54:06.480+0000] {dag.py:3823} INFO - Setting next_dagrun for example_branch_labels to 2024-12-21 00:00:00+00:00, run_after=2024-12-22 00:00:00+00:00
[2024-12-22T22:54:06.519+0000] {processor.py:183} INFO - Processing /home/airflow/.local/lib/python3.11/site-packages/airflow/example_dags/example_branch_labels.py took 0.130 seconds
[2024-12-22T22:54:37.198+0000] {processor.py:161} INFO - Started process (PID=786) to work on /home/airflow/.local/lib/python3.11/site-packages/airflow/example_dags/example_branch_labels.py
[2024-12-22T22:54:37.200+0000] {processor.py:830} INFO - Processing file /home/airflow/.local/lib/python3.11/site-packages/airflow/example_dags/example_branch_labels.py for tasks to queue
[2024-12-22T22:54:37.208+0000] {logging_mixin.py:188} INFO - [2024-12-22T22:54:37.206+0000] {dagbag.py:538} INFO - Filling up the DagBag from /home/airflow/.local/lib/python3.11/site-packages/airflow/example_dags/example_branch_labels.py
[2024-12-22T22:54:37.223+0000] {processor.py:840} INFO - DAG(s) 'example_branch_labels' retrieved from /home/airflow/.local/lib/python3.11/site-packages/airflow/example_dags/example_branch_labels.py
[2024-12-22T22:54:37.265+0000] {logging_mixin.py:188} INFO - [2024-12-22T22:54:37.264+0000] {dag.py:3036} INFO - Sync 1 DAGs
[2024-12-22T22:54:37.295+0000] {logging_mixin.py:188} INFO - [2024-12-22T22:54:37.295+0000] {dag.py:3823} INFO - Setting next_dagrun for example_branch_labels to 2024-12-21 00:00:00+00:00, run_after=2024-12-22 00:00:00+00:00
[2024-12-22T22:54:37.316+0000] {processor.py:183} INFO - Processing /home/airflow/.local/lib/python3.11/site-packages/airflow/example_dags/example_branch_labels.py took 0.125 seconds
[2024-12-22T22:55:07.442+0000] {processor.py:161} INFO - Started process (PID=857) to work on /home/airflow/.local/lib/python3.11/site-packages/airflow/example_dags/example_branch_labels.py
[2024-12-22T22:55:07.443+0000] {processor.py:830} INFO - Processing file /home/airflow/.local/lib/python3.11/site-packages/airflow/example_dags/example_branch_labels.py for tasks to queue
[2024-12-22T22:55:07.446+0000] {logging_mixin.py:188} INFO - [2024-12-22T22:55:07.446+0000] {dagbag.py:538} INFO - Filling up the DagBag from /home/airflow/.local/lib/python3.11/site-packages/airflow/example_dags/example_branch_labels.py
[2024-12-22T22:55:07.456+0000] {processor.py:840} INFO - DAG(s) 'example_branch_labels' retrieved from /home/airflow/.local/lib/python3.11/site-packages/airflow/example_dags/example_branch_labels.py
[2024-12-22T22:55:07.482+0000] {logging_mixin.py:188} INFO - [2024-12-22T22:55:07.482+0000] {dag.py:3036} INFO - Sync 1 DAGs
[2024-12-22T22:55:07.511+0000] {logging_mixin.py:188} INFO - [2024-12-22T22:55:07.511+0000] {dag.py:3823} INFO - Setting next_dagrun for example_branch_labels to 2024-12-21 00:00:00+00:00, run_after=2024-12-22 00:00:00+00:00
[2024-12-22T22:55:07.536+0000] {processor.py:183} INFO - Processing /home/airflow/.local/lib/python3.11/site-packages/airflow/example_dags/example_branch_labels.py took 0.099 seconds
[2024-12-22T22:55:37.731+0000] {processor.py:161} INFO - Started process (PID=929) to work on /home/airflow/.local/lib/python3.11/site-packages/airflow/example_dags/example_branch_labels.py
[2024-12-22T22:55:37.732+0000] {processor.py:830} INFO - Processing file /home/airflow/.local/lib/python3.11/site-packages/airflow/example_dags/example_branch_labels.py for tasks to queue
[2024-12-22T22:55:37.736+0000] {logging_mixin.py:188} INFO - [2024-12-22T22:55:37.735+0000] {dagbag.py:538} INFO - Filling up the DagBag from /home/airflow/.local/lib/python3.11/site-packages/airflow/example_dags/example_branch_labels.py
[2024-12-22T22:55:37.747+0000] {processor.py:840} INFO - DAG(s) 'example_branch_labels' retrieved from /home/airflow/.local/lib/python3.11/site-packages/airflow/example_dags/example_branch_labels.py
[2024-12-22T22:55:37.774+0000] {logging_mixin.py:188} INFO - [2024-12-22T22:55:37.774+0000] {dag.py:3036} INFO - Sync 1 DAGs
[2024-12-22T22:55:37.804+0000] {logging_mixin.py:188} INFO - [2024-12-22T22:55:37.804+0000] {dag.py:3823} INFO - Setting next_dagrun for example_branch_labels to 2024-12-21 00:00:00+00:00, run_after=2024-12-22 00:00:00+00:00
[2024-12-22T22:55:37.832+0000] {processor.py:183} INFO - Processing /home/airflow/.local/lib/python3.11/site-packages/airflow/example_dags/example_branch_labels.py took 0.107 seconds
[2024-12-22T22:56:08.459+0000] {processor.py:161} INFO - Started process (PID=1008) to work on /home/airflow/.local/lib/python3.11/site-packages/airflow/example_dags/example_branch_labels.py
[2024-12-22T22:56:08.460+0000] {processor.py:830} INFO - Processing file /home/airflow/.local/lib/python3.11/site-packages/airflow/example_dags/example_branch_labels.py for tasks to queue
[2024-12-22T22:56:08.463+0000] {logging_mixin.py:188} INFO - [2024-12-22T22:56:08.462+0000] {dagbag.py:538} INFO - Filling up the DagBag from /home/airflow/.local/lib/python3.11/site-packages/airflow/example_dags/example_branch_labels.py
[2024-12-22T22:56:08.472+0000] {processor.py:840} INFO - DAG(s) 'example_branch_labels' retrieved from /home/airflow/.local/lib/python3.11/site-packages/airflow/example_dags/example_branch_labels.py
[2024-12-22T22:56:08.497+0000] {logging_mixin.py:188} INFO - [2024-12-22T22:56:08.496+0000] {dag.py:3036} INFO - Sync 1 DAGs
[2024-12-22T22:56:08.525+0000] {logging_mixin.py:188} INFO - [2024-12-22T22:56:08.524+0000] {dag.py:3823} INFO - Setting next_dagrun for example_branch_labels to 2024-12-21 00:00:00+00:00, run_after=2024-12-22 00:00:00+00:00
[2024-12-22T22:56:08.561+0000] {processor.py:183} INFO - Processing /home/airflow/.local/lib/python3.11/site-packages/airflow/example_dags/example_branch_labels.py took 0.107 seconds
[2024-12-22T22:56:38.877+0000] {processor.py:161} INFO - Started process (PID=1080) to work on /home/airflow/.local/lib/python3.11/site-packages/airflow/example_dags/example_branch_labels.py
[2024-12-22T22:56:38.878+0000] {processor.py:830} INFO - Processing file /home/airflow/.local/lib/python3.11/site-packages/airflow/example_dags/example_branch_labels.py for tasks to queue
[2024-12-22T22:56:38.882+0000] {logging_mixin.py:188} INFO - [2024-12-22T22:56:38.881+0000] {dagbag.py:538} INFO - Filling up the DagBag from /home/airflow/.local/lib/python3.11/site-packages/airflow/example_dags/example_branch_labels.py
[2024-12-22T22:56:38.893+0000] {processor.py:840} INFO - DAG(s) 'example_branch_labels' retrieved from /home/airflow/.local/lib/python3.11/site-packages/airflow/example_dags/example_branch_labels.py
[2024-12-22T22:56:38.922+0000] {logging_mixin.py:188} INFO - [2024-12-22T22:56:38.922+0000] {dag.py:3036} INFO - Sync 1 DAGs
[2024-12-22T22:56:38.952+0000] {logging_mixin.py:188} INFO - [2024-12-22T22:56:38.952+0000] {dag.py:3823} INFO - Setting next_dagrun for example_branch_labels to 2024-12-21 00:00:00+00:00, run_after=2024-12-22 00:00:00+00:00
[2024-12-22T22:56:38.984+0000] {processor.py:183} INFO - Processing /home/airflow/.local/lib/python3.11/site-packages/airflow/example_dags/example_branch_labels.py took 0.112 seconds
[2024-12-22T22:57:09.217+0000] {processor.py:161} INFO - Started process (PID=1152) to work on /home/airflow/.local/lib/python3.11/site-packages/airflow/example_dags/example_branch_labels.py
[2024-12-22T22:57:09.218+0000] {processor.py:830} INFO - Processing file /home/airflow/.local/lib/python3.11/site-packages/airflow/example_dags/example_branch_labels.py for tasks to queue
[2024-12-22T22:57:09.222+0000] {logging_mixin.py:188} INFO - [2024-12-22T22:57:09.221+0000] {dagbag.py:538} INFO - Filling up the DagBag from /home/airflow/.local/lib/python3.11/site-packages/airflow/example_dags/example_branch_labels.py
[2024-12-22T22:57:09.232+0000] {processor.py:840} INFO - DAG(s) 'example_branch_labels' retrieved from /home/airflow/.local/lib/python3.11/site-packages/airflow/example_dags/example_branch_labels.py
[2024-12-22T22:57:09.260+0000] {logging_mixin.py:188} INFO - [2024-12-22T22:57:09.260+0000] {dag.py:3036} INFO - Sync 1 DAGs
[2024-12-22T22:57:09.290+0000] {logging_mixin.py:188} INFO - [2024-12-22T22:57:09.290+0000] {dag.py:3823} INFO - Setting next_dagrun for example_branch_labels to 2024-12-21 00:00:00+00:00, run_after=2024-12-22 00:00:00+00:00
[2024-12-22T22:57:09.320+0000] {processor.py:183} INFO - Processing /home/airflow/.local/lib/python3.11/site-packages/airflow/example_dags/example_branch_labels.py took 0.106 seconds
[2024-12-22T22:57:39.600+0000] {processor.py:161} INFO - Started process (PID=1231) to work on /home/airflow/.local/lib/python3.11/site-packages/airflow/example_dags/example_branch_labels.py
[2024-12-22T22:57:39.602+0000] {processor.py:830} INFO - Processing file /home/airflow/.local/lib/python3.11/site-packages/airflow/example_dags/example_branch_labels.py for tasks to queue
[2024-12-22T22:57:39.604+0000] {logging_mixin.py:188} INFO - [2024-12-22T22:57:39.604+0000] {dagbag.py:538} INFO - Filling up the DagBag from /home/airflow/.local/lib/python3.11/site-packages/airflow/example_dags/example_branch_labels.py
[2024-12-22T22:57:39.617+0000] {processor.py:840} INFO - DAG(s) 'example_branch_labels' retrieved from /home/airflow/.local/lib/python3.11/site-packages/airflow/example_dags/example_branch_labels.py
[2024-12-22T22:57:39.642+0000] {logging_mixin.py:188} INFO - [2024-12-22T22:57:39.642+0000] {dag.py:3036} INFO - Sync 1 DAGs
[2024-12-22T22:57:39.671+0000] {logging_mixin.py:188} INFO - [2024-12-22T22:57:39.671+0000] {dag.py:3823} INFO - Setting next_dagrun for example_branch_labels to 2024-12-21 00:00:00+00:00, run_after=2024-12-22 00:00:00+00:00
[2024-12-22T22:57:39.701+0000] {processor.py:183} INFO - Processing /home/airflow/.local/lib/python3.11/site-packages/airflow/example_dags/example_branch_labels.py took 0.105 seconds
[2024-12-22T22:58:10.138+0000] {processor.py:161} INFO - Started process (PID=1303) to work on /home/airflow/.local/lib/python3.11/site-packages/airflow/example_dags/example_branch_labels.py
[2024-12-22T22:58:10.140+0000] {processor.py:830} INFO - Processing file /home/airflow/.local/lib/python3.11/site-packages/airflow/example_dags/example_branch_labels.py for tasks to queue
[2024-12-22T22:58:10.143+0000] {logging_mixin.py:188} INFO - [2024-12-22T22:58:10.142+0000] {dagbag.py:538} INFO - Filling up the DagBag from /home/airflow/.local/lib/python3.11/site-packages/airflow/example_dags/example_branch_labels.py
[2024-12-22T22:58:10.154+0000] {processor.py:840} INFO - DAG(s) 'example_branch_labels' retrieved from /home/airflow/.local/lib/python3.11/site-packages/airflow/example_dags/example_branch_labels.py
[2024-12-22T22:58:10.184+0000] {logging_mixin.py:188} INFO - [2024-12-22T22:58:10.184+0000] {dag.py:3036} INFO - Sync 1 DAGs
[2024-12-22T22:58:10.218+0000] {logging_mixin.py:188} INFO - [2024-12-22T22:58:10.218+0000] {dag.py:3823} INFO - Setting next_dagrun for example_branch_labels to 2024-12-21 00:00:00+00:00, run_after=2024-12-22 00:00:00+00:00
[2024-12-22T22:58:10.250+0000] {processor.py:183} INFO - Processing /home/airflow/.local/lib/python3.11/site-packages/airflow/example_dags/example_branch_labels.py took 0.117 seconds
[2024-12-22T22:58:41.035+0000] {processor.py:161} INFO - Started process (PID=1375) to work on /home/airflow/.local/lib/python3.11/site-packages/airflow/example_dags/example_branch_labels.py
[2024-12-22T22:58:41.036+0000] {processor.py:830} INFO - Processing file /home/airflow/.local/lib/python3.11/site-packages/airflow/example_dags/example_branch_labels.py for tasks to queue
[2024-12-22T22:58:41.040+0000] {logging_mixin.py:188} INFO - [2024-12-22T22:58:41.039+0000] {dagbag.py:538} INFO - Filling up the DagBag from /home/airflow/.local/lib/python3.11/site-packages/airflow/example_dags/example_branch_labels.py
[2024-12-22T22:58:41.051+0000] {processor.py:840} INFO - DAG(s) 'example_branch_labels' retrieved from /home/airflow/.local/lib/python3.11/site-packages/airflow/example_dags/example_branch_labels.py
[2024-12-22T22:58:41.087+0000] {logging_mixin.py:188} INFO - [2024-12-22T22:58:41.086+0000] {dag.py:3036} INFO - Sync 1 DAGs
[2024-12-22T22:58:41.125+0000] {logging_mixin.py:188} INFO - [2024-12-22T22:58:41.125+0000] {dag.py:3823} INFO - Setting next_dagrun for example_branch_labels to 2024-12-21 00:00:00+00:00, run_after=2024-12-22 00:00:00+00:00
[2024-12-22T22:58:41.149+0000] {processor.py:183} INFO - Processing /home/airflow/.local/lib/python3.11/site-packages/airflow/example_dags/example_branch_labels.py took 0.119 seconds
[2024-12-22T22:59:11.492+0000] {processor.py:161} INFO - Started process (PID=1439) to work on /home/airflow/.local/lib/python3.11/site-packages/airflow/example_dags/example_branch_labels.py
[2024-12-22T22:59:11.494+0000] {processor.py:830} INFO - Processing file /home/airflow/.local/lib/python3.11/site-packages/airflow/example_dags/example_branch_labels.py for tasks to queue
[2024-12-22T22:59:11.497+0000] {logging_mixin.py:188} INFO - [2024-12-22T22:59:11.496+0000] {dagbag.py:538} INFO - Filling up the DagBag from /home/airflow/.local/lib/python3.11/site-packages/airflow/example_dags/example_branch_labels.py
[2024-12-22T22:59:11.507+0000] {processor.py:840} INFO - DAG(s) 'example_branch_labels' retrieved from /home/airflow/.local/lib/python3.11/site-packages/airflow/example_dags/example_branch_labels.py
[2024-12-22T22:59:11.536+0000] {logging_mixin.py:188} INFO - [2024-12-22T22:59:11.536+0000] {dag.py:3036} INFO - Sync 1 DAGs
[2024-12-22T22:59:11.570+0000] {logging_mixin.py:188} INFO - [2024-12-22T22:59:11.570+0000] {dag.py:3823} INFO - Setting next_dagrun for example_branch_labels to 2024-12-21 00:00:00+00:00, run_after=2024-12-22 00:00:00+00:00
[2024-12-22T22:59:11.619+0000] {processor.py:183} INFO - Processing /home/airflow/.local/lib/python3.11/site-packages/airflow/example_dags/example_branch_labels.py took 0.131 seconds
[2024-12-22T22:59:41.758+0000] {processor.py:161} INFO - Started process (PID=1517) to work on /home/airflow/.local/lib/python3.11/site-packages/airflow/example_dags/example_branch_labels.py
[2024-12-22T22:59:41.760+0000] {processor.py:830} INFO - Processing file /home/airflow/.local/lib/python3.11/site-packages/airflow/example_dags/example_branch_labels.py for tasks to queue
[2024-12-22T22:59:41.762+0000] {logging_mixin.py:188} INFO - [2024-12-22T22:59:41.762+0000] {dagbag.py:538} INFO - Filling up the DagBag from /home/airflow/.local/lib/python3.11/site-packages/airflow/example_dags/example_branch_labels.py
[2024-12-22T22:59:41.772+0000] {processor.py:840} INFO - DAG(s) 'example_branch_labels' retrieved from /home/airflow/.local/lib/python3.11/site-packages/airflow/example_dags/example_branch_labels.py
[2024-12-22T22:59:41.813+0000] {logging_mixin.py:188} INFO - [2024-12-22T22:59:41.811+0000] {dag.py:3036} INFO - Sync 1 DAGs
[2024-12-22T22:59:41.865+0000] {logging_mixin.py:188} INFO - [2024-12-22T22:59:41.864+0000] {dag.py:3823} INFO - Setting next_dagrun for example_branch_labels to 2024-12-21 00:00:00+00:00, run_after=2024-12-22 00:00:00+00:00
[2024-12-22T22:59:41.907+0000] {processor.py:183} INFO - Processing /home/airflow/.local/lib/python3.11/site-packages/airflow/example_dags/example_branch_labels.py took 0.153 seconds
[2024-12-22T23:00:12.037+0000] {processor.py:161} INFO - Started process (PID=1589) to work on /home/airflow/.local/lib/python3.11/site-packages/airflow/example_dags/example_branch_labels.py
[2024-12-22T23:00:12.039+0000] {processor.py:830} INFO - Processing file /home/airflow/.local/lib/python3.11/site-packages/airflow/example_dags/example_branch_labels.py for tasks to queue
[2024-12-22T23:00:12.042+0000] {logging_mixin.py:188} INFO - [2024-12-22T23:00:12.042+0000] {dagbag.py:538} INFO - Filling up the DagBag from /home/airflow/.local/lib/python3.11/site-packages/airflow/example_dags/example_branch_labels.py
[2024-12-22T23:00:12.056+0000] {processor.py:840} INFO - DAG(s) 'example_branch_labels' retrieved from /home/airflow/.local/lib/python3.11/site-packages/airflow/example_dags/example_branch_labels.py
[2024-12-22T23:00:12.093+0000] {logging_mixin.py:188} INFO - [2024-12-22T23:00:12.092+0000] {dag.py:3036} INFO - Sync 1 DAGs
[2024-12-22T23:00:12.132+0000] {logging_mixin.py:188} INFO - [2024-12-22T23:00:12.131+0000] {dag.py:3823} INFO - Setting next_dagrun for example_branch_labels to 2024-12-21 00:00:00+00:00, run_after=2024-12-22 00:00:00+00:00
[2024-12-22T23:00:12.169+0000] {processor.py:183} INFO - Processing /home/airflow/.local/lib/python3.11/site-packages/airflow/example_dags/example_branch_labels.py took 0.136 seconds
[2024-12-22T23:00:42.638+0000] {processor.py:161} INFO - Started process (PID=1661) to work on /home/airflow/.local/lib/python3.11/site-packages/airflow/example_dags/example_branch_labels.py
[2024-12-22T23:00:42.639+0000] {processor.py:830} INFO - Processing file /home/airflow/.local/lib/python3.11/site-packages/airflow/example_dags/example_branch_labels.py for tasks to queue
[2024-12-22T23:00:42.642+0000] {logging_mixin.py:188} INFO - [2024-12-22T23:00:42.642+0000] {dagbag.py:538} INFO - Filling up the DagBag from /home/airflow/.local/lib/python3.11/site-packages/airflow/example_dags/example_branch_labels.py
[2024-12-22T23:00:42.652+0000] {processor.py:840} INFO - DAG(s) 'example_branch_labels' retrieved from /home/airflow/.local/lib/python3.11/site-packages/airflow/example_dags/example_branch_labels.py
[2024-12-22T23:00:42.679+0000] {logging_mixin.py:188} INFO - [2024-12-22T23:00:42.679+0000] {dag.py:3036} INFO - Sync 1 DAGs
[2024-12-22T23:00:42.710+0000] {logging_mixin.py:188} INFO - [2024-12-22T23:00:42.710+0000] {dag.py:3823} INFO - Setting next_dagrun for example_branch_labels to 2024-12-21 00:00:00+00:00, run_after=2024-12-22 00:00:00+00:00
[2024-12-22T23:00:42.740+0000] {processor.py:183} INFO - Processing /home/airflow/.local/lib/python3.11/site-packages/airflow/example_dags/example_branch_labels.py took 0.106 seconds
[2024-12-22T23:01:13.247+0000] {processor.py:161} INFO - Started process (PID=1733) to work on /home/airflow/.local/lib/python3.11/site-packages/airflow/example_dags/example_branch_labels.py
[2024-12-22T23:01:13.249+0000] {processor.py:830} INFO - Processing file /home/airflow/.local/lib/python3.11/site-packages/airflow/example_dags/example_branch_labels.py for tasks to queue
[2024-12-22T23:01:13.251+0000] {logging_mixin.py:188} INFO - [2024-12-22T23:01:13.251+0000] {dagbag.py:538} INFO - Filling up the DagBag from /home/airflow/.local/lib/python3.11/site-packages/airflow/example_dags/example_branch_labels.py
[2024-12-22T23:01:13.265+0000] {processor.py:840} INFO - DAG(s) 'example_branch_labels' retrieved from /home/airflow/.local/lib/python3.11/site-packages/airflow/example_dags/example_branch_labels.py
[2024-12-22T23:01:13.292+0000] {logging_mixin.py:188} INFO - [2024-12-22T23:01:13.292+0000] {dag.py:3036} INFO - Sync 1 DAGs
[2024-12-22T23:01:13.322+0000] {logging_mixin.py:188} INFO - [2024-12-22T23:01:13.322+0000] {dag.py:3823} INFO - Setting next_dagrun for example_branch_labels to 2024-12-21 00:00:00+00:00, run_after=2024-12-22 00:00:00+00:00
[2024-12-22T23:01:13.350+0000] {processor.py:183} INFO - Processing /home/airflow/.local/lib/python3.11/site-packages/airflow/example_dags/example_branch_labels.py took 0.108 seconds
[2024-12-22T23:01:43.777+0000] {processor.py:161} INFO - Started process (PID=1812) to work on /home/airflow/.local/lib/python3.11/site-packages/airflow/example_dags/example_branch_labels.py
[2024-12-22T23:01:43.778+0000] {processor.py:830} INFO - Processing file /home/airflow/.local/lib/python3.11/site-packages/airflow/example_dags/example_branch_labels.py for tasks to queue
[2024-12-22T23:01:43.781+0000] {logging_mixin.py:188} INFO - [2024-12-22T23:01:43.781+0000] {dagbag.py:538} INFO - Filling up the DagBag from /home/airflow/.local/lib/python3.11/site-packages/airflow/example_dags/example_branch_labels.py
[2024-12-22T23:01:43.794+0000] {processor.py:840} INFO - DAG(s) 'example_branch_labels' retrieved from /home/airflow/.local/lib/python3.11/site-packages/airflow/example_dags/example_branch_labels.py
[2024-12-22T23:01:43.834+0000] {logging_mixin.py:188} INFO - [2024-12-22T23:01:43.833+0000] {dag.py:3036} INFO - Sync 1 DAGs
[2024-12-22T23:01:43.865+0000] {logging_mixin.py:188} INFO - [2024-12-22T23:01:43.865+0000] {dag.py:3823} INFO - Setting next_dagrun for example_branch_labels to 2024-12-21 00:00:00+00:00, run_after=2024-12-22 00:00:00+00:00
[2024-12-22T23:01:43.888+0000] {processor.py:183} INFO - Processing /home/airflow/.local/lib/python3.11/site-packages/airflow/example_dags/example_branch_labels.py took 0.118 seconds
[2024-12-22T23:02:14.742+0000] {processor.py:161} INFO - Started process (PID=1884) to work on /home/airflow/.local/lib/python3.11/site-packages/airflow/example_dags/example_branch_labels.py
[2024-12-22T23:02:14.744+0000] {processor.py:830} INFO - Processing file /home/airflow/.local/lib/python3.11/site-packages/airflow/example_dags/example_branch_labels.py for tasks to queue
[2024-12-22T23:02:14.747+0000] {logging_mixin.py:188} INFO - [2024-12-22T23:02:14.746+0000] {dagbag.py:538} INFO - Filling up the DagBag from /home/airflow/.local/lib/python3.11/site-packages/airflow/example_dags/example_branch_labels.py
[2024-12-22T23:02:14.757+0000] {processor.py:840} INFO - DAG(s) 'example_branch_labels' retrieved from /home/airflow/.local/lib/python3.11/site-packages/airflow/example_dags/example_branch_labels.py
[2024-12-22T23:02:14.792+0000] {logging_mixin.py:188} INFO - [2024-12-22T23:02:14.792+0000] {dag.py:3036} INFO - Sync 1 DAGs
[2024-12-22T23:02:14.824+0000] {logging_mixin.py:188} INFO - [2024-12-22T23:02:14.824+0000] {dag.py:3823} INFO - Setting next_dagrun for example_branch_labels to 2024-12-21 00:00:00+00:00, run_after=2024-12-22 00:00:00+00:00
[2024-12-22T23:02:14.863+0000] {processor.py:183} INFO - Processing /home/airflow/.local/lib/python3.11/site-packages/airflow/example_dags/example_branch_labels.py took 0.125 seconds
[2024-12-22T23:02:45.116+0000] {processor.py:161} INFO - Started process (PID=1956) to work on /home/airflow/.local/lib/python3.11/site-packages/airflow/example_dags/example_branch_labels.py
[2024-12-22T23:02:45.118+0000] {processor.py:830} INFO - Processing file /home/airflow/.local/lib/python3.11/site-packages/airflow/example_dags/example_branch_labels.py for tasks to queue
[2024-12-22T23:02:45.121+0000] {logging_mixin.py:188} INFO - [2024-12-22T23:02:45.121+0000] {dagbag.py:538} INFO - Filling up the DagBag from /home/airflow/.local/lib/python3.11/site-packages/airflow/example_dags/example_branch_labels.py
[2024-12-22T23:02:45.133+0000] {processor.py:840} INFO - DAG(s) 'example_branch_labels' retrieved from /home/airflow/.local/lib/python3.11/site-packages/airflow/example_dags/example_branch_labels.py
[2024-12-22T23:02:45.163+0000] {logging_mixin.py:188} INFO - [2024-12-22T23:02:45.163+0000] {dag.py:3036} INFO - Sync 1 DAGs
[2024-12-22T23:02:45.206+0000] {logging_mixin.py:188} INFO - [2024-12-22T23:02:45.206+0000] {dag.py:3823} INFO - Setting next_dagrun for example_branch_labels to 2024-12-21 00:00:00+00:00, run_after=2024-12-22 00:00:00+00:00
[2024-12-22T23:02:45.247+0000] {processor.py:183} INFO - Processing /home/airflow/.local/lib/python3.11/site-packages/airflow/example_dags/example_branch_labels.py took 0.135 seconds
[2024-12-22T23:03:15.529+0000] {processor.py:161} INFO - Started process (PID=2035) to work on /home/airflow/.local/lib/python3.11/site-packages/airflow/example_dags/example_branch_labels.py
[2024-12-22T23:03:15.531+0000] {processor.py:830} INFO - Processing file /home/airflow/.local/lib/python3.11/site-packages/airflow/example_dags/example_branch_labels.py for tasks to queue
[2024-12-22T23:03:15.534+0000] {logging_mixin.py:188} INFO - [2024-12-22T23:03:15.534+0000] {dagbag.py:538} INFO - Filling up the DagBag from /home/airflow/.local/lib/python3.11/site-packages/airflow/example_dags/example_branch_labels.py
[2024-12-22T23:03:15.544+0000] {processor.py:840} INFO - DAG(s) 'example_branch_labels' retrieved from /home/airflow/.local/lib/python3.11/site-packages/airflow/example_dags/example_branch_labels.py
[2024-12-22T23:03:15.575+0000] {logging_mixin.py:188} INFO - [2024-12-22T23:03:15.575+0000] {dag.py:3036} INFO - Sync 1 DAGs
[2024-12-22T23:03:15.617+0000] {logging_mixin.py:188} INFO - [2024-12-22T23:03:15.617+0000] {dag.py:3823} INFO - Setting next_dagrun for example_branch_labels to 2024-12-21 00:00:00+00:00, run_after=2024-12-22 00:00:00+00:00
[2024-12-22T23:03:15.655+0000] {processor.py:183} INFO - Processing /home/airflow/.local/lib/python3.11/site-packages/airflow/example_dags/example_branch_labels.py took 0.129 seconds
[2024-12-22T23:03:46.283+0000] {processor.py:161} INFO - Started process (PID=2107) to work on /home/airflow/.local/lib/python3.11/site-packages/airflow/example_dags/example_branch_labels.py
[2024-12-22T23:03:46.284+0000] {processor.py:830} INFO - Processing file /home/airflow/.local/lib/python3.11/site-packages/airflow/example_dags/example_branch_labels.py for tasks to queue
[2024-12-22T23:03:46.288+0000] {logging_mixin.py:188} INFO - [2024-12-22T23:03:46.287+0000] {dagbag.py:538} INFO - Filling up the DagBag from /home/airflow/.local/lib/python3.11/site-packages/airflow/example_dags/example_branch_labels.py
[2024-12-22T23:03:46.298+0000] {processor.py:840} INFO - DAG(s) 'example_branch_labels' retrieved from /home/airflow/.local/lib/python3.11/site-packages/airflow/example_dags/example_branch_labels.py
[2024-12-22T23:03:46.328+0000] {logging_mixin.py:188} INFO - [2024-12-22T23:03:46.328+0000] {dag.py:3036} INFO - Sync 1 DAGs
[2024-12-22T23:03:46.362+0000] {logging_mixin.py:188} INFO - [2024-12-22T23:03:46.362+0000] {dag.py:3823} INFO - Setting next_dagrun for example_branch_labels to 2024-12-21 00:00:00+00:00, run_after=2024-12-22 00:00:00+00:00
[2024-12-22T23:03:46.391+0000] {processor.py:183} INFO - Processing /home/airflow/.local/lib/python3.11/site-packages/airflow/example_dags/example_branch_labels.py took 0.112 seconds
[2024-12-22T23:04:16.812+0000] {processor.py:161} INFO - Started process (PID=2170) to work on /home/airflow/.local/lib/python3.11/site-packages/airflow/example_dags/example_branch_labels.py
[2024-12-22T23:04:16.813+0000] {processor.py:830} INFO - Processing file /home/airflow/.local/lib/python3.11/site-packages/airflow/example_dags/example_branch_labels.py for tasks to queue
[2024-12-22T23:04:16.816+0000] {logging_mixin.py:188} INFO - [2024-12-22T23:04:16.816+0000] {dagbag.py:538} INFO - Filling up the DagBag from /home/airflow/.local/lib/python3.11/site-packages/airflow/example_dags/example_branch_labels.py
[2024-12-22T23:04:16.827+0000] {processor.py:840} INFO - DAG(s) 'example_branch_labels' retrieved from /home/airflow/.local/lib/python3.11/site-packages/airflow/example_dags/example_branch_labels.py
[2024-12-22T23:04:16.856+0000] {logging_mixin.py:188} INFO - [2024-12-22T23:04:16.855+0000] {dag.py:3036} INFO - Sync 1 DAGs
[2024-12-22T23:04:16.887+0000] {logging_mixin.py:188} INFO - [2024-12-22T23:04:16.887+0000] {dag.py:3823} INFO - Setting next_dagrun for example_branch_labels to 2024-12-21 00:00:00+00:00, run_after=2024-12-22 00:00:00+00:00
[2024-12-22T23:04:16.916+0000] {processor.py:183} INFO - Processing /home/airflow/.local/lib/python3.11/site-packages/airflow/example_dags/example_branch_labels.py took 0.109 seconds
[2024-12-22T23:04:47.456+0000] {processor.py:161} INFO - Started process (PID=2242) to work on /home/airflow/.local/lib/python3.11/site-packages/airflow/example_dags/example_branch_labels.py
[2024-12-22T23:04:47.458+0000] {processor.py:830} INFO - Processing file /home/airflow/.local/lib/python3.11/site-packages/airflow/example_dags/example_branch_labels.py for tasks to queue
[2024-12-22T23:04:47.461+0000] {logging_mixin.py:188} INFO - [2024-12-22T23:04:47.461+0000] {dagbag.py:538} INFO - Filling up the DagBag from /home/airflow/.local/lib/python3.11/site-packages/airflow/example_dags/example_branch_labels.py
[2024-12-22T23:04:47.473+0000] {processor.py:840} INFO - DAG(s) 'example_branch_labels' retrieved from /home/airflow/.local/lib/python3.11/site-packages/airflow/example_dags/example_branch_labels.py
[2024-12-22T23:04:47.505+0000] {logging_mixin.py:188} INFO - [2024-12-22T23:04:47.504+0000] {dag.py:3036} INFO - Sync 1 DAGs
[2024-12-22T23:04:47.539+0000] {logging_mixin.py:188} INFO - [2024-12-22T23:04:47.539+0000] {dag.py:3823} INFO - Setting next_dagrun for example_branch_labels to 2024-12-21 00:00:00+00:00, run_after=2024-12-22 00:00:00+00:00
[2024-12-22T23:04:47.574+0000] {processor.py:183} INFO - Processing /home/airflow/.local/lib/python3.11/site-packages/airflow/example_dags/example_branch_labels.py took 0.122 seconds
[2024-12-22T23:05:17.712+0000] {processor.py:161} INFO - Started process (PID=2321) to work on /home/airflow/.local/lib/python3.11/site-packages/airflow/example_dags/example_branch_labels.py
[2024-12-22T23:05:17.714+0000] {processor.py:830} INFO - Processing file /home/airflow/.local/lib/python3.11/site-packages/airflow/example_dags/example_branch_labels.py for tasks to queue
[2024-12-22T23:05:17.716+0000] {logging_mixin.py:188} INFO - [2024-12-22T23:05:17.716+0000] {dagbag.py:538} INFO - Filling up the DagBag from /home/airflow/.local/lib/python3.11/site-packages/airflow/example_dags/example_branch_labels.py
[2024-12-22T23:05:17.727+0000] {processor.py:840} INFO - DAG(s) 'example_branch_labels' retrieved from /home/airflow/.local/lib/python3.11/site-packages/airflow/example_dags/example_branch_labels.py
[2024-12-22T23:05:17.760+0000] {logging_mixin.py:188} INFO - [2024-12-22T23:05:17.759+0000] {dag.py:3036} INFO - Sync 1 DAGs
[2024-12-22T23:05:17.792+0000] {logging_mixin.py:188} INFO - [2024-12-22T23:05:17.791+0000] {dag.py:3823} INFO - Setting next_dagrun for example_branch_labels to 2024-12-21 00:00:00+00:00, run_after=2024-12-22 00:00:00+00:00
[2024-12-22T23:05:17.823+0000] {processor.py:183} INFO - Processing /home/airflow/.local/lib/python3.11/site-packages/airflow/example_dags/example_branch_labels.py took 0.117 seconds
[2024-12-22T23:05:48.078+0000] {processor.py:161} INFO - Started process (PID=2393) to work on /home/airflow/.local/lib/python3.11/site-packages/airflow/example_dags/example_branch_labels.py
[2024-12-22T23:05:48.080+0000] {processor.py:830} INFO - Processing file /home/airflow/.local/lib/python3.11/site-packages/airflow/example_dags/example_branch_labels.py for tasks to queue
[2024-12-22T23:05:48.084+0000] {logging_mixin.py:188} INFO - [2024-12-22T23:05:48.083+0000] {dagbag.py:538} INFO - Filling up the DagBag from /home/airflow/.local/lib/python3.11/site-packages/airflow/example_dags/example_branch_labels.py
[2024-12-22T23:05:48.098+0000] {processor.py:840} INFO - DAG(s) 'example_branch_labels' retrieved from /home/airflow/.local/lib/python3.11/site-packages/airflow/example_dags/example_branch_labels.py
[2024-12-22T23:05:48.136+0000] {logging_mixin.py:188} INFO - [2024-12-22T23:05:48.135+0000] {dag.py:3036} INFO - Sync 1 DAGs
[2024-12-22T23:05:48.174+0000] {logging_mixin.py:188} INFO - [2024-12-22T23:05:48.174+0000] {dag.py:3823} INFO - Setting next_dagrun for example_branch_labels to 2024-12-21 00:00:00+00:00, run_after=2024-12-22 00:00:00+00:00
[2024-12-22T23:05:48.208+0000] {processor.py:183} INFO - Processing /home/airflow/.local/lib/python3.11/site-packages/airflow/example_dags/example_branch_labels.py took 0.136 seconds
[2024-12-22T23:06:18.467+0000] {processor.py:161} INFO - Started process (PID=2465) to work on /home/airflow/.local/lib/python3.11/site-packages/airflow/example_dags/example_branch_labels.py
[2024-12-22T23:06:18.469+0000] {processor.py:830} INFO - Processing file /home/airflow/.local/lib/python3.11/site-packages/airflow/example_dags/example_branch_labels.py for tasks to queue
[2024-12-22T23:06:18.472+0000] {logging_mixin.py:188} INFO - [2024-12-22T23:06:18.471+0000] {dagbag.py:538} INFO - Filling up the DagBag from /home/airflow/.local/lib/python3.11/site-packages/airflow/example_dags/example_branch_labels.py
[2024-12-22T23:06:18.482+0000] {processor.py:840} INFO - DAG(s) 'example_branch_labels' retrieved from /home/airflow/.local/lib/python3.11/site-packages/airflow/example_dags/example_branch_labels.py
[2024-12-22T23:06:18.511+0000] {logging_mixin.py:188} INFO - [2024-12-22T23:06:18.511+0000] {dag.py:3036} INFO - Sync 1 DAGs
[2024-12-22T23:06:18.542+0000] {logging_mixin.py:188} INFO - [2024-12-22T23:06:18.541+0000] {dag.py:3823} INFO - Setting next_dagrun for example_branch_labels to 2024-12-21 00:00:00+00:00, run_after=2024-12-22 00:00:00+00:00
[2024-12-22T23:06:18.565+0000] {processor.py:183} INFO - Processing /home/airflow/.local/lib/python3.11/site-packages/airflow/example_dags/example_branch_labels.py took 0.101 seconds
[2024-12-22T23:06:48.922+0000] {processor.py:161} INFO - Started process (PID=2538) to work on /home/airflow/.local/lib/python3.11/site-packages/airflow/example_dags/example_branch_labels.py
[2024-12-22T23:06:48.924+0000] {processor.py:830} INFO - Processing file /home/airflow/.local/lib/python3.11/site-packages/airflow/example_dags/example_branch_labels.py for tasks to queue
[2024-12-22T23:06:48.926+0000] {logging_mixin.py:188} INFO - [2024-12-22T23:06:48.926+0000] {dagbag.py:538} INFO - Filling up the DagBag from /home/airflow/.local/lib/python3.11/site-packages/airflow/example_dags/example_branch_labels.py
[2024-12-22T23:06:48.936+0000] {processor.py:840} INFO - DAG(s) 'example_branch_labels' retrieved from /home/airflow/.local/lib/python3.11/site-packages/airflow/example_dags/example_branch_labels.py
[2024-12-22T23:06:48.962+0000] {logging_mixin.py:188} INFO - [2024-12-22T23:06:48.962+0000] {dag.py:3036} INFO - Sync 1 DAGs
[2024-12-22T23:06:48.988+0000] {logging_mixin.py:188} INFO - [2024-12-22T23:06:48.988+0000] {dag.py:3823} INFO - Setting next_dagrun for example_branch_labels to 2024-12-21 00:00:00+00:00, run_after=2024-12-22 00:00:00+00:00
[2024-12-22T23:06:49.019+0000] {processor.py:183} INFO - Processing /home/airflow/.local/lib/python3.11/site-packages/airflow/example_dags/example_branch_labels.py took 0.102 seconds
[2024-12-22T23:07:19.371+0000] {processor.py:161} INFO - Started process (PID=2617) to work on /home/airflow/.local/lib/python3.11/site-packages/airflow/example_dags/example_branch_labels.py
[2024-12-22T23:07:19.373+0000] {processor.py:830} INFO - Processing file /home/airflow/.local/lib/python3.11/site-packages/airflow/example_dags/example_branch_labels.py for tasks to queue
[2024-12-22T23:07:19.376+0000] {logging_mixin.py:188} INFO - [2024-12-22T23:07:19.376+0000] {dagbag.py:538} INFO - Filling up the DagBag from /home/airflow/.local/lib/python3.11/site-packages/airflow/example_dags/example_branch_labels.py
[2024-12-22T23:07:19.388+0000] {processor.py:840} INFO - DAG(s) 'example_branch_labels' retrieved from /home/airflow/.local/lib/python3.11/site-packages/airflow/example_dags/example_branch_labels.py
[2024-12-22T23:07:19.419+0000] {logging_mixin.py:188} INFO - [2024-12-22T23:07:19.418+0000] {dag.py:3036} INFO - Sync 1 DAGs
[2024-12-22T23:07:19.449+0000] {logging_mixin.py:188} INFO - [2024-12-22T23:07:19.449+0000] {dag.py:3823} INFO - Setting next_dagrun for example_branch_labels to 2024-12-21 00:00:00+00:00, run_after=2024-12-22 00:00:00+00:00
[2024-12-22T23:07:19.477+0000] {processor.py:183} INFO - Processing /home/airflow/.local/lib/python3.11/site-packages/airflow/example_dags/example_branch_labels.py took 0.110 seconds
[2024-12-22T23:07:50.239+0000] {processor.py:161} INFO - Started process (PID=2689) to work on /home/airflow/.local/lib/python3.11/site-packages/airflow/example_dags/example_branch_labels.py
[2024-12-22T23:07:50.240+0000] {processor.py:830} INFO - Processing file /home/airflow/.local/lib/python3.11/site-packages/airflow/example_dags/example_branch_labels.py for tasks to queue
[2024-12-22T23:07:50.243+0000] {logging_mixin.py:188} INFO - [2024-12-22T23:07:50.242+0000] {dagbag.py:538} INFO - Filling up the DagBag from /home/airflow/.local/lib/python3.11/site-packages/airflow/example_dags/example_branch_labels.py
[2024-12-22T23:07:50.252+0000] {processor.py:840} INFO - DAG(s) 'example_branch_labels' retrieved from /home/airflow/.local/lib/python3.11/site-packages/airflow/example_dags/example_branch_labels.py
[2024-12-22T23:07:50.277+0000] {logging_mixin.py:188} INFO - [2024-12-22T23:07:50.277+0000] {dag.py:3036} INFO - Sync 1 DAGs
[2024-12-22T23:07:50.303+0000] {logging_mixin.py:188} INFO - [2024-12-22T23:07:50.303+0000] {dag.py:3823} INFO - Setting next_dagrun for example_branch_labels to 2024-12-21 00:00:00+00:00, run_after=2024-12-22 00:00:00+00:00
[2024-12-22T23:07:50.324+0000] {processor.py:183} INFO - Processing /home/airflow/.local/lib/python3.11/site-packages/airflow/example_dags/example_branch_labels.py took 0.089 seconds
