[2024-12-22T22:50:07.789+0000] {processor.py:161} INFO - Started process (PID=159) to work on /home/airflow/.local/lib/python3.11/site-packages/airflow/example_dags/example_branch_day_of_week_operator.py
[2024-12-22T22:50:07.790+0000] {processor.py:830} INFO - Processing file /home/airflow/.local/lib/python3.11/site-packages/airflow/example_dags/example_branch_day_of_week_operator.py for tasks to queue
[2024-12-22T22:50:07.794+0000] {logging_mixin.py:188} INFO - [2024-12-22T22:50:07.793+0000] {dagbag.py:538} INFO - Filling up the DagBag from /home/airflow/.local/lib/python3.11/site-packages/airflow/example_dags/example_branch_day_of_week_operator.py
[2024-12-22T22:50:07.807+0000] {processor.py:840} INFO - DAG(s) 'example_weekday_branch_operator' retrieved from /home/airflow/.local/lib/python3.11/site-packages/airflow/example_dags/example_branch_day_of_week_operator.py
[2024-12-22T22:50:07.998+0000] {logging_mixin.py:188} INFO - [2024-12-22T22:50:07.997+0000] {override.py:1769} INFO - Created Permission View: can edit on DAG:example_weekday_branch_operator
[2024-12-22T22:50:08.014+0000] {logging_mixin.py:188} INFO - [2024-12-22T22:50:08.014+0000] {override.py:1769} INFO - Created Permission View: can delete on DAG:example_weekday_branch_operator
[2024-12-22T22:50:08.027+0000] {logging_mixin.py:188} INFO - [2024-12-22T22:50:08.027+0000] {override.py:1769} INFO - Created Permission View: can read on DAG:example_weekday_branch_operator
[2024-12-22T22:50:08.028+0000] {logging_mixin.py:188} INFO - [2024-12-22T22:50:08.028+0000] {dag.py:3036} INFO - Sync 1 DAGs
[2024-12-22T22:50:08.045+0000] {logging_mixin.py:188} INFO - [2024-12-22T22:50:08.044+0000] {dag.py:3058} INFO - Creating ORM DAG for example_weekday_branch_operator
[2024-12-22T22:50:08.065+0000] {logging_mixin.py:188} INFO - [2024-12-22T22:50:08.064+0000] {dag.py:3823} INFO - Setting next_dagrun for example_weekday_branch_operator to 2024-12-21 00:00:00+00:00, run_after=2024-12-22 00:00:00+00:00
[2024-12-22T22:50:08.095+0000] {processor.py:183} INFO - Processing /home/airflow/.local/lib/python3.11/site-packages/airflow/example_dags/example_branch_day_of_week_operator.py took 0.313 seconds
[2024-12-22T22:50:38.480+0000] {processor.py:161} INFO - Started process (PID=231) to work on /home/airflow/.local/lib/python3.11/site-packages/airflow/example_dags/example_branch_day_of_week_operator.py
[2024-12-22T22:50:38.481+0000] {processor.py:830} INFO - Processing file /home/airflow/.local/lib/python3.11/site-packages/airflow/example_dags/example_branch_day_of_week_operator.py for tasks to queue
[2024-12-22T22:50:38.483+0000] {logging_mixin.py:188} INFO - [2024-12-22T22:50:38.483+0000] {dagbag.py:538} INFO - Filling up the DagBag from /home/airflow/.local/lib/python3.11/site-packages/airflow/example_dags/example_branch_day_of_week_operator.py
[2024-12-22T22:50:38.492+0000] {processor.py:840} INFO - DAG(s) 'example_weekday_branch_operator' retrieved from /home/airflow/.local/lib/python3.11/site-packages/airflow/example_dags/example_branch_day_of_week_operator.py
[2024-12-22T22:50:38.516+0000] {logging_mixin.py:188} INFO - [2024-12-22T22:50:38.516+0000] {dag.py:3036} INFO - Sync 1 DAGs
[2024-12-22T22:50:38.541+0000] {logging_mixin.py:188} INFO - [2024-12-22T22:50:38.541+0000] {dag.py:3823} INFO - Setting next_dagrun for example_weekday_branch_operator to 2024-12-21 00:00:00+00:00, run_after=2024-12-22 00:00:00+00:00
[2024-12-22T22:50:38.564+0000] {processor.py:183} INFO - Processing /home/airflow/.local/lib/python3.11/site-packages/airflow/example_dags/example_branch_day_of_week_operator.py took 0.088 seconds
[2024-12-22T22:51:08.644+0000] {processor.py:161} INFO - Started process (PID=301) to work on /home/airflow/.local/lib/python3.11/site-packages/airflow/example_dags/example_branch_day_of_week_operator.py
[2024-12-22T22:51:08.646+0000] {processor.py:830} INFO - Processing file /home/airflow/.local/lib/python3.11/site-packages/airflow/example_dags/example_branch_day_of_week_operator.py for tasks to queue
[2024-12-22T22:51:08.648+0000] {logging_mixin.py:188} INFO - [2024-12-22T22:51:08.648+0000] {dagbag.py:538} INFO - Filling up the DagBag from /home/airflow/.local/lib/python3.11/site-packages/airflow/example_dags/example_branch_day_of_week_operator.py
[2024-12-22T22:51:08.662+0000] {processor.py:840} INFO - DAG(s) 'example_weekday_branch_operator' retrieved from /home/airflow/.local/lib/python3.11/site-packages/airflow/example_dags/example_branch_day_of_week_operator.py
[2024-12-22T22:51:08.694+0000] {logging_mixin.py:188} INFO - [2024-12-22T22:51:08.693+0000] {dag.py:3036} INFO - Sync 1 DAGs
[2024-12-22T22:51:08.728+0000] {logging_mixin.py:188} INFO - [2024-12-22T22:51:08.728+0000] {dag.py:3823} INFO - Setting next_dagrun for example_weekday_branch_operator to 2024-12-21 00:00:00+00:00, run_after=2024-12-22 00:00:00+00:00
[2024-12-22T22:51:08.763+0000] {processor.py:183} INFO - Processing /home/airflow/.local/lib/python3.11/site-packages/airflow/example_dags/example_branch_day_of_week_operator.py took 0.124 seconds
[2024-12-22T22:51:38.999+0000] {processor.py:161} INFO - Started process (PID=373) to work on /home/airflow/.local/lib/python3.11/site-packages/airflow/example_dags/example_branch_day_of_week_operator.py
[2024-12-22T22:51:39.000+0000] {processor.py:830} INFO - Processing file /home/airflow/.local/lib/python3.11/site-packages/airflow/example_dags/example_branch_day_of_week_operator.py for tasks to queue
[2024-12-22T22:51:39.004+0000] {logging_mixin.py:188} INFO - [2024-12-22T22:51:39.003+0000] {dagbag.py:538} INFO - Filling up the DagBag from /home/airflow/.local/lib/python3.11/site-packages/airflow/example_dags/example_branch_day_of_week_operator.py
[2024-12-22T22:51:39.015+0000] {processor.py:840} INFO - DAG(s) 'example_weekday_branch_operator' retrieved from /home/airflow/.local/lib/python3.11/site-packages/airflow/example_dags/example_branch_day_of_week_operator.py
[2024-12-22T22:51:39.054+0000] {logging_mixin.py:188} INFO - [2024-12-22T22:51:39.054+0000] {dag.py:3036} INFO - Sync 1 DAGs
[2024-12-22T22:51:39.089+0000] {logging_mixin.py:188} INFO - [2024-12-22T22:51:39.089+0000] {dag.py:3823} INFO - Setting next_dagrun for example_weekday_branch_operator to 2024-12-21 00:00:00+00:00, run_after=2024-12-22 00:00:00+00:00
[2024-12-22T22:51:39.114+0000] {processor.py:183} INFO - Processing /home/airflow/.local/lib/python3.11/site-packages/airflow/example_dags/example_branch_day_of_week_operator.py took 0.120 seconds
[2024-12-22T22:52:09.826+0000] {processor.py:161} INFO - Started process (PID=445) to work on /home/airflow/.local/lib/python3.11/site-packages/airflow/example_dags/example_branch_day_of_week_operator.py
[2024-12-22T22:52:09.828+0000] {processor.py:830} INFO - Processing file /home/airflow/.local/lib/python3.11/site-packages/airflow/example_dags/example_branch_day_of_week_operator.py for tasks to queue
[2024-12-22T22:52:09.831+0000] {logging_mixin.py:188} INFO - [2024-12-22T22:52:09.831+0000] {dagbag.py:538} INFO - Filling up the DagBag from /home/airflow/.local/lib/python3.11/site-packages/airflow/example_dags/example_branch_day_of_week_operator.py
[2024-12-22T22:52:09.842+0000] {processor.py:840} INFO - DAG(s) 'example_weekday_branch_operator' retrieved from /home/airflow/.local/lib/python3.11/site-packages/airflow/example_dags/example_branch_day_of_week_operator.py
[2024-12-22T22:52:09.870+0000] {logging_mixin.py:188} INFO - [2024-12-22T22:52:09.870+0000] {dag.py:3036} INFO - Sync 1 DAGs
[2024-12-22T22:52:09.898+0000] {logging_mixin.py:188} INFO - [2024-12-22T22:52:09.897+0000] {dag.py:3823} INFO - Setting next_dagrun for example_weekday_branch_operator to 2024-12-21 00:00:00+00:00, run_after=2024-12-22 00:00:00+00:00
[2024-12-22T22:52:09.925+0000] {processor.py:183} INFO - Processing /home/airflow/.local/lib/python3.11/site-packages/airflow/example_dags/example_branch_day_of_week_operator.py took 0.103 seconds
[2024-12-22T22:52:40.903+0000] {processor.py:161} INFO - Started process (PID=517) to work on /home/airflow/.local/lib/python3.11/site-packages/airflow/example_dags/example_branch_day_of_week_operator.py
[2024-12-22T22:52:40.904+0000] {processor.py:830} INFO - Processing file /home/airflow/.local/lib/python3.11/site-packages/airflow/example_dags/example_branch_day_of_week_operator.py for tasks to queue
[2024-12-22T22:52:40.907+0000] {logging_mixin.py:188} INFO - [2024-12-22T22:52:40.907+0000] {dagbag.py:538} INFO - Filling up the DagBag from /home/airflow/.local/lib/python3.11/site-packages/airflow/example_dags/example_branch_day_of_week_operator.py
[2024-12-22T22:52:40.918+0000] {processor.py:840} INFO - DAG(s) 'example_weekday_branch_operator' retrieved from /home/airflow/.local/lib/python3.11/site-packages/airflow/example_dags/example_branch_day_of_week_operator.py
[2024-12-22T22:52:40.945+0000] {logging_mixin.py:188} INFO - [2024-12-22T22:52:40.944+0000] {dag.py:3036} INFO - Sync 1 DAGs
[2024-12-22T22:52:40.980+0000] {logging_mixin.py:188} INFO - [2024-12-22T22:52:40.980+0000] {dag.py:3823} INFO - Setting next_dagrun for example_weekday_branch_operator to 2024-12-21 00:00:00+00:00, run_after=2024-12-22 00:00:00+00:00
[2024-12-22T22:52:41.020+0000] {processor.py:183} INFO - Processing /home/airflow/.local/lib/python3.11/site-packages/airflow/example_dags/example_branch_day_of_week_operator.py took 0.122 seconds
[2024-12-22T22:53:11.467+0000] {processor.py:161} INFO - Started process (PID=595) to work on /home/airflow/.local/lib/python3.11/site-packages/airflow/example_dags/example_branch_day_of_week_operator.py
[2024-12-22T22:53:11.469+0000] {processor.py:830} INFO - Processing file /home/airflow/.local/lib/python3.11/site-packages/airflow/example_dags/example_branch_day_of_week_operator.py for tasks to queue
[2024-12-22T22:53:11.474+0000] {logging_mixin.py:188} INFO - [2024-12-22T22:53:11.473+0000] {dagbag.py:538} INFO - Filling up the DagBag from /home/airflow/.local/lib/python3.11/site-packages/airflow/example_dags/example_branch_day_of_week_operator.py
[2024-12-22T22:53:11.493+0000] {processor.py:840} INFO - DAG(s) 'example_weekday_branch_operator' retrieved from /home/airflow/.local/lib/python3.11/site-packages/airflow/example_dags/example_branch_day_of_week_operator.py
[2024-12-22T22:53:11.562+0000] {logging_mixin.py:188} INFO - [2024-12-22T22:53:11.561+0000] {dag.py:3036} INFO - Sync 1 DAGs
[2024-12-22T22:53:11.616+0000] {logging_mixin.py:188} INFO - [2024-12-22T22:53:11.616+0000] {dag.py:3823} INFO - Setting next_dagrun for example_weekday_branch_operator to 2024-12-21 00:00:00+00:00, run_after=2024-12-22 00:00:00+00:00
[2024-12-22T22:53:11.659+0000] {processor.py:183} INFO - Processing /home/airflow/.local/lib/python3.11/site-packages/airflow/example_dags/example_branch_day_of_week_operator.py took 0.198 seconds
[2024-12-22T22:53:41.993+0000] {processor.py:161} INFO - Started process (PID=667) to work on /home/airflow/.local/lib/python3.11/site-packages/airflow/example_dags/example_branch_day_of_week_operator.py
[2024-12-22T22:53:41.995+0000] {processor.py:830} INFO - Processing file /home/airflow/.local/lib/python3.11/site-packages/airflow/example_dags/example_branch_day_of_week_operator.py for tasks to queue
[2024-12-22T22:53:42.001+0000] {logging_mixin.py:188} INFO - [2024-12-22T22:53:41.999+0000] {dagbag.py:538} INFO - Filling up the DagBag from /home/airflow/.local/lib/python3.11/site-packages/airflow/example_dags/example_branch_day_of_week_operator.py
[2024-12-22T22:53:42.015+0000] {processor.py:840} INFO - DAG(s) 'example_weekday_branch_operator' retrieved from /home/airflow/.local/lib/python3.11/site-packages/airflow/example_dags/example_branch_day_of_week_operator.py
[2024-12-22T22:53:42.053+0000] {logging_mixin.py:188} INFO - [2024-12-22T22:53:42.053+0000] {dag.py:3036} INFO - Sync 1 DAGs
[2024-12-22T22:53:42.089+0000] {logging_mixin.py:188} INFO - [2024-12-22T22:53:42.089+0000] {dag.py:3823} INFO - Setting next_dagrun for example_weekday_branch_operator to 2024-12-21 00:00:00+00:00, run_after=2024-12-22 00:00:00+00:00
[2024-12-22T22:53:42.119+0000] {processor.py:183} INFO - Processing /home/airflow/.local/lib/python3.11/site-packages/airflow/example_dags/example_branch_day_of_week_operator.py took 0.132 seconds
[2024-12-22T22:54:12.189+0000] {processor.py:161} INFO - Started process (PID=740) to work on /home/airflow/.local/lib/python3.11/site-packages/airflow/example_dags/example_branch_day_of_week_operator.py
[2024-12-22T22:54:12.190+0000] {processor.py:830} INFO - Processing file /home/airflow/.local/lib/python3.11/site-packages/airflow/example_dags/example_branch_day_of_week_operator.py for tasks to queue
[2024-12-22T22:54:12.194+0000] {logging_mixin.py:188} INFO - [2024-12-22T22:54:12.193+0000] {dagbag.py:538} INFO - Filling up the DagBag from /home/airflow/.local/lib/python3.11/site-packages/airflow/example_dags/example_branch_day_of_week_operator.py
[2024-12-22T22:54:12.205+0000] {processor.py:840} INFO - DAG(s) 'example_weekday_branch_operator' retrieved from /home/airflow/.local/lib/python3.11/site-packages/airflow/example_dags/example_branch_day_of_week_operator.py
[2024-12-22T22:54:12.239+0000] {logging_mixin.py:188} INFO - [2024-12-22T22:54:12.238+0000] {dag.py:3036} INFO - Sync 1 DAGs
[2024-12-22T22:54:12.277+0000] {logging_mixin.py:188} INFO - [2024-12-22T22:54:12.276+0000] {dag.py:3823} INFO - Setting next_dagrun for example_weekday_branch_operator to 2024-12-21 00:00:00+00:00, run_after=2024-12-22 00:00:00+00:00
[2024-12-22T22:54:12.311+0000] {processor.py:183} INFO - Processing /home/airflow/.local/lib/python3.11/site-packages/airflow/example_dags/example_branch_day_of_week_operator.py took 0.128 seconds
[2024-12-22T22:54:42.854+0000] {processor.py:161} INFO - Started process (PID=812) to work on /home/airflow/.local/lib/python3.11/site-packages/airflow/example_dags/example_branch_day_of_week_operator.py
[2024-12-22T22:54:42.856+0000] {processor.py:830} INFO - Processing file /home/airflow/.local/lib/python3.11/site-packages/airflow/example_dags/example_branch_day_of_week_operator.py for tasks to queue
[2024-12-22T22:54:42.860+0000] {logging_mixin.py:188} INFO - [2024-12-22T22:54:42.859+0000] {dagbag.py:538} INFO - Filling up the DagBag from /home/airflow/.local/lib/python3.11/site-packages/airflow/example_dags/example_branch_day_of_week_operator.py
[2024-12-22T22:54:42.881+0000] {processor.py:840} INFO - DAG(s) 'example_weekday_branch_operator' retrieved from /home/airflow/.local/lib/python3.11/site-packages/airflow/example_dags/example_branch_day_of_week_operator.py
[2024-12-22T22:54:42.927+0000] {logging_mixin.py:188} INFO - [2024-12-22T22:54:42.927+0000] {dag.py:3036} INFO - Sync 1 DAGs
[2024-12-22T22:54:42.955+0000] {logging_mixin.py:188} INFO - [2024-12-22T22:54:42.955+0000] {dag.py:3823} INFO - Setting next_dagrun for example_weekday_branch_operator to 2024-12-21 00:00:00+00:00, run_after=2024-12-22 00:00:00+00:00
[2024-12-22T22:54:42.986+0000] {processor.py:183} INFO - Processing /home/airflow/.local/lib/python3.11/site-packages/airflow/example_dags/example_branch_day_of_week_operator.py took 0.138 seconds
[2024-12-22T22:55:13.645+0000] {processor.py:161} INFO - Started process (PID=891) to work on /home/airflow/.local/lib/python3.11/site-packages/airflow/example_dags/example_branch_day_of_week_operator.py
[2024-12-22T22:55:13.646+0000] {processor.py:830} INFO - Processing file /home/airflow/.local/lib/python3.11/site-packages/airflow/example_dags/example_branch_day_of_week_operator.py for tasks to queue
[2024-12-22T22:55:13.649+0000] {logging_mixin.py:188} INFO - [2024-12-22T22:55:13.648+0000] {dagbag.py:538} INFO - Filling up the DagBag from /home/airflow/.local/lib/python3.11/site-packages/airflow/example_dags/example_branch_day_of_week_operator.py
[2024-12-22T22:55:13.659+0000] {processor.py:840} INFO - DAG(s) 'example_weekday_branch_operator' retrieved from /home/airflow/.local/lib/python3.11/site-packages/airflow/example_dags/example_branch_day_of_week_operator.py
[2024-12-22T22:55:13.692+0000] {logging_mixin.py:188} INFO - [2024-12-22T22:55:13.692+0000] {dag.py:3036} INFO - Sync 1 DAGs
[2024-12-22T22:55:13.727+0000] {logging_mixin.py:188} INFO - [2024-12-22T22:55:13.727+0000] {dag.py:3823} INFO - Setting next_dagrun for example_weekday_branch_operator to 2024-12-21 00:00:00+00:00, run_after=2024-12-22 00:00:00+00:00
[2024-12-22T22:55:13.763+0000] {processor.py:183} INFO - Processing /home/airflow/.local/lib/python3.11/site-packages/airflow/example_dags/example_branch_day_of_week_operator.py took 0.122 seconds
[2024-12-22T22:55:43.830+0000] {processor.py:161} INFO - Started process (PID=954) to work on /home/airflow/.local/lib/python3.11/site-packages/airflow/example_dags/example_branch_day_of_week_operator.py
[2024-12-22T22:55:43.831+0000] {processor.py:830} INFO - Processing file /home/airflow/.local/lib/python3.11/site-packages/airflow/example_dags/example_branch_day_of_week_operator.py for tasks to queue
[2024-12-22T22:55:43.834+0000] {logging_mixin.py:188} INFO - [2024-12-22T22:55:43.834+0000] {dagbag.py:538} INFO - Filling up the DagBag from /home/airflow/.local/lib/python3.11/site-packages/airflow/example_dags/example_branch_day_of_week_operator.py
[2024-12-22T22:55:43.849+0000] {processor.py:840} INFO - DAG(s) 'example_weekday_branch_operator' retrieved from /home/airflow/.local/lib/python3.11/site-packages/airflow/example_dags/example_branch_day_of_week_operator.py
[2024-12-22T22:55:43.880+0000] {logging_mixin.py:188} INFO - [2024-12-22T22:55:43.880+0000] {dag.py:3036} INFO - Sync 1 DAGs
[2024-12-22T22:55:43.926+0000] {logging_mixin.py:188} INFO - [2024-12-22T22:55:43.925+0000] {dag.py:3823} INFO - Setting next_dagrun for example_weekday_branch_operator to 2024-12-21 00:00:00+00:00, run_after=2024-12-22 00:00:00+00:00
[2024-12-22T22:55:43.944+0000] {processor.py:183} INFO - Processing /home/airflow/.local/lib/python3.11/site-packages/airflow/example_dags/example_branch_day_of_week_operator.py took 0.119 seconds
[2024-12-22T22:56:13.980+0000] {processor.py:161} INFO - Started process (PID=1026) to work on /home/airflow/.local/lib/python3.11/site-packages/airflow/example_dags/example_branch_day_of_week_operator.py
[2024-12-22T22:56:13.981+0000] {processor.py:830} INFO - Processing file /home/airflow/.local/lib/python3.11/site-packages/airflow/example_dags/example_branch_day_of_week_operator.py for tasks to queue
[2024-12-22T22:56:13.984+0000] {logging_mixin.py:188} INFO - [2024-12-22T22:56:13.984+0000] {dagbag.py:538} INFO - Filling up the DagBag from /home/airflow/.local/lib/python3.11/site-packages/airflow/example_dags/example_branch_day_of_week_operator.py
[2024-12-22T22:56:13.995+0000] {processor.py:840} INFO - DAG(s) 'example_weekday_branch_operator' retrieved from /home/airflow/.local/lib/python3.11/site-packages/airflow/example_dags/example_branch_day_of_week_operator.py
[2024-12-22T22:56:14.039+0000] {logging_mixin.py:188} INFO - [2024-12-22T22:56:14.039+0000] {dag.py:3036} INFO - Sync 1 DAGs
[2024-12-22T22:56:14.076+0000] {logging_mixin.py:188} INFO - [2024-12-22T22:56:14.076+0000] {dag.py:3823} INFO - Setting next_dagrun for example_weekday_branch_operator to 2024-12-21 00:00:00+00:00, run_after=2024-12-22 00:00:00+00:00
[2024-12-22T22:56:14.102+0000] {processor.py:183} INFO - Processing /home/airflow/.local/lib/python3.11/site-packages/airflow/example_dags/example_branch_day_of_week_operator.py took 0.126 seconds
[2024-12-22T22:56:45.023+0000] {processor.py:161} INFO - Started process (PID=1098) to work on /home/airflow/.local/lib/python3.11/site-packages/airflow/example_dags/example_branch_day_of_week_operator.py
[2024-12-22T22:56:45.025+0000] {processor.py:830} INFO - Processing file /home/airflow/.local/lib/python3.11/site-packages/airflow/example_dags/example_branch_day_of_week_operator.py for tasks to queue
[2024-12-22T22:56:45.028+0000] {logging_mixin.py:188} INFO - [2024-12-22T22:56:45.028+0000] {dagbag.py:538} INFO - Filling up the DagBag from /home/airflow/.local/lib/python3.11/site-packages/airflow/example_dags/example_branch_day_of_week_operator.py
[2024-12-22T22:56:45.042+0000] {processor.py:840} INFO - DAG(s) 'example_weekday_branch_operator' retrieved from /home/airflow/.local/lib/python3.11/site-packages/airflow/example_dags/example_branch_day_of_week_operator.py
[2024-12-22T22:56:45.079+0000] {logging_mixin.py:188} INFO - [2024-12-22T22:56:45.079+0000] {dag.py:3036} INFO - Sync 1 DAGs
[2024-12-22T22:56:45.110+0000] {logging_mixin.py:188} INFO - [2024-12-22T22:56:45.110+0000] {dag.py:3823} INFO - Setting next_dagrun for example_weekday_branch_operator to 2024-12-21 00:00:00+00:00, run_after=2024-12-22 00:00:00+00:00
[2024-12-22T22:56:45.137+0000] {processor.py:183} INFO - Processing /home/airflow/.local/lib/python3.11/site-packages/airflow/example_dags/example_branch_day_of_week_operator.py took 0.119 seconds
[2024-12-22T22:57:15.257+0000] {processor.py:161} INFO - Started process (PID=1177) to work on /home/airflow/.local/lib/python3.11/site-packages/airflow/example_dags/example_branch_day_of_week_operator.py
[2024-12-22T22:57:15.259+0000] {processor.py:830} INFO - Processing file /home/airflow/.local/lib/python3.11/site-packages/airflow/example_dags/example_branch_day_of_week_operator.py for tasks to queue
[2024-12-22T22:57:15.262+0000] {logging_mixin.py:188} INFO - [2024-12-22T22:57:15.261+0000] {dagbag.py:538} INFO - Filling up the DagBag from /home/airflow/.local/lib/python3.11/site-packages/airflow/example_dags/example_branch_day_of_week_operator.py
[2024-12-22T22:57:15.273+0000] {processor.py:840} INFO - DAG(s) 'example_weekday_branch_operator' retrieved from /home/airflow/.local/lib/python3.11/site-packages/airflow/example_dags/example_branch_day_of_week_operator.py
[2024-12-22T22:57:15.302+0000] {logging_mixin.py:188} INFO - [2024-12-22T22:57:15.302+0000] {dag.py:3036} INFO - Sync 1 DAGs
[2024-12-22T22:57:15.338+0000] {logging_mixin.py:188} INFO - [2024-12-22T22:57:15.338+0000] {dag.py:3823} INFO - Setting next_dagrun for example_weekday_branch_operator to 2024-12-21 00:00:00+00:00, run_after=2024-12-22 00:00:00+00:00
[2024-12-22T22:57:15.361+0000] {processor.py:183} INFO - Processing /home/airflow/.local/lib/python3.11/site-packages/airflow/example_dags/example_branch_day_of_week_operator.py took 0.109 seconds
[2024-12-22T22:57:45.721+0000] {processor.py:161} INFO - Started process (PID=1249) to work on /home/airflow/.local/lib/python3.11/site-packages/airflow/example_dags/example_branch_day_of_week_operator.py
[2024-12-22T22:57:45.723+0000] {processor.py:830} INFO - Processing file /home/airflow/.local/lib/python3.11/site-packages/airflow/example_dags/example_branch_day_of_week_operator.py for tasks to queue
[2024-12-22T22:57:45.725+0000] {logging_mixin.py:188} INFO - [2024-12-22T22:57:45.725+0000] {dagbag.py:538} INFO - Filling up the DagBag from /home/airflow/.local/lib/python3.11/site-packages/airflow/example_dags/example_branch_day_of_week_operator.py
[2024-12-22T22:57:45.735+0000] {processor.py:840} INFO - DAG(s) 'example_weekday_branch_operator' retrieved from /home/airflow/.local/lib/python3.11/site-packages/airflow/example_dags/example_branch_day_of_week_operator.py
[2024-12-22T22:57:45.762+0000] {logging_mixin.py:188} INFO - [2024-12-22T22:57:45.762+0000] {dag.py:3036} INFO - Sync 1 DAGs
[2024-12-22T22:57:45.792+0000] {logging_mixin.py:188} INFO - [2024-12-22T22:57:45.792+0000] {dag.py:3823} INFO - Setting next_dagrun for example_weekday_branch_operator to 2024-12-21 00:00:00+00:00, run_after=2024-12-22 00:00:00+00:00
[2024-12-22T22:57:45.815+0000] {processor.py:183} INFO - Processing /home/airflow/.local/lib/python3.11/site-packages/airflow/example_dags/example_branch_day_of_week_operator.py took 0.098 seconds
[2024-12-22T22:58:16.226+0000] {processor.py:161} INFO - Started process (PID=1321) to work on /home/airflow/.local/lib/python3.11/site-packages/airflow/example_dags/example_branch_day_of_week_operator.py
[2024-12-22T22:58:16.227+0000] {processor.py:830} INFO - Processing file /home/airflow/.local/lib/python3.11/site-packages/airflow/example_dags/example_branch_day_of_week_operator.py for tasks to queue
[2024-12-22T22:58:16.230+0000] {logging_mixin.py:188} INFO - [2024-12-22T22:58:16.229+0000] {dagbag.py:538} INFO - Filling up the DagBag from /home/airflow/.local/lib/python3.11/site-packages/airflow/example_dags/example_branch_day_of_week_operator.py
[2024-12-22T22:58:16.239+0000] {processor.py:840} INFO - DAG(s) 'example_weekday_branch_operator' retrieved from /home/airflow/.local/lib/python3.11/site-packages/airflow/example_dags/example_branch_day_of_week_operator.py
[2024-12-22T22:58:16.264+0000] {logging_mixin.py:188} INFO - [2024-12-22T22:58:16.263+0000] {dag.py:3036} INFO - Sync 1 DAGs
[2024-12-22T22:58:16.291+0000] {logging_mixin.py:188} INFO - [2024-12-22T22:58:16.290+0000] {dag.py:3823} INFO - Setting next_dagrun for example_weekday_branch_operator to 2024-12-21 00:00:00+00:00, run_after=2024-12-22 00:00:00+00:00
[2024-12-22T22:58:16.309+0000] {processor.py:183} INFO - Processing /home/airflow/.local/lib/python3.11/site-packages/airflow/example_dags/example_branch_day_of_week_operator.py took 0.088 seconds
[2024-12-22T22:58:46.745+0000] {processor.py:161} INFO - Started process (PID=1393) to work on /home/airflow/.local/lib/python3.11/site-packages/airflow/example_dags/example_branch_day_of_week_operator.py
[2024-12-22T22:58:46.746+0000] {processor.py:830} INFO - Processing file /home/airflow/.local/lib/python3.11/site-packages/airflow/example_dags/example_branch_day_of_week_operator.py for tasks to queue
[2024-12-22T22:58:46.750+0000] {logging_mixin.py:188} INFO - [2024-12-22T22:58:46.749+0000] {dagbag.py:538} INFO - Filling up the DagBag from /home/airflow/.local/lib/python3.11/site-packages/airflow/example_dags/example_branch_day_of_week_operator.py
[2024-12-22T22:58:46.760+0000] {processor.py:840} INFO - DAG(s) 'example_weekday_branch_operator' retrieved from /home/airflow/.local/lib/python3.11/site-packages/airflow/example_dags/example_branch_day_of_week_operator.py
[2024-12-22T22:58:46.791+0000] {logging_mixin.py:188} INFO - [2024-12-22T22:58:46.791+0000] {dag.py:3036} INFO - Sync 1 DAGs
[2024-12-22T22:58:46.840+0000] {logging_mixin.py:188} INFO - [2024-12-22T22:58:46.840+0000] {dag.py:3823} INFO - Setting next_dagrun for example_weekday_branch_operator to 2024-12-21 00:00:00+00:00, run_after=2024-12-22 00:00:00+00:00
[2024-12-22T22:58:46.873+0000] {processor.py:183} INFO - Processing /home/airflow/.local/lib/python3.11/site-packages/airflow/example_dags/example_branch_day_of_week_operator.py took 0.132 seconds
[2024-12-22T22:59:17.953+0000] {processor.py:161} INFO - Started process (PID=1472) to work on /home/airflow/.local/lib/python3.11/site-packages/airflow/example_dags/example_branch_day_of_week_operator.py
[2024-12-22T22:59:17.955+0000] {processor.py:830} INFO - Processing file /home/airflow/.local/lib/python3.11/site-packages/airflow/example_dags/example_branch_day_of_week_operator.py for tasks to queue
[2024-12-22T22:59:17.957+0000] {logging_mixin.py:188} INFO - [2024-12-22T22:59:17.957+0000] {dagbag.py:538} INFO - Filling up the DagBag from /home/airflow/.local/lib/python3.11/site-packages/airflow/example_dags/example_branch_day_of_week_operator.py
[2024-12-22T22:59:17.968+0000] {processor.py:840} INFO - DAG(s) 'example_weekday_branch_operator' retrieved from /home/airflow/.local/lib/python3.11/site-packages/airflow/example_dags/example_branch_day_of_week_operator.py
[2024-12-22T22:59:17.997+0000] {logging_mixin.py:188} INFO - [2024-12-22T22:59:17.997+0000] {dag.py:3036} INFO - Sync 1 DAGs
[2024-12-22T22:59:18.028+0000] {logging_mixin.py:188} INFO - [2024-12-22T22:59:18.027+0000] {dag.py:3823} INFO - Setting next_dagrun for example_weekday_branch_operator to 2024-12-21 00:00:00+00:00, run_after=2024-12-22 00:00:00+00:00
[2024-12-22T22:59:18.054+0000] {processor.py:183} INFO - Processing /home/airflow/.local/lib/python3.11/site-packages/airflow/example_dags/example_branch_day_of_week_operator.py took 0.107 seconds
[2024-12-22T22:59:48.881+0000] {processor.py:161} INFO - Started process (PID=1544) to work on /home/airflow/.local/lib/python3.11/site-packages/airflow/example_dags/example_branch_day_of_week_operator.py
[2024-12-22T22:59:48.882+0000] {processor.py:830} INFO - Processing file /home/airflow/.local/lib/python3.11/site-packages/airflow/example_dags/example_branch_day_of_week_operator.py for tasks to queue
[2024-12-22T22:59:48.885+0000] {logging_mixin.py:188} INFO - [2024-12-22T22:59:48.884+0000] {dagbag.py:538} INFO - Filling up the DagBag from /home/airflow/.local/lib/python3.11/site-packages/airflow/example_dags/example_branch_day_of_week_operator.py
[2024-12-22T22:59:48.898+0000] {processor.py:840} INFO - DAG(s) 'example_weekday_branch_operator' retrieved from /home/airflow/.local/lib/python3.11/site-packages/airflow/example_dags/example_branch_day_of_week_operator.py
[2024-12-22T22:59:48.930+0000] {logging_mixin.py:188} INFO - [2024-12-22T22:59:48.930+0000] {dag.py:3036} INFO - Sync 1 DAGs
[2024-12-22T22:59:48.963+0000] {logging_mixin.py:188} INFO - [2024-12-22T22:59:48.963+0000] {dag.py:3823} INFO - Setting next_dagrun for example_weekday_branch_operator to 2024-12-21 00:00:00+00:00, run_after=2024-12-22 00:00:00+00:00
[2024-12-22T22:59:49.002+0000] {processor.py:183} INFO - Processing /home/airflow/.local/lib/python3.11/site-packages/airflow/example_dags/example_branch_day_of_week_operator.py took 0.126 seconds
[2024-12-22T23:00:19.158+0000] {processor.py:161} INFO - Started process (PID=1607) to work on /home/airflow/.local/lib/python3.11/site-packages/airflow/example_dags/example_branch_day_of_week_operator.py
[2024-12-22T23:00:19.160+0000] {processor.py:830} INFO - Processing file /home/airflow/.local/lib/python3.11/site-packages/airflow/example_dags/example_branch_day_of_week_operator.py for tasks to queue
[2024-12-22T23:00:19.165+0000] {logging_mixin.py:188} INFO - [2024-12-22T23:00:19.164+0000] {dagbag.py:538} INFO - Filling up the DagBag from /home/airflow/.local/lib/python3.11/site-packages/airflow/example_dags/example_branch_day_of_week_operator.py
[2024-12-22T23:00:19.180+0000] {processor.py:840} INFO - DAG(s) 'example_weekday_branch_operator' retrieved from /home/airflow/.local/lib/python3.11/site-packages/airflow/example_dags/example_branch_day_of_week_operator.py
[2024-12-22T23:00:19.205+0000] {logging_mixin.py:188} INFO - [2024-12-22T23:00:19.205+0000] {dag.py:3036} INFO - Sync 1 DAGs
[2024-12-22T23:00:19.235+0000] {logging_mixin.py:188} INFO - [2024-12-22T23:00:19.234+0000] {dag.py:3823} INFO - Setting next_dagrun for example_weekday_branch_operator to 2024-12-21 00:00:00+00:00, run_after=2024-12-22 00:00:00+00:00
[2024-12-22T23:00:19.258+0000] {processor.py:183} INFO - Processing /home/airflow/.local/lib/python3.11/site-packages/airflow/example_dags/example_branch_day_of_week_operator.py took 0.108 seconds
[2024-12-22T23:00:49.348+0000] {processor.py:161} INFO - Started process (PID=1686) to work on /home/airflow/.local/lib/python3.11/site-packages/airflow/example_dags/example_branch_day_of_week_operator.py
[2024-12-22T23:00:49.350+0000] {processor.py:830} INFO - Processing file /home/airflow/.local/lib/python3.11/site-packages/airflow/example_dags/example_branch_day_of_week_operator.py for tasks to queue
[2024-12-22T23:00:49.353+0000] {logging_mixin.py:188} INFO - [2024-12-22T23:00:49.352+0000] {dagbag.py:538} INFO - Filling up the DagBag from /home/airflow/.local/lib/python3.11/site-packages/airflow/example_dags/example_branch_day_of_week_operator.py
[2024-12-22T23:00:49.363+0000] {processor.py:840} INFO - DAG(s) 'example_weekday_branch_operator' retrieved from /home/airflow/.local/lib/python3.11/site-packages/airflow/example_dags/example_branch_day_of_week_operator.py
[2024-12-22T23:00:49.392+0000] {logging_mixin.py:188} INFO - [2024-12-22T23:00:49.392+0000] {dag.py:3036} INFO - Sync 1 DAGs
[2024-12-22T23:00:49.432+0000] {logging_mixin.py:188} INFO - [2024-12-22T23:00:49.432+0000] {dag.py:3823} INFO - Setting next_dagrun for example_weekday_branch_operator to 2024-12-21 00:00:00+00:00, run_after=2024-12-22 00:00:00+00:00
[2024-12-22T23:00:49.480+0000] {processor.py:183} INFO - Processing /home/airflow/.local/lib/python3.11/site-packages/airflow/example_dags/example_branch_day_of_week_operator.py took 0.137 seconds
[2024-12-22T23:01:19.520+0000] {processor.py:161} INFO - Started process (PID=1758) to work on /home/airflow/.local/lib/python3.11/site-packages/airflow/example_dags/example_branch_day_of_week_operator.py
[2024-12-22T23:01:19.521+0000] {processor.py:830} INFO - Processing file /home/airflow/.local/lib/python3.11/site-packages/airflow/example_dags/example_branch_day_of_week_operator.py for tasks to queue
[2024-12-22T23:01:19.524+0000] {logging_mixin.py:188} INFO - [2024-12-22T23:01:19.523+0000] {dagbag.py:538} INFO - Filling up the DagBag from /home/airflow/.local/lib/python3.11/site-packages/airflow/example_dags/example_branch_day_of_week_operator.py
[2024-12-22T23:01:19.533+0000] {processor.py:840} INFO - DAG(s) 'example_weekday_branch_operator' retrieved from /home/airflow/.local/lib/python3.11/site-packages/airflow/example_dags/example_branch_day_of_week_operator.py
[2024-12-22T23:01:19.559+0000] {logging_mixin.py:188} INFO - [2024-12-22T23:01:19.558+0000] {dag.py:3036} INFO - Sync 1 DAGs
[2024-12-22T23:01:19.585+0000] {logging_mixin.py:188} INFO - [2024-12-22T23:01:19.585+0000] {dag.py:3823} INFO - Setting next_dagrun for example_weekday_branch_operator to 2024-12-21 00:00:00+00:00, run_after=2024-12-22 00:00:00+00:00
[2024-12-22T23:01:19.606+0000] {processor.py:183} INFO - Processing /home/airflow/.local/lib/python3.11/site-packages/airflow/example_dags/example_branch_day_of_week_operator.py took 0.090 seconds
[2024-12-22T23:01:50.223+0000] {processor.py:161} INFO - Started process (PID=1830) to work on /home/airflow/.local/lib/python3.11/site-packages/airflow/example_dags/example_branch_day_of_week_operator.py
[2024-12-22T23:01:50.224+0000] {processor.py:830} INFO - Processing file /home/airflow/.local/lib/python3.11/site-packages/airflow/example_dags/example_branch_day_of_week_operator.py for tasks to queue
[2024-12-22T23:01:50.228+0000] {logging_mixin.py:188} INFO - [2024-12-22T23:01:50.228+0000] {dagbag.py:538} INFO - Filling up the DagBag from /home/airflow/.local/lib/python3.11/site-packages/airflow/example_dags/example_branch_day_of_week_operator.py
[2024-12-22T23:01:50.241+0000] {processor.py:840} INFO - DAG(s) 'example_weekday_branch_operator' retrieved from /home/airflow/.local/lib/python3.11/site-packages/airflow/example_dags/example_branch_day_of_week_operator.py
[2024-12-22T23:01:50.272+0000] {logging_mixin.py:188} INFO - [2024-12-22T23:01:50.272+0000] {dag.py:3036} INFO - Sync 1 DAGs
[2024-12-22T23:01:50.309+0000] {logging_mixin.py:188} INFO - [2024-12-22T23:01:50.309+0000] {dag.py:3823} INFO - Setting next_dagrun for example_weekday_branch_operator to 2024-12-21 00:00:00+00:00, run_after=2024-12-22 00:00:00+00:00
[2024-12-22T23:01:50.339+0000] {processor.py:183} INFO - Processing /home/airflow/.local/lib/python3.11/site-packages/airflow/example_dags/example_branch_day_of_week_operator.py took 0.124 seconds
[2024-12-22T23:02:20.530+0000] {processor.py:161} INFO - Started process (PID=1902) to work on /home/airflow/.local/lib/python3.11/site-packages/airflow/example_dags/example_branch_day_of_week_operator.py
[2024-12-22T23:02:20.534+0000] {processor.py:830} INFO - Processing file /home/airflow/.local/lib/python3.11/site-packages/airflow/example_dags/example_branch_day_of_week_operator.py for tasks to queue
[2024-12-22T23:02:20.540+0000] {logging_mixin.py:188} INFO - [2024-12-22T23:02:20.539+0000] {dagbag.py:538} INFO - Filling up the DagBag from /home/airflow/.local/lib/python3.11/site-packages/airflow/example_dags/example_branch_day_of_week_operator.py
[2024-12-22T23:02:20.557+0000] {processor.py:840} INFO - DAG(s) 'example_weekday_branch_operator' retrieved from /home/airflow/.local/lib/python3.11/site-packages/airflow/example_dags/example_branch_day_of_week_operator.py
[2024-12-22T23:02:20.595+0000] {logging_mixin.py:188} INFO - [2024-12-22T23:02:20.595+0000] {dag.py:3036} INFO - Sync 1 DAGs
[2024-12-22T23:02:20.644+0000] {logging_mixin.py:188} INFO - [2024-12-22T23:02:20.643+0000] {dag.py:3823} INFO - Setting next_dagrun for example_weekday_branch_operator to 2024-12-21 00:00:00+00:00, run_after=2024-12-22 00:00:00+00:00
[2024-12-22T23:02:20.680+0000] {processor.py:183} INFO - Processing /home/airflow/.local/lib/python3.11/site-packages/airflow/example_dags/example_branch_day_of_week_operator.py took 0.157 seconds
[2024-12-22T23:02:50.880+0000] {processor.py:161} INFO - Started process (PID=1981) to work on /home/airflow/.local/lib/python3.11/site-packages/airflow/example_dags/example_branch_day_of_week_operator.py
[2024-12-22T23:02:50.882+0000] {processor.py:830} INFO - Processing file /home/airflow/.local/lib/python3.11/site-packages/airflow/example_dags/example_branch_day_of_week_operator.py for tasks to queue
[2024-12-22T23:02:50.885+0000] {logging_mixin.py:188} INFO - [2024-12-22T23:02:50.884+0000] {dagbag.py:538} INFO - Filling up the DagBag from /home/airflow/.local/lib/python3.11/site-packages/airflow/example_dags/example_branch_day_of_week_operator.py
[2024-12-22T23:02:50.899+0000] {processor.py:840} INFO - DAG(s) 'example_weekday_branch_operator' retrieved from /home/airflow/.local/lib/python3.11/site-packages/airflow/example_dags/example_branch_day_of_week_operator.py
[2024-12-22T23:02:50.928+0000] {logging_mixin.py:188} INFO - [2024-12-22T23:02:50.928+0000] {dag.py:3036} INFO - Sync 1 DAGs
[2024-12-22T23:02:50.961+0000] {logging_mixin.py:188} INFO - [2024-12-22T23:02:50.960+0000] {dag.py:3823} INFO - Setting next_dagrun for example_weekday_branch_operator to 2024-12-21 00:00:00+00:00, run_after=2024-12-22 00:00:00+00:00
[2024-12-22T23:02:50.993+0000] {processor.py:183} INFO - Processing /home/airflow/.local/lib/python3.11/site-packages/airflow/example_dags/example_branch_day_of_week_operator.py took 0.118 seconds
[2024-12-22T23:03:21.754+0000] {processor.py:161} INFO - Started process (PID=2053) to work on /home/airflow/.local/lib/python3.11/site-packages/airflow/example_dags/example_branch_day_of_week_operator.py
[2024-12-22T23:03:21.757+0000] {processor.py:830} INFO - Processing file /home/airflow/.local/lib/python3.11/site-packages/airflow/example_dags/example_branch_day_of_week_operator.py for tasks to queue
[2024-12-22T23:03:21.761+0000] {logging_mixin.py:188} INFO - [2024-12-22T23:03:21.761+0000] {dagbag.py:538} INFO - Filling up the DagBag from /home/airflow/.local/lib/python3.11/site-packages/airflow/example_dags/example_branch_day_of_week_operator.py
[2024-12-22T23:03:21.776+0000] {processor.py:840} INFO - DAG(s) 'example_weekday_branch_operator' retrieved from /home/airflow/.local/lib/python3.11/site-packages/airflow/example_dags/example_branch_day_of_week_operator.py
[2024-12-22T23:03:21.803+0000] {logging_mixin.py:188} INFO - [2024-12-22T23:03:21.803+0000] {dag.py:3036} INFO - Sync 1 DAGs
[2024-12-22T23:03:21.828+0000] {logging_mixin.py:188} INFO - [2024-12-22T23:03:21.827+0000] {dag.py:3823} INFO - Setting next_dagrun for example_weekday_branch_operator to 2024-12-21 00:00:00+00:00, run_after=2024-12-22 00:00:00+00:00
[2024-12-22T23:03:21.856+0000] {processor.py:183} INFO - Processing /home/airflow/.local/lib/python3.11/site-packages/airflow/example_dags/example_branch_day_of_week_operator.py took 0.108 seconds
[2024-12-22T23:03:52.573+0000] {processor.py:161} INFO - Started process (PID=2125) to work on /home/airflow/.local/lib/python3.11/site-packages/airflow/example_dags/example_branch_day_of_week_operator.py
[2024-12-22T23:03:52.576+0000] {processor.py:830} INFO - Processing file /home/airflow/.local/lib/python3.11/site-packages/airflow/example_dags/example_branch_day_of_week_operator.py for tasks to queue
[2024-12-22T23:03:52.581+0000] {logging_mixin.py:188} INFO - [2024-12-22T23:03:52.580+0000] {dagbag.py:538} INFO - Filling up the DagBag from /home/airflow/.local/lib/python3.11/site-packages/airflow/example_dags/example_branch_day_of_week_operator.py
[2024-12-22T23:03:52.598+0000] {processor.py:840} INFO - DAG(s) 'example_weekday_branch_operator' retrieved from /home/airflow/.local/lib/python3.11/site-packages/airflow/example_dags/example_branch_day_of_week_operator.py
[2024-12-22T23:03:52.643+0000] {logging_mixin.py:188} INFO - [2024-12-22T23:03:52.643+0000] {dag.py:3036} INFO - Sync 1 DAGs
[2024-12-22T23:03:52.691+0000] {logging_mixin.py:188} INFO - [2024-12-22T23:03:52.690+0000] {dag.py:3823} INFO - Setting next_dagrun for example_weekday_branch_operator to 2024-12-21 00:00:00+00:00, run_after=2024-12-22 00:00:00+00:00
[2024-12-22T23:03:52.734+0000] {processor.py:183} INFO - Processing /home/airflow/.local/lib/python3.11/site-packages/airflow/example_dags/example_branch_day_of_week_operator.py took 0.171 seconds
[2024-12-22T23:04:23.636+0000] {processor.py:161} INFO - Started process (PID=2204) to work on /home/airflow/.local/lib/python3.11/site-packages/airflow/example_dags/example_branch_day_of_week_operator.py
[2024-12-22T23:04:23.637+0000] {processor.py:830} INFO - Processing file /home/airflow/.local/lib/python3.11/site-packages/airflow/example_dags/example_branch_day_of_week_operator.py for tasks to queue
[2024-12-22T23:04:23.639+0000] {logging_mixin.py:188} INFO - [2024-12-22T23:04:23.639+0000] {dagbag.py:538} INFO - Filling up the DagBag from /home/airflow/.local/lib/python3.11/site-packages/airflow/example_dags/example_branch_day_of_week_operator.py
[2024-12-22T23:04:23.651+0000] {processor.py:840} INFO - DAG(s) 'example_weekday_branch_operator' retrieved from /home/airflow/.local/lib/python3.11/site-packages/airflow/example_dags/example_branch_day_of_week_operator.py
[2024-12-22T23:04:23.688+0000] {logging_mixin.py:188} INFO - [2024-12-22T23:04:23.688+0000] {dag.py:3036} INFO - Sync 1 DAGs
[2024-12-22T23:04:23.720+0000] {logging_mixin.py:188} INFO - [2024-12-22T23:04:23.720+0000] {dag.py:3823} INFO - Setting next_dagrun for example_weekday_branch_operator to 2024-12-21 00:00:00+00:00, run_after=2024-12-22 00:00:00+00:00
[2024-12-22T23:04:23.745+0000] {processor.py:183} INFO - Processing /home/airflow/.local/lib/python3.11/site-packages/airflow/example_dags/example_branch_day_of_week_operator.py took 0.114 seconds
[2024-12-22T23:04:54.586+0000] {processor.py:161} INFO - Started process (PID=2276) to work on /home/airflow/.local/lib/python3.11/site-packages/airflow/example_dags/example_branch_day_of_week_operator.py
[2024-12-22T23:04:54.588+0000] {processor.py:830} INFO - Processing file /home/airflow/.local/lib/python3.11/site-packages/airflow/example_dags/example_branch_day_of_week_operator.py for tasks to queue
[2024-12-22T23:04:54.590+0000] {logging_mixin.py:188} INFO - [2024-12-22T23:04:54.590+0000] {dagbag.py:538} INFO - Filling up the DagBag from /home/airflow/.local/lib/python3.11/site-packages/airflow/example_dags/example_branch_day_of_week_operator.py
[2024-12-22T23:04:54.599+0000] {processor.py:840} INFO - DAG(s) 'example_weekday_branch_operator' retrieved from /home/airflow/.local/lib/python3.11/site-packages/airflow/example_dags/example_branch_day_of_week_operator.py
[2024-12-22T23:04:54.628+0000] {logging_mixin.py:188} INFO - [2024-12-22T23:04:54.627+0000] {dag.py:3036} INFO - Sync 1 DAGs
[2024-12-22T23:04:54.658+0000] {logging_mixin.py:188} INFO - [2024-12-22T23:04:54.657+0000] {dag.py:3823} INFO - Setting next_dagrun for example_weekday_branch_operator to 2024-12-21 00:00:00+00:00, run_after=2024-12-22 00:00:00+00:00
[2024-12-22T23:04:54.682+0000] {processor.py:183} INFO - Processing /home/airflow/.local/lib/python3.11/site-packages/airflow/example_dags/example_branch_day_of_week_operator.py took 0.101 seconds
[2024-12-22T23:05:24.738+0000] {processor.py:161} INFO - Started process (PID=2339) to work on /home/airflow/.local/lib/python3.11/site-packages/airflow/example_dags/example_branch_day_of_week_operator.py
[2024-12-22T23:05:24.739+0000] {processor.py:830} INFO - Processing file /home/airflow/.local/lib/python3.11/site-packages/airflow/example_dags/example_branch_day_of_week_operator.py for tasks to queue
[2024-12-22T23:05:24.743+0000] {logging_mixin.py:188} INFO - [2024-12-22T23:05:24.743+0000] {dagbag.py:538} INFO - Filling up the DagBag from /home/airflow/.local/lib/python3.11/site-packages/airflow/example_dags/example_branch_day_of_week_operator.py
[2024-12-22T23:05:24.757+0000] {processor.py:840} INFO - DAG(s) 'example_weekday_branch_operator' retrieved from /home/airflow/.local/lib/python3.11/site-packages/airflow/example_dags/example_branch_day_of_week_operator.py
[2024-12-22T23:05:24.795+0000] {logging_mixin.py:188} INFO - [2024-12-22T23:05:24.795+0000] {dag.py:3036} INFO - Sync 1 DAGs
[2024-12-22T23:05:24.844+0000] {logging_mixin.py:188} INFO - [2024-12-22T23:05:24.844+0000] {dag.py:3823} INFO - Setting next_dagrun for example_weekday_branch_operator to 2024-12-21 00:00:00+00:00, run_after=2024-12-22 00:00:00+00:00
[2024-12-22T23:05:24.890+0000] {processor.py:183} INFO - Processing /home/airflow/.local/lib/python3.11/site-packages/airflow/example_dags/example_branch_day_of_week_operator.py took 0.159 seconds
[2024-12-22T23:05:55.019+0000] {processor.py:161} INFO - Started process (PID=2411) to work on /home/airflow/.local/lib/python3.11/site-packages/airflow/example_dags/example_branch_day_of_week_operator.py
[2024-12-22T23:05:55.021+0000] {processor.py:830} INFO - Processing file /home/airflow/.local/lib/python3.11/site-packages/airflow/example_dags/example_branch_day_of_week_operator.py for tasks to queue
[2024-12-22T23:05:55.026+0000] {logging_mixin.py:188} INFO - [2024-12-22T23:05:55.025+0000] {dagbag.py:538} INFO - Filling up the DagBag from /home/airflow/.local/lib/python3.11/site-packages/airflow/example_dags/example_branch_day_of_week_operator.py
[2024-12-22T23:05:55.041+0000] {processor.py:840} INFO - DAG(s) 'example_weekday_branch_operator' retrieved from /home/airflow/.local/lib/python3.11/site-packages/airflow/example_dags/example_branch_day_of_week_operator.py
[2024-12-22T23:05:55.071+0000] {logging_mixin.py:188} INFO - [2024-12-22T23:05:55.070+0000] {dag.py:3036} INFO - Sync 1 DAGs
[2024-12-22T23:05:55.099+0000] {logging_mixin.py:188} INFO - [2024-12-22T23:05:55.099+0000] {dag.py:3823} INFO - Setting next_dagrun for example_weekday_branch_operator to 2024-12-21 00:00:00+00:00, run_after=2024-12-22 00:00:00+00:00
[2024-12-22T23:05:55.148+0000] {processor.py:183} INFO - Processing /home/airflow/.local/lib/python3.11/site-packages/airflow/example_dags/example_branch_day_of_week_operator.py took 0.135 seconds
[2024-12-22T23:06:25.763+0000] {processor.py:161} INFO - Started process (PID=2490) to work on /home/airflow/.local/lib/python3.11/site-packages/airflow/example_dags/example_branch_day_of_week_operator.py
[2024-12-22T23:06:25.764+0000] {processor.py:830} INFO - Processing file /home/airflow/.local/lib/python3.11/site-packages/airflow/example_dags/example_branch_day_of_week_operator.py for tasks to queue
[2024-12-22T23:06:25.768+0000] {logging_mixin.py:188} INFO - [2024-12-22T23:06:25.767+0000] {dagbag.py:538} INFO - Filling up the DagBag from /home/airflow/.local/lib/python3.11/site-packages/airflow/example_dags/example_branch_day_of_week_operator.py
[2024-12-22T23:06:25.780+0000] {processor.py:840} INFO - DAG(s) 'example_weekday_branch_operator' retrieved from /home/airflow/.local/lib/python3.11/site-packages/airflow/example_dags/example_branch_day_of_week_operator.py
[2024-12-22T23:06:25.809+0000] {logging_mixin.py:188} INFO - [2024-12-22T23:06:25.809+0000] {dag.py:3036} INFO - Sync 1 DAGs
[2024-12-22T23:06:25.845+0000] {logging_mixin.py:188} INFO - [2024-12-22T23:06:25.845+0000] {dag.py:3823} INFO - Setting next_dagrun for example_weekday_branch_operator to 2024-12-21 00:00:00+00:00, run_after=2024-12-22 00:00:00+00:00
[2024-12-22T23:06:25.877+0000] {processor.py:183} INFO - Processing /home/airflow/.local/lib/python3.11/site-packages/airflow/example_dags/example_branch_day_of_week_operator.py took 0.118 seconds
[2024-12-22T23:06:56.234+0000] {processor.py:161} INFO - Started process (PID=2563) to work on /home/airflow/.local/lib/python3.11/site-packages/airflow/example_dags/example_branch_day_of_week_operator.py
[2024-12-22T23:06:56.236+0000] {processor.py:830} INFO - Processing file /home/airflow/.local/lib/python3.11/site-packages/airflow/example_dags/example_branch_day_of_week_operator.py for tasks to queue
[2024-12-22T23:06:56.240+0000] {logging_mixin.py:188} INFO - [2024-12-22T23:06:56.239+0000] {dagbag.py:538} INFO - Filling up the DagBag from /home/airflow/.local/lib/python3.11/site-packages/airflow/example_dags/example_branch_day_of_week_operator.py
[2024-12-22T23:06:56.255+0000] {processor.py:840} INFO - DAG(s) 'example_weekday_branch_operator' retrieved from /home/airflow/.local/lib/python3.11/site-packages/airflow/example_dags/example_branch_day_of_week_operator.py
[2024-12-22T23:06:56.284+0000] {logging_mixin.py:188} INFO - [2024-12-22T23:06:56.283+0000] {dag.py:3036} INFO - Sync 1 DAGs
[2024-12-22T23:06:56.308+0000] {logging_mixin.py:188} INFO - [2024-12-22T23:06:56.308+0000] {dag.py:3823} INFO - Setting next_dagrun for example_weekday_branch_operator to 2024-12-21 00:00:00+00:00, run_after=2024-12-22 00:00:00+00:00
[2024-12-22T23:06:56.332+0000] {processor.py:183} INFO - Processing /home/airflow/.local/lib/python3.11/site-packages/airflow/example_dags/example_branch_day_of_week_operator.py took 0.103 seconds
[2024-12-22T23:07:26.869+0000] {processor.py:161} INFO - Started process (PID=2635) to work on /home/airflow/.local/lib/python3.11/site-packages/airflow/example_dags/example_branch_day_of_week_operator.py
[2024-12-22T23:07:26.871+0000] {processor.py:830} INFO - Processing file /home/airflow/.local/lib/python3.11/site-packages/airflow/example_dags/example_branch_day_of_week_operator.py for tasks to queue
[2024-12-22T23:07:26.875+0000] {logging_mixin.py:188} INFO - [2024-12-22T23:07:26.875+0000] {dagbag.py:538} INFO - Filling up the DagBag from /home/airflow/.local/lib/python3.11/site-packages/airflow/example_dags/example_branch_day_of_week_operator.py
[2024-12-22T23:07:26.887+0000] {processor.py:840} INFO - DAG(s) 'example_weekday_branch_operator' retrieved from /home/airflow/.local/lib/python3.11/site-packages/airflow/example_dags/example_branch_day_of_week_operator.py
[2024-12-22T23:07:26.913+0000] {logging_mixin.py:188} INFO - [2024-12-22T23:07:26.913+0000] {dag.py:3036} INFO - Sync 1 DAGs
[2024-12-22T23:07:26.939+0000] {logging_mixin.py:188} INFO - [2024-12-22T23:07:26.939+0000] {dag.py:3823} INFO - Setting next_dagrun for example_weekday_branch_operator to 2024-12-21 00:00:00+00:00, run_after=2024-12-22 00:00:00+00:00
[2024-12-22T23:07:26.975+0000] {processor.py:183} INFO - Processing /home/airflow/.local/lib/python3.11/site-packages/airflow/example_dags/example_branch_day_of_week_operator.py took 0.111 seconds
[2024-12-22T23:07:57.649+0000] {processor.py:161} INFO - Started process (PID=2707) to work on /home/airflow/.local/lib/python3.11/site-packages/airflow/example_dags/example_branch_day_of_week_operator.py
[2024-12-22T23:07:57.651+0000] {processor.py:830} INFO - Processing file /home/airflow/.local/lib/python3.11/site-packages/airflow/example_dags/example_branch_day_of_week_operator.py for tasks to queue
[2024-12-22T23:07:57.653+0000] {logging_mixin.py:188} INFO - [2024-12-22T23:07:57.653+0000] {dagbag.py:538} INFO - Filling up the DagBag from /home/airflow/.local/lib/python3.11/site-packages/airflow/example_dags/example_branch_day_of_week_operator.py
[2024-12-22T23:07:57.661+0000] {processor.py:840} INFO - DAG(s) 'example_weekday_branch_operator' retrieved from /home/airflow/.local/lib/python3.11/site-packages/airflow/example_dags/example_branch_day_of_week_operator.py
[2024-12-22T23:07:57.690+0000] {logging_mixin.py:188} INFO - [2024-12-22T23:07:57.689+0000] {dag.py:3036} INFO - Sync 1 DAGs
[2024-12-22T23:07:57.718+0000] {logging_mixin.py:188} INFO - [2024-12-22T23:07:57.717+0000] {dag.py:3823} INFO - Setting next_dagrun for example_weekday_branch_operator to 2024-12-21 00:00:00+00:00, run_after=2024-12-22 00:00:00+00:00
[2024-12-22T23:07:57.740+0000] {processor.py:183} INFO - Processing /home/airflow/.local/lib/python3.11/site-packages/airflow/example_dags/example_branch_day_of_week_operator.py took 0.094 seconds
