[2024-12-22T22:50:04.003+0000] {processor.py:161} INFO - Started process (PID=145) to work on /home/airflow/.local/lib/python3.11/site-packages/airflow/example_dags/example_branch_python_dop_operator_3.py
[2024-12-22T22:50:04.005+0000] {processor.py:830} INFO - Processing file /home/airflow/.local/lib/python3.11/site-packages/airflow/example_dags/example_branch_python_dop_operator_3.py for tasks to queue
[2024-12-22T22:50:04.011+0000] {logging_mixin.py:188} INFO - [2024-12-22T22:50:04.011+0000] {dagbag.py:538} INFO - Filling up the DagBag from /home/airflow/.local/lib/python3.11/site-packages/airflow/example_dags/example_branch_python_dop_operator_3.py
[2024-12-22T22:50:04.027+0000] {processor.py:840} INFO - DAG(s) 'example_branch_dop_operator_v3' retrieved from /home/airflow/.local/lib/python3.11/site-packages/airflow/example_dags/example_branch_python_dop_operator_3.py
[2024-12-22T22:50:04.227+0000] {logging_mixin.py:188} INFO - [2024-12-22T22:50:04.226+0000] {override.py:1769} INFO - Created Permission View: can edit on DAG:example_branch_dop_operator_v3
[2024-12-22T22:50:04.255+0000] {logging_mixin.py:188} INFO - [2024-12-22T22:50:04.254+0000] {override.py:1769} INFO - Created Permission View: can delete on DAG:example_branch_dop_operator_v3
[2024-12-22T22:50:04.272+0000] {logging_mixin.py:188} INFO - [2024-12-22T22:50:04.271+0000] {override.py:1769} INFO - Created Permission View: can read on DAG:example_branch_dop_operator_v3
[2024-12-22T22:50:04.273+0000] {logging_mixin.py:188} INFO - [2024-12-22T22:50:04.273+0000] {dag.py:3036} INFO - Sync 1 DAGs
[2024-12-22T22:50:04.295+0000] {logging_mixin.py:188} INFO - [2024-12-22T22:50:04.294+0000] {dag.py:3058} INFO - Creating ORM DAG for example_branch_dop_operator_v3
[2024-12-22T22:50:04.337+0000] {logging_mixin.py:188} INFO - [2024-12-22T22:50:04.337+0000] {dag.py:3823} INFO - Setting next_dagrun for example_branch_dop_operator_v3 to 2024-12-22 22:49:00+00:00, run_after=2024-12-22 22:50:00+00:00
[2024-12-22T22:50:04.378+0000] {processor.py:183} INFO - Processing /home/airflow/.local/lib/python3.11/site-packages/airflow/example_dags/example_branch_python_dop_operator_3.py took 0.381 seconds
[2024-12-22T22:50:34.747+0000] {processor.py:161} INFO - Started process (PID=208) to work on /home/airflow/.local/lib/python3.11/site-packages/airflow/example_dags/example_branch_python_dop_operator_3.py
[2024-12-22T22:50:34.749+0000] {processor.py:830} INFO - Processing file /home/airflow/.local/lib/python3.11/site-packages/airflow/example_dags/example_branch_python_dop_operator_3.py for tasks to queue
[2024-12-22T22:50:34.752+0000] {logging_mixin.py:188} INFO - [2024-12-22T22:50:34.751+0000] {dagbag.py:538} INFO - Filling up the DagBag from /home/airflow/.local/lib/python3.11/site-packages/airflow/example_dags/example_branch_python_dop_operator_3.py
[2024-12-22T22:50:34.765+0000] {processor.py:840} INFO - DAG(s) 'example_branch_dop_operator_v3' retrieved from /home/airflow/.local/lib/python3.11/site-packages/airflow/example_dags/example_branch_python_dop_operator_3.py
[2024-12-22T22:50:34.792+0000] {logging_mixin.py:188} INFO - [2024-12-22T22:50:34.792+0000] {dag.py:3036} INFO - Sync 1 DAGs
[2024-12-22T22:50:34.829+0000] {logging_mixin.py:188} INFO - [2024-12-22T22:50:34.829+0000] {dag.py:3823} INFO - Setting next_dagrun for example_branch_dop_operator_v3 to 2024-12-22 22:49:00+00:00, run_after=2024-12-22 22:50:00+00:00
[2024-12-22T22:50:34.860+0000] {processor.py:183} INFO - Processing /home/airflow/.local/lib/python3.11/site-packages/airflow/example_dags/example_branch_python_dop_operator_3.py took 0.118 seconds
[2024-12-22T22:51:05.185+0000] {processor.py:161} INFO - Started process (PID=280) to work on /home/airflow/.local/lib/python3.11/site-packages/airflow/example_dags/example_branch_python_dop_operator_3.py
[2024-12-22T22:51:05.187+0000] {processor.py:830} INFO - Processing file /home/airflow/.local/lib/python3.11/site-packages/airflow/example_dags/example_branch_python_dop_operator_3.py for tasks to queue
[2024-12-22T22:51:05.191+0000] {logging_mixin.py:188} INFO - [2024-12-22T22:51:05.190+0000] {dagbag.py:538} INFO - Filling up the DagBag from /home/airflow/.local/lib/python3.11/site-packages/airflow/example_dags/example_branch_python_dop_operator_3.py
[2024-12-22T22:51:05.204+0000] {processor.py:840} INFO - DAG(s) 'example_branch_dop_operator_v3' retrieved from /home/airflow/.local/lib/python3.11/site-packages/airflow/example_dags/example_branch_python_dop_operator_3.py
[2024-12-22T22:51:05.234+0000] {logging_mixin.py:188} INFO - [2024-12-22T22:51:05.234+0000] {dag.py:3036} INFO - Sync 1 DAGs
[2024-12-22T22:51:05.272+0000] {logging_mixin.py:188} INFO - [2024-12-22T22:51:05.271+0000] {dag.py:3823} INFO - Setting next_dagrun for example_branch_dop_operator_v3 to 2024-12-22 22:50:00+00:00, run_after=2024-12-22 22:51:00+00:00
[2024-12-22T22:51:05.301+0000] {processor.py:183} INFO - Processing /home/airflow/.local/lib/python3.11/site-packages/airflow/example_dags/example_branch_python_dop_operator_3.py took 0.120 seconds
[2024-12-22T22:51:35.825+0000] {processor.py:161} INFO - Started process (PID=359) to work on /home/airflow/.local/lib/python3.11/site-packages/airflow/example_dags/example_branch_python_dop_operator_3.py
[2024-12-22T22:51:35.826+0000] {processor.py:830} INFO - Processing file /home/airflow/.local/lib/python3.11/site-packages/airflow/example_dags/example_branch_python_dop_operator_3.py for tasks to queue
[2024-12-22T22:51:35.829+0000] {logging_mixin.py:188} INFO - [2024-12-22T22:51:35.828+0000] {dagbag.py:538} INFO - Filling up the DagBag from /home/airflow/.local/lib/python3.11/site-packages/airflow/example_dags/example_branch_python_dop_operator_3.py
[2024-12-22T22:51:35.841+0000] {processor.py:840} INFO - DAG(s) 'example_branch_dop_operator_v3' retrieved from /home/airflow/.local/lib/python3.11/site-packages/airflow/example_dags/example_branch_python_dop_operator_3.py
[2024-12-22T22:51:35.866+0000] {logging_mixin.py:188} INFO - [2024-12-22T22:51:35.866+0000] {dag.py:3036} INFO - Sync 1 DAGs
[2024-12-22T22:51:35.896+0000] {logging_mixin.py:188} INFO - [2024-12-22T22:51:35.896+0000] {dag.py:3823} INFO - Setting next_dagrun for example_branch_dop_operator_v3 to 2024-12-22 22:50:00+00:00, run_after=2024-12-22 22:51:00+00:00
[2024-12-22T22:51:35.918+0000] {processor.py:183} INFO - Processing /home/airflow/.local/lib/python3.11/site-packages/airflow/example_dags/example_branch_python_dop_operator_3.py took 0.096 seconds
[2024-12-22T22:52:06.266+0000] {processor.py:161} INFO - Started process (PID=431) to work on /home/airflow/.local/lib/python3.11/site-packages/airflow/example_dags/example_branch_python_dop_operator_3.py
[2024-12-22T22:52:06.267+0000] {processor.py:830} INFO - Processing file /home/airflow/.local/lib/python3.11/site-packages/airflow/example_dags/example_branch_python_dop_operator_3.py for tasks to queue
[2024-12-22T22:52:06.270+0000] {logging_mixin.py:188} INFO - [2024-12-22T22:52:06.270+0000] {dagbag.py:538} INFO - Filling up the DagBag from /home/airflow/.local/lib/python3.11/site-packages/airflow/example_dags/example_branch_python_dop_operator_3.py
[2024-12-22T22:52:06.284+0000] {processor.py:840} INFO - DAG(s) 'example_branch_dop_operator_v3' retrieved from /home/airflow/.local/lib/python3.11/site-packages/airflow/example_dags/example_branch_python_dop_operator_3.py
[2024-12-22T22:52:06.324+0000] {logging_mixin.py:188} INFO - [2024-12-22T22:52:06.324+0000] {dag.py:3036} INFO - Sync 1 DAGs
[2024-12-22T22:52:06.360+0000] {logging_mixin.py:188} INFO - [2024-12-22T22:52:06.360+0000] {dag.py:3823} INFO - Setting next_dagrun for example_branch_dop_operator_v3 to 2024-12-22 22:51:00+00:00, run_after=2024-12-22 22:52:00+00:00
[2024-12-22T22:52:06.389+0000] {processor.py:183} INFO - Processing /home/airflow/.local/lib/python3.11/site-packages/airflow/example_dags/example_branch_python_dop_operator_3.py took 0.129 seconds
[2024-12-22T22:52:36.438+0000] {processor.py:161} INFO - Started process (PID=503) to work on /home/airflow/.local/lib/python3.11/site-packages/airflow/example_dags/example_branch_python_dop_operator_3.py
[2024-12-22T22:52:36.440+0000] {processor.py:830} INFO - Processing file /home/airflow/.local/lib/python3.11/site-packages/airflow/example_dags/example_branch_python_dop_operator_3.py for tasks to queue
[2024-12-22T22:52:36.442+0000] {logging_mixin.py:188} INFO - [2024-12-22T22:52:36.442+0000] {dagbag.py:538} INFO - Filling up the DagBag from /home/airflow/.local/lib/python3.11/site-packages/airflow/example_dags/example_branch_python_dop_operator_3.py
[2024-12-22T22:52:36.455+0000] {processor.py:840} INFO - DAG(s) 'example_branch_dop_operator_v3' retrieved from /home/airflow/.local/lib/python3.11/site-packages/airflow/example_dags/example_branch_python_dop_operator_3.py
[2024-12-22T22:52:36.479+0000] {logging_mixin.py:188} INFO - [2024-12-22T22:52:36.479+0000] {dag.py:3036} INFO - Sync 1 DAGs
[2024-12-22T22:52:36.512+0000] {logging_mixin.py:188} INFO - [2024-12-22T22:52:36.512+0000] {dag.py:3823} INFO - Setting next_dagrun for example_branch_dop_operator_v3 to 2024-12-22 22:51:00+00:00, run_after=2024-12-22 22:52:00+00:00
[2024-12-22T22:52:36.537+0000] {processor.py:183} INFO - Processing /home/airflow/.local/lib/python3.11/site-packages/airflow/example_dags/example_branch_python_dop_operator_3.py took 0.103 seconds
[2024-12-22T22:53:07.185+0000] {processor.py:161} INFO - Started process (PID=574) to work on /home/airflow/.local/lib/python3.11/site-packages/airflow/example_dags/example_branch_python_dop_operator_3.py
[2024-12-22T22:53:07.186+0000] {processor.py:830} INFO - Processing file /home/airflow/.local/lib/python3.11/site-packages/airflow/example_dags/example_branch_python_dop_operator_3.py for tasks to queue
[2024-12-22T22:53:07.189+0000] {logging_mixin.py:188} INFO - [2024-12-22T22:53:07.189+0000] {dagbag.py:538} INFO - Filling up the DagBag from /home/airflow/.local/lib/python3.11/site-packages/airflow/example_dags/example_branch_python_dop_operator_3.py
[2024-12-22T22:53:07.202+0000] {processor.py:840} INFO - DAG(s) 'example_branch_dop_operator_v3' retrieved from /home/airflow/.local/lib/python3.11/site-packages/airflow/example_dags/example_branch_python_dop_operator_3.py
[2024-12-22T22:53:07.228+0000] {logging_mixin.py:188} INFO - [2024-12-22T22:53:07.228+0000] {dag.py:3036} INFO - Sync 1 DAGs
[2024-12-22T22:53:07.274+0000] {logging_mixin.py:188} INFO - [2024-12-22T22:53:07.274+0000] {dag.py:3823} INFO - Setting next_dagrun for example_branch_dop_operator_v3 to 2024-12-22 22:52:00+00:00, run_after=2024-12-22 22:53:00+00:00
[2024-12-22T22:53:07.301+0000] {processor.py:183} INFO - Processing /home/airflow/.local/lib/python3.11/site-packages/airflow/example_dags/example_branch_python_dop_operator_3.py took 0.122 seconds
[2024-12-22T22:53:37.438+0000] {processor.py:161} INFO - Started process (PID=653) to work on /home/airflow/.local/lib/python3.11/site-packages/airflow/example_dags/example_branch_python_dop_operator_3.py
[2024-12-22T22:53:37.439+0000] {processor.py:830} INFO - Processing file /home/airflow/.local/lib/python3.11/site-packages/airflow/example_dags/example_branch_python_dop_operator_3.py for tasks to queue
[2024-12-22T22:53:37.442+0000] {logging_mixin.py:188} INFO - [2024-12-22T22:53:37.441+0000] {dagbag.py:538} INFO - Filling up the DagBag from /home/airflow/.local/lib/python3.11/site-packages/airflow/example_dags/example_branch_python_dop_operator_3.py
[2024-12-22T22:53:37.458+0000] {processor.py:840} INFO - DAG(s) 'example_branch_dop_operator_v3' retrieved from /home/airflow/.local/lib/python3.11/site-packages/airflow/example_dags/example_branch_python_dop_operator_3.py
[2024-12-22T22:53:37.486+0000] {logging_mixin.py:188} INFO - [2024-12-22T22:53:37.485+0000] {dag.py:3036} INFO - Sync 1 DAGs
[2024-12-22T22:53:37.535+0000] {logging_mixin.py:188} INFO - [2024-12-22T22:53:37.535+0000] {dag.py:3823} INFO - Setting next_dagrun for example_branch_dop_operator_v3 to 2024-12-22 22:52:00+00:00, run_after=2024-12-22 22:53:00+00:00
[2024-12-22T22:53:37.559+0000] {processor.py:183} INFO - Processing /home/airflow/.local/lib/python3.11/site-packages/airflow/example_dags/example_branch_python_dop_operator_3.py took 0.127 seconds
[2024-12-22T22:54:07.732+0000] {processor.py:161} INFO - Started process (PID=726) to work on /home/airflow/.local/lib/python3.11/site-packages/airflow/example_dags/example_branch_python_dop_operator_3.py
[2024-12-22T22:54:07.733+0000] {processor.py:830} INFO - Processing file /home/airflow/.local/lib/python3.11/site-packages/airflow/example_dags/example_branch_python_dop_operator_3.py for tasks to queue
[2024-12-22T22:54:07.736+0000] {logging_mixin.py:188} INFO - [2024-12-22T22:54:07.735+0000] {dagbag.py:538} INFO - Filling up the DagBag from /home/airflow/.local/lib/python3.11/site-packages/airflow/example_dags/example_branch_python_dop_operator_3.py
[2024-12-22T22:54:07.747+0000] {processor.py:840} INFO - DAG(s) 'example_branch_dop_operator_v3' retrieved from /home/airflow/.local/lib/python3.11/site-packages/airflow/example_dags/example_branch_python_dop_operator_3.py
[2024-12-22T22:54:07.771+0000] {logging_mixin.py:188} INFO - [2024-12-22T22:54:07.771+0000] {dag.py:3036} INFO - Sync 1 DAGs
[2024-12-22T22:54:07.803+0000] {logging_mixin.py:188} INFO - [2024-12-22T22:54:07.803+0000] {dag.py:3823} INFO - Setting next_dagrun for example_branch_dop_operator_v3 to 2024-12-22 22:53:00+00:00, run_after=2024-12-22 22:54:00+00:00
[2024-12-22T22:54:07.827+0000] {processor.py:183} INFO - Processing /home/airflow/.local/lib/python3.11/site-packages/airflow/example_dags/example_branch_python_dop_operator_3.py took 0.099 seconds
[2024-12-22T22:54:38.712+0000] {processor.py:161} INFO - Started process (PID=798) to work on /home/airflow/.local/lib/python3.11/site-packages/airflow/example_dags/example_branch_python_dop_operator_3.py
[2024-12-22T22:54:38.714+0000] {processor.py:830} INFO - Processing file /home/airflow/.local/lib/python3.11/site-packages/airflow/example_dags/example_branch_python_dop_operator_3.py for tasks to queue
[2024-12-22T22:54:38.718+0000] {logging_mixin.py:188} INFO - [2024-12-22T22:54:38.717+0000] {dagbag.py:538} INFO - Filling up the DagBag from /home/airflow/.local/lib/python3.11/site-packages/airflow/example_dags/example_branch_python_dop_operator_3.py
[2024-12-22T22:54:38.731+0000] {processor.py:840} INFO - DAG(s) 'example_branch_dop_operator_v3' retrieved from /home/airflow/.local/lib/python3.11/site-packages/airflow/example_dags/example_branch_python_dop_operator_3.py
[2024-12-22T22:54:38.756+0000] {logging_mixin.py:188} INFO - [2024-12-22T22:54:38.756+0000] {dag.py:3036} INFO - Sync 1 DAGs
[2024-12-22T22:54:38.791+0000] {logging_mixin.py:188} INFO - [2024-12-22T22:54:38.791+0000] {dag.py:3823} INFO - Setting next_dagrun for example_branch_dop_operator_v3 to 2024-12-22 22:53:00+00:00, run_after=2024-12-22 22:54:00+00:00
[2024-12-22T22:54:38.818+0000] {processor.py:183} INFO - Processing /home/airflow/.local/lib/python3.11/site-packages/airflow/example_dags/example_branch_python_dop_operator_3.py took 0.112 seconds
[2024-12-22T22:55:08.931+0000] {processor.py:161} INFO - Started process (PID=861) to work on /home/airflow/.local/lib/python3.11/site-packages/airflow/example_dags/example_branch_python_dop_operator_3.py
[2024-12-22T22:55:08.933+0000] {processor.py:830} INFO - Processing file /home/airflow/.local/lib/python3.11/site-packages/airflow/example_dags/example_branch_python_dop_operator_3.py for tasks to queue
[2024-12-22T22:55:08.937+0000] {logging_mixin.py:188} INFO - [2024-12-22T22:55:08.937+0000] {dagbag.py:538} INFO - Filling up the DagBag from /home/airflow/.local/lib/python3.11/site-packages/airflow/example_dags/example_branch_python_dop_operator_3.py
[2024-12-22T22:55:08.957+0000] {processor.py:840} INFO - DAG(s) 'example_branch_dop_operator_v3' retrieved from /home/airflow/.local/lib/python3.11/site-packages/airflow/example_dags/example_branch_python_dop_operator_3.py
[2024-12-22T22:55:08.997+0000] {logging_mixin.py:188} INFO - [2024-12-22T22:55:08.996+0000] {dag.py:3036} INFO - Sync 1 DAGs
[2024-12-22T22:55:09.049+0000] {logging_mixin.py:188} INFO - [2024-12-22T22:55:09.049+0000] {dag.py:3823} INFO - Setting next_dagrun for example_branch_dop_operator_v3 to 2024-12-22 22:54:00+00:00, run_after=2024-12-22 22:55:00+00:00
[2024-12-22T22:55:09.089+0000] {processor.py:183} INFO - Processing /home/airflow/.local/lib/python3.11/site-packages/airflow/example_dags/example_branch_python_dop_operator_3.py took 0.164 seconds
[2024-12-22T22:55:39.154+0000] {processor.py:161} INFO - Started process (PID=940) to work on /home/airflow/.local/lib/python3.11/site-packages/airflow/example_dags/example_branch_python_dop_operator_3.py
[2024-12-22T22:55:39.155+0000] {processor.py:830} INFO - Processing file /home/airflow/.local/lib/python3.11/site-packages/airflow/example_dags/example_branch_python_dop_operator_3.py for tasks to queue
[2024-12-22T22:55:39.158+0000] {logging_mixin.py:188} INFO - [2024-12-22T22:55:39.157+0000] {dagbag.py:538} INFO - Filling up the DagBag from /home/airflow/.local/lib/python3.11/site-packages/airflow/example_dags/example_branch_python_dop_operator_3.py
[2024-12-22T22:55:39.168+0000] {processor.py:840} INFO - DAG(s) 'example_branch_dop_operator_v3' retrieved from /home/airflow/.local/lib/python3.11/site-packages/airflow/example_dags/example_branch_python_dop_operator_3.py
[2024-12-22T22:55:39.191+0000] {logging_mixin.py:188} INFO - [2024-12-22T22:55:39.190+0000] {dag.py:3036} INFO - Sync 1 DAGs
[2024-12-22T22:55:39.219+0000] {logging_mixin.py:188} INFO - [2024-12-22T22:55:39.219+0000] {dag.py:3823} INFO - Setting next_dagrun for example_branch_dop_operator_v3 to 2024-12-22 22:54:00+00:00, run_after=2024-12-22 22:55:00+00:00
[2024-12-22T22:55:39.249+0000] {processor.py:183} INFO - Processing /home/airflow/.local/lib/python3.11/site-packages/airflow/example_dags/example_branch_python_dop_operator_3.py took 0.098 seconds
[2024-12-22T22:56:09.797+0000] {processor.py:161} INFO - Started process (PID=1012) to work on /home/airflow/.local/lib/python3.11/site-packages/airflow/example_dags/example_branch_python_dop_operator_3.py
[2024-12-22T22:56:09.798+0000] {processor.py:830} INFO - Processing file /home/airflow/.local/lib/python3.11/site-packages/airflow/example_dags/example_branch_python_dop_operator_3.py for tasks to queue
[2024-12-22T22:56:09.801+0000] {logging_mixin.py:188} INFO - [2024-12-22T22:56:09.800+0000] {dagbag.py:538} INFO - Filling up the DagBag from /home/airflow/.local/lib/python3.11/site-packages/airflow/example_dags/example_branch_python_dop_operator_3.py
[2024-12-22T22:56:09.815+0000] {processor.py:840} INFO - DAG(s) 'example_branch_dop_operator_v3' retrieved from /home/airflow/.local/lib/python3.11/site-packages/airflow/example_dags/example_branch_python_dop_operator_3.py
[2024-12-22T22:56:09.839+0000] {logging_mixin.py:188} INFO - [2024-12-22T22:56:09.839+0000] {dag.py:3036} INFO - Sync 1 DAGs
[2024-12-22T22:56:09.867+0000] {logging_mixin.py:188} INFO - [2024-12-22T22:56:09.867+0000] {dag.py:3823} INFO - Setting next_dagrun for example_branch_dop_operator_v3 to 2024-12-22 22:55:00+00:00, run_after=2024-12-22 22:56:00+00:00
[2024-12-22T22:56:09.905+0000] {processor.py:183} INFO - Processing /home/airflow/.local/lib/python3.11/site-packages/airflow/example_dags/example_branch_python_dop_operator_3.py took 0.112 seconds
[2024-12-22T22:56:40.107+0000] {processor.py:161} INFO - Started process (PID=1084) to work on /home/airflow/.local/lib/python3.11/site-packages/airflow/example_dags/example_branch_python_dop_operator_3.py
[2024-12-22T22:56:40.110+0000] {processor.py:830} INFO - Processing file /home/airflow/.local/lib/python3.11/site-packages/airflow/example_dags/example_branch_python_dop_operator_3.py for tasks to queue
[2024-12-22T22:56:40.114+0000] {logging_mixin.py:188} INFO - [2024-12-22T22:56:40.113+0000] {dagbag.py:538} INFO - Filling up the DagBag from /home/airflow/.local/lib/python3.11/site-packages/airflow/example_dags/example_branch_python_dop_operator_3.py
[2024-12-22T22:56:40.132+0000] {processor.py:840} INFO - DAG(s) 'example_branch_dop_operator_v3' retrieved from /home/airflow/.local/lib/python3.11/site-packages/airflow/example_dags/example_branch_python_dop_operator_3.py
[2024-12-22T22:56:40.158+0000] {logging_mixin.py:188} INFO - [2024-12-22T22:56:40.158+0000] {dag.py:3036} INFO - Sync 1 DAGs
[2024-12-22T22:56:40.190+0000] {logging_mixin.py:188} INFO - [2024-12-22T22:56:40.190+0000] {dag.py:3823} INFO - Setting next_dagrun for example_branch_dop_operator_v3 to 2024-12-22 22:55:00+00:00, run_after=2024-12-22 22:56:00+00:00
[2024-12-22T22:56:40.230+0000] {processor.py:183} INFO - Processing /home/airflow/.local/lib/python3.11/site-packages/airflow/example_dags/example_branch_python_dop_operator_3.py took 0.130 seconds
[2024-12-22T22:57:10.410+0000] {processor.py:161} INFO - Started process (PID=1156) to work on /home/airflow/.local/lib/python3.11/site-packages/airflow/example_dags/example_branch_python_dop_operator_3.py
[2024-12-22T22:57:10.412+0000] {processor.py:830} INFO - Processing file /home/airflow/.local/lib/python3.11/site-packages/airflow/example_dags/example_branch_python_dop_operator_3.py for tasks to queue
[2024-12-22T22:57:10.414+0000] {logging_mixin.py:188} INFO - [2024-12-22T22:57:10.414+0000] {dagbag.py:538} INFO - Filling up the DagBag from /home/airflow/.local/lib/python3.11/site-packages/airflow/example_dags/example_branch_python_dop_operator_3.py
[2024-12-22T22:57:10.427+0000] {processor.py:840} INFO - DAG(s) 'example_branch_dop_operator_v3' retrieved from /home/airflow/.local/lib/python3.11/site-packages/airflow/example_dags/example_branch_python_dop_operator_3.py
[2024-12-22T22:57:10.455+0000] {logging_mixin.py:188} INFO - [2024-12-22T22:57:10.455+0000] {dag.py:3036} INFO - Sync 1 DAGs
[2024-12-22T22:57:10.488+0000] {logging_mixin.py:188} INFO - [2024-12-22T22:57:10.487+0000] {dag.py:3823} INFO - Setting next_dagrun for example_branch_dop_operator_v3 to 2024-12-22 22:56:00+00:00, run_after=2024-12-22 22:57:00+00:00
[2024-12-22T22:57:10.512+0000] {processor.py:183} INFO - Processing /home/airflow/.local/lib/python3.11/site-packages/airflow/example_dags/example_branch_python_dop_operator_3.py took 0.107 seconds
[2024-12-22T22:57:40.783+0000] {processor.py:161} INFO - Started process (PID=1235) to work on /home/airflow/.local/lib/python3.11/site-packages/airflow/example_dags/example_branch_python_dop_operator_3.py
[2024-12-22T22:57:40.784+0000] {processor.py:830} INFO - Processing file /home/airflow/.local/lib/python3.11/site-packages/airflow/example_dags/example_branch_python_dop_operator_3.py for tasks to queue
[2024-12-22T22:57:40.786+0000] {logging_mixin.py:188} INFO - [2024-12-22T22:57:40.786+0000] {dagbag.py:538} INFO - Filling up the DagBag from /home/airflow/.local/lib/python3.11/site-packages/airflow/example_dags/example_branch_python_dop_operator_3.py
[2024-12-22T22:57:40.796+0000] {processor.py:840} INFO - DAG(s) 'example_branch_dop_operator_v3' retrieved from /home/airflow/.local/lib/python3.11/site-packages/airflow/example_dags/example_branch_python_dop_operator_3.py
[2024-12-22T22:57:40.819+0000] {logging_mixin.py:188} INFO - [2024-12-22T22:57:40.818+0000] {dag.py:3036} INFO - Sync 1 DAGs
[2024-12-22T22:57:40.850+0000] {logging_mixin.py:188} INFO - [2024-12-22T22:57:40.850+0000] {dag.py:3823} INFO - Setting next_dagrun for example_branch_dop_operator_v3 to 2024-12-22 22:56:00+00:00, run_after=2024-12-22 22:57:00+00:00
[2024-12-22T22:57:40.872+0000] {processor.py:183} INFO - Processing /home/airflow/.local/lib/python3.11/site-packages/airflow/example_dags/example_branch_python_dop_operator_3.py took 0.093 seconds
[2024-12-22T22:58:11.359+0000] {processor.py:161} INFO - Started process (PID=1307) to work on /home/airflow/.local/lib/python3.11/site-packages/airflow/example_dags/example_branch_python_dop_operator_3.py
[2024-12-22T22:58:11.360+0000] {processor.py:830} INFO - Processing file /home/airflow/.local/lib/python3.11/site-packages/airflow/example_dags/example_branch_python_dop_operator_3.py for tasks to queue
[2024-12-22T22:58:11.363+0000] {logging_mixin.py:188} INFO - [2024-12-22T22:58:11.362+0000] {dagbag.py:538} INFO - Filling up the DagBag from /home/airflow/.local/lib/python3.11/site-packages/airflow/example_dags/example_branch_python_dop_operator_3.py
[2024-12-22T22:58:11.377+0000] {processor.py:840} INFO - DAG(s) 'example_branch_dop_operator_v3' retrieved from /home/airflow/.local/lib/python3.11/site-packages/airflow/example_dags/example_branch_python_dop_operator_3.py
[2024-12-22T22:58:11.404+0000] {logging_mixin.py:188} INFO - [2024-12-22T22:58:11.404+0000] {dag.py:3036} INFO - Sync 1 DAGs
[2024-12-22T22:58:11.446+0000] {logging_mixin.py:188} INFO - [2024-12-22T22:58:11.445+0000] {dag.py:3823} INFO - Setting next_dagrun for example_branch_dop_operator_v3 to 2024-12-22 22:57:00+00:00, run_after=2024-12-22 22:58:00+00:00
[2024-12-22T22:58:11.487+0000] {processor.py:183} INFO - Processing /home/airflow/.local/lib/python3.11/site-packages/airflow/example_dags/example_branch_python_dop_operator_3.py took 0.133 seconds
[2024-12-22T22:58:42.494+0000] {processor.py:161} INFO - Started process (PID=1379) to work on /home/airflow/.local/lib/python3.11/site-packages/airflow/example_dags/example_branch_python_dop_operator_3.py
[2024-12-22T22:58:42.496+0000] {processor.py:830} INFO - Processing file /home/airflow/.local/lib/python3.11/site-packages/airflow/example_dags/example_branch_python_dop_operator_3.py for tasks to queue
[2024-12-22T22:58:42.501+0000] {logging_mixin.py:188} INFO - [2024-12-22T22:58:42.500+0000] {dagbag.py:538} INFO - Filling up the DagBag from /home/airflow/.local/lib/python3.11/site-packages/airflow/example_dags/example_branch_python_dop_operator_3.py
[2024-12-22T22:58:42.517+0000] {processor.py:840} INFO - DAG(s) 'example_branch_dop_operator_v3' retrieved from /home/airflow/.local/lib/python3.11/site-packages/airflow/example_dags/example_branch_python_dop_operator_3.py
[2024-12-22T22:58:42.547+0000] {logging_mixin.py:188} INFO - [2024-12-22T22:58:42.546+0000] {dag.py:3036} INFO - Sync 1 DAGs
[2024-12-22T22:58:42.590+0000] {logging_mixin.py:188} INFO - [2024-12-22T22:58:42.589+0000] {dag.py:3823} INFO - Setting next_dagrun for example_branch_dop_operator_v3 to 2024-12-22 22:57:00+00:00, run_after=2024-12-22 22:58:00+00:00
[2024-12-22T22:58:42.633+0000] {processor.py:183} INFO - Processing /home/airflow/.local/lib/python3.11/site-packages/airflow/example_dags/example_branch_python_dop_operator_3.py took 0.144 seconds
[2024-12-22T22:59:12.986+0000] {processor.py:161} INFO - Started process (PID=1451) to work on /home/airflow/.local/lib/python3.11/site-packages/airflow/example_dags/example_branch_python_dop_operator_3.py
[2024-12-22T22:59:12.987+0000] {processor.py:830} INFO - Processing file /home/airflow/.local/lib/python3.11/site-packages/airflow/example_dags/example_branch_python_dop_operator_3.py for tasks to queue
[2024-12-22T22:59:12.990+0000] {logging_mixin.py:188} INFO - [2024-12-22T22:59:12.989+0000] {dagbag.py:538} INFO - Filling up the DagBag from /home/airflow/.local/lib/python3.11/site-packages/airflow/example_dags/example_branch_python_dop_operator_3.py
[2024-12-22T22:59:13.000+0000] {processor.py:840} INFO - DAG(s) 'example_branch_dop_operator_v3' retrieved from /home/airflow/.local/lib/python3.11/site-packages/airflow/example_dags/example_branch_python_dop_operator_3.py
[2024-12-22T22:59:13.023+0000] {logging_mixin.py:188} INFO - [2024-12-22T22:59:13.022+0000] {dag.py:3036} INFO - Sync 1 DAGs
[2024-12-22T22:59:13.053+0000] {logging_mixin.py:188} INFO - [2024-12-22T22:59:13.053+0000] {dag.py:3823} INFO - Setting next_dagrun for example_branch_dop_operator_v3 to 2024-12-22 22:58:00+00:00, run_after=2024-12-22 22:59:00+00:00
[2024-12-22T22:59:13.087+0000] {processor.py:183} INFO - Processing /home/airflow/.local/lib/python3.11/site-packages/airflow/example_dags/example_branch_python_dop_operator_3.py took 0.105 seconds
[2024-12-22T22:59:43.275+0000] {processor.py:161} INFO - Started process (PID=1521) to work on /home/airflow/.local/lib/python3.11/site-packages/airflow/example_dags/example_branch_python_dop_operator_3.py
[2024-12-22T22:59:43.277+0000] {processor.py:830} INFO - Processing file /home/airflow/.local/lib/python3.11/site-packages/airflow/example_dags/example_branch_python_dop_operator_3.py for tasks to queue
[2024-12-22T22:59:43.280+0000] {logging_mixin.py:188} INFO - [2024-12-22T22:59:43.280+0000] {dagbag.py:538} INFO - Filling up the DagBag from /home/airflow/.local/lib/python3.11/site-packages/airflow/example_dags/example_branch_python_dop_operator_3.py
[2024-12-22T22:59:43.292+0000] {processor.py:840} INFO - DAG(s) 'example_branch_dop_operator_v3' retrieved from /home/airflow/.local/lib/python3.11/site-packages/airflow/example_dags/example_branch_python_dop_operator_3.py
[2024-12-22T22:59:43.319+0000] {logging_mixin.py:188} INFO - [2024-12-22T22:59:43.319+0000] {dag.py:3036} INFO - Sync 1 DAGs
[2024-12-22T22:59:43.355+0000] {logging_mixin.py:188} INFO - [2024-12-22T22:59:43.355+0000] {dag.py:3823} INFO - Setting next_dagrun for example_branch_dop_operator_v3 to 2024-12-22 22:58:00+00:00, run_after=2024-12-22 22:59:00+00:00
[2024-12-22T22:59:43.390+0000] {processor.py:183} INFO - Processing /home/airflow/.local/lib/python3.11/site-packages/airflow/example_dags/example_branch_python_dop_operator_3.py took 0.118 seconds
[2024-12-22T23:00:13.524+0000] {processor.py:161} INFO - Started process (PID=1593) to work on /home/airflow/.local/lib/python3.11/site-packages/airflow/example_dags/example_branch_python_dop_operator_3.py
[2024-12-22T23:00:13.525+0000] {processor.py:830} INFO - Processing file /home/airflow/.local/lib/python3.11/site-packages/airflow/example_dags/example_branch_python_dop_operator_3.py for tasks to queue
[2024-12-22T23:00:13.529+0000] {logging_mixin.py:188} INFO - [2024-12-22T23:00:13.528+0000] {dagbag.py:538} INFO - Filling up the DagBag from /home/airflow/.local/lib/python3.11/site-packages/airflow/example_dags/example_branch_python_dop_operator_3.py
[2024-12-22T23:00:13.542+0000] {processor.py:840} INFO - DAG(s) 'example_branch_dop_operator_v3' retrieved from /home/airflow/.local/lib/python3.11/site-packages/airflow/example_dags/example_branch_python_dop_operator_3.py
[2024-12-22T23:00:13.570+0000] {logging_mixin.py:188} INFO - [2024-12-22T23:00:13.570+0000] {dag.py:3036} INFO - Sync 1 DAGs
[2024-12-22T23:00:13.608+0000] {logging_mixin.py:188} INFO - [2024-12-22T23:00:13.607+0000] {dag.py:3823} INFO - Setting next_dagrun for example_branch_dop_operator_v3 to 2024-12-22 22:59:00+00:00, run_after=2024-12-22 23:00:00+00:00
[2024-12-22T23:00:13.637+0000] {processor.py:183} INFO - Processing /home/airflow/.local/lib/python3.11/site-packages/airflow/example_dags/example_branch_python_dop_operator_3.py took 0.118 seconds
[2024-12-22T23:00:44.190+0000] {processor.py:161} INFO - Started process (PID=1666) to work on /home/airflow/.local/lib/python3.11/site-packages/airflow/example_dags/example_branch_python_dop_operator_3.py
[2024-12-22T23:00:44.196+0000] {processor.py:830} INFO - Processing file /home/airflow/.local/lib/python3.11/site-packages/airflow/example_dags/example_branch_python_dop_operator_3.py for tasks to queue
[2024-12-22T23:00:44.203+0000] {logging_mixin.py:188} INFO - [2024-12-22T23:00:44.202+0000] {dagbag.py:538} INFO - Filling up the DagBag from /home/airflow/.local/lib/python3.11/site-packages/airflow/example_dags/example_branch_python_dop_operator_3.py
[2024-12-22T23:00:44.225+0000] {processor.py:840} INFO - DAG(s) 'example_branch_dop_operator_v3' retrieved from /home/airflow/.local/lib/python3.11/site-packages/airflow/example_dags/example_branch_python_dop_operator_3.py
[2024-12-22T23:00:44.252+0000] {logging_mixin.py:188} INFO - [2024-12-22T23:00:44.251+0000] {dag.py:3036} INFO - Sync 1 DAGs
[2024-12-22T23:00:44.284+0000] {logging_mixin.py:188} INFO - [2024-12-22T23:00:44.283+0000] {dag.py:3823} INFO - Setting next_dagrun for example_branch_dop_operator_v3 to 2024-12-22 22:59:00+00:00, run_after=2024-12-22 23:00:00+00:00
[2024-12-22T23:00:44.311+0000] {processor.py:183} INFO - Processing /home/airflow/.local/lib/python3.11/site-packages/airflow/example_dags/example_branch_python_dop_operator_3.py took 0.134 seconds
[2024-12-22T23:01:14.550+0000] {processor.py:161} INFO - Started process (PID=1744) to work on /home/airflow/.local/lib/python3.11/site-packages/airflow/example_dags/example_branch_python_dop_operator_3.py
[2024-12-22T23:01:14.551+0000] {processor.py:830} INFO - Processing file /home/airflow/.local/lib/python3.11/site-packages/airflow/example_dags/example_branch_python_dop_operator_3.py for tasks to queue
[2024-12-22T23:01:14.554+0000] {logging_mixin.py:188} INFO - [2024-12-22T23:01:14.554+0000] {dagbag.py:538} INFO - Filling up the DagBag from /home/airflow/.local/lib/python3.11/site-packages/airflow/example_dags/example_branch_python_dop_operator_3.py
[2024-12-22T23:01:14.565+0000] {processor.py:840} INFO - DAG(s) 'example_branch_dop_operator_v3' retrieved from /home/airflow/.local/lib/python3.11/site-packages/airflow/example_dags/example_branch_python_dop_operator_3.py
[2024-12-22T23:01:14.590+0000] {logging_mixin.py:188} INFO - [2024-12-22T23:01:14.590+0000] {dag.py:3036} INFO - Sync 1 DAGs
[2024-12-22T23:01:14.621+0000] {logging_mixin.py:188} INFO - [2024-12-22T23:01:14.620+0000] {dag.py:3823} INFO - Setting next_dagrun for example_branch_dop_operator_v3 to 2024-12-22 23:00:00+00:00, run_after=2024-12-22 23:01:00+00:00
[2024-12-22T23:01:14.651+0000] {processor.py:183} INFO - Processing /home/airflow/.local/lib/python3.11/site-packages/airflow/example_dags/example_branch_python_dop_operator_3.py took 0.105 seconds
[2024-12-22T23:01:45.019+0000] {processor.py:161} INFO - Started process (PID=1816) to work on /home/airflow/.local/lib/python3.11/site-packages/airflow/example_dags/example_branch_python_dop_operator_3.py
[2024-12-22T23:01:45.021+0000] {processor.py:830} INFO - Processing file /home/airflow/.local/lib/python3.11/site-packages/airflow/example_dags/example_branch_python_dop_operator_3.py for tasks to queue
[2024-12-22T23:01:45.023+0000] {logging_mixin.py:188} INFO - [2024-12-22T23:01:45.023+0000] {dagbag.py:538} INFO - Filling up the DagBag from /home/airflow/.local/lib/python3.11/site-packages/airflow/example_dags/example_branch_python_dop_operator_3.py
[2024-12-22T23:01:45.038+0000] {processor.py:840} INFO - DAG(s) 'example_branch_dop_operator_v3' retrieved from /home/airflow/.local/lib/python3.11/site-packages/airflow/example_dags/example_branch_python_dop_operator_3.py
[2024-12-22T23:01:45.066+0000] {logging_mixin.py:188} INFO - [2024-12-22T23:01:45.066+0000] {dag.py:3036} INFO - Sync 1 DAGs
[2024-12-22T23:01:45.101+0000] {logging_mixin.py:188} INFO - [2024-12-22T23:01:45.101+0000] {dag.py:3823} INFO - Setting next_dagrun for example_branch_dop_operator_v3 to 2024-12-22 23:00:00+00:00, run_after=2024-12-22 23:01:00+00:00
[2024-12-22T23:01:45.134+0000] {processor.py:183} INFO - Processing /home/airflow/.local/lib/python3.11/site-packages/airflow/example_dags/example_branch_python_dop_operator_3.py took 0.121 seconds
[2024-12-22T23:02:15.965+0000] {processor.py:161} INFO - Started process (PID=1888) to work on /home/airflow/.local/lib/python3.11/site-packages/airflow/example_dags/example_branch_python_dop_operator_3.py
[2024-12-22T23:02:15.966+0000] {processor.py:830} INFO - Processing file /home/airflow/.local/lib/python3.11/site-packages/airflow/example_dags/example_branch_python_dop_operator_3.py for tasks to queue
[2024-12-22T23:02:15.969+0000] {logging_mixin.py:188} INFO - [2024-12-22T23:02:15.969+0000] {dagbag.py:538} INFO - Filling up the DagBag from /home/airflow/.local/lib/python3.11/site-packages/airflow/example_dags/example_branch_python_dop_operator_3.py
[2024-12-22T23:02:15.981+0000] {processor.py:840} INFO - DAG(s) 'example_branch_dop_operator_v3' retrieved from /home/airflow/.local/lib/python3.11/site-packages/airflow/example_dags/example_branch_python_dop_operator_3.py
[2024-12-22T23:02:16.015+0000] {logging_mixin.py:188} INFO - [2024-12-22T23:02:16.014+0000] {dag.py:3036} INFO - Sync 1 DAGs
[2024-12-22T23:02:16.053+0000] {logging_mixin.py:188} INFO - [2024-12-22T23:02:16.052+0000] {dag.py:3823} INFO - Setting next_dagrun for example_branch_dop_operator_v3 to 2024-12-22 23:01:00+00:00, run_after=2024-12-22 23:02:00+00:00
[2024-12-22T23:02:16.096+0000] {processor.py:183} INFO - Processing /home/airflow/.local/lib/python3.11/site-packages/airflow/example_dags/example_branch_python_dop_operator_3.py took 0.135 seconds
[2024-12-22T23:02:46.495+0000] {processor.py:161} INFO - Started process (PID=1960) to work on /home/airflow/.local/lib/python3.11/site-packages/airflow/example_dags/example_branch_python_dop_operator_3.py
[2024-12-22T23:02:46.497+0000] {processor.py:830} INFO - Processing file /home/airflow/.local/lib/python3.11/site-packages/airflow/example_dags/example_branch_python_dop_operator_3.py for tasks to queue
[2024-12-22T23:02:46.499+0000] {logging_mixin.py:188} INFO - [2024-12-22T23:02:46.499+0000] {dagbag.py:538} INFO - Filling up the DagBag from /home/airflow/.local/lib/python3.11/site-packages/airflow/example_dags/example_branch_python_dop_operator_3.py
[2024-12-22T23:02:46.510+0000] {processor.py:840} INFO - DAG(s) 'example_branch_dop_operator_v3' retrieved from /home/airflow/.local/lib/python3.11/site-packages/airflow/example_dags/example_branch_python_dop_operator_3.py
[2024-12-22T23:02:46.538+0000] {logging_mixin.py:188} INFO - [2024-12-22T23:02:46.537+0000] {dag.py:3036} INFO - Sync 1 DAGs
[2024-12-22T23:02:46.572+0000] {logging_mixin.py:188} INFO - [2024-12-22T23:02:46.572+0000] {dag.py:3823} INFO - Setting next_dagrun for example_branch_dop_operator_v3 to 2024-12-22 23:01:00+00:00, run_after=2024-12-22 23:02:00+00:00
[2024-12-22T23:02:46.597+0000] {processor.py:183} INFO - Processing /home/airflow/.local/lib/python3.11/site-packages/airflow/example_dags/example_branch_python_dop_operator_3.py took 0.106 seconds
[2024-12-22T23:03:16.844+0000] {processor.py:161} INFO - Started process (PID=2039) to work on /home/airflow/.local/lib/python3.11/site-packages/airflow/example_dags/example_branch_python_dop_operator_3.py
[2024-12-22T23:03:16.845+0000] {processor.py:830} INFO - Processing file /home/airflow/.local/lib/python3.11/site-packages/airflow/example_dags/example_branch_python_dop_operator_3.py for tasks to queue
[2024-12-22T23:03:16.848+0000] {logging_mixin.py:188} INFO - [2024-12-22T23:03:16.847+0000] {dagbag.py:538} INFO - Filling up the DagBag from /home/airflow/.local/lib/python3.11/site-packages/airflow/example_dags/example_branch_python_dop_operator_3.py
[2024-12-22T23:03:16.858+0000] {processor.py:840} INFO - DAG(s) 'example_branch_dop_operator_v3' retrieved from /home/airflow/.local/lib/python3.11/site-packages/airflow/example_dags/example_branch_python_dop_operator_3.py
[2024-12-22T23:03:16.880+0000] {logging_mixin.py:188} INFO - [2024-12-22T23:03:16.880+0000] {dag.py:3036} INFO - Sync 1 DAGs
[2024-12-22T23:03:16.908+0000] {logging_mixin.py:188} INFO - [2024-12-22T23:03:16.908+0000] {dag.py:3823} INFO - Setting next_dagrun for example_branch_dop_operator_v3 to 2024-12-22 23:02:00+00:00, run_after=2024-12-22 23:03:00+00:00
[2024-12-22T23:03:16.937+0000] {processor.py:183} INFO - Processing /home/airflow/.local/lib/python3.11/site-packages/airflow/example_dags/example_branch_python_dop_operator_3.py took 0.096 seconds
[2024-12-22T23:03:47.685+0000] {processor.py:161} INFO - Started process (PID=2111) to work on /home/airflow/.local/lib/python3.11/site-packages/airflow/example_dags/example_branch_python_dop_operator_3.py
[2024-12-22T23:03:47.686+0000] {processor.py:830} INFO - Processing file /home/airflow/.local/lib/python3.11/site-packages/airflow/example_dags/example_branch_python_dop_operator_3.py for tasks to queue
[2024-12-22T23:03:47.689+0000] {logging_mixin.py:188} INFO - [2024-12-22T23:03:47.689+0000] {dagbag.py:538} INFO - Filling up the DagBag from /home/airflow/.local/lib/python3.11/site-packages/airflow/example_dags/example_branch_python_dop_operator_3.py
[2024-12-22T23:03:47.703+0000] {processor.py:840} INFO - DAG(s) 'example_branch_dop_operator_v3' retrieved from /home/airflow/.local/lib/python3.11/site-packages/airflow/example_dags/example_branch_python_dop_operator_3.py
[2024-12-22T23:03:47.730+0000] {logging_mixin.py:188} INFO - [2024-12-22T23:03:47.729+0000] {dag.py:3036} INFO - Sync 1 DAGs
[2024-12-22T23:03:47.765+0000] {logging_mixin.py:188} INFO - [2024-12-22T23:03:47.764+0000] {dag.py:3823} INFO - Setting next_dagrun for example_branch_dop_operator_v3 to 2024-12-22 23:02:00+00:00, run_after=2024-12-22 23:03:00+00:00
[2024-12-22T23:03:47.791+0000] {processor.py:183} INFO - Processing /home/airflow/.local/lib/python3.11/site-packages/airflow/example_dags/example_branch_python_dop_operator_3.py took 0.111 seconds
[2024-12-22T23:04:18.388+0000] {processor.py:161} INFO - Started process (PID=2175) to work on /home/airflow/.local/lib/python3.11/site-packages/airflow/example_dags/example_branch_python_dop_operator_3.py
[2024-12-22T23:04:18.390+0000] {processor.py:830} INFO - Processing file /home/airflow/.local/lib/python3.11/site-packages/airflow/example_dags/example_branch_python_dop_operator_3.py for tasks to queue
[2024-12-22T23:04:18.393+0000] {logging_mixin.py:188} INFO - [2024-12-22T23:04:18.392+0000] {dagbag.py:538} INFO - Filling up the DagBag from /home/airflow/.local/lib/python3.11/site-packages/airflow/example_dags/example_branch_python_dop_operator_3.py
[2024-12-22T23:04:18.404+0000] {processor.py:840} INFO - DAG(s) 'example_branch_dop_operator_v3' retrieved from /home/airflow/.local/lib/python3.11/site-packages/airflow/example_dags/example_branch_python_dop_operator_3.py
[2024-12-22T23:04:18.433+0000] {logging_mixin.py:188} INFO - [2024-12-22T23:04:18.433+0000] {dag.py:3036} INFO - Sync 1 DAGs
[2024-12-22T23:04:18.471+0000] {logging_mixin.py:188} INFO - [2024-12-22T23:04:18.471+0000] {dag.py:3823} INFO - Setting next_dagrun for example_branch_dop_operator_v3 to 2024-12-22 23:03:00+00:00, run_after=2024-12-22 23:04:00+00:00
[2024-12-22T23:04:18.501+0000] {processor.py:183} INFO - Processing /home/airflow/.local/lib/python3.11/site-packages/airflow/example_dags/example_branch_python_dop_operator_3.py took 0.118 seconds
[2024-12-22T23:04:48.722+0000] {processor.py:161} INFO - Started process (PID=2246) to work on /home/airflow/.local/lib/python3.11/site-packages/airflow/example_dags/example_branch_python_dop_operator_3.py
[2024-12-22T23:04:48.725+0000] {processor.py:830} INFO - Processing file /home/airflow/.local/lib/python3.11/site-packages/airflow/example_dags/example_branch_python_dop_operator_3.py for tasks to queue
[2024-12-22T23:04:48.730+0000] {logging_mixin.py:188} INFO - [2024-12-22T23:04:48.730+0000] {dagbag.py:538} INFO - Filling up the DagBag from /home/airflow/.local/lib/python3.11/site-packages/airflow/example_dags/example_branch_python_dop_operator_3.py
[2024-12-22T23:04:48.748+0000] {processor.py:840} INFO - DAG(s) 'example_branch_dop_operator_v3' retrieved from /home/airflow/.local/lib/python3.11/site-packages/airflow/example_dags/example_branch_python_dop_operator_3.py
[2024-12-22T23:04:48.775+0000] {logging_mixin.py:188} INFO - [2024-12-22T23:04:48.774+0000] {dag.py:3036} INFO - Sync 1 DAGs
[2024-12-22T23:04:48.807+0000] {logging_mixin.py:188} INFO - [2024-12-22T23:04:48.806+0000] {dag.py:3823} INFO - Setting next_dagrun for example_branch_dop_operator_v3 to 2024-12-22 23:03:00+00:00, run_after=2024-12-22 23:04:00+00:00
[2024-12-22T23:04:48.837+0000] {processor.py:183} INFO - Processing /home/airflow/.local/lib/python3.11/site-packages/airflow/example_dags/example_branch_python_dop_operator_3.py took 0.122 seconds
[2024-12-22T23:05:18.901+0000] {processor.py:161} INFO - Started process (PID=2325) to work on /home/airflow/.local/lib/python3.11/site-packages/airflow/example_dags/example_branch_python_dop_operator_3.py
[2024-12-22T23:05:18.902+0000] {processor.py:830} INFO - Processing file /home/airflow/.local/lib/python3.11/site-packages/airflow/example_dags/example_branch_python_dop_operator_3.py for tasks to queue
[2024-12-22T23:05:18.904+0000] {logging_mixin.py:188} INFO - [2024-12-22T23:05:18.904+0000] {dagbag.py:538} INFO - Filling up the DagBag from /home/airflow/.local/lib/python3.11/site-packages/airflow/example_dags/example_branch_python_dop_operator_3.py
[2024-12-22T23:05:18.916+0000] {processor.py:840} INFO - DAG(s) 'example_branch_dop_operator_v3' retrieved from /home/airflow/.local/lib/python3.11/site-packages/airflow/example_dags/example_branch_python_dop_operator_3.py
[2024-12-22T23:05:18.939+0000] {logging_mixin.py:188} INFO - [2024-12-22T23:05:18.938+0000] {dag.py:3036} INFO - Sync 1 DAGs
[2024-12-22T23:05:18.973+0000] {logging_mixin.py:188} INFO - [2024-12-22T23:05:18.973+0000] {dag.py:3823} INFO - Setting next_dagrun for example_branch_dop_operator_v3 to 2024-12-22 23:04:00+00:00, run_after=2024-12-22 23:05:00+00:00
[2024-12-22T23:05:18.999+0000] {processor.py:183} INFO - Processing /home/airflow/.local/lib/python3.11/site-packages/airflow/example_dags/example_branch_python_dop_operator_3.py took 0.103 seconds
[2024-12-22T23:05:49.289+0000] {processor.py:161} INFO - Started process (PID=2397) to work on /home/airflow/.local/lib/python3.11/site-packages/airflow/example_dags/example_branch_python_dop_operator_3.py
[2024-12-22T23:05:49.290+0000] {processor.py:830} INFO - Processing file /home/airflow/.local/lib/python3.11/site-packages/airflow/example_dags/example_branch_python_dop_operator_3.py for tasks to queue
[2024-12-22T23:05:49.293+0000] {logging_mixin.py:188} INFO - [2024-12-22T23:05:49.292+0000] {dagbag.py:538} INFO - Filling up the DagBag from /home/airflow/.local/lib/python3.11/site-packages/airflow/example_dags/example_branch_python_dop_operator_3.py
[2024-12-22T23:05:49.303+0000] {processor.py:840} INFO - DAG(s) 'example_branch_dop_operator_v3' retrieved from /home/airflow/.local/lib/python3.11/site-packages/airflow/example_dags/example_branch_python_dop_operator_3.py
[2024-12-22T23:05:49.344+0000] {logging_mixin.py:188} INFO - [2024-12-22T23:05:49.343+0000] {dag.py:3036} INFO - Sync 1 DAGs
[2024-12-22T23:05:49.378+0000] {logging_mixin.py:188} INFO - [2024-12-22T23:05:49.378+0000] {dag.py:3823} INFO - Setting next_dagrun for example_branch_dop_operator_v3 to 2024-12-22 23:04:00+00:00, run_after=2024-12-22 23:05:00+00:00
[2024-12-22T23:05:49.407+0000] {processor.py:183} INFO - Processing /home/airflow/.local/lib/python3.11/site-packages/airflow/example_dags/example_branch_python_dop_operator_3.py took 0.121 seconds
[2024-12-22T23:06:19.834+0000] {processor.py:161} INFO - Started process (PID=2469) to work on /home/airflow/.local/lib/python3.11/site-packages/airflow/example_dags/example_branch_python_dop_operator_3.py
[2024-12-22T23:06:19.836+0000] {processor.py:830} INFO - Processing file /home/airflow/.local/lib/python3.11/site-packages/airflow/example_dags/example_branch_python_dop_operator_3.py for tasks to queue
[2024-12-22T23:06:19.841+0000] {logging_mixin.py:188} INFO - [2024-12-22T23:06:19.840+0000] {dagbag.py:538} INFO - Filling up the DagBag from /home/airflow/.local/lib/python3.11/site-packages/airflow/example_dags/example_branch_python_dop_operator_3.py
[2024-12-22T23:06:19.860+0000] {processor.py:840} INFO - DAG(s) 'example_branch_dop_operator_v3' retrieved from /home/airflow/.local/lib/python3.11/site-packages/airflow/example_dags/example_branch_python_dop_operator_3.py
[2024-12-22T23:06:19.905+0000] {logging_mixin.py:188} INFO - [2024-12-22T23:06:19.904+0000] {dag.py:3036} INFO - Sync 1 DAGs
[2024-12-22T23:06:19.961+0000] {logging_mixin.py:188} INFO - [2024-12-22T23:06:19.961+0000] {dag.py:3823} INFO - Setting next_dagrun for example_branch_dop_operator_v3 to 2024-12-22 23:05:00+00:00, run_after=2024-12-22 23:06:00+00:00
[2024-12-22T23:06:19.999+0000] {processor.py:183} INFO - Processing /home/airflow/.local/lib/python3.11/site-packages/airflow/example_dags/example_branch_python_dop_operator_3.py took 0.172 seconds
[2024-12-22T23:06:50.145+0000] {processor.py:161} INFO - Started process (PID=2542) to work on /home/airflow/.local/lib/python3.11/site-packages/airflow/example_dags/example_branch_python_dop_operator_3.py
[2024-12-22T23:06:50.146+0000] {processor.py:830} INFO - Processing file /home/airflow/.local/lib/python3.11/site-packages/airflow/example_dags/example_branch_python_dop_operator_3.py for tasks to queue
[2024-12-22T23:06:50.149+0000] {logging_mixin.py:188} INFO - [2024-12-22T23:06:50.149+0000] {dagbag.py:538} INFO - Filling up the DagBag from /home/airflow/.local/lib/python3.11/site-packages/airflow/example_dags/example_branch_python_dop_operator_3.py
[2024-12-22T23:06:50.160+0000] {processor.py:840} INFO - DAG(s) 'example_branch_dop_operator_v3' retrieved from /home/airflow/.local/lib/python3.11/site-packages/airflow/example_dags/example_branch_python_dop_operator_3.py
[2024-12-22T23:06:50.183+0000] {logging_mixin.py:188} INFO - [2024-12-22T23:06:50.183+0000] {dag.py:3036} INFO - Sync 1 DAGs
[2024-12-22T23:06:50.214+0000] {logging_mixin.py:188} INFO - [2024-12-22T23:06:50.214+0000] {dag.py:3823} INFO - Setting next_dagrun for example_branch_dop_operator_v3 to 2024-12-22 23:05:00+00:00, run_after=2024-12-22 23:06:00+00:00
[2024-12-22T23:06:50.244+0000] {processor.py:183} INFO - Processing /home/airflow/.local/lib/python3.11/site-packages/airflow/example_dags/example_branch_python_dop_operator_3.py took 0.103 seconds
[2024-12-22T23:07:20.678+0000] {processor.py:161} INFO - Started process (PID=2621) to work on /home/airflow/.local/lib/python3.11/site-packages/airflow/example_dags/example_branch_python_dop_operator_3.py
[2024-12-22T23:07:20.680+0000] {processor.py:830} INFO - Processing file /home/airflow/.local/lib/python3.11/site-packages/airflow/example_dags/example_branch_python_dop_operator_3.py for tasks to queue
[2024-12-22T23:07:20.684+0000] {logging_mixin.py:188} INFO - [2024-12-22T23:07:20.683+0000] {dagbag.py:538} INFO - Filling up the DagBag from /home/airflow/.local/lib/python3.11/site-packages/airflow/example_dags/example_branch_python_dop_operator_3.py
[2024-12-22T23:07:20.698+0000] {processor.py:840} INFO - DAG(s) 'example_branch_dop_operator_v3' retrieved from /home/airflow/.local/lib/python3.11/site-packages/airflow/example_dags/example_branch_python_dop_operator_3.py
[2024-12-22T23:07:20.727+0000] {logging_mixin.py:188} INFO - [2024-12-22T23:07:20.727+0000] {dag.py:3036} INFO - Sync 1 DAGs
[2024-12-22T23:07:20.765+0000] {logging_mixin.py:188} INFO - [2024-12-22T23:07:20.765+0000] {dag.py:3823} INFO - Setting next_dagrun for example_branch_dop_operator_v3 to 2024-12-22 23:06:00+00:00, run_after=2024-12-22 23:07:00+00:00
[2024-12-22T23:07:20.800+0000] {processor.py:183} INFO - Processing /home/airflow/.local/lib/python3.11/site-packages/airflow/example_dags/example_branch_python_dop_operator_3.py took 0.127 seconds
[2024-12-22T23:07:51.532+0000] {processor.py:161} INFO - Started process (PID=2693) to work on /home/airflow/.local/lib/python3.11/site-packages/airflow/example_dags/example_branch_python_dop_operator_3.py
[2024-12-22T23:07:51.533+0000] {processor.py:830} INFO - Processing file /home/airflow/.local/lib/python3.11/site-packages/airflow/example_dags/example_branch_python_dop_operator_3.py for tasks to queue
[2024-12-22T23:07:51.536+0000] {logging_mixin.py:188} INFO - [2024-12-22T23:07:51.536+0000] {dagbag.py:538} INFO - Filling up the DagBag from /home/airflow/.local/lib/python3.11/site-packages/airflow/example_dags/example_branch_python_dop_operator_3.py
[2024-12-22T23:07:51.548+0000] {processor.py:840} INFO - DAG(s) 'example_branch_dop_operator_v3' retrieved from /home/airflow/.local/lib/python3.11/site-packages/airflow/example_dags/example_branch_python_dop_operator_3.py
[2024-12-22T23:07:51.578+0000] {logging_mixin.py:188} INFO - [2024-12-22T23:07:51.577+0000] {dag.py:3036} INFO - Sync 1 DAGs
[2024-12-22T23:07:51.617+0000] {logging_mixin.py:188} INFO - [2024-12-22T23:07:51.617+0000] {dag.py:3823} INFO - Setting next_dagrun for example_branch_dop_operator_v3 to 2024-12-22 23:06:00+00:00, run_after=2024-12-22 23:07:00+00:00
[2024-12-22T23:07:51.650+0000] {processor.py:183} INFO - Processing /home/airflow/.local/lib/python3.11/site-packages/airflow/example_dags/example_branch_python_dop_operator_3.py took 0.122 seconds
