[2024-12-22T22:50:09.445+0000] {processor.py:161} INFO - Started process (PID=169) to work on /home/airflow/.local/lib/python3.11/site-packages/airflow/example_dags/tutorial_dag.py
[2024-12-22T22:50:09.446+0000] {processor.py:830} INFO - Processing file /home/airflow/.local/lib/python3.11/site-packages/airflow/example_dags/tutorial_dag.py for tasks to queue
[2024-12-22T22:50:09.449+0000] {logging_mixin.py:188} INFO - [2024-12-22T22:50:09.449+0000] {dagbag.py:538} INFO - Filling up the DagBag from /home/airflow/.local/lib/python3.11/site-packages/airflow/example_dags/tutorial_dag.py
[2024-12-22T22:50:09.458+0000] {processor.py:840} INFO - DAG(s) 'tutorial_dag' retrieved from /home/airflow/.local/lib/python3.11/site-packages/airflow/example_dags/tutorial_dag.py
[2024-12-22T22:50:09.592+0000] {logging_mixin.py:188} INFO - [2024-12-22T22:50:09.591+0000] {override.py:1769} INFO - Created Permission View: can edit on DAG:tutorial_dag
[2024-12-22T22:50:09.605+0000] {logging_mixin.py:188} INFO - [2024-12-22T22:50:09.604+0000] {override.py:1769} INFO - Created Permission View: can delete on DAG:tutorial_dag
[2024-12-22T22:50:09.614+0000] {logging_mixin.py:188} INFO - [2024-12-22T22:50:09.613+0000] {override.py:1769} INFO - Created Permission View: can read on DAG:tutorial_dag
[2024-12-22T22:50:09.615+0000] {logging_mixin.py:188} INFO - [2024-12-22T22:50:09.614+0000] {dag.py:3036} INFO - Sync 1 DAGs
[2024-12-22T22:50:09.628+0000] {logging_mixin.py:188} INFO - [2024-12-22T22:50:09.627+0000] {dag.py:3058} INFO - Creating ORM DAG for tutorial_dag
[2024-12-22T22:50:09.629+0000] {logging_mixin.py:188} INFO - [2024-12-22T22:50:09.629+0000] {dag.py:3823} INFO - Setting next_dagrun for tutorial_dag to None, run_after=None
[2024-12-22T22:50:09.650+0000] {processor.py:183} INFO - Processing /home/airflow/.local/lib/python3.11/site-packages/airflow/example_dags/tutorial_dag.py took 0.209 seconds
[2024-12-22T22:50:40.114+0000] {processor.py:161} INFO - Started process (PID=241) to work on /home/airflow/.local/lib/python3.11/site-packages/airflow/example_dags/tutorial_dag.py
[2024-12-22T22:50:40.116+0000] {processor.py:830} INFO - Processing file /home/airflow/.local/lib/python3.11/site-packages/airflow/example_dags/tutorial_dag.py for tasks to queue
[2024-12-22T22:50:40.119+0000] {logging_mixin.py:188} INFO - [2024-12-22T22:50:40.118+0000] {dagbag.py:538} INFO - Filling up the DagBag from /home/airflow/.local/lib/python3.11/site-packages/airflow/example_dags/tutorial_dag.py
[2024-12-22T22:50:40.126+0000] {processor.py:840} INFO - DAG(s) 'tutorial_dag' retrieved from /home/airflow/.local/lib/python3.11/site-packages/airflow/example_dags/tutorial_dag.py
[2024-12-22T22:50:40.154+0000] {logging_mixin.py:188} INFO - [2024-12-22T22:50:40.154+0000] {dag.py:3036} INFO - Sync 1 DAGs
[2024-12-22T22:50:40.171+0000] {logging_mixin.py:188} INFO - [2024-12-22T22:50:40.170+0000] {dag.py:3823} INFO - Setting next_dagrun for tutorial_dag to None, run_after=None
[2024-12-22T22:50:40.203+0000] {processor.py:183} INFO - Processing /home/airflow/.local/lib/python3.11/site-packages/airflow/example_dags/tutorial_dag.py took 0.093 seconds
[2024-12-22T22:51:10.785+0000] {processor.py:161} INFO - Started process (PID=311) to work on /home/airflow/.local/lib/python3.11/site-packages/airflow/example_dags/tutorial_dag.py
[2024-12-22T22:51:10.787+0000] {processor.py:830} INFO - Processing file /home/airflow/.local/lib/python3.11/site-packages/airflow/example_dags/tutorial_dag.py for tasks to queue
[2024-12-22T22:51:10.791+0000] {logging_mixin.py:188} INFO - [2024-12-22T22:51:10.791+0000] {dagbag.py:538} INFO - Filling up the DagBag from /home/airflow/.local/lib/python3.11/site-packages/airflow/example_dags/tutorial_dag.py
[2024-12-22T22:51:10.802+0000] {processor.py:840} INFO - DAG(s) 'tutorial_dag' retrieved from /home/airflow/.local/lib/python3.11/site-packages/airflow/example_dags/tutorial_dag.py
[2024-12-22T22:51:10.845+0000] {logging_mixin.py:188} INFO - [2024-12-22T22:51:10.845+0000] {dag.py:3036} INFO - Sync 1 DAGs
[2024-12-22T22:51:10.870+0000] {logging_mixin.py:188} INFO - [2024-12-22T22:51:10.869+0000] {dag.py:3823} INFO - Setting next_dagrun for tutorial_dag to None, run_after=None
[2024-12-22T22:51:10.902+0000] {processor.py:183} INFO - Processing /home/airflow/.local/lib/python3.11/site-packages/airflow/example_dags/tutorial_dag.py took 0.123 seconds
[2024-12-22T22:51:41.024+0000] {processor.py:161} INFO - Started process (PID=383) to work on /home/airflow/.local/lib/python3.11/site-packages/airflow/example_dags/tutorial_dag.py
[2024-12-22T22:51:41.025+0000] {processor.py:830} INFO - Processing file /home/airflow/.local/lib/python3.11/site-packages/airflow/example_dags/tutorial_dag.py for tasks to queue
[2024-12-22T22:51:41.028+0000] {logging_mixin.py:188} INFO - [2024-12-22T22:51:41.028+0000] {dagbag.py:538} INFO - Filling up the DagBag from /home/airflow/.local/lib/python3.11/site-packages/airflow/example_dags/tutorial_dag.py
[2024-12-22T22:51:41.035+0000] {processor.py:840} INFO - DAG(s) 'tutorial_dag' retrieved from /home/airflow/.local/lib/python3.11/site-packages/airflow/example_dags/tutorial_dag.py
[2024-12-22T22:51:41.061+0000] {logging_mixin.py:188} INFO - [2024-12-22T22:51:41.061+0000] {dag.py:3036} INFO - Sync 1 DAGs
[2024-12-22T22:51:41.079+0000] {logging_mixin.py:188} INFO - [2024-12-22T22:51:41.078+0000] {dag.py:3823} INFO - Setting next_dagrun for tutorial_dag to None, run_after=None
[2024-12-22T22:51:41.102+0000] {processor.py:183} INFO - Processing /home/airflow/.local/lib/python3.11/site-packages/airflow/example_dags/tutorial_dag.py took 0.084 seconds
[2024-12-22T22:52:11.848+0000] {processor.py:161} INFO - Started process (PID=455) to work on /home/airflow/.local/lib/python3.11/site-packages/airflow/example_dags/tutorial_dag.py
[2024-12-22T22:52:11.849+0000] {processor.py:830} INFO - Processing file /home/airflow/.local/lib/python3.11/site-packages/airflow/example_dags/tutorial_dag.py for tasks to queue
[2024-12-22T22:52:11.852+0000] {logging_mixin.py:188} INFO - [2024-12-22T22:52:11.852+0000] {dagbag.py:538} INFO - Filling up the DagBag from /home/airflow/.local/lib/python3.11/site-packages/airflow/example_dags/tutorial_dag.py
[2024-12-22T22:52:11.862+0000] {processor.py:840} INFO - DAG(s) 'tutorial_dag' retrieved from /home/airflow/.local/lib/python3.11/site-packages/airflow/example_dags/tutorial_dag.py
[2024-12-22T22:52:11.895+0000] {logging_mixin.py:188} INFO - [2024-12-22T22:52:11.895+0000] {dag.py:3036} INFO - Sync 1 DAGs
[2024-12-22T22:52:11.916+0000] {logging_mixin.py:188} INFO - [2024-12-22T22:52:11.915+0000] {dag.py:3823} INFO - Setting next_dagrun for tutorial_dag to None, run_after=None
[2024-12-22T22:52:11.954+0000] {processor.py:183} INFO - Processing /home/airflow/.local/lib/python3.11/site-packages/airflow/example_dags/tutorial_dag.py took 0.112 seconds
[2024-12-22T22:52:42.686+0000] {processor.py:161} INFO - Started process (PID=534) to work on /home/airflow/.local/lib/python3.11/site-packages/airflow/example_dags/tutorial_dag.py
[2024-12-22T22:52:42.688+0000] {processor.py:830} INFO - Processing file /home/airflow/.local/lib/python3.11/site-packages/airflow/example_dags/tutorial_dag.py for tasks to queue
[2024-12-22T22:52:42.691+0000] {logging_mixin.py:188} INFO - [2024-12-22T22:52:42.690+0000] {dagbag.py:538} INFO - Filling up the DagBag from /home/airflow/.local/lib/python3.11/site-packages/airflow/example_dags/tutorial_dag.py
[2024-12-22T22:52:42.698+0000] {processor.py:840} INFO - DAG(s) 'tutorial_dag' retrieved from /home/airflow/.local/lib/python3.11/site-packages/airflow/example_dags/tutorial_dag.py
[2024-12-22T22:52:42.725+0000] {logging_mixin.py:188} INFO - [2024-12-22T22:52:42.725+0000] {dag.py:3036} INFO - Sync 1 DAGs
[2024-12-22T22:52:42.740+0000] {logging_mixin.py:188} INFO - [2024-12-22T22:52:42.740+0000] {dag.py:3823} INFO - Setting next_dagrun for tutorial_dag to None, run_after=None
[2024-12-22T22:52:42.766+0000] {processor.py:183} INFO - Processing /home/airflow/.local/lib/python3.11/site-packages/airflow/example_dags/tutorial_dag.py took 0.084 seconds
[2024-12-22T22:53:13.433+0000] {processor.py:161} INFO - Started process (PID=605) to work on /home/airflow/.local/lib/python3.11/site-packages/airflow/example_dags/tutorial_dag.py
[2024-12-22T22:53:13.435+0000] {processor.py:830} INFO - Processing file /home/airflow/.local/lib/python3.11/site-packages/airflow/example_dags/tutorial_dag.py for tasks to queue
[2024-12-22T22:53:13.437+0000] {logging_mixin.py:188} INFO - [2024-12-22T22:53:13.437+0000] {dagbag.py:538} INFO - Filling up the DagBag from /home/airflow/.local/lib/python3.11/site-packages/airflow/example_dags/tutorial_dag.py
[2024-12-22T22:53:13.445+0000] {processor.py:840} INFO - DAG(s) 'tutorial_dag' retrieved from /home/airflow/.local/lib/python3.11/site-packages/airflow/example_dags/tutorial_dag.py
[2024-12-22T22:53:13.476+0000] {logging_mixin.py:188} INFO - [2024-12-22T22:53:13.475+0000] {dag.py:3036} INFO - Sync 1 DAGs
[2024-12-22T22:53:13.495+0000] {logging_mixin.py:188} INFO - [2024-12-22T22:53:13.495+0000] {dag.py:3823} INFO - Setting next_dagrun for tutorial_dag to None, run_after=None
[2024-12-22T22:53:13.523+0000] {processor.py:183} INFO - Processing /home/airflow/.local/lib/python3.11/site-packages/airflow/example_dags/tutorial_dag.py took 0.095 seconds
[2024-12-22T22:53:43.843+0000] {processor.py:161} INFO - Started process (PID=677) to work on /home/airflow/.local/lib/python3.11/site-packages/airflow/example_dags/tutorial_dag.py
[2024-12-22T22:53:43.844+0000] {processor.py:830} INFO - Processing file /home/airflow/.local/lib/python3.11/site-packages/airflow/example_dags/tutorial_dag.py for tasks to queue
[2024-12-22T22:53:43.847+0000] {logging_mixin.py:188} INFO - [2024-12-22T22:53:43.847+0000] {dagbag.py:538} INFO - Filling up the DagBag from /home/airflow/.local/lib/python3.11/site-packages/airflow/example_dags/tutorial_dag.py
[2024-12-22T22:53:43.854+0000] {processor.py:840} INFO - DAG(s) 'tutorial_dag' retrieved from /home/airflow/.local/lib/python3.11/site-packages/airflow/example_dags/tutorial_dag.py
[2024-12-22T22:53:43.882+0000] {logging_mixin.py:188} INFO - [2024-12-22T22:53:43.882+0000] {dag.py:3036} INFO - Sync 1 DAGs
[2024-12-22T22:53:43.919+0000] {logging_mixin.py:188} INFO - [2024-12-22T22:53:43.919+0000] {dag.py:3823} INFO - Setting next_dagrun for tutorial_dag to None, run_after=None
[2024-12-22T22:53:43.948+0000] {processor.py:183} INFO - Processing /home/airflow/.local/lib/python3.11/site-packages/airflow/example_dags/tutorial_dag.py took 0.110 seconds
[2024-12-22T22:54:14.284+0000] {processor.py:161} INFO - Started process (PID=750) to work on /home/airflow/.local/lib/python3.11/site-packages/airflow/example_dags/tutorial_dag.py
[2024-12-22T22:54:14.286+0000] {processor.py:830} INFO - Processing file /home/airflow/.local/lib/python3.11/site-packages/airflow/example_dags/tutorial_dag.py for tasks to queue
[2024-12-22T22:54:14.291+0000] {logging_mixin.py:188} INFO - [2024-12-22T22:54:14.290+0000] {dagbag.py:538} INFO - Filling up the DagBag from /home/airflow/.local/lib/python3.11/site-packages/airflow/example_dags/tutorial_dag.py
[2024-12-22T22:54:14.304+0000] {processor.py:840} INFO - DAG(s) 'tutorial_dag' retrieved from /home/airflow/.local/lib/python3.11/site-packages/airflow/example_dags/tutorial_dag.py
[2024-12-22T22:54:14.337+0000] {logging_mixin.py:188} INFO - [2024-12-22T22:54:14.337+0000] {dag.py:3036} INFO - Sync 1 DAGs
[2024-12-22T22:54:14.354+0000] {logging_mixin.py:188} INFO - [2024-12-22T22:54:14.354+0000] {dag.py:3823} INFO - Setting next_dagrun for tutorial_dag to None, run_after=None
[2024-12-22T22:54:14.384+0000] {processor.py:183} INFO - Processing /home/airflow/.local/lib/python3.11/site-packages/airflow/example_dags/tutorial_dag.py took 0.107 seconds
[2024-12-22T22:54:44.849+0000] {processor.py:161} INFO - Started process (PID=829) to work on /home/airflow/.local/lib/python3.11/site-packages/airflow/example_dags/tutorial_dag.py
[2024-12-22T22:54:44.850+0000] {processor.py:830} INFO - Processing file /home/airflow/.local/lib/python3.11/site-packages/airflow/example_dags/tutorial_dag.py for tasks to queue
[2024-12-22T22:54:44.853+0000] {logging_mixin.py:188} INFO - [2024-12-22T22:54:44.853+0000] {dagbag.py:538} INFO - Filling up the DagBag from /home/airflow/.local/lib/python3.11/site-packages/airflow/example_dags/tutorial_dag.py
[2024-12-22T22:54:44.862+0000] {processor.py:840} INFO - DAG(s) 'tutorial_dag' retrieved from /home/airflow/.local/lib/python3.11/site-packages/airflow/example_dags/tutorial_dag.py
[2024-12-22T22:54:44.891+0000] {logging_mixin.py:188} INFO - [2024-12-22T22:54:44.890+0000] {dag.py:3036} INFO - Sync 1 DAGs
[2024-12-22T22:54:44.907+0000] {logging_mixin.py:188} INFO - [2024-12-22T22:54:44.907+0000] {dag.py:3823} INFO - Setting next_dagrun for tutorial_dag to None, run_after=None
[2024-12-22T22:54:44.936+0000] {processor.py:183} INFO - Processing /home/airflow/.local/lib/python3.11/site-packages/airflow/example_dags/tutorial_dag.py took 0.093 seconds
[2024-12-22T22:55:15.864+0000] {processor.py:161} INFO - Started process (PID=901) to work on /home/airflow/.local/lib/python3.11/site-packages/airflow/example_dags/tutorial_dag.py
[2024-12-22T22:55:15.866+0000] {processor.py:830} INFO - Processing file /home/airflow/.local/lib/python3.11/site-packages/airflow/example_dags/tutorial_dag.py for tasks to queue
[2024-12-22T22:55:15.868+0000] {logging_mixin.py:188} INFO - [2024-12-22T22:55:15.868+0000] {dagbag.py:538} INFO - Filling up the DagBag from /home/airflow/.local/lib/python3.11/site-packages/airflow/example_dags/tutorial_dag.py
[2024-12-22T22:55:15.875+0000] {processor.py:840} INFO - DAG(s) 'tutorial_dag' retrieved from /home/airflow/.local/lib/python3.11/site-packages/airflow/example_dags/tutorial_dag.py
[2024-12-22T22:55:15.903+0000] {logging_mixin.py:188} INFO - [2024-12-22T22:55:15.902+0000] {dag.py:3036} INFO - Sync 1 DAGs
[2024-12-22T22:55:15.921+0000] {logging_mixin.py:188} INFO - [2024-12-22T22:55:15.920+0000] {dag.py:3823} INFO - Setting next_dagrun for tutorial_dag to None, run_after=None
[2024-12-22T22:55:15.947+0000] {processor.py:183} INFO - Processing /home/airflow/.local/lib/python3.11/site-packages/airflow/example_dags/tutorial_dag.py took 0.087 seconds
[2024-12-22T22:55:47.394+0000] {processor.py:161} INFO - Started process (PID=973) to work on /home/airflow/.local/lib/python3.11/site-packages/airflow/example_dags/tutorial_dag.py
[2024-12-22T22:55:47.396+0000] {processor.py:830} INFO - Processing file /home/airflow/.local/lib/python3.11/site-packages/airflow/example_dags/tutorial_dag.py for tasks to queue
[2024-12-22T22:55:47.399+0000] {logging_mixin.py:188} INFO - [2024-12-22T22:55:47.398+0000] {dagbag.py:538} INFO - Filling up the DagBag from /home/airflow/.local/lib/python3.11/site-packages/airflow/example_dags/tutorial_dag.py
[2024-12-22T22:55:47.405+0000] {processor.py:840} INFO - DAG(s) 'tutorial_dag' retrieved from /home/airflow/.local/lib/python3.11/site-packages/airflow/example_dags/tutorial_dag.py
[2024-12-22T22:55:47.428+0000] {logging_mixin.py:188} INFO - [2024-12-22T22:55:47.428+0000] {dag.py:3036} INFO - Sync 1 DAGs
[2024-12-22T22:55:47.441+0000] {logging_mixin.py:188} INFO - [2024-12-22T22:55:47.441+0000] {dag.py:3823} INFO - Setting next_dagrun for tutorial_dag to None, run_after=None
[2024-12-22T22:55:47.463+0000] {processor.py:183} INFO - Processing /home/airflow/.local/lib/python3.11/site-packages/airflow/example_dags/tutorial_dag.py took 0.072 seconds
[2024-12-22T22:56:17.809+0000] {processor.py:161} INFO - Started process (PID=1036) to work on /home/airflow/.local/lib/python3.11/site-packages/airflow/example_dags/tutorial_dag.py
[2024-12-22T22:56:17.811+0000] {processor.py:830} INFO - Processing file /home/airflow/.local/lib/python3.11/site-packages/airflow/example_dags/tutorial_dag.py for tasks to queue
[2024-12-22T22:56:17.814+0000] {logging_mixin.py:188} INFO - [2024-12-22T22:56:17.814+0000] {dagbag.py:538} INFO - Filling up the DagBag from /home/airflow/.local/lib/python3.11/site-packages/airflow/example_dags/tutorial_dag.py
[2024-12-22T22:56:17.823+0000] {processor.py:840} INFO - DAG(s) 'tutorial_dag' retrieved from /home/airflow/.local/lib/python3.11/site-packages/airflow/example_dags/tutorial_dag.py
[2024-12-22T22:56:17.849+0000] {logging_mixin.py:188} INFO - [2024-12-22T22:56:17.849+0000] {dag.py:3036} INFO - Sync 1 DAGs
[2024-12-22T22:56:17.864+0000] {logging_mixin.py:188} INFO - [2024-12-22T22:56:17.864+0000] {dag.py:3823} INFO - Setting next_dagrun for tutorial_dag to None, run_after=None
[2024-12-22T22:56:17.887+0000] {processor.py:183} INFO - Processing /home/airflow/.local/lib/python3.11/site-packages/airflow/example_dags/tutorial_dag.py took 0.082 seconds
[2024-12-22T22:56:48.994+0000] {processor.py:161} INFO - Started process (PID=1115) to work on /home/airflow/.local/lib/python3.11/site-packages/airflow/example_dags/tutorial_dag.py
[2024-12-22T22:56:48.995+0000] {processor.py:830} INFO - Processing file /home/airflow/.local/lib/python3.11/site-packages/airflow/example_dags/tutorial_dag.py for tasks to queue
[2024-12-22T22:56:48.999+0000] {logging_mixin.py:188} INFO - [2024-12-22T22:56:48.999+0000] {dagbag.py:538} INFO - Filling up the DagBag from /home/airflow/.local/lib/python3.11/site-packages/airflow/example_dags/tutorial_dag.py
[2024-12-22T22:56:49.006+0000] {processor.py:840} INFO - DAG(s) 'tutorial_dag' retrieved from /home/airflow/.local/lib/python3.11/site-packages/airflow/example_dags/tutorial_dag.py
[2024-12-22T22:56:49.034+0000] {logging_mixin.py:188} INFO - [2024-12-22T22:56:49.034+0000] {dag.py:3036} INFO - Sync 1 DAGs
[2024-12-22T22:56:49.051+0000] {logging_mixin.py:188} INFO - [2024-12-22T22:56:49.051+0000] {dag.py:3823} INFO - Setting next_dagrun for tutorial_dag to None, run_after=None
[2024-12-22T22:56:49.075+0000] {processor.py:183} INFO - Processing /home/airflow/.local/lib/python3.11/site-packages/airflow/example_dags/tutorial_dag.py took 0.086 seconds
[2024-12-22T22:57:19.193+0000] {processor.py:161} INFO - Started process (PID=1187) to work on /home/airflow/.local/lib/python3.11/site-packages/airflow/example_dags/tutorial_dag.py
[2024-12-22T22:57:19.195+0000] {processor.py:830} INFO - Processing file /home/airflow/.local/lib/python3.11/site-packages/airflow/example_dags/tutorial_dag.py for tasks to queue
[2024-12-22T22:57:19.197+0000] {logging_mixin.py:188} INFO - [2024-12-22T22:57:19.197+0000] {dagbag.py:538} INFO - Filling up the DagBag from /home/airflow/.local/lib/python3.11/site-packages/airflow/example_dags/tutorial_dag.py
[2024-12-22T22:57:19.204+0000] {processor.py:840} INFO - DAG(s) 'tutorial_dag' retrieved from /home/airflow/.local/lib/python3.11/site-packages/airflow/example_dags/tutorial_dag.py
[2024-12-22T22:57:19.231+0000] {logging_mixin.py:188} INFO - [2024-12-22T22:57:19.230+0000] {dag.py:3036} INFO - Sync 1 DAGs
[2024-12-22T22:57:19.246+0000] {logging_mixin.py:188} INFO - [2024-12-22T22:57:19.246+0000] {dag.py:3823} INFO - Setting next_dagrun for tutorial_dag to None, run_after=None
[2024-12-22T22:57:19.271+0000] {processor.py:183} INFO - Processing /home/airflow/.local/lib/python3.11/site-packages/airflow/example_dags/tutorial_dag.py took 0.082 seconds
[2024-12-22T22:57:49.678+0000] {processor.py:161} INFO - Started process (PID=1259) to work on /home/airflow/.local/lib/python3.11/site-packages/airflow/example_dags/tutorial_dag.py
[2024-12-22T22:57:49.680+0000] {processor.py:830} INFO - Processing file /home/airflow/.local/lib/python3.11/site-packages/airflow/example_dags/tutorial_dag.py for tasks to queue
[2024-12-22T22:57:49.683+0000] {logging_mixin.py:188} INFO - [2024-12-22T22:57:49.682+0000] {dagbag.py:538} INFO - Filling up the DagBag from /home/airflow/.local/lib/python3.11/site-packages/airflow/example_dags/tutorial_dag.py
[2024-12-22T22:57:49.691+0000] {processor.py:840} INFO - DAG(s) 'tutorial_dag' retrieved from /home/airflow/.local/lib/python3.11/site-packages/airflow/example_dags/tutorial_dag.py
[2024-12-22T22:57:49.718+0000] {logging_mixin.py:188} INFO - [2024-12-22T22:57:49.718+0000] {dag.py:3036} INFO - Sync 1 DAGs
[2024-12-22T22:57:49.738+0000] {logging_mixin.py:188} INFO - [2024-12-22T22:57:49.738+0000] {dag.py:3823} INFO - Setting next_dagrun for tutorial_dag to None, run_after=None
[2024-12-22T22:57:49.763+0000] {processor.py:183} INFO - Processing /home/airflow/.local/lib/python3.11/site-packages/airflow/example_dags/tutorial_dag.py took 0.091 seconds
[2024-12-22T22:58:20.144+0000] {processor.py:161} INFO - Started process (PID=1338) to work on /home/airflow/.local/lib/python3.11/site-packages/airflow/example_dags/tutorial_dag.py
[2024-12-22T22:58:20.145+0000] {processor.py:830} INFO - Processing file /home/airflow/.local/lib/python3.11/site-packages/airflow/example_dags/tutorial_dag.py for tasks to queue
[2024-12-22T22:58:20.148+0000] {logging_mixin.py:188} INFO - [2024-12-22T22:58:20.147+0000] {dagbag.py:538} INFO - Filling up the DagBag from /home/airflow/.local/lib/python3.11/site-packages/airflow/example_dags/tutorial_dag.py
[2024-12-22T22:58:20.154+0000] {processor.py:840} INFO - DAG(s) 'tutorial_dag' retrieved from /home/airflow/.local/lib/python3.11/site-packages/airflow/example_dags/tutorial_dag.py
[2024-12-22T22:58:20.179+0000] {logging_mixin.py:188} INFO - [2024-12-22T22:58:20.178+0000] {dag.py:3036} INFO - Sync 1 DAGs
[2024-12-22T22:58:20.193+0000] {logging_mixin.py:188} INFO - [2024-12-22T22:58:20.193+0000] {dag.py:3823} INFO - Setting next_dagrun for tutorial_dag to None, run_after=None
[2024-12-22T22:58:20.219+0000] {processor.py:183} INFO - Processing /home/airflow/.local/lib/python3.11/site-packages/airflow/example_dags/tutorial_dag.py took 0.079 seconds
[2024-12-22T22:58:50.884+0000] {processor.py:161} INFO - Started process (PID=1410) to work on /home/airflow/.local/lib/python3.11/site-packages/airflow/example_dags/tutorial_dag.py
[2024-12-22T22:58:50.886+0000] {processor.py:830} INFO - Processing file /home/airflow/.local/lib/python3.11/site-packages/airflow/example_dags/tutorial_dag.py for tasks to queue
[2024-12-22T22:58:50.889+0000] {logging_mixin.py:188} INFO - [2024-12-22T22:58:50.889+0000] {dagbag.py:538} INFO - Filling up the DagBag from /home/airflow/.local/lib/python3.11/site-packages/airflow/example_dags/tutorial_dag.py
[2024-12-22T22:58:50.908+0000] {processor.py:840} INFO - DAG(s) 'tutorial_dag' retrieved from /home/airflow/.local/lib/python3.11/site-packages/airflow/example_dags/tutorial_dag.py
[2024-12-22T22:58:50.975+0000] {logging_mixin.py:188} INFO - [2024-12-22T22:58:50.974+0000] {dag.py:3036} INFO - Sync 1 DAGs
[2024-12-22T22:58:50.999+0000] {logging_mixin.py:188} INFO - [2024-12-22T22:58:50.998+0000] {dag.py:3823} INFO - Setting next_dagrun for tutorial_dag to None, run_after=None
[2024-12-22T22:58:51.031+0000] {processor.py:183} INFO - Processing /home/airflow/.local/lib/python3.11/site-packages/airflow/example_dags/tutorial_dag.py took 0.152 seconds
[2024-12-22T22:59:21.961+0000] {processor.py:161} INFO - Started process (PID=1482) to work on /home/airflow/.local/lib/python3.11/site-packages/airflow/example_dags/tutorial_dag.py
[2024-12-22T22:59:21.963+0000] {processor.py:830} INFO - Processing file /home/airflow/.local/lib/python3.11/site-packages/airflow/example_dags/tutorial_dag.py for tasks to queue
[2024-12-22T22:59:21.966+0000] {logging_mixin.py:188} INFO - [2024-12-22T22:59:21.966+0000] {dagbag.py:538} INFO - Filling up the DagBag from /home/airflow/.local/lib/python3.11/site-packages/airflow/example_dags/tutorial_dag.py
[2024-12-22T22:59:21.975+0000] {processor.py:840} INFO - DAG(s) 'tutorial_dag' retrieved from /home/airflow/.local/lib/python3.11/site-packages/airflow/example_dags/tutorial_dag.py
[2024-12-22T22:59:22.009+0000] {logging_mixin.py:188} INFO - [2024-12-22T22:59:22.008+0000] {dag.py:3036} INFO - Sync 1 DAGs
[2024-12-22T22:59:22.036+0000] {logging_mixin.py:188} INFO - [2024-12-22T22:59:22.036+0000] {dag.py:3823} INFO - Setting next_dagrun for tutorial_dag to None, run_after=None
[2024-12-22T22:59:22.076+0000] {processor.py:183} INFO - Processing /home/airflow/.local/lib/python3.11/site-packages/airflow/example_dags/tutorial_dag.py took 0.121 seconds
[2024-12-22T22:59:52.696+0000] {processor.py:161} INFO - Started process (PID=1554) to work on /home/airflow/.local/lib/python3.11/site-packages/airflow/example_dags/tutorial_dag.py
[2024-12-22T22:59:52.697+0000] {processor.py:830} INFO - Processing file /home/airflow/.local/lib/python3.11/site-packages/airflow/example_dags/tutorial_dag.py for tasks to queue
[2024-12-22T22:59:52.701+0000] {logging_mixin.py:188} INFO - [2024-12-22T22:59:52.700+0000] {dagbag.py:538} INFO - Filling up the DagBag from /home/airflow/.local/lib/python3.11/site-packages/airflow/example_dags/tutorial_dag.py
[2024-12-22T22:59:52.709+0000] {processor.py:840} INFO - DAG(s) 'tutorial_dag' retrieved from /home/airflow/.local/lib/python3.11/site-packages/airflow/example_dags/tutorial_dag.py
[2024-12-22T22:59:52.738+0000] {logging_mixin.py:188} INFO - [2024-12-22T22:59:52.738+0000] {dag.py:3036} INFO - Sync 1 DAGs
[2024-12-22T22:59:52.760+0000] {logging_mixin.py:188} INFO - [2024-12-22T22:59:52.760+0000] {dag.py:3823} INFO - Setting next_dagrun for tutorial_dag to None, run_after=None
[2024-12-22T22:59:52.798+0000] {processor.py:183} INFO - Processing /home/airflow/.local/lib/python3.11/site-packages/airflow/example_dags/tutorial_dag.py took 0.107 seconds
[2024-12-22T23:00:23.581+0000] {processor.py:161} INFO - Started process (PID=1633) to work on /home/airflow/.local/lib/python3.11/site-packages/airflow/example_dags/tutorial_dag.py
[2024-12-22T23:00:23.583+0000] {processor.py:830} INFO - Processing file /home/airflow/.local/lib/python3.11/site-packages/airflow/example_dags/tutorial_dag.py for tasks to queue
[2024-12-22T23:00:23.586+0000] {logging_mixin.py:188} INFO - [2024-12-22T23:00:23.585+0000] {dagbag.py:538} INFO - Filling up the DagBag from /home/airflow/.local/lib/python3.11/site-packages/airflow/example_dags/tutorial_dag.py
[2024-12-22T23:00:23.592+0000] {processor.py:840} INFO - DAG(s) 'tutorial_dag' retrieved from /home/airflow/.local/lib/python3.11/site-packages/airflow/example_dags/tutorial_dag.py
[2024-12-22T23:00:23.621+0000] {logging_mixin.py:188} INFO - [2024-12-22T23:00:23.621+0000] {dag.py:3036} INFO - Sync 1 DAGs
[2024-12-22T23:00:23.638+0000] {logging_mixin.py:188} INFO - [2024-12-22T23:00:23.638+0000] {dag.py:3823} INFO - Setting next_dagrun for tutorial_dag to None, run_after=None
[2024-12-22T23:00:23.667+0000] {processor.py:183} INFO - Processing /home/airflow/.local/lib/python3.11/site-packages/airflow/example_dags/tutorial_dag.py took 0.090 seconds
[2024-12-22T23:00:54.339+0000] {processor.py:161} INFO - Started process (PID=1696) to work on /home/airflow/.local/lib/python3.11/site-packages/airflow/example_dags/tutorial_dag.py
[2024-12-22T23:00:54.340+0000] {processor.py:830} INFO - Processing file /home/airflow/.local/lib/python3.11/site-packages/airflow/example_dags/tutorial_dag.py for tasks to queue
[2024-12-22T23:00:54.343+0000] {logging_mixin.py:188} INFO - [2024-12-22T23:00:54.343+0000] {dagbag.py:538} INFO - Filling up the DagBag from /home/airflow/.local/lib/python3.11/site-packages/airflow/example_dags/tutorial_dag.py
[2024-12-22T23:00:54.350+0000] {processor.py:840} INFO - DAG(s) 'tutorial_dag' retrieved from /home/airflow/.local/lib/python3.11/site-packages/airflow/example_dags/tutorial_dag.py
[2024-12-22T23:00:54.375+0000] {logging_mixin.py:188} INFO - [2024-12-22T23:00:54.375+0000] {dag.py:3036} INFO - Sync 1 DAGs
[2024-12-22T23:00:54.394+0000] {logging_mixin.py:188} INFO - [2024-12-22T23:00:54.394+0000] {dag.py:3823} INFO - Setting next_dagrun for tutorial_dag to None, run_after=None
[2024-12-22T23:00:54.420+0000] {processor.py:183} INFO - Processing /home/airflow/.local/lib/python3.11/site-packages/airflow/example_dags/tutorial_dag.py took 0.086 seconds
[2024-12-22T23:01:24.691+0000] {processor.py:161} INFO - Started process (PID=1768) to work on /home/airflow/.local/lib/python3.11/site-packages/airflow/example_dags/tutorial_dag.py
[2024-12-22T23:01:24.692+0000] {processor.py:830} INFO - Processing file /home/airflow/.local/lib/python3.11/site-packages/airflow/example_dags/tutorial_dag.py for tasks to queue
[2024-12-22T23:01:24.695+0000] {logging_mixin.py:188} INFO - [2024-12-22T23:01:24.694+0000] {dagbag.py:538} INFO - Filling up the DagBag from /home/airflow/.local/lib/python3.11/site-packages/airflow/example_dags/tutorial_dag.py
[2024-12-22T23:01:24.701+0000] {processor.py:840} INFO - DAG(s) 'tutorial_dag' retrieved from /home/airflow/.local/lib/python3.11/site-packages/airflow/example_dags/tutorial_dag.py
[2024-12-22T23:01:24.726+0000] {logging_mixin.py:188} INFO - [2024-12-22T23:01:24.725+0000] {dag.py:3036} INFO - Sync 1 DAGs
[2024-12-22T23:01:24.742+0000] {logging_mixin.py:188} INFO - [2024-12-22T23:01:24.742+0000] {dag.py:3823} INFO - Setting next_dagrun for tutorial_dag to None, run_after=None
[2024-12-22T23:01:24.772+0000] {processor.py:183} INFO - Processing /home/airflow/.local/lib/python3.11/site-packages/airflow/example_dags/tutorial_dag.py took 0.085 seconds
[2024-12-22T23:01:55.254+0000] {processor.py:161} INFO - Started process (PID=1847) to work on /home/airflow/.local/lib/python3.11/site-packages/airflow/example_dags/tutorial_dag.py
[2024-12-22T23:01:55.256+0000] {processor.py:830} INFO - Processing file /home/airflow/.local/lib/python3.11/site-packages/airflow/example_dags/tutorial_dag.py for tasks to queue
[2024-12-22T23:01:55.259+0000] {logging_mixin.py:188} INFO - [2024-12-22T23:01:55.259+0000] {dagbag.py:538} INFO - Filling up the DagBag from /home/airflow/.local/lib/python3.11/site-packages/airflow/example_dags/tutorial_dag.py
[2024-12-22T23:01:55.268+0000] {processor.py:840} INFO - DAG(s) 'tutorial_dag' retrieved from /home/airflow/.local/lib/python3.11/site-packages/airflow/example_dags/tutorial_dag.py
[2024-12-22T23:01:55.299+0000] {logging_mixin.py:188} INFO - [2024-12-22T23:01:55.298+0000] {dag.py:3036} INFO - Sync 1 DAGs
[2024-12-22T23:01:55.318+0000] {logging_mixin.py:188} INFO - [2024-12-22T23:01:55.318+0000] {dag.py:3823} INFO - Setting next_dagrun for tutorial_dag to None, run_after=None
[2024-12-22T23:01:55.350+0000] {processor.py:183} INFO - Processing /home/airflow/.local/lib/python3.11/site-packages/airflow/example_dags/tutorial_dag.py took 0.101 seconds
[2024-12-22T23:02:25.501+0000] {processor.py:161} INFO - Started process (PID=1919) to work on /home/airflow/.local/lib/python3.11/site-packages/airflow/example_dags/tutorial_dag.py
[2024-12-22T23:02:25.502+0000] {processor.py:830} INFO - Processing file /home/airflow/.local/lib/python3.11/site-packages/airflow/example_dags/tutorial_dag.py for tasks to queue
[2024-12-22T23:02:25.505+0000] {logging_mixin.py:188} INFO - [2024-12-22T23:02:25.505+0000] {dagbag.py:538} INFO - Filling up the DagBag from /home/airflow/.local/lib/python3.11/site-packages/airflow/example_dags/tutorial_dag.py
[2024-12-22T23:02:25.511+0000] {processor.py:840} INFO - DAG(s) 'tutorial_dag' retrieved from /home/airflow/.local/lib/python3.11/site-packages/airflow/example_dags/tutorial_dag.py
[2024-12-22T23:02:25.534+0000] {logging_mixin.py:188} INFO - [2024-12-22T23:02:25.534+0000] {dag.py:3036} INFO - Sync 1 DAGs
[2024-12-22T23:02:25.548+0000] {logging_mixin.py:188} INFO - [2024-12-22T23:02:25.547+0000] {dag.py:3823} INFO - Setting next_dagrun for tutorial_dag to None, run_after=None
[2024-12-22T23:02:25.581+0000] {processor.py:183} INFO - Processing /home/airflow/.local/lib/python3.11/site-packages/airflow/example_dags/tutorial_dag.py took 0.084 seconds
[2024-12-22T23:02:55.733+0000] {processor.py:161} INFO - Started process (PID=1991) to work on /home/airflow/.local/lib/python3.11/site-packages/airflow/example_dags/tutorial_dag.py
[2024-12-22T23:02:55.734+0000] {processor.py:830} INFO - Processing file /home/airflow/.local/lib/python3.11/site-packages/airflow/example_dags/tutorial_dag.py for tasks to queue
[2024-12-22T23:02:55.738+0000] {logging_mixin.py:188} INFO - [2024-12-22T23:02:55.737+0000] {dagbag.py:538} INFO - Filling up the DagBag from /home/airflow/.local/lib/python3.11/site-packages/airflow/example_dags/tutorial_dag.py
[2024-12-22T23:02:55.749+0000] {processor.py:840} INFO - DAG(s) 'tutorial_dag' retrieved from /home/airflow/.local/lib/python3.11/site-packages/airflow/example_dags/tutorial_dag.py
[2024-12-22T23:02:55.775+0000] {logging_mixin.py:188} INFO - [2024-12-22T23:02:55.775+0000] {dag.py:3036} INFO - Sync 1 DAGs
[2024-12-22T23:02:55.788+0000] {logging_mixin.py:188} INFO - [2024-12-22T23:02:55.788+0000] {dag.py:3823} INFO - Setting next_dagrun for tutorial_dag to None, run_after=None
[2024-12-22T23:02:55.811+0000] {processor.py:183} INFO - Processing /home/airflow/.local/lib/python3.11/site-packages/airflow/example_dags/tutorial_dag.py took 0.083 seconds
[2024-12-22T23:03:26.721+0000] {processor.py:161} INFO - Started process (PID=2063) to work on /home/airflow/.local/lib/python3.11/site-packages/airflow/example_dags/tutorial_dag.py
[2024-12-22T23:03:26.722+0000] {processor.py:830} INFO - Processing file /home/airflow/.local/lib/python3.11/site-packages/airflow/example_dags/tutorial_dag.py for tasks to queue
[2024-12-22T23:03:26.726+0000] {logging_mixin.py:188} INFO - [2024-12-22T23:03:26.725+0000] {dagbag.py:538} INFO - Filling up the DagBag from /home/airflow/.local/lib/python3.11/site-packages/airflow/example_dags/tutorial_dag.py
[2024-12-22T23:03:26.734+0000] {processor.py:840} INFO - DAG(s) 'tutorial_dag' retrieved from /home/airflow/.local/lib/python3.11/site-packages/airflow/example_dags/tutorial_dag.py
[2024-12-22T23:03:26.769+0000] {logging_mixin.py:188} INFO - [2024-12-22T23:03:26.769+0000] {dag.py:3036} INFO - Sync 1 DAGs
[2024-12-22T23:03:26.789+0000] {logging_mixin.py:188} INFO - [2024-12-22T23:03:26.789+0000] {dag.py:3823} INFO - Setting next_dagrun for tutorial_dag to None, run_after=None
[2024-12-22T23:03:26.849+0000] {processor.py:183} INFO - Processing /home/airflow/.local/lib/python3.11/site-packages/airflow/example_dags/tutorial_dag.py took 0.133 seconds
[2024-12-22T23:03:57.476+0000] {processor.py:161} INFO - Started process (PID=2142) to work on /home/airflow/.local/lib/python3.11/site-packages/airflow/example_dags/tutorial_dag.py
[2024-12-22T23:03:57.477+0000] {processor.py:830} INFO - Processing file /home/airflow/.local/lib/python3.11/site-packages/airflow/example_dags/tutorial_dag.py for tasks to queue
[2024-12-22T23:03:57.481+0000] {logging_mixin.py:188} INFO - [2024-12-22T23:03:57.480+0000] {dagbag.py:538} INFO - Filling up the DagBag from /home/airflow/.local/lib/python3.11/site-packages/airflow/example_dags/tutorial_dag.py
[2024-12-22T23:03:57.489+0000] {processor.py:840} INFO - DAG(s) 'tutorial_dag' retrieved from /home/airflow/.local/lib/python3.11/site-packages/airflow/example_dags/tutorial_dag.py
[2024-12-22T23:03:57.520+0000] {logging_mixin.py:188} INFO - [2024-12-22T23:03:57.520+0000] {dag.py:3036} INFO - Sync 1 DAGs
[2024-12-22T23:03:57.539+0000] {logging_mixin.py:188} INFO - [2024-12-22T23:03:57.539+0000] {dag.py:3823} INFO - Setting next_dagrun for tutorial_dag to None, run_after=None
[2024-12-22T23:03:57.568+0000] {processor.py:183} INFO - Processing /home/airflow/.local/lib/python3.11/site-packages/airflow/example_dags/tutorial_dag.py took 0.096 seconds
[2024-12-22T23:04:28.411+0000] {processor.py:161} INFO - Started process (PID=2214) to work on /home/airflow/.local/lib/python3.11/site-packages/airflow/example_dags/tutorial_dag.py
[2024-12-22T23:04:28.413+0000] {processor.py:830} INFO - Processing file /home/airflow/.local/lib/python3.11/site-packages/airflow/example_dags/tutorial_dag.py for tasks to queue
[2024-12-22T23:04:28.415+0000] {logging_mixin.py:188} INFO - [2024-12-22T23:04:28.415+0000] {dagbag.py:538} INFO - Filling up the DagBag from /home/airflow/.local/lib/python3.11/site-packages/airflow/example_dags/tutorial_dag.py
[2024-12-22T23:04:28.422+0000] {processor.py:840} INFO - DAG(s) 'tutorial_dag' retrieved from /home/airflow/.local/lib/python3.11/site-packages/airflow/example_dags/tutorial_dag.py
[2024-12-22T23:04:28.450+0000] {logging_mixin.py:188} INFO - [2024-12-22T23:04:28.450+0000] {dag.py:3036} INFO - Sync 1 DAGs
[2024-12-22T23:04:28.468+0000] {logging_mixin.py:188} INFO - [2024-12-22T23:04:28.468+0000] {dag.py:3823} INFO - Setting next_dagrun for tutorial_dag to None, run_after=None
[2024-12-22T23:04:28.496+0000] {processor.py:183} INFO - Processing /home/airflow/.local/lib/python3.11/site-packages/airflow/example_dags/tutorial_dag.py took 0.090 seconds
[2024-12-22T23:04:59.412+0000] {processor.py:161} INFO - Started process (PID=2286) to work on /home/airflow/.local/lib/python3.11/site-packages/airflow/example_dags/tutorial_dag.py
[2024-12-22T23:04:59.413+0000] {processor.py:830} INFO - Processing file /home/airflow/.local/lib/python3.11/site-packages/airflow/example_dags/tutorial_dag.py for tasks to queue
[2024-12-22T23:04:59.416+0000] {logging_mixin.py:188} INFO - [2024-12-22T23:04:59.415+0000] {dagbag.py:538} INFO - Filling up the DagBag from /home/airflow/.local/lib/python3.11/site-packages/airflow/example_dags/tutorial_dag.py
[2024-12-22T23:04:59.424+0000] {processor.py:840} INFO - DAG(s) 'tutorial_dag' retrieved from /home/airflow/.local/lib/python3.11/site-packages/airflow/example_dags/tutorial_dag.py
[2024-12-22T23:04:59.451+0000] {logging_mixin.py:188} INFO - [2024-12-22T23:04:59.451+0000] {dag.py:3036} INFO - Sync 1 DAGs
[2024-12-22T23:04:59.469+0000] {logging_mixin.py:188} INFO - [2024-12-22T23:04:59.469+0000] {dag.py:3823} INFO - Setting next_dagrun for tutorial_dag to None, run_after=None
[2024-12-22T23:04:59.497+0000] {processor.py:183} INFO - Processing /home/airflow/.local/lib/python3.11/site-packages/airflow/example_dags/tutorial_dag.py took 0.091 seconds
[2024-12-22T23:05:30.052+0000] {processor.py:161} INFO - Started process (PID=2365) to work on /home/airflow/.local/lib/python3.11/site-packages/airflow/example_dags/tutorial_dag.py
[2024-12-22T23:05:30.053+0000] {processor.py:830} INFO - Processing file /home/airflow/.local/lib/python3.11/site-packages/airflow/example_dags/tutorial_dag.py for tasks to queue
[2024-12-22T23:05:30.057+0000] {logging_mixin.py:188} INFO - [2024-12-22T23:05:30.056+0000] {dagbag.py:538} INFO - Filling up the DagBag from /home/airflow/.local/lib/python3.11/site-packages/airflow/example_dags/tutorial_dag.py
[2024-12-22T23:05:30.063+0000] {processor.py:840} INFO - DAG(s) 'tutorial_dag' retrieved from /home/airflow/.local/lib/python3.11/site-packages/airflow/example_dags/tutorial_dag.py
[2024-12-22T23:05:30.097+0000] {logging_mixin.py:188} INFO - [2024-12-22T23:05:30.096+0000] {dag.py:3036} INFO - Sync 1 DAGs
[2024-12-22T23:05:30.116+0000] {logging_mixin.py:188} INFO - [2024-12-22T23:05:30.116+0000] {dag.py:3823} INFO - Setting next_dagrun for tutorial_dag to None, run_after=None
[2024-12-22T23:05:30.153+0000] {processor.py:183} INFO - Processing /home/airflow/.local/lib/python3.11/site-packages/airflow/example_dags/tutorial_dag.py took 0.106 seconds
[2024-12-22T23:06:00.918+0000] {processor.py:161} INFO - Started process (PID=2428) to work on /home/airflow/.local/lib/python3.11/site-packages/airflow/example_dags/tutorial_dag.py
[2024-12-22T23:06:00.919+0000] {processor.py:830} INFO - Processing file /home/airflow/.local/lib/python3.11/site-packages/airflow/example_dags/tutorial_dag.py for tasks to queue
[2024-12-22T23:06:00.921+0000] {logging_mixin.py:188} INFO - [2024-12-22T23:06:00.921+0000] {dagbag.py:538} INFO - Filling up the DagBag from /home/airflow/.local/lib/python3.11/site-packages/airflow/example_dags/tutorial_dag.py
[2024-12-22T23:06:00.927+0000] {processor.py:840} INFO - DAG(s) 'tutorial_dag' retrieved from /home/airflow/.local/lib/python3.11/site-packages/airflow/example_dags/tutorial_dag.py
[2024-12-22T23:06:00.952+0000] {logging_mixin.py:188} INFO - [2024-12-22T23:06:00.952+0000] {dag.py:3036} INFO - Sync 1 DAGs
[2024-12-22T23:06:00.967+0000] {logging_mixin.py:188} INFO - [2024-12-22T23:06:00.967+0000] {dag.py:3823} INFO - Setting next_dagrun for tutorial_dag to None, run_after=None
[2024-12-22T23:06:00.992+0000] {processor.py:183} INFO - Processing /home/airflow/.local/lib/python3.11/site-packages/airflow/example_dags/tutorial_dag.py took 0.078 seconds
[2024-12-22T23:06:31.666+0000] {processor.py:161} INFO - Started process (PID=2500) to work on /home/airflow/.local/lib/python3.11/site-packages/airflow/example_dags/tutorial_dag.py
[2024-12-22T23:06:31.668+0000] {processor.py:830} INFO - Processing file /home/airflow/.local/lib/python3.11/site-packages/airflow/example_dags/tutorial_dag.py for tasks to queue
[2024-12-22T23:06:31.671+0000] {logging_mixin.py:188} INFO - [2024-12-22T23:06:31.670+0000] {dagbag.py:538} INFO - Filling up the DagBag from /home/airflow/.local/lib/python3.11/site-packages/airflow/example_dags/tutorial_dag.py
[2024-12-22T23:06:31.677+0000] {processor.py:840} INFO - DAG(s) 'tutorial_dag' retrieved from /home/airflow/.local/lib/python3.11/site-packages/airflow/example_dags/tutorial_dag.py
[2024-12-22T23:06:31.702+0000] {logging_mixin.py:188} INFO - [2024-12-22T23:06:31.701+0000] {dag.py:3036} INFO - Sync 1 DAGs
[2024-12-22T23:06:31.716+0000] {logging_mixin.py:188} INFO - [2024-12-22T23:06:31.716+0000] {dag.py:3823} INFO - Setting next_dagrun for tutorial_dag to None, run_after=None
[2024-12-22T23:06:31.740+0000] {processor.py:183} INFO - Processing /home/airflow/.local/lib/python3.11/site-packages/airflow/example_dags/tutorial_dag.py took 0.078 seconds
[2024-12-22T23:07:02.084+0000] {processor.py:161} INFO - Started process (PID=2573) to work on /home/airflow/.local/lib/python3.11/site-packages/airflow/example_dags/tutorial_dag.py
[2024-12-22T23:07:02.085+0000] {processor.py:830} INFO - Processing file /home/airflow/.local/lib/python3.11/site-packages/airflow/example_dags/tutorial_dag.py for tasks to queue
[2024-12-22T23:07:02.088+0000] {logging_mixin.py:188} INFO - [2024-12-22T23:07:02.088+0000] {dagbag.py:538} INFO - Filling up the DagBag from /home/airflow/.local/lib/python3.11/site-packages/airflow/example_dags/tutorial_dag.py
[2024-12-22T23:07:02.097+0000] {processor.py:840} INFO - DAG(s) 'tutorial_dag' retrieved from /home/airflow/.local/lib/python3.11/site-packages/airflow/example_dags/tutorial_dag.py
[2024-12-22T23:07:02.129+0000] {logging_mixin.py:188} INFO - [2024-12-22T23:07:02.128+0000] {dag.py:3036} INFO - Sync 1 DAGs
[2024-12-22T23:07:02.156+0000] {logging_mixin.py:188} INFO - [2024-12-22T23:07:02.155+0000] {dag.py:3823} INFO - Setting next_dagrun for tutorial_dag to None, run_after=None
[2024-12-22T23:07:02.193+0000] {processor.py:183} INFO - Processing /home/airflow/.local/lib/python3.11/site-packages/airflow/example_dags/tutorial_dag.py took 0.115 seconds
[2024-12-22T23:07:32.811+0000] {processor.py:161} INFO - Started process (PID=2652) to work on /home/airflow/.local/lib/python3.11/site-packages/airflow/example_dags/tutorial_dag.py
[2024-12-22T23:07:32.813+0000] {processor.py:830} INFO - Processing file /home/airflow/.local/lib/python3.11/site-packages/airflow/example_dags/tutorial_dag.py for tasks to queue
[2024-12-22T23:07:32.815+0000] {logging_mixin.py:188} INFO - [2024-12-22T23:07:32.815+0000] {dagbag.py:538} INFO - Filling up the DagBag from /home/airflow/.local/lib/python3.11/site-packages/airflow/example_dags/tutorial_dag.py
[2024-12-22T23:07:32.822+0000] {processor.py:840} INFO - DAG(s) 'tutorial_dag' retrieved from /home/airflow/.local/lib/python3.11/site-packages/airflow/example_dags/tutorial_dag.py
[2024-12-22T23:07:32.850+0000] {logging_mixin.py:188} INFO - [2024-12-22T23:07:32.850+0000] {dag.py:3036} INFO - Sync 1 DAGs
[2024-12-22T23:07:32.869+0000] {logging_mixin.py:188} INFO - [2024-12-22T23:07:32.869+0000] {dag.py:3823} INFO - Setting next_dagrun for tutorial_dag to None, run_after=None
[2024-12-22T23:07:32.893+0000] {processor.py:183} INFO - Processing /home/airflow/.local/lib/python3.11/site-packages/airflow/example_dags/tutorial_dag.py took 0.086 seconds
[2024-12-22T23:08:03.472+0000] {processor.py:161} INFO - Started process (PID=2724) to work on /home/airflow/.local/lib/python3.11/site-packages/airflow/example_dags/tutorial_dag.py
[2024-12-22T23:08:03.473+0000] {processor.py:830} INFO - Processing file /home/airflow/.local/lib/python3.11/site-packages/airflow/example_dags/tutorial_dag.py for tasks to queue
[2024-12-22T23:08:03.477+0000] {logging_mixin.py:188} INFO - [2024-12-22T23:08:03.476+0000] {dagbag.py:538} INFO - Filling up the DagBag from /home/airflow/.local/lib/python3.11/site-packages/airflow/example_dags/tutorial_dag.py
[2024-12-22T23:08:03.485+0000] {processor.py:840} INFO - DAG(s) 'tutorial_dag' retrieved from /home/airflow/.local/lib/python3.11/site-packages/airflow/example_dags/tutorial_dag.py
[2024-12-22T23:08:03.509+0000] {logging_mixin.py:188} INFO - [2024-12-22T23:08:03.509+0000] {dag.py:3036} INFO - Sync 1 DAGs
[2024-12-22T23:08:03.524+0000] {logging_mixin.py:188} INFO - [2024-12-22T23:08:03.524+0000] {dag.py:3823} INFO - Setting next_dagrun for tutorial_dag to None, run_after=None
[2024-12-22T23:08:03.548+0000] {processor.py:183} INFO - Processing /home/airflow/.local/lib/python3.11/site-packages/airflow/example_dags/tutorial_dag.py took 0.083 seconds
