[2024-12-22T22:50:06.173+0000] {processor.py:161} INFO - Started process (PID=150) to work on /home/airflow/.local/lib/python3.11/site-packages/airflow/example_dags/tutorial.py
[2024-12-22T22:50:06.175+0000] {processor.py:830} INFO - Processing file /home/airflow/.local/lib/python3.11/site-packages/airflow/example_dags/tutorial.py for tasks to queue
[2024-12-22T22:50:06.178+0000] {logging_mixin.py:188} INFO - [2024-12-22T22:50:06.178+0000] {dagbag.py:538} INFO - Filling up the DagBag from /home/airflow/.local/lib/python3.11/site-packages/airflow/example_dags/tutorial.py
[2024-12-22T22:50:06.190+0000] {processor.py:840} INFO - DAG(s) 'tutorial' retrieved from /home/airflow/.local/lib/python3.11/site-packages/airflow/example_dags/tutorial.py
[2024-12-22T22:50:06.334+0000] {logging_mixin.py:188} INFO - [2024-12-22T22:50:06.333+0000] {override.py:1769} INFO - Created Permission View: can edit on DAG:tutorial
[2024-12-22T22:50:06.349+0000] {logging_mixin.py:188} INFO - [2024-12-22T22:50:06.348+0000] {override.py:1769} INFO - Created Permission View: can delete on DAG:tutorial
[2024-12-22T22:50:06.360+0000] {logging_mixin.py:188} INFO - [2024-12-22T22:50:06.359+0000] {override.py:1769} INFO - Created Permission View: can read on DAG:tutorial
[2024-12-22T22:50:06.361+0000] {logging_mixin.py:188} INFO - [2024-12-22T22:50:06.360+0000] {dag.py:3036} INFO - Sync 1 DAGs
[2024-12-22T22:50:06.377+0000] {logging_mixin.py:188} INFO - [2024-12-22T22:50:06.376+0000] {dag.py:3058} INFO - Creating ORM DAG for tutorial
[2024-12-22T22:50:06.392+0000] {logging_mixin.py:188} INFO - [2024-12-22T22:50:06.392+0000] {dag.py:3823} INFO - Setting next_dagrun for tutorial to 2024-12-21 00:00:00+00:00, run_after=2024-12-22 00:00:00+00:00
[2024-12-22T22:50:06.423+0000] {processor.py:183} INFO - Processing /home/airflow/.local/lib/python3.11/site-packages/airflow/example_dags/tutorial.py took 0.255 seconds
[2024-12-22T22:50:37.134+0000] {processor.py:161} INFO - Started process (PID=214) to work on /home/airflow/.local/lib/python3.11/site-packages/airflow/example_dags/tutorial.py
[2024-12-22T22:50:37.135+0000] {processor.py:830} INFO - Processing file /home/airflow/.local/lib/python3.11/site-packages/airflow/example_dags/tutorial.py for tasks to queue
[2024-12-22T22:50:37.138+0000] {logging_mixin.py:188} INFO - [2024-12-22T22:50:37.137+0000] {dagbag.py:538} INFO - Filling up the DagBag from /home/airflow/.local/lib/python3.11/site-packages/airflow/example_dags/tutorial.py
[2024-12-22T22:50:37.146+0000] {processor.py:840} INFO - DAG(s) 'tutorial' retrieved from /home/airflow/.local/lib/python3.11/site-packages/airflow/example_dags/tutorial.py
[2024-12-22T22:50:37.175+0000] {logging_mixin.py:188} INFO - [2024-12-22T22:50:37.175+0000] {dag.py:3036} INFO - Sync 1 DAGs
[2024-12-22T22:50:37.201+0000] {logging_mixin.py:188} INFO - [2024-12-22T22:50:37.201+0000] {dag.py:3823} INFO - Setting next_dagrun for tutorial to 2024-12-21 00:00:00+00:00, run_after=2024-12-22 00:00:00+00:00
[2024-12-22T22:50:37.227+0000] {processor.py:183} INFO - Processing /home/airflow/.local/lib/python3.11/site-packages/airflow/example_dags/tutorial.py took 0.098 seconds
[2024-12-22T22:51:07.414+0000] {processor.py:161} INFO - Started process (PID=285) to work on /home/airflow/.local/lib/python3.11/site-packages/airflow/example_dags/tutorial.py
[2024-12-22T22:51:07.415+0000] {processor.py:830} INFO - Processing file /home/airflow/.local/lib/python3.11/site-packages/airflow/example_dags/tutorial.py for tasks to queue
[2024-12-22T22:51:07.418+0000] {logging_mixin.py:188} INFO - [2024-12-22T22:51:07.417+0000] {dagbag.py:538} INFO - Filling up the DagBag from /home/airflow/.local/lib/python3.11/site-packages/airflow/example_dags/tutorial.py
[2024-12-22T22:51:07.425+0000] {processor.py:840} INFO - DAG(s) 'tutorial' retrieved from /home/airflow/.local/lib/python3.11/site-packages/airflow/example_dags/tutorial.py
[2024-12-22T22:51:07.449+0000] {logging_mixin.py:188} INFO - [2024-12-22T22:51:07.449+0000] {dag.py:3036} INFO - Sync 1 DAGs
[2024-12-22T22:51:07.476+0000] {logging_mixin.py:188} INFO - [2024-12-22T22:51:07.475+0000] {dag.py:3823} INFO - Setting next_dagrun for tutorial to 2024-12-21 00:00:00+00:00, run_after=2024-12-22 00:00:00+00:00
[2024-12-22T22:51:07.508+0000] {processor.py:183} INFO - Processing /home/airflow/.local/lib/python3.11/site-packages/airflow/example_dags/tutorial.py took 0.098 seconds
[2024-12-22T22:51:38.111+0000] {processor.py:161} INFO - Started process (PID=364) to work on /home/airflow/.local/lib/python3.11/site-packages/airflow/example_dags/tutorial.py
[2024-12-22T22:51:38.113+0000] {processor.py:830} INFO - Processing file /home/airflow/.local/lib/python3.11/site-packages/airflow/example_dags/tutorial.py for tasks to queue
[2024-12-22T22:51:38.115+0000] {logging_mixin.py:188} INFO - [2024-12-22T22:51:38.115+0000] {dagbag.py:538} INFO - Filling up the DagBag from /home/airflow/.local/lib/python3.11/site-packages/airflow/example_dags/tutorial.py
[2024-12-22T22:51:38.123+0000] {processor.py:840} INFO - DAG(s) 'tutorial' retrieved from /home/airflow/.local/lib/python3.11/site-packages/airflow/example_dags/tutorial.py
[2024-12-22T22:51:38.161+0000] {logging_mixin.py:188} INFO - [2024-12-22T22:51:38.161+0000] {dag.py:3036} INFO - Sync 1 DAGs
[2024-12-22T22:51:38.195+0000] {logging_mixin.py:188} INFO - [2024-12-22T22:51:38.195+0000] {dag.py:3823} INFO - Setting next_dagrun for tutorial to 2024-12-21 00:00:00+00:00, run_after=2024-12-22 00:00:00+00:00
[2024-12-22T22:51:38.228+0000] {processor.py:183} INFO - Processing /home/airflow/.local/lib/python3.11/site-packages/airflow/example_dags/tutorial.py took 0.121 seconds
[2024-12-22T22:52:08.727+0000] {processor.py:161} INFO - Started process (PID=436) to work on /home/airflow/.local/lib/python3.11/site-packages/airflow/example_dags/tutorial.py
[2024-12-22T22:52:08.730+0000] {processor.py:830} INFO - Processing file /home/airflow/.local/lib/python3.11/site-packages/airflow/example_dags/tutorial.py for tasks to queue
[2024-12-22T22:52:08.734+0000] {logging_mixin.py:188} INFO - [2024-12-22T22:52:08.734+0000] {dagbag.py:538} INFO - Filling up the DagBag from /home/airflow/.local/lib/python3.11/site-packages/airflow/example_dags/tutorial.py
[2024-12-22T22:52:08.750+0000] {processor.py:840} INFO - DAG(s) 'tutorial' retrieved from /home/airflow/.local/lib/python3.11/site-packages/airflow/example_dags/tutorial.py
[2024-12-22T22:52:08.799+0000] {logging_mixin.py:188} INFO - [2024-12-22T22:52:08.799+0000] {dag.py:3036} INFO - Sync 1 DAGs
[2024-12-22T22:52:08.846+0000] {logging_mixin.py:188} INFO - [2024-12-22T22:52:08.845+0000] {dag.py:3823} INFO - Setting next_dagrun for tutorial to 2024-12-21 00:00:00+00:00, run_after=2024-12-22 00:00:00+00:00
[2024-12-22T22:52:08.887+0000] {processor.py:183} INFO - Processing /home/airflow/.local/lib/python3.11/site-packages/airflow/example_dags/tutorial.py took 0.167 seconds
[2024-12-22T22:52:39.789+0000] {processor.py:161} INFO - Started process (PID=508) to work on /home/airflow/.local/lib/python3.11/site-packages/airflow/example_dags/tutorial.py
[2024-12-22T22:52:39.791+0000] {processor.py:830} INFO - Processing file /home/airflow/.local/lib/python3.11/site-packages/airflow/example_dags/tutorial.py for tasks to queue
[2024-12-22T22:52:39.797+0000] {logging_mixin.py:188} INFO - [2024-12-22T22:52:39.796+0000] {dagbag.py:538} INFO - Filling up the DagBag from /home/airflow/.local/lib/python3.11/site-packages/airflow/example_dags/tutorial.py
[2024-12-22T22:52:39.811+0000] {processor.py:840} INFO - DAG(s) 'tutorial' retrieved from /home/airflow/.local/lib/python3.11/site-packages/airflow/example_dags/tutorial.py
[2024-12-22T22:52:39.857+0000] {logging_mixin.py:188} INFO - [2024-12-22T22:52:39.856+0000] {dag.py:3036} INFO - Sync 1 DAGs
[2024-12-22T22:52:39.903+0000] {logging_mixin.py:188} INFO - [2024-12-22T22:52:39.903+0000] {dag.py:3823} INFO - Setting next_dagrun for tutorial to 2024-12-21 00:00:00+00:00, run_after=2024-12-22 00:00:00+00:00
[2024-12-22T22:52:39.947+0000] {processor.py:183} INFO - Processing /home/airflow/.local/lib/python3.11/site-packages/airflow/example_dags/tutorial.py took 0.167 seconds
[2024-12-22T22:53:10.452+0000] {processor.py:161} INFO - Started process (PID=586) to work on /home/airflow/.local/lib/python3.11/site-packages/airflow/example_dags/tutorial.py
[2024-12-22T22:53:10.454+0000] {processor.py:830} INFO - Processing file /home/airflow/.local/lib/python3.11/site-packages/airflow/example_dags/tutorial.py for tasks to queue
[2024-12-22T22:53:10.457+0000] {logging_mixin.py:188} INFO - [2024-12-22T22:53:10.456+0000] {dagbag.py:538} INFO - Filling up the DagBag from /home/airflow/.local/lib/python3.11/site-packages/airflow/example_dags/tutorial.py
[2024-12-22T22:53:10.466+0000] {processor.py:840} INFO - DAG(s) 'tutorial' retrieved from /home/airflow/.local/lib/python3.11/site-packages/airflow/example_dags/tutorial.py
[2024-12-22T22:53:10.495+0000] {logging_mixin.py:188} INFO - [2024-12-22T22:53:10.494+0000] {dag.py:3036} INFO - Sync 1 DAGs
[2024-12-22T22:53:10.525+0000] {logging_mixin.py:188} INFO - [2024-12-22T22:53:10.525+0000] {dag.py:3823} INFO - Setting next_dagrun for tutorial to 2024-12-21 00:00:00+00:00, run_after=2024-12-22 00:00:00+00:00
[2024-12-22T22:53:10.560+0000] {processor.py:183} INFO - Processing /home/airflow/.local/lib/python3.11/site-packages/airflow/example_dags/tutorial.py took 0.112 seconds
[2024-12-22T22:53:40.779+0000] {processor.py:161} INFO - Started process (PID=658) to work on /home/airflow/.local/lib/python3.11/site-packages/airflow/example_dags/tutorial.py
[2024-12-22T22:53:40.781+0000] {processor.py:830} INFO - Processing file /home/airflow/.local/lib/python3.11/site-packages/airflow/example_dags/tutorial.py for tasks to queue
[2024-12-22T22:53:40.786+0000] {logging_mixin.py:188} INFO - [2024-12-22T22:53:40.785+0000] {dagbag.py:538} INFO - Filling up the DagBag from /home/airflow/.local/lib/python3.11/site-packages/airflow/example_dags/tutorial.py
[2024-12-22T22:53:40.795+0000] {processor.py:840} INFO - DAG(s) 'tutorial' retrieved from /home/airflow/.local/lib/python3.11/site-packages/airflow/example_dags/tutorial.py
[2024-12-22T22:53:40.821+0000] {logging_mixin.py:188} INFO - [2024-12-22T22:53:40.821+0000] {dag.py:3036} INFO - Sync 1 DAGs
[2024-12-22T22:53:40.846+0000] {logging_mixin.py:188} INFO - [2024-12-22T22:53:40.846+0000] {dag.py:3823} INFO - Setting next_dagrun for tutorial to 2024-12-21 00:00:00+00:00, run_after=2024-12-22 00:00:00+00:00
[2024-12-22T22:53:40.887+0000] {processor.py:183} INFO - Processing /home/airflow/.local/lib/python3.11/site-packages/airflow/example_dags/tutorial.py took 0.112 seconds
[2024-12-22T22:54:11.129+0000] {processor.py:161} INFO - Started process (PID=731) to work on /home/airflow/.local/lib/python3.11/site-packages/airflow/example_dags/tutorial.py
[2024-12-22T22:54:11.131+0000] {processor.py:830} INFO - Processing file /home/airflow/.local/lib/python3.11/site-packages/airflow/example_dags/tutorial.py for tasks to queue
[2024-12-22T22:54:11.135+0000] {logging_mixin.py:188} INFO - [2024-12-22T22:54:11.134+0000] {dagbag.py:538} INFO - Filling up the DagBag from /home/airflow/.local/lib/python3.11/site-packages/airflow/example_dags/tutorial.py
[2024-12-22T22:54:11.143+0000] {processor.py:840} INFO - DAG(s) 'tutorial' retrieved from /home/airflow/.local/lib/python3.11/site-packages/airflow/example_dags/tutorial.py
[2024-12-22T22:54:11.174+0000] {logging_mixin.py:188} INFO - [2024-12-22T22:54:11.174+0000] {dag.py:3036} INFO - Sync 1 DAGs
[2024-12-22T22:54:11.205+0000] {logging_mixin.py:188} INFO - [2024-12-22T22:54:11.205+0000] {dag.py:3823} INFO - Setting next_dagrun for tutorial to 2024-12-21 00:00:00+00:00, run_after=2024-12-22 00:00:00+00:00
[2024-12-22T22:54:11.238+0000] {processor.py:183} INFO - Processing /home/airflow/.local/lib/python3.11/site-packages/airflow/example_dags/tutorial.py took 0.116 seconds
[2024-12-22T22:54:41.695+0000] {processor.py:161} INFO - Started process (PID=803) to work on /home/airflow/.local/lib/python3.11/site-packages/airflow/example_dags/tutorial.py
[2024-12-22T22:54:41.697+0000] {processor.py:830} INFO - Processing file /home/airflow/.local/lib/python3.11/site-packages/airflow/example_dags/tutorial.py for tasks to queue
[2024-12-22T22:54:41.700+0000] {logging_mixin.py:188} INFO - [2024-12-22T22:54:41.700+0000] {dagbag.py:538} INFO - Filling up the DagBag from /home/airflow/.local/lib/python3.11/site-packages/airflow/example_dags/tutorial.py
[2024-12-22T22:54:41.710+0000] {processor.py:840} INFO - DAG(s) 'tutorial' retrieved from /home/airflow/.local/lib/python3.11/site-packages/airflow/example_dags/tutorial.py
[2024-12-22T22:54:41.742+0000] {logging_mixin.py:188} INFO - [2024-12-22T22:54:41.742+0000] {dag.py:3036} INFO - Sync 1 DAGs
[2024-12-22T22:54:41.780+0000] {logging_mixin.py:188} INFO - [2024-12-22T22:54:41.780+0000] {dag.py:3823} INFO - Setting next_dagrun for tutorial to 2024-12-21 00:00:00+00:00, run_after=2024-12-22 00:00:00+00:00
[2024-12-22T22:54:41.811+0000] {processor.py:183} INFO - Processing /home/airflow/.local/lib/python3.11/site-packages/airflow/example_dags/tutorial.py took 0.122 seconds
[2024-12-22T22:55:12.251+0000] {processor.py:161} INFO - Started process (PID=875) to work on /home/airflow/.local/lib/python3.11/site-packages/airflow/example_dags/tutorial.py
[2024-12-22T22:55:12.253+0000] {processor.py:830} INFO - Processing file /home/airflow/.local/lib/python3.11/site-packages/airflow/example_dags/tutorial.py for tasks to queue
[2024-12-22T22:55:12.255+0000] {logging_mixin.py:188} INFO - [2024-12-22T22:55:12.255+0000] {dagbag.py:538} INFO - Filling up the DagBag from /home/airflow/.local/lib/python3.11/site-packages/airflow/example_dags/tutorial.py
[2024-12-22T22:55:12.262+0000] {processor.py:840} INFO - DAG(s) 'tutorial' retrieved from /home/airflow/.local/lib/python3.11/site-packages/airflow/example_dags/tutorial.py
[2024-12-22T22:55:12.290+0000] {logging_mixin.py:188} INFO - [2024-12-22T22:55:12.289+0000] {dag.py:3036} INFO - Sync 1 DAGs
[2024-12-22T22:55:12.322+0000] {logging_mixin.py:188} INFO - [2024-12-22T22:55:12.322+0000] {dag.py:3823} INFO - Setting next_dagrun for tutorial to 2024-12-21 00:00:00+00:00, run_after=2024-12-22 00:00:00+00:00
[2024-12-22T22:55:12.353+0000] {processor.py:183} INFO - Processing /home/airflow/.local/lib/python3.11/site-packages/airflow/example_dags/tutorial.py took 0.106 seconds
[2024-12-22T22:55:42.492+0000] {processor.py:161} INFO - Started process (PID=945) to work on /home/airflow/.local/lib/python3.11/site-packages/airflow/example_dags/tutorial.py
[2024-12-22T22:55:42.494+0000] {processor.py:830} INFO - Processing file /home/airflow/.local/lib/python3.11/site-packages/airflow/example_dags/tutorial.py for tasks to queue
[2024-12-22T22:55:42.499+0000] {logging_mixin.py:188} INFO - [2024-12-22T22:55:42.498+0000] {dagbag.py:538} INFO - Filling up the DagBag from /home/airflow/.local/lib/python3.11/site-packages/airflow/example_dags/tutorial.py
[2024-12-22T22:55:42.511+0000] {processor.py:840} INFO - DAG(s) 'tutorial' retrieved from /home/airflow/.local/lib/python3.11/site-packages/airflow/example_dags/tutorial.py
[2024-12-22T22:55:42.545+0000] {logging_mixin.py:188} INFO - [2024-12-22T22:55:42.545+0000] {dag.py:3036} INFO - Sync 1 DAGs
[2024-12-22T22:55:42.578+0000] {logging_mixin.py:188} INFO - [2024-12-22T22:55:42.578+0000] {dag.py:3823} INFO - Setting next_dagrun for tutorial to 2024-12-21 00:00:00+00:00, run_after=2024-12-22 00:00:00+00:00
[2024-12-22T22:55:42.607+0000] {processor.py:183} INFO - Processing /home/airflow/.local/lib/python3.11/site-packages/airflow/example_dags/tutorial.py took 0.122 seconds
[2024-12-22T22:56:13.159+0000] {processor.py:161} INFO - Started process (PID=1017) to work on /home/airflow/.local/lib/python3.11/site-packages/airflow/example_dags/tutorial.py
[2024-12-22T22:56:13.161+0000] {processor.py:830} INFO - Processing file /home/airflow/.local/lib/python3.11/site-packages/airflow/example_dags/tutorial.py for tasks to queue
[2024-12-22T22:56:13.165+0000] {logging_mixin.py:188} INFO - [2024-12-22T22:56:13.164+0000] {dagbag.py:538} INFO - Filling up the DagBag from /home/airflow/.local/lib/python3.11/site-packages/airflow/example_dags/tutorial.py
[2024-12-22T22:56:13.174+0000] {processor.py:840} INFO - DAG(s) 'tutorial' retrieved from /home/airflow/.local/lib/python3.11/site-packages/airflow/example_dags/tutorial.py
[2024-12-22T22:56:13.203+0000] {logging_mixin.py:188} INFO - [2024-12-22T22:56:13.202+0000] {dag.py:3036} INFO - Sync 1 DAGs
[2024-12-22T22:56:13.227+0000] {logging_mixin.py:188} INFO - [2024-12-22T22:56:13.227+0000] {dag.py:3823} INFO - Setting next_dagrun for tutorial to 2024-12-21 00:00:00+00:00, run_after=2024-12-22 00:00:00+00:00
[2024-12-22T22:56:13.262+0000] {processor.py:183} INFO - Processing /home/airflow/.local/lib/python3.11/site-packages/airflow/example_dags/tutorial.py took 0.108 seconds
[2024-12-22T22:56:43.320+0000] {processor.py:161} INFO - Started process (PID=1089) to work on /home/airflow/.local/lib/python3.11/site-packages/airflow/example_dags/tutorial.py
[2024-12-22T22:56:43.322+0000] {processor.py:830} INFO - Processing file /home/airflow/.local/lib/python3.11/site-packages/airflow/example_dags/tutorial.py for tasks to queue
[2024-12-22T22:56:43.325+0000] {logging_mixin.py:188} INFO - [2024-12-22T22:56:43.324+0000] {dagbag.py:538} INFO - Filling up the DagBag from /home/airflow/.local/lib/python3.11/site-packages/airflow/example_dags/tutorial.py
[2024-12-22T22:56:43.332+0000] {processor.py:840} INFO - DAG(s) 'tutorial' retrieved from /home/airflow/.local/lib/python3.11/site-packages/airflow/example_dags/tutorial.py
[2024-12-22T22:56:43.360+0000] {logging_mixin.py:188} INFO - [2024-12-22T22:56:43.360+0000] {dag.py:3036} INFO - Sync 1 DAGs
[2024-12-22T22:56:43.390+0000] {logging_mixin.py:188} INFO - [2024-12-22T22:56:43.390+0000] {dag.py:3823} INFO - Setting next_dagrun for tutorial to 2024-12-21 00:00:00+00:00, run_after=2024-12-22 00:00:00+00:00
[2024-12-22T22:56:43.428+0000] {processor.py:183} INFO - Processing /home/airflow/.local/lib/python3.11/site-packages/airflow/example_dags/tutorial.py took 0.113 seconds
[2024-12-22T22:57:13.619+0000] {processor.py:161} INFO - Started process (PID=1168) to work on /home/airflow/.local/lib/python3.11/site-packages/airflow/example_dags/tutorial.py
[2024-12-22T22:57:13.621+0000] {processor.py:830} INFO - Processing file /home/airflow/.local/lib/python3.11/site-packages/airflow/example_dags/tutorial.py for tasks to queue
[2024-12-22T22:57:13.623+0000] {logging_mixin.py:188} INFO - [2024-12-22T22:57:13.623+0000] {dagbag.py:538} INFO - Filling up the DagBag from /home/airflow/.local/lib/python3.11/site-packages/airflow/example_dags/tutorial.py
[2024-12-22T22:57:13.630+0000] {processor.py:840} INFO - DAG(s) 'tutorial' retrieved from /home/airflow/.local/lib/python3.11/site-packages/airflow/example_dags/tutorial.py
[2024-12-22T22:57:13.656+0000] {logging_mixin.py:188} INFO - [2024-12-22T22:57:13.655+0000] {dag.py:3036} INFO - Sync 1 DAGs
[2024-12-22T22:57:13.680+0000] {logging_mixin.py:188} INFO - [2024-12-22T22:57:13.680+0000] {dag.py:3823} INFO - Setting next_dagrun for tutorial to 2024-12-21 00:00:00+00:00, run_after=2024-12-22 00:00:00+00:00
[2024-12-22T22:57:13.710+0000] {processor.py:183} INFO - Processing /home/airflow/.local/lib/python3.11/site-packages/airflow/example_dags/tutorial.py took 0.095 seconds
[2024-12-22T22:57:44.075+0000] {processor.py:161} INFO - Started process (PID=1240) to work on /home/airflow/.local/lib/python3.11/site-packages/airflow/example_dags/tutorial.py
[2024-12-22T22:57:44.077+0000] {processor.py:830} INFO - Processing file /home/airflow/.local/lib/python3.11/site-packages/airflow/example_dags/tutorial.py for tasks to queue
[2024-12-22T22:57:44.080+0000] {logging_mixin.py:188} INFO - [2024-12-22T22:57:44.080+0000] {dagbag.py:538} INFO - Filling up the DagBag from /home/airflow/.local/lib/python3.11/site-packages/airflow/example_dags/tutorial.py
[2024-12-22T22:57:44.088+0000] {processor.py:840} INFO - DAG(s) 'tutorial' retrieved from /home/airflow/.local/lib/python3.11/site-packages/airflow/example_dags/tutorial.py
[2024-12-22T22:57:44.117+0000] {logging_mixin.py:188} INFO - [2024-12-22T22:57:44.117+0000] {dag.py:3036} INFO - Sync 1 DAGs
[2024-12-22T22:57:44.147+0000] {logging_mixin.py:188} INFO - [2024-12-22T22:57:44.146+0000] {dag.py:3823} INFO - Setting next_dagrun for tutorial to 2024-12-21 00:00:00+00:00, run_after=2024-12-22 00:00:00+00:00
[2024-12-22T22:57:44.193+0000] {processor.py:183} INFO - Processing /home/airflow/.local/lib/python3.11/site-packages/airflow/example_dags/tutorial.py took 0.123 seconds
[2024-12-22T22:58:14.628+0000] {processor.py:161} INFO - Started process (PID=1312) to work on /home/airflow/.local/lib/python3.11/site-packages/airflow/example_dags/tutorial.py
[2024-12-22T22:58:14.630+0000] {processor.py:830} INFO - Processing file /home/airflow/.local/lib/python3.11/site-packages/airflow/example_dags/tutorial.py for tasks to queue
[2024-12-22T22:58:14.633+0000] {logging_mixin.py:188} INFO - [2024-12-22T22:58:14.632+0000] {dagbag.py:538} INFO - Filling up the DagBag from /home/airflow/.local/lib/python3.11/site-packages/airflow/example_dags/tutorial.py
[2024-12-22T22:58:14.640+0000] {processor.py:840} INFO - DAG(s) 'tutorial' retrieved from /home/airflow/.local/lib/python3.11/site-packages/airflow/example_dags/tutorial.py
[2024-12-22T22:58:14.664+0000] {logging_mixin.py:188} INFO - [2024-12-22T22:58:14.664+0000] {dag.py:3036} INFO - Sync 1 DAGs
[2024-12-22T22:58:14.700+0000] {logging_mixin.py:188} INFO - [2024-12-22T22:58:14.699+0000] {dag.py:3823} INFO - Setting next_dagrun for tutorial to 2024-12-21 00:00:00+00:00, run_after=2024-12-22 00:00:00+00:00
[2024-12-22T22:58:14.737+0000] {processor.py:183} INFO - Processing /home/airflow/.local/lib/python3.11/site-packages/airflow/example_dags/tutorial.py took 0.113 seconds
[2024-12-22T22:58:44.893+0000] {processor.py:161} INFO - Started process (PID=1384) to work on /home/airflow/.local/lib/python3.11/site-packages/airflow/example_dags/tutorial.py
[2024-12-22T22:58:44.894+0000] {processor.py:830} INFO - Processing file /home/airflow/.local/lib/python3.11/site-packages/airflow/example_dags/tutorial.py for tasks to queue
[2024-12-22T22:58:44.897+0000] {logging_mixin.py:188} INFO - [2024-12-22T22:58:44.897+0000] {dagbag.py:538} INFO - Filling up the DagBag from /home/airflow/.local/lib/python3.11/site-packages/airflow/example_dags/tutorial.py
[2024-12-22T22:58:44.905+0000] {processor.py:840} INFO - DAG(s) 'tutorial' retrieved from /home/airflow/.local/lib/python3.11/site-packages/airflow/example_dags/tutorial.py
[2024-12-22T22:58:44.937+0000] {logging_mixin.py:188} INFO - [2024-12-22T22:58:44.936+0000] {dag.py:3036} INFO - Sync 1 DAGs
[2024-12-22T22:58:44.973+0000] {logging_mixin.py:188} INFO - [2024-12-22T22:58:44.973+0000] {dag.py:3823} INFO - Setting next_dagrun for tutorial to 2024-12-21 00:00:00+00:00, run_after=2024-12-22 00:00:00+00:00
[2024-12-22T22:58:45.009+0000] {processor.py:183} INFO - Processing /home/airflow/.local/lib/python3.11/site-packages/airflow/example_dags/tutorial.py took 0.121 seconds
[2024-12-22T22:59:15.106+0000] {processor.py:161} INFO - Started process (PID=1463) to work on /home/airflow/.local/lib/python3.11/site-packages/airflow/example_dags/tutorial.py
[2024-12-22T22:59:15.107+0000] {processor.py:830} INFO - Processing file /home/airflow/.local/lib/python3.11/site-packages/airflow/example_dags/tutorial.py for tasks to queue
[2024-12-22T22:59:15.110+0000] {logging_mixin.py:188} INFO - [2024-12-22T22:59:15.110+0000] {dagbag.py:538} INFO - Filling up the DagBag from /home/airflow/.local/lib/python3.11/site-packages/airflow/example_dags/tutorial.py
[2024-12-22T22:59:15.118+0000] {processor.py:840} INFO - DAG(s) 'tutorial' retrieved from /home/airflow/.local/lib/python3.11/site-packages/airflow/example_dags/tutorial.py
[2024-12-22T22:59:15.143+0000] {logging_mixin.py:188} INFO - [2024-12-22T22:59:15.143+0000] {dag.py:3036} INFO - Sync 1 DAGs
[2024-12-22T22:59:15.169+0000] {logging_mixin.py:188} INFO - [2024-12-22T22:59:15.169+0000] {dag.py:3823} INFO - Setting next_dagrun for tutorial to 2024-12-21 00:00:00+00:00, run_after=2024-12-22 00:00:00+00:00
[2024-12-22T22:59:15.206+0000] {processor.py:183} INFO - Processing /home/airflow/.local/lib/python3.11/site-packages/airflow/example_dags/tutorial.py took 0.103 seconds
[2024-12-22T22:59:45.705+0000] {processor.py:161} INFO - Started process (PID=1527) to work on /home/airflow/.local/lib/python3.11/site-packages/airflow/example_dags/tutorial.py
[2024-12-22T22:59:45.707+0000] {processor.py:830} INFO - Processing file /home/airflow/.local/lib/python3.11/site-packages/airflow/example_dags/tutorial.py for tasks to queue
[2024-12-22T22:59:45.709+0000] {logging_mixin.py:188} INFO - [2024-12-22T22:59:45.709+0000] {dagbag.py:538} INFO - Filling up the DagBag from /home/airflow/.local/lib/python3.11/site-packages/airflow/example_dags/tutorial.py
[2024-12-22T22:59:45.715+0000] {processor.py:840} INFO - DAG(s) 'tutorial' retrieved from /home/airflow/.local/lib/python3.11/site-packages/airflow/example_dags/tutorial.py
[2024-12-22T22:59:45.738+0000] {logging_mixin.py:188} INFO - [2024-12-22T22:59:45.738+0000] {dag.py:3036} INFO - Sync 1 DAGs
[2024-12-22T22:59:45.762+0000] {logging_mixin.py:188} INFO - [2024-12-22T22:59:45.762+0000] {dag.py:3823} INFO - Setting next_dagrun for tutorial to 2024-12-21 00:00:00+00:00, run_after=2024-12-22 00:00:00+00:00
[2024-12-22T22:59:45.785+0000] {processor.py:183} INFO - Processing /home/airflow/.local/lib/python3.11/site-packages/airflow/example_dags/tutorial.py took 0.083 seconds
[2024-12-22T23:00:15.968+0000] {processor.py:161} INFO - Started process (PID=1598) to work on /home/airflow/.local/lib/python3.11/site-packages/airflow/example_dags/tutorial.py
[2024-12-22T23:00:15.969+0000] {processor.py:830} INFO - Processing file /home/airflow/.local/lib/python3.11/site-packages/airflow/example_dags/tutorial.py for tasks to queue
[2024-12-22T23:00:15.971+0000] {logging_mixin.py:188} INFO - [2024-12-22T23:00:15.971+0000] {dagbag.py:538} INFO - Filling up the DagBag from /home/airflow/.local/lib/python3.11/site-packages/airflow/example_dags/tutorial.py
[2024-12-22T23:00:15.978+0000] {processor.py:840} INFO - DAG(s) 'tutorial' retrieved from /home/airflow/.local/lib/python3.11/site-packages/airflow/example_dags/tutorial.py
[2024-12-22T23:00:16.005+0000] {logging_mixin.py:188} INFO - [2024-12-22T23:00:16.005+0000] {dag.py:3036} INFO - Sync 1 DAGs
[2024-12-22T23:00:16.033+0000] {logging_mixin.py:188} INFO - [2024-12-22T23:00:16.033+0000] {dag.py:3823} INFO - Setting next_dagrun for tutorial to 2024-12-21 00:00:00+00:00, run_after=2024-12-22 00:00:00+00:00
[2024-12-22T23:00:16.067+0000] {processor.py:183} INFO - Processing /home/airflow/.local/lib/python3.11/site-packages/airflow/example_dags/tutorial.py took 0.103 seconds
[2024-12-22T23:00:46.198+0000] {processor.py:161} INFO - Started process (PID=1670) to work on /home/airflow/.local/lib/python3.11/site-packages/airflow/example_dags/tutorial.py
[2024-12-22T23:00:46.200+0000] {processor.py:830} INFO - Processing file /home/airflow/.local/lib/python3.11/site-packages/airflow/example_dags/tutorial.py for tasks to queue
[2024-12-22T23:00:46.202+0000] {logging_mixin.py:188} INFO - [2024-12-22T23:00:46.202+0000] {dagbag.py:538} INFO - Filling up the DagBag from /home/airflow/.local/lib/python3.11/site-packages/airflow/example_dags/tutorial.py
[2024-12-22T23:00:46.209+0000] {processor.py:840} INFO - DAG(s) 'tutorial' retrieved from /home/airflow/.local/lib/python3.11/site-packages/airflow/example_dags/tutorial.py
[2024-12-22T23:00:46.234+0000] {logging_mixin.py:188} INFO - [2024-12-22T23:00:46.234+0000] {dag.py:3036} INFO - Sync 1 DAGs
[2024-12-22T23:00:46.269+0000] {logging_mixin.py:188} INFO - [2024-12-22T23:00:46.268+0000] {dag.py:3823} INFO - Setting next_dagrun for tutorial to 2024-12-21 00:00:00+00:00, run_after=2024-12-22 00:00:00+00:00
[2024-12-22T23:00:46.306+0000] {processor.py:183} INFO - Processing /home/airflow/.local/lib/python3.11/site-packages/airflow/example_dags/tutorial.py took 0.112 seconds
[2024-12-22T23:01:16.865+0000] {processor.py:161} INFO - Started process (PID=1749) to work on /home/airflow/.local/lib/python3.11/site-packages/airflow/example_dags/tutorial.py
[2024-12-22T23:01:16.866+0000] {processor.py:830} INFO - Processing file /home/airflow/.local/lib/python3.11/site-packages/airflow/example_dags/tutorial.py for tasks to queue
[2024-12-22T23:01:16.869+0000] {logging_mixin.py:188} INFO - [2024-12-22T23:01:16.869+0000] {dagbag.py:538} INFO - Filling up the DagBag from /home/airflow/.local/lib/python3.11/site-packages/airflow/example_dags/tutorial.py
[2024-12-22T23:01:16.876+0000] {processor.py:840} INFO - DAG(s) 'tutorial' retrieved from /home/airflow/.local/lib/python3.11/site-packages/airflow/example_dags/tutorial.py
[2024-12-22T23:01:16.904+0000] {logging_mixin.py:188} INFO - [2024-12-22T23:01:16.904+0000] {dag.py:3036} INFO - Sync 1 DAGs
[2024-12-22T23:01:16.936+0000] {logging_mixin.py:188} INFO - [2024-12-22T23:01:16.936+0000] {dag.py:3823} INFO - Setting next_dagrun for tutorial to 2024-12-21 00:00:00+00:00, run_after=2024-12-22 00:00:00+00:00
[2024-12-22T23:01:16.961+0000] {processor.py:183} INFO - Processing /home/airflow/.local/lib/python3.11/site-packages/airflow/example_dags/tutorial.py took 0.102 seconds
[2024-12-22T23:01:47.337+0000] {processor.py:161} INFO - Started process (PID=1821) to work on /home/airflow/.local/lib/python3.11/site-packages/airflow/example_dags/tutorial.py
[2024-12-22T23:01:47.339+0000] {processor.py:830} INFO - Processing file /home/airflow/.local/lib/python3.11/site-packages/airflow/example_dags/tutorial.py for tasks to queue
[2024-12-22T23:01:47.343+0000] {logging_mixin.py:188} INFO - [2024-12-22T23:01:47.343+0000] {dagbag.py:538} INFO - Filling up the DagBag from /home/airflow/.local/lib/python3.11/site-packages/airflow/example_dags/tutorial.py
[2024-12-22T23:01:47.355+0000] {processor.py:840} INFO - DAG(s) 'tutorial' retrieved from /home/airflow/.local/lib/python3.11/site-packages/airflow/example_dags/tutorial.py
[2024-12-22T23:01:47.389+0000] {logging_mixin.py:188} INFO - [2024-12-22T23:01:47.389+0000] {dag.py:3036} INFO - Sync 1 DAGs
[2024-12-22T23:01:47.434+0000] {logging_mixin.py:188} INFO - [2024-12-22T23:01:47.433+0000] {dag.py:3823} INFO - Setting next_dagrun for tutorial to 2024-12-21 00:00:00+00:00, run_after=2024-12-22 00:00:00+00:00
[2024-12-22T23:01:47.489+0000] {processor.py:183} INFO - Processing /home/airflow/.local/lib/python3.11/site-packages/airflow/example_dags/tutorial.py took 0.157 seconds
[2024-12-22T23:02:18.547+0000] {processor.py:161} INFO - Started process (PID=1893) to work on /home/airflow/.local/lib/python3.11/site-packages/airflow/example_dags/tutorial.py
[2024-12-22T23:02:18.550+0000] {processor.py:830} INFO - Processing file /home/airflow/.local/lib/python3.11/site-packages/airflow/example_dags/tutorial.py for tasks to queue
[2024-12-22T23:02:18.554+0000] {logging_mixin.py:188} INFO - [2024-12-22T23:02:18.553+0000] {dagbag.py:538} INFO - Filling up the DagBag from /home/airflow/.local/lib/python3.11/site-packages/airflow/example_dags/tutorial.py
[2024-12-22T23:02:18.565+0000] {processor.py:840} INFO - DAG(s) 'tutorial' retrieved from /home/airflow/.local/lib/python3.11/site-packages/airflow/example_dags/tutorial.py
[2024-12-22T23:02:18.594+0000] {logging_mixin.py:188} INFO - [2024-12-22T23:02:18.594+0000] {dag.py:3036} INFO - Sync 1 DAGs
[2024-12-22T23:02:18.619+0000] {logging_mixin.py:188} INFO - [2024-12-22T23:02:18.619+0000] {dag.py:3823} INFO - Setting next_dagrun for tutorial to 2024-12-21 00:00:00+00:00, run_after=2024-12-22 00:00:00+00:00
[2024-12-22T23:02:18.642+0000] {processor.py:183} INFO - Processing /home/airflow/.local/lib/python3.11/site-packages/airflow/example_dags/tutorial.py took 0.101 seconds
[2024-12-22T23:02:48.797+0000] {processor.py:161} INFO - Started process (PID=1972) to work on /home/airflow/.local/lib/python3.11/site-packages/airflow/example_dags/tutorial.py
[2024-12-22T23:02:48.798+0000] {processor.py:830} INFO - Processing file /home/airflow/.local/lib/python3.11/site-packages/airflow/example_dags/tutorial.py for tasks to queue
[2024-12-22T23:02:48.801+0000] {logging_mixin.py:188} INFO - [2024-12-22T23:02:48.800+0000] {dagbag.py:538} INFO - Filling up the DagBag from /home/airflow/.local/lib/python3.11/site-packages/airflow/example_dags/tutorial.py
[2024-12-22T23:02:48.807+0000] {processor.py:840} INFO - DAG(s) 'tutorial' retrieved from /home/airflow/.local/lib/python3.11/site-packages/airflow/example_dags/tutorial.py
[2024-12-22T23:02:48.834+0000] {logging_mixin.py:188} INFO - [2024-12-22T23:02:48.834+0000] {dag.py:3036} INFO - Sync 1 DAGs
[2024-12-22T23:02:48.859+0000] {logging_mixin.py:188} INFO - [2024-12-22T23:02:48.859+0000] {dag.py:3823} INFO - Setting next_dagrun for tutorial to 2024-12-21 00:00:00+00:00, run_after=2024-12-22 00:00:00+00:00
[2024-12-22T23:02:48.890+0000] {processor.py:183} INFO - Processing /home/airflow/.local/lib/python3.11/site-packages/airflow/example_dags/tutorial.py took 0.097 seconds
[2024-12-22T23:03:19.139+0000] {processor.py:161} INFO - Started process (PID=2044) to work on /home/airflow/.local/lib/python3.11/site-packages/airflow/example_dags/tutorial.py
[2024-12-22T23:03:19.140+0000] {processor.py:830} INFO - Processing file /home/airflow/.local/lib/python3.11/site-packages/airflow/example_dags/tutorial.py for tasks to queue
[2024-12-22T23:03:19.142+0000] {logging_mixin.py:188} INFO - [2024-12-22T23:03:19.142+0000] {dagbag.py:538} INFO - Filling up the DagBag from /home/airflow/.local/lib/python3.11/site-packages/airflow/example_dags/tutorial.py
[2024-12-22T23:03:19.149+0000] {processor.py:840} INFO - DAG(s) 'tutorial' retrieved from /home/airflow/.local/lib/python3.11/site-packages/airflow/example_dags/tutorial.py
[2024-12-22T23:03:19.174+0000] {logging_mixin.py:188} INFO - [2024-12-22T23:03:19.174+0000] {dag.py:3036} INFO - Sync 1 DAGs
[2024-12-22T23:03:19.203+0000] {logging_mixin.py:188} INFO - [2024-12-22T23:03:19.203+0000] {dag.py:3823} INFO - Setting next_dagrun for tutorial to 2024-12-21 00:00:00+00:00, run_after=2024-12-22 00:00:00+00:00
[2024-12-22T23:03:19.227+0000] {processor.py:183} INFO - Processing /home/airflow/.local/lib/python3.11/site-packages/airflow/example_dags/tutorial.py took 0.091 seconds
[2024-12-22T23:03:49.994+0000] {processor.py:161} INFO - Started process (PID=2116) to work on /home/airflow/.local/lib/python3.11/site-packages/airflow/example_dags/tutorial.py
[2024-12-22T23:03:49.995+0000] {processor.py:830} INFO - Processing file /home/airflow/.local/lib/python3.11/site-packages/airflow/example_dags/tutorial.py for tasks to queue
[2024-12-22T23:03:49.998+0000] {logging_mixin.py:188} INFO - [2024-12-22T23:03:49.997+0000] {dagbag.py:538} INFO - Filling up the DagBag from /home/airflow/.local/lib/python3.11/site-packages/airflow/example_dags/tutorial.py
[2024-12-22T23:03:50.007+0000] {processor.py:840} INFO - DAG(s) 'tutorial' retrieved from /home/airflow/.local/lib/python3.11/site-packages/airflow/example_dags/tutorial.py
[2024-12-22T23:03:50.038+0000] {logging_mixin.py:188} INFO - [2024-12-22T23:03:50.038+0000] {dag.py:3036} INFO - Sync 1 DAGs
[2024-12-22T23:03:50.069+0000] {logging_mixin.py:188} INFO - [2024-12-22T23:03:50.069+0000] {dag.py:3823} INFO - Setting next_dagrun for tutorial to 2024-12-21 00:00:00+00:00, run_after=2024-12-22 00:00:00+00:00
[2024-12-22T23:03:50.098+0000] {processor.py:183} INFO - Processing /home/airflow/.local/lib/python3.11/site-packages/airflow/example_dags/tutorial.py took 0.108 seconds
[2024-12-22T23:04:21.016+0000] {processor.py:161} INFO - Started process (PID=2188) to work on /home/airflow/.local/lib/python3.11/site-packages/airflow/example_dags/tutorial.py
[2024-12-22T23:04:21.017+0000] {processor.py:830} INFO - Processing file /home/airflow/.local/lib/python3.11/site-packages/airflow/example_dags/tutorial.py for tasks to queue
[2024-12-22T23:04:21.020+0000] {logging_mixin.py:188} INFO - [2024-12-22T23:04:21.020+0000] {dagbag.py:538} INFO - Filling up the DagBag from /home/airflow/.local/lib/python3.11/site-packages/airflow/example_dags/tutorial.py
[2024-12-22T23:04:21.027+0000] {processor.py:840} INFO - DAG(s) 'tutorial' retrieved from /home/airflow/.local/lib/python3.11/site-packages/airflow/example_dags/tutorial.py
[2024-12-22T23:04:21.052+0000] {logging_mixin.py:188} INFO - [2024-12-22T23:04:21.052+0000] {dag.py:3036} INFO - Sync 1 DAGs
[2024-12-22T23:04:21.077+0000] {logging_mixin.py:188} INFO - [2024-12-22T23:04:21.077+0000] {dag.py:3823} INFO - Setting next_dagrun for tutorial to 2024-12-21 00:00:00+00:00, run_after=2024-12-22 00:00:00+00:00
[2024-12-22T23:04:21.100+0000] {processor.py:183} INFO - Processing /home/airflow/.local/lib/python3.11/site-packages/airflow/example_dags/tutorial.py took 0.088 seconds
[2024-12-22T23:04:51.200+0000] {processor.py:161} INFO - Started process (PID=2258) to work on /home/airflow/.local/lib/python3.11/site-packages/airflow/example_dags/tutorial.py
[2024-12-22T23:04:51.201+0000] {processor.py:830} INFO - Processing file /home/airflow/.local/lib/python3.11/site-packages/airflow/example_dags/tutorial.py for tasks to queue
[2024-12-22T23:04:51.204+0000] {logging_mixin.py:188} INFO - [2024-12-22T23:04:51.203+0000] {dagbag.py:538} INFO - Filling up the DagBag from /home/airflow/.local/lib/python3.11/site-packages/airflow/example_dags/tutorial.py
[2024-12-22T23:04:51.212+0000] {processor.py:840} INFO - DAG(s) 'tutorial' retrieved from /home/airflow/.local/lib/python3.11/site-packages/airflow/example_dags/tutorial.py
[2024-12-22T23:04:51.238+0000] {logging_mixin.py:188} INFO - [2024-12-22T23:04:51.238+0000] {dag.py:3036} INFO - Sync 1 DAGs
[2024-12-22T23:04:51.265+0000] {logging_mixin.py:188} INFO - [2024-12-22T23:04:51.265+0000] {dag.py:3823} INFO - Setting next_dagrun for tutorial to 2024-12-21 00:00:00+00:00, run_after=2024-12-22 00:00:00+00:00
[2024-12-22T23:04:51.290+0000] {processor.py:183} INFO - Processing /home/airflow/.local/lib/python3.11/site-packages/airflow/example_dags/tutorial.py took 0.094 seconds
[2024-12-22T23:05:21.400+0000] {processor.py:161} INFO - Started process (PID=2330) to work on /home/airflow/.local/lib/python3.11/site-packages/airflow/example_dags/tutorial.py
[2024-12-22T23:05:21.403+0000] {processor.py:830} INFO - Processing file /home/airflow/.local/lib/python3.11/site-packages/airflow/example_dags/tutorial.py for tasks to queue
[2024-12-22T23:05:21.408+0000] {logging_mixin.py:188} INFO - [2024-12-22T23:05:21.407+0000] {dagbag.py:538} INFO - Filling up the DagBag from /home/airflow/.local/lib/python3.11/site-packages/airflow/example_dags/tutorial.py
[2024-12-22T23:05:21.424+0000] {processor.py:840} INFO - DAG(s) 'tutorial' retrieved from /home/airflow/.local/lib/python3.11/site-packages/airflow/example_dags/tutorial.py
[2024-12-22T23:05:21.475+0000] {logging_mixin.py:188} INFO - [2024-12-22T23:05:21.475+0000] {dag.py:3036} INFO - Sync 1 DAGs
[2024-12-22T23:05:21.515+0000] {logging_mixin.py:188} INFO - [2024-12-22T23:05:21.515+0000] {dag.py:3823} INFO - Setting next_dagrun for tutorial to 2024-12-21 00:00:00+00:00, run_after=2024-12-22 00:00:00+00:00
[2024-12-22T23:05:21.555+0000] {processor.py:183} INFO - Processing /home/airflow/.local/lib/python3.11/site-packages/airflow/example_dags/tutorial.py took 0.163 seconds
[2024-12-22T23:05:51.691+0000] {processor.py:161} INFO - Started process (PID=2402) to work on /home/airflow/.local/lib/python3.11/site-packages/airflow/example_dags/tutorial.py
[2024-12-22T23:05:51.693+0000] {processor.py:830} INFO - Processing file /home/airflow/.local/lib/python3.11/site-packages/airflow/example_dags/tutorial.py for tasks to queue
[2024-12-22T23:05:51.695+0000] {logging_mixin.py:188} INFO - [2024-12-22T23:05:51.695+0000] {dagbag.py:538} INFO - Filling up the DagBag from /home/airflow/.local/lib/python3.11/site-packages/airflow/example_dags/tutorial.py
[2024-12-22T23:05:51.702+0000] {processor.py:840} INFO - DAG(s) 'tutorial' retrieved from /home/airflow/.local/lib/python3.11/site-packages/airflow/example_dags/tutorial.py
[2024-12-22T23:05:51.726+0000] {logging_mixin.py:188} INFO - [2024-12-22T23:05:51.726+0000] {dag.py:3036} INFO - Sync 1 DAGs
[2024-12-22T23:05:51.750+0000] {logging_mixin.py:188} INFO - [2024-12-22T23:05:51.750+0000] {dag.py:3823} INFO - Setting next_dagrun for tutorial to 2024-12-21 00:00:00+00:00, run_after=2024-12-22 00:00:00+00:00
[2024-12-22T23:05:51.788+0000] {processor.py:183} INFO - Processing /home/airflow/.local/lib/python3.11/site-packages/airflow/example_dags/tutorial.py took 0.101 seconds
[2024-12-22T23:06:22.235+0000] {processor.py:161} INFO - Started process (PID=2474) to work on /home/airflow/.local/lib/python3.11/site-packages/airflow/example_dags/tutorial.py
[2024-12-22T23:06:22.236+0000] {processor.py:830} INFO - Processing file /home/airflow/.local/lib/python3.11/site-packages/airflow/example_dags/tutorial.py for tasks to queue
[2024-12-22T23:06:22.240+0000] {logging_mixin.py:188} INFO - [2024-12-22T23:06:22.239+0000] {dagbag.py:538} INFO - Filling up the DagBag from /home/airflow/.local/lib/python3.11/site-packages/airflow/example_dags/tutorial.py
[2024-12-22T23:06:22.249+0000] {processor.py:840} INFO - DAG(s) 'tutorial' retrieved from /home/airflow/.local/lib/python3.11/site-packages/airflow/example_dags/tutorial.py
[2024-12-22T23:06:22.279+0000] {logging_mixin.py:188} INFO - [2024-12-22T23:06:22.279+0000] {dag.py:3036} INFO - Sync 1 DAGs
[2024-12-22T23:06:22.317+0000] {logging_mixin.py:188} INFO - [2024-12-22T23:06:22.316+0000] {dag.py:3823} INFO - Setting next_dagrun for tutorial to 2024-12-21 00:00:00+00:00, run_after=2024-12-22 00:00:00+00:00
[2024-12-22T23:06:22.355+0000] {processor.py:183} INFO - Processing /home/airflow/.local/lib/python3.11/site-packages/airflow/example_dags/tutorial.py took 0.125 seconds
[2024-12-22T23:06:52.443+0000] {processor.py:161} INFO - Started process (PID=2554) to work on /home/airflow/.local/lib/python3.11/site-packages/airflow/example_dags/tutorial.py
[2024-12-22T23:06:52.444+0000] {processor.py:830} INFO - Processing file /home/airflow/.local/lib/python3.11/site-packages/airflow/example_dags/tutorial.py for tasks to queue
[2024-12-22T23:06:52.448+0000] {logging_mixin.py:188} INFO - [2024-12-22T23:06:52.447+0000] {dagbag.py:538} INFO - Filling up the DagBag from /home/airflow/.local/lib/python3.11/site-packages/airflow/example_dags/tutorial.py
[2024-12-22T23:06:52.457+0000] {processor.py:840} INFO - DAG(s) 'tutorial' retrieved from /home/airflow/.local/lib/python3.11/site-packages/airflow/example_dags/tutorial.py
[2024-12-22T23:06:52.489+0000] {logging_mixin.py:188} INFO - [2024-12-22T23:06:52.489+0000] {dag.py:3036} INFO - Sync 1 DAGs
[2024-12-22T23:06:52.528+0000] {logging_mixin.py:188} INFO - [2024-12-22T23:06:52.527+0000] {dag.py:3823} INFO - Setting next_dagrun for tutorial to 2024-12-21 00:00:00+00:00, run_after=2024-12-22 00:00:00+00:00
[2024-12-22T23:06:52.572+0000] {processor.py:183} INFO - Processing /home/airflow/.local/lib/python3.11/site-packages/airflow/example_dags/tutorial.py took 0.134 seconds
[2024-12-22T23:07:23.041+0000] {processor.py:161} INFO - Started process (PID=2626) to work on /home/airflow/.local/lib/python3.11/site-packages/airflow/example_dags/tutorial.py
[2024-12-22T23:07:23.043+0000] {processor.py:830} INFO - Processing file /home/airflow/.local/lib/python3.11/site-packages/airflow/example_dags/tutorial.py for tasks to queue
[2024-12-22T23:07:23.048+0000] {logging_mixin.py:188} INFO - [2024-12-22T23:07:23.047+0000] {dagbag.py:538} INFO - Filling up the DagBag from /home/airflow/.local/lib/python3.11/site-packages/airflow/example_dags/tutorial.py
[2024-12-22T23:07:23.059+0000] {processor.py:840} INFO - DAG(s) 'tutorial' retrieved from /home/airflow/.local/lib/python3.11/site-packages/airflow/example_dags/tutorial.py
[2024-12-22T23:07:23.100+0000] {logging_mixin.py:188} INFO - [2024-12-22T23:07:23.100+0000] {dag.py:3036} INFO - Sync 1 DAGs
[2024-12-22T23:07:23.140+0000] {logging_mixin.py:188} INFO - [2024-12-22T23:07:23.140+0000] {dag.py:3823} INFO - Setting next_dagrun for tutorial to 2024-12-21 00:00:00+00:00, run_after=2024-12-22 00:00:00+00:00
[2024-12-22T23:07:23.205+0000] {processor.py:183} INFO - Processing /home/airflow/.local/lib/python3.11/site-packages/airflow/example_dags/tutorial.py took 0.170 seconds
[2024-12-22T23:07:53.884+0000] {processor.py:161} INFO - Started process (PID=2698) to work on /home/airflow/.local/lib/python3.11/site-packages/airflow/example_dags/tutorial.py
[2024-12-22T23:07:53.886+0000] {processor.py:830} INFO - Processing file /home/airflow/.local/lib/python3.11/site-packages/airflow/example_dags/tutorial.py for tasks to queue
[2024-12-22T23:07:53.891+0000] {logging_mixin.py:188} INFO - [2024-12-22T23:07:53.890+0000] {dagbag.py:538} INFO - Filling up the DagBag from /home/airflow/.local/lib/python3.11/site-packages/airflow/example_dags/tutorial.py
[2024-12-22T23:07:53.899+0000] {processor.py:840} INFO - DAG(s) 'tutorial' retrieved from /home/airflow/.local/lib/python3.11/site-packages/airflow/example_dags/tutorial.py
[2024-12-22T23:07:53.924+0000] {logging_mixin.py:188} INFO - [2024-12-22T23:07:53.924+0000] {dag.py:3036} INFO - Sync 1 DAGs
[2024-12-22T23:07:53.948+0000] {logging_mixin.py:188} INFO - [2024-12-22T23:07:53.947+0000] {dag.py:3823} INFO - Setting next_dagrun for tutorial to 2024-12-21 00:00:00+00:00, run_after=2024-12-22 00:00:00+00:00
[2024-12-22T23:07:53.977+0000] {processor.py:183} INFO - Processing /home/airflow/.local/lib/python3.11/site-packages/airflow/example_dags/tutorial.py took 0.101 seconds
