[2025-01-06T12:31:27.774+0000] {processor.py:161} INFO - Started process (PID=2819) to work on /home/airflow/.local/lib/python3.11/site-packages/airflow/example_dags/example_latest_only_with_trigger.py
[2025-01-06T12:31:27.779+0000] {processor.py:830} INFO - Processing file /home/airflow/.local/lib/python3.11/site-packages/airflow/example_dags/example_latest_only_with_trigger.py for tasks to queue
[2025-01-06T12:31:27.876+0000] {logging_mixin.py:188} INFO - [2025-01-06T12:31:27.875+0000] {dagbag.py:538} INFO - Filling up the DagBag from /home/airflow/.local/lib/python3.11/site-packages/airflow/example_dags/example_latest_only_with_trigger.py
[2025-01-06T12:31:27.970+0000] {processor.py:840} INFO - DAG(s) 'latest_only_with_trigger' retrieved from /home/airflow/.local/lib/python3.11/site-packages/airflow/example_dags/example_latest_only_with_trigger.py
[2025-01-06T12:31:28.164+0000] {logging_mixin.py:188} INFO - [2025-01-06T12:31:28.164+0000] {dag.py:3036} INFO - Sync 1 DAGs
[2025-01-06T12:31:28.320+0000] {logging_mixin.py:188} INFO - [2025-01-06T12:31:28.318+0000] {dag.py:3823} INFO - Setting next_dagrun for latest_only_with_trigger to 2025-01-06 08:00:00+00:00, run_after=2025-01-06 12:00:00+00:00
[2025-01-06T12:31:28.377+0000] {processor.py:183} INFO - Processing /home/airflow/.local/lib/python3.11/site-packages/airflow/example_dags/example_latest_only_with_trigger.py took 0.610 seconds
[2025-01-06T12:31:58.791+0000] {processor.py:161} INFO - Started process (PID=2876) to work on /home/airflow/.local/lib/python3.11/site-packages/airflow/example_dags/example_latest_only_with_trigger.py
[2025-01-06T12:31:58.792+0000] {processor.py:830} INFO - Processing file /home/airflow/.local/lib/python3.11/site-packages/airflow/example_dags/example_latest_only_with_trigger.py for tasks to queue
[2025-01-06T12:31:58.793+0000] {logging_mixin.py:188} INFO - [2025-01-06T12:31:58.793+0000] {dagbag.py:538} INFO - Filling up the DagBag from /home/airflow/.local/lib/python3.11/site-packages/airflow/example_dags/example_latest_only_with_trigger.py
[2025-01-06T12:31:58.800+0000] {processor.py:840} INFO - DAG(s) 'latest_only_with_trigger' retrieved from /home/airflow/.local/lib/python3.11/site-packages/airflow/example_dags/example_latest_only_with_trigger.py
[2025-01-06T12:31:58.839+0000] {logging_mixin.py:188} INFO - [2025-01-06T12:31:58.839+0000] {dag.py:3036} INFO - Sync 1 DAGs
[2025-01-06T12:31:58.900+0000] {logging_mixin.py:188} INFO - [2025-01-06T12:31:58.900+0000] {dag.py:3823} INFO - Setting next_dagrun for latest_only_with_trigger to 2025-01-06 08:00:00+00:00, run_after=2025-01-06 12:00:00+00:00
[2025-01-06T12:31:58.953+0000] {processor.py:183} INFO - Processing /home/airflow/.local/lib/python3.11/site-packages/airflow/example_dags/example_latest_only_with_trigger.py took 0.165 seconds
[2025-01-06T12:32:29.525+0000] {processor.py:161} INFO - Started process (PID=2940) to work on /home/airflow/.local/lib/python3.11/site-packages/airflow/example_dags/example_latest_only_with_trigger.py
[2025-01-06T12:32:29.526+0000] {processor.py:830} INFO - Processing file /home/airflow/.local/lib/python3.11/site-packages/airflow/example_dags/example_latest_only_with_trigger.py for tasks to queue
[2025-01-06T12:32:29.527+0000] {logging_mixin.py:188} INFO - [2025-01-06T12:32:29.527+0000] {dagbag.py:538} INFO - Filling up the DagBag from /home/airflow/.local/lib/python3.11/site-packages/airflow/example_dags/example_latest_only_with_trigger.py
[2025-01-06T12:32:29.536+0000] {processor.py:840} INFO - DAG(s) 'latest_only_with_trigger' retrieved from /home/airflow/.local/lib/python3.11/site-packages/airflow/example_dags/example_latest_only_with_trigger.py
[2025-01-06T12:32:29.561+0000] {logging_mixin.py:188} INFO - [2025-01-06T12:32:29.560+0000] {dag.py:3036} INFO - Sync 1 DAGs
[2025-01-06T12:32:29.585+0000] {logging_mixin.py:188} INFO - [2025-01-06T12:32:29.584+0000] {dag.py:3823} INFO - Setting next_dagrun for latest_only_with_trigger to 2025-01-06 08:00:00+00:00, run_after=2025-01-06 12:00:00+00:00
[2025-01-06T12:32:29.611+0000] {processor.py:183} INFO - Processing /home/airflow/.local/lib/python3.11/site-packages/airflow/example_dags/example_latest_only_with_trigger.py took 0.091 seconds
[2025-01-06T12:32:59.778+0000] {processor.py:161} INFO - Started process (PID=3011) to work on /home/airflow/.local/lib/python3.11/site-packages/airflow/example_dags/example_latest_only_with_trigger.py
[2025-01-06T12:32:59.780+0000] {processor.py:830} INFO - Processing file /home/airflow/.local/lib/python3.11/site-packages/airflow/example_dags/example_latest_only_with_trigger.py for tasks to queue
[2025-01-06T12:32:59.782+0000] {logging_mixin.py:188} INFO - [2025-01-06T12:32:59.781+0000] {dagbag.py:538} INFO - Filling up the DagBag from /home/airflow/.local/lib/python3.11/site-packages/airflow/example_dags/example_latest_only_with_trigger.py
[2025-01-06T12:32:59.794+0000] {processor.py:840} INFO - DAG(s) 'latest_only_with_trigger' retrieved from /home/airflow/.local/lib/python3.11/site-packages/airflow/example_dags/example_latest_only_with_trigger.py
[2025-01-06T12:32:59.834+0000] {logging_mixin.py:188} INFO - [2025-01-06T12:32:59.834+0000] {dag.py:3036} INFO - Sync 1 DAGs
[2025-01-06T12:32:59.868+0000] {logging_mixin.py:188} INFO - [2025-01-06T12:32:59.867+0000] {dag.py:3823} INFO - Setting next_dagrun for latest_only_with_trigger to 2025-01-06 08:00:00+00:00, run_after=2025-01-06 12:00:00+00:00
[2025-01-06T12:32:59.893+0000] {processor.py:183} INFO - Processing /home/airflow/.local/lib/python3.11/site-packages/airflow/example_dags/example_latest_only_with_trigger.py took 0.122 seconds
[2025-01-06T12:33:30.446+0000] {processor.py:161} INFO - Started process (PID=3075) to work on /home/airflow/.local/lib/python3.11/site-packages/airflow/example_dags/example_latest_only_with_trigger.py
[2025-01-06T12:33:30.447+0000] {processor.py:830} INFO - Processing file /home/airflow/.local/lib/python3.11/site-packages/airflow/example_dags/example_latest_only_with_trigger.py for tasks to queue
[2025-01-06T12:33:30.448+0000] {logging_mixin.py:188} INFO - [2025-01-06T12:33:30.448+0000] {dagbag.py:538} INFO - Filling up the DagBag from /home/airflow/.local/lib/python3.11/site-packages/airflow/example_dags/example_latest_only_with_trigger.py
[2025-01-06T12:33:30.456+0000] {processor.py:840} INFO - DAG(s) 'latest_only_with_trigger' retrieved from /home/airflow/.local/lib/python3.11/site-packages/airflow/example_dags/example_latest_only_with_trigger.py
[2025-01-06T12:33:30.481+0000] {logging_mixin.py:188} INFO - [2025-01-06T12:33:30.481+0000] {dag.py:3036} INFO - Sync 1 DAGs
[2025-01-06T12:33:30.507+0000] {logging_mixin.py:188} INFO - [2025-01-06T12:33:30.507+0000] {dag.py:3823} INFO - Setting next_dagrun for latest_only_with_trigger to 2025-01-06 08:00:00+00:00, run_after=2025-01-06 12:00:00+00:00
[2025-01-06T12:33:30.529+0000] {processor.py:183} INFO - Processing /home/airflow/.local/lib/python3.11/site-packages/airflow/example_dags/example_latest_only_with_trigger.py took 0.088 seconds
[2025-01-06T12:34:00.692+0000] {processor.py:161} INFO - Started process (PID=3139) to work on /home/airflow/.local/lib/python3.11/site-packages/airflow/example_dags/example_latest_only_with_trigger.py
[2025-01-06T12:34:00.693+0000] {processor.py:830} INFO - Processing file /home/airflow/.local/lib/python3.11/site-packages/airflow/example_dags/example_latest_only_with_trigger.py for tasks to queue
[2025-01-06T12:34:00.695+0000] {logging_mixin.py:188} INFO - [2025-01-06T12:34:00.694+0000] {dagbag.py:538} INFO - Filling up the DagBag from /home/airflow/.local/lib/python3.11/site-packages/airflow/example_dags/example_latest_only_with_trigger.py
[2025-01-06T12:34:00.702+0000] {processor.py:840} INFO - DAG(s) 'latest_only_with_trigger' retrieved from /home/airflow/.local/lib/python3.11/site-packages/airflow/example_dags/example_latest_only_with_trigger.py
[2025-01-06T12:34:00.726+0000] {logging_mixin.py:188} INFO - [2025-01-06T12:34:00.726+0000] {dag.py:3036} INFO - Sync 1 DAGs
[2025-01-06T12:34:00.749+0000] {logging_mixin.py:188} INFO - [2025-01-06T12:34:00.749+0000] {dag.py:3823} INFO - Setting next_dagrun for latest_only_with_trigger to 2025-01-06 08:00:00+00:00, run_after=2025-01-06 12:00:00+00:00
[2025-01-06T12:34:00.778+0000] {processor.py:183} INFO - Processing /home/airflow/.local/lib/python3.11/site-packages/airflow/example_dags/example_latest_only_with_trigger.py took 0.092 seconds
[2025-01-06T12:34:30.957+0000] {processor.py:161} INFO - Started process (PID=3203) to work on /home/airflow/.local/lib/python3.11/site-packages/airflow/example_dags/example_latest_only_with_trigger.py
[2025-01-06T12:34:30.959+0000] {processor.py:830} INFO - Processing file /home/airflow/.local/lib/python3.11/site-packages/airflow/example_dags/example_latest_only_with_trigger.py for tasks to queue
[2025-01-06T12:34:30.960+0000] {logging_mixin.py:188} INFO - [2025-01-06T12:34:30.960+0000] {dagbag.py:538} INFO - Filling up the DagBag from /home/airflow/.local/lib/python3.11/site-packages/airflow/example_dags/example_latest_only_with_trigger.py
[2025-01-06T12:34:30.968+0000] {processor.py:840} INFO - DAG(s) 'latest_only_with_trigger' retrieved from /home/airflow/.local/lib/python3.11/site-packages/airflow/example_dags/example_latest_only_with_trigger.py
[2025-01-06T12:34:30.992+0000] {logging_mixin.py:188} INFO - [2025-01-06T12:34:30.992+0000] {dag.py:3036} INFO - Sync 1 DAGs
[2025-01-06T12:34:31.022+0000] {logging_mixin.py:188} INFO - [2025-01-06T12:34:31.021+0000] {dag.py:3823} INFO - Setting next_dagrun for latest_only_with_trigger to 2025-01-06 08:00:00+00:00, run_after=2025-01-06 12:00:00+00:00
[2025-01-06T12:34:31.050+0000] {processor.py:183} INFO - Processing /home/airflow/.local/lib/python3.11/site-packages/airflow/example_dags/example_latest_only_with_trigger.py took 0.098 seconds
[2025-01-06T12:35:01.589+0000] {processor.py:161} INFO - Started process (PID=3274) to work on /home/airflow/.local/lib/python3.11/site-packages/airflow/example_dags/example_latest_only_with_trigger.py
[2025-01-06T12:35:01.590+0000] {processor.py:830} INFO - Processing file /home/airflow/.local/lib/python3.11/site-packages/airflow/example_dags/example_latest_only_with_trigger.py for tasks to queue
[2025-01-06T12:35:01.591+0000] {logging_mixin.py:188} INFO - [2025-01-06T12:35:01.591+0000] {dagbag.py:538} INFO - Filling up the DagBag from /home/airflow/.local/lib/python3.11/site-packages/airflow/example_dags/example_latest_only_with_trigger.py
[2025-01-06T12:35:01.598+0000] {processor.py:840} INFO - DAG(s) 'latest_only_with_trigger' retrieved from /home/airflow/.local/lib/python3.11/site-packages/airflow/example_dags/example_latest_only_with_trigger.py
[2025-01-06T12:35:01.625+0000] {logging_mixin.py:188} INFO - [2025-01-06T12:35:01.625+0000] {dag.py:3036} INFO - Sync 1 DAGs
[2025-01-06T12:35:01.649+0000] {logging_mixin.py:188} INFO - [2025-01-06T12:35:01.649+0000] {dag.py:3823} INFO - Setting next_dagrun for latest_only_with_trigger to 2025-01-06 08:00:00+00:00, run_after=2025-01-06 12:00:00+00:00
[2025-01-06T12:35:01.688+0000] {processor.py:183} INFO - Processing /home/airflow/.local/lib/python3.11/site-packages/airflow/example_dags/example_latest_only_with_trigger.py took 0.102 seconds
[2025-01-06T12:35:32.560+0000] {processor.py:161} INFO - Started process (PID=3338) to work on /home/airflow/.local/lib/python3.11/site-packages/airflow/example_dags/example_latest_only_with_trigger.py
[2025-01-06T12:35:32.561+0000] {processor.py:830} INFO - Processing file /home/airflow/.local/lib/python3.11/site-packages/airflow/example_dags/example_latest_only_with_trigger.py for tasks to queue
[2025-01-06T12:35:32.562+0000] {logging_mixin.py:188} INFO - [2025-01-06T12:35:32.562+0000] {dagbag.py:538} INFO - Filling up the DagBag from /home/airflow/.local/lib/python3.11/site-packages/airflow/example_dags/example_latest_only_with_trigger.py
[2025-01-06T12:35:32.572+0000] {processor.py:840} INFO - DAG(s) 'latest_only_with_trigger' retrieved from /home/airflow/.local/lib/python3.11/site-packages/airflow/example_dags/example_latest_only_with_trigger.py
[2025-01-06T12:35:32.603+0000] {logging_mixin.py:188} INFO - [2025-01-06T12:35:32.603+0000] {dag.py:3036} INFO - Sync 1 DAGs
[2025-01-06T12:35:32.638+0000] {logging_mixin.py:188} INFO - [2025-01-06T12:35:32.637+0000] {dag.py:3823} INFO - Setting next_dagrun for latest_only_with_trigger to 2025-01-06 08:00:00+00:00, run_after=2025-01-06 12:00:00+00:00
[2025-01-06T12:35:32.669+0000] {processor.py:183} INFO - Processing /home/airflow/.local/lib/python3.11/site-packages/airflow/example_dags/example_latest_only_with_trigger.py took 0.114 seconds
[2025-01-06T12:36:03.087+0000] {processor.py:161} INFO - Started process (PID=3402) to work on /home/airflow/.local/lib/python3.11/site-packages/airflow/example_dags/example_latest_only_with_trigger.py
[2025-01-06T12:36:03.089+0000] {processor.py:830} INFO - Processing file /home/airflow/.local/lib/python3.11/site-packages/airflow/example_dags/example_latest_only_with_trigger.py for tasks to queue
[2025-01-06T12:36:03.091+0000] {logging_mixin.py:188} INFO - [2025-01-06T12:36:03.091+0000] {dagbag.py:538} INFO - Filling up the DagBag from /home/airflow/.local/lib/python3.11/site-packages/airflow/example_dags/example_latest_only_with_trigger.py
[2025-01-06T12:36:03.104+0000] {processor.py:840} INFO - DAG(s) 'latest_only_with_trigger' retrieved from /home/airflow/.local/lib/python3.11/site-packages/airflow/example_dags/example_latest_only_with_trigger.py
[2025-01-06T12:36:03.152+0000] {logging_mixin.py:188} INFO - [2025-01-06T12:36:03.151+0000] {dag.py:3036} INFO - Sync 1 DAGs
[2025-01-06T12:36:03.201+0000] {logging_mixin.py:188} INFO - [2025-01-06T12:36:03.200+0000] {dag.py:3823} INFO - Setting next_dagrun for latest_only_with_trigger to 2025-01-06 08:00:00+00:00, run_after=2025-01-06 12:00:00+00:00
[2025-01-06T12:36:03.237+0000] {processor.py:183} INFO - Processing /home/airflow/.local/lib/python3.11/site-packages/airflow/example_dags/example_latest_only_with_trigger.py took 0.157 seconds
[2025-01-06T12:36:33.745+0000] {processor.py:161} INFO - Started process (PID=3466) to work on /home/airflow/.local/lib/python3.11/site-packages/airflow/example_dags/example_latest_only_with_trigger.py
[2025-01-06T12:36:33.748+0000] {processor.py:830} INFO - Processing file /home/airflow/.local/lib/python3.11/site-packages/airflow/example_dags/example_latest_only_with_trigger.py for tasks to queue
[2025-01-06T12:36:33.756+0000] {logging_mixin.py:188} INFO - [2025-01-06T12:36:33.755+0000] {dagbag.py:538} INFO - Filling up the DagBag from /home/airflow/.local/lib/python3.11/site-packages/airflow/example_dags/example_latest_only_with_trigger.py
[2025-01-06T12:36:33.777+0000] {processor.py:840} INFO - DAG(s) 'latest_only_with_trigger' retrieved from /home/airflow/.local/lib/python3.11/site-packages/airflow/example_dags/example_latest_only_with_trigger.py
[2025-01-06T12:36:33.843+0000] {logging_mixin.py:188} INFO - [2025-01-06T12:36:33.843+0000] {dag.py:3036} INFO - Sync 1 DAGs
[2025-01-06T12:36:33.917+0000] {logging_mixin.py:188} INFO - [2025-01-06T12:36:33.916+0000] {dag.py:3823} INFO - Setting next_dagrun for latest_only_with_trigger to 2025-01-06 08:00:00+00:00, run_after=2025-01-06 12:00:00+00:00
[2025-01-06T12:36:33.982+0000] {processor.py:183} INFO - Processing /home/airflow/.local/lib/python3.11/site-packages/airflow/example_dags/example_latest_only_with_trigger.py took 0.242 seconds
[2025-01-06T12:37:04.977+0000] {processor.py:161} INFO - Started process (PID=3530) to work on /home/airflow/.local/lib/python3.11/site-packages/airflow/example_dags/example_latest_only_with_trigger.py
[2025-01-06T12:37:04.978+0000] {processor.py:830} INFO - Processing file /home/airflow/.local/lib/python3.11/site-packages/airflow/example_dags/example_latest_only_with_trigger.py for tasks to queue
[2025-01-06T12:37:04.980+0000] {logging_mixin.py:188} INFO - [2025-01-06T12:37:04.979+0000] {dagbag.py:538} INFO - Filling up the DagBag from /home/airflow/.local/lib/python3.11/site-packages/airflow/example_dags/example_latest_only_with_trigger.py
[2025-01-06T12:37:04.990+0000] {processor.py:840} INFO - DAG(s) 'latest_only_with_trigger' retrieved from /home/airflow/.local/lib/python3.11/site-packages/airflow/example_dags/example_latest_only_with_trigger.py
[2025-01-06T12:37:05.025+0000] {logging_mixin.py:188} INFO - [2025-01-06T12:37:05.025+0000] {dag.py:3036} INFO - Sync 1 DAGs
[2025-01-06T12:37:05.076+0000] {logging_mixin.py:188} INFO - [2025-01-06T12:37:05.075+0000] {dag.py:3823} INFO - Setting next_dagrun for latest_only_with_trigger to 2025-01-06 08:00:00+00:00, run_after=2025-01-06 12:00:00+00:00
[2025-01-06T12:37:05.110+0000] {processor.py:183} INFO - Processing /home/airflow/.local/lib/python3.11/site-packages/airflow/example_dags/example_latest_only_with_trigger.py took 0.139 seconds
[2025-01-06T12:37:35.224+0000] {processor.py:161} INFO - Started process (PID=3595) to work on /home/airflow/.local/lib/python3.11/site-packages/airflow/example_dags/example_latest_only_with_trigger.py
[2025-01-06T12:37:35.226+0000] {processor.py:830} INFO - Processing file /home/airflow/.local/lib/python3.11/site-packages/airflow/example_dags/example_latest_only_with_trigger.py for tasks to queue
[2025-01-06T12:37:35.227+0000] {logging_mixin.py:188} INFO - [2025-01-06T12:37:35.227+0000] {dagbag.py:538} INFO - Filling up the DagBag from /home/airflow/.local/lib/python3.11/site-packages/airflow/example_dags/example_latest_only_with_trigger.py
[2025-01-06T12:37:35.240+0000] {processor.py:840} INFO - DAG(s) 'latest_only_with_trigger' retrieved from /home/airflow/.local/lib/python3.11/site-packages/airflow/example_dags/example_latest_only_with_trigger.py
[2025-01-06T12:37:35.288+0000] {logging_mixin.py:188} INFO - [2025-01-06T12:37:35.288+0000] {dag.py:3036} INFO - Sync 1 DAGs
[2025-01-06T12:37:35.341+0000] {logging_mixin.py:188} INFO - [2025-01-06T12:37:35.341+0000] {dag.py:3823} INFO - Setting next_dagrun for latest_only_with_trigger to 2025-01-06 08:00:00+00:00, run_after=2025-01-06 12:00:00+00:00
[2025-01-06T12:37:35.385+0000] {processor.py:183} INFO - Processing /home/airflow/.local/lib/python3.11/site-packages/airflow/example_dags/example_latest_only_with_trigger.py took 0.171 seconds
[2025-01-06T12:38:05.491+0000] {processor.py:161} INFO - Started process (PID=3659) to work on /home/airflow/.local/lib/python3.11/site-packages/airflow/example_dags/example_latest_only_with_trigger.py
[2025-01-06T12:38:05.492+0000] {processor.py:830} INFO - Processing file /home/airflow/.local/lib/python3.11/site-packages/airflow/example_dags/example_latest_only_with_trigger.py for tasks to queue
[2025-01-06T12:38:05.494+0000] {logging_mixin.py:188} INFO - [2025-01-06T12:38:05.493+0000] {dagbag.py:538} INFO - Filling up the DagBag from /home/airflow/.local/lib/python3.11/site-packages/airflow/example_dags/example_latest_only_with_trigger.py
[2025-01-06T12:38:05.506+0000] {processor.py:840} INFO - DAG(s) 'latest_only_with_trigger' retrieved from /home/airflow/.local/lib/python3.11/site-packages/airflow/example_dags/example_latest_only_with_trigger.py
[2025-01-06T12:38:05.537+0000] {logging_mixin.py:188} INFO - [2025-01-06T12:38:05.537+0000] {dag.py:3036} INFO - Sync 1 DAGs
[2025-01-06T12:38:05.571+0000] {logging_mixin.py:188} INFO - [2025-01-06T12:38:05.570+0000] {dag.py:3823} INFO - Setting next_dagrun for latest_only_with_trigger to 2025-01-06 08:00:00+00:00, run_after=2025-01-06 12:00:00+00:00
[2025-01-06T12:38:05.604+0000] {processor.py:183} INFO - Processing /home/airflow/.local/lib/python3.11/site-packages/airflow/example_dags/example_latest_only_with_trigger.py took 0.121 seconds
[2025-01-06T12:38:35.731+0000] {processor.py:161} INFO - Started process (PID=3723) to work on /home/airflow/.local/lib/python3.11/site-packages/airflow/example_dags/example_latest_only_with_trigger.py
[2025-01-06T12:38:35.734+0000] {processor.py:830} INFO - Processing file /home/airflow/.local/lib/python3.11/site-packages/airflow/example_dags/example_latest_only_with_trigger.py for tasks to queue
[2025-01-06T12:38:35.736+0000] {logging_mixin.py:188} INFO - [2025-01-06T12:38:35.735+0000] {dagbag.py:538} INFO - Filling up the DagBag from /home/airflow/.local/lib/python3.11/site-packages/airflow/example_dags/example_latest_only_with_trigger.py
[2025-01-06T12:38:35.748+0000] {processor.py:840} INFO - DAG(s) 'latest_only_with_trigger' retrieved from /home/airflow/.local/lib/python3.11/site-packages/airflow/example_dags/example_latest_only_with_trigger.py
[2025-01-06T12:38:35.790+0000] {logging_mixin.py:188} INFO - [2025-01-06T12:38:35.790+0000] {dag.py:3036} INFO - Sync 1 DAGs
[2025-01-06T12:38:35.832+0000] {logging_mixin.py:188} INFO - [2025-01-06T12:38:35.831+0000] {dag.py:3823} INFO - Setting next_dagrun for latest_only_with_trigger to 2025-01-06 08:00:00+00:00, run_after=2025-01-06 12:00:00+00:00
[2025-01-06T12:38:35.875+0000] {processor.py:183} INFO - Processing /home/airflow/.local/lib/python3.11/site-packages/airflow/example_dags/example_latest_only_with_trigger.py took 0.150 seconds
[2025-01-06T12:39:06.018+0000] {processor.py:161} INFO - Started process (PID=3794) to work on /home/airflow/.local/lib/python3.11/site-packages/airflow/example_dags/example_latest_only_with_trigger.py
[2025-01-06T12:39:06.020+0000] {processor.py:830} INFO - Processing file /home/airflow/.local/lib/python3.11/site-packages/airflow/example_dags/example_latest_only_with_trigger.py for tasks to queue
[2025-01-06T12:39:06.022+0000] {logging_mixin.py:188} INFO - [2025-01-06T12:39:06.021+0000] {dagbag.py:538} INFO - Filling up the DagBag from /home/airflow/.local/lib/python3.11/site-packages/airflow/example_dags/example_latest_only_with_trigger.py
[2025-01-06T12:39:06.029+0000] {processor.py:840} INFO - DAG(s) 'latest_only_with_trigger' retrieved from /home/airflow/.local/lib/python3.11/site-packages/airflow/example_dags/example_latest_only_with_trigger.py
[2025-01-06T12:39:06.052+0000] {logging_mixin.py:188} INFO - [2025-01-06T12:39:06.051+0000] {dag.py:3036} INFO - Sync 1 DAGs
[2025-01-06T12:39:06.078+0000] {logging_mixin.py:188} INFO - [2025-01-06T12:39:06.078+0000] {dag.py:3823} INFO - Setting next_dagrun for latest_only_with_trigger to 2025-01-06 08:00:00+00:00, run_after=2025-01-06 12:00:00+00:00
[2025-01-06T12:39:06.110+0000] {processor.py:183} INFO - Processing /home/airflow/.local/lib/python3.11/site-packages/airflow/example_dags/example_latest_only_with_trigger.py took 0.095 seconds
[2025-01-06T12:39:36.251+0000] {processor.py:161} INFO - Started process (PID=3858) to work on /home/airflow/.local/lib/python3.11/site-packages/airflow/example_dags/example_latest_only_with_trigger.py
[2025-01-06T12:39:36.253+0000] {processor.py:830} INFO - Processing file /home/airflow/.local/lib/python3.11/site-packages/airflow/example_dags/example_latest_only_with_trigger.py for tasks to queue
[2025-01-06T12:39:36.255+0000] {logging_mixin.py:188} INFO - [2025-01-06T12:39:36.254+0000] {dagbag.py:538} INFO - Filling up the DagBag from /home/airflow/.local/lib/python3.11/site-packages/airflow/example_dags/example_latest_only_with_trigger.py
[2025-01-06T12:39:36.268+0000] {processor.py:840} INFO - DAG(s) 'latest_only_with_trigger' retrieved from /home/airflow/.local/lib/python3.11/site-packages/airflow/example_dags/example_latest_only_with_trigger.py
[2025-01-06T12:39:36.309+0000] {logging_mixin.py:188} INFO - [2025-01-06T12:39:36.309+0000] {dag.py:3036} INFO - Sync 1 DAGs
[2025-01-06T12:39:36.354+0000] {logging_mixin.py:188} INFO - [2025-01-06T12:39:36.354+0000] {dag.py:3823} INFO - Setting next_dagrun for latest_only_with_trigger to 2025-01-06 08:00:00+00:00, run_after=2025-01-06 12:00:00+00:00
[2025-01-06T12:39:36.397+0000] {processor.py:183} INFO - Processing /home/airflow/.local/lib/python3.11/site-packages/airflow/example_dags/example_latest_only_with_trigger.py took 0.153 seconds
[2025-01-06T12:40:06.872+0000] {processor.py:161} INFO - Started process (PID=3922) to work on /home/airflow/.local/lib/python3.11/site-packages/airflow/example_dags/example_latest_only_with_trigger.py
[2025-01-06T12:40:06.884+0000] {processor.py:830} INFO - Processing file /home/airflow/.local/lib/python3.11/site-packages/airflow/example_dags/example_latest_only_with_trigger.py for tasks to queue
[2025-01-06T12:40:06.885+0000] {logging_mixin.py:188} INFO - [2025-01-06T12:40:06.885+0000] {dagbag.py:538} INFO - Filling up the DagBag from /home/airflow/.local/lib/python3.11/site-packages/airflow/example_dags/example_latest_only_with_trigger.py
[2025-01-06T12:40:06.893+0000] {processor.py:840} INFO - DAG(s) 'latest_only_with_trigger' retrieved from /home/airflow/.local/lib/python3.11/site-packages/airflow/example_dags/example_latest_only_with_trigger.py
[2025-01-06T12:40:06.917+0000] {logging_mixin.py:188} INFO - [2025-01-06T12:40:06.917+0000] {dag.py:3036} INFO - Sync 1 DAGs
[2025-01-06T12:40:06.947+0000] {logging_mixin.py:188} INFO - [2025-01-06T12:40:06.947+0000] {dag.py:3823} INFO - Setting next_dagrun for latest_only_with_trigger to 2025-01-06 08:00:00+00:00, run_after=2025-01-06 12:00:00+00:00
[2025-01-06T12:40:06.976+0000] {processor.py:183} INFO - Processing /home/airflow/.local/lib/python3.11/site-packages/airflow/example_dags/example_latest_only_with_trigger.py took 0.115 seconds
[2025-01-06T12:40:37.129+0000] {processor.py:161} INFO - Started process (PID=3993) to work on /home/airflow/.local/lib/python3.11/site-packages/airflow/example_dags/example_latest_only_with_trigger.py
[2025-01-06T12:40:37.130+0000] {processor.py:830} INFO - Processing file /home/airflow/.local/lib/python3.11/site-packages/airflow/example_dags/example_latest_only_with_trigger.py for tasks to queue
[2025-01-06T12:40:37.131+0000] {logging_mixin.py:188} INFO - [2025-01-06T12:40:37.131+0000] {dagbag.py:538} INFO - Filling up the DagBag from /home/airflow/.local/lib/python3.11/site-packages/airflow/example_dags/example_latest_only_with_trigger.py
[2025-01-06T12:40:37.139+0000] {processor.py:840} INFO - DAG(s) 'latest_only_with_trigger' retrieved from /home/airflow/.local/lib/python3.11/site-packages/airflow/example_dags/example_latest_only_with_trigger.py
[2025-01-06T12:40:37.164+0000] {logging_mixin.py:188} INFO - [2025-01-06T12:40:37.164+0000] {dag.py:3036} INFO - Sync 1 DAGs
[2025-01-06T12:40:37.187+0000] {logging_mixin.py:188} INFO - [2025-01-06T12:40:37.187+0000] {dag.py:3823} INFO - Setting next_dagrun for latest_only_with_trigger to 2025-01-06 08:00:00+00:00, run_after=2025-01-06 12:00:00+00:00
[2025-01-06T12:40:37.217+0000] {processor.py:183} INFO - Processing /home/airflow/.local/lib/python3.11/site-packages/airflow/example_dags/example_latest_only_with_trigger.py took 0.091 seconds
[2025-01-06T12:41:07.376+0000] {processor.py:161} INFO - Started process (PID=4057) to work on /home/airflow/.local/lib/python3.11/site-packages/airflow/example_dags/example_latest_only_with_trigger.py
[2025-01-06T12:41:07.378+0000] {processor.py:830} INFO - Processing file /home/airflow/.local/lib/python3.11/site-packages/airflow/example_dags/example_latest_only_with_trigger.py for tasks to queue
[2025-01-06T12:41:07.380+0000] {logging_mixin.py:188} INFO - [2025-01-06T12:41:07.380+0000] {dagbag.py:538} INFO - Filling up the DagBag from /home/airflow/.local/lib/python3.11/site-packages/airflow/example_dags/example_latest_only_with_trigger.py
[2025-01-06T12:41:07.394+0000] {processor.py:840} INFO - DAG(s) 'latest_only_with_trigger' retrieved from /home/airflow/.local/lib/python3.11/site-packages/airflow/example_dags/example_latest_only_with_trigger.py
[2025-01-06T12:41:07.421+0000] {logging_mixin.py:188} INFO - [2025-01-06T12:41:07.421+0000] {dag.py:3036} INFO - Sync 1 DAGs
[2025-01-06T12:41:07.445+0000] {logging_mixin.py:188} INFO - [2025-01-06T12:41:07.445+0000] {dag.py:3823} INFO - Setting next_dagrun for latest_only_with_trigger to 2025-01-06 08:00:00+00:00, run_after=2025-01-06 12:00:00+00:00
[2025-01-06T12:41:07.466+0000] {processor.py:183} INFO - Processing /home/airflow/.local/lib/python3.11/site-packages/airflow/example_dags/example_latest_only_with_trigger.py took 0.096 seconds
[2025-01-06T12:41:37.748+0000] {processor.py:161} INFO - Started process (PID=4121) to work on /home/airflow/.local/lib/python3.11/site-packages/airflow/example_dags/example_latest_only_with_trigger.py
[2025-01-06T12:41:37.750+0000] {processor.py:830} INFO - Processing file /home/airflow/.local/lib/python3.11/site-packages/airflow/example_dags/example_latest_only_with_trigger.py for tasks to queue
[2025-01-06T12:41:37.751+0000] {logging_mixin.py:188} INFO - [2025-01-06T12:41:37.751+0000] {dagbag.py:538} INFO - Filling up the DagBag from /home/airflow/.local/lib/python3.11/site-packages/airflow/example_dags/example_latest_only_with_trigger.py
[2025-01-06T12:41:37.758+0000] {processor.py:840} INFO - DAG(s) 'latest_only_with_trigger' retrieved from /home/airflow/.local/lib/python3.11/site-packages/airflow/example_dags/example_latest_only_with_trigger.py
[2025-01-06T12:41:37.784+0000] {logging_mixin.py:188} INFO - [2025-01-06T12:41:37.784+0000] {dag.py:3036} INFO - Sync 1 DAGs
[2025-01-06T12:41:37.808+0000] {logging_mixin.py:188} INFO - [2025-01-06T12:41:37.807+0000] {dag.py:3823} INFO - Setting next_dagrun for latest_only_with_trigger to 2025-01-06 08:00:00+00:00, run_after=2025-01-06 12:00:00+00:00
[2025-01-06T12:41:37.839+0000] {processor.py:183} INFO - Processing /home/airflow/.local/lib/python3.11/site-packages/airflow/example_dags/example_latest_only_with_trigger.py took 0.094 seconds
[2025-01-06T12:42:07.930+0000] {processor.py:161} INFO - Started process (PID=4185) to work on /home/airflow/.local/lib/python3.11/site-packages/airflow/example_dags/example_latest_only_with_trigger.py
[2025-01-06T12:42:07.931+0000] {processor.py:830} INFO - Processing file /home/airflow/.local/lib/python3.11/site-packages/airflow/example_dags/example_latest_only_with_trigger.py for tasks to queue
[2025-01-06T12:42:07.933+0000] {logging_mixin.py:188} INFO - [2025-01-06T12:42:07.932+0000] {dagbag.py:538} INFO - Filling up the DagBag from /home/airflow/.local/lib/python3.11/site-packages/airflow/example_dags/example_latest_only_with_trigger.py
[2025-01-06T12:42:07.941+0000] {processor.py:840} INFO - DAG(s) 'latest_only_with_trigger' retrieved from /home/airflow/.local/lib/python3.11/site-packages/airflow/example_dags/example_latest_only_with_trigger.py
[2025-01-06T12:42:07.965+0000] {logging_mixin.py:188} INFO - [2025-01-06T12:42:07.964+0000] {dag.py:3036} INFO - Sync 1 DAGs
[2025-01-06T12:42:08.000+0000] {logging_mixin.py:188} INFO - [2025-01-06T12:42:08.000+0000] {dag.py:3823} INFO - Setting next_dagrun for latest_only_with_trigger to 2025-01-06 08:00:00+00:00, run_after=2025-01-06 12:00:00+00:00
[2025-01-06T12:42:08.033+0000] {processor.py:183} INFO - Processing /home/airflow/.local/lib/python3.11/site-packages/airflow/example_dags/example_latest_only_with_trigger.py took 0.108 seconds
[2025-01-06T12:42:38.555+0000] {processor.py:161} INFO - Started process (PID=4256) to work on /home/airflow/.local/lib/python3.11/site-packages/airflow/example_dags/example_latest_only_with_trigger.py
[2025-01-06T12:42:38.557+0000] {processor.py:830} INFO - Processing file /home/airflow/.local/lib/python3.11/site-packages/airflow/example_dags/example_latest_only_with_trigger.py for tasks to queue
[2025-01-06T12:42:38.559+0000] {logging_mixin.py:188} INFO - [2025-01-06T12:42:38.558+0000] {dagbag.py:538} INFO - Filling up the DagBag from /home/airflow/.local/lib/python3.11/site-packages/airflow/example_dags/example_latest_only_with_trigger.py
[2025-01-06T12:42:38.571+0000] {processor.py:840} INFO - DAG(s) 'latest_only_with_trigger' retrieved from /home/airflow/.local/lib/python3.11/site-packages/airflow/example_dags/example_latest_only_with_trigger.py
[2025-01-06T12:42:38.595+0000] {logging_mixin.py:188} INFO - [2025-01-06T12:42:38.595+0000] {dag.py:3036} INFO - Sync 1 DAGs
[2025-01-06T12:42:38.617+0000] {logging_mixin.py:188} INFO - [2025-01-06T12:42:38.617+0000] {dag.py:3823} INFO - Setting next_dagrun for latest_only_with_trigger to 2025-01-06 08:00:00+00:00, run_after=2025-01-06 12:00:00+00:00
[2025-01-06T12:42:38.647+0000] {processor.py:183} INFO - Processing /home/airflow/.local/lib/python3.11/site-packages/airflow/example_dags/example_latest_only_with_trigger.py took 0.099 seconds
[2025-01-06T12:43:08.715+0000] {processor.py:161} INFO - Started process (PID=4320) to work on /home/airflow/.local/lib/python3.11/site-packages/airflow/example_dags/example_latest_only_with_trigger.py
[2025-01-06T12:43:08.716+0000] {processor.py:830} INFO - Processing file /home/airflow/.local/lib/python3.11/site-packages/airflow/example_dags/example_latest_only_with_trigger.py for tasks to queue
[2025-01-06T12:43:08.717+0000] {logging_mixin.py:188} INFO - [2025-01-06T12:43:08.717+0000] {dagbag.py:538} INFO - Filling up the DagBag from /home/airflow/.local/lib/python3.11/site-packages/airflow/example_dags/example_latest_only_with_trigger.py
[2025-01-06T12:43:08.724+0000] {processor.py:840} INFO - DAG(s) 'latest_only_with_trigger' retrieved from /home/airflow/.local/lib/python3.11/site-packages/airflow/example_dags/example_latest_only_with_trigger.py
[2025-01-06T12:43:08.752+0000] {logging_mixin.py:188} INFO - [2025-01-06T12:43:08.752+0000] {dag.py:3036} INFO - Sync 1 DAGs
[2025-01-06T12:43:08.775+0000] {logging_mixin.py:188} INFO - [2025-01-06T12:43:08.775+0000] {dag.py:3823} INFO - Setting next_dagrun for latest_only_with_trigger to 2025-01-06 08:00:00+00:00, run_after=2025-01-06 12:00:00+00:00
[2025-01-06T12:43:08.805+0000] {processor.py:183} INFO - Processing /home/airflow/.local/lib/python3.11/site-packages/airflow/example_dags/example_latest_only_with_trigger.py took 0.094 seconds
[2025-01-06T12:43:38.906+0000] {processor.py:161} INFO - Started process (PID=4384) to work on /home/airflow/.local/lib/python3.11/site-packages/airflow/example_dags/example_latest_only_with_trigger.py
[2025-01-06T12:43:38.907+0000] {processor.py:830} INFO - Processing file /home/airflow/.local/lib/python3.11/site-packages/airflow/example_dags/example_latest_only_with_trigger.py for tasks to queue
[2025-01-06T12:43:38.908+0000] {logging_mixin.py:188} INFO - [2025-01-06T12:43:38.908+0000] {dagbag.py:538} INFO - Filling up the DagBag from /home/airflow/.local/lib/python3.11/site-packages/airflow/example_dags/example_latest_only_with_trigger.py
[2025-01-06T12:43:38.916+0000] {processor.py:840} INFO - DAG(s) 'latest_only_with_trigger' retrieved from /home/airflow/.local/lib/python3.11/site-packages/airflow/example_dags/example_latest_only_with_trigger.py
[2025-01-06T12:43:38.949+0000] {logging_mixin.py:188} INFO - [2025-01-06T12:43:38.949+0000] {dag.py:3036} INFO - Sync 1 DAGs
[2025-01-06T12:43:38.977+0000] {logging_mixin.py:188} INFO - [2025-01-06T12:43:38.977+0000] {dag.py:3823} INFO - Setting next_dagrun for latest_only_with_trigger to 2025-01-06 08:00:00+00:00, run_after=2025-01-06 12:00:00+00:00
[2025-01-06T12:43:39.008+0000] {processor.py:183} INFO - Processing /home/airflow/.local/lib/python3.11/site-packages/airflow/example_dags/example_latest_only_with_trigger.py took 0.105 seconds
[2025-01-06T12:44:09.556+0000] {processor.py:161} INFO - Started process (PID=4455) to work on /home/airflow/.local/lib/python3.11/site-packages/airflow/example_dags/example_latest_only_with_trigger.py
[2025-01-06T12:44:09.558+0000] {processor.py:830} INFO - Processing file /home/airflow/.local/lib/python3.11/site-packages/airflow/example_dags/example_latest_only_with_trigger.py for tasks to queue
[2025-01-06T12:44:09.559+0000] {logging_mixin.py:188} INFO - [2025-01-06T12:44:09.559+0000] {dagbag.py:538} INFO - Filling up the DagBag from /home/airflow/.local/lib/python3.11/site-packages/airflow/example_dags/example_latest_only_with_trigger.py
[2025-01-06T12:44:09.567+0000] {processor.py:840} INFO - DAG(s) 'latest_only_with_trigger' retrieved from /home/airflow/.local/lib/python3.11/site-packages/airflow/example_dags/example_latest_only_with_trigger.py
[2025-01-06T12:44:09.593+0000] {logging_mixin.py:188} INFO - [2025-01-06T12:44:09.593+0000] {dag.py:3036} INFO - Sync 1 DAGs
[2025-01-06T12:44:09.616+0000] {logging_mixin.py:188} INFO - [2025-01-06T12:44:09.615+0000] {dag.py:3823} INFO - Setting next_dagrun for latest_only_with_trigger to 2025-01-06 08:00:00+00:00, run_after=2025-01-06 12:00:00+00:00
[2025-01-06T12:44:09.637+0000] {processor.py:183} INFO - Processing /home/airflow/.local/lib/python3.11/site-packages/airflow/example_dags/example_latest_only_with_trigger.py took 0.084 seconds
[2025-01-06T12:44:39.707+0000] {processor.py:161} INFO - Started process (PID=4519) to work on /home/airflow/.local/lib/python3.11/site-packages/airflow/example_dags/example_latest_only_with_trigger.py
[2025-01-06T12:44:39.709+0000] {processor.py:830} INFO - Processing file /home/airflow/.local/lib/python3.11/site-packages/airflow/example_dags/example_latest_only_with_trigger.py for tasks to queue
[2025-01-06T12:44:39.710+0000] {logging_mixin.py:188} INFO - [2025-01-06T12:44:39.710+0000] {dagbag.py:538} INFO - Filling up the DagBag from /home/airflow/.local/lib/python3.11/site-packages/airflow/example_dags/example_latest_only_with_trigger.py
[2025-01-06T12:44:39.718+0000] {processor.py:840} INFO - DAG(s) 'latest_only_with_trigger' retrieved from /home/airflow/.local/lib/python3.11/site-packages/airflow/example_dags/example_latest_only_with_trigger.py
[2025-01-06T12:44:39.742+0000] {logging_mixin.py:188} INFO - [2025-01-06T12:44:39.741+0000] {dag.py:3036} INFO - Sync 1 DAGs
[2025-01-06T12:44:39.764+0000] {logging_mixin.py:188} INFO - [2025-01-06T12:44:39.764+0000] {dag.py:3823} INFO - Setting next_dagrun for latest_only_with_trigger to 2025-01-06 08:00:00+00:00, run_after=2025-01-06 12:00:00+00:00
[2025-01-06T12:44:39.787+0000] {processor.py:183} INFO - Processing /home/airflow/.local/lib/python3.11/site-packages/airflow/example_dags/example_latest_only_with_trigger.py took 0.084 seconds
[2025-01-06T12:45:10.052+0000] {processor.py:161} INFO - Started process (PID=4583) to work on /home/airflow/.local/lib/python3.11/site-packages/airflow/example_dags/example_latest_only_with_trigger.py
[2025-01-06T12:45:10.053+0000] {processor.py:830} INFO - Processing file /home/airflow/.local/lib/python3.11/site-packages/airflow/example_dags/example_latest_only_with_trigger.py for tasks to queue
[2025-01-06T12:45:10.054+0000] {logging_mixin.py:188} INFO - [2025-01-06T12:45:10.054+0000] {dagbag.py:538} INFO - Filling up the DagBag from /home/airflow/.local/lib/python3.11/site-packages/airflow/example_dags/example_latest_only_with_trigger.py
[2025-01-06T12:45:10.061+0000] {processor.py:840} INFO - DAG(s) 'latest_only_with_trigger' retrieved from /home/airflow/.local/lib/python3.11/site-packages/airflow/example_dags/example_latest_only_with_trigger.py
[2025-01-06T12:45:10.087+0000] {logging_mixin.py:188} INFO - [2025-01-06T12:45:10.087+0000] {dag.py:3036} INFO - Sync 1 DAGs
[2025-01-06T12:45:10.112+0000] {logging_mixin.py:188} INFO - [2025-01-06T12:45:10.112+0000] {dag.py:3823} INFO - Setting next_dagrun for latest_only_with_trigger to 2025-01-06 08:00:00+00:00, run_after=2025-01-06 12:00:00+00:00
[2025-01-06T12:45:10.134+0000] {processor.py:183} INFO - Processing /home/airflow/.local/lib/python3.11/site-packages/airflow/example_dags/example_latest_only_with_trigger.py took 0.085 seconds
[2025-01-06T12:45:40.216+0000] {processor.py:161} INFO - Started process (PID=4654) to work on /home/airflow/.local/lib/python3.11/site-packages/airflow/example_dags/example_latest_only_with_trigger.py
[2025-01-06T12:45:40.217+0000] {processor.py:830} INFO - Processing file /home/airflow/.local/lib/python3.11/site-packages/airflow/example_dags/example_latest_only_with_trigger.py for tasks to queue
[2025-01-06T12:45:40.218+0000] {logging_mixin.py:188} INFO - [2025-01-06T12:45:40.218+0000] {dagbag.py:538} INFO - Filling up the DagBag from /home/airflow/.local/lib/python3.11/site-packages/airflow/example_dags/example_latest_only_with_trigger.py
[2025-01-06T12:45:40.224+0000] {processor.py:840} INFO - DAG(s) 'latest_only_with_trigger' retrieved from /home/airflow/.local/lib/python3.11/site-packages/airflow/example_dags/example_latest_only_with_trigger.py
[2025-01-06T12:45:40.250+0000] {logging_mixin.py:188} INFO - [2025-01-06T12:45:40.250+0000] {dag.py:3036} INFO - Sync 1 DAGs
[2025-01-06T12:45:40.273+0000] {logging_mixin.py:188} INFO - [2025-01-06T12:45:40.273+0000] {dag.py:3823} INFO - Setting next_dagrun for latest_only_with_trigger to 2025-01-06 08:00:00+00:00, run_after=2025-01-06 12:00:00+00:00
[2025-01-06T12:45:40.302+0000] {processor.py:183} INFO - Processing /home/airflow/.local/lib/python3.11/site-packages/airflow/example_dags/example_latest_only_with_trigger.py took 0.090 seconds
[2025-01-06T12:46:10.481+0000] {processor.py:161} INFO - Started process (PID=4716) to work on /home/airflow/.local/lib/python3.11/site-packages/airflow/example_dags/example_latest_only_with_trigger.py
[2025-01-06T12:46:10.483+0000] {processor.py:830} INFO - Processing file /home/airflow/.local/lib/python3.11/site-packages/airflow/example_dags/example_latest_only_with_trigger.py for tasks to queue
[2025-01-06T12:46:10.485+0000] {logging_mixin.py:188} INFO - [2025-01-06T12:46:10.484+0000] {dagbag.py:538} INFO - Filling up the DagBag from /home/airflow/.local/lib/python3.11/site-packages/airflow/example_dags/example_latest_only_with_trigger.py
[2025-01-06T12:46:10.498+0000] {processor.py:840} INFO - DAG(s) 'latest_only_with_trigger' retrieved from /home/airflow/.local/lib/python3.11/site-packages/airflow/example_dags/example_latest_only_with_trigger.py
[2025-01-06T12:46:10.531+0000] {logging_mixin.py:188} INFO - [2025-01-06T12:46:10.530+0000] {dag.py:3036} INFO - Sync 1 DAGs
[2025-01-06T12:46:10.560+0000] {logging_mixin.py:188} INFO - [2025-01-06T12:46:10.560+0000] {dag.py:3823} INFO - Setting next_dagrun for latest_only_with_trigger to 2025-01-06 08:00:00+00:00, run_after=2025-01-06 12:00:00+00:00
[2025-01-06T12:46:10.590+0000] {processor.py:183} INFO - Processing /home/airflow/.local/lib/python3.11/site-packages/airflow/example_dags/example_latest_only_with_trigger.py took 0.113 seconds
[2025-01-06T12:46:40.982+0000] {processor.py:161} INFO - Started process (PID=4780) to work on /home/airflow/.local/lib/python3.11/site-packages/airflow/example_dags/example_latest_only_with_trigger.py
[2025-01-06T12:46:40.984+0000] {processor.py:830} INFO - Processing file /home/airflow/.local/lib/python3.11/site-packages/airflow/example_dags/example_latest_only_with_trigger.py for tasks to queue
[2025-01-06T12:46:40.986+0000] {logging_mixin.py:188} INFO - [2025-01-06T12:46:40.985+0000] {dagbag.py:538} INFO - Filling up the DagBag from /home/airflow/.local/lib/python3.11/site-packages/airflow/example_dags/example_latest_only_with_trigger.py
[2025-01-06T12:46:40.999+0000] {processor.py:840} INFO - DAG(s) 'latest_only_with_trigger' retrieved from /home/airflow/.local/lib/python3.11/site-packages/airflow/example_dags/example_latest_only_with_trigger.py
[2025-01-06T12:46:41.026+0000] {logging_mixin.py:188} INFO - [2025-01-06T12:46:41.026+0000] {dag.py:3036} INFO - Sync 1 DAGs
[2025-01-06T12:46:41.051+0000] {logging_mixin.py:188} INFO - [2025-01-06T12:46:41.051+0000] {dag.py:3823} INFO - Setting next_dagrun for latest_only_with_trigger to 2025-01-06 08:00:00+00:00, run_after=2025-01-06 12:00:00+00:00
[2025-01-06T12:46:41.082+0000] {processor.py:183} INFO - Processing /home/airflow/.local/lib/python3.11/site-packages/airflow/example_dags/example_latest_only_with_trigger.py took 0.106 seconds
[2025-01-06T12:47:11.316+0000] {processor.py:161} INFO - Started process (PID=4852) to work on /home/airflow/.local/lib/python3.11/site-packages/airflow/example_dags/example_latest_only_with_trigger.py
[2025-01-06T12:47:11.317+0000] {processor.py:830} INFO - Processing file /home/airflow/.local/lib/python3.11/site-packages/airflow/example_dags/example_latest_only_with_trigger.py for tasks to queue
[2025-01-06T12:47:11.318+0000] {logging_mixin.py:188} INFO - [2025-01-06T12:47:11.318+0000] {dagbag.py:538} INFO - Filling up the DagBag from /home/airflow/.local/lib/python3.11/site-packages/airflow/example_dags/example_latest_only_with_trigger.py
[2025-01-06T12:47:11.325+0000] {processor.py:840} INFO - DAG(s) 'latest_only_with_trigger' retrieved from /home/airflow/.local/lib/python3.11/site-packages/airflow/example_dags/example_latest_only_with_trigger.py
[2025-01-06T12:47:11.350+0000] {logging_mixin.py:188} INFO - [2025-01-06T12:47:11.350+0000] {dag.py:3036} INFO - Sync 1 DAGs
[2025-01-06T12:47:11.372+0000] {logging_mixin.py:188} INFO - [2025-01-06T12:47:11.372+0000] {dag.py:3823} INFO - Setting next_dagrun for latest_only_with_trigger to 2025-01-06 08:00:00+00:00, run_after=2025-01-06 12:00:00+00:00
[2025-01-06T12:47:11.403+0000] {processor.py:183} INFO - Processing /home/airflow/.local/lib/python3.11/site-packages/airflow/example_dags/example_latest_only_with_trigger.py took 0.090 seconds
[2025-01-06T12:47:42.238+0000] {processor.py:161} INFO - Started process (PID=4916) to work on /home/airflow/.local/lib/python3.11/site-packages/airflow/example_dags/example_latest_only_with_trigger.py
[2025-01-06T12:47:42.240+0000] {processor.py:830} INFO - Processing file /home/airflow/.local/lib/python3.11/site-packages/airflow/example_dags/example_latest_only_with_trigger.py for tasks to queue
[2025-01-06T12:47:42.241+0000] {logging_mixin.py:188} INFO - [2025-01-06T12:47:42.240+0000] {dagbag.py:538} INFO - Filling up the DagBag from /home/airflow/.local/lib/python3.11/site-packages/airflow/example_dags/example_latest_only_with_trigger.py
[2025-01-06T12:47:42.248+0000] {processor.py:840} INFO - DAG(s) 'latest_only_with_trigger' retrieved from /home/airflow/.local/lib/python3.11/site-packages/airflow/example_dags/example_latest_only_with_trigger.py
[2025-01-06T12:47:42.276+0000] {logging_mixin.py:188} INFO - [2025-01-06T12:47:42.276+0000] {dag.py:3036} INFO - Sync 1 DAGs
[2025-01-06T12:47:42.437+0000] {logging_mixin.py:188} INFO - [2025-01-06T12:47:42.437+0000] {dag.py:3823} INFO - Setting next_dagrun for latest_only_with_trigger to 2025-01-06 08:00:00+00:00, run_after=2025-01-06 12:00:00+00:00
[2025-01-06T12:47:42.469+0000] {processor.py:183} INFO - Processing /home/airflow/.local/lib/python3.11/site-packages/airflow/example_dags/example_latest_only_with_trigger.py took 0.235 seconds
[2025-01-06T12:48:12.660+0000] {processor.py:161} INFO - Started process (PID=4987) to work on /home/airflow/.local/lib/python3.11/site-packages/airflow/example_dags/example_latest_only_with_trigger.py
[2025-01-06T12:48:12.661+0000] {processor.py:830} INFO - Processing file /home/airflow/.local/lib/python3.11/site-packages/airflow/example_dags/example_latest_only_with_trigger.py for tasks to queue
[2025-01-06T12:48:12.662+0000] {logging_mixin.py:188} INFO - [2025-01-06T12:48:12.662+0000] {dagbag.py:538} INFO - Filling up the DagBag from /home/airflow/.local/lib/python3.11/site-packages/airflow/example_dags/example_latest_only_with_trigger.py
[2025-01-06T12:48:12.669+0000] {processor.py:840} INFO - DAG(s) 'latest_only_with_trigger' retrieved from /home/airflow/.local/lib/python3.11/site-packages/airflow/example_dags/example_latest_only_with_trigger.py
[2025-01-06T12:48:12.694+0000] {logging_mixin.py:188} INFO - [2025-01-06T12:48:12.694+0000] {dag.py:3036} INFO - Sync 1 DAGs
[2025-01-06T12:48:12.717+0000] {logging_mixin.py:188} INFO - [2025-01-06T12:48:12.717+0000] {dag.py:3823} INFO - Setting next_dagrun for latest_only_with_trigger to 2025-01-06 08:00:00+00:00, run_after=2025-01-06 12:00:00+00:00
[2025-01-06T12:48:12.750+0000] {processor.py:183} INFO - Processing /home/airflow/.local/lib/python3.11/site-packages/airflow/example_dags/example_latest_only_with_trigger.py took 0.094 seconds
[2025-01-06T12:48:43.017+0000] {processor.py:161} INFO - Started process (PID=5051) to work on /home/airflow/.local/lib/python3.11/site-packages/airflow/example_dags/example_latest_only_with_trigger.py
[2025-01-06T12:48:43.018+0000] {processor.py:830} INFO - Processing file /home/airflow/.local/lib/python3.11/site-packages/airflow/example_dags/example_latest_only_with_trigger.py for tasks to queue
[2025-01-06T12:48:43.019+0000] {logging_mixin.py:188} INFO - [2025-01-06T12:48:43.019+0000] {dagbag.py:538} INFO - Filling up the DagBag from /home/airflow/.local/lib/python3.11/site-packages/airflow/example_dags/example_latest_only_with_trigger.py
[2025-01-06T12:48:43.027+0000] {processor.py:840} INFO - DAG(s) 'latest_only_with_trigger' retrieved from /home/airflow/.local/lib/python3.11/site-packages/airflow/example_dags/example_latest_only_with_trigger.py
[2025-01-06T12:48:43.053+0000] {logging_mixin.py:188} INFO - [2025-01-06T12:48:43.053+0000] {dag.py:3036} INFO - Sync 1 DAGs
[2025-01-06T12:48:43.078+0000] {logging_mixin.py:188} INFO - [2025-01-06T12:48:43.078+0000] {dag.py:3823} INFO - Setting next_dagrun for latest_only_with_trigger to 2025-01-06 08:00:00+00:00, run_after=2025-01-06 12:00:00+00:00
[2025-01-06T12:48:43.109+0000] {processor.py:183} INFO - Processing /home/airflow/.local/lib/python3.11/site-packages/airflow/example_dags/example_latest_only_with_trigger.py took 0.097 seconds
[2025-01-06T12:49:13.161+0000] {processor.py:161} INFO - Started process (PID=5115) to work on /home/airflow/.local/lib/python3.11/site-packages/airflow/example_dags/example_latest_only_with_trigger.py
[2025-01-06T12:49:13.162+0000] {processor.py:830} INFO - Processing file /home/airflow/.local/lib/python3.11/site-packages/airflow/example_dags/example_latest_only_with_trigger.py for tasks to queue
[2025-01-06T12:49:13.164+0000] {logging_mixin.py:188} INFO - [2025-01-06T12:49:13.163+0000] {dagbag.py:538} INFO - Filling up the DagBag from /home/airflow/.local/lib/python3.11/site-packages/airflow/example_dags/example_latest_only_with_trigger.py
[2025-01-06T12:49:13.172+0000] {processor.py:840} INFO - DAG(s) 'latest_only_with_trigger' retrieved from /home/airflow/.local/lib/python3.11/site-packages/airflow/example_dags/example_latest_only_with_trigger.py
[2025-01-06T12:49:13.201+0000] {logging_mixin.py:188} INFO - [2025-01-06T12:49:13.201+0000] {dag.py:3036} INFO - Sync 1 DAGs
[2025-01-06T12:49:13.229+0000] {logging_mixin.py:188} INFO - [2025-01-06T12:49:13.229+0000] {dag.py:3823} INFO - Setting next_dagrun for latest_only_with_trigger to 2025-01-06 08:00:00+00:00, run_after=2025-01-06 12:00:00+00:00
[2025-01-06T12:49:13.251+0000] {processor.py:183} INFO - Processing /home/airflow/.local/lib/python3.11/site-packages/airflow/example_dags/example_latest_only_with_trigger.py took 0.095 seconds
[2025-01-06T12:49:43.493+0000] {processor.py:161} INFO - Started process (PID=5186) to work on /home/airflow/.local/lib/python3.11/site-packages/airflow/example_dags/example_latest_only_with_trigger.py
[2025-01-06T12:49:43.494+0000] {processor.py:830} INFO - Processing file /home/airflow/.local/lib/python3.11/site-packages/airflow/example_dags/example_latest_only_with_trigger.py for tasks to queue
[2025-01-06T12:49:43.495+0000] {logging_mixin.py:188} INFO - [2025-01-06T12:49:43.495+0000] {dagbag.py:538} INFO - Filling up the DagBag from /home/airflow/.local/lib/python3.11/site-packages/airflow/example_dags/example_latest_only_with_trigger.py
[2025-01-06T12:49:43.502+0000] {processor.py:840} INFO - DAG(s) 'latest_only_with_trigger' retrieved from /home/airflow/.local/lib/python3.11/site-packages/airflow/example_dags/example_latest_only_with_trigger.py
[2025-01-06T12:49:43.527+0000] {logging_mixin.py:188} INFO - [2025-01-06T12:49:43.527+0000] {dag.py:3036} INFO - Sync 1 DAGs
[2025-01-06T12:49:43.688+0000] {logging_mixin.py:188} INFO - [2025-01-06T12:49:43.687+0000] {dag.py:3823} INFO - Setting next_dagrun for latest_only_with_trigger to 2025-01-06 08:00:00+00:00, run_after=2025-01-06 12:00:00+00:00
[2025-01-06T12:49:43.716+0000] {processor.py:183} INFO - Processing /home/airflow/.local/lib/python3.11/site-packages/airflow/example_dags/example_latest_only_with_trigger.py took 0.228 seconds
[2025-01-06T12:50:13.912+0000] {processor.py:161} INFO - Started process (PID=5250) to work on /home/airflow/.local/lib/python3.11/site-packages/airflow/example_dags/example_latest_only_with_trigger.py
[2025-01-06T12:50:13.913+0000] {processor.py:830} INFO - Processing file /home/airflow/.local/lib/python3.11/site-packages/airflow/example_dags/example_latest_only_with_trigger.py for tasks to queue
[2025-01-06T12:50:13.914+0000] {logging_mixin.py:188} INFO - [2025-01-06T12:50:13.914+0000] {dagbag.py:538} INFO - Filling up the DagBag from /home/airflow/.local/lib/python3.11/site-packages/airflow/example_dags/example_latest_only_with_trigger.py
[2025-01-06T12:50:13.920+0000] {processor.py:840} INFO - DAG(s) 'latest_only_with_trigger' retrieved from /home/airflow/.local/lib/python3.11/site-packages/airflow/example_dags/example_latest_only_with_trigger.py
[2025-01-06T12:50:13.946+0000] {logging_mixin.py:188} INFO - [2025-01-06T12:50:13.945+0000] {dag.py:3036} INFO - Sync 1 DAGs
[2025-01-06T12:50:14.115+0000] {logging_mixin.py:188} INFO - [2025-01-06T12:50:14.115+0000] {dag.py:3823} INFO - Setting next_dagrun for latest_only_with_trigger to 2025-01-06 08:00:00+00:00, run_after=2025-01-06 12:00:00+00:00
[2025-01-06T12:50:14.137+0000] {processor.py:183} INFO - Processing /home/airflow/.local/lib/python3.11/site-packages/airflow/example_dags/example_latest_only_with_trigger.py took 0.229 seconds
[2025-01-06T12:50:44.456+0000] {processor.py:161} INFO - Started process (PID=5314) to work on /home/airflow/.local/lib/python3.11/site-packages/airflow/example_dags/example_latest_only_with_trigger.py
[2025-01-06T12:50:44.457+0000] {processor.py:830} INFO - Processing file /home/airflow/.local/lib/python3.11/site-packages/airflow/example_dags/example_latest_only_with_trigger.py for tasks to queue
[2025-01-06T12:50:44.459+0000] {logging_mixin.py:188} INFO - [2025-01-06T12:50:44.458+0000] {dagbag.py:538} INFO - Filling up the DagBag from /home/airflow/.local/lib/python3.11/site-packages/airflow/example_dags/example_latest_only_with_trigger.py
[2025-01-06T12:50:44.470+0000] {processor.py:840} INFO - DAG(s) 'latest_only_with_trigger' retrieved from /home/airflow/.local/lib/python3.11/site-packages/airflow/example_dags/example_latest_only_with_trigger.py
[2025-01-06T12:50:44.499+0000] {logging_mixin.py:188} INFO - [2025-01-06T12:50:44.499+0000] {dag.py:3036} INFO - Sync 1 DAGs
[2025-01-06T12:50:44.534+0000] {logging_mixin.py:188} INFO - [2025-01-06T12:50:44.534+0000] {dag.py:3823} INFO - Setting next_dagrun for latest_only_with_trigger to 2025-01-06 08:00:00+00:00, run_after=2025-01-06 12:00:00+00:00
[2025-01-06T12:50:44.572+0000] {processor.py:183} INFO - Processing /home/airflow/.local/lib/python3.11/site-packages/airflow/example_dags/example_latest_only_with_trigger.py took 0.122 seconds
[2025-01-06T12:51:14.841+0000] {processor.py:161} INFO - Started process (PID=5378) to work on /home/airflow/.local/lib/python3.11/site-packages/airflow/example_dags/example_latest_only_with_trigger.py
[2025-01-06T12:51:14.842+0000] {processor.py:830} INFO - Processing file /home/airflow/.local/lib/python3.11/site-packages/airflow/example_dags/example_latest_only_with_trigger.py for tasks to queue
[2025-01-06T12:51:14.843+0000] {logging_mixin.py:188} INFO - [2025-01-06T12:51:14.843+0000] {dagbag.py:538} INFO - Filling up the DagBag from /home/airflow/.local/lib/python3.11/site-packages/airflow/example_dags/example_latest_only_with_trigger.py
[2025-01-06T12:51:14.852+0000] {processor.py:840} INFO - DAG(s) 'latest_only_with_trigger' retrieved from /home/airflow/.local/lib/python3.11/site-packages/airflow/example_dags/example_latest_only_with_trigger.py
[2025-01-06T12:51:14.878+0000] {logging_mixin.py:188} INFO - [2025-01-06T12:51:14.878+0000] {dag.py:3036} INFO - Sync 1 DAGs
[2025-01-06T12:51:14.902+0000] {logging_mixin.py:188} INFO - [2025-01-06T12:51:14.902+0000] {dag.py:3823} INFO - Setting next_dagrun for latest_only_with_trigger to 2025-01-06 08:00:00+00:00, run_after=2025-01-06 12:00:00+00:00
[2025-01-06T12:51:14.933+0000] {processor.py:183} INFO - Processing /home/airflow/.local/lib/python3.11/site-packages/airflow/example_dags/example_latest_only_with_trigger.py took 0.096 seconds
[2025-01-06T12:51:45.348+0000] {processor.py:161} INFO - Started process (PID=5449) to work on /home/airflow/.local/lib/python3.11/site-packages/airflow/example_dags/example_latest_only_with_trigger.py
[2025-01-06T12:51:45.351+0000] {processor.py:830} INFO - Processing file /home/airflow/.local/lib/python3.11/site-packages/airflow/example_dags/example_latest_only_with_trigger.py for tasks to queue
[2025-01-06T12:51:45.353+0000] {logging_mixin.py:188} INFO - [2025-01-06T12:51:45.352+0000] {dagbag.py:538} INFO - Filling up the DagBag from /home/airflow/.local/lib/python3.11/site-packages/airflow/example_dags/example_latest_only_with_trigger.py
[2025-01-06T12:51:45.368+0000] {processor.py:840} INFO - DAG(s) 'latest_only_with_trigger' retrieved from /home/airflow/.local/lib/python3.11/site-packages/airflow/example_dags/example_latest_only_with_trigger.py
[2025-01-06T12:51:45.408+0000] {logging_mixin.py:188} INFO - [2025-01-06T12:51:45.408+0000] {dag.py:3036} INFO - Sync 1 DAGs
[2025-01-06T12:51:45.431+0000] {logging_mixin.py:188} INFO - [2025-01-06T12:51:45.431+0000] {dag.py:3823} INFO - Setting next_dagrun for latest_only_with_trigger to 2025-01-06 08:00:00+00:00, run_after=2025-01-06 12:00:00+00:00
[2025-01-06T12:51:45.459+0000] {processor.py:183} INFO - Processing /home/airflow/.local/lib/python3.11/site-packages/airflow/example_dags/example_latest_only_with_trigger.py took 0.117 seconds
[2025-01-06T12:52:15.561+0000] {processor.py:161} INFO - Started process (PID=5514) to work on /home/airflow/.local/lib/python3.11/site-packages/airflow/example_dags/example_latest_only_with_trigger.py
[2025-01-06T12:52:15.563+0000] {processor.py:830} INFO - Processing file /home/airflow/.local/lib/python3.11/site-packages/airflow/example_dags/example_latest_only_with_trigger.py for tasks to queue
[2025-01-06T12:52:15.565+0000] {logging_mixin.py:188} INFO - [2025-01-06T12:52:15.564+0000] {dagbag.py:538} INFO - Filling up the DagBag from /home/airflow/.local/lib/python3.11/site-packages/airflow/example_dags/example_latest_only_with_trigger.py
[2025-01-06T12:52:15.577+0000] {processor.py:840} INFO - DAG(s) 'latest_only_with_trigger' retrieved from /home/airflow/.local/lib/python3.11/site-packages/airflow/example_dags/example_latest_only_with_trigger.py
[2025-01-06T12:52:15.603+0000] {logging_mixin.py:188} INFO - [2025-01-06T12:52:15.603+0000] {dag.py:3036} INFO - Sync 1 DAGs
[2025-01-06T12:52:15.625+0000] {logging_mixin.py:188} INFO - [2025-01-06T12:52:15.625+0000] {dag.py:3823} INFO - Setting next_dagrun for latest_only_with_trigger to 2025-01-06 08:00:00+00:00, run_after=2025-01-06 12:00:00+00:00
[2025-01-06T12:52:15.656+0000] {processor.py:183} INFO - Processing /home/airflow/.local/lib/python3.11/site-packages/airflow/example_dags/example_latest_only_with_trigger.py took 0.102 seconds
[2025-01-06T12:52:45.930+0000] {processor.py:161} INFO - Started process (PID=5578) to work on /home/airflow/.local/lib/python3.11/site-packages/airflow/example_dags/example_latest_only_with_trigger.py
[2025-01-06T12:52:45.931+0000] {processor.py:830} INFO - Processing file /home/airflow/.local/lib/python3.11/site-packages/airflow/example_dags/example_latest_only_with_trigger.py for tasks to queue
[2025-01-06T12:52:45.932+0000] {logging_mixin.py:188} INFO - [2025-01-06T12:52:45.932+0000] {dagbag.py:538} INFO - Filling up the DagBag from /home/airflow/.local/lib/python3.11/site-packages/airflow/example_dags/example_latest_only_with_trigger.py
[2025-01-06T12:52:45.940+0000] {processor.py:840} INFO - DAG(s) 'latest_only_with_trigger' retrieved from /home/airflow/.local/lib/python3.11/site-packages/airflow/example_dags/example_latest_only_with_trigger.py
[2025-01-06T12:52:45.965+0000] {logging_mixin.py:188} INFO - [2025-01-06T12:52:45.965+0000] {dag.py:3036} INFO - Sync 1 DAGs
[2025-01-06T12:52:45.989+0000] {logging_mixin.py:188} INFO - [2025-01-06T12:52:45.988+0000] {dag.py:3823} INFO - Setting next_dagrun for latest_only_with_trigger to 2025-01-06 08:00:00+00:00, run_after=2025-01-06 12:00:00+00:00
[2025-01-06T12:52:46.019+0000] {processor.py:183} INFO - Processing /home/airflow/.local/lib/python3.11/site-packages/airflow/example_dags/example_latest_only_with_trigger.py took 0.093 seconds
[2025-01-06T12:53:16.122+0000] {processor.py:161} INFO - Started process (PID=5649) to work on /home/airflow/.local/lib/python3.11/site-packages/airflow/example_dags/example_latest_only_with_trigger.py
[2025-01-06T12:53:16.124+0000] {processor.py:830} INFO - Processing file /home/airflow/.local/lib/python3.11/site-packages/airflow/example_dags/example_latest_only_with_trigger.py for tasks to queue
[2025-01-06T12:53:16.126+0000] {logging_mixin.py:188} INFO - [2025-01-06T12:53:16.126+0000] {dagbag.py:538} INFO - Filling up the DagBag from /home/airflow/.local/lib/python3.11/site-packages/airflow/example_dags/example_latest_only_with_trigger.py
[2025-01-06T12:53:16.138+0000] {processor.py:840} INFO - DAG(s) 'latest_only_with_trigger' retrieved from /home/airflow/.local/lib/python3.11/site-packages/airflow/example_dags/example_latest_only_with_trigger.py
[2025-01-06T12:53:16.165+0000] {logging_mixin.py:188} INFO - [2025-01-06T12:53:16.165+0000] {dag.py:3036} INFO - Sync 1 DAGs
[2025-01-06T12:53:16.188+0000] {logging_mixin.py:188} INFO - [2025-01-06T12:53:16.188+0000] {dag.py:3823} INFO - Setting next_dagrun for latest_only_with_trigger to 2025-01-06 08:00:00+00:00, run_after=2025-01-06 12:00:00+00:00
[2025-01-06T12:53:16.217+0000] {processor.py:183} INFO - Processing /home/airflow/.local/lib/python3.11/site-packages/airflow/example_dags/example_latest_only_with_trigger.py took 0.102 seconds
[2025-01-06T12:53:46.644+0000] {processor.py:161} INFO - Started process (PID=5713) to work on /home/airflow/.local/lib/python3.11/site-packages/airflow/example_dags/example_latest_only_with_trigger.py
[2025-01-06T12:53:46.646+0000] {processor.py:830} INFO - Processing file /home/airflow/.local/lib/python3.11/site-packages/airflow/example_dags/example_latest_only_with_trigger.py for tasks to queue
[2025-01-06T12:53:46.647+0000] {logging_mixin.py:188} INFO - [2025-01-06T12:53:46.646+0000] {dagbag.py:538} INFO - Filling up the DagBag from /home/airflow/.local/lib/python3.11/site-packages/airflow/example_dags/example_latest_only_with_trigger.py
[2025-01-06T12:53:46.654+0000] {processor.py:840} INFO - DAG(s) 'latest_only_with_trigger' retrieved from /home/airflow/.local/lib/python3.11/site-packages/airflow/example_dags/example_latest_only_with_trigger.py
[2025-01-06T12:53:46.678+0000] {logging_mixin.py:188} INFO - [2025-01-06T12:53:46.678+0000] {dag.py:3036} INFO - Sync 1 DAGs
[2025-01-06T12:53:46.701+0000] {logging_mixin.py:188} INFO - [2025-01-06T12:53:46.701+0000] {dag.py:3823} INFO - Setting next_dagrun for latest_only_with_trigger to 2025-01-06 08:00:00+00:00, run_after=2025-01-06 12:00:00+00:00
[2025-01-06T12:53:46.738+0000] {processor.py:183} INFO - Processing /home/airflow/.local/lib/python3.11/site-packages/airflow/example_dags/example_latest_only_with_trigger.py took 0.098 seconds
[2025-01-06T12:54:16.982+0000] {processor.py:161} INFO - Started process (PID=5778) to work on /home/airflow/.local/lib/python3.11/site-packages/airflow/example_dags/example_latest_only_with_trigger.py
[2025-01-06T12:54:16.984+0000] {processor.py:830} INFO - Processing file /home/airflow/.local/lib/python3.11/site-packages/airflow/example_dags/example_latest_only_with_trigger.py for tasks to queue
[2025-01-06T12:54:16.986+0000] {logging_mixin.py:188} INFO - [2025-01-06T12:54:16.985+0000] {dagbag.py:538} INFO - Filling up the DagBag from /home/airflow/.local/lib/python3.11/site-packages/airflow/example_dags/example_latest_only_with_trigger.py
[2025-01-06T12:54:16.998+0000] {processor.py:840} INFO - DAG(s) 'latest_only_with_trigger' retrieved from /home/airflow/.local/lib/python3.11/site-packages/airflow/example_dags/example_latest_only_with_trigger.py
[2025-01-06T12:54:17.025+0000] {logging_mixin.py:188} INFO - [2025-01-06T12:54:17.024+0000] {dag.py:3036} INFO - Sync 1 DAGs
[2025-01-06T12:54:17.048+0000] {logging_mixin.py:188} INFO - [2025-01-06T12:54:17.048+0000] {dag.py:3823} INFO - Setting next_dagrun for latest_only_with_trigger to 2025-01-06 08:00:00+00:00, run_after=2025-01-06 12:00:00+00:00
[2025-01-06T12:54:17.078+0000] {processor.py:183} INFO - Processing /home/airflow/.local/lib/python3.11/site-packages/airflow/example_dags/example_latest_only_with_trigger.py took 0.103 seconds
[2025-01-06T12:54:47.221+0000] {processor.py:161} INFO - Started process (PID=5849) to work on /home/airflow/.local/lib/python3.11/site-packages/airflow/example_dags/example_latest_only_with_trigger.py
[2025-01-06T12:54:47.223+0000] {processor.py:830} INFO - Processing file /home/airflow/.local/lib/python3.11/site-packages/airflow/example_dags/example_latest_only_with_trigger.py for tasks to queue
[2025-01-06T12:54:47.225+0000] {logging_mixin.py:188} INFO - [2025-01-06T12:54:47.224+0000] {dagbag.py:538} INFO - Filling up the DagBag from /home/airflow/.local/lib/python3.11/site-packages/airflow/example_dags/example_latest_only_with_trigger.py
[2025-01-06T12:54:47.237+0000] {processor.py:840} INFO - DAG(s) 'latest_only_with_trigger' retrieved from /home/airflow/.local/lib/python3.11/site-packages/airflow/example_dags/example_latest_only_with_trigger.py
[2025-01-06T12:54:47.267+0000] {logging_mixin.py:188} INFO - [2025-01-06T12:54:47.266+0000] {dag.py:3036} INFO - Sync 1 DAGs
[2025-01-06T12:54:47.293+0000] {logging_mixin.py:188} INFO - [2025-01-06T12:54:47.293+0000] {dag.py:3823} INFO - Setting next_dagrun for latest_only_with_trigger to 2025-01-06 08:00:00+00:00, run_after=2025-01-06 12:00:00+00:00
[2025-01-06T12:54:47.321+0000] {processor.py:183} INFO - Processing /home/airflow/.local/lib/python3.11/site-packages/airflow/example_dags/example_latest_only_with_trigger.py took 0.108 seconds
[2025-01-06T12:55:17.632+0000] {processor.py:161} INFO - Started process (PID=5913) to work on /home/airflow/.local/lib/python3.11/site-packages/airflow/example_dags/example_latest_only_with_trigger.py
[2025-01-06T12:55:17.645+0000] {processor.py:830} INFO - Processing file /home/airflow/.local/lib/python3.11/site-packages/airflow/example_dags/example_latest_only_with_trigger.py for tasks to queue
[2025-01-06T12:55:17.647+0000] {logging_mixin.py:188} INFO - [2025-01-06T12:55:17.646+0000] {dagbag.py:538} INFO - Filling up the DagBag from /home/airflow/.local/lib/python3.11/site-packages/airflow/example_dags/example_latest_only_with_trigger.py
[2025-01-06T12:55:17.655+0000] {processor.py:840} INFO - DAG(s) 'latest_only_with_trigger' retrieved from /home/airflow/.local/lib/python3.11/site-packages/airflow/example_dags/example_latest_only_with_trigger.py
[2025-01-06T12:55:17.684+0000] {logging_mixin.py:188} INFO - [2025-01-06T12:55:17.684+0000] {dag.py:3036} INFO - Sync 1 DAGs
[2025-01-06T12:55:17.717+0000] {logging_mixin.py:188} INFO - [2025-01-06T12:55:17.717+0000] {dag.py:3823} INFO - Setting next_dagrun for latest_only_with_trigger to 2025-01-06 08:00:00+00:00, run_after=2025-01-06 12:00:00+00:00
[2025-01-06T12:55:17.745+0000] {processor.py:183} INFO - Processing /home/airflow/.local/lib/python3.11/site-packages/airflow/example_dags/example_latest_only_with_trigger.py took 0.117 seconds
[2025-01-06T12:59:12.337+0000] {processor.py:161} INFO - Started process (PID=5948) to work on /home/airflow/.local/lib/python3.11/site-packages/airflow/example_dags/example_latest_only_with_trigger.py
[2025-01-06T12:59:12.338+0000] {processor.py:830} INFO - Processing file /home/airflow/.local/lib/python3.11/site-packages/airflow/example_dags/example_latest_only_with_trigger.py for tasks to queue
[2025-01-06T12:59:12.339+0000] {logging_mixin.py:188} INFO - [2025-01-06T12:59:12.338+0000] {dagbag.py:538} INFO - Filling up the DagBag from /home/airflow/.local/lib/python3.11/site-packages/airflow/example_dags/example_latest_only_with_trigger.py
[2025-01-06T12:59:12.346+0000] {processor.py:840} INFO - DAG(s) 'latest_only_with_trigger' retrieved from /home/airflow/.local/lib/python3.11/site-packages/airflow/example_dags/example_latest_only_with_trigger.py
[2025-01-06T12:59:12.371+0000] {logging_mixin.py:188} INFO - [2025-01-06T12:59:12.371+0000] {dag.py:3036} INFO - Sync 1 DAGs
[2025-01-06T12:59:12.394+0000] {logging_mixin.py:188} INFO - [2025-01-06T12:59:12.394+0000] {dag.py:3823} INFO - Setting next_dagrun for latest_only_with_trigger to 2025-01-06 08:00:00+00:00, run_after=2025-01-06 12:00:00+00:00
[2025-01-06T12:59:12.416+0000] {processor.py:183} INFO - Processing /home/airflow/.local/lib/python3.11/site-packages/airflow/example_dags/example_latest_only_with_trigger.py took 0.083 seconds
