[2025-01-06T12:31:41.459+0000] {processor.py:161} INFO - Started process (PID=2860) to work on /home/airflow/.local/lib/python3.11/site-packages/airflow/example_dags/example_kubernetes_executor.py
[2025-01-06T12:31:41.489+0000] {processor.py:830} INFO - Processing file /home/airflow/.local/lib/python3.11/site-packages/airflow/example_dags/example_kubernetes_executor.py for tasks to queue
[2025-01-06T12:31:41.506+0000] {logging_mixin.py:188} INFO - [2025-01-06T12:31:41.505+0000] {dagbag.py:538} INFO - Filling up the DagBag from /home/airflow/.local/lib/python3.11/site-packages/airflow/example_dags/example_kubernetes_executor.py
[2025-01-06T12:31:41.575+0000] {processor.py:840} INFO - DAG(s) 'example_kubernetes_executor' retrieved from /home/airflow/.local/lib/python3.11/site-packages/airflow/example_dags/example_kubernetes_executor.py
[2025-01-06T12:31:41.763+0000] {logging_mixin.py:188} INFO - [2025-01-06T12:31:41.763+0000] {dag.py:3036} INFO - Sync 1 DAGs
[2025-01-06T12:31:41.827+0000] {logging_mixin.py:188} INFO - [2025-01-06T12:31:41.826+0000] {dag.py:3823} INFO - Setting next_dagrun for example_kubernetes_executor to None, run_after=None
[2025-01-06T12:31:41.948+0000] {processor.py:183} INFO - Processing /home/airflow/.local/lib/python3.11/site-packages/airflow/example_dags/example_kubernetes_executor.py took 0.522 seconds
[2025-01-06T12:32:12.806+0000] {processor.py:161} INFO - Started process (PID=2924) to work on /home/airflow/.local/lib/python3.11/site-packages/airflow/example_dags/example_kubernetes_executor.py
[2025-01-06T12:32:12.808+0000] {processor.py:830} INFO - Processing file /home/airflow/.local/lib/python3.11/site-packages/airflow/example_dags/example_kubernetes_executor.py for tasks to queue
[2025-01-06T12:32:12.809+0000] {logging_mixin.py:188} INFO - [2025-01-06T12:32:12.809+0000] {dagbag.py:538} INFO - Filling up the DagBag from /home/airflow/.local/lib/python3.11/site-packages/airflow/example_dags/example_kubernetes_executor.py
[2025-01-06T12:32:12.828+0000] {processor.py:840} INFO - DAG(s) 'example_kubernetes_executor' retrieved from /home/airflow/.local/lib/python3.11/site-packages/airflow/example_dags/example_kubernetes_executor.py
[2025-01-06T12:32:12.886+0000] {logging_mixin.py:188} INFO - [2025-01-06T12:32:12.885+0000] {dag.py:3036} INFO - Sync 1 DAGs
[2025-01-06T12:32:12.904+0000] {logging_mixin.py:188} INFO - [2025-01-06T12:32:12.904+0000] {dag.py:3823} INFO - Setting next_dagrun for example_kubernetes_executor to None, run_after=None
[2025-01-06T12:32:12.933+0000] {processor.py:183} INFO - Processing /home/airflow/.local/lib/python3.11/site-packages/airflow/example_dags/example_kubernetes_executor.py took 0.131 seconds
[2025-01-06T12:32:43.075+0000] {processor.py:161} INFO - Started process (PID=2989) to work on /home/airflow/.local/lib/python3.11/site-packages/airflow/example_dags/example_kubernetes_executor.py
[2025-01-06T12:32:43.076+0000] {processor.py:830} INFO - Processing file /home/airflow/.local/lib/python3.11/site-packages/airflow/example_dags/example_kubernetes_executor.py for tasks to queue
[2025-01-06T12:32:43.078+0000] {logging_mixin.py:188} INFO - [2025-01-06T12:32:43.077+0000] {dagbag.py:538} INFO - Filling up the DagBag from /home/airflow/.local/lib/python3.11/site-packages/airflow/example_dags/example_kubernetes_executor.py
[2025-01-06T12:32:43.095+0000] {processor.py:840} INFO - DAG(s) 'example_kubernetes_executor' retrieved from /home/airflow/.local/lib/python3.11/site-packages/airflow/example_dags/example_kubernetes_executor.py
[2025-01-06T12:32:43.137+0000] {logging_mixin.py:188} INFO - [2025-01-06T12:32:43.137+0000] {dag.py:3036} INFO - Sync 1 DAGs
[2025-01-06T12:32:43.150+0000] {logging_mixin.py:188} INFO - [2025-01-06T12:32:43.149+0000] {dag.py:3823} INFO - Setting next_dagrun for example_kubernetes_executor to None, run_after=None
[2025-01-06T12:32:43.173+0000] {processor.py:183} INFO - Processing /home/airflow/.local/lib/python3.11/site-packages/airflow/example_dags/example_kubernetes_executor.py took 0.102 seconds
[2025-01-06T12:33:13.371+0000] {processor.py:161} INFO - Started process (PID=3059) to work on /home/airflow/.local/lib/python3.11/site-packages/airflow/example_dags/example_kubernetes_executor.py
[2025-01-06T12:33:13.373+0000] {processor.py:830} INFO - Processing file /home/airflow/.local/lib/python3.11/site-packages/airflow/example_dags/example_kubernetes_executor.py for tasks to queue
[2025-01-06T12:33:13.375+0000] {logging_mixin.py:188} INFO - [2025-01-06T12:33:13.374+0000] {dagbag.py:538} INFO - Filling up the DagBag from /home/airflow/.local/lib/python3.11/site-packages/airflow/example_dags/example_kubernetes_executor.py
[2025-01-06T12:33:13.414+0000] {processor.py:840} INFO - DAG(s) 'example_kubernetes_executor' retrieved from /home/airflow/.local/lib/python3.11/site-packages/airflow/example_dags/example_kubernetes_executor.py
[2025-01-06T12:33:13.513+0000] {logging_mixin.py:188} INFO - [2025-01-06T12:33:13.513+0000] {dag.py:3036} INFO - Sync 1 DAGs
[2025-01-06T12:33:13.547+0000] {logging_mixin.py:188} INFO - [2025-01-06T12:33:13.546+0000] {dag.py:3823} INFO - Setting next_dagrun for example_kubernetes_executor to None, run_after=None
[2025-01-06T12:33:13.601+0000] {processor.py:183} INFO - Processing /home/airflow/.local/lib/python3.11/site-packages/airflow/example_dags/example_kubernetes_executor.py took 0.235 seconds
[2025-01-06T12:33:43.756+0000] {processor.py:161} INFO - Started process (PID=3123) to work on /home/airflow/.local/lib/python3.11/site-packages/airflow/example_dags/example_kubernetes_executor.py
[2025-01-06T12:33:43.759+0000] {processor.py:830} INFO - Processing file /home/airflow/.local/lib/python3.11/site-packages/airflow/example_dags/example_kubernetes_executor.py for tasks to queue
[2025-01-06T12:33:43.761+0000] {logging_mixin.py:188} INFO - [2025-01-06T12:33:43.760+0000] {dagbag.py:538} INFO - Filling up the DagBag from /home/airflow/.local/lib/python3.11/site-packages/airflow/example_dags/example_kubernetes_executor.py
[2025-01-06T12:33:43.789+0000] {processor.py:840} INFO - DAG(s) 'example_kubernetes_executor' retrieved from /home/airflow/.local/lib/python3.11/site-packages/airflow/example_dags/example_kubernetes_executor.py
[2025-01-06T12:33:43.858+0000] {logging_mixin.py:188} INFO - [2025-01-06T12:33:43.857+0000] {dag.py:3036} INFO - Sync 1 DAGs
[2025-01-06T12:33:43.885+0000] {logging_mixin.py:188} INFO - [2025-01-06T12:33:43.884+0000] {dag.py:3823} INFO - Setting next_dagrun for example_kubernetes_executor to None, run_after=None
[2025-01-06T12:33:43.934+0000] {processor.py:183} INFO - Processing /home/airflow/.local/lib/python3.11/site-packages/airflow/example_dags/example_kubernetes_executor.py took 0.187 seconds
[2025-01-06T12:34:14.103+0000] {processor.py:161} INFO - Started process (PID=3187) to work on /home/airflow/.local/lib/python3.11/site-packages/airflow/example_dags/example_kubernetes_executor.py
[2025-01-06T12:34:14.106+0000] {processor.py:830} INFO - Processing file /home/airflow/.local/lib/python3.11/site-packages/airflow/example_dags/example_kubernetes_executor.py for tasks to queue
[2025-01-06T12:34:14.108+0000] {logging_mixin.py:188} INFO - [2025-01-06T12:34:14.107+0000] {dagbag.py:538} INFO - Filling up the DagBag from /home/airflow/.local/lib/python3.11/site-packages/airflow/example_dags/example_kubernetes_executor.py
[2025-01-06T12:34:14.139+0000] {processor.py:840} INFO - DAG(s) 'example_kubernetes_executor' retrieved from /home/airflow/.local/lib/python3.11/site-packages/airflow/example_dags/example_kubernetes_executor.py
[2025-01-06T12:34:14.210+0000] {logging_mixin.py:188} INFO - [2025-01-06T12:34:14.209+0000] {dag.py:3036} INFO - Sync 1 DAGs
[2025-01-06T12:34:14.226+0000] {logging_mixin.py:188} INFO - [2025-01-06T12:34:14.226+0000] {dag.py:3823} INFO - Setting next_dagrun for example_kubernetes_executor to None, run_after=None
[2025-01-06T12:34:14.255+0000] {processor.py:183} INFO - Processing /home/airflow/.local/lib/python3.11/site-packages/airflow/example_dags/example_kubernetes_executor.py took 0.159 seconds
[2025-01-06T12:34:44.827+0000] {processor.py:161} INFO - Started process (PID=3251) to work on /home/airflow/.local/lib/python3.11/site-packages/airflow/example_dags/example_kubernetes_executor.py
[2025-01-06T12:34:44.828+0000] {processor.py:830} INFO - Processing file /home/airflow/.local/lib/python3.11/site-packages/airflow/example_dags/example_kubernetes_executor.py for tasks to queue
[2025-01-06T12:34:44.830+0000] {logging_mixin.py:188} INFO - [2025-01-06T12:34:44.829+0000] {dagbag.py:538} INFO - Filling up the DagBag from /home/airflow/.local/lib/python3.11/site-packages/airflow/example_dags/example_kubernetes_executor.py
[2025-01-06T12:34:44.848+0000] {processor.py:840} INFO - DAG(s) 'example_kubernetes_executor' retrieved from /home/airflow/.local/lib/python3.11/site-packages/airflow/example_dags/example_kubernetes_executor.py
[2025-01-06T12:34:44.915+0000] {logging_mixin.py:188} INFO - [2025-01-06T12:34:44.915+0000] {dag.py:3036} INFO - Sync 1 DAGs
[2025-01-06T12:34:44.931+0000] {logging_mixin.py:188} INFO - [2025-01-06T12:34:44.931+0000] {dag.py:3823} INFO - Setting next_dagrun for example_kubernetes_executor to None, run_after=None
[2025-01-06T12:34:44.957+0000] {processor.py:183} INFO - Processing /home/airflow/.local/lib/python3.11/site-packages/airflow/example_dags/example_kubernetes_executor.py took 0.136 seconds
[2025-01-06T12:35:15.234+0000] {processor.py:161} INFO - Started process (PID=3320) to work on /home/airflow/.local/lib/python3.11/site-packages/airflow/example_dags/example_kubernetes_executor.py
[2025-01-06T12:35:15.236+0000] {processor.py:830} INFO - Processing file /home/airflow/.local/lib/python3.11/site-packages/airflow/example_dags/example_kubernetes_executor.py for tasks to queue
[2025-01-06T12:35:15.238+0000] {logging_mixin.py:188} INFO - [2025-01-06T12:35:15.237+0000] {dagbag.py:538} INFO - Filling up the DagBag from /home/airflow/.local/lib/python3.11/site-packages/airflow/example_dags/example_kubernetes_executor.py
[2025-01-06T12:35:15.263+0000] {processor.py:840} INFO - DAG(s) 'example_kubernetes_executor' retrieved from /home/airflow/.local/lib/python3.11/site-packages/airflow/example_dags/example_kubernetes_executor.py
[2025-01-06T12:35:15.335+0000] {logging_mixin.py:188} INFO - [2025-01-06T12:35:15.335+0000] {dag.py:3036} INFO - Sync 1 DAGs
[2025-01-06T12:35:15.355+0000] {logging_mixin.py:188} INFO - [2025-01-06T12:35:15.355+0000] {dag.py:3823} INFO - Setting next_dagrun for example_kubernetes_executor to None, run_after=None
[2025-01-06T12:35:15.384+0000] {processor.py:183} INFO - Processing /home/airflow/.local/lib/python3.11/site-packages/airflow/example_dags/example_kubernetes_executor.py took 0.156 seconds
[2025-01-06T12:35:45.982+0000] {processor.py:161} INFO - Started process (PID=3384) to work on /home/airflow/.local/lib/python3.11/site-packages/airflow/example_dags/example_kubernetes_executor.py
[2025-01-06T12:35:45.983+0000] {processor.py:830} INFO - Processing file /home/airflow/.local/lib/python3.11/site-packages/airflow/example_dags/example_kubernetes_executor.py for tasks to queue
[2025-01-06T12:35:45.984+0000] {logging_mixin.py:188} INFO - [2025-01-06T12:35:45.984+0000] {dagbag.py:538} INFO - Filling up the DagBag from /home/airflow/.local/lib/python3.11/site-packages/airflow/example_dags/example_kubernetes_executor.py
[2025-01-06T12:35:46.003+0000] {processor.py:840} INFO - DAG(s) 'example_kubernetes_executor' retrieved from /home/airflow/.local/lib/python3.11/site-packages/airflow/example_dags/example_kubernetes_executor.py
[2025-01-06T12:35:46.054+0000] {logging_mixin.py:188} INFO - [2025-01-06T12:35:46.054+0000] {dag.py:3036} INFO - Sync 1 DAGs
[2025-01-06T12:35:46.073+0000] {logging_mixin.py:188} INFO - [2025-01-06T12:35:46.072+0000] {dag.py:3823} INFO - Setting next_dagrun for example_kubernetes_executor to None, run_after=None
[2025-01-06T12:35:46.099+0000] {processor.py:183} INFO - Processing /home/airflow/.local/lib/python3.11/site-packages/airflow/example_dags/example_kubernetes_executor.py took 0.121 seconds
[2025-01-06T12:36:16.329+0000] {processor.py:161} INFO - Started process (PID=3448) to work on /home/airflow/.local/lib/python3.11/site-packages/airflow/example_dags/example_kubernetes_executor.py
[2025-01-06T12:36:16.330+0000] {processor.py:830} INFO - Processing file /home/airflow/.local/lib/python3.11/site-packages/airflow/example_dags/example_kubernetes_executor.py for tasks to queue
[2025-01-06T12:36:16.331+0000] {logging_mixin.py:188} INFO - [2025-01-06T12:36:16.331+0000] {dagbag.py:538} INFO - Filling up the DagBag from /home/airflow/.local/lib/python3.11/site-packages/airflow/example_dags/example_kubernetes_executor.py
[2025-01-06T12:36:16.348+0000] {processor.py:840} INFO - DAG(s) 'example_kubernetes_executor' retrieved from /home/airflow/.local/lib/python3.11/site-packages/airflow/example_dags/example_kubernetes_executor.py
[2025-01-06T12:36:16.401+0000] {logging_mixin.py:188} INFO - [2025-01-06T12:36:16.400+0000] {dag.py:3036} INFO - Sync 1 DAGs
[2025-01-06T12:36:16.416+0000] {logging_mixin.py:188} INFO - [2025-01-06T12:36:16.416+0000] {dag.py:3823} INFO - Setting next_dagrun for example_kubernetes_executor to None, run_after=None
[2025-01-06T12:36:16.441+0000] {processor.py:183} INFO - Processing /home/airflow/.local/lib/python3.11/site-packages/airflow/example_dags/example_kubernetes_executor.py took 0.117 seconds
[2025-01-06T12:36:47.121+0000] {processor.py:161} INFO - Started process (PID=3512) to work on /home/airflow/.local/lib/python3.11/site-packages/airflow/example_dags/example_kubernetes_executor.py
[2025-01-06T12:36:47.123+0000] {processor.py:830} INFO - Processing file /home/airflow/.local/lib/python3.11/site-packages/airflow/example_dags/example_kubernetes_executor.py for tasks to queue
[2025-01-06T12:36:47.124+0000] {logging_mixin.py:188} INFO - [2025-01-06T12:36:47.124+0000] {dagbag.py:538} INFO - Filling up the DagBag from /home/airflow/.local/lib/python3.11/site-packages/airflow/example_dags/example_kubernetes_executor.py
[2025-01-06T12:36:47.142+0000] {processor.py:840} INFO - DAG(s) 'example_kubernetes_executor' retrieved from /home/airflow/.local/lib/python3.11/site-packages/airflow/example_dags/example_kubernetes_executor.py
[2025-01-06T12:36:47.202+0000] {logging_mixin.py:188} INFO - [2025-01-06T12:36:47.202+0000] {dag.py:3036} INFO - Sync 1 DAGs
[2025-01-06T12:36:47.220+0000] {logging_mixin.py:188} INFO - [2025-01-06T12:36:47.219+0000] {dag.py:3823} INFO - Setting next_dagrun for example_kubernetes_executor to None, run_after=None
[2025-01-06T12:36:47.240+0000] {processor.py:183} INFO - Processing /home/airflow/.local/lib/python3.11/site-packages/airflow/example_dags/example_kubernetes_executor.py took 0.123 seconds
[2025-01-06T12:37:17.604+0000] {processor.py:161} INFO - Started process (PID=3576) to work on /home/airflow/.local/lib/python3.11/site-packages/airflow/example_dags/example_kubernetes_executor.py
[2025-01-06T12:37:17.605+0000] {processor.py:830} INFO - Processing file /home/airflow/.local/lib/python3.11/site-packages/airflow/example_dags/example_kubernetes_executor.py for tasks to queue
[2025-01-06T12:37:17.606+0000] {logging_mixin.py:188} INFO - [2025-01-06T12:37:17.605+0000] {dagbag.py:538} INFO - Filling up the DagBag from /home/airflow/.local/lib/python3.11/site-packages/airflow/example_dags/example_kubernetes_executor.py
[2025-01-06T12:37:17.620+0000] {processor.py:840} INFO - DAG(s) 'example_kubernetes_executor' retrieved from /home/airflow/.local/lib/python3.11/site-packages/airflow/example_dags/example_kubernetes_executor.py
[2025-01-06T12:37:17.688+0000] {logging_mixin.py:188} INFO - [2025-01-06T12:37:17.688+0000] {dag.py:3036} INFO - Sync 1 DAGs
[2025-01-06T12:37:17.715+0000] {logging_mixin.py:188} INFO - [2025-01-06T12:37:17.714+0000] {dag.py:3823} INFO - Setting next_dagrun for example_kubernetes_executor to None, run_after=None
[2025-01-06T12:37:17.752+0000] {processor.py:183} INFO - Processing /home/airflow/.local/lib/python3.11/site-packages/airflow/example_dags/example_kubernetes_executor.py took 0.152 seconds
[2025-01-06T12:37:48.582+0000] {processor.py:161} INFO - Started process (PID=3641) to work on /home/airflow/.local/lib/python3.11/site-packages/airflow/example_dags/example_kubernetes_executor.py
[2025-01-06T12:37:48.583+0000] {processor.py:830} INFO - Processing file /home/airflow/.local/lib/python3.11/site-packages/airflow/example_dags/example_kubernetes_executor.py for tasks to queue
[2025-01-06T12:37:48.585+0000] {logging_mixin.py:188} INFO - [2025-01-06T12:37:48.584+0000] {dagbag.py:538} INFO - Filling up the DagBag from /home/airflow/.local/lib/python3.11/site-packages/airflow/example_dags/example_kubernetes_executor.py
[2025-01-06T12:37:48.603+0000] {processor.py:840} INFO - DAG(s) 'example_kubernetes_executor' retrieved from /home/airflow/.local/lib/python3.11/site-packages/airflow/example_dags/example_kubernetes_executor.py
[2025-01-06T12:37:48.656+0000] {logging_mixin.py:188} INFO - [2025-01-06T12:37:48.656+0000] {dag.py:3036} INFO - Sync 1 DAGs
[2025-01-06T12:37:48.673+0000] {logging_mixin.py:188} INFO - [2025-01-06T12:37:48.673+0000] {dag.py:3823} INFO - Setting next_dagrun for example_kubernetes_executor to None, run_after=None
[2025-01-06T12:37:48.697+0000] {processor.py:183} INFO - Processing /home/airflow/.local/lib/python3.11/site-packages/airflow/example_dags/example_kubernetes_executor.py took 0.120 seconds
[2025-01-06T12:38:19.079+0000] {processor.py:161} INFO - Started process (PID=3705) to work on /home/airflow/.local/lib/python3.11/site-packages/airflow/example_dags/example_kubernetes_executor.py
[2025-01-06T12:38:19.081+0000] {processor.py:830} INFO - Processing file /home/airflow/.local/lib/python3.11/site-packages/airflow/example_dags/example_kubernetes_executor.py for tasks to queue
[2025-01-06T12:38:19.083+0000] {logging_mixin.py:188} INFO - [2025-01-06T12:38:19.082+0000] {dagbag.py:538} INFO - Filling up the DagBag from /home/airflow/.local/lib/python3.11/site-packages/airflow/example_dags/example_kubernetes_executor.py
[2025-01-06T12:38:19.109+0000] {processor.py:840} INFO - DAG(s) 'example_kubernetes_executor' retrieved from /home/airflow/.local/lib/python3.11/site-packages/airflow/example_dags/example_kubernetes_executor.py
[2025-01-06T12:38:19.179+0000] {logging_mixin.py:188} INFO - [2025-01-06T12:38:19.178+0000] {dag.py:3036} INFO - Sync 1 DAGs
[2025-01-06T12:38:19.201+0000] {logging_mixin.py:188} INFO - [2025-01-06T12:38:19.201+0000] {dag.py:3823} INFO - Setting next_dagrun for example_kubernetes_executor to None, run_after=None
[2025-01-06T12:38:19.241+0000] {processor.py:183} INFO - Processing /home/airflow/.local/lib/python3.11/site-packages/airflow/example_dags/example_kubernetes_executor.py took 0.168 seconds
[2025-01-06T12:38:49.645+0000] {processor.py:161} INFO - Started process (PID=3769) to work on /home/airflow/.local/lib/python3.11/site-packages/airflow/example_dags/example_kubernetes_executor.py
[2025-01-06T12:38:49.646+0000] {processor.py:830} INFO - Processing file /home/airflow/.local/lib/python3.11/site-packages/airflow/example_dags/example_kubernetes_executor.py for tasks to queue
[2025-01-06T12:38:49.647+0000] {logging_mixin.py:188} INFO - [2025-01-06T12:38:49.647+0000] {dagbag.py:538} INFO - Filling up the DagBag from /home/airflow/.local/lib/python3.11/site-packages/airflow/example_dags/example_kubernetes_executor.py
[2025-01-06T12:38:49.662+0000] {processor.py:840} INFO - DAG(s) 'example_kubernetes_executor' retrieved from /home/airflow/.local/lib/python3.11/site-packages/airflow/example_dags/example_kubernetes_executor.py
[2025-01-06T12:38:49.714+0000] {logging_mixin.py:188} INFO - [2025-01-06T12:38:49.714+0000] {dag.py:3036} INFO - Sync 1 DAGs
[2025-01-06T12:38:49.727+0000] {logging_mixin.py:188} INFO - [2025-01-06T12:38:49.727+0000] {dag.py:3823} INFO - Setting next_dagrun for example_kubernetes_executor to None, run_after=None
[2025-01-06T12:38:49.754+0000] {processor.py:183} INFO - Processing /home/airflow/.local/lib/python3.11/site-packages/airflow/example_dags/example_kubernetes_executor.py took 0.112 seconds
[2025-01-06T12:39:19.816+0000] {processor.py:161} INFO - Started process (PID=3840) to work on /home/airflow/.local/lib/python3.11/site-packages/airflow/example_dags/example_kubernetes_executor.py
[2025-01-06T12:39:19.817+0000] {processor.py:830} INFO - Processing file /home/airflow/.local/lib/python3.11/site-packages/airflow/example_dags/example_kubernetes_executor.py for tasks to queue
[2025-01-06T12:39:19.819+0000] {logging_mixin.py:188} INFO - [2025-01-06T12:39:19.818+0000] {dagbag.py:538} INFO - Filling up the DagBag from /home/airflow/.local/lib/python3.11/site-packages/airflow/example_dags/example_kubernetes_executor.py
[2025-01-06T12:39:19.832+0000] {processor.py:840} INFO - DAG(s) 'example_kubernetes_executor' retrieved from /home/airflow/.local/lib/python3.11/site-packages/airflow/example_dags/example_kubernetes_executor.py
[2025-01-06T12:39:19.873+0000] {logging_mixin.py:188} INFO - [2025-01-06T12:39:19.873+0000] {dag.py:3036} INFO - Sync 1 DAGs
[2025-01-06T12:39:19.887+0000] {logging_mixin.py:188} INFO - [2025-01-06T12:39:19.887+0000] {dag.py:3823} INFO - Setting next_dagrun for example_kubernetes_executor to None, run_after=None
[2025-01-06T12:39:19.907+0000] {processor.py:183} INFO - Processing /home/airflow/.local/lib/python3.11/site-packages/airflow/example_dags/example_kubernetes_executor.py took 0.094 seconds
[2025-01-06T12:39:50.237+0000] {processor.py:161} INFO - Started process (PID=3904) to work on /home/airflow/.local/lib/python3.11/site-packages/airflow/example_dags/example_kubernetes_executor.py
[2025-01-06T12:39:50.239+0000] {processor.py:830} INFO - Processing file /home/airflow/.local/lib/python3.11/site-packages/airflow/example_dags/example_kubernetes_executor.py for tasks to queue
[2025-01-06T12:39:50.240+0000] {logging_mixin.py:188} INFO - [2025-01-06T12:39:50.239+0000] {dagbag.py:538} INFO - Filling up the DagBag from /home/airflow/.local/lib/python3.11/site-packages/airflow/example_dags/example_kubernetes_executor.py
[2025-01-06T12:39:50.255+0000] {processor.py:840} INFO - DAG(s) 'example_kubernetes_executor' retrieved from /home/airflow/.local/lib/python3.11/site-packages/airflow/example_dags/example_kubernetes_executor.py
[2025-01-06T12:39:50.299+0000] {logging_mixin.py:188} INFO - [2025-01-06T12:39:50.299+0000] {dag.py:3036} INFO - Sync 1 DAGs
[2025-01-06T12:39:50.312+0000] {logging_mixin.py:188} INFO - [2025-01-06T12:39:50.312+0000] {dag.py:3823} INFO - Setting next_dagrun for example_kubernetes_executor to None, run_after=None
[2025-01-06T12:39:50.333+0000] {processor.py:183} INFO - Processing /home/airflow/.local/lib/python3.11/site-packages/airflow/example_dags/example_kubernetes_executor.py took 0.099 seconds
[2025-01-06T12:40:20.489+0000] {processor.py:161} INFO - Started process (PID=3968) to work on /home/airflow/.local/lib/python3.11/site-packages/airflow/example_dags/example_kubernetes_executor.py
[2025-01-06T12:40:20.491+0000] {processor.py:830} INFO - Processing file /home/airflow/.local/lib/python3.11/site-packages/airflow/example_dags/example_kubernetes_executor.py for tasks to queue
[2025-01-06T12:40:20.492+0000] {logging_mixin.py:188} INFO - [2025-01-06T12:40:20.491+0000] {dagbag.py:538} INFO - Filling up the DagBag from /home/airflow/.local/lib/python3.11/site-packages/airflow/example_dags/example_kubernetes_executor.py
[2025-01-06T12:40:20.505+0000] {processor.py:840} INFO - DAG(s) 'example_kubernetes_executor' retrieved from /home/airflow/.local/lib/python3.11/site-packages/airflow/example_dags/example_kubernetes_executor.py
[2025-01-06T12:40:20.550+0000] {logging_mixin.py:188} INFO - [2025-01-06T12:40:20.550+0000] {dag.py:3036} INFO - Sync 1 DAGs
[2025-01-06T12:40:20.564+0000] {logging_mixin.py:188} INFO - [2025-01-06T12:40:20.563+0000] {dag.py:3823} INFO - Setting next_dagrun for example_kubernetes_executor to None, run_after=None
[2025-01-06T12:40:20.601+0000] {processor.py:183} INFO - Processing /home/airflow/.local/lib/python3.11/site-packages/airflow/example_dags/example_kubernetes_executor.py took 0.115 seconds
[2025-01-06T12:40:50.716+0000] {processor.py:161} INFO - Started process (PID=4039) to work on /home/airflow/.local/lib/python3.11/site-packages/airflow/example_dags/example_kubernetes_executor.py
[2025-01-06T12:40:50.717+0000] {processor.py:830} INFO - Processing file /home/airflow/.local/lib/python3.11/site-packages/airflow/example_dags/example_kubernetes_executor.py for tasks to queue
[2025-01-06T12:40:50.718+0000] {logging_mixin.py:188} INFO - [2025-01-06T12:40:50.717+0000] {dagbag.py:538} INFO - Filling up the DagBag from /home/airflow/.local/lib/python3.11/site-packages/airflow/example_dags/example_kubernetes_executor.py
[2025-01-06T12:40:50.732+0000] {processor.py:840} INFO - DAG(s) 'example_kubernetes_executor' retrieved from /home/airflow/.local/lib/python3.11/site-packages/airflow/example_dags/example_kubernetes_executor.py
[2025-01-06T12:40:50.773+0000] {logging_mixin.py:188} INFO - [2025-01-06T12:40:50.773+0000] {dag.py:3036} INFO - Sync 1 DAGs
[2025-01-06T12:40:50.786+0000] {logging_mixin.py:188} INFO - [2025-01-06T12:40:50.785+0000] {dag.py:3823} INFO - Setting next_dagrun for example_kubernetes_executor to None, run_after=None
[2025-01-06T12:40:50.815+0000] {processor.py:183} INFO - Processing /home/airflow/.local/lib/python3.11/site-packages/airflow/example_dags/example_kubernetes_executor.py took 0.103 seconds
[2025-01-06T12:41:20.999+0000] {processor.py:161} INFO - Started process (PID=4103) to work on /home/airflow/.local/lib/python3.11/site-packages/airflow/example_dags/example_kubernetes_executor.py
[2025-01-06T12:41:21.000+0000] {processor.py:830} INFO - Processing file /home/airflow/.local/lib/python3.11/site-packages/airflow/example_dags/example_kubernetes_executor.py for tasks to queue
[2025-01-06T12:41:21.001+0000] {logging_mixin.py:188} INFO - [2025-01-06T12:41:21.001+0000] {dagbag.py:538} INFO - Filling up the DagBag from /home/airflow/.local/lib/python3.11/site-packages/airflow/example_dags/example_kubernetes_executor.py
[2025-01-06T12:41:21.015+0000] {processor.py:840} INFO - DAG(s) 'example_kubernetes_executor' retrieved from /home/airflow/.local/lib/python3.11/site-packages/airflow/example_dags/example_kubernetes_executor.py
[2025-01-06T12:41:21.056+0000] {logging_mixin.py:188} INFO - [2025-01-06T12:41:21.055+0000] {dag.py:3036} INFO - Sync 1 DAGs
[2025-01-06T12:41:21.069+0000] {logging_mixin.py:188} INFO - [2025-01-06T12:41:21.068+0000] {dag.py:3823} INFO - Setting next_dagrun for example_kubernetes_executor to None, run_after=None
[2025-01-06T12:41:21.089+0000] {processor.py:183} INFO - Processing /home/airflow/.local/lib/python3.11/site-packages/airflow/example_dags/example_kubernetes_executor.py took 0.093 seconds
[2025-01-06T12:41:51.203+0000] {processor.py:161} INFO - Started process (PID=4167) to work on /home/airflow/.local/lib/python3.11/site-packages/airflow/example_dags/example_kubernetes_executor.py
[2025-01-06T12:41:51.205+0000] {processor.py:830} INFO - Processing file /home/airflow/.local/lib/python3.11/site-packages/airflow/example_dags/example_kubernetes_executor.py for tasks to queue
[2025-01-06T12:41:51.206+0000] {logging_mixin.py:188} INFO - [2025-01-06T12:41:51.205+0000] {dagbag.py:538} INFO - Filling up the DagBag from /home/airflow/.local/lib/python3.11/site-packages/airflow/example_dags/example_kubernetes_executor.py
[2025-01-06T12:41:51.219+0000] {processor.py:840} INFO - DAG(s) 'example_kubernetes_executor' retrieved from /home/airflow/.local/lib/python3.11/site-packages/airflow/example_dags/example_kubernetes_executor.py
[2025-01-06T12:41:51.262+0000] {logging_mixin.py:188} INFO - [2025-01-06T12:41:51.261+0000] {dag.py:3036} INFO - Sync 1 DAGs
[2025-01-06T12:41:51.275+0000] {logging_mixin.py:188} INFO - [2025-01-06T12:41:51.275+0000] {dag.py:3823} INFO - Setting next_dagrun for example_kubernetes_executor to None, run_after=None
[2025-01-06T12:41:51.297+0000] {processor.py:183} INFO - Processing /home/airflow/.local/lib/python3.11/site-packages/airflow/example_dags/example_kubernetes_executor.py took 0.097 seconds
[2025-01-06T12:42:21.793+0000] {processor.py:161} INFO - Started process (PID=4238) to work on /home/airflow/.local/lib/python3.11/site-packages/airflow/example_dags/example_kubernetes_executor.py
[2025-01-06T12:42:21.795+0000] {processor.py:830} INFO - Processing file /home/airflow/.local/lib/python3.11/site-packages/airflow/example_dags/example_kubernetes_executor.py for tasks to queue
[2025-01-06T12:42:21.796+0000] {logging_mixin.py:188} INFO - [2025-01-06T12:42:21.795+0000] {dagbag.py:538} INFO - Filling up the DagBag from /home/airflow/.local/lib/python3.11/site-packages/airflow/example_dags/example_kubernetes_executor.py
[2025-01-06T12:42:21.810+0000] {processor.py:840} INFO - DAG(s) 'example_kubernetes_executor' retrieved from /home/airflow/.local/lib/python3.11/site-packages/airflow/example_dags/example_kubernetes_executor.py
[2025-01-06T12:42:21.854+0000] {logging_mixin.py:188} INFO - [2025-01-06T12:42:21.854+0000] {dag.py:3036} INFO - Sync 1 DAGs
[2025-01-06T12:42:21.870+0000] {logging_mixin.py:188} INFO - [2025-01-06T12:42:21.869+0000] {dag.py:3823} INFO - Setting next_dagrun for example_kubernetes_executor to None, run_after=None
[2025-01-06T12:42:21.893+0000] {processor.py:183} INFO - Processing /home/airflow/.local/lib/python3.11/site-packages/airflow/example_dags/example_kubernetes_executor.py took 0.104 seconds
[2025-01-06T12:42:52.391+0000] {processor.py:161} INFO - Started process (PID=4302) to work on /home/airflow/.local/lib/python3.11/site-packages/airflow/example_dags/example_kubernetes_executor.py
[2025-01-06T12:42:52.394+0000] {processor.py:830} INFO - Processing file /home/airflow/.local/lib/python3.11/site-packages/airflow/example_dags/example_kubernetes_executor.py for tasks to queue
[2025-01-06T12:42:52.395+0000] {logging_mixin.py:188} INFO - [2025-01-06T12:42:52.395+0000] {dagbag.py:538} INFO - Filling up the DagBag from /home/airflow/.local/lib/python3.11/site-packages/airflow/example_dags/example_kubernetes_executor.py
[2025-01-06T12:42:52.414+0000] {processor.py:840} INFO - DAG(s) 'example_kubernetes_executor' retrieved from /home/airflow/.local/lib/python3.11/site-packages/airflow/example_dags/example_kubernetes_executor.py
[2025-01-06T12:42:52.458+0000] {logging_mixin.py:188} INFO - [2025-01-06T12:42:52.458+0000] {dag.py:3036} INFO - Sync 1 DAGs
[2025-01-06T12:42:52.475+0000] {logging_mixin.py:188} INFO - [2025-01-06T12:42:52.474+0000] {dag.py:3823} INFO - Setting next_dagrun for example_kubernetes_executor to None, run_after=None
[2025-01-06T12:42:52.497+0000] {processor.py:183} INFO - Processing /home/airflow/.local/lib/python3.11/site-packages/airflow/example_dags/example_kubernetes_executor.py took 0.112 seconds
[2025-01-06T12:43:23.206+0000] {processor.py:161} INFO - Started process (PID=4366) to work on /home/airflow/.local/lib/python3.11/site-packages/airflow/example_dags/example_kubernetes_executor.py
[2025-01-06T12:43:23.208+0000] {processor.py:830} INFO - Processing file /home/airflow/.local/lib/python3.11/site-packages/airflow/example_dags/example_kubernetes_executor.py for tasks to queue
[2025-01-06T12:43:23.209+0000] {logging_mixin.py:188} INFO - [2025-01-06T12:43:23.209+0000] {dagbag.py:538} INFO - Filling up the DagBag from /home/airflow/.local/lib/python3.11/site-packages/airflow/example_dags/example_kubernetes_executor.py
[2025-01-06T12:43:23.222+0000] {processor.py:840} INFO - DAG(s) 'example_kubernetes_executor' retrieved from /home/airflow/.local/lib/python3.11/site-packages/airflow/example_dags/example_kubernetes_executor.py
[2025-01-06T12:43:23.267+0000] {logging_mixin.py:188} INFO - [2025-01-06T12:43:23.267+0000] {dag.py:3036} INFO - Sync 1 DAGs
[2025-01-06T12:43:23.284+0000] {logging_mixin.py:188} INFO - [2025-01-06T12:43:23.284+0000] {dag.py:3823} INFO - Setting next_dagrun for example_kubernetes_executor to None, run_after=None
[2025-01-06T12:43:23.321+0000] {processor.py:183} INFO - Processing /home/airflow/.local/lib/python3.11/site-packages/airflow/example_dags/example_kubernetes_executor.py took 0.118 seconds
[2025-01-06T12:43:53.700+0000] {processor.py:161} INFO - Started process (PID=4437) to work on /home/airflow/.local/lib/python3.11/site-packages/airflow/example_dags/example_kubernetes_executor.py
[2025-01-06T12:43:53.701+0000] {processor.py:830} INFO - Processing file /home/airflow/.local/lib/python3.11/site-packages/airflow/example_dags/example_kubernetes_executor.py for tasks to queue
[2025-01-06T12:43:53.702+0000] {logging_mixin.py:188} INFO - [2025-01-06T12:43:53.702+0000] {dagbag.py:538} INFO - Filling up the DagBag from /home/airflow/.local/lib/python3.11/site-packages/airflow/example_dags/example_kubernetes_executor.py
[2025-01-06T12:43:53.716+0000] {processor.py:840} INFO - DAG(s) 'example_kubernetes_executor' retrieved from /home/airflow/.local/lib/python3.11/site-packages/airflow/example_dags/example_kubernetes_executor.py
[2025-01-06T12:43:53.757+0000] {logging_mixin.py:188} INFO - [2025-01-06T12:43:53.756+0000] {dag.py:3036} INFO - Sync 1 DAGs
[2025-01-06T12:43:53.769+0000] {logging_mixin.py:188} INFO - [2025-01-06T12:43:53.769+0000] {dag.py:3823} INFO - Setting next_dagrun for example_kubernetes_executor to None, run_after=None
[2025-01-06T12:43:53.797+0000] {processor.py:183} INFO - Processing /home/airflow/.local/lib/python3.11/site-packages/airflow/example_dags/example_kubernetes_executor.py took 0.101 seconds
[2025-01-06T12:44:23.921+0000] {processor.py:161} INFO - Started process (PID=4501) to work on /home/airflow/.local/lib/python3.11/site-packages/airflow/example_dags/example_kubernetes_executor.py
[2025-01-06T12:44:23.922+0000] {processor.py:830} INFO - Processing file /home/airflow/.local/lib/python3.11/site-packages/airflow/example_dags/example_kubernetes_executor.py for tasks to queue
[2025-01-06T12:44:23.923+0000] {logging_mixin.py:188} INFO - [2025-01-06T12:44:23.923+0000] {dagbag.py:538} INFO - Filling up the DagBag from /home/airflow/.local/lib/python3.11/site-packages/airflow/example_dags/example_kubernetes_executor.py
[2025-01-06T12:44:23.938+0000] {processor.py:840} INFO - DAG(s) 'example_kubernetes_executor' retrieved from /home/airflow/.local/lib/python3.11/site-packages/airflow/example_dags/example_kubernetes_executor.py
[2025-01-06T12:44:23.986+0000] {logging_mixin.py:188} INFO - [2025-01-06T12:44:23.986+0000] {dag.py:3036} INFO - Sync 1 DAGs
[2025-01-06T12:44:24.008+0000] {logging_mixin.py:188} INFO - [2025-01-06T12:44:24.007+0000] {dag.py:3823} INFO - Setting next_dagrun for example_kubernetes_executor to None, run_after=None
[2025-01-06T12:44:24.037+0000] {processor.py:183} INFO - Processing /home/airflow/.local/lib/python3.11/site-packages/airflow/example_dags/example_kubernetes_executor.py took 0.120 seconds
[2025-01-06T12:44:54.485+0000] {processor.py:161} INFO - Started process (PID=4565) to work on /home/airflow/.local/lib/python3.11/site-packages/airflow/example_dags/example_kubernetes_executor.py
[2025-01-06T12:44:54.486+0000] {processor.py:830} INFO - Processing file /home/airflow/.local/lib/python3.11/site-packages/airflow/example_dags/example_kubernetes_executor.py for tasks to queue
[2025-01-06T12:44:54.488+0000] {logging_mixin.py:188} INFO - [2025-01-06T12:44:54.487+0000] {dagbag.py:538} INFO - Filling up the DagBag from /home/airflow/.local/lib/python3.11/site-packages/airflow/example_dags/example_kubernetes_executor.py
[2025-01-06T12:44:54.502+0000] {processor.py:840} INFO - DAG(s) 'example_kubernetes_executor' retrieved from /home/airflow/.local/lib/python3.11/site-packages/airflow/example_dags/example_kubernetes_executor.py
[2025-01-06T12:44:54.550+0000] {logging_mixin.py:188} INFO - [2025-01-06T12:44:54.549+0000] {dag.py:3036} INFO - Sync 1 DAGs
[2025-01-06T12:44:54.567+0000] {logging_mixin.py:188} INFO - [2025-01-06T12:44:54.566+0000] {dag.py:3823} INFO - Setting next_dagrun for example_kubernetes_executor to None, run_after=None
[2025-01-06T12:44:54.595+0000] {processor.py:183} INFO - Processing /home/airflow/.local/lib/python3.11/site-packages/airflow/example_dags/example_kubernetes_executor.py took 0.113 seconds
[2025-01-06T12:45:24.659+0000] {processor.py:161} INFO - Started process (PID=4636) to work on /home/airflow/.local/lib/python3.11/site-packages/airflow/example_dags/example_kubernetes_executor.py
[2025-01-06T12:45:24.660+0000] {processor.py:830} INFO - Processing file /home/airflow/.local/lib/python3.11/site-packages/airflow/example_dags/example_kubernetes_executor.py for tasks to queue
[2025-01-06T12:45:24.661+0000] {logging_mixin.py:188} INFO - [2025-01-06T12:45:24.660+0000] {dagbag.py:538} INFO - Filling up the DagBag from /home/airflow/.local/lib/python3.11/site-packages/airflow/example_dags/example_kubernetes_executor.py
[2025-01-06T12:45:24.678+0000] {processor.py:840} INFO - DAG(s) 'example_kubernetes_executor' retrieved from /home/airflow/.local/lib/python3.11/site-packages/airflow/example_dags/example_kubernetes_executor.py
[2025-01-06T12:45:24.721+0000] {logging_mixin.py:188} INFO - [2025-01-06T12:45:24.721+0000] {dag.py:3036} INFO - Sync 1 DAGs
[2025-01-06T12:45:24.734+0000] {logging_mixin.py:188} INFO - [2025-01-06T12:45:24.734+0000] {dag.py:3823} INFO - Setting next_dagrun for example_kubernetes_executor to None, run_after=None
[2025-01-06T12:45:24.754+0000] {processor.py:183} INFO - Processing /home/airflow/.local/lib/python3.11/site-packages/airflow/example_dags/example_kubernetes_executor.py took 0.099 seconds
[2025-01-06T12:45:54.891+0000] {processor.py:161} INFO - Started process (PID=4700) to work on /home/airflow/.local/lib/python3.11/site-packages/airflow/example_dags/example_kubernetes_executor.py
[2025-01-06T12:45:54.892+0000] {processor.py:830} INFO - Processing file /home/airflow/.local/lib/python3.11/site-packages/airflow/example_dags/example_kubernetes_executor.py for tasks to queue
[2025-01-06T12:45:54.893+0000] {logging_mixin.py:188} INFO - [2025-01-06T12:45:54.892+0000] {dagbag.py:538} INFO - Filling up the DagBag from /home/airflow/.local/lib/python3.11/site-packages/airflow/example_dags/example_kubernetes_executor.py
[2025-01-06T12:45:54.906+0000] {processor.py:840} INFO - DAG(s) 'example_kubernetes_executor' retrieved from /home/airflow/.local/lib/python3.11/site-packages/airflow/example_dags/example_kubernetes_executor.py
[2025-01-06T12:45:54.956+0000] {logging_mixin.py:188} INFO - [2025-01-06T12:45:54.956+0000] {dag.py:3036} INFO - Sync 1 DAGs
[2025-01-06T12:45:54.969+0000] {logging_mixin.py:188} INFO - [2025-01-06T12:45:54.969+0000] {dag.py:3823} INFO - Setting next_dagrun for example_kubernetes_executor to None, run_after=None
[2025-01-06T12:45:54.990+0000] {processor.py:183} INFO - Processing /home/airflow/.local/lib/python3.11/site-packages/airflow/example_dags/example_kubernetes_executor.py took 0.103 seconds
[2025-01-06T12:46:25.288+0000] {processor.py:161} INFO - Started process (PID=4763) to work on /home/airflow/.local/lib/python3.11/site-packages/airflow/example_dags/example_kubernetes_executor.py
[2025-01-06T12:46:25.289+0000] {processor.py:830} INFO - Processing file /home/airflow/.local/lib/python3.11/site-packages/airflow/example_dags/example_kubernetes_executor.py for tasks to queue
[2025-01-06T12:46:25.290+0000] {logging_mixin.py:188} INFO - [2025-01-06T12:46:25.290+0000] {dagbag.py:538} INFO - Filling up the DagBag from /home/airflow/.local/lib/python3.11/site-packages/airflow/example_dags/example_kubernetes_executor.py
[2025-01-06T12:46:25.303+0000] {processor.py:840} INFO - DAG(s) 'example_kubernetes_executor' retrieved from /home/airflow/.local/lib/python3.11/site-packages/airflow/example_dags/example_kubernetes_executor.py
[2025-01-06T12:46:25.346+0000] {logging_mixin.py:188} INFO - [2025-01-06T12:46:25.346+0000] {dag.py:3036} INFO - Sync 1 DAGs
[2025-01-06T12:46:25.360+0000] {logging_mixin.py:188} INFO - [2025-01-06T12:46:25.360+0000] {dag.py:3823} INFO - Setting next_dagrun for example_kubernetes_executor to None, run_after=None
[2025-01-06T12:46:25.384+0000] {processor.py:183} INFO - Processing /home/airflow/.local/lib/python3.11/site-packages/airflow/example_dags/example_kubernetes_executor.py took 0.099 seconds
[2025-01-06T12:46:55.606+0000] {processor.py:161} INFO - Started process (PID=4835) to work on /home/airflow/.local/lib/python3.11/site-packages/airflow/example_dags/example_kubernetes_executor.py
[2025-01-06T12:46:55.607+0000] {processor.py:830} INFO - Processing file /home/airflow/.local/lib/python3.11/site-packages/airflow/example_dags/example_kubernetes_executor.py for tasks to queue
[2025-01-06T12:46:55.608+0000] {logging_mixin.py:188} INFO - [2025-01-06T12:46:55.608+0000] {dagbag.py:538} INFO - Filling up the DagBag from /home/airflow/.local/lib/python3.11/site-packages/airflow/example_dags/example_kubernetes_executor.py
[2025-01-06T12:46:55.622+0000] {processor.py:840} INFO - DAG(s) 'example_kubernetes_executor' retrieved from /home/airflow/.local/lib/python3.11/site-packages/airflow/example_dags/example_kubernetes_executor.py
[2025-01-06T12:46:55.666+0000] {logging_mixin.py:188} INFO - [2025-01-06T12:46:55.666+0000] {dag.py:3036} INFO - Sync 1 DAGs
[2025-01-06T12:46:55.683+0000] {logging_mixin.py:188} INFO - [2025-01-06T12:46:55.682+0000] {dag.py:3823} INFO - Setting next_dagrun for example_kubernetes_executor to None, run_after=None
[2025-01-06T12:46:55.714+0000] {processor.py:183} INFO - Processing /home/airflow/.local/lib/python3.11/site-packages/airflow/example_dags/example_kubernetes_executor.py took 0.112 seconds
[2025-01-06T12:47:25.879+0000] {processor.py:161} INFO - Started process (PID=4899) to work on /home/airflow/.local/lib/python3.11/site-packages/airflow/example_dags/example_kubernetes_executor.py
[2025-01-06T12:47:25.881+0000] {processor.py:830} INFO - Processing file /home/airflow/.local/lib/python3.11/site-packages/airflow/example_dags/example_kubernetes_executor.py for tasks to queue
[2025-01-06T12:47:25.882+0000] {logging_mixin.py:188} INFO - [2025-01-06T12:47:25.882+0000] {dagbag.py:538} INFO - Filling up the DagBag from /home/airflow/.local/lib/python3.11/site-packages/airflow/example_dags/example_kubernetes_executor.py
[2025-01-06T12:47:25.898+0000] {processor.py:840} INFO - DAG(s) 'example_kubernetes_executor' retrieved from /home/airflow/.local/lib/python3.11/site-packages/airflow/example_dags/example_kubernetes_executor.py
[2025-01-06T12:47:25.944+0000] {logging_mixin.py:188} INFO - [2025-01-06T12:47:25.943+0000] {dag.py:3036} INFO - Sync 1 DAGs
[2025-01-06T12:47:25.959+0000] {logging_mixin.py:188} INFO - [2025-01-06T12:47:25.959+0000] {dag.py:3823} INFO - Setting next_dagrun for example_kubernetes_executor to None, run_after=None
[2025-01-06T12:47:25.986+0000] {processor.py:183} INFO - Processing /home/airflow/.local/lib/python3.11/site-packages/airflow/example_dags/example_kubernetes_executor.py took 0.110 seconds
[2025-01-06T12:47:56.076+0000] {processor.py:161} INFO - Started process (PID=4963) to work on /home/airflow/.local/lib/python3.11/site-packages/airflow/example_dags/example_kubernetes_executor.py
[2025-01-06T12:47:56.078+0000] {processor.py:830} INFO - Processing file /home/airflow/.local/lib/python3.11/site-packages/airflow/example_dags/example_kubernetes_executor.py for tasks to queue
[2025-01-06T12:47:56.079+0000] {logging_mixin.py:188} INFO - [2025-01-06T12:47:56.079+0000] {dagbag.py:538} INFO - Filling up the DagBag from /home/airflow/.local/lib/python3.11/site-packages/airflow/example_dags/example_kubernetes_executor.py
[2025-01-06T12:47:56.094+0000] {processor.py:840} INFO - DAG(s) 'example_kubernetes_executor' retrieved from /home/airflow/.local/lib/python3.11/site-packages/airflow/example_dags/example_kubernetes_executor.py
[2025-01-06T12:47:56.137+0000] {logging_mixin.py:188} INFO - [2025-01-06T12:47:56.137+0000] {dag.py:3036} INFO - Sync 1 DAGs
[2025-01-06T12:47:56.150+0000] {logging_mixin.py:188} INFO - [2025-01-06T12:47:56.150+0000] {dag.py:3823} INFO - Setting next_dagrun for example_kubernetes_executor to None, run_after=None
[2025-01-06T12:47:56.172+0000] {processor.py:183} INFO - Processing /home/airflow/.local/lib/python3.11/site-packages/airflow/example_dags/example_kubernetes_executor.py took 0.099 seconds
[2025-01-06T12:48:26.224+0000] {processor.py:161} INFO - Started process (PID=5034) to work on /home/airflow/.local/lib/python3.11/site-packages/airflow/example_dags/example_kubernetes_executor.py
[2025-01-06T12:48:26.225+0000] {processor.py:830} INFO - Processing file /home/airflow/.local/lib/python3.11/site-packages/airflow/example_dags/example_kubernetes_executor.py for tasks to queue
[2025-01-06T12:48:26.226+0000] {logging_mixin.py:188} INFO - [2025-01-06T12:48:26.226+0000] {dagbag.py:538} INFO - Filling up the DagBag from /home/airflow/.local/lib/python3.11/site-packages/airflow/example_dags/example_kubernetes_executor.py
[2025-01-06T12:48:26.240+0000] {processor.py:840} INFO - DAG(s) 'example_kubernetes_executor' retrieved from /home/airflow/.local/lib/python3.11/site-packages/airflow/example_dags/example_kubernetes_executor.py
[2025-01-06T12:48:26.280+0000] {logging_mixin.py:188} INFO - [2025-01-06T12:48:26.280+0000] {dag.py:3036} INFO - Sync 1 DAGs
[2025-01-06T12:48:26.292+0000] {logging_mixin.py:188} INFO - [2025-01-06T12:48:26.292+0000] {dag.py:3823} INFO - Setting next_dagrun for example_kubernetes_executor to None, run_after=None
[2025-01-06T12:48:26.315+0000] {processor.py:183} INFO - Processing /home/airflow/.local/lib/python3.11/site-packages/airflow/example_dags/example_kubernetes_executor.py took 0.095 seconds
[2025-01-06T12:48:57.662+0000] {processor.py:161} INFO - Started process (PID=5098) to work on /home/airflow/.local/lib/python3.11/site-packages/airflow/example_dags/example_kubernetes_executor.py
[2025-01-06T12:48:57.663+0000] {processor.py:830} INFO - Processing file /home/airflow/.local/lib/python3.11/site-packages/airflow/example_dags/example_kubernetes_executor.py for tasks to queue
[2025-01-06T12:48:57.665+0000] {logging_mixin.py:188} INFO - [2025-01-06T12:48:57.664+0000] {dagbag.py:538} INFO - Filling up the DagBag from /home/airflow/.local/lib/python3.11/site-packages/airflow/example_dags/example_kubernetes_executor.py
[2025-01-06T12:48:57.682+0000] {processor.py:840} INFO - DAG(s) 'example_kubernetes_executor' retrieved from /home/airflow/.local/lib/python3.11/site-packages/airflow/example_dags/example_kubernetes_executor.py
[2025-01-06T12:48:57.871+0000] {logging_mixin.py:188} INFO - [2025-01-06T12:48:57.871+0000] {dag.py:3036} INFO - Sync 1 DAGs
[2025-01-06T12:48:57.884+0000] {logging_mixin.py:188} INFO - [2025-01-06T12:48:57.884+0000] {dag.py:3823} INFO - Setting next_dagrun for example_kubernetes_executor to None, run_after=None
[2025-01-06T12:48:57.906+0000] {processor.py:183} INFO - Processing /home/airflow/.local/lib/python3.11/site-packages/airflow/example_dags/example_kubernetes_executor.py took 0.248 seconds
[2025-01-06T12:49:28.676+0000] {processor.py:161} INFO - Started process (PID=5162) to work on /home/airflow/.local/lib/python3.11/site-packages/airflow/example_dags/example_kubernetes_executor.py
[2025-01-06T12:49:28.677+0000] {processor.py:830} INFO - Processing file /home/airflow/.local/lib/python3.11/site-packages/airflow/example_dags/example_kubernetes_executor.py for tasks to queue
[2025-01-06T12:49:28.679+0000] {logging_mixin.py:188} INFO - [2025-01-06T12:49:28.678+0000] {dagbag.py:538} INFO - Filling up the DagBag from /home/airflow/.local/lib/python3.11/site-packages/airflow/example_dags/example_kubernetes_executor.py
[2025-01-06T12:49:28.694+0000] {processor.py:840} INFO - DAG(s) 'example_kubernetes_executor' retrieved from /home/airflow/.local/lib/python3.11/site-packages/airflow/example_dags/example_kubernetes_executor.py
[2025-01-06T12:49:28.736+0000] {logging_mixin.py:188} INFO - [2025-01-06T12:49:28.736+0000] {dag.py:3036} INFO - Sync 1 DAGs
[2025-01-06T12:49:28.890+0000] {logging_mixin.py:188} INFO - [2025-01-06T12:49:28.890+0000] {dag.py:3823} INFO - Setting next_dagrun for example_kubernetes_executor to None, run_after=None
[2025-01-06T12:49:28.913+0000] {processor.py:183} INFO - Processing /home/airflow/.local/lib/python3.11/site-packages/airflow/example_dags/example_kubernetes_executor.py took 0.242 seconds
[2025-01-06T12:49:59.273+0000] {processor.py:161} INFO - Started process (PID=5233) to work on /home/airflow/.local/lib/python3.11/site-packages/airflow/example_dags/example_kubernetes_executor.py
[2025-01-06T12:49:59.274+0000] {processor.py:830} INFO - Processing file /home/airflow/.local/lib/python3.11/site-packages/airflow/example_dags/example_kubernetes_executor.py for tasks to queue
[2025-01-06T12:49:59.276+0000] {logging_mixin.py:188} INFO - [2025-01-06T12:49:59.275+0000] {dagbag.py:538} INFO - Filling up the DagBag from /home/airflow/.local/lib/python3.11/site-packages/airflow/example_dags/example_kubernetes_executor.py
[2025-01-06T12:49:59.296+0000] {processor.py:840} INFO - DAG(s) 'example_kubernetes_executor' retrieved from /home/airflow/.local/lib/python3.11/site-packages/airflow/example_dags/example_kubernetes_executor.py
[2025-01-06T12:49:59.339+0000] {logging_mixin.py:188} INFO - [2025-01-06T12:49:59.339+0000] {dag.py:3036} INFO - Sync 1 DAGs
[2025-01-06T12:49:59.354+0000] {logging_mixin.py:188} INFO - [2025-01-06T12:49:59.354+0000] {dag.py:3823} INFO - Setting next_dagrun for example_kubernetes_executor to None, run_after=None
[2025-01-06T12:49:59.551+0000] {processor.py:183} INFO - Processing /home/airflow/.local/lib/python3.11/site-packages/airflow/example_dags/example_kubernetes_executor.py took 0.283 seconds
[2025-01-06T12:50:29.973+0000] {processor.py:161} INFO - Started process (PID=5298) to work on /home/airflow/.local/lib/python3.11/site-packages/airflow/example_dags/example_kubernetes_executor.py
[2025-01-06T12:50:29.974+0000] {processor.py:830} INFO - Processing file /home/airflow/.local/lib/python3.11/site-packages/airflow/example_dags/example_kubernetes_executor.py for tasks to queue
[2025-01-06T12:50:29.975+0000] {logging_mixin.py:188} INFO - [2025-01-06T12:50:29.974+0000] {dagbag.py:538} INFO - Filling up the DagBag from /home/airflow/.local/lib/python3.11/site-packages/airflow/example_dags/example_kubernetes_executor.py
[2025-01-06T12:50:29.988+0000] {processor.py:840} INFO - DAG(s) 'example_kubernetes_executor' retrieved from /home/airflow/.local/lib/python3.11/site-packages/airflow/example_dags/example_kubernetes_executor.py
[2025-01-06T12:50:30.030+0000] {logging_mixin.py:188} INFO - [2025-01-06T12:50:30.030+0000] {dag.py:3036} INFO - Sync 1 DAGs
[2025-01-06T12:50:30.043+0000] {logging_mixin.py:188} INFO - [2025-01-06T12:50:30.043+0000] {dag.py:3823} INFO - Setting next_dagrun for example_kubernetes_executor to None, run_after=None
[2025-01-06T12:50:30.067+0000] {processor.py:183} INFO - Processing /home/airflow/.local/lib/python3.11/site-packages/airflow/example_dags/example_kubernetes_executor.py took 0.098 seconds
[2025-01-06T12:51:00.417+0000] {processor.py:161} INFO - Started process (PID=5361) to work on /home/airflow/.local/lib/python3.11/site-packages/airflow/example_dags/example_kubernetes_executor.py
[2025-01-06T12:51:00.418+0000] {processor.py:830} INFO - Processing file /home/airflow/.local/lib/python3.11/site-packages/airflow/example_dags/example_kubernetes_executor.py for tasks to queue
[2025-01-06T12:51:00.419+0000] {logging_mixin.py:188} INFO - [2025-01-06T12:51:00.419+0000] {dagbag.py:538} INFO - Filling up the DagBag from /home/airflow/.local/lib/python3.11/site-packages/airflow/example_dags/example_kubernetes_executor.py
[2025-01-06T12:51:00.434+0000] {processor.py:840} INFO - DAG(s) 'example_kubernetes_executor' retrieved from /home/airflow/.local/lib/python3.11/site-packages/airflow/example_dags/example_kubernetes_executor.py
[2025-01-06T12:51:00.475+0000] {logging_mixin.py:188} INFO - [2025-01-06T12:51:00.474+0000] {dag.py:3036} INFO - Sync 1 DAGs
[2025-01-06T12:51:00.488+0000] {logging_mixin.py:188} INFO - [2025-01-06T12:51:00.487+0000] {dag.py:3823} INFO - Setting next_dagrun for example_kubernetes_executor to None, run_after=None
[2025-01-06T12:51:00.509+0000] {processor.py:183} INFO - Processing /home/airflow/.local/lib/python3.11/site-packages/airflow/example_dags/example_kubernetes_executor.py took 0.096 seconds
[2025-01-06T12:51:30.631+0000] {processor.py:161} INFO - Started process (PID=5432) to work on /home/airflow/.local/lib/python3.11/site-packages/airflow/example_dags/example_kubernetes_executor.py
[2025-01-06T12:51:30.633+0000] {processor.py:830} INFO - Processing file /home/airflow/.local/lib/python3.11/site-packages/airflow/example_dags/example_kubernetes_executor.py for tasks to queue
[2025-01-06T12:51:30.634+0000] {logging_mixin.py:188} INFO - [2025-01-06T12:51:30.633+0000] {dagbag.py:538} INFO - Filling up the DagBag from /home/airflow/.local/lib/python3.11/site-packages/airflow/example_dags/example_kubernetes_executor.py
[2025-01-06T12:51:30.648+0000] {processor.py:840} INFO - DAG(s) 'example_kubernetes_executor' retrieved from /home/airflow/.local/lib/python3.11/site-packages/airflow/example_dags/example_kubernetes_executor.py
[2025-01-06T12:51:30.690+0000] {logging_mixin.py:188} INFO - [2025-01-06T12:51:30.690+0000] {dag.py:3036} INFO - Sync 1 DAGs
[2025-01-06T12:51:30.706+0000] {logging_mixin.py:188} INFO - [2025-01-06T12:51:30.706+0000] {dag.py:3823} INFO - Setting next_dagrun for example_kubernetes_executor to None, run_after=None
[2025-01-06T12:51:30.728+0000] {processor.py:183} INFO - Processing /home/airflow/.local/lib/python3.11/site-packages/airflow/example_dags/example_kubernetes_executor.py took 0.100 seconds
[2025-01-06T12:52:00.864+0000] {processor.py:161} INFO - Started process (PID=5497) to work on /home/airflow/.local/lib/python3.11/site-packages/airflow/example_dags/example_kubernetes_executor.py
[2025-01-06T12:52:00.865+0000] {processor.py:830} INFO - Processing file /home/airflow/.local/lib/python3.11/site-packages/airflow/example_dags/example_kubernetes_executor.py for tasks to queue
[2025-01-06T12:52:00.866+0000] {logging_mixin.py:188} INFO - [2025-01-06T12:52:00.866+0000] {dagbag.py:538} INFO - Filling up the DagBag from /home/airflow/.local/lib/python3.11/site-packages/airflow/example_dags/example_kubernetes_executor.py
[2025-01-06T12:52:00.881+0000] {processor.py:840} INFO - DAG(s) 'example_kubernetes_executor' retrieved from /home/airflow/.local/lib/python3.11/site-packages/airflow/example_dags/example_kubernetes_executor.py
[2025-01-06T12:52:00.924+0000] {logging_mixin.py:188} INFO - [2025-01-06T12:52:00.924+0000] {dag.py:3036} INFO - Sync 1 DAGs
[2025-01-06T12:52:00.937+0000] {logging_mixin.py:188} INFO - [2025-01-06T12:52:00.937+0000] {dag.py:3823} INFO - Setting next_dagrun for example_kubernetes_executor to None, run_after=None
[2025-01-06T12:52:00.959+0000] {processor.py:183} INFO - Processing /home/airflow/.local/lib/python3.11/site-packages/airflow/example_dags/example_kubernetes_executor.py took 0.099 seconds
[2025-01-06T12:52:31.113+0000] {processor.py:161} INFO - Started process (PID=5561) to work on /home/airflow/.local/lib/python3.11/site-packages/airflow/example_dags/example_kubernetes_executor.py
[2025-01-06T12:52:31.115+0000] {processor.py:830} INFO - Processing file /home/airflow/.local/lib/python3.11/site-packages/airflow/example_dags/example_kubernetes_executor.py for tasks to queue
[2025-01-06T12:52:31.116+0000] {logging_mixin.py:188} INFO - [2025-01-06T12:52:31.116+0000] {dagbag.py:538} INFO - Filling up the DagBag from /home/airflow/.local/lib/python3.11/site-packages/airflow/example_dags/example_kubernetes_executor.py
[2025-01-06T12:52:31.131+0000] {processor.py:840} INFO - DAG(s) 'example_kubernetes_executor' retrieved from /home/airflow/.local/lib/python3.11/site-packages/airflow/example_dags/example_kubernetes_executor.py
[2025-01-06T12:52:31.173+0000] {logging_mixin.py:188} INFO - [2025-01-06T12:52:31.173+0000] {dag.py:3036} INFO - Sync 1 DAGs
[2025-01-06T12:52:31.188+0000] {logging_mixin.py:188} INFO - [2025-01-06T12:52:31.187+0000] {dag.py:3823} INFO - Setting next_dagrun for example_kubernetes_executor to None, run_after=None
[2025-01-06T12:52:31.212+0000] {processor.py:183} INFO - Processing /home/airflow/.local/lib/python3.11/site-packages/airflow/example_dags/example_kubernetes_executor.py took 0.102 seconds
[2025-01-06T12:53:01.330+0000] {processor.py:161} INFO - Started process (PID=5632) to work on /home/airflow/.local/lib/python3.11/site-packages/airflow/example_dags/example_kubernetes_executor.py
[2025-01-06T12:53:01.331+0000] {processor.py:830} INFO - Processing file /home/airflow/.local/lib/python3.11/site-packages/airflow/example_dags/example_kubernetes_executor.py for tasks to queue
[2025-01-06T12:53:01.332+0000] {logging_mixin.py:188} INFO - [2025-01-06T12:53:01.332+0000] {dagbag.py:538} INFO - Filling up the DagBag from /home/airflow/.local/lib/python3.11/site-packages/airflow/example_dags/example_kubernetes_executor.py
[2025-01-06T12:53:01.346+0000] {processor.py:840} INFO - DAG(s) 'example_kubernetes_executor' retrieved from /home/airflow/.local/lib/python3.11/site-packages/airflow/example_dags/example_kubernetes_executor.py
[2025-01-06T12:53:01.389+0000] {logging_mixin.py:188} INFO - [2025-01-06T12:53:01.388+0000] {dag.py:3036} INFO - Sync 1 DAGs
[2025-01-06T12:53:01.402+0000] {logging_mixin.py:188} INFO - [2025-01-06T12:53:01.402+0000] {dag.py:3823} INFO - Setting next_dagrun for example_kubernetes_executor to None, run_after=None
[2025-01-06T12:53:01.427+0000] {processor.py:183} INFO - Processing /home/airflow/.local/lib/python3.11/site-packages/airflow/example_dags/example_kubernetes_executor.py took 0.101 seconds
[2025-01-06T12:53:31.882+0000] {processor.py:161} INFO - Started process (PID=5696) to work on /home/airflow/.local/lib/python3.11/site-packages/airflow/example_dags/example_kubernetes_executor.py
[2025-01-06T12:53:31.883+0000] {processor.py:830} INFO - Processing file /home/airflow/.local/lib/python3.11/site-packages/airflow/example_dags/example_kubernetes_executor.py for tasks to queue
[2025-01-06T12:53:31.884+0000] {logging_mixin.py:188} INFO - [2025-01-06T12:53:31.884+0000] {dagbag.py:538} INFO - Filling up the DagBag from /home/airflow/.local/lib/python3.11/site-packages/airflow/example_dags/example_kubernetes_executor.py
[2025-01-06T12:53:31.898+0000] {processor.py:840} INFO - DAG(s) 'example_kubernetes_executor' retrieved from /home/airflow/.local/lib/python3.11/site-packages/airflow/example_dags/example_kubernetes_executor.py
[2025-01-06T12:53:31.938+0000] {logging_mixin.py:188} INFO - [2025-01-06T12:53:31.937+0000] {dag.py:3036} INFO - Sync 1 DAGs
[2025-01-06T12:53:31.950+0000] {logging_mixin.py:188} INFO - [2025-01-06T12:53:31.950+0000] {dag.py:3823} INFO - Setting next_dagrun for example_kubernetes_executor to None, run_after=None
[2025-01-06T12:53:31.972+0000] {processor.py:183} INFO - Processing /home/airflow/.local/lib/python3.11/site-packages/airflow/example_dags/example_kubernetes_executor.py took 0.094 seconds
[2025-01-06T12:54:02.222+0000] {processor.py:161} INFO - Started process (PID=5760) to work on /home/airflow/.local/lib/python3.11/site-packages/airflow/example_dags/example_kubernetes_executor.py
[2025-01-06T12:54:02.223+0000] {processor.py:830} INFO - Processing file /home/airflow/.local/lib/python3.11/site-packages/airflow/example_dags/example_kubernetes_executor.py for tasks to queue
[2025-01-06T12:54:02.224+0000] {logging_mixin.py:188} INFO - [2025-01-06T12:54:02.224+0000] {dagbag.py:538} INFO - Filling up the DagBag from /home/airflow/.local/lib/python3.11/site-packages/airflow/example_dags/example_kubernetes_executor.py
[2025-01-06T12:54:02.241+0000] {processor.py:840} INFO - DAG(s) 'example_kubernetes_executor' retrieved from /home/airflow/.local/lib/python3.11/site-packages/airflow/example_dags/example_kubernetes_executor.py
[2025-01-06T12:54:02.289+0000] {logging_mixin.py:188} INFO - [2025-01-06T12:54:02.289+0000] {dag.py:3036} INFO - Sync 1 DAGs
[2025-01-06T12:54:02.303+0000] {logging_mixin.py:188} INFO - [2025-01-06T12:54:02.303+0000] {dag.py:3823} INFO - Setting next_dagrun for example_kubernetes_executor to None, run_after=None
[2025-01-06T12:54:02.327+0000] {processor.py:183} INFO - Processing /home/airflow/.local/lib/python3.11/site-packages/airflow/example_dags/example_kubernetes_executor.py took 0.111 seconds
[2025-01-06T12:54:32.519+0000] {processor.py:161} INFO - Started process (PID=5832) to work on /home/airflow/.local/lib/python3.11/site-packages/airflow/example_dags/example_kubernetes_executor.py
[2025-01-06T12:54:32.521+0000] {processor.py:830} INFO - Processing file /home/airflow/.local/lib/python3.11/site-packages/airflow/example_dags/example_kubernetes_executor.py for tasks to queue
[2025-01-06T12:54:32.522+0000] {logging_mixin.py:188} INFO - [2025-01-06T12:54:32.521+0000] {dagbag.py:538} INFO - Filling up the DagBag from /home/airflow/.local/lib/python3.11/site-packages/airflow/example_dags/example_kubernetes_executor.py
[2025-01-06T12:54:32.537+0000] {processor.py:840} INFO - DAG(s) 'example_kubernetes_executor' retrieved from /home/airflow/.local/lib/python3.11/site-packages/airflow/example_dags/example_kubernetes_executor.py
[2025-01-06T12:54:32.579+0000] {logging_mixin.py:188} INFO - [2025-01-06T12:54:32.579+0000] {dag.py:3036} INFO - Sync 1 DAGs
[2025-01-06T12:54:32.595+0000] {logging_mixin.py:188} INFO - [2025-01-06T12:54:32.595+0000] {dag.py:3823} INFO - Setting next_dagrun for example_kubernetes_executor to None, run_after=None
[2025-01-06T12:54:32.617+0000] {processor.py:183} INFO - Processing /home/airflow/.local/lib/python3.11/site-packages/airflow/example_dags/example_kubernetes_executor.py took 0.101 seconds
[2025-01-06T12:55:02.989+0000] {processor.py:161} INFO - Started process (PID=5896) to work on /home/airflow/.local/lib/python3.11/site-packages/airflow/example_dags/example_kubernetes_executor.py
[2025-01-06T12:55:02.990+0000] {processor.py:830} INFO - Processing file /home/airflow/.local/lib/python3.11/site-packages/airflow/example_dags/example_kubernetes_executor.py for tasks to queue
[2025-01-06T12:55:02.991+0000] {logging_mixin.py:188} INFO - [2025-01-06T12:55:02.991+0000] {dagbag.py:538} INFO - Filling up the DagBag from /home/airflow/.local/lib/python3.11/site-packages/airflow/example_dags/example_kubernetes_executor.py
[2025-01-06T12:55:03.006+0000] {processor.py:840} INFO - DAG(s) 'example_kubernetes_executor' retrieved from /home/airflow/.local/lib/python3.11/site-packages/airflow/example_dags/example_kubernetes_executor.py
[2025-01-06T12:55:03.049+0000] {logging_mixin.py:188} INFO - [2025-01-06T12:55:03.049+0000] {dag.py:3036} INFO - Sync 1 DAGs
[2025-01-06T12:55:03.062+0000] {logging_mixin.py:188} INFO - [2025-01-06T12:55:03.062+0000] {dag.py:3823} INFO - Setting next_dagrun for example_kubernetes_executor to None, run_after=None
[2025-01-06T12:55:03.084+0000] {processor.py:183} INFO - Processing /home/airflow/.local/lib/python3.11/site-packages/airflow/example_dags/example_kubernetes_executor.py took 0.099 seconds
[2025-01-06T12:59:12.703+0000] {processor.py:161} INFO - Started process (PID=5954) to work on /home/airflow/.local/lib/python3.11/site-packages/airflow/example_dags/example_kubernetes_executor.py
[2025-01-06T12:59:12.704+0000] {processor.py:830} INFO - Processing file /home/airflow/.local/lib/python3.11/site-packages/airflow/example_dags/example_kubernetes_executor.py for tasks to queue
[2025-01-06T12:59:12.705+0000] {logging_mixin.py:188} INFO - [2025-01-06T12:59:12.705+0000] {dagbag.py:538} INFO - Filling up the DagBag from /home/airflow/.local/lib/python3.11/site-packages/airflow/example_dags/example_kubernetes_executor.py
[2025-01-06T12:59:12.719+0000] {processor.py:840} INFO - DAG(s) 'example_kubernetes_executor' retrieved from /home/airflow/.local/lib/python3.11/site-packages/airflow/example_dags/example_kubernetes_executor.py
[2025-01-06T12:59:12.767+0000] {logging_mixin.py:188} INFO - [2025-01-06T12:59:12.766+0000] {dag.py:3036} INFO - Sync 1 DAGs
[2025-01-06T12:59:12.781+0000] {logging_mixin.py:188} INFO - [2025-01-06T12:59:12.781+0000] {dag.py:3823} INFO - Setting next_dagrun for example_kubernetes_executor to None, run_after=None
[2025-01-06T12:59:12.805+0000] {processor.py:183} INFO - Processing /home/airflow/.local/lib/python3.11/site-packages/airflow/example_dags/example_kubernetes_executor.py took 0.106 seconds
