[2025-01-06T12:31:37.979+0000] {processor.py:161} INFO - Started process (PID=2849) to work on /home/airflow/.local/lib/python3.11/site-packages/airflow/example_dags/example_nested_branch_dag.py
[2025-01-06T12:31:37.981+0000] {processor.py:830} INFO - Processing file /home/airflow/.local/lib/python3.11/site-packages/airflow/example_dags/example_nested_branch_dag.py for tasks to queue
[2025-01-06T12:31:37.983+0000] {logging_mixin.py:188} INFO - [2025-01-06T12:31:37.982+0000] {dagbag.py:538} INFO - Filling up the DagBag from /home/airflow/.local/lib/python3.11/site-packages/airflow/example_dags/example_nested_branch_dag.py
[2025-01-06T12:31:38.043+0000] {processor.py:840} INFO - DAG(s) 'example_nested_branch_dag' retrieved from /home/airflow/.local/lib/python3.11/site-packages/airflow/example_dags/example_nested_branch_dag.py
[2025-01-06T12:31:38.135+0000] {logging_mixin.py:188} INFO - [2025-01-06T12:31:38.135+0000] {dag.py:3036} INFO - Sync 1 DAGs
[2025-01-06T12:31:38.248+0000] {logging_mixin.py:188} INFO - [2025-01-06T12:31:38.247+0000] {dag.py:3823} INFO - Setting next_dagrun for example_nested_branch_dag to 2025-01-05 00:00:00+00:00, run_after=2025-01-06 00:00:00+00:00
[2025-01-06T12:31:38.508+0000] {processor.py:183} INFO - Processing /home/airflow/.local/lib/python3.11/site-packages/airflow/example_dags/example_nested_branch_dag.py took 0.533 seconds
[2025-01-06T12:32:08.890+0000] {processor.py:161} INFO - Started process (PID=2913) to work on /home/airflow/.local/lib/python3.11/site-packages/airflow/example_dags/example_nested_branch_dag.py
[2025-01-06T12:32:08.892+0000] {processor.py:830} INFO - Processing file /home/airflow/.local/lib/python3.11/site-packages/airflow/example_dags/example_nested_branch_dag.py for tasks to queue
[2025-01-06T12:32:08.893+0000] {logging_mixin.py:188} INFO - [2025-01-06T12:32:08.893+0000] {dagbag.py:538} INFO - Filling up the DagBag from /home/airflow/.local/lib/python3.11/site-packages/airflow/example_dags/example_nested_branch_dag.py
[2025-01-06T12:32:08.904+0000] {processor.py:840} INFO - DAG(s) 'example_nested_branch_dag' retrieved from /home/airflow/.local/lib/python3.11/site-packages/airflow/example_dags/example_nested_branch_dag.py
[2025-01-06T12:32:08.930+0000] {logging_mixin.py:188} INFO - [2025-01-06T12:32:08.930+0000] {dag.py:3036} INFO - Sync 1 DAGs
[2025-01-06T12:32:08.959+0000] {logging_mixin.py:188} INFO - [2025-01-06T12:32:08.959+0000] {dag.py:3823} INFO - Setting next_dagrun for example_nested_branch_dag to 2025-01-05 00:00:00+00:00, run_after=2025-01-06 00:00:00+00:00
[2025-01-06T12:32:08.980+0000] {processor.py:183} INFO - Processing /home/airflow/.local/lib/python3.11/site-packages/airflow/example_dags/example_nested_branch_dag.py took 0.094 seconds
[2025-01-06T12:32:39.549+0000] {processor.py:161} INFO - Started process (PID=2975) to work on /home/airflow/.local/lib/python3.11/site-packages/airflow/example_dags/example_nested_branch_dag.py
[2025-01-06T12:32:39.550+0000] {processor.py:830} INFO - Processing file /home/airflow/.local/lib/python3.11/site-packages/airflow/example_dags/example_nested_branch_dag.py for tasks to queue
[2025-01-06T12:32:39.551+0000] {logging_mixin.py:188} INFO - [2025-01-06T12:32:39.551+0000] {dagbag.py:538} INFO - Filling up the DagBag from /home/airflow/.local/lib/python3.11/site-packages/airflow/example_dags/example_nested_branch_dag.py
[2025-01-06T12:32:39.565+0000] {processor.py:840} INFO - DAG(s) 'example_nested_branch_dag' retrieved from /home/airflow/.local/lib/python3.11/site-packages/airflow/example_dags/example_nested_branch_dag.py
[2025-01-06T12:32:39.602+0000] {logging_mixin.py:188} INFO - [2025-01-06T12:32:39.601+0000] {dag.py:3036} INFO - Sync 1 DAGs
[2025-01-06T12:32:39.629+0000] {logging_mixin.py:188} INFO - [2025-01-06T12:32:39.628+0000] {dag.py:3823} INFO - Setting next_dagrun for example_nested_branch_dag to 2025-01-05 00:00:00+00:00, run_after=2025-01-06 00:00:00+00:00
[2025-01-06T12:32:39.653+0000] {processor.py:183} INFO - Processing /home/airflow/.local/lib/python3.11/site-packages/airflow/example_dags/example_nested_branch_dag.py took 0.110 seconds
[2025-01-06T12:33:10.218+0000] {processor.py:161} INFO - Started process (PID=3039) to work on /home/airflow/.local/lib/python3.11/site-packages/airflow/example_dags/example_nested_branch_dag.py
[2025-01-06T12:33:10.220+0000] {processor.py:830} INFO - Processing file /home/airflow/.local/lib/python3.11/site-packages/airflow/example_dags/example_nested_branch_dag.py for tasks to queue
[2025-01-06T12:33:10.221+0000] {logging_mixin.py:188} INFO - [2025-01-06T12:33:10.220+0000] {dagbag.py:538} INFO - Filling up the DagBag from /home/airflow/.local/lib/python3.11/site-packages/airflow/example_dags/example_nested_branch_dag.py
[2025-01-06T12:33:10.240+0000] {processor.py:840} INFO - DAG(s) 'example_nested_branch_dag' retrieved from /home/airflow/.local/lib/python3.11/site-packages/airflow/example_dags/example_nested_branch_dag.py
[2025-01-06T12:33:10.271+0000] {logging_mixin.py:188} INFO - [2025-01-06T12:33:10.271+0000] {dag.py:3036} INFO - Sync 1 DAGs
[2025-01-06T12:33:10.302+0000] {logging_mixin.py:188} INFO - [2025-01-06T12:33:10.302+0000] {dag.py:3823} INFO - Setting next_dagrun for example_nested_branch_dag to 2025-01-05 00:00:00+00:00, run_after=2025-01-06 00:00:00+00:00
[2025-01-06T12:33:10.326+0000] {processor.py:183} INFO - Processing /home/airflow/.local/lib/python3.11/site-packages/airflow/example_dags/example_nested_branch_dag.py took 0.112 seconds
[2025-01-06T12:33:40.773+0000] {processor.py:161} INFO - Started process (PID=3110) to work on /home/airflow/.local/lib/python3.11/site-packages/airflow/example_dags/example_nested_branch_dag.py
[2025-01-06T12:33:40.774+0000] {processor.py:830} INFO - Processing file /home/airflow/.local/lib/python3.11/site-packages/airflow/example_dags/example_nested_branch_dag.py for tasks to queue
[2025-01-06T12:33:40.775+0000] {logging_mixin.py:188} INFO - [2025-01-06T12:33:40.775+0000] {dagbag.py:538} INFO - Filling up the DagBag from /home/airflow/.local/lib/python3.11/site-packages/airflow/example_dags/example_nested_branch_dag.py
[2025-01-06T12:33:40.789+0000] {processor.py:840} INFO - DAG(s) 'example_nested_branch_dag' retrieved from /home/airflow/.local/lib/python3.11/site-packages/airflow/example_dags/example_nested_branch_dag.py
[2025-01-06T12:33:40.815+0000] {logging_mixin.py:188} INFO - [2025-01-06T12:33:40.815+0000] {dag.py:3036} INFO - Sync 1 DAGs
[2025-01-06T12:33:40.844+0000] {logging_mixin.py:188} INFO - [2025-01-06T12:33:40.844+0000] {dag.py:3823} INFO - Setting next_dagrun for example_nested_branch_dag to 2025-01-05 00:00:00+00:00, run_after=2025-01-06 00:00:00+00:00
[2025-01-06T12:33:40.870+0000] {processor.py:183} INFO - Processing /home/airflow/.local/lib/python3.11/site-packages/airflow/example_dags/example_nested_branch_dag.py took 0.101 seconds
[2025-01-06T12:34:11.633+0000] {processor.py:161} INFO - Started process (PID=3174) to work on /home/airflow/.local/lib/python3.11/site-packages/airflow/example_dags/example_nested_branch_dag.py
[2025-01-06T12:34:11.635+0000] {processor.py:830} INFO - Processing file /home/airflow/.local/lib/python3.11/site-packages/airflow/example_dags/example_nested_branch_dag.py for tasks to queue
[2025-01-06T12:34:11.636+0000] {logging_mixin.py:188} INFO - [2025-01-06T12:34:11.636+0000] {dagbag.py:538} INFO - Filling up the DagBag from /home/airflow/.local/lib/python3.11/site-packages/airflow/example_dags/example_nested_branch_dag.py
[2025-01-06T12:34:11.652+0000] {processor.py:840} INFO - DAG(s) 'example_nested_branch_dag' retrieved from /home/airflow/.local/lib/python3.11/site-packages/airflow/example_dags/example_nested_branch_dag.py
[2025-01-06T12:34:11.681+0000] {logging_mixin.py:188} INFO - [2025-01-06T12:34:11.680+0000] {dag.py:3036} INFO - Sync 1 DAGs
[2025-01-06T12:34:11.707+0000] {logging_mixin.py:188} INFO - [2025-01-06T12:34:11.706+0000] {dag.py:3823} INFO - Setting next_dagrun for example_nested_branch_dag to 2025-01-05 00:00:00+00:00, run_after=2025-01-06 00:00:00+00:00
[2025-01-06T12:34:11.729+0000] {processor.py:183} INFO - Processing /home/airflow/.local/lib/python3.11/site-packages/airflow/example_dags/example_nested_branch_dag.py took 0.100 seconds
[2025-01-06T12:34:41.972+0000] {processor.py:161} INFO - Started process (PID=3238) to work on /home/airflow/.local/lib/python3.11/site-packages/airflow/example_dags/example_nested_branch_dag.py
[2025-01-06T12:34:41.973+0000] {processor.py:830} INFO - Processing file /home/airflow/.local/lib/python3.11/site-packages/airflow/example_dags/example_nested_branch_dag.py for tasks to queue
[2025-01-06T12:34:41.975+0000] {logging_mixin.py:188} INFO - [2025-01-06T12:34:41.974+0000] {dagbag.py:538} INFO - Filling up the DagBag from /home/airflow/.local/lib/python3.11/site-packages/airflow/example_dags/example_nested_branch_dag.py
[2025-01-06T12:34:41.989+0000] {processor.py:840} INFO - DAG(s) 'example_nested_branch_dag' retrieved from /home/airflow/.local/lib/python3.11/site-packages/airflow/example_dags/example_nested_branch_dag.py
[2025-01-06T12:34:42.018+0000] {logging_mixin.py:188} INFO - [2025-01-06T12:34:42.018+0000] {dag.py:3036} INFO - Sync 1 DAGs
[2025-01-06T12:34:42.045+0000] {logging_mixin.py:188} INFO - [2025-01-06T12:34:42.045+0000] {dag.py:3823} INFO - Setting next_dagrun for example_nested_branch_dag to 2025-01-05 00:00:00+00:00, run_after=2025-01-06 00:00:00+00:00
[2025-01-06T12:34:42.070+0000] {processor.py:183} INFO - Processing /home/airflow/.local/lib/python3.11/site-packages/airflow/example_dags/example_nested_branch_dag.py took 0.102 seconds
[2025-01-06T12:35:12.682+0000] {processor.py:161} INFO - Started process (PID=3302) to work on /home/airflow/.local/lib/python3.11/site-packages/airflow/example_dags/example_nested_branch_dag.py
[2025-01-06T12:35:12.683+0000] {processor.py:830} INFO - Processing file /home/airflow/.local/lib/python3.11/site-packages/airflow/example_dags/example_nested_branch_dag.py for tasks to queue
[2025-01-06T12:35:12.685+0000] {logging_mixin.py:188} INFO - [2025-01-06T12:35:12.684+0000] {dagbag.py:538} INFO - Filling up the DagBag from /home/airflow/.local/lib/python3.11/site-packages/airflow/example_dags/example_nested_branch_dag.py
[2025-01-06T12:35:12.702+0000] {processor.py:840} INFO - DAG(s) 'example_nested_branch_dag' retrieved from /home/airflow/.local/lib/python3.11/site-packages/airflow/example_dags/example_nested_branch_dag.py
[2025-01-06T12:35:12.743+0000] {logging_mixin.py:188} INFO - [2025-01-06T12:35:12.742+0000] {dag.py:3036} INFO - Sync 1 DAGs
[2025-01-06T12:35:12.796+0000] {logging_mixin.py:188} INFO - [2025-01-06T12:35:12.796+0000] {dag.py:3823} INFO - Setting next_dagrun for example_nested_branch_dag to 2025-01-05 00:00:00+00:00, run_after=2025-01-06 00:00:00+00:00
[2025-01-06T12:35:12.841+0000] {processor.py:183} INFO - Processing /home/airflow/.local/lib/python3.11/site-packages/airflow/example_dags/example_nested_branch_dag.py took 0.164 seconds
[2025-01-06T12:35:42.925+0000] {processor.py:161} INFO - Started process (PID=3366) to work on /home/airflow/.local/lib/python3.11/site-packages/airflow/example_dags/example_nested_branch_dag.py
[2025-01-06T12:35:42.926+0000] {processor.py:830} INFO - Processing file /home/airflow/.local/lib/python3.11/site-packages/airflow/example_dags/example_nested_branch_dag.py for tasks to queue
[2025-01-06T12:35:42.928+0000] {logging_mixin.py:188} INFO - [2025-01-06T12:35:42.928+0000] {dagbag.py:538} INFO - Filling up the DagBag from /home/airflow/.local/lib/python3.11/site-packages/airflow/example_dags/example_nested_branch_dag.py
[2025-01-06T12:35:42.949+0000] {processor.py:840} INFO - DAG(s) 'example_nested_branch_dag' retrieved from /home/airflow/.local/lib/python3.11/site-packages/airflow/example_dags/example_nested_branch_dag.py
[2025-01-06T12:35:42.989+0000] {logging_mixin.py:188} INFO - [2025-01-06T12:35:42.989+0000] {dag.py:3036} INFO - Sync 1 DAGs
[2025-01-06T12:35:43.037+0000] {logging_mixin.py:188} INFO - [2025-01-06T12:35:43.037+0000] {dag.py:3823} INFO - Setting next_dagrun for example_nested_branch_dag to 2025-01-05 00:00:00+00:00, run_after=2025-01-06 00:00:00+00:00
[2025-01-06T12:35:43.089+0000] {processor.py:183} INFO - Processing /home/airflow/.local/lib/python3.11/site-packages/airflow/example_dags/example_nested_branch_dag.py took 0.169 seconds
[2025-01-06T12:36:13.348+0000] {processor.py:161} INFO - Started process (PID=3437) to work on /home/airflow/.local/lib/python3.11/site-packages/airflow/example_dags/example_nested_branch_dag.py
[2025-01-06T12:36:13.350+0000] {processor.py:830} INFO - Processing file /home/airflow/.local/lib/python3.11/site-packages/airflow/example_dags/example_nested_branch_dag.py for tasks to queue
[2025-01-06T12:36:13.352+0000] {logging_mixin.py:188} INFO - [2025-01-06T12:36:13.351+0000] {dagbag.py:538} INFO - Filling up the DagBag from /home/airflow/.local/lib/python3.11/site-packages/airflow/example_dags/example_nested_branch_dag.py
[2025-01-06T12:36:13.370+0000] {processor.py:840} INFO - DAG(s) 'example_nested_branch_dag' retrieved from /home/airflow/.local/lib/python3.11/site-packages/airflow/example_dags/example_nested_branch_dag.py
[2025-01-06T12:36:13.400+0000] {logging_mixin.py:188} INFO - [2025-01-06T12:36:13.399+0000] {dag.py:3036} INFO - Sync 1 DAGs
[2025-01-06T12:36:13.433+0000] {logging_mixin.py:188} INFO - [2025-01-06T12:36:13.432+0000] {dag.py:3823} INFO - Setting next_dagrun for example_nested_branch_dag to 2025-01-05 00:00:00+00:00, run_after=2025-01-06 00:00:00+00:00
[2025-01-06T12:36:13.465+0000] {processor.py:183} INFO - Processing /home/airflow/.local/lib/python3.11/site-packages/airflow/example_dags/example_nested_branch_dag.py took 0.124 seconds
[2025-01-06T12:36:43.992+0000] {processor.py:161} INFO - Started process (PID=3494) to work on /home/airflow/.local/lib/python3.11/site-packages/airflow/example_dags/example_nested_branch_dag.py
[2025-01-06T12:36:43.995+0000] {processor.py:830} INFO - Processing file /home/airflow/.local/lib/python3.11/site-packages/airflow/example_dags/example_nested_branch_dag.py for tasks to queue
[2025-01-06T12:36:44.000+0000] {logging_mixin.py:188} INFO - [2025-01-06T12:36:44.000+0000] {dagbag.py:538} INFO - Filling up the DagBag from /home/airflow/.local/lib/python3.11/site-packages/airflow/example_dags/example_nested_branch_dag.py
[2025-01-06T12:36:44.034+0000] {processor.py:840} INFO - DAG(s) 'example_nested_branch_dag' retrieved from /home/airflow/.local/lib/python3.11/site-packages/airflow/example_dags/example_nested_branch_dag.py
[2025-01-06T12:36:44.093+0000] {logging_mixin.py:188} INFO - [2025-01-06T12:36:44.093+0000] {dag.py:3036} INFO - Sync 1 DAGs
[2025-01-06T12:36:44.131+0000] {logging_mixin.py:188} INFO - [2025-01-06T12:36:44.131+0000] {dag.py:3823} INFO - Setting next_dagrun for example_nested_branch_dag to 2025-01-05 00:00:00+00:00, run_after=2025-01-06 00:00:00+00:00
[2025-01-06T12:36:44.156+0000] {processor.py:183} INFO - Processing /home/airflow/.local/lib/python3.11/site-packages/airflow/example_dags/example_nested_branch_dag.py took 0.172 seconds
[2025-01-06T12:37:14.538+0000] {processor.py:161} INFO - Started process (PID=3565) to work on /home/airflow/.local/lib/python3.11/site-packages/airflow/example_dags/example_nested_branch_dag.py
[2025-01-06T12:37:14.539+0000] {processor.py:830} INFO - Processing file /home/airflow/.local/lib/python3.11/site-packages/airflow/example_dags/example_nested_branch_dag.py for tasks to queue
[2025-01-06T12:37:14.541+0000] {logging_mixin.py:188} INFO - [2025-01-06T12:37:14.540+0000] {dagbag.py:538} INFO - Filling up the DagBag from /home/airflow/.local/lib/python3.11/site-packages/airflow/example_dags/example_nested_branch_dag.py
[2025-01-06T12:37:14.557+0000] {processor.py:840} INFO - DAG(s) 'example_nested_branch_dag' retrieved from /home/airflow/.local/lib/python3.11/site-packages/airflow/example_dags/example_nested_branch_dag.py
[2025-01-06T12:37:14.593+0000] {logging_mixin.py:188} INFO - [2025-01-06T12:37:14.593+0000] {dag.py:3036} INFO - Sync 1 DAGs
[2025-01-06T12:37:14.623+0000] {logging_mixin.py:188} INFO - [2025-01-06T12:37:14.622+0000] {dag.py:3823} INFO - Setting next_dagrun for example_nested_branch_dag to 2025-01-05 00:00:00+00:00, run_after=2025-01-06 00:00:00+00:00
[2025-01-06T12:37:14.646+0000] {processor.py:183} INFO - Processing /home/airflow/.local/lib/python3.11/site-packages/airflow/example_dags/example_nested_branch_dag.py took 0.112 seconds
[2025-01-06T12:37:45.032+0000] {processor.py:161} INFO - Started process (PID=3630) to work on /home/airflow/.local/lib/python3.11/site-packages/airflow/example_dags/example_nested_branch_dag.py
[2025-01-06T12:37:45.034+0000] {processor.py:830} INFO - Processing file /home/airflow/.local/lib/python3.11/site-packages/airflow/example_dags/example_nested_branch_dag.py for tasks to queue
[2025-01-06T12:37:45.035+0000] {logging_mixin.py:188} INFO - [2025-01-06T12:37:45.035+0000] {dagbag.py:538} INFO - Filling up the DagBag from /home/airflow/.local/lib/python3.11/site-packages/airflow/example_dags/example_nested_branch_dag.py
[2025-01-06T12:37:45.049+0000] {processor.py:840} INFO - DAG(s) 'example_nested_branch_dag' retrieved from /home/airflow/.local/lib/python3.11/site-packages/airflow/example_dags/example_nested_branch_dag.py
[2025-01-06T12:37:45.078+0000] {logging_mixin.py:188} INFO - [2025-01-06T12:37:45.078+0000] {dag.py:3036} INFO - Sync 1 DAGs
[2025-01-06T12:37:45.104+0000] {logging_mixin.py:188} INFO - [2025-01-06T12:37:45.104+0000] {dag.py:3823} INFO - Setting next_dagrun for example_nested_branch_dag to 2025-01-05 00:00:00+00:00, run_after=2025-01-06 00:00:00+00:00
[2025-01-06T12:37:45.137+0000] {processor.py:183} INFO - Processing /home/airflow/.local/lib/python3.11/site-packages/airflow/example_dags/example_nested_branch_dag.py took 0.111 seconds
[2025-01-06T12:38:15.948+0000] {processor.py:161} INFO - Started process (PID=3694) to work on /home/airflow/.local/lib/python3.11/site-packages/airflow/example_dags/example_nested_branch_dag.py
[2025-01-06T12:38:15.949+0000] {processor.py:830} INFO - Processing file /home/airflow/.local/lib/python3.11/site-packages/airflow/example_dags/example_nested_branch_dag.py for tasks to queue
[2025-01-06T12:38:15.951+0000] {logging_mixin.py:188} INFO - [2025-01-06T12:38:15.951+0000] {dagbag.py:538} INFO - Filling up the DagBag from /home/airflow/.local/lib/python3.11/site-packages/airflow/example_dags/example_nested_branch_dag.py
[2025-01-06T12:38:15.965+0000] {processor.py:840} INFO - DAG(s) 'example_nested_branch_dag' retrieved from /home/airflow/.local/lib/python3.11/site-packages/airflow/example_dags/example_nested_branch_dag.py
[2025-01-06T12:38:15.996+0000] {logging_mixin.py:188} INFO - [2025-01-06T12:38:15.996+0000] {dag.py:3036} INFO - Sync 1 DAGs
[2025-01-06T12:38:16.030+0000] {logging_mixin.py:188} INFO - [2025-01-06T12:38:16.030+0000] {dag.py:3823} INFO - Setting next_dagrun for example_nested_branch_dag to 2025-01-05 00:00:00+00:00, run_after=2025-01-06 00:00:00+00:00
[2025-01-06T12:38:16.058+0000] {processor.py:183} INFO - Processing /home/airflow/.local/lib/python3.11/site-packages/airflow/example_dags/example_nested_branch_dag.py took 0.114 seconds
[2025-01-06T12:38:46.754+0000] {processor.py:161} INFO - Started process (PID=3758) to work on /home/airflow/.local/lib/python3.11/site-packages/airflow/example_dags/example_nested_branch_dag.py
[2025-01-06T12:38:46.755+0000] {processor.py:830} INFO - Processing file /home/airflow/.local/lib/python3.11/site-packages/airflow/example_dags/example_nested_branch_dag.py for tasks to queue
[2025-01-06T12:38:46.756+0000] {logging_mixin.py:188} INFO - [2025-01-06T12:38:46.756+0000] {dagbag.py:538} INFO - Filling up the DagBag from /home/airflow/.local/lib/python3.11/site-packages/airflow/example_dags/example_nested_branch_dag.py
[2025-01-06T12:38:46.769+0000] {processor.py:840} INFO - DAG(s) 'example_nested_branch_dag' retrieved from /home/airflow/.local/lib/python3.11/site-packages/airflow/example_dags/example_nested_branch_dag.py
[2025-01-06T12:38:46.797+0000] {logging_mixin.py:188} INFO - [2025-01-06T12:38:46.797+0000] {dag.py:3036} INFO - Sync 1 DAGs
[2025-01-06T12:38:46.826+0000] {logging_mixin.py:188} INFO - [2025-01-06T12:38:46.826+0000] {dag.py:3823} INFO - Setting next_dagrun for example_nested_branch_dag to 2025-01-05 00:00:00+00:00, run_after=2025-01-06 00:00:00+00:00
[2025-01-06T12:38:46.849+0000] {processor.py:183} INFO - Processing /home/airflow/.local/lib/python3.11/site-packages/airflow/example_dags/example_nested_branch_dag.py took 0.099 seconds
[2025-01-06T12:39:16.957+0000] {processor.py:161} INFO - Started process (PID=3822) to work on /home/airflow/.local/lib/python3.11/site-packages/airflow/example_dags/example_nested_branch_dag.py
[2025-01-06T12:39:16.959+0000] {processor.py:830} INFO - Processing file /home/airflow/.local/lib/python3.11/site-packages/airflow/example_dags/example_nested_branch_dag.py for tasks to queue
[2025-01-06T12:39:16.960+0000] {logging_mixin.py:188} INFO - [2025-01-06T12:39:16.960+0000] {dagbag.py:538} INFO - Filling up the DagBag from /home/airflow/.local/lib/python3.11/site-packages/airflow/example_dags/example_nested_branch_dag.py
[2025-01-06T12:39:16.973+0000] {processor.py:840} INFO - DAG(s) 'example_nested_branch_dag' retrieved from /home/airflow/.local/lib/python3.11/site-packages/airflow/example_dags/example_nested_branch_dag.py
[2025-01-06T12:39:16.996+0000] {logging_mixin.py:188} INFO - [2025-01-06T12:39:16.996+0000] {dag.py:3036} INFO - Sync 1 DAGs
[2025-01-06T12:39:17.020+0000] {logging_mixin.py:188} INFO - [2025-01-06T12:39:17.020+0000] {dag.py:3823} INFO - Setting next_dagrun for example_nested_branch_dag to 2025-01-05 00:00:00+00:00, run_after=2025-01-06 00:00:00+00:00
[2025-01-06T12:39:17.044+0000] {processor.py:183} INFO - Processing /home/airflow/.local/lib/python3.11/site-packages/airflow/example_dags/example_nested_branch_dag.py took 0.092 seconds
[2025-01-06T12:39:47.097+0000] {processor.py:161} INFO - Started process (PID=3893) to work on /home/airflow/.local/lib/python3.11/site-packages/airflow/example_dags/example_nested_branch_dag.py
[2025-01-06T12:39:47.098+0000] {processor.py:830} INFO - Processing file /home/airflow/.local/lib/python3.11/site-packages/airflow/example_dags/example_nested_branch_dag.py for tasks to queue
[2025-01-06T12:39:47.100+0000] {logging_mixin.py:188} INFO - [2025-01-06T12:39:47.099+0000] {dagbag.py:538} INFO - Filling up the DagBag from /home/airflow/.local/lib/python3.11/site-packages/airflow/example_dags/example_nested_branch_dag.py
[2025-01-06T12:39:47.114+0000] {processor.py:840} INFO - DAG(s) 'example_nested_branch_dag' retrieved from /home/airflow/.local/lib/python3.11/site-packages/airflow/example_dags/example_nested_branch_dag.py
[2025-01-06T12:39:47.147+0000] {logging_mixin.py:188} INFO - [2025-01-06T12:39:47.147+0000] {dag.py:3036} INFO - Sync 1 DAGs
[2025-01-06T12:39:47.177+0000] {logging_mixin.py:188} INFO - [2025-01-06T12:39:47.176+0000] {dag.py:3823} INFO - Setting next_dagrun for example_nested_branch_dag to 2025-01-05 00:00:00+00:00, run_after=2025-01-06 00:00:00+00:00
[2025-01-06T12:39:47.202+0000] {processor.py:183} INFO - Processing /home/airflow/.local/lib/python3.11/site-packages/airflow/example_dags/example_nested_branch_dag.py took 0.109 seconds
[2025-01-06T12:40:17.566+0000] {processor.py:161} INFO - Started process (PID=3957) to work on /home/airflow/.local/lib/python3.11/site-packages/airflow/example_dags/example_nested_branch_dag.py
[2025-01-06T12:40:17.567+0000] {processor.py:830} INFO - Processing file /home/airflow/.local/lib/python3.11/site-packages/airflow/example_dags/example_nested_branch_dag.py for tasks to queue
[2025-01-06T12:40:17.569+0000] {logging_mixin.py:188} INFO - [2025-01-06T12:40:17.568+0000] {dagbag.py:538} INFO - Filling up the DagBag from /home/airflow/.local/lib/python3.11/site-packages/airflow/example_dags/example_nested_branch_dag.py
[2025-01-06T12:40:17.583+0000] {processor.py:840} INFO - DAG(s) 'example_nested_branch_dag' retrieved from /home/airflow/.local/lib/python3.11/site-packages/airflow/example_dags/example_nested_branch_dag.py
[2025-01-06T12:40:17.618+0000] {logging_mixin.py:188} INFO - [2025-01-06T12:40:17.618+0000] {dag.py:3036} INFO - Sync 1 DAGs
[2025-01-06T12:40:17.658+0000] {logging_mixin.py:188} INFO - [2025-01-06T12:40:17.657+0000] {dag.py:3823} INFO - Setting next_dagrun for example_nested_branch_dag to 2025-01-05 00:00:00+00:00, run_after=2025-01-06 00:00:00+00:00
[2025-01-06T12:40:17.692+0000] {processor.py:183} INFO - Processing /home/airflow/.local/lib/python3.11/site-packages/airflow/example_dags/example_nested_branch_dag.py took 0.130 seconds
[2025-01-06T12:40:47.809+0000] {processor.py:161} INFO - Started process (PID=4021) to work on /home/airflow/.local/lib/python3.11/site-packages/airflow/example_dags/example_nested_branch_dag.py
[2025-01-06T12:40:47.810+0000] {processor.py:830} INFO - Processing file /home/airflow/.local/lib/python3.11/site-packages/airflow/example_dags/example_nested_branch_dag.py for tasks to queue
[2025-01-06T12:40:47.811+0000] {logging_mixin.py:188} INFO - [2025-01-06T12:40:47.811+0000] {dagbag.py:538} INFO - Filling up the DagBag from /home/airflow/.local/lib/python3.11/site-packages/airflow/example_dags/example_nested_branch_dag.py
[2025-01-06T12:40:47.822+0000] {processor.py:840} INFO - DAG(s) 'example_nested_branch_dag' retrieved from /home/airflow/.local/lib/python3.11/site-packages/airflow/example_dags/example_nested_branch_dag.py
[2025-01-06T12:40:47.846+0000] {logging_mixin.py:188} INFO - [2025-01-06T12:40:47.845+0000] {dag.py:3036} INFO - Sync 1 DAGs
[2025-01-06T12:40:47.869+0000] {logging_mixin.py:188} INFO - [2025-01-06T12:40:47.868+0000] {dag.py:3823} INFO - Setting next_dagrun for example_nested_branch_dag to 2025-01-05 00:00:00+00:00, run_after=2025-01-06 00:00:00+00:00
[2025-01-06T12:40:47.892+0000] {processor.py:183} INFO - Processing /home/airflow/.local/lib/python3.11/site-packages/airflow/example_dags/example_nested_branch_dag.py took 0.086 seconds
[2025-01-06T12:41:18.069+0000] {processor.py:161} INFO - Started process (PID=4092) to work on /home/airflow/.local/lib/python3.11/site-packages/airflow/example_dags/example_nested_branch_dag.py
[2025-01-06T12:41:18.070+0000] {processor.py:830} INFO - Processing file /home/airflow/.local/lib/python3.11/site-packages/airflow/example_dags/example_nested_branch_dag.py for tasks to queue
[2025-01-06T12:41:18.071+0000] {logging_mixin.py:188} INFO - [2025-01-06T12:41:18.071+0000] {dagbag.py:538} INFO - Filling up the DagBag from /home/airflow/.local/lib/python3.11/site-packages/airflow/example_dags/example_nested_branch_dag.py
[2025-01-06T12:41:18.082+0000] {processor.py:840} INFO - DAG(s) 'example_nested_branch_dag' retrieved from /home/airflow/.local/lib/python3.11/site-packages/airflow/example_dags/example_nested_branch_dag.py
[2025-01-06T12:41:18.106+0000] {logging_mixin.py:188} INFO - [2025-01-06T12:41:18.106+0000] {dag.py:3036} INFO - Sync 1 DAGs
[2025-01-06T12:41:18.132+0000] {logging_mixin.py:188} INFO - [2025-01-06T12:41:18.132+0000] {dag.py:3823} INFO - Setting next_dagrun for example_nested_branch_dag to 2025-01-05 00:00:00+00:00, run_after=2025-01-06 00:00:00+00:00
[2025-01-06T12:41:18.165+0000] {processor.py:183} INFO - Processing /home/airflow/.local/lib/python3.11/site-packages/airflow/example_dags/example_nested_branch_dag.py took 0.099 seconds
[2025-01-06T12:41:48.574+0000] {processor.py:161} INFO - Started process (PID=4156) to work on /home/airflow/.local/lib/python3.11/site-packages/airflow/example_dags/example_nested_branch_dag.py
[2025-01-06T12:41:48.576+0000] {processor.py:830} INFO - Processing file /home/airflow/.local/lib/python3.11/site-packages/airflow/example_dags/example_nested_branch_dag.py for tasks to queue
[2025-01-06T12:41:48.578+0000] {logging_mixin.py:188} INFO - [2025-01-06T12:41:48.577+0000] {dagbag.py:538} INFO - Filling up the DagBag from /home/airflow/.local/lib/python3.11/site-packages/airflow/example_dags/example_nested_branch_dag.py
[2025-01-06T12:41:48.599+0000] {processor.py:840} INFO - DAG(s) 'example_nested_branch_dag' retrieved from /home/airflow/.local/lib/python3.11/site-packages/airflow/example_dags/example_nested_branch_dag.py
[2025-01-06T12:41:48.636+0000] {logging_mixin.py:188} INFO - [2025-01-06T12:41:48.636+0000] {dag.py:3036} INFO - Sync 1 DAGs
[2025-01-06T12:41:48.674+0000] {logging_mixin.py:188} INFO - [2025-01-06T12:41:48.674+0000] {dag.py:3823} INFO - Setting next_dagrun for example_nested_branch_dag to 2025-01-05 00:00:00+00:00, run_after=2025-01-06 00:00:00+00:00
[2025-01-06T12:41:48.709+0000] {processor.py:183} INFO - Processing /home/airflow/.local/lib/python3.11/site-packages/airflow/example_dags/example_nested_branch_dag.py took 0.140 seconds
[2025-01-06T12:42:19.084+0000] {processor.py:161} INFO - Started process (PID=4220) to work on /home/airflow/.local/lib/python3.11/site-packages/airflow/example_dags/example_nested_branch_dag.py
[2025-01-06T12:42:19.086+0000] {processor.py:830} INFO - Processing file /home/airflow/.local/lib/python3.11/site-packages/airflow/example_dags/example_nested_branch_dag.py for tasks to queue
[2025-01-06T12:42:19.088+0000] {logging_mixin.py:188} INFO - [2025-01-06T12:42:19.088+0000] {dagbag.py:538} INFO - Filling up the DagBag from /home/airflow/.local/lib/python3.11/site-packages/airflow/example_dags/example_nested_branch_dag.py
[2025-01-06T12:42:19.106+0000] {processor.py:840} INFO - DAG(s) 'example_nested_branch_dag' retrieved from /home/airflow/.local/lib/python3.11/site-packages/airflow/example_dags/example_nested_branch_dag.py
[2025-01-06T12:42:19.145+0000] {logging_mixin.py:188} INFO - [2025-01-06T12:42:19.145+0000] {dag.py:3036} INFO - Sync 1 DAGs
[2025-01-06T12:42:19.176+0000] {logging_mixin.py:188} INFO - [2025-01-06T12:42:19.176+0000] {dag.py:3823} INFO - Setting next_dagrun for example_nested_branch_dag to 2025-01-05 00:00:00+00:00, run_after=2025-01-06 00:00:00+00:00
[2025-01-06T12:42:19.194+0000] {processor.py:183} INFO - Processing /home/airflow/.local/lib/python3.11/site-packages/airflow/example_dags/example_nested_branch_dag.py took 0.117 seconds
[2025-01-06T12:42:49.564+0000] {processor.py:161} INFO - Started process (PID=4291) to work on /home/airflow/.local/lib/python3.11/site-packages/airflow/example_dags/example_nested_branch_dag.py
[2025-01-06T12:42:49.565+0000] {processor.py:830} INFO - Processing file /home/airflow/.local/lib/python3.11/site-packages/airflow/example_dags/example_nested_branch_dag.py for tasks to queue
[2025-01-06T12:42:49.566+0000] {logging_mixin.py:188} INFO - [2025-01-06T12:42:49.566+0000] {dagbag.py:538} INFO - Filling up the DagBag from /home/airflow/.local/lib/python3.11/site-packages/airflow/example_dags/example_nested_branch_dag.py
[2025-01-06T12:42:49.578+0000] {processor.py:840} INFO - DAG(s) 'example_nested_branch_dag' retrieved from /home/airflow/.local/lib/python3.11/site-packages/airflow/example_dags/example_nested_branch_dag.py
[2025-01-06T12:42:49.606+0000] {logging_mixin.py:188} INFO - [2025-01-06T12:42:49.606+0000] {dag.py:3036} INFO - Sync 1 DAGs
[2025-01-06T12:42:49.635+0000] {logging_mixin.py:188} INFO - [2025-01-06T12:42:49.634+0000] {dag.py:3823} INFO - Setting next_dagrun for example_nested_branch_dag to 2025-01-05 00:00:00+00:00, run_after=2025-01-06 00:00:00+00:00
[2025-01-06T12:42:49.659+0000] {processor.py:183} INFO - Processing /home/airflow/.local/lib/python3.11/site-packages/airflow/example_dags/example_nested_branch_dag.py took 0.098 seconds
[2025-01-06T12:43:20.287+0000] {processor.py:161} INFO - Started process (PID=4354) to work on /home/airflow/.local/lib/python3.11/site-packages/airflow/example_dags/example_nested_branch_dag.py
[2025-01-06T12:43:20.288+0000] {processor.py:830} INFO - Processing file /home/airflow/.local/lib/python3.11/site-packages/airflow/example_dags/example_nested_branch_dag.py for tasks to queue
[2025-01-06T12:43:20.289+0000] {logging_mixin.py:188} INFO - [2025-01-06T12:43:20.289+0000] {dagbag.py:538} INFO - Filling up the DagBag from /home/airflow/.local/lib/python3.11/site-packages/airflow/example_dags/example_nested_branch_dag.py
[2025-01-06T12:43:20.300+0000] {processor.py:840} INFO - DAG(s) 'example_nested_branch_dag' retrieved from /home/airflow/.local/lib/python3.11/site-packages/airflow/example_dags/example_nested_branch_dag.py
[2025-01-06T12:43:20.325+0000] {logging_mixin.py:188} INFO - [2025-01-06T12:43:20.325+0000] {dag.py:3036} INFO - Sync 1 DAGs
[2025-01-06T12:43:20.349+0000] {logging_mixin.py:188} INFO - [2025-01-06T12:43:20.348+0000] {dag.py:3823} INFO - Setting next_dagrun for example_nested_branch_dag to 2025-01-05 00:00:00+00:00, run_after=2025-01-06 00:00:00+00:00
[2025-01-06T12:43:20.381+0000] {processor.py:183} INFO - Processing /home/airflow/.local/lib/python3.11/site-packages/airflow/example_dags/example_nested_branch_dag.py took 0.098 seconds
[2025-01-06T12:43:50.812+0000] {processor.py:161} INFO - Started process (PID=4418) to work on /home/airflow/.local/lib/python3.11/site-packages/airflow/example_dags/example_nested_branch_dag.py
[2025-01-06T12:43:50.814+0000] {processor.py:830} INFO - Processing file /home/airflow/.local/lib/python3.11/site-packages/airflow/example_dags/example_nested_branch_dag.py for tasks to queue
[2025-01-06T12:43:50.817+0000] {logging_mixin.py:188} INFO - [2025-01-06T12:43:50.816+0000] {dagbag.py:538} INFO - Filling up the DagBag from /home/airflow/.local/lib/python3.11/site-packages/airflow/example_dags/example_nested_branch_dag.py
[2025-01-06T12:43:50.835+0000] {processor.py:840} INFO - DAG(s) 'example_nested_branch_dag' retrieved from /home/airflow/.local/lib/python3.11/site-packages/airflow/example_dags/example_nested_branch_dag.py
[2025-01-06T12:43:50.860+0000] {logging_mixin.py:188} INFO - [2025-01-06T12:43:50.860+0000] {dag.py:3036} INFO - Sync 1 DAGs
[2025-01-06T12:43:50.883+0000] {logging_mixin.py:188} INFO - [2025-01-06T12:43:50.883+0000] {dag.py:3823} INFO - Setting next_dagrun for example_nested_branch_dag to 2025-01-05 00:00:00+00:00, run_after=2025-01-06 00:00:00+00:00
[2025-01-06T12:43:50.908+0000] {processor.py:183} INFO - Processing /home/airflow/.local/lib/python3.11/site-packages/airflow/example_dags/example_nested_branch_dag.py took 0.103 seconds
[2025-01-06T12:44:20.977+0000] {processor.py:161} INFO - Started process (PID=4489) to work on /home/airflow/.local/lib/python3.11/site-packages/airflow/example_dags/example_nested_branch_dag.py
[2025-01-06T12:44:20.978+0000] {processor.py:830} INFO - Processing file /home/airflow/.local/lib/python3.11/site-packages/airflow/example_dags/example_nested_branch_dag.py for tasks to queue
[2025-01-06T12:44:20.979+0000] {logging_mixin.py:188} INFO - [2025-01-06T12:44:20.979+0000] {dagbag.py:538} INFO - Filling up the DagBag from /home/airflow/.local/lib/python3.11/site-packages/airflow/example_dags/example_nested_branch_dag.py
[2025-01-06T12:44:20.993+0000] {processor.py:840} INFO - DAG(s) 'example_nested_branch_dag' retrieved from /home/airflow/.local/lib/python3.11/site-packages/airflow/example_dags/example_nested_branch_dag.py
[2025-01-06T12:44:21.022+0000] {logging_mixin.py:188} INFO - [2025-01-06T12:44:21.022+0000] {dag.py:3036} INFO - Sync 1 DAGs
[2025-01-06T12:44:21.052+0000] {logging_mixin.py:188} INFO - [2025-01-06T12:44:21.052+0000] {dag.py:3823} INFO - Setting next_dagrun for example_nested_branch_dag to 2025-01-05 00:00:00+00:00, run_after=2025-01-06 00:00:00+00:00
[2025-01-06T12:44:21.079+0000] {processor.py:183} INFO - Processing /home/airflow/.local/lib/python3.11/site-packages/airflow/example_dags/example_nested_branch_dag.py took 0.107 seconds
[2025-01-06T12:44:51.301+0000] {processor.py:161} INFO - Started process (PID=4553) to work on /home/airflow/.local/lib/python3.11/site-packages/airflow/example_dags/example_nested_branch_dag.py
[2025-01-06T12:44:51.302+0000] {processor.py:830} INFO - Processing file /home/airflow/.local/lib/python3.11/site-packages/airflow/example_dags/example_nested_branch_dag.py for tasks to queue
[2025-01-06T12:44:51.303+0000] {logging_mixin.py:188} INFO - [2025-01-06T12:44:51.303+0000] {dagbag.py:538} INFO - Filling up the DagBag from /home/airflow/.local/lib/python3.11/site-packages/airflow/example_dags/example_nested_branch_dag.py
[2025-01-06T12:44:51.315+0000] {processor.py:840} INFO - DAG(s) 'example_nested_branch_dag' retrieved from /home/airflow/.local/lib/python3.11/site-packages/airflow/example_dags/example_nested_branch_dag.py
[2025-01-06T12:44:51.342+0000] {logging_mixin.py:188} INFO - [2025-01-06T12:44:51.342+0000] {dag.py:3036} INFO - Sync 1 DAGs
[2025-01-06T12:44:51.368+0000] {logging_mixin.py:188} INFO - [2025-01-06T12:44:51.368+0000] {dag.py:3823} INFO - Setting next_dagrun for example_nested_branch_dag to 2025-01-05 00:00:00+00:00, run_after=2025-01-06 00:00:00+00:00
[2025-01-06T12:44:51.389+0000] {processor.py:183} INFO - Processing /home/airflow/.local/lib/python3.11/site-packages/airflow/example_dags/example_nested_branch_dag.py took 0.092 seconds
[2025-01-06T12:45:21.588+0000] {processor.py:161} INFO - Started process (PID=4617) to work on /home/airflow/.local/lib/python3.11/site-packages/airflow/example_dags/example_nested_branch_dag.py
[2025-01-06T12:45:21.590+0000] {processor.py:830} INFO - Processing file /home/airflow/.local/lib/python3.11/site-packages/airflow/example_dags/example_nested_branch_dag.py for tasks to queue
[2025-01-06T12:45:21.592+0000] {logging_mixin.py:188} INFO - [2025-01-06T12:45:21.591+0000] {dagbag.py:538} INFO - Filling up the DagBag from /home/airflow/.local/lib/python3.11/site-packages/airflow/example_dags/example_nested_branch_dag.py
[2025-01-06T12:45:21.610+0000] {processor.py:840} INFO - DAG(s) 'example_nested_branch_dag' retrieved from /home/airflow/.local/lib/python3.11/site-packages/airflow/example_dags/example_nested_branch_dag.py
[2025-01-06T12:45:21.637+0000] {logging_mixin.py:188} INFO - [2025-01-06T12:45:21.636+0000] {dag.py:3036} INFO - Sync 1 DAGs
[2025-01-06T12:45:21.659+0000] {logging_mixin.py:188} INFO - [2025-01-06T12:45:21.658+0000] {dag.py:3823} INFO - Setting next_dagrun for example_nested_branch_dag to 2025-01-05 00:00:00+00:00, run_after=2025-01-06 00:00:00+00:00
[2025-01-06T12:45:21.691+0000] {processor.py:183} INFO - Processing /home/airflow/.local/lib/python3.11/site-packages/airflow/example_dags/example_nested_branch_dag.py took 0.110 seconds
[2025-01-06T12:45:51.930+0000] {processor.py:161} INFO - Started process (PID=4688) to work on /home/airflow/.local/lib/python3.11/site-packages/airflow/example_dags/example_nested_branch_dag.py
[2025-01-06T12:45:51.931+0000] {processor.py:830} INFO - Processing file /home/airflow/.local/lib/python3.11/site-packages/airflow/example_dags/example_nested_branch_dag.py for tasks to queue
[2025-01-06T12:45:51.932+0000] {logging_mixin.py:188} INFO - [2025-01-06T12:45:51.932+0000] {dagbag.py:538} INFO - Filling up the DagBag from /home/airflow/.local/lib/python3.11/site-packages/airflow/example_dags/example_nested_branch_dag.py
[2025-01-06T12:45:51.942+0000] {processor.py:840} INFO - DAG(s) 'example_nested_branch_dag' retrieved from /home/airflow/.local/lib/python3.11/site-packages/airflow/example_dags/example_nested_branch_dag.py
[2025-01-06T12:45:51.967+0000] {logging_mixin.py:188} INFO - [2025-01-06T12:45:51.967+0000] {dag.py:3036} INFO - Sync 1 DAGs
[2025-01-06T12:45:51.991+0000] {logging_mixin.py:188} INFO - [2025-01-06T12:45:51.990+0000] {dag.py:3823} INFO - Setting next_dagrun for example_nested_branch_dag to 2025-01-05 00:00:00+00:00, run_after=2025-01-06 00:00:00+00:00
[2025-01-06T12:45:52.020+0000] {processor.py:183} INFO - Processing /home/airflow/.local/lib/python3.11/site-packages/airflow/example_dags/example_nested_branch_dag.py took 0.094 seconds
[2025-01-06T12:46:22.308+0000] {processor.py:161} INFO - Started process (PID=4752) to work on /home/airflow/.local/lib/python3.11/site-packages/airflow/example_dags/example_nested_branch_dag.py
[2025-01-06T12:46:22.310+0000] {processor.py:830} INFO - Processing file /home/airflow/.local/lib/python3.11/site-packages/airflow/example_dags/example_nested_branch_dag.py for tasks to queue
[2025-01-06T12:46:22.312+0000] {logging_mixin.py:188} INFO - [2025-01-06T12:46:22.312+0000] {dagbag.py:538} INFO - Filling up the DagBag from /home/airflow/.local/lib/python3.11/site-packages/airflow/example_dags/example_nested_branch_dag.py
[2025-01-06T12:46:22.333+0000] {processor.py:840} INFO - DAG(s) 'example_nested_branch_dag' retrieved from /home/airflow/.local/lib/python3.11/site-packages/airflow/example_dags/example_nested_branch_dag.py
[2025-01-06T12:46:22.375+0000] {logging_mixin.py:188} INFO - [2025-01-06T12:46:22.375+0000] {dag.py:3036} INFO - Sync 1 DAGs
[2025-01-06T12:46:22.545+0000] {logging_mixin.py:188} INFO - [2025-01-06T12:46:22.544+0000] {dag.py:3823} INFO - Setting next_dagrun for example_nested_branch_dag to 2025-01-05 00:00:00+00:00, run_after=2025-01-06 00:00:00+00:00
[2025-01-06T12:46:22.578+0000] {processor.py:183} INFO - Processing /home/airflow/.local/lib/python3.11/site-packages/airflow/example_dags/example_nested_branch_dag.py took 0.277 seconds
[2025-01-06T12:46:52.734+0000] {processor.py:161} INFO - Started process (PID=4816) to work on /home/airflow/.local/lib/python3.11/site-packages/airflow/example_dags/example_nested_branch_dag.py
[2025-01-06T12:46:52.736+0000] {processor.py:830} INFO - Processing file /home/airflow/.local/lib/python3.11/site-packages/airflow/example_dags/example_nested_branch_dag.py for tasks to queue
[2025-01-06T12:46:52.738+0000] {logging_mixin.py:188} INFO - [2025-01-06T12:46:52.738+0000] {dagbag.py:538} INFO - Filling up the DagBag from /home/airflow/.local/lib/python3.11/site-packages/airflow/example_dags/example_nested_branch_dag.py
[2025-01-06T12:46:52.768+0000] {processor.py:840} INFO - DAG(s) 'example_nested_branch_dag' retrieved from /home/airflow/.local/lib/python3.11/site-packages/airflow/example_dags/example_nested_branch_dag.py
[2025-01-06T12:46:52.799+0000] {logging_mixin.py:188} INFO - [2025-01-06T12:46:52.799+0000] {dag.py:3036} INFO - Sync 1 DAGs
[2025-01-06T12:46:52.822+0000] {logging_mixin.py:188} INFO - [2025-01-06T12:46:52.821+0000] {dag.py:3823} INFO - Setting next_dagrun for example_nested_branch_dag to 2025-01-05 00:00:00+00:00, run_after=2025-01-06 00:00:00+00:00
[2025-01-06T12:46:52.862+0000] {processor.py:183} INFO - Processing /home/airflow/.local/lib/python3.11/site-packages/airflow/example_dags/example_nested_branch_dag.py took 0.135 seconds
[2025-01-06T12:47:23.770+0000] {processor.py:161} INFO - Started process (PID=4888) to work on /home/airflow/.local/lib/python3.11/site-packages/airflow/example_dags/example_nested_branch_dag.py
[2025-01-06T12:47:23.771+0000] {processor.py:830} INFO - Processing file /home/airflow/.local/lib/python3.11/site-packages/airflow/example_dags/example_nested_branch_dag.py for tasks to queue
[2025-01-06T12:47:23.772+0000] {logging_mixin.py:188} INFO - [2025-01-06T12:47:23.772+0000] {dagbag.py:538} INFO - Filling up the DagBag from /home/airflow/.local/lib/python3.11/site-packages/airflow/example_dags/example_nested_branch_dag.py
[2025-01-06T12:47:23.782+0000] {processor.py:840} INFO - DAG(s) 'example_nested_branch_dag' retrieved from /home/airflow/.local/lib/python3.11/site-packages/airflow/example_dags/example_nested_branch_dag.py
[2025-01-06T12:47:23.807+0000] {logging_mixin.py:188} INFO - [2025-01-06T12:47:23.807+0000] {dag.py:3036} INFO - Sync 1 DAGs
[2025-01-06T12:47:23.831+0000] {logging_mixin.py:188} INFO - [2025-01-06T12:47:23.830+0000] {dag.py:3823} INFO - Setting next_dagrun for example_nested_branch_dag to 2025-01-05 00:00:00+00:00, run_after=2025-01-06 00:00:00+00:00
[2025-01-06T12:47:23.862+0000] {processor.py:183} INFO - Processing /home/airflow/.local/lib/python3.11/site-packages/airflow/example_dags/example_nested_branch_dag.py took 0.096 seconds
[2025-01-06T12:47:54.151+0000] {processor.py:161} INFO - Started process (PID=4952) to work on /home/airflow/.local/lib/python3.11/site-packages/airflow/example_dags/example_nested_branch_dag.py
[2025-01-06T12:47:54.153+0000] {processor.py:830} INFO - Processing file /home/airflow/.local/lib/python3.11/site-packages/airflow/example_dags/example_nested_branch_dag.py for tasks to queue
[2025-01-06T12:47:54.155+0000] {logging_mixin.py:188} INFO - [2025-01-06T12:47:54.154+0000] {dagbag.py:538} INFO - Filling up the DagBag from /home/airflow/.local/lib/python3.11/site-packages/airflow/example_dags/example_nested_branch_dag.py
[2025-01-06T12:47:54.179+0000] {processor.py:840} INFO - DAG(s) 'example_nested_branch_dag' retrieved from /home/airflow/.local/lib/python3.11/site-packages/airflow/example_dags/example_nested_branch_dag.py
[2025-01-06T12:47:54.212+0000] {logging_mixin.py:188} INFO - [2025-01-06T12:47:54.212+0000] {dag.py:3036} INFO - Sync 1 DAGs
[2025-01-06T12:47:54.253+0000] {logging_mixin.py:188} INFO - [2025-01-06T12:47:54.253+0000] {dag.py:3823} INFO - Setting next_dagrun for example_nested_branch_dag to 2025-01-05 00:00:00+00:00, run_after=2025-01-06 00:00:00+00:00
[2025-01-06T12:47:54.293+0000] {processor.py:183} INFO - Processing /home/airflow/.local/lib/python3.11/site-packages/airflow/example_dags/example_nested_branch_dag.py took 0.149 seconds
[2025-01-06T12:48:25.283+0000] {processor.py:161} INFO - Started process (PID=5016) to work on /home/airflow/.local/lib/python3.11/site-packages/airflow/example_dags/example_nested_branch_dag.py
[2025-01-06T12:48:25.285+0000] {processor.py:830} INFO - Processing file /home/airflow/.local/lib/python3.11/site-packages/airflow/example_dags/example_nested_branch_dag.py for tasks to queue
[2025-01-06T12:48:25.287+0000] {logging_mixin.py:188} INFO - [2025-01-06T12:48:25.286+0000] {dagbag.py:538} INFO - Filling up the DagBag from /home/airflow/.local/lib/python3.11/site-packages/airflow/example_dags/example_nested_branch_dag.py
[2025-01-06T12:48:25.307+0000] {processor.py:840} INFO - DAG(s) 'example_nested_branch_dag' retrieved from /home/airflow/.local/lib/python3.11/site-packages/airflow/example_dags/example_nested_branch_dag.py
[2025-01-06T12:48:25.343+0000] {logging_mixin.py:188} INFO - [2025-01-06T12:48:25.342+0000] {dag.py:3036} INFO - Sync 1 DAGs
[2025-01-06T12:48:25.381+0000] {logging_mixin.py:188} INFO - [2025-01-06T12:48:25.380+0000] {dag.py:3823} INFO - Setting next_dagrun for example_nested_branch_dag to 2025-01-05 00:00:00+00:00, run_after=2025-01-06 00:00:00+00:00
[2025-01-06T12:48:25.414+0000] {processor.py:183} INFO - Processing /home/airflow/.local/lib/python3.11/site-packages/airflow/example_dags/example_nested_branch_dag.py took 0.137 seconds
[2025-01-06T12:48:55.877+0000] {processor.py:161} INFO - Started process (PID=5087) to work on /home/airflow/.local/lib/python3.11/site-packages/airflow/example_dags/example_nested_branch_dag.py
[2025-01-06T12:48:55.879+0000] {processor.py:830} INFO - Processing file /home/airflow/.local/lib/python3.11/site-packages/airflow/example_dags/example_nested_branch_dag.py for tasks to queue
[2025-01-06T12:48:55.882+0000] {logging_mixin.py:188} INFO - [2025-01-06T12:48:55.881+0000] {dagbag.py:538} INFO - Filling up the DagBag from /home/airflow/.local/lib/python3.11/site-packages/airflow/example_dags/example_nested_branch_dag.py
[2025-01-06T12:48:55.903+0000] {processor.py:840} INFO - DAG(s) 'example_nested_branch_dag' retrieved from /home/airflow/.local/lib/python3.11/site-packages/airflow/example_dags/example_nested_branch_dag.py
[2025-01-06T12:48:55.938+0000] {logging_mixin.py:188} INFO - [2025-01-06T12:48:55.938+0000] {dag.py:3036} INFO - Sync 1 DAGs
[2025-01-06T12:48:56.103+0000] {logging_mixin.py:188} INFO - [2025-01-06T12:48:56.102+0000] {dag.py:3823} INFO - Setting next_dagrun for example_nested_branch_dag to 2025-01-05 00:00:00+00:00, run_after=2025-01-06 00:00:00+00:00
[2025-01-06T12:48:56.126+0000] {processor.py:183} INFO - Processing /home/airflow/.local/lib/python3.11/site-packages/airflow/example_dags/example_nested_branch_dag.py took 0.255 seconds
[2025-01-06T12:49:26.210+0000] {processor.py:161} INFO - Started process (PID=5151) to work on /home/airflow/.local/lib/python3.11/site-packages/airflow/example_dags/example_nested_branch_dag.py
[2025-01-06T12:49:26.211+0000] {processor.py:830} INFO - Processing file /home/airflow/.local/lib/python3.11/site-packages/airflow/example_dags/example_nested_branch_dag.py for tasks to queue
[2025-01-06T12:49:26.212+0000] {logging_mixin.py:188} INFO - [2025-01-06T12:49:26.212+0000] {dagbag.py:538} INFO - Filling up the DagBag from /home/airflow/.local/lib/python3.11/site-packages/airflow/example_dags/example_nested_branch_dag.py
[2025-01-06T12:49:26.223+0000] {processor.py:840} INFO - DAG(s) 'example_nested_branch_dag' retrieved from /home/airflow/.local/lib/python3.11/site-packages/airflow/example_dags/example_nested_branch_dag.py
[2025-01-06T12:49:26.248+0000] {logging_mixin.py:188} INFO - [2025-01-06T12:49:26.248+0000] {dag.py:3036} INFO - Sync 1 DAGs
[2025-01-06T12:49:26.274+0000] {logging_mixin.py:188} INFO - [2025-01-06T12:49:26.274+0000] {dag.py:3823} INFO - Setting next_dagrun for example_nested_branch_dag to 2025-01-05 00:00:00+00:00, run_after=2025-01-06 00:00:00+00:00
[2025-01-06T12:49:26.307+0000] {processor.py:183} INFO - Processing /home/airflow/.local/lib/python3.11/site-packages/airflow/example_dags/example_nested_branch_dag.py took 0.101 seconds
[2025-01-06T12:49:56.416+0000] {processor.py:161} INFO - Started process (PID=5215) to work on /home/airflow/.local/lib/python3.11/site-packages/airflow/example_dags/example_nested_branch_dag.py
[2025-01-06T12:49:56.417+0000] {processor.py:830} INFO - Processing file /home/airflow/.local/lib/python3.11/site-packages/airflow/example_dags/example_nested_branch_dag.py for tasks to queue
[2025-01-06T12:49:56.418+0000] {logging_mixin.py:188} INFO - [2025-01-06T12:49:56.418+0000] {dagbag.py:538} INFO - Filling up the DagBag from /home/airflow/.local/lib/python3.11/site-packages/airflow/example_dags/example_nested_branch_dag.py
[2025-01-06T12:49:56.431+0000] {processor.py:840} INFO - DAG(s) 'example_nested_branch_dag' retrieved from /home/airflow/.local/lib/python3.11/site-packages/airflow/example_dags/example_nested_branch_dag.py
[2025-01-06T12:49:56.455+0000] {logging_mixin.py:188} INFO - [2025-01-06T12:49:56.455+0000] {dag.py:3036} INFO - Sync 1 DAGs
[2025-01-06T12:49:56.481+0000] {logging_mixin.py:188} INFO - [2025-01-06T12:49:56.481+0000] {dag.py:3823} INFO - Setting next_dagrun for example_nested_branch_dag to 2025-01-05 00:00:00+00:00, run_after=2025-01-06 00:00:00+00:00
[2025-01-06T12:49:56.501+0000] {processor.py:183} INFO - Processing /home/airflow/.local/lib/python3.11/site-packages/airflow/example_dags/example_nested_branch_dag.py took 0.088 seconds
[2025-01-06T12:50:27.112+0000] {processor.py:161} INFO - Started process (PID=5286) to work on /home/airflow/.local/lib/python3.11/site-packages/airflow/example_dags/example_nested_branch_dag.py
[2025-01-06T12:50:27.113+0000] {processor.py:830} INFO - Processing file /home/airflow/.local/lib/python3.11/site-packages/airflow/example_dags/example_nested_branch_dag.py for tasks to queue
[2025-01-06T12:50:27.114+0000] {logging_mixin.py:188} INFO - [2025-01-06T12:50:27.114+0000] {dagbag.py:538} INFO - Filling up the DagBag from /home/airflow/.local/lib/python3.11/site-packages/airflow/example_dags/example_nested_branch_dag.py
[2025-01-06T12:50:27.124+0000] {processor.py:840} INFO - DAG(s) 'example_nested_branch_dag' retrieved from /home/airflow/.local/lib/python3.11/site-packages/airflow/example_dags/example_nested_branch_dag.py
[2025-01-06T12:50:27.149+0000] {logging_mixin.py:188} INFO - [2025-01-06T12:50:27.148+0000] {dag.py:3036} INFO - Sync 1 DAGs
[2025-01-06T12:50:27.171+0000] {logging_mixin.py:188} INFO - [2025-01-06T12:50:27.171+0000] {dag.py:3823} INFO - Setting next_dagrun for example_nested_branch_dag to 2025-01-05 00:00:00+00:00, run_after=2025-01-06 00:00:00+00:00
[2025-01-06T12:50:27.200+0000] {processor.py:183} INFO - Processing /home/airflow/.local/lib/python3.11/site-packages/airflow/example_dags/example_nested_branch_dag.py took 0.092 seconds
[2025-01-06T12:50:57.461+0000] {processor.py:161} INFO - Started process (PID=5350) to work on /home/airflow/.local/lib/python3.11/site-packages/airflow/example_dags/example_nested_branch_dag.py
[2025-01-06T12:50:57.462+0000] {processor.py:830} INFO - Processing file /home/airflow/.local/lib/python3.11/site-packages/airflow/example_dags/example_nested_branch_dag.py for tasks to queue
[2025-01-06T12:50:57.463+0000] {logging_mixin.py:188} INFO - [2025-01-06T12:50:57.463+0000] {dagbag.py:538} INFO - Filling up the DagBag from /home/airflow/.local/lib/python3.11/site-packages/airflow/example_dags/example_nested_branch_dag.py
[2025-01-06T12:50:57.475+0000] {processor.py:840} INFO - DAG(s) 'example_nested_branch_dag' retrieved from /home/airflow/.local/lib/python3.11/site-packages/airflow/example_dags/example_nested_branch_dag.py
[2025-01-06T12:50:57.500+0000] {logging_mixin.py:188} INFO - [2025-01-06T12:50:57.500+0000] {dag.py:3036} INFO - Sync 1 DAGs
[2025-01-06T12:50:57.523+0000] {logging_mixin.py:188} INFO - [2025-01-06T12:50:57.523+0000] {dag.py:3823} INFO - Setting next_dagrun for example_nested_branch_dag to 2025-01-05 00:00:00+00:00, run_after=2025-01-06 00:00:00+00:00
[2025-01-06T12:50:57.562+0000] {processor.py:183} INFO - Processing /home/airflow/.local/lib/python3.11/site-packages/airflow/example_dags/example_nested_branch_dag.py took 0.106 seconds
[2025-01-06T12:51:27.782+0000] {processor.py:161} INFO - Started process (PID=5414) to work on /home/airflow/.local/lib/python3.11/site-packages/airflow/example_dags/example_nested_branch_dag.py
[2025-01-06T12:51:27.783+0000] {processor.py:830} INFO - Processing file /home/airflow/.local/lib/python3.11/site-packages/airflow/example_dags/example_nested_branch_dag.py for tasks to queue
[2025-01-06T12:51:27.784+0000] {logging_mixin.py:188} INFO - [2025-01-06T12:51:27.784+0000] {dagbag.py:538} INFO - Filling up the DagBag from /home/airflow/.local/lib/python3.11/site-packages/airflow/example_dags/example_nested_branch_dag.py
[2025-01-06T12:51:27.795+0000] {processor.py:840} INFO - DAG(s) 'example_nested_branch_dag' retrieved from /home/airflow/.local/lib/python3.11/site-packages/airflow/example_dags/example_nested_branch_dag.py
[2025-01-06T12:51:27.820+0000] {logging_mixin.py:188} INFO - [2025-01-06T12:51:27.820+0000] {dag.py:3036} INFO - Sync 1 DAGs
[2025-01-06T12:51:27.847+0000] {logging_mixin.py:188} INFO - [2025-01-06T12:51:27.847+0000] {dag.py:3823} INFO - Setting next_dagrun for example_nested_branch_dag to 2025-01-05 00:00:00+00:00, run_after=2025-01-06 00:00:00+00:00
[2025-01-06T12:51:27.877+0000] {processor.py:183} INFO - Processing /home/airflow/.local/lib/python3.11/site-packages/airflow/example_dags/example_nested_branch_dag.py took 0.098 seconds
[2025-01-06T12:51:58.090+0000] {processor.py:161} INFO - Started process (PID=5486) to work on /home/airflow/.local/lib/python3.11/site-packages/airflow/example_dags/example_nested_branch_dag.py
[2025-01-06T12:51:58.091+0000] {processor.py:830} INFO - Processing file /home/airflow/.local/lib/python3.11/site-packages/airflow/example_dags/example_nested_branch_dag.py for tasks to queue
[2025-01-06T12:51:58.093+0000] {logging_mixin.py:188} INFO - [2025-01-06T12:51:58.093+0000] {dagbag.py:538} INFO - Filling up the DagBag from /home/airflow/.local/lib/python3.11/site-packages/airflow/example_dags/example_nested_branch_dag.py
[2025-01-06T12:51:58.110+0000] {processor.py:840} INFO - DAG(s) 'example_nested_branch_dag' retrieved from /home/airflow/.local/lib/python3.11/site-packages/airflow/example_dags/example_nested_branch_dag.py
[2025-01-06T12:51:58.136+0000] {logging_mixin.py:188} INFO - [2025-01-06T12:51:58.136+0000] {dag.py:3036} INFO - Sync 1 DAGs
[2025-01-06T12:51:58.158+0000] {logging_mixin.py:188} INFO - [2025-01-06T12:51:58.158+0000] {dag.py:3823} INFO - Setting next_dagrun for example_nested_branch_dag to 2025-01-05 00:00:00+00:00, run_after=2025-01-06 00:00:00+00:00
[2025-01-06T12:51:58.194+0000] {processor.py:183} INFO - Processing /home/airflow/.local/lib/python3.11/site-packages/airflow/example_dags/example_nested_branch_dag.py took 0.107 seconds
[2025-01-06T12:52:28.453+0000] {processor.py:161} INFO - Started process (PID=5550) to work on /home/airflow/.local/lib/python3.11/site-packages/airflow/example_dags/example_nested_branch_dag.py
[2025-01-06T12:52:28.454+0000] {processor.py:830} INFO - Processing file /home/airflow/.local/lib/python3.11/site-packages/airflow/example_dags/example_nested_branch_dag.py for tasks to queue
[2025-01-06T12:52:28.455+0000] {logging_mixin.py:188} INFO - [2025-01-06T12:52:28.455+0000] {dagbag.py:538} INFO - Filling up the DagBag from /home/airflow/.local/lib/python3.11/site-packages/airflow/example_dags/example_nested_branch_dag.py
[2025-01-06T12:52:28.467+0000] {processor.py:840} INFO - DAG(s) 'example_nested_branch_dag' retrieved from /home/airflow/.local/lib/python3.11/site-packages/airflow/example_dags/example_nested_branch_dag.py
[2025-01-06T12:52:28.490+0000] {logging_mixin.py:188} INFO - [2025-01-06T12:52:28.490+0000] {dag.py:3036} INFO - Sync 1 DAGs
[2025-01-06T12:52:28.514+0000] {logging_mixin.py:188} INFO - [2025-01-06T12:52:28.513+0000] {dag.py:3823} INFO - Setting next_dagrun for example_nested_branch_dag to 2025-01-05 00:00:00+00:00, run_after=2025-01-06 00:00:00+00:00
[2025-01-06T12:52:28.533+0000] {processor.py:183} INFO - Processing /home/airflow/.local/lib/python3.11/site-packages/airflow/example_dags/example_nested_branch_dag.py took 0.084 seconds
[2025-01-06T12:52:58.616+0000] {processor.py:161} INFO - Started process (PID=5614) to work on /home/airflow/.local/lib/python3.11/site-packages/airflow/example_dags/example_nested_branch_dag.py
[2025-01-06T12:52:58.618+0000] {processor.py:830} INFO - Processing file /home/airflow/.local/lib/python3.11/site-packages/airflow/example_dags/example_nested_branch_dag.py for tasks to queue
[2025-01-06T12:52:58.619+0000] {logging_mixin.py:188} INFO - [2025-01-06T12:52:58.619+0000] {dagbag.py:538} INFO - Filling up the DagBag from /home/airflow/.local/lib/python3.11/site-packages/airflow/example_dags/example_nested_branch_dag.py
[2025-01-06T12:52:58.635+0000] {processor.py:840} INFO - DAG(s) 'example_nested_branch_dag' retrieved from /home/airflow/.local/lib/python3.11/site-packages/airflow/example_dags/example_nested_branch_dag.py
[2025-01-06T12:52:58.662+0000] {logging_mixin.py:188} INFO - [2025-01-06T12:52:58.662+0000] {dag.py:3036} INFO - Sync 1 DAGs
[2025-01-06T12:52:58.694+0000] {logging_mixin.py:188} INFO - [2025-01-06T12:52:58.693+0000] {dag.py:3823} INFO - Setting next_dagrun for example_nested_branch_dag to 2025-01-05 00:00:00+00:00, run_after=2025-01-06 00:00:00+00:00
[2025-01-06T12:52:58.720+0000] {processor.py:183} INFO - Processing /home/airflow/.local/lib/python3.11/site-packages/airflow/example_dags/example_nested_branch_dag.py took 0.109 seconds
[2025-01-06T12:53:29.057+0000] {processor.py:161} INFO - Started process (PID=5685) to work on /home/airflow/.local/lib/python3.11/site-packages/airflow/example_dags/example_nested_branch_dag.py
[2025-01-06T12:53:29.058+0000] {processor.py:830} INFO - Processing file /home/airflow/.local/lib/python3.11/site-packages/airflow/example_dags/example_nested_branch_dag.py for tasks to queue
[2025-01-06T12:53:29.060+0000] {logging_mixin.py:188} INFO - [2025-01-06T12:53:29.059+0000] {dagbag.py:538} INFO - Filling up the DagBag from /home/airflow/.local/lib/python3.11/site-packages/airflow/example_dags/example_nested_branch_dag.py
[2025-01-06T12:53:29.072+0000] {processor.py:840} INFO - DAG(s) 'example_nested_branch_dag' retrieved from /home/airflow/.local/lib/python3.11/site-packages/airflow/example_dags/example_nested_branch_dag.py
[2025-01-06T12:53:29.108+0000] {logging_mixin.py:188} INFO - [2025-01-06T12:53:29.107+0000] {dag.py:3036} INFO - Sync 1 DAGs
[2025-01-06T12:53:29.138+0000] {logging_mixin.py:188} INFO - [2025-01-06T12:53:29.138+0000] {dag.py:3823} INFO - Setting next_dagrun for example_nested_branch_dag to 2025-01-05 00:00:00+00:00, run_after=2025-01-06 00:00:00+00:00
[2025-01-06T12:53:29.168+0000] {processor.py:183} INFO - Processing /home/airflow/.local/lib/python3.11/site-packages/airflow/example_dags/example_nested_branch_dag.py took 0.115 seconds
[2025-01-06T12:53:59.468+0000] {processor.py:161} INFO - Started process (PID=5749) to work on /home/airflow/.local/lib/python3.11/site-packages/airflow/example_dags/example_nested_branch_dag.py
[2025-01-06T12:53:59.469+0000] {processor.py:830} INFO - Processing file /home/airflow/.local/lib/python3.11/site-packages/airflow/example_dags/example_nested_branch_dag.py for tasks to queue
[2025-01-06T12:53:59.471+0000] {logging_mixin.py:188} INFO - [2025-01-06T12:53:59.470+0000] {dagbag.py:538} INFO - Filling up the DagBag from /home/airflow/.local/lib/python3.11/site-packages/airflow/example_dags/example_nested_branch_dag.py
[2025-01-06T12:53:59.484+0000] {processor.py:840} INFO - DAG(s) 'example_nested_branch_dag' retrieved from /home/airflow/.local/lib/python3.11/site-packages/airflow/example_dags/example_nested_branch_dag.py
[2025-01-06T12:53:59.525+0000] {logging_mixin.py:188} INFO - [2025-01-06T12:53:59.524+0000] {dag.py:3036} INFO - Sync 1 DAGs
[2025-01-06T12:53:59.558+0000] {logging_mixin.py:188} INFO - [2025-01-06T12:53:59.558+0000] {dag.py:3823} INFO - Setting next_dagrun for example_nested_branch_dag to 2025-01-05 00:00:00+00:00, run_after=2025-01-06 00:00:00+00:00
[2025-01-06T12:53:59.595+0000] {processor.py:183} INFO - Processing /home/airflow/.local/lib/python3.11/site-packages/airflow/example_dags/example_nested_branch_dag.py took 0.131 seconds
[2025-01-06T12:54:29.813+0000] {processor.py:161} INFO - Started process (PID=5814) to work on /home/airflow/.local/lib/python3.11/site-packages/airflow/example_dags/example_nested_branch_dag.py
[2025-01-06T12:54:29.814+0000] {processor.py:830} INFO - Processing file /home/airflow/.local/lib/python3.11/site-packages/airflow/example_dags/example_nested_branch_dag.py for tasks to queue
[2025-01-06T12:54:29.815+0000] {logging_mixin.py:188} INFO - [2025-01-06T12:54:29.815+0000] {dagbag.py:538} INFO - Filling up the DagBag from /home/airflow/.local/lib/python3.11/site-packages/airflow/example_dags/example_nested_branch_dag.py
[2025-01-06T12:54:29.826+0000] {processor.py:840} INFO - DAG(s) 'example_nested_branch_dag' retrieved from /home/airflow/.local/lib/python3.11/site-packages/airflow/example_dags/example_nested_branch_dag.py
[2025-01-06T12:54:29.850+0000] {logging_mixin.py:188} INFO - [2025-01-06T12:54:29.850+0000] {dag.py:3036} INFO - Sync 1 DAGs
[2025-01-06T12:54:29.875+0000] {logging_mixin.py:188} INFO - [2025-01-06T12:54:29.875+0000] {dag.py:3823} INFO - Setting next_dagrun for example_nested_branch_dag to 2025-01-05 00:00:00+00:00, run_after=2025-01-06 00:00:00+00:00
[2025-01-06T12:54:29.897+0000] {processor.py:183} INFO - Processing /home/airflow/.local/lib/python3.11/site-packages/airflow/example_dags/example_nested_branch_dag.py took 0.088 seconds
[2025-01-06T12:55:00.201+0000] {processor.py:161} INFO - Started process (PID=5885) to work on /home/airflow/.local/lib/python3.11/site-packages/airflow/example_dags/example_nested_branch_dag.py
[2025-01-06T12:55:00.203+0000] {processor.py:830} INFO - Processing file /home/airflow/.local/lib/python3.11/site-packages/airflow/example_dags/example_nested_branch_dag.py for tasks to queue
[2025-01-06T12:55:00.204+0000] {logging_mixin.py:188} INFO - [2025-01-06T12:55:00.204+0000] {dagbag.py:538} INFO - Filling up the DagBag from /home/airflow/.local/lib/python3.11/site-packages/airflow/example_dags/example_nested_branch_dag.py
[2025-01-06T12:55:00.218+0000] {processor.py:840} INFO - DAG(s) 'example_nested_branch_dag' retrieved from /home/airflow/.local/lib/python3.11/site-packages/airflow/example_dags/example_nested_branch_dag.py
[2025-01-06T12:55:00.254+0000] {logging_mixin.py:188} INFO - [2025-01-06T12:55:00.254+0000] {dag.py:3036} INFO - Sync 1 DAGs
[2025-01-06T12:55:00.299+0000] {logging_mixin.py:188} INFO - [2025-01-06T12:55:00.299+0000] {dag.py:3823} INFO - Setting next_dagrun for example_nested_branch_dag to 2025-01-05 00:00:00+00:00, run_after=2025-01-06 00:00:00+00:00
[2025-01-06T12:55:00.340+0000] {processor.py:183} INFO - Processing /home/airflow/.local/lib/python3.11/site-packages/airflow/example_dags/example_nested_branch_dag.py took 0.144 seconds
[2025-01-06T12:59:11.662+0000] {processor.py:161} INFO - Started process (PID=5939) to work on /home/airflow/.local/lib/python3.11/site-packages/airflow/example_dags/example_nested_branch_dag.py
[2025-01-06T12:59:11.663+0000] {processor.py:830} INFO - Processing file /home/airflow/.local/lib/python3.11/site-packages/airflow/example_dags/example_nested_branch_dag.py for tasks to queue
[2025-01-06T12:59:11.664+0000] {logging_mixin.py:188} INFO - [2025-01-06T12:59:11.664+0000] {dagbag.py:538} INFO - Filling up the DagBag from /home/airflow/.local/lib/python3.11/site-packages/airflow/example_dags/example_nested_branch_dag.py
[2025-01-06T12:59:11.679+0000] {processor.py:840} INFO - DAG(s) 'example_nested_branch_dag' retrieved from /home/airflow/.local/lib/python3.11/site-packages/airflow/example_dags/example_nested_branch_dag.py
[2025-01-06T12:59:11.706+0000] {logging_mixin.py:188} INFO - [2025-01-06T12:59:11.705+0000] {dag.py:3036} INFO - Sync 1 DAGs
[2025-01-06T12:59:11.730+0000] {logging_mixin.py:188} INFO - [2025-01-06T12:59:11.730+0000] {dag.py:3823} INFO - Setting next_dagrun for example_nested_branch_dag to 2025-01-05 00:00:00+00:00, run_after=2025-01-06 00:00:00+00:00
[2025-01-06T12:59:11.751+0000] {processor.py:183} INFO - Processing /home/airflow/.local/lib/python3.11/site-packages/airflow/example_dags/example_nested_branch_dag.py took 0.093 seconds
