[2025-01-06T12:31:31.965+0000] {processor.py:161} INFO - Started process (PID=2829) to work on /home/airflow/.local/lib/python3.11/site-packages/airflow/example_dags/example_branch_operator.py
[2025-01-06T12:31:31.967+0000] {processor.py:830} INFO - Processing file /home/airflow/.local/lib/python3.11/site-packages/airflow/example_dags/example_branch_operator.py for tasks to queue
[2025-01-06T12:31:31.969+0000] {logging_mixin.py:188} INFO - [2025-01-06T12:31:31.968+0000] {dagbag.py:538} INFO - Filling up the DagBag from /home/airflow/.local/lib/python3.11/site-packages/airflow/example_dags/example_branch_operator.py
[2025-01-06T12:31:32.074+0000] {processor.py:840} INFO - DAG(s) 'example_branch_operator' retrieved from /home/airflow/.local/lib/python3.11/site-packages/airflow/example_dags/example_branch_operator.py
[2025-01-06T12:31:32.186+0000] {logging_mixin.py:188} INFO - [2025-01-06T12:31:32.175+0000] {dag.py:3036} INFO - Sync 1 DAGs
[2025-01-06T12:31:32.307+0000] {logging_mixin.py:188} INFO - [2025-01-06T12:31:32.307+0000] {dag.py:3823} INFO - Setting next_dagrun for example_branch_operator to 2025-01-05 00:00:00+00:00, run_after=2025-01-06 00:00:00+00:00
[2025-01-06T12:31:32.384+0000] {processor.py:183} INFO - Processing /home/airflow/.local/lib/python3.11/site-packages/airflow/example_dags/example_branch_operator.py took 0.427 seconds
[2025-01-06T12:32:02.646+0000] {processor.py:161} INFO - Started process (PID=2886) to work on /home/airflow/.local/lib/python3.11/site-packages/airflow/example_dags/example_branch_operator.py
[2025-01-06T12:32:02.647+0000] {processor.py:830} INFO - Processing file /home/airflow/.local/lib/python3.11/site-packages/airflow/example_dags/example_branch_operator.py for tasks to queue
[2025-01-06T12:32:02.648+0000] {logging_mixin.py:188} INFO - [2025-01-06T12:32:02.647+0000] {dagbag.py:538} INFO - Filling up the DagBag from /home/airflow/.local/lib/python3.11/site-packages/airflow/example_dags/example_branch_operator.py
[2025-01-06T12:32:02.667+0000] {processor.py:840} INFO - DAG(s) 'example_branch_operator' retrieved from /home/airflow/.local/lib/python3.11/site-packages/airflow/example_dags/example_branch_operator.py
[2025-01-06T12:32:02.699+0000] {logging_mixin.py:188} INFO - [2025-01-06T12:32:02.699+0000] {dag.py:3036} INFO - Sync 1 DAGs
[2025-01-06T12:32:02.730+0000] {logging_mixin.py:188} INFO - [2025-01-06T12:32:02.730+0000] {dag.py:3823} INFO - Setting next_dagrun for example_branch_operator to 2025-01-05 00:00:00+00:00, run_after=2025-01-06 00:00:00+00:00
[2025-01-06T12:32:02.751+0000] {processor.py:183} INFO - Processing /home/airflow/.local/lib/python3.11/site-packages/airflow/example_dags/example_branch_operator.py took 0.110 seconds
[2025-01-06T12:32:33.294+0000] {processor.py:161} INFO - Started process (PID=2957) to work on /home/airflow/.local/lib/python3.11/site-packages/airflow/example_dags/example_branch_operator.py
[2025-01-06T12:32:33.295+0000] {processor.py:830} INFO - Processing file /home/airflow/.local/lib/python3.11/site-packages/airflow/example_dags/example_branch_operator.py for tasks to queue
[2025-01-06T12:32:33.296+0000] {logging_mixin.py:188} INFO - [2025-01-06T12:32:33.296+0000] {dagbag.py:538} INFO - Filling up the DagBag from /home/airflow/.local/lib/python3.11/site-packages/airflow/example_dags/example_branch_operator.py
[2025-01-06T12:32:33.315+0000] {processor.py:840} INFO - DAG(s) 'example_branch_operator' retrieved from /home/airflow/.local/lib/python3.11/site-packages/airflow/example_dags/example_branch_operator.py
[2025-01-06T12:32:33.347+0000] {logging_mixin.py:188} INFO - [2025-01-06T12:32:33.347+0000] {dag.py:3036} INFO - Sync 1 DAGs
[2025-01-06T12:32:33.374+0000] {logging_mixin.py:188} INFO - [2025-01-06T12:32:33.374+0000] {dag.py:3823} INFO - Setting next_dagrun for example_branch_operator to 2025-01-05 00:00:00+00:00, run_after=2025-01-06 00:00:00+00:00
[2025-01-06T12:32:33.395+0000] {processor.py:183} INFO - Processing /home/airflow/.local/lib/python3.11/site-packages/airflow/example_dags/example_branch_operator.py took 0.104 seconds
[2025-01-06T12:33:03.532+0000] {processor.py:161} INFO - Started process (PID=3021) to work on /home/airflow/.local/lib/python3.11/site-packages/airflow/example_dags/example_branch_operator.py
[2025-01-06T12:33:03.533+0000] {processor.py:830} INFO - Processing file /home/airflow/.local/lib/python3.11/site-packages/airflow/example_dags/example_branch_operator.py for tasks to queue
[2025-01-06T12:33:03.535+0000] {logging_mixin.py:188} INFO - [2025-01-06T12:33:03.535+0000] {dagbag.py:538} INFO - Filling up the DagBag from /home/airflow/.local/lib/python3.11/site-packages/airflow/example_dags/example_branch_operator.py
[2025-01-06T12:33:03.582+0000] {processor.py:840} INFO - DAG(s) 'example_branch_operator' retrieved from /home/airflow/.local/lib/python3.11/site-packages/airflow/example_dags/example_branch_operator.py
[2025-01-06T12:33:03.635+0000] {logging_mixin.py:188} INFO - [2025-01-06T12:33:03.635+0000] {dag.py:3036} INFO - Sync 1 DAGs
[2025-01-06T12:33:03.676+0000] {logging_mixin.py:188} INFO - [2025-01-06T12:33:03.675+0000] {dag.py:3823} INFO - Setting next_dagrun for example_branch_operator to 2025-01-05 00:00:00+00:00, run_after=2025-01-06 00:00:00+00:00
[2025-01-06T12:33:03.710+0000] {processor.py:183} INFO - Processing /home/airflow/.local/lib/python3.11/site-packages/airflow/example_dags/example_branch_operator.py took 0.184 seconds
[2025-01-06T12:33:34.063+0000] {processor.py:161} INFO - Started process (PID=3084) to work on /home/airflow/.local/lib/python3.11/site-packages/airflow/example_dags/example_branch_operator.py
[2025-01-06T12:33:34.065+0000] {processor.py:830} INFO - Processing file /home/airflow/.local/lib/python3.11/site-packages/airflow/example_dags/example_branch_operator.py for tasks to queue
[2025-01-06T12:33:34.066+0000] {logging_mixin.py:188} INFO - [2025-01-06T12:33:34.066+0000] {dagbag.py:538} INFO - Filling up the DagBag from /home/airflow/.local/lib/python3.11/site-packages/airflow/example_dags/example_branch_operator.py
[2025-01-06T12:33:34.090+0000] {processor.py:840} INFO - DAG(s) 'example_branch_operator' retrieved from /home/airflow/.local/lib/python3.11/site-packages/airflow/example_dags/example_branch_operator.py
[2025-01-06T12:33:34.124+0000] {logging_mixin.py:188} INFO - [2025-01-06T12:33:34.124+0000] {dag.py:3036} INFO - Sync 1 DAGs
[2025-01-06T12:33:34.162+0000] {logging_mixin.py:188} INFO - [2025-01-06T12:33:34.162+0000] {dag.py:3823} INFO - Setting next_dagrun for example_branch_operator to 2025-01-05 00:00:00+00:00, run_after=2025-01-06 00:00:00+00:00
[2025-01-06T12:33:34.243+0000] {processor.py:183} INFO - Processing /home/airflow/.local/lib/python3.11/site-packages/airflow/example_dags/example_branch_operator.py took 0.184 seconds
[2025-01-06T12:34:05.141+0000] {processor.py:161} INFO - Started process (PID=3149) to work on /home/airflow/.local/lib/python3.11/site-packages/airflow/example_dags/example_branch_operator.py
[2025-01-06T12:34:05.143+0000] {processor.py:830} INFO - Processing file /home/airflow/.local/lib/python3.11/site-packages/airflow/example_dags/example_branch_operator.py for tasks to queue
[2025-01-06T12:34:05.144+0000] {logging_mixin.py:188} INFO - [2025-01-06T12:34:05.144+0000] {dagbag.py:538} INFO - Filling up the DagBag from /home/airflow/.local/lib/python3.11/site-packages/airflow/example_dags/example_branch_operator.py
[2025-01-06T12:34:05.167+0000] {processor.py:840} INFO - DAG(s) 'example_branch_operator' retrieved from /home/airflow/.local/lib/python3.11/site-packages/airflow/example_dags/example_branch_operator.py
[2025-01-06T12:34:05.204+0000] {logging_mixin.py:188} INFO - [2025-01-06T12:34:05.204+0000] {dag.py:3036} INFO - Sync 1 DAGs
[2025-01-06T12:34:05.233+0000] {logging_mixin.py:188} INFO - [2025-01-06T12:34:05.232+0000] {dag.py:3823} INFO - Setting next_dagrun for example_branch_operator to 2025-01-05 00:00:00+00:00, run_after=2025-01-06 00:00:00+00:00
[2025-01-06T12:34:05.255+0000] {processor.py:183} INFO - Processing /home/airflow/.local/lib/python3.11/site-packages/airflow/example_dags/example_branch_operator.py took 0.117 seconds
[2025-01-06T12:34:35.561+0000] {processor.py:161} INFO - Started process (PID=3220) to work on /home/airflow/.local/lib/python3.11/site-packages/airflow/example_dags/example_branch_operator.py
[2025-01-06T12:34:35.562+0000] {processor.py:830} INFO - Processing file /home/airflow/.local/lib/python3.11/site-packages/airflow/example_dags/example_branch_operator.py for tasks to queue
[2025-01-06T12:34:35.563+0000] {logging_mixin.py:188} INFO - [2025-01-06T12:34:35.563+0000] {dagbag.py:538} INFO - Filling up the DagBag from /home/airflow/.local/lib/python3.11/site-packages/airflow/example_dags/example_branch_operator.py
[2025-01-06T12:34:35.586+0000] {processor.py:840} INFO - DAG(s) 'example_branch_operator' retrieved from /home/airflow/.local/lib/python3.11/site-packages/airflow/example_dags/example_branch_operator.py
[2025-01-06T12:34:35.622+0000] {logging_mixin.py:188} INFO - [2025-01-06T12:34:35.622+0000] {dag.py:3036} INFO - Sync 1 DAGs
[2025-01-06T12:34:35.653+0000] {logging_mixin.py:188} INFO - [2025-01-06T12:34:35.653+0000] {dag.py:3823} INFO - Setting next_dagrun for example_branch_operator to 2025-01-05 00:00:00+00:00, run_after=2025-01-06 00:00:00+00:00
[2025-01-06T12:34:35.687+0000] {processor.py:183} INFO - Processing /home/airflow/.local/lib/python3.11/site-packages/airflow/example_dags/example_branch_operator.py took 0.130 seconds
[2025-01-06T12:35:06.056+0000] {processor.py:161} INFO - Started process (PID=3284) to work on /home/airflow/.local/lib/python3.11/site-packages/airflow/example_dags/example_branch_operator.py
[2025-01-06T12:35:06.057+0000] {processor.py:830} INFO - Processing file /home/airflow/.local/lib/python3.11/site-packages/airflow/example_dags/example_branch_operator.py for tasks to queue
[2025-01-06T12:35:06.059+0000] {logging_mixin.py:188} INFO - [2025-01-06T12:35:06.058+0000] {dagbag.py:538} INFO - Filling up the DagBag from /home/airflow/.local/lib/python3.11/site-packages/airflow/example_dags/example_branch_operator.py
[2025-01-06T12:35:06.092+0000] {processor.py:840} INFO - DAG(s) 'example_branch_operator' retrieved from /home/airflow/.local/lib/python3.11/site-packages/airflow/example_dags/example_branch_operator.py
[2025-01-06T12:35:06.137+0000] {logging_mixin.py:188} INFO - [2025-01-06T12:35:06.137+0000] {dag.py:3036} INFO - Sync 1 DAGs
[2025-01-06T12:35:06.164+0000] {logging_mixin.py:188} INFO - [2025-01-06T12:35:06.164+0000] {dag.py:3823} INFO - Setting next_dagrun for example_branch_operator to 2025-01-05 00:00:00+00:00, run_after=2025-01-06 00:00:00+00:00
[2025-01-06T12:35:06.190+0000] {processor.py:183} INFO - Processing /home/airflow/.local/lib/python3.11/site-packages/airflow/example_dags/example_branch_operator.py took 0.140 seconds
[2025-01-06T12:35:36.417+0000] {processor.py:161} INFO - Started process (PID=3347) to work on /home/airflow/.local/lib/python3.11/site-packages/airflow/example_dags/example_branch_operator.py
[2025-01-06T12:35:36.419+0000] {processor.py:830} INFO - Processing file /home/airflow/.local/lib/python3.11/site-packages/airflow/example_dags/example_branch_operator.py for tasks to queue
[2025-01-06T12:35:36.421+0000] {logging_mixin.py:188} INFO - [2025-01-06T12:35:36.420+0000] {dagbag.py:538} INFO - Filling up the DagBag from /home/airflow/.local/lib/python3.11/site-packages/airflow/example_dags/example_branch_operator.py
[2025-01-06T12:35:36.451+0000] {processor.py:840} INFO - DAG(s) 'example_branch_operator' retrieved from /home/airflow/.local/lib/python3.11/site-packages/airflow/example_dags/example_branch_operator.py
[2025-01-06T12:35:36.500+0000] {logging_mixin.py:188} INFO - [2025-01-06T12:35:36.499+0000] {dag.py:3036} INFO - Sync 1 DAGs
[2025-01-06T12:35:36.540+0000] {logging_mixin.py:188} INFO - [2025-01-06T12:35:36.540+0000] {dag.py:3823} INFO - Setting next_dagrun for example_branch_operator to 2025-01-05 00:00:00+00:00, run_after=2025-01-06 00:00:00+00:00
[2025-01-06T12:35:36.591+0000] {processor.py:183} INFO - Processing /home/airflow/.local/lib/python3.11/site-packages/airflow/example_dags/example_branch_operator.py took 0.178 seconds
[2025-01-06T12:36:06.829+0000] {processor.py:161} INFO - Started process (PID=3411) to work on /home/airflow/.local/lib/python3.11/site-packages/airflow/example_dags/example_branch_operator.py
[2025-01-06T12:36:06.831+0000] {processor.py:830} INFO - Processing file /home/airflow/.local/lib/python3.11/site-packages/airflow/example_dags/example_branch_operator.py for tasks to queue
[2025-01-06T12:36:06.833+0000] {logging_mixin.py:188} INFO - [2025-01-06T12:36:06.832+0000] {dagbag.py:538} INFO - Filling up the DagBag from /home/airflow/.local/lib/python3.11/site-packages/airflow/example_dags/example_branch_operator.py
[2025-01-06T12:36:06.864+0000] {processor.py:840} INFO - DAG(s) 'example_branch_operator' retrieved from /home/airflow/.local/lib/python3.11/site-packages/airflow/example_dags/example_branch_operator.py
[2025-01-06T12:36:06.916+0000] {logging_mixin.py:188} INFO - [2025-01-06T12:36:06.915+0000] {dag.py:3036} INFO - Sync 1 DAGs
[2025-01-06T12:36:06.981+0000] {logging_mixin.py:188} INFO - [2025-01-06T12:36:06.981+0000] {dag.py:3823} INFO - Setting next_dagrun for example_branch_operator to 2025-01-05 00:00:00+00:00, run_after=2025-01-06 00:00:00+00:00
[2025-01-06T12:36:07.010+0000] {processor.py:183} INFO - Processing /home/airflow/.local/lib/python3.11/site-packages/airflow/example_dags/example_branch_operator.py took 0.185 seconds
[2025-01-06T12:36:37.443+0000] {processor.py:161} INFO - Started process (PID=3475) to work on /home/airflow/.local/lib/python3.11/site-packages/airflow/example_dags/example_branch_operator.py
[2025-01-06T12:36:37.444+0000] {processor.py:830} INFO - Processing file /home/airflow/.local/lib/python3.11/site-packages/airflow/example_dags/example_branch_operator.py for tasks to queue
[2025-01-06T12:36:37.446+0000] {logging_mixin.py:188} INFO - [2025-01-06T12:36:37.445+0000] {dagbag.py:538} INFO - Filling up the DagBag from /home/airflow/.local/lib/python3.11/site-packages/airflow/example_dags/example_branch_operator.py
[2025-01-06T12:36:37.475+0000] {processor.py:840} INFO - DAG(s) 'example_branch_operator' retrieved from /home/airflow/.local/lib/python3.11/site-packages/airflow/example_dags/example_branch_operator.py
[2025-01-06T12:36:37.520+0000] {logging_mixin.py:188} INFO - [2025-01-06T12:36:37.520+0000] {dag.py:3036} INFO - Sync 1 DAGs
[2025-01-06T12:36:37.557+0000] {logging_mixin.py:188} INFO - [2025-01-06T12:36:37.556+0000] {dag.py:3823} INFO - Setting next_dagrun for example_branch_operator to 2025-01-05 00:00:00+00:00, run_after=2025-01-06 00:00:00+00:00
[2025-01-06T12:36:37.579+0000] {processor.py:183} INFO - Processing /home/airflow/.local/lib/python3.11/site-packages/airflow/example_dags/example_branch_operator.py took 0.142 seconds
[2025-01-06T12:37:07.727+0000] {processor.py:161} INFO - Started process (PID=3539) to work on /home/airflow/.local/lib/python3.11/site-packages/airflow/example_dags/example_branch_operator.py
[2025-01-06T12:37:07.730+0000] {processor.py:830} INFO - Processing file /home/airflow/.local/lib/python3.11/site-packages/airflow/example_dags/example_branch_operator.py for tasks to queue
[2025-01-06T12:37:07.734+0000] {logging_mixin.py:188} INFO - [2025-01-06T12:37:07.733+0000] {dagbag.py:538} INFO - Filling up the DagBag from /home/airflow/.local/lib/python3.11/site-packages/airflow/example_dags/example_branch_operator.py
[2025-01-06T12:37:07.796+0000] {processor.py:840} INFO - DAG(s) 'example_branch_operator' retrieved from /home/airflow/.local/lib/python3.11/site-packages/airflow/example_dags/example_branch_operator.py
[2025-01-06T12:37:07.848+0000] {logging_mixin.py:188} INFO - [2025-01-06T12:37:07.848+0000] {dag.py:3036} INFO - Sync 1 DAGs
[2025-01-06T12:37:07.879+0000] {logging_mixin.py:188} INFO - [2025-01-06T12:37:07.879+0000] {dag.py:3823} INFO - Setting next_dagrun for example_branch_operator to 2025-01-05 00:00:00+00:00, run_after=2025-01-06 00:00:00+00:00
[2025-01-06T12:37:07.921+0000] {processor.py:183} INFO - Processing /home/airflow/.local/lib/python3.11/site-packages/airflow/example_dags/example_branch_operator.py took 0.203 seconds
[2025-01-06T12:37:38.189+0000] {processor.py:161} INFO - Started process (PID=3604) to work on /home/airflow/.local/lib/python3.11/site-packages/airflow/example_dags/example_branch_operator.py
[2025-01-06T12:37:38.191+0000] {processor.py:830} INFO - Processing file /home/airflow/.local/lib/python3.11/site-packages/airflow/example_dags/example_branch_operator.py for tasks to queue
[2025-01-06T12:37:38.193+0000] {logging_mixin.py:188} INFO - [2025-01-06T12:37:38.192+0000] {dagbag.py:538} INFO - Filling up the DagBag from /home/airflow/.local/lib/python3.11/site-packages/airflow/example_dags/example_branch_operator.py
[2025-01-06T12:37:38.220+0000] {processor.py:840} INFO - DAG(s) 'example_branch_operator' retrieved from /home/airflow/.local/lib/python3.11/site-packages/airflow/example_dags/example_branch_operator.py
[2025-01-06T12:37:38.257+0000] {logging_mixin.py:188} INFO - [2025-01-06T12:37:38.257+0000] {dag.py:3036} INFO - Sync 1 DAGs
[2025-01-06T12:37:38.313+0000] {logging_mixin.py:188} INFO - [2025-01-06T12:37:38.312+0000] {dag.py:3823} INFO - Setting next_dagrun for example_branch_operator to 2025-01-05 00:00:00+00:00, run_after=2025-01-06 00:00:00+00:00
[2025-01-06T12:37:38.377+0000] {processor.py:183} INFO - Processing /home/airflow/.local/lib/python3.11/site-packages/airflow/example_dags/example_branch_operator.py took 0.194 seconds
[2025-01-06T12:38:08.574+0000] {processor.py:161} INFO - Started process (PID=3668) to work on /home/airflow/.local/lib/python3.11/site-packages/airflow/example_dags/example_branch_operator.py
[2025-01-06T12:38:08.576+0000] {processor.py:830} INFO - Processing file /home/airflow/.local/lib/python3.11/site-packages/airflow/example_dags/example_branch_operator.py for tasks to queue
[2025-01-06T12:38:08.578+0000] {logging_mixin.py:188} INFO - [2025-01-06T12:38:08.577+0000] {dagbag.py:538} INFO - Filling up the DagBag from /home/airflow/.local/lib/python3.11/site-packages/airflow/example_dags/example_branch_operator.py
[2025-01-06T12:38:08.615+0000] {processor.py:840} INFO - DAG(s) 'example_branch_operator' retrieved from /home/airflow/.local/lib/python3.11/site-packages/airflow/example_dags/example_branch_operator.py
[2025-01-06T12:38:08.656+0000] {logging_mixin.py:188} INFO - [2025-01-06T12:38:08.656+0000] {dag.py:3036} INFO - Sync 1 DAGs
[2025-01-06T12:38:08.681+0000] {logging_mixin.py:188} INFO - [2025-01-06T12:38:08.680+0000] {dag.py:3823} INFO - Setting next_dagrun for example_branch_operator to 2025-01-05 00:00:00+00:00, run_after=2025-01-06 00:00:00+00:00
[2025-01-06T12:38:08.706+0000] {processor.py:183} INFO - Processing /home/airflow/.local/lib/python3.11/site-packages/airflow/example_dags/example_branch_operator.py took 0.139 seconds
[2025-01-06T12:38:39.353+0000] {processor.py:161} INFO - Started process (PID=3739) to work on /home/airflow/.local/lib/python3.11/site-packages/airflow/example_dags/example_branch_operator.py
[2025-01-06T12:38:39.355+0000] {processor.py:830} INFO - Processing file /home/airflow/.local/lib/python3.11/site-packages/airflow/example_dags/example_branch_operator.py for tasks to queue
[2025-01-06T12:38:39.356+0000] {logging_mixin.py:188} INFO - [2025-01-06T12:38:39.356+0000] {dagbag.py:538} INFO - Filling up the DagBag from /home/airflow/.local/lib/python3.11/site-packages/airflow/example_dags/example_branch_operator.py
[2025-01-06T12:38:39.375+0000] {processor.py:840} INFO - DAG(s) 'example_branch_operator' retrieved from /home/airflow/.local/lib/python3.11/site-packages/airflow/example_dags/example_branch_operator.py
[2025-01-06T12:38:39.410+0000] {logging_mixin.py:188} INFO - [2025-01-06T12:38:39.410+0000] {dag.py:3036} INFO - Sync 1 DAGs
[2025-01-06T12:38:39.436+0000] {logging_mixin.py:188} INFO - [2025-01-06T12:38:39.435+0000] {dag.py:3823} INFO - Setting next_dagrun for example_branch_operator to 2025-01-05 00:00:00+00:00, run_after=2025-01-06 00:00:00+00:00
[2025-01-06T12:38:39.469+0000] {processor.py:183} INFO - Processing /home/airflow/.local/lib/python3.11/site-packages/airflow/example_dags/example_branch_operator.py took 0.120 seconds
[2025-01-06T12:39:09.632+0000] {processor.py:161} INFO - Started process (PID=3803) to work on /home/airflow/.local/lib/python3.11/site-packages/airflow/example_dags/example_branch_operator.py
[2025-01-06T12:39:09.634+0000] {processor.py:830} INFO - Processing file /home/airflow/.local/lib/python3.11/site-packages/airflow/example_dags/example_branch_operator.py for tasks to queue
[2025-01-06T12:39:09.636+0000] {logging_mixin.py:188} INFO - [2025-01-06T12:39:09.635+0000] {dagbag.py:538} INFO - Filling up the DagBag from /home/airflow/.local/lib/python3.11/site-packages/airflow/example_dags/example_branch_operator.py
[2025-01-06T12:39:09.661+0000] {processor.py:840} INFO - DAG(s) 'example_branch_operator' retrieved from /home/airflow/.local/lib/python3.11/site-packages/airflow/example_dags/example_branch_operator.py
[2025-01-06T12:39:09.692+0000] {logging_mixin.py:188} INFO - [2025-01-06T12:39:09.692+0000] {dag.py:3036} INFO - Sync 1 DAGs
[2025-01-06T12:39:09.716+0000] {logging_mixin.py:188} INFO - [2025-01-06T12:39:09.716+0000] {dag.py:3823} INFO - Setting next_dagrun for example_branch_operator to 2025-01-05 00:00:00+00:00, run_after=2025-01-06 00:00:00+00:00
[2025-01-06T12:39:09.747+0000] {processor.py:183} INFO - Processing /home/airflow/.local/lib/python3.11/site-packages/airflow/example_dags/example_branch_operator.py took 0.120 seconds
[2025-01-06T12:39:39.833+0000] {processor.py:161} INFO - Started process (PID=3867) to work on /home/airflow/.local/lib/python3.11/site-packages/airflow/example_dags/example_branch_operator.py
[2025-01-06T12:39:39.835+0000] {processor.py:830} INFO - Processing file /home/airflow/.local/lib/python3.11/site-packages/airflow/example_dags/example_branch_operator.py for tasks to queue
[2025-01-06T12:39:39.836+0000] {logging_mixin.py:188} INFO - [2025-01-06T12:39:39.836+0000] {dagbag.py:538} INFO - Filling up the DagBag from /home/airflow/.local/lib/python3.11/site-packages/airflow/example_dags/example_branch_operator.py
[2025-01-06T12:39:39.856+0000] {processor.py:840} INFO - DAG(s) 'example_branch_operator' retrieved from /home/airflow/.local/lib/python3.11/site-packages/airflow/example_dags/example_branch_operator.py
[2025-01-06T12:39:39.887+0000] {logging_mixin.py:188} INFO - [2025-01-06T12:39:39.887+0000] {dag.py:3036} INFO - Sync 1 DAGs
[2025-01-06T12:39:39.913+0000] {logging_mixin.py:188} INFO - [2025-01-06T12:39:39.913+0000] {dag.py:3823} INFO - Setting next_dagrun for example_branch_operator to 2025-01-05 00:00:00+00:00, run_after=2025-01-06 00:00:00+00:00
[2025-01-06T12:39:39.939+0000] {processor.py:183} INFO - Processing /home/airflow/.local/lib/python3.11/site-packages/airflow/example_dags/example_branch_operator.py took 0.110 seconds
[2025-01-06T12:40:10.448+0000] {processor.py:161} INFO - Started process (PID=3938) to work on /home/airflow/.local/lib/python3.11/site-packages/airflow/example_dags/example_branch_operator.py
[2025-01-06T12:40:10.450+0000] {processor.py:830} INFO - Processing file /home/airflow/.local/lib/python3.11/site-packages/airflow/example_dags/example_branch_operator.py for tasks to queue
[2025-01-06T12:40:10.451+0000] {logging_mixin.py:188} INFO - [2025-01-06T12:40:10.451+0000] {dagbag.py:538} INFO - Filling up the DagBag from /home/airflow/.local/lib/python3.11/site-packages/airflow/example_dags/example_branch_operator.py
[2025-01-06T12:40:10.473+0000] {processor.py:840} INFO - DAG(s) 'example_branch_operator' retrieved from /home/airflow/.local/lib/python3.11/site-packages/airflow/example_dags/example_branch_operator.py
[2025-01-06T12:40:10.512+0000] {logging_mixin.py:188} INFO - [2025-01-06T12:40:10.512+0000] {dag.py:3036} INFO - Sync 1 DAGs
[2025-01-06T12:40:10.546+0000] {logging_mixin.py:188} INFO - [2025-01-06T12:40:10.546+0000] {dag.py:3823} INFO - Setting next_dagrun for example_branch_operator to 2025-01-05 00:00:00+00:00, run_after=2025-01-06 00:00:00+00:00
[2025-01-06T12:40:10.572+0000] {processor.py:183} INFO - Processing /home/airflow/.local/lib/python3.11/site-packages/airflow/example_dags/example_branch_operator.py took 0.128 seconds
[2025-01-06T12:40:40.701+0000] {processor.py:161} INFO - Started process (PID=4002) to work on /home/airflow/.local/lib/python3.11/site-packages/airflow/example_dags/example_branch_operator.py
[2025-01-06T12:40:40.703+0000] {processor.py:830} INFO - Processing file /home/airflow/.local/lib/python3.11/site-packages/airflow/example_dags/example_branch_operator.py for tasks to queue
[2025-01-06T12:40:40.705+0000] {logging_mixin.py:188} INFO - [2025-01-06T12:40:40.705+0000] {dagbag.py:538} INFO - Filling up the DagBag from /home/airflow/.local/lib/python3.11/site-packages/airflow/example_dags/example_branch_operator.py
[2025-01-06T12:40:40.730+0000] {processor.py:840} INFO - DAG(s) 'example_branch_operator' retrieved from /home/airflow/.local/lib/python3.11/site-packages/airflow/example_dags/example_branch_operator.py
[2025-01-06T12:40:40.761+0000] {logging_mixin.py:188} INFO - [2025-01-06T12:40:40.761+0000] {dag.py:3036} INFO - Sync 1 DAGs
[2025-01-06T12:40:40.787+0000] {logging_mixin.py:188} INFO - [2025-01-06T12:40:40.786+0000] {dag.py:3823} INFO - Setting next_dagrun for example_branch_operator to 2025-01-05 00:00:00+00:00, run_after=2025-01-06 00:00:00+00:00
[2025-01-06T12:40:40.819+0000] {processor.py:183} INFO - Processing /home/airflow/.local/lib/python3.11/site-packages/airflow/example_dags/example_branch_operator.py took 0.124 seconds
[2025-01-06T12:41:11.018+0000] {processor.py:161} INFO - Started process (PID=4066) to work on /home/airflow/.local/lib/python3.11/site-packages/airflow/example_dags/example_branch_operator.py
[2025-01-06T12:41:11.020+0000] {processor.py:830} INFO - Processing file /home/airflow/.local/lib/python3.11/site-packages/airflow/example_dags/example_branch_operator.py for tasks to queue
[2025-01-06T12:41:11.022+0000] {logging_mixin.py:188} INFO - [2025-01-06T12:41:11.021+0000] {dagbag.py:538} INFO - Filling up the DagBag from /home/airflow/.local/lib/python3.11/site-packages/airflow/example_dags/example_branch_operator.py
[2025-01-06T12:41:11.046+0000] {processor.py:840} INFO - DAG(s) 'example_branch_operator' retrieved from /home/airflow/.local/lib/python3.11/site-packages/airflow/example_dags/example_branch_operator.py
[2025-01-06T12:41:11.077+0000] {logging_mixin.py:188} INFO - [2025-01-06T12:41:11.077+0000] {dag.py:3036} INFO - Sync 1 DAGs
[2025-01-06T12:41:11.102+0000] {logging_mixin.py:188} INFO - [2025-01-06T12:41:11.101+0000] {dag.py:3823} INFO - Setting next_dagrun for example_branch_operator to 2025-01-05 00:00:00+00:00, run_after=2025-01-06 00:00:00+00:00
[2025-01-06T12:41:11.125+0000] {processor.py:183} INFO - Processing /home/airflow/.local/lib/python3.11/site-packages/airflow/example_dags/example_branch_operator.py took 0.114 seconds
[2025-01-06T12:41:41.205+0000] {processor.py:161} INFO - Started process (PID=4130) to work on /home/airflow/.local/lib/python3.11/site-packages/airflow/example_dags/example_branch_operator.py
[2025-01-06T12:41:41.207+0000] {processor.py:830} INFO - Processing file /home/airflow/.local/lib/python3.11/site-packages/airflow/example_dags/example_branch_operator.py for tasks to queue
[2025-01-06T12:41:41.209+0000] {logging_mixin.py:188} INFO - [2025-01-06T12:41:41.208+0000] {dagbag.py:538} INFO - Filling up the DagBag from /home/airflow/.local/lib/python3.11/site-packages/airflow/example_dags/example_branch_operator.py
[2025-01-06T12:41:41.233+0000] {processor.py:840} INFO - DAG(s) 'example_branch_operator' retrieved from /home/airflow/.local/lib/python3.11/site-packages/airflow/example_dags/example_branch_operator.py
[2025-01-06T12:41:41.267+0000] {logging_mixin.py:188} INFO - [2025-01-06T12:41:41.266+0000] {dag.py:3036} INFO - Sync 1 DAGs
[2025-01-06T12:41:41.292+0000] {logging_mixin.py:188} INFO - [2025-01-06T12:41:41.292+0000] {dag.py:3823} INFO - Setting next_dagrun for example_branch_operator to 2025-01-05 00:00:00+00:00, run_after=2025-01-06 00:00:00+00:00
[2025-01-06T12:41:41.315+0000] {processor.py:183} INFO - Processing /home/airflow/.local/lib/python3.11/site-packages/airflow/example_dags/example_branch_operator.py took 0.116 seconds
[2025-01-06T12:42:11.397+0000] {processor.py:161} INFO - Started process (PID=4201) to work on /home/airflow/.local/lib/python3.11/site-packages/airflow/example_dags/example_branch_operator.py
[2025-01-06T12:42:11.399+0000] {processor.py:830} INFO - Processing file /home/airflow/.local/lib/python3.11/site-packages/airflow/example_dags/example_branch_operator.py for tasks to queue
[2025-01-06T12:42:11.401+0000] {logging_mixin.py:188} INFO - [2025-01-06T12:42:11.401+0000] {dagbag.py:538} INFO - Filling up the DagBag from /home/airflow/.local/lib/python3.11/site-packages/airflow/example_dags/example_branch_operator.py
[2025-01-06T12:42:11.431+0000] {processor.py:840} INFO - DAG(s) 'example_branch_operator' retrieved from /home/airflow/.local/lib/python3.11/site-packages/airflow/example_dags/example_branch_operator.py
[2025-01-06T12:42:11.463+0000] {logging_mixin.py:188} INFO - [2025-01-06T12:42:11.463+0000] {dag.py:3036} INFO - Sync 1 DAGs
[2025-01-06T12:42:11.487+0000] {logging_mixin.py:188} INFO - [2025-01-06T12:42:11.486+0000] {dag.py:3823} INFO - Setting next_dagrun for example_branch_operator to 2025-01-05 00:00:00+00:00, run_after=2025-01-06 00:00:00+00:00
[2025-01-06T12:42:11.511+0000] {processor.py:183} INFO - Processing /home/airflow/.local/lib/python3.11/site-packages/airflow/example_dags/example_branch_operator.py took 0.121 seconds
[2025-01-06T12:42:42.026+0000] {processor.py:161} INFO - Started process (PID=4265) to work on /home/airflow/.local/lib/python3.11/site-packages/airflow/example_dags/example_branch_operator.py
[2025-01-06T12:42:42.028+0000] {processor.py:830} INFO - Processing file /home/airflow/.local/lib/python3.11/site-packages/airflow/example_dags/example_branch_operator.py for tasks to queue
[2025-01-06T12:42:42.029+0000] {logging_mixin.py:188} INFO - [2025-01-06T12:42:42.029+0000] {dagbag.py:538} INFO - Filling up the DagBag from /home/airflow/.local/lib/python3.11/site-packages/airflow/example_dags/example_branch_operator.py
[2025-01-06T12:42:42.048+0000] {processor.py:840} INFO - DAG(s) 'example_branch_operator' retrieved from /home/airflow/.local/lib/python3.11/site-packages/airflow/example_dags/example_branch_operator.py
[2025-01-06T12:42:42.082+0000] {logging_mixin.py:188} INFO - [2025-01-06T12:42:42.082+0000] {dag.py:3036} INFO - Sync 1 DAGs
[2025-01-06T12:42:42.108+0000] {logging_mixin.py:188} INFO - [2025-01-06T12:42:42.107+0000] {dag.py:3823} INFO - Setting next_dagrun for example_branch_operator to 2025-01-05 00:00:00+00:00, run_after=2025-01-06 00:00:00+00:00
[2025-01-06T12:42:42.139+0000] {processor.py:183} INFO - Processing /home/airflow/.local/lib/python3.11/site-packages/airflow/example_dags/example_branch_operator.py took 0.116 seconds
[2025-01-06T12:43:12.282+0000] {processor.py:161} INFO - Started process (PID=4329) to work on /home/airflow/.local/lib/python3.11/site-packages/airflow/example_dags/example_branch_operator.py
[2025-01-06T12:43:12.284+0000] {processor.py:830} INFO - Processing file /home/airflow/.local/lib/python3.11/site-packages/airflow/example_dags/example_branch_operator.py for tasks to queue
[2025-01-06T12:43:12.285+0000] {logging_mixin.py:188} INFO - [2025-01-06T12:43:12.284+0000] {dagbag.py:538} INFO - Filling up the DagBag from /home/airflow/.local/lib/python3.11/site-packages/airflow/example_dags/example_branch_operator.py
[2025-01-06T12:43:12.305+0000] {processor.py:840} INFO - DAG(s) 'example_branch_operator' retrieved from /home/airflow/.local/lib/python3.11/site-packages/airflow/example_dags/example_branch_operator.py
[2025-01-06T12:43:12.335+0000] {logging_mixin.py:188} INFO - [2025-01-06T12:43:12.335+0000] {dag.py:3036} INFO - Sync 1 DAGs
[2025-01-06T12:43:12.358+0000] {logging_mixin.py:188} INFO - [2025-01-06T12:43:12.358+0000] {dag.py:3823} INFO - Setting next_dagrun for example_branch_operator to 2025-01-05 00:00:00+00:00, run_after=2025-01-06 00:00:00+00:00
[2025-01-06T12:43:12.388+0000] {processor.py:183} INFO - Processing /home/airflow/.local/lib/python3.11/site-packages/airflow/example_dags/example_branch_operator.py took 0.110 seconds
[2025-01-06T12:43:42.606+0000] {processor.py:161} INFO - Started process (PID=4400) to work on /home/airflow/.local/lib/python3.11/site-packages/airflow/example_dags/example_branch_operator.py
[2025-01-06T12:43:42.607+0000] {processor.py:830} INFO - Processing file /home/airflow/.local/lib/python3.11/site-packages/airflow/example_dags/example_branch_operator.py for tasks to queue
[2025-01-06T12:43:42.609+0000] {logging_mixin.py:188} INFO - [2025-01-06T12:43:42.608+0000] {dagbag.py:538} INFO - Filling up the DagBag from /home/airflow/.local/lib/python3.11/site-packages/airflow/example_dags/example_branch_operator.py
[2025-01-06T12:43:42.629+0000] {processor.py:840} INFO - DAG(s) 'example_branch_operator' retrieved from /home/airflow/.local/lib/python3.11/site-packages/airflow/example_dags/example_branch_operator.py
[2025-01-06T12:43:42.660+0000] {logging_mixin.py:188} INFO - [2025-01-06T12:43:42.660+0000] {dag.py:3036} INFO - Sync 1 DAGs
[2025-01-06T12:43:42.684+0000] {logging_mixin.py:188} INFO - [2025-01-06T12:43:42.684+0000] {dag.py:3823} INFO - Setting next_dagrun for example_branch_operator to 2025-01-05 00:00:00+00:00, run_after=2025-01-06 00:00:00+00:00
[2025-01-06T12:43:42.714+0000] {processor.py:183} INFO - Processing /home/airflow/.local/lib/python3.11/site-packages/airflow/example_dags/example_branch_operator.py took 0.113 seconds
[2025-01-06T12:44:12.973+0000] {processor.py:161} INFO - Started process (PID=4464) to work on /home/airflow/.local/lib/python3.11/site-packages/airflow/example_dags/example_branch_operator.py
[2025-01-06T12:44:12.974+0000] {processor.py:830} INFO - Processing file /home/airflow/.local/lib/python3.11/site-packages/airflow/example_dags/example_branch_operator.py for tasks to queue
[2025-01-06T12:44:12.975+0000] {logging_mixin.py:188} INFO - [2025-01-06T12:44:12.974+0000] {dagbag.py:538} INFO - Filling up the DagBag from /home/airflow/.local/lib/python3.11/site-packages/airflow/example_dags/example_branch_operator.py
[2025-01-06T12:44:12.994+0000] {processor.py:840} INFO - DAG(s) 'example_branch_operator' retrieved from /home/airflow/.local/lib/python3.11/site-packages/airflow/example_dags/example_branch_operator.py
[2025-01-06T12:44:13.031+0000] {logging_mixin.py:188} INFO - [2025-01-06T12:44:13.030+0000] {dag.py:3036} INFO - Sync 1 DAGs
[2025-01-06T12:44:13.060+0000] {logging_mixin.py:188} INFO - [2025-01-06T12:44:13.060+0000] {dag.py:3823} INFO - Setting next_dagrun for example_branch_operator to 2025-01-05 00:00:00+00:00, run_after=2025-01-06 00:00:00+00:00
[2025-01-06T12:44:13.093+0000] {processor.py:183} INFO - Processing /home/airflow/.local/lib/python3.11/site-packages/airflow/example_dags/example_branch_operator.py took 0.124 seconds
[2025-01-06T12:44:43.259+0000] {processor.py:161} INFO - Started process (PID=4528) to work on /home/airflow/.local/lib/python3.11/site-packages/airflow/example_dags/example_branch_operator.py
[2025-01-06T12:44:43.261+0000] {processor.py:830} INFO - Processing file /home/airflow/.local/lib/python3.11/site-packages/airflow/example_dags/example_branch_operator.py for tasks to queue
[2025-01-06T12:44:43.262+0000] {logging_mixin.py:188} INFO - [2025-01-06T12:44:43.262+0000] {dagbag.py:538} INFO - Filling up the DagBag from /home/airflow/.local/lib/python3.11/site-packages/airflow/example_dags/example_branch_operator.py
[2025-01-06T12:44:43.290+0000] {processor.py:840} INFO - DAG(s) 'example_branch_operator' retrieved from /home/airflow/.local/lib/python3.11/site-packages/airflow/example_dags/example_branch_operator.py
[2025-01-06T12:44:43.326+0000] {logging_mixin.py:188} INFO - [2025-01-06T12:44:43.325+0000] {dag.py:3036} INFO - Sync 1 DAGs
[2025-01-06T12:44:43.354+0000] {logging_mixin.py:188} INFO - [2025-01-06T12:44:43.353+0000] {dag.py:3823} INFO - Setting next_dagrun for example_branch_operator to 2025-01-05 00:00:00+00:00, run_after=2025-01-06 00:00:00+00:00
[2025-01-06T12:44:43.378+0000] {processor.py:183} INFO - Processing /home/airflow/.local/lib/python3.11/site-packages/airflow/example_dags/example_branch_operator.py took 0.125 seconds
[2025-01-06T12:45:13.575+0000] {processor.py:161} INFO - Started process (PID=4599) to work on /home/airflow/.local/lib/python3.11/site-packages/airflow/example_dags/example_branch_operator.py
[2025-01-06T12:45:13.577+0000] {processor.py:830} INFO - Processing file /home/airflow/.local/lib/python3.11/site-packages/airflow/example_dags/example_branch_operator.py for tasks to queue
[2025-01-06T12:45:13.578+0000] {logging_mixin.py:188} INFO - [2025-01-06T12:45:13.578+0000] {dagbag.py:538} INFO - Filling up the DagBag from /home/airflow/.local/lib/python3.11/site-packages/airflow/example_dags/example_branch_operator.py
[2025-01-06T12:45:13.607+0000] {processor.py:840} INFO - DAG(s) 'example_branch_operator' retrieved from /home/airflow/.local/lib/python3.11/site-packages/airflow/example_dags/example_branch_operator.py
[2025-01-06T12:45:13.639+0000] {logging_mixin.py:188} INFO - [2025-01-06T12:45:13.638+0000] {dag.py:3036} INFO - Sync 1 DAGs
[2025-01-06T12:45:13.664+0000] {logging_mixin.py:188} INFO - [2025-01-06T12:45:13.664+0000] {dag.py:3823} INFO - Setting next_dagrun for example_branch_operator to 2025-01-05 00:00:00+00:00, run_after=2025-01-06 00:00:00+00:00
[2025-01-06T12:45:13.696+0000] {processor.py:183} INFO - Processing /home/airflow/.local/lib/python3.11/site-packages/airflow/example_dags/example_branch_operator.py took 0.127 seconds
[2025-01-06T12:45:43.940+0000] {processor.py:161} INFO - Started process (PID=4663) to work on /home/airflow/.local/lib/python3.11/site-packages/airflow/example_dags/example_branch_operator.py
[2025-01-06T12:45:43.942+0000] {processor.py:830} INFO - Processing file /home/airflow/.local/lib/python3.11/site-packages/airflow/example_dags/example_branch_operator.py for tasks to queue
[2025-01-06T12:45:43.944+0000] {logging_mixin.py:188} INFO - [2025-01-06T12:45:43.944+0000] {dagbag.py:538} INFO - Filling up the DagBag from /home/airflow/.local/lib/python3.11/site-packages/airflow/example_dags/example_branch_operator.py
[2025-01-06T12:45:43.972+0000] {processor.py:840} INFO - DAG(s) 'example_branch_operator' retrieved from /home/airflow/.local/lib/python3.11/site-packages/airflow/example_dags/example_branch_operator.py
[2025-01-06T12:45:44.004+0000] {logging_mixin.py:188} INFO - [2025-01-06T12:45:44.003+0000] {dag.py:3036} INFO - Sync 1 DAGs
[2025-01-06T12:45:44.027+0000] {logging_mixin.py:188} INFO - [2025-01-06T12:45:44.027+0000] {dag.py:3823} INFO - Setting next_dagrun for example_branch_operator to 2025-01-05 00:00:00+00:00, run_after=2025-01-06 00:00:00+00:00
[2025-01-06T12:45:44.069+0000] {processor.py:183} INFO - Processing /home/airflow/.local/lib/python3.11/site-packages/airflow/example_dags/example_branch_operator.py took 0.135 seconds
[2025-01-06T12:46:14.179+0000] {processor.py:161} INFO - Started process (PID=4727) to work on /home/airflow/.local/lib/python3.11/site-packages/airflow/example_dags/example_branch_operator.py
[2025-01-06T12:46:14.182+0000] {processor.py:830} INFO - Processing file /home/airflow/.local/lib/python3.11/site-packages/airflow/example_dags/example_branch_operator.py for tasks to queue
[2025-01-06T12:46:14.184+0000] {logging_mixin.py:188} INFO - [2025-01-06T12:46:14.183+0000] {dagbag.py:538} INFO - Filling up the DagBag from /home/airflow/.local/lib/python3.11/site-packages/airflow/example_dags/example_branch_operator.py
[2025-01-06T12:46:14.217+0000] {processor.py:840} INFO - DAG(s) 'example_branch_operator' retrieved from /home/airflow/.local/lib/python3.11/site-packages/airflow/example_dags/example_branch_operator.py
[2025-01-06T12:46:14.262+0000] {logging_mixin.py:188} INFO - [2025-01-06T12:46:14.262+0000] {dag.py:3036} INFO - Sync 1 DAGs
[2025-01-06T12:46:14.300+0000] {logging_mixin.py:188} INFO - [2025-01-06T12:46:14.300+0000] {dag.py:3823} INFO - Setting next_dagrun for example_branch_operator to 2025-01-05 00:00:00+00:00, run_after=2025-01-06 00:00:00+00:00
[2025-01-06T12:46:14.505+0000] {processor.py:183} INFO - Processing /home/airflow/.local/lib/python3.11/site-packages/airflow/example_dags/example_branch_operator.py took 0.332 seconds
[2025-01-06T12:46:44.627+0000] {processor.py:161} INFO - Started process (PID=4799) to work on /home/airflow/.local/lib/python3.11/site-packages/airflow/example_dags/example_branch_operator.py
[2025-01-06T12:46:44.628+0000] {processor.py:830} INFO - Processing file /home/airflow/.local/lib/python3.11/site-packages/airflow/example_dags/example_branch_operator.py for tasks to queue
[2025-01-06T12:46:44.629+0000] {logging_mixin.py:188} INFO - [2025-01-06T12:46:44.629+0000] {dagbag.py:538} INFO - Filling up the DagBag from /home/airflow/.local/lib/python3.11/site-packages/airflow/example_dags/example_branch_operator.py
[2025-01-06T12:46:44.648+0000] {processor.py:840} INFO - DAG(s) 'example_branch_operator' retrieved from /home/airflow/.local/lib/python3.11/site-packages/airflow/example_dags/example_branch_operator.py
[2025-01-06T12:46:44.681+0000] {logging_mixin.py:188} INFO - [2025-01-06T12:46:44.681+0000] {dag.py:3036} INFO - Sync 1 DAGs
[2025-01-06T12:46:44.704+0000] {logging_mixin.py:188} INFO - [2025-01-06T12:46:44.704+0000] {dag.py:3823} INFO - Setting next_dagrun for example_branch_operator to 2025-01-05 00:00:00+00:00, run_after=2025-01-06 00:00:00+00:00
[2025-01-06T12:46:44.725+0000] {processor.py:183} INFO - Processing /home/airflow/.local/lib/python3.11/site-packages/airflow/example_dags/example_branch_operator.py took 0.102 seconds
[2025-01-06T12:47:14.941+0000] {processor.py:161} INFO - Started process (PID=4863) to work on /home/airflow/.local/lib/python3.11/site-packages/airflow/example_dags/example_branch_operator.py
[2025-01-06T12:47:14.943+0000] {processor.py:830} INFO - Processing file /home/airflow/.local/lib/python3.11/site-packages/airflow/example_dags/example_branch_operator.py for tasks to queue
[2025-01-06T12:47:14.945+0000] {logging_mixin.py:188} INFO - [2025-01-06T12:47:14.944+0000] {dagbag.py:538} INFO - Filling up the DagBag from /home/airflow/.local/lib/python3.11/site-packages/airflow/example_dags/example_branch_operator.py
[2025-01-06T12:47:14.978+0000] {processor.py:840} INFO - DAG(s) 'example_branch_operator' retrieved from /home/airflow/.local/lib/python3.11/site-packages/airflow/example_dags/example_branch_operator.py
[2025-01-06T12:47:15.019+0000] {logging_mixin.py:188} INFO - [2025-01-06T12:47:15.018+0000] {dag.py:3036} INFO - Sync 1 DAGs
[2025-01-06T12:47:15.041+0000] {logging_mixin.py:188} INFO - [2025-01-06T12:47:15.041+0000] {dag.py:3823} INFO - Setting next_dagrun for example_branch_operator to 2025-01-05 00:00:00+00:00, run_after=2025-01-06 00:00:00+00:00
[2025-01-06T12:47:15.078+0000] {processor.py:183} INFO - Processing /home/airflow/.local/lib/python3.11/site-packages/airflow/example_dags/example_branch_operator.py took 0.143 seconds
[2025-01-06T12:47:45.323+0000] {processor.py:161} INFO - Started process (PID=4927) to work on /home/airflow/.local/lib/python3.11/site-packages/airflow/example_dags/example_branch_operator.py
[2025-01-06T12:47:45.324+0000] {processor.py:830} INFO - Processing file /home/airflow/.local/lib/python3.11/site-packages/airflow/example_dags/example_branch_operator.py for tasks to queue
[2025-01-06T12:47:45.325+0000] {logging_mixin.py:188} INFO - [2025-01-06T12:47:45.325+0000] {dagbag.py:538} INFO - Filling up the DagBag from /home/airflow/.local/lib/python3.11/site-packages/airflow/example_dags/example_branch_operator.py
[2025-01-06T12:47:45.345+0000] {processor.py:840} INFO - DAG(s) 'example_branch_operator' retrieved from /home/airflow/.local/lib/python3.11/site-packages/airflow/example_dags/example_branch_operator.py
[2025-01-06T12:47:45.376+0000] {logging_mixin.py:188} INFO - [2025-01-06T12:47:45.375+0000] {dag.py:3036} INFO - Sync 1 DAGs
[2025-01-06T12:47:45.398+0000] {logging_mixin.py:188} INFO - [2025-01-06T12:47:45.398+0000] {dag.py:3823} INFO - Setting next_dagrun for example_branch_operator to 2025-01-05 00:00:00+00:00, run_after=2025-01-06 00:00:00+00:00
[2025-01-06T12:47:45.435+0000] {processor.py:183} INFO - Processing /home/airflow/.local/lib/python3.11/site-packages/airflow/example_dags/example_branch_operator.py took 0.116 seconds
[2025-01-06T12:48:16.007+0000] {processor.py:161} INFO - Started process (PID=4998) to work on /home/airflow/.local/lib/python3.11/site-packages/airflow/example_dags/example_branch_operator.py
[2025-01-06T12:48:16.009+0000] {processor.py:830} INFO - Processing file /home/airflow/.local/lib/python3.11/site-packages/airflow/example_dags/example_branch_operator.py for tasks to queue
[2025-01-06T12:48:16.010+0000] {logging_mixin.py:188} INFO - [2025-01-06T12:48:16.009+0000] {dagbag.py:538} INFO - Filling up the DagBag from /home/airflow/.local/lib/python3.11/site-packages/airflow/example_dags/example_branch_operator.py
[2025-01-06T12:48:16.029+0000] {processor.py:840} INFO - DAG(s) 'example_branch_operator' retrieved from /home/airflow/.local/lib/python3.11/site-packages/airflow/example_dags/example_branch_operator.py
[2025-01-06T12:48:16.063+0000] {logging_mixin.py:188} INFO - [2025-01-06T12:48:16.063+0000] {dag.py:3036} INFO - Sync 1 DAGs
[2025-01-06T12:48:16.239+0000] {logging_mixin.py:188} INFO - [2025-01-06T12:48:16.238+0000] {dag.py:3823} INFO - Setting next_dagrun for example_branch_operator to 2025-01-05 00:00:00+00:00, run_after=2025-01-06 00:00:00+00:00
[2025-01-06T12:48:16.266+0000] {processor.py:183} INFO - Processing /home/airflow/.local/lib/python3.11/site-packages/airflow/example_dags/example_branch_operator.py took 0.262 seconds
[2025-01-06T12:48:46.597+0000] {processor.py:161} INFO - Started process (PID=5060) to work on /home/airflow/.local/lib/python3.11/site-packages/airflow/example_dags/example_branch_operator.py
[2025-01-06T12:48:46.599+0000] {processor.py:830} INFO - Processing file /home/airflow/.local/lib/python3.11/site-packages/airflow/example_dags/example_branch_operator.py for tasks to queue
[2025-01-06T12:48:46.600+0000] {logging_mixin.py:188} INFO - [2025-01-06T12:48:46.600+0000] {dagbag.py:538} INFO - Filling up the DagBag from /home/airflow/.local/lib/python3.11/site-packages/airflow/example_dags/example_branch_operator.py
[2025-01-06T12:48:46.623+0000] {processor.py:840} INFO - DAG(s) 'example_branch_operator' retrieved from /home/airflow/.local/lib/python3.11/site-packages/airflow/example_dags/example_branch_operator.py
[2025-01-06T12:48:46.654+0000] {logging_mixin.py:188} INFO - [2025-01-06T12:48:46.654+0000] {dag.py:3036} INFO - Sync 1 DAGs
[2025-01-06T12:48:46.678+0000] {logging_mixin.py:188} INFO - [2025-01-06T12:48:46.678+0000] {dag.py:3823} INFO - Setting next_dagrun for example_branch_operator to 2025-01-05 00:00:00+00:00, run_after=2025-01-06 00:00:00+00:00
[2025-01-06T12:48:46.846+0000] {processor.py:183} INFO - Processing /home/airflow/.local/lib/python3.11/site-packages/airflow/example_dags/example_branch_operator.py took 0.254 seconds
[2025-01-06T12:49:16.973+0000] {processor.py:161} INFO - Started process (PID=5125) to work on /home/airflow/.local/lib/python3.11/site-packages/airflow/example_dags/example_branch_operator.py
[2025-01-06T12:49:16.974+0000] {processor.py:830} INFO - Processing file /home/airflow/.local/lib/python3.11/site-packages/airflow/example_dags/example_branch_operator.py for tasks to queue
[2025-01-06T12:49:16.975+0000] {logging_mixin.py:188} INFO - [2025-01-06T12:49:16.975+0000] {dagbag.py:538} INFO - Filling up the DagBag from /home/airflow/.local/lib/python3.11/site-packages/airflow/example_dags/example_branch_operator.py
[2025-01-06T12:49:16.995+0000] {processor.py:840} INFO - DAG(s) 'example_branch_operator' retrieved from /home/airflow/.local/lib/python3.11/site-packages/airflow/example_dags/example_branch_operator.py
[2025-01-06T12:49:17.036+0000] {logging_mixin.py:188} INFO - [2025-01-06T12:49:17.036+0000] {dag.py:3036} INFO - Sync 1 DAGs
[2025-01-06T12:49:17.059+0000] {logging_mixin.py:188} INFO - [2025-01-06T12:49:17.059+0000] {dag.py:3823} INFO - Setting next_dagrun for example_branch_operator to 2025-01-05 00:00:00+00:00, run_after=2025-01-06 00:00:00+00:00
[2025-01-06T12:49:17.089+0000] {processor.py:183} INFO - Processing /home/airflow/.local/lib/python3.11/site-packages/airflow/example_dags/example_branch_operator.py took 0.120 seconds
[2025-01-06T12:49:47.190+0000] {processor.py:161} INFO - Started process (PID=5195) to work on /home/airflow/.local/lib/python3.11/site-packages/airflow/example_dags/example_branch_operator.py
[2025-01-06T12:49:47.192+0000] {processor.py:830} INFO - Processing file /home/airflow/.local/lib/python3.11/site-packages/airflow/example_dags/example_branch_operator.py for tasks to queue
[2025-01-06T12:49:47.193+0000] {logging_mixin.py:188} INFO - [2025-01-06T12:49:47.192+0000] {dagbag.py:538} INFO - Filling up the DagBag from /home/airflow/.local/lib/python3.11/site-packages/airflow/example_dags/example_branch_operator.py
[2025-01-06T12:49:47.212+0000] {processor.py:840} INFO - DAG(s) 'example_branch_operator' retrieved from /home/airflow/.local/lib/python3.11/site-packages/airflow/example_dags/example_branch_operator.py
[2025-01-06T12:49:47.265+0000] {logging_mixin.py:188} INFO - [2025-01-06T12:49:47.265+0000] {dag.py:3036} INFO - Sync 1 DAGs
[2025-01-06T12:49:47.300+0000] {logging_mixin.py:188} INFO - [2025-01-06T12:49:47.300+0000] {dag.py:3823} INFO - Setting next_dagrun for example_branch_operator to 2025-01-05 00:00:00+00:00, run_after=2025-01-06 00:00:00+00:00
[2025-01-06T12:49:47.328+0000] {processor.py:183} INFO - Processing /home/airflow/.local/lib/python3.11/site-packages/airflow/example_dags/example_branch_operator.py took 0.142 seconds
[2025-01-06T12:50:17.843+0000] {processor.py:161} INFO - Started process (PID=5259) to work on /home/airflow/.local/lib/python3.11/site-packages/airflow/example_dags/example_branch_operator.py
[2025-01-06T12:50:17.845+0000] {processor.py:830} INFO - Processing file /home/airflow/.local/lib/python3.11/site-packages/airflow/example_dags/example_branch_operator.py for tasks to queue
[2025-01-06T12:50:17.846+0000] {logging_mixin.py:188} INFO - [2025-01-06T12:50:17.846+0000] {dagbag.py:538} INFO - Filling up the DagBag from /home/airflow/.local/lib/python3.11/site-packages/airflow/example_dags/example_branch_operator.py
[2025-01-06T12:50:17.866+0000] {processor.py:840} INFO - DAG(s) 'example_branch_operator' retrieved from /home/airflow/.local/lib/python3.11/site-packages/airflow/example_dags/example_branch_operator.py
[2025-01-06T12:50:18.040+0000] {logging_mixin.py:188} INFO - [2025-01-06T12:50:18.040+0000] {dag.py:3036} INFO - Sync 1 DAGs
[2025-01-06T12:50:18.066+0000] {logging_mixin.py:188} INFO - [2025-01-06T12:50:18.066+0000] {dag.py:3823} INFO - Setting next_dagrun for example_branch_operator to 2025-01-05 00:00:00+00:00, run_after=2025-01-06 00:00:00+00:00
[2025-01-06T12:50:18.097+0000] {processor.py:183} INFO - Processing /home/airflow/.local/lib/python3.11/site-packages/airflow/example_dags/example_branch_operator.py took 0.256 seconds
[2025-01-06T12:50:48.989+0000] {processor.py:161} INFO - Started process (PID=5323) to work on /home/airflow/.local/lib/python3.11/site-packages/airflow/example_dags/example_branch_operator.py
[2025-01-06T12:50:48.990+0000] {processor.py:830} INFO - Processing file /home/airflow/.local/lib/python3.11/site-packages/airflow/example_dags/example_branch_operator.py for tasks to queue
[2025-01-06T12:50:48.991+0000] {logging_mixin.py:188} INFO - [2025-01-06T12:50:48.991+0000] {dagbag.py:538} INFO - Filling up the DagBag from /home/airflow/.local/lib/python3.11/site-packages/airflow/example_dags/example_branch_operator.py
[2025-01-06T12:50:49.010+0000] {processor.py:840} INFO - DAG(s) 'example_branch_operator' retrieved from /home/airflow/.local/lib/python3.11/site-packages/airflow/example_dags/example_branch_operator.py
[2025-01-06T12:50:49.044+0000] {logging_mixin.py:188} INFO - [2025-01-06T12:50:49.044+0000] {dag.py:3036} INFO - Sync 1 DAGs
[2025-01-06T12:50:49.071+0000] {logging_mixin.py:188} INFO - [2025-01-06T12:50:49.071+0000] {dag.py:3823} INFO - Setting next_dagrun for example_branch_operator to 2025-01-05 00:00:00+00:00, run_after=2025-01-06 00:00:00+00:00
[2025-01-06T12:50:49.102+0000] {processor.py:183} INFO - Processing /home/airflow/.local/lib/python3.11/site-packages/airflow/example_dags/example_branch_operator.py took 0.117 seconds
[2025-01-06T12:51:19.343+0000] {processor.py:161} INFO - Started process (PID=5394) to work on /home/airflow/.local/lib/python3.11/site-packages/airflow/example_dags/example_branch_operator.py
[2025-01-06T12:51:19.344+0000] {processor.py:830} INFO - Processing file /home/airflow/.local/lib/python3.11/site-packages/airflow/example_dags/example_branch_operator.py for tasks to queue
[2025-01-06T12:51:19.346+0000] {logging_mixin.py:188} INFO - [2025-01-06T12:51:19.345+0000] {dagbag.py:538} INFO - Filling up the DagBag from /home/airflow/.local/lib/python3.11/site-packages/airflow/example_dags/example_branch_operator.py
[2025-01-06T12:51:19.365+0000] {processor.py:840} INFO - DAG(s) 'example_branch_operator' retrieved from /home/airflow/.local/lib/python3.11/site-packages/airflow/example_dags/example_branch_operator.py
[2025-01-06T12:51:19.398+0000] {logging_mixin.py:188} INFO - [2025-01-06T12:51:19.398+0000] {dag.py:3036} INFO - Sync 1 DAGs
[2025-01-06T12:51:19.425+0000] {logging_mixin.py:188} INFO - [2025-01-06T12:51:19.425+0000] {dag.py:3823} INFO - Setting next_dagrun for example_branch_operator to 2025-01-05 00:00:00+00:00, run_after=2025-01-06 00:00:00+00:00
[2025-01-06T12:51:19.453+0000] {processor.py:183} INFO - Processing /home/airflow/.local/lib/python3.11/site-packages/airflow/example_dags/example_branch_operator.py took 0.114 seconds
[2025-01-06T12:51:49.776+0000] {processor.py:161} INFO - Started process (PID=5458) to work on /home/airflow/.local/lib/python3.11/site-packages/airflow/example_dags/example_branch_operator.py
[2025-01-06T12:51:49.777+0000] {processor.py:830} INFO - Processing file /home/airflow/.local/lib/python3.11/site-packages/airflow/example_dags/example_branch_operator.py for tasks to queue
[2025-01-06T12:51:49.778+0000] {logging_mixin.py:188} INFO - [2025-01-06T12:51:49.778+0000] {dagbag.py:538} INFO - Filling up the DagBag from /home/airflow/.local/lib/python3.11/site-packages/airflow/example_dags/example_branch_operator.py
[2025-01-06T12:51:49.797+0000] {processor.py:840} INFO - DAG(s) 'example_branch_operator' retrieved from /home/airflow/.local/lib/python3.11/site-packages/airflow/example_dags/example_branch_operator.py
[2025-01-06T12:51:49.827+0000] {logging_mixin.py:188} INFO - [2025-01-06T12:51:49.827+0000] {dag.py:3036} INFO - Sync 1 DAGs
[2025-01-06T12:51:49.851+0000] {logging_mixin.py:188} INFO - [2025-01-06T12:51:49.850+0000] {dag.py:3823} INFO - Setting next_dagrun for example_branch_operator to 2025-01-05 00:00:00+00:00, run_after=2025-01-06 00:00:00+00:00
[2025-01-06T12:51:49.889+0000] {processor.py:183} INFO - Processing /home/airflow/.local/lib/python3.11/site-packages/airflow/example_dags/example_branch_operator.py took 0.117 seconds
[2025-01-06T12:52:20.104+0000] {processor.py:161} INFO - Started process (PID=5523) to work on /home/airflow/.local/lib/python3.11/site-packages/airflow/example_dags/example_branch_operator.py
[2025-01-06T12:52:20.105+0000] {processor.py:830} INFO - Processing file /home/airflow/.local/lib/python3.11/site-packages/airflow/example_dags/example_branch_operator.py for tasks to queue
[2025-01-06T12:52:20.107+0000] {logging_mixin.py:188} INFO - [2025-01-06T12:52:20.106+0000] {dagbag.py:538} INFO - Filling up the DagBag from /home/airflow/.local/lib/python3.11/site-packages/airflow/example_dags/example_branch_operator.py
[2025-01-06T12:52:20.126+0000] {processor.py:840} INFO - DAG(s) 'example_branch_operator' retrieved from /home/airflow/.local/lib/python3.11/site-packages/airflow/example_dags/example_branch_operator.py
[2025-01-06T12:52:20.158+0000] {logging_mixin.py:188} INFO - [2025-01-06T12:52:20.158+0000] {dag.py:3036} INFO - Sync 1 DAGs
[2025-01-06T12:52:20.184+0000] {logging_mixin.py:188} INFO - [2025-01-06T12:52:20.184+0000] {dag.py:3823} INFO - Setting next_dagrun for example_branch_operator to 2025-01-05 00:00:00+00:00, run_after=2025-01-06 00:00:00+00:00
[2025-01-06T12:52:20.215+0000] {processor.py:183} INFO - Processing /home/airflow/.local/lib/python3.11/site-packages/airflow/example_dags/example_branch_operator.py took 0.115 seconds
[2025-01-06T12:52:50.399+0000] {processor.py:161} INFO - Started process (PID=5594) to work on /home/airflow/.local/lib/python3.11/site-packages/airflow/example_dags/example_branch_operator.py
[2025-01-06T12:52:50.401+0000] {processor.py:830} INFO - Processing file /home/airflow/.local/lib/python3.11/site-packages/airflow/example_dags/example_branch_operator.py for tasks to queue
[2025-01-06T12:52:50.403+0000] {logging_mixin.py:188} INFO - [2025-01-06T12:52:50.402+0000] {dagbag.py:538} INFO - Filling up the DagBag from /home/airflow/.local/lib/python3.11/site-packages/airflow/example_dags/example_branch_operator.py
[2025-01-06T12:52:50.431+0000] {processor.py:840} INFO - DAG(s) 'example_branch_operator' retrieved from /home/airflow/.local/lib/python3.11/site-packages/airflow/example_dags/example_branch_operator.py
[2025-01-06T12:52:50.461+0000] {logging_mixin.py:188} INFO - [2025-01-06T12:52:50.461+0000] {dag.py:3036} INFO - Sync 1 DAGs
[2025-01-06T12:52:50.484+0000] {logging_mixin.py:188} INFO - [2025-01-06T12:52:50.484+0000] {dag.py:3823} INFO - Setting next_dagrun for example_branch_operator to 2025-01-05 00:00:00+00:00, run_after=2025-01-06 00:00:00+00:00
[2025-01-06T12:52:50.514+0000] {processor.py:183} INFO - Processing /home/airflow/.local/lib/python3.11/site-packages/airflow/example_dags/example_branch_operator.py took 0.122 seconds
[2025-01-06T12:53:20.628+0000] {processor.py:161} INFO - Started process (PID=5658) to work on /home/airflow/.local/lib/python3.11/site-packages/airflow/example_dags/example_branch_operator.py
[2025-01-06T12:53:20.629+0000] {processor.py:830} INFO - Processing file /home/airflow/.local/lib/python3.11/site-packages/airflow/example_dags/example_branch_operator.py for tasks to queue
[2025-01-06T12:53:20.630+0000] {logging_mixin.py:188} INFO - [2025-01-06T12:53:20.630+0000] {dagbag.py:538} INFO - Filling up the DagBag from /home/airflow/.local/lib/python3.11/site-packages/airflow/example_dags/example_branch_operator.py
[2025-01-06T12:53:20.649+0000] {processor.py:840} INFO - DAG(s) 'example_branch_operator' retrieved from /home/airflow/.local/lib/python3.11/site-packages/airflow/example_dags/example_branch_operator.py
[2025-01-06T12:53:20.681+0000] {logging_mixin.py:188} INFO - [2025-01-06T12:53:20.681+0000] {dag.py:3036} INFO - Sync 1 DAGs
[2025-01-06T12:53:20.706+0000] {logging_mixin.py:188} INFO - [2025-01-06T12:53:20.705+0000] {dag.py:3823} INFO - Setting next_dagrun for example_branch_operator to 2025-01-05 00:00:00+00:00, run_after=2025-01-06 00:00:00+00:00
[2025-01-06T12:53:20.747+0000] {processor.py:183} INFO - Processing /home/airflow/.local/lib/python3.11/site-packages/airflow/example_dags/example_branch_operator.py took 0.123 seconds
[2025-01-06T12:53:51.061+0000] {processor.py:161} INFO - Started process (PID=5722) to work on /home/airflow/.local/lib/python3.11/site-packages/airflow/example_dags/example_branch_operator.py
[2025-01-06T12:53:51.063+0000] {processor.py:830} INFO - Processing file /home/airflow/.local/lib/python3.11/site-packages/airflow/example_dags/example_branch_operator.py for tasks to queue
[2025-01-06T12:53:51.064+0000] {logging_mixin.py:188} INFO - [2025-01-06T12:53:51.064+0000] {dagbag.py:538} INFO - Filling up the DagBag from /home/airflow/.local/lib/python3.11/site-packages/airflow/example_dags/example_branch_operator.py
[2025-01-06T12:53:51.085+0000] {processor.py:840} INFO - DAG(s) 'example_branch_operator' retrieved from /home/airflow/.local/lib/python3.11/site-packages/airflow/example_dags/example_branch_operator.py
[2025-01-06T12:53:51.115+0000] {logging_mixin.py:188} INFO - [2025-01-06T12:53:51.115+0000] {dag.py:3036} INFO - Sync 1 DAGs
[2025-01-06T12:53:51.142+0000] {logging_mixin.py:188} INFO - [2025-01-06T12:53:51.141+0000] {dag.py:3823} INFO - Setting next_dagrun for example_branch_operator to 2025-01-05 00:00:00+00:00, run_after=2025-01-06 00:00:00+00:00
[2025-01-06T12:53:51.168+0000] {processor.py:183} INFO - Processing /home/airflow/.local/lib/python3.11/site-packages/airflow/example_dags/example_branch_operator.py took 0.110 seconds
[2025-01-06T12:54:21.466+0000] {processor.py:161} INFO - Started process (PID=5794) to work on /home/airflow/.local/lib/python3.11/site-packages/airflow/example_dags/example_branch_operator.py
[2025-01-06T12:54:21.467+0000] {processor.py:830} INFO - Processing file /home/airflow/.local/lib/python3.11/site-packages/airflow/example_dags/example_branch_operator.py for tasks to queue
[2025-01-06T12:54:21.468+0000] {logging_mixin.py:188} INFO - [2025-01-06T12:54:21.468+0000] {dagbag.py:538} INFO - Filling up the DagBag from /home/airflow/.local/lib/python3.11/site-packages/airflow/example_dags/example_branch_operator.py
[2025-01-06T12:54:21.488+0000] {processor.py:840} INFO - DAG(s) 'example_branch_operator' retrieved from /home/airflow/.local/lib/python3.11/site-packages/airflow/example_dags/example_branch_operator.py
[2025-01-06T12:54:21.532+0000] {logging_mixin.py:188} INFO - [2025-01-06T12:54:21.531+0000] {dag.py:3036} INFO - Sync 1 DAGs
[2025-01-06T12:54:21.560+0000] {logging_mixin.py:188} INFO - [2025-01-06T12:54:21.560+0000] {dag.py:3823} INFO - Setting next_dagrun for example_branch_operator to 2025-01-05 00:00:00+00:00, run_after=2025-01-06 00:00:00+00:00
[2025-01-06T12:54:21.590+0000] {processor.py:183} INFO - Processing /home/airflow/.local/lib/python3.11/site-packages/airflow/example_dags/example_branch_operator.py took 0.129 seconds
[2025-01-06T12:54:51.686+0000] {processor.py:161} INFO - Started process (PID=5858) to work on /home/airflow/.local/lib/python3.11/site-packages/airflow/example_dags/example_branch_operator.py
[2025-01-06T12:54:51.687+0000] {processor.py:830} INFO - Processing file /home/airflow/.local/lib/python3.11/site-packages/airflow/example_dags/example_branch_operator.py for tasks to queue
[2025-01-06T12:54:51.688+0000] {logging_mixin.py:188} INFO - [2025-01-06T12:54:51.688+0000] {dagbag.py:538} INFO - Filling up the DagBag from /home/airflow/.local/lib/python3.11/site-packages/airflow/example_dags/example_branch_operator.py
[2025-01-06T12:54:51.710+0000] {processor.py:840} INFO - DAG(s) 'example_branch_operator' retrieved from /home/airflow/.local/lib/python3.11/site-packages/airflow/example_dags/example_branch_operator.py
[2025-01-06T12:54:51.740+0000] {logging_mixin.py:188} INFO - [2025-01-06T12:54:51.740+0000] {dag.py:3036} INFO - Sync 1 DAGs
[2025-01-06T12:54:51.777+0000] {logging_mixin.py:188} INFO - [2025-01-06T12:54:51.776+0000] {dag.py:3823} INFO - Setting next_dagrun for example_branch_operator to 2025-01-05 00:00:00+00:00, run_after=2025-01-06 00:00:00+00:00
[2025-01-06T12:54:51.810+0000] {processor.py:183} INFO - Processing /home/airflow/.local/lib/python3.11/site-packages/airflow/example_dags/example_branch_operator.py took 0.128 seconds
[2025-01-06T12:59:11.057+0000] {processor.py:161} INFO - Started process (PID=5930) to work on /home/airflow/.local/lib/python3.11/site-packages/airflow/example_dags/example_branch_operator.py
[2025-01-06T12:59:11.058+0000] {processor.py:830} INFO - Processing file /home/airflow/.local/lib/python3.11/site-packages/airflow/example_dags/example_branch_operator.py for tasks to queue
[2025-01-06T12:59:11.060+0000] {logging_mixin.py:188} INFO - [2025-01-06T12:59:11.059+0000] {dagbag.py:538} INFO - Filling up the DagBag from /home/airflow/.local/lib/python3.11/site-packages/airflow/example_dags/example_branch_operator.py
[2025-01-06T12:59:11.081+0000] {processor.py:840} INFO - DAG(s) 'example_branch_operator' retrieved from /home/airflow/.local/lib/python3.11/site-packages/airflow/example_dags/example_branch_operator.py
[2025-01-06T12:59:11.114+0000] {logging_mixin.py:188} INFO - [2025-01-06T12:59:11.114+0000] {dag.py:3036} INFO - Sync 1 DAGs
[2025-01-06T12:59:11.139+0000] {logging_mixin.py:188} INFO - [2025-01-06T12:59:11.139+0000] {dag.py:3823} INFO - Setting next_dagrun for example_branch_operator to 2025-01-05 00:00:00+00:00, run_after=2025-01-06 00:00:00+00:00
[2025-01-06T12:59:11.161+0000] {processor.py:183} INFO - Processing /home/airflow/.local/lib/python3.11/site-packages/airflow/example_dags/example_branch_operator.py took 0.109 seconds
