[2025-01-06T12:31:30.332+0000] {processor.py:161} INFO - Started process (PID=2825) to work on /home/airflow/.local/lib/python3.11/site-packages/airflow/example_dags/example_dag_decorator.py
[2025-01-06T12:31:30.342+0000] {processor.py:830} INFO - Processing file /home/airflow/.local/lib/python3.11/site-packages/airflow/example_dags/example_dag_decorator.py for tasks to queue
[2025-01-06T12:31:30.348+0000] {logging_mixin.py:188} INFO - [2025-01-06T12:31:30.347+0000] {dagbag.py:538} INFO - Filling up the DagBag from /home/airflow/.local/lib/python3.11/site-packages/airflow/example_dags/example_dag_decorator.py
[2025-01-06T12:31:30.880+0000] {processor.py:840} INFO - DAG(s) 'example_dag_decorator' retrieved from /home/airflow/.local/lib/python3.11/site-packages/airflow/example_dags/example_dag_decorator.py
[2025-01-06T12:31:31.491+0000] {logging_mixin.py:188} INFO - [2025-01-06T12:31:31.490+0000] {dag.py:3036} INFO - Sync 1 DAGs
[2025-01-06T12:31:31.529+0000] {logging_mixin.py:188} INFO - [2025-01-06T12:31:31.529+0000] {dag.py:3823} INFO - Setting next_dagrun for example_dag_decorator to None, run_after=None
[2025-01-06T12:31:31.636+0000] {processor.py:183} INFO - Processing /home/airflow/.local/lib/python3.11/site-packages/airflow/example_dags/example_dag_decorator.py took 1.322 seconds
[2025-01-06T12:32:02.305+0000] {processor.py:161} INFO - Started process (PID=2882) to work on /home/airflow/.local/lib/python3.11/site-packages/airflow/example_dags/example_dag_decorator.py
[2025-01-06T12:32:02.306+0000] {processor.py:830} INFO - Processing file /home/airflow/.local/lib/python3.11/site-packages/airflow/example_dags/example_dag_decorator.py for tasks to queue
[2025-01-06T12:32:02.308+0000] {logging_mixin.py:188} INFO - [2025-01-06T12:32:02.307+0000] {dagbag.py:538} INFO - Filling up the DagBag from /home/airflow/.local/lib/python3.11/site-packages/airflow/example_dags/example_dag_decorator.py
[2025-01-06T12:32:02.424+0000] {processor.py:840} INFO - DAG(s) 'example_dag_decorator' retrieved from /home/airflow/.local/lib/python3.11/site-packages/airflow/example_dags/example_dag_decorator.py
[2025-01-06T12:32:02.580+0000] {logging_mixin.py:188} INFO - [2025-01-06T12:32:02.580+0000] {dag.py:3036} INFO - Sync 1 DAGs
[2025-01-06T12:32:02.593+0000] {logging_mixin.py:188} INFO - [2025-01-06T12:32:02.593+0000] {dag.py:3823} INFO - Setting next_dagrun for example_dag_decorator to None, run_after=None
[2025-01-06T12:32:02.614+0000] {processor.py:183} INFO - Processing /home/airflow/.local/lib/python3.11/site-packages/airflow/example_dags/example_dag_decorator.py took 0.313 seconds
[2025-01-06T12:32:32.932+0000] {processor.py:161} INFO - Started process (PID=2953) to work on /home/airflow/.local/lib/python3.11/site-packages/airflow/example_dags/example_dag_decorator.py
[2025-01-06T12:32:32.933+0000] {processor.py:830} INFO - Processing file /home/airflow/.local/lib/python3.11/site-packages/airflow/example_dags/example_dag_decorator.py for tasks to queue
[2025-01-06T12:32:32.935+0000] {logging_mixin.py:188} INFO - [2025-01-06T12:32:32.934+0000] {dagbag.py:538} INFO - Filling up the DagBag from /home/airflow/.local/lib/python3.11/site-packages/airflow/example_dags/example_dag_decorator.py
[2025-01-06T12:32:33.073+0000] {processor.py:840} INFO - DAG(s) 'example_dag_decorator' retrieved from /home/airflow/.local/lib/python3.11/site-packages/airflow/example_dags/example_dag_decorator.py
[2025-01-06T12:32:33.210+0000] {logging_mixin.py:188} INFO - [2025-01-06T12:32:33.209+0000] {dag.py:3036} INFO - Sync 1 DAGs
[2025-01-06T12:32:33.222+0000] {logging_mixin.py:188} INFO - [2025-01-06T12:32:33.222+0000] {dag.py:3823} INFO - Setting next_dagrun for example_dag_decorator to None, run_after=None
[2025-01-06T12:32:33.251+0000] {processor.py:183} INFO - Processing /home/airflow/.local/lib/python3.11/site-packages/airflow/example_dags/example_dag_decorator.py took 0.323 seconds
[2025-01-06T12:33:03.530+0000] {processor.py:161} INFO - Started process (PID=3020) to work on /home/airflow/.local/lib/python3.11/site-packages/airflow/example_dags/example_dag_decorator.py
[2025-01-06T12:33:03.532+0000] {processor.py:830} INFO - Processing file /home/airflow/.local/lib/python3.11/site-packages/airflow/example_dags/example_dag_decorator.py for tasks to queue
[2025-01-06T12:33:03.534+0000] {logging_mixin.py:188} INFO - [2025-01-06T12:33:03.533+0000] {dagbag.py:538} INFO - Filling up the DagBag from /home/airflow/.local/lib/python3.11/site-packages/airflow/example_dags/example_dag_decorator.py
[2025-01-06T12:33:03.719+0000] {processor.py:840} INFO - DAG(s) 'example_dag_decorator' retrieved from /home/airflow/.local/lib/python3.11/site-packages/airflow/example_dags/example_dag_decorator.py
[2025-01-06T12:33:03.915+0000] {logging_mixin.py:188} INFO - [2025-01-06T12:33:03.915+0000] {dag.py:3036} INFO - Sync 1 DAGs
[2025-01-06T12:33:03.929+0000] {logging_mixin.py:188} INFO - [2025-01-06T12:33:03.929+0000] {dag.py:3823} INFO - Setting next_dagrun for example_dag_decorator to None, run_after=None
[2025-01-06T12:33:03.950+0000] {processor.py:183} INFO - Processing /home/airflow/.local/lib/python3.11/site-packages/airflow/example_dags/example_dag_decorator.py took 0.426 seconds
[2025-01-06T12:33:34.292+0000] {processor.py:161} INFO - Started process (PID=3085) to work on /home/airflow/.local/lib/python3.11/site-packages/airflow/example_dags/example_dag_decorator.py
[2025-01-06T12:33:34.293+0000] {processor.py:830} INFO - Processing file /home/airflow/.local/lib/python3.11/site-packages/airflow/example_dags/example_dag_decorator.py for tasks to queue
[2025-01-06T12:33:34.294+0000] {logging_mixin.py:188} INFO - [2025-01-06T12:33:34.294+0000] {dagbag.py:538} INFO - Filling up the DagBag from /home/airflow/.local/lib/python3.11/site-packages/airflow/example_dags/example_dag_decorator.py
[2025-01-06T12:33:34.410+0000] {processor.py:840} INFO - DAG(s) 'example_dag_decorator' retrieved from /home/airflow/.local/lib/python3.11/site-packages/airflow/example_dags/example_dag_decorator.py
[2025-01-06T12:33:34.530+0000] {logging_mixin.py:188} INFO - [2025-01-06T12:33:34.529+0000] {dag.py:3036} INFO - Sync 1 DAGs
[2025-01-06T12:33:34.541+0000] {logging_mixin.py:188} INFO - [2025-01-06T12:33:34.541+0000] {dag.py:3823} INFO - Setting next_dagrun for example_dag_decorator to None, run_after=None
[2025-01-06T12:33:34.565+0000] {processor.py:183} INFO - Processing /home/airflow/.local/lib/python3.11/site-packages/airflow/example_dags/example_dag_decorator.py took 0.277 seconds
[2025-01-06T12:34:05.140+0000] {processor.py:161} INFO - Started process (PID=3148) to work on /home/airflow/.local/lib/python3.11/site-packages/airflow/example_dags/example_dag_decorator.py
[2025-01-06T12:34:05.141+0000] {processor.py:830} INFO - Processing file /home/airflow/.local/lib/python3.11/site-packages/airflow/example_dags/example_dag_decorator.py for tasks to queue
[2025-01-06T12:34:05.143+0000] {logging_mixin.py:188} INFO - [2025-01-06T12:34:05.143+0000] {dagbag.py:538} INFO - Filling up the DagBag from /home/airflow/.local/lib/python3.11/site-packages/airflow/example_dags/example_dag_decorator.py
[2025-01-06T12:34:05.262+0000] {processor.py:840} INFO - DAG(s) 'example_dag_decorator' retrieved from /home/airflow/.local/lib/python3.11/site-packages/airflow/example_dags/example_dag_decorator.py
[2025-01-06T12:34:05.399+0000] {logging_mixin.py:188} INFO - [2025-01-06T12:34:05.399+0000] {dag.py:3036} INFO - Sync 1 DAGs
[2025-01-06T12:34:05.413+0000] {logging_mixin.py:188} INFO - [2025-01-06T12:34:05.413+0000] {dag.py:3823} INFO - Setting next_dagrun for example_dag_decorator to None, run_after=None
[2025-01-06T12:34:05.438+0000] {processor.py:183} INFO - Processing /home/airflow/.local/lib/python3.11/site-packages/airflow/example_dags/example_dag_decorator.py took 0.301 seconds
[2025-01-06T12:34:35.561+0000] {processor.py:161} INFO - Started process (PID=3219) to work on /home/airflow/.local/lib/python3.11/site-packages/airflow/example_dags/example_dag_decorator.py
[2025-01-06T12:34:35.562+0000] {processor.py:830} INFO - Processing file /home/airflow/.local/lib/python3.11/site-packages/airflow/example_dags/example_dag_decorator.py for tasks to queue
[2025-01-06T12:34:35.563+0000] {logging_mixin.py:188} INFO - [2025-01-06T12:34:35.563+0000] {dagbag.py:538} INFO - Filling up the DagBag from /home/airflow/.local/lib/python3.11/site-packages/airflow/example_dags/example_dag_decorator.py
[2025-01-06T12:34:35.712+0000] {processor.py:840} INFO - DAG(s) 'example_dag_decorator' retrieved from /home/airflow/.local/lib/python3.11/site-packages/airflow/example_dags/example_dag_decorator.py
[2025-01-06T12:34:35.870+0000] {logging_mixin.py:188} INFO - [2025-01-06T12:34:35.870+0000] {dag.py:3036} INFO - Sync 1 DAGs
[2025-01-06T12:34:35.888+0000] {logging_mixin.py:188} INFO - [2025-01-06T12:34:35.888+0000] {dag.py:3823} INFO - Setting next_dagrun for example_dag_decorator to None, run_after=None
[2025-01-06T12:34:35.914+0000] {processor.py:183} INFO - Processing /home/airflow/.local/lib/python3.11/site-packages/airflow/example_dags/example_dag_decorator.py took 0.357 seconds
[2025-01-06T12:35:06.054+0000] {processor.py:161} INFO - Started process (PID=3283) to work on /home/airflow/.local/lib/python3.11/site-packages/airflow/example_dags/example_dag_decorator.py
[2025-01-06T12:35:06.056+0000] {processor.py:830} INFO - Processing file /home/airflow/.local/lib/python3.11/site-packages/airflow/example_dags/example_dag_decorator.py for tasks to queue
[2025-01-06T12:35:06.057+0000] {logging_mixin.py:188} INFO - [2025-01-06T12:35:06.057+0000] {dagbag.py:538} INFO - Filling up the DagBag from /home/airflow/.local/lib/python3.11/site-packages/airflow/example_dags/example_dag_decorator.py
[2025-01-06T12:35:06.184+0000] {processor.py:840} INFO - DAG(s) 'example_dag_decorator' retrieved from /home/airflow/.local/lib/python3.11/site-packages/airflow/example_dags/example_dag_decorator.py
[2025-01-06T12:35:06.343+0000] {logging_mixin.py:188} INFO - [2025-01-06T12:35:06.342+0000] {dag.py:3036} INFO - Sync 1 DAGs
[2025-01-06T12:35:06.360+0000] {logging_mixin.py:188} INFO - [2025-01-06T12:35:06.360+0000] {dag.py:3823} INFO - Setting next_dagrun for example_dag_decorator to None, run_after=None
[2025-01-06T12:35:06.391+0000] {processor.py:183} INFO - Processing /home/airflow/.local/lib/python3.11/site-packages/airflow/example_dags/example_dag_decorator.py took 0.341 seconds
[2025-01-06T12:35:36.646+0000] {processor.py:161} INFO - Started process (PID=3349) to work on /home/airflow/.local/lib/python3.11/site-packages/airflow/example_dags/example_dag_decorator.py
[2025-01-06T12:35:36.648+0000] {processor.py:830} INFO - Processing file /home/airflow/.local/lib/python3.11/site-packages/airflow/example_dags/example_dag_decorator.py for tasks to queue
[2025-01-06T12:35:36.650+0000] {logging_mixin.py:188} INFO - [2025-01-06T12:35:36.649+0000] {dagbag.py:538} INFO - Filling up the DagBag from /home/airflow/.local/lib/python3.11/site-packages/airflow/example_dags/example_dag_decorator.py
[2025-01-06T12:35:36.827+0000] {processor.py:840} INFO - DAG(s) 'example_dag_decorator' retrieved from /home/airflow/.local/lib/python3.11/site-packages/airflow/example_dags/example_dag_decorator.py
[2025-01-06T12:35:37.026+0000] {logging_mixin.py:188} INFO - [2025-01-06T12:35:37.026+0000] {dag.py:3036} INFO - Sync 1 DAGs
[2025-01-06T12:35:37.038+0000] {logging_mixin.py:188} INFO - [2025-01-06T12:35:37.038+0000] {dag.py:3823} INFO - Setting next_dagrun for example_dag_decorator to None, run_after=None
[2025-01-06T12:35:37.061+0000] {processor.py:183} INFO - Processing /home/airflow/.local/lib/python3.11/site-packages/airflow/example_dags/example_dag_decorator.py took 0.420 seconds
[2025-01-06T12:36:07.990+0000] {processor.py:161} INFO - Started process (PID=3413) to work on /home/airflow/.local/lib/python3.11/site-packages/airflow/example_dags/example_dag_decorator.py
[2025-01-06T12:36:07.992+0000] {processor.py:830} INFO - Processing file /home/airflow/.local/lib/python3.11/site-packages/airflow/example_dags/example_dag_decorator.py for tasks to queue
[2025-01-06T12:36:07.994+0000] {logging_mixin.py:188} INFO - [2025-01-06T12:36:07.993+0000] {dagbag.py:538} INFO - Filling up the DagBag from /home/airflow/.local/lib/python3.11/site-packages/airflow/example_dags/example_dag_decorator.py
[2025-01-06T12:36:08.157+0000] {processor.py:840} INFO - DAG(s) 'example_dag_decorator' retrieved from /home/airflow/.local/lib/python3.11/site-packages/airflow/example_dags/example_dag_decorator.py
[2025-01-06T12:36:08.336+0000] {logging_mixin.py:188} INFO - [2025-01-06T12:36:08.336+0000] {dag.py:3036} INFO - Sync 1 DAGs
[2025-01-06T12:36:08.547+0000] {logging_mixin.py:188} INFO - [2025-01-06T12:36:08.547+0000] {dag.py:3823} INFO - Setting next_dagrun for example_dag_decorator to None, run_after=None
[2025-01-06T12:36:08.579+0000] {processor.py:183} INFO - Processing /home/airflow/.local/lib/python3.11/site-packages/airflow/example_dags/example_dag_decorator.py took 0.594 seconds
[2025-01-06T12:36:38.635+0000] {processor.py:161} INFO - Started process (PID=3477) to work on /home/airflow/.local/lib/python3.11/site-packages/airflow/example_dags/example_dag_decorator.py
[2025-01-06T12:36:38.637+0000] {processor.py:830} INFO - Processing file /home/airflow/.local/lib/python3.11/site-packages/airflow/example_dags/example_dag_decorator.py for tasks to queue
[2025-01-06T12:36:38.638+0000] {logging_mixin.py:188} INFO - [2025-01-06T12:36:38.638+0000] {dagbag.py:538} INFO - Filling up the DagBag from /home/airflow/.local/lib/python3.11/site-packages/airflow/example_dags/example_dag_decorator.py
[2025-01-06T12:36:38.776+0000] {processor.py:840} INFO - DAG(s) 'example_dag_decorator' retrieved from /home/airflow/.local/lib/python3.11/site-packages/airflow/example_dags/example_dag_decorator.py
[2025-01-06T12:36:38.920+0000] {logging_mixin.py:188} INFO - [2025-01-06T12:36:38.920+0000] {dag.py:3036} INFO - Sync 1 DAGs
[2025-01-06T12:36:38.944+0000] {logging_mixin.py:188} INFO - [2025-01-06T12:36:38.944+0000] {dag.py:3823} INFO - Setting next_dagrun for example_dag_decorator to None, run_after=None
[2025-01-06T12:36:38.988+0000] {processor.py:183} INFO - Processing /home/airflow/.local/lib/python3.11/site-packages/airflow/example_dags/example_dag_decorator.py took 0.359 seconds
[2025-01-06T12:37:09.203+0000] {processor.py:161} INFO - Started process (PID=3543) to work on /home/airflow/.local/lib/python3.11/site-packages/airflow/example_dags/example_dag_decorator.py
[2025-01-06T12:37:09.204+0000] {processor.py:830} INFO - Processing file /home/airflow/.local/lib/python3.11/site-packages/airflow/example_dags/example_dag_decorator.py for tasks to queue
[2025-01-06T12:37:09.206+0000] {logging_mixin.py:188} INFO - [2025-01-06T12:37:09.205+0000] {dagbag.py:538} INFO - Filling up the DagBag from /home/airflow/.local/lib/python3.11/site-packages/airflow/example_dags/example_dag_decorator.py
[2025-01-06T12:37:09.330+0000] {processor.py:840} INFO - DAG(s) 'example_dag_decorator' retrieved from /home/airflow/.local/lib/python3.11/site-packages/airflow/example_dags/example_dag_decorator.py
[2025-01-06T12:37:09.460+0000] {logging_mixin.py:188} INFO - [2025-01-06T12:37:09.460+0000] {dag.py:3036} INFO - Sync 1 DAGs
[2025-01-06T12:37:09.473+0000] {logging_mixin.py:188} INFO - [2025-01-06T12:37:09.473+0000] {dag.py:3823} INFO - Setting next_dagrun for example_dag_decorator to None, run_after=None
[2025-01-06T12:37:09.509+0000] {processor.py:183} INFO - Processing /home/airflow/.local/lib/python3.11/site-packages/airflow/example_dags/example_dag_decorator.py took 0.310 seconds
[2025-01-06T12:37:39.634+0000] {processor.py:161} INFO - Started process (PID=3608) to work on /home/airflow/.local/lib/python3.11/site-packages/airflow/example_dags/example_dag_decorator.py
[2025-01-06T12:37:39.635+0000] {processor.py:830} INFO - Processing file /home/airflow/.local/lib/python3.11/site-packages/airflow/example_dags/example_dag_decorator.py for tasks to queue
[2025-01-06T12:37:39.636+0000] {logging_mixin.py:188} INFO - [2025-01-06T12:37:39.636+0000] {dagbag.py:538} INFO - Filling up the DagBag from /home/airflow/.local/lib/python3.11/site-packages/airflow/example_dags/example_dag_decorator.py
[2025-01-06T12:37:39.763+0000] {processor.py:840} INFO - DAG(s) 'example_dag_decorator' retrieved from /home/airflow/.local/lib/python3.11/site-packages/airflow/example_dags/example_dag_decorator.py
[2025-01-06T12:37:39.900+0000] {logging_mixin.py:188} INFO - [2025-01-06T12:37:39.899+0000] {dag.py:3036} INFO - Sync 1 DAGs
[2025-01-06T12:37:39.914+0000] {logging_mixin.py:188} INFO - [2025-01-06T12:37:39.913+0000] {dag.py:3823} INFO - Setting next_dagrun for example_dag_decorator to None, run_after=None
[2025-01-06T12:37:39.935+0000] {processor.py:183} INFO - Processing /home/airflow/.local/lib/python3.11/site-packages/airflow/example_dags/example_dag_decorator.py took 0.305 seconds
[2025-01-06T12:38:10.788+0000] {processor.py:161} INFO - Started process (PID=3672) to work on /home/airflow/.local/lib/python3.11/site-packages/airflow/example_dags/example_dag_decorator.py
[2025-01-06T12:38:10.789+0000] {processor.py:830} INFO - Processing file /home/airflow/.local/lib/python3.11/site-packages/airflow/example_dags/example_dag_decorator.py for tasks to queue
[2025-01-06T12:38:10.791+0000] {logging_mixin.py:188} INFO - [2025-01-06T12:38:10.790+0000] {dagbag.py:538} INFO - Filling up the DagBag from /home/airflow/.local/lib/python3.11/site-packages/airflow/example_dags/example_dag_decorator.py
[2025-01-06T12:38:10.920+0000] {processor.py:840} INFO - DAG(s) 'example_dag_decorator' retrieved from /home/airflow/.local/lib/python3.11/site-packages/airflow/example_dags/example_dag_decorator.py
[2025-01-06T12:38:11.229+0000] {logging_mixin.py:188} INFO - [2025-01-06T12:38:11.228+0000] {dag.py:3036} INFO - Sync 1 DAGs
[2025-01-06T12:38:11.241+0000] {logging_mixin.py:188} INFO - [2025-01-06T12:38:11.240+0000] {dag.py:3823} INFO - Setting next_dagrun for example_dag_decorator to None, run_after=None
[2025-01-06T12:38:11.263+0000] {processor.py:183} INFO - Processing /home/airflow/.local/lib/python3.11/site-packages/airflow/example_dags/example_dag_decorator.py took 0.480 seconds
[2025-01-06T12:38:41.624+0000] {processor.py:161} INFO - Started process (PID=3743) to work on /home/airflow/.local/lib/python3.11/site-packages/airflow/example_dags/example_dag_decorator.py
[2025-01-06T12:38:41.626+0000] {processor.py:830} INFO - Processing file /home/airflow/.local/lib/python3.11/site-packages/airflow/example_dags/example_dag_decorator.py for tasks to queue
[2025-01-06T12:38:41.627+0000] {logging_mixin.py:188} INFO - [2025-01-06T12:38:41.627+0000] {dagbag.py:538} INFO - Filling up the DagBag from /home/airflow/.local/lib/python3.11/site-packages/airflow/example_dags/example_dag_decorator.py
[2025-01-06T12:38:41.736+0000] {processor.py:840} INFO - DAG(s) 'example_dag_decorator' retrieved from /home/airflow/.local/lib/python3.11/site-packages/airflow/example_dags/example_dag_decorator.py
[2025-01-06T12:38:41.853+0000] {logging_mixin.py:188} INFO - [2025-01-06T12:38:41.853+0000] {dag.py:3036} INFO - Sync 1 DAGs
[2025-01-06T12:38:42.003+0000] {logging_mixin.py:188} INFO - [2025-01-06T12:38:42.003+0000] {dag.py:3823} INFO - Setting next_dagrun for example_dag_decorator to None, run_after=None
[2025-01-06T12:38:42.038+0000] {processor.py:183} INFO - Processing /home/airflow/.local/lib/python3.11/site-packages/airflow/example_dags/example_dag_decorator.py took 0.418 seconds
[2025-01-06T12:39:12.139+0000] {processor.py:161} INFO - Started process (PID=3810) to work on /home/airflow/.local/lib/python3.11/site-packages/airflow/example_dags/example_dag_decorator.py
[2025-01-06T12:39:12.141+0000] {processor.py:830} INFO - Processing file /home/airflow/.local/lib/python3.11/site-packages/airflow/example_dags/example_dag_decorator.py for tasks to queue
[2025-01-06T12:39:12.143+0000] {logging_mixin.py:188} INFO - [2025-01-06T12:39:12.142+0000] {dagbag.py:538} INFO - Filling up the DagBag from /home/airflow/.local/lib/python3.11/site-packages/airflow/example_dags/example_dag_decorator.py
[2025-01-06T12:39:12.255+0000] {processor.py:840} INFO - DAG(s) 'example_dag_decorator' retrieved from /home/airflow/.local/lib/python3.11/site-packages/airflow/example_dags/example_dag_decorator.py
[2025-01-06T12:39:12.363+0000] {logging_mixin.py:188} INFO - [2025-01-06T12:39:12.363+0000] {dag.py:3036} INFO - Sync 1 DAGs
[2025-01-06T12:39:12.375+0000] {logging_mixin.py:188} INFO - [2025-01-06T12:39:12.375+0000] {dag.py:3823} INFO - Setting next_dagrun for example_dag_decorator to None, run_after=None
[2025-01-06T12:39:12.543+0000] {processor.py:183} INFO - Processing /home/airflow/.local/lib/python3.11/site-packages/airflow/example_dags/example_dag_decorator.py took 0.410 seconds
[2025-01-06T12:39:43.485+0000] {processor.py:161} INFO - Started process (PID=3877) to work on /home/airflow/.local/lib/python3.11/site-packages/airflow/example_dags/example_dag_decorator.py
[2025-01-06T12:39:43.487+0000] {processor.py:830} INFO - Processing file /home/airflow/.local/lib/python3.11/site-packages/airflow/example_dags/example_dag_decorator.py for tasks to queue
[2025-01-06T12:39:43.488+0000] {logging_mixin.py:188} INFO - [2025-01-06T12:39:43.488+0000] {dagbag.py:538} INFO - Filling up the DagBag from /home/airflow/.local/lib/python3.11/site-packages/airflow/example_dags/example_dag_decorator.py
[2025-01-06T12:39:43.614+0000] {processor.py:840} INFO - DAG(s) 'example_dag_decorator' retrieved from /home/airflow/.local/lib/python3.11/site-packages/airflow/example_dags/example_dag_decorator.py
[2025-01-06T12:39:43.730+0000] {logging_mixin.py:188} INFO - [2025-01-06T12:39:43.730+0000] {dag.py:3036} INFO - Sync 1 DAGs
[2025-01-06T12:39:43.741+0000] {logging_mixin.py:188} INFO - [2025-01-06T12:39:43.740+0000] {dag.py:3823} INFO - Setting next_dagrun for example_dag_decorator to None, run_after=None
[2025-01-06T12:39:43.763+0000] {processor.py:183} INFO - Processing /home/airflow/.local/lib/python3.11/site-packages/airflow/example_dags/example_dag_decorator.py took 0.284 seconds
[2025-01-06T12:40:13.873+0000] {processor.py:161} INFO - Started process (PID=3948) to work on /home/airflow/.local/lib/python3.11/site-packages/airflow/example_dags/example_dag_decorator.py
[2025-01-06T12:40:13.874+0000] {processor.py:830} INFO - Processing file /home/airflow/.local/lib/python3.11/site-packages/airflow/example_dags/example_dag_decorator.py for tasks to queue
[2025-01-06T12:40:13.875+0000] {logging_mixin.py:188} INFO - [2025-01-06T12:40:13.875+0000] {dagbag.py:538} INFO - Filling up the DagBag from /home/airflow/.local/lib/python3.11/site-packages/airflow/example_dags/example_dag_decorator.py
[2025-01-06T12:40:14.051+0000] {processor.py:840} INFO - DAG(s) 'example_dag_decorator' retrieved from /home/airflow/.local/lib/python3.11/site-packages/airflow/example_dags/example_dag_decorator.py
[2025-01-06T12:40:14.370+0000] {logging_mixin.py:188} INFO - [2025-01-06T12:40:14.370+0000] {dag.py:3036} INFO - Sync 1 DAGs
[2025-01-06T12:40:14.383+0000] {logging_mixin.py:188} INFO - [2025-01-06T12:40:14.383+0000] {dag.py:3823} INFO - Setting next_dagrun for example_dag_decorator to None, run_after=None
[2025-01-06T12:40:14.422+0000] {processor.py:183} INFO - Processing /home/airflow/.local/lib/python3.11/site-packages/airflow/example_dags/example_dag_decorator.py took 0.555 seconds
[2025-01-06T12:40:45.288+0000] {processor.py:161} INFO - Started process (PID=4015) to work on /home/airflow/.local/lib/python3.11/site-packages/airflow/example_dags/example_dag_decorator.py
[2025-01-06T12:40:45.289+0000] {processor.py:830} INFO - Processing file /home/airflow/.local/lib/python3.11/site-packages/airflow/example_dags/example_dag_decorator.py for tasks to queue
[2025-01-06T12:40:45.290+0000] {logging_mixin.py:188} INFO - [2025-01-06T12:40:45.290+0000] {dagbag.py:538} INFO - Filling up the DagBag from /home/airflow/.local/lib/python3.11/site-packages/airflow/example_dags/example_dag_decorator.py
[2025-01-06T12:40:45.421+0000] {processor.py:840} INFO - DAG(s) 'example_dag_decorator' retrieved from /home/airflow/.local/lib/python3.11/site-packages/airflow/example_dags/example_dag_decorator.py
[2025-01-06T12:40:45.673+0000] {logging_mixin.py:188} INFO - [2025-01-06T12:40:45.673+0000] {dag.py:3036} INFO - Sync 1 DAGs
[2025-01-06T12:40:45.688+0000] {logging_mixin.py:188} INFO - [2025-01-06T12:40:45.688+0000] {dag.py:3823} INFO - Setting next_dagrun for example_dag_decorator to None, run_after=None
[2025-01-06T12:40:45.730+0000] {processor.py:183} INFO - Processing /home/airflow/.local/lib/python3.11/site-packages/airflow/example_dags/example_dag_decorator.py took 0.447 seconds
[2025-01-06T12:41:15.783+0000] {processor.py:161} INFO - Started process (PID=4087) to work on /home/airflow/.local/lib/python3.11/site-packages/airflow/example_dags/example_dag_decorator.py
[2025-01-06T12:41:15.784+0000] {processor.py:830} INFO - Processing file /home/airflow/.local/lib/python3.11/site-packages/airflow/example_dags/example_dag_decorator.py for tasks to queue
[2025-01-06T12:41:15.785+0000] {logging_mixin.py:188} INFO - [2025-01-06T12:41:15.785+0000] {dagbag.py:538} INFO - Filling up the DagBag from /home/airflow/.local/lib/python3.11/site-packages/airflow/example_dags/example_dag_decorator.py
[2025-01-06T12:41:15.882+0000] {processor.py:840} INFO - DAG(s) 'example_dag_decorator' retrieved from /home/airflow/.local/lib/python3.11/site-packages/airflow/example_dags/example_dag_decorator.py
[2025-01-06T12:41:16.138+0000] {logging_mixin.py:188} INFO - [2025-01-06T12:41:16.137+0000] {dag.py:3036} INFO - Sync 1 DAGs
[2025-01-06T12:41:16.153+0000] {logging_mixin.py:188} INFO - [2025-01-06T12:41:16.152+0000] {dag.py:3823} INFO - Setting next_dagrun for example_dag_decorator to None, run_after=None
[2025-01-06T12:41:16.192+0000] {processor.py:183} INFO - Processing /home/airflow/.local/lib/python3.11/site-packages/airflow/example_dags/example_dag_decorator.py took 0.413 seconds
[2025-01-06T12:41:47.222+0000] {processor.py:161} INFO - Started process (PID=4153) to work on /home/airflow/.local/lib/python3.11/site-packages/airflow/example_dags/example_dag_decorator.py
[2025-01-06T12:41:47.224+0000] {processor.py:830} INFO - Processing file /home/airflow/.local/lib/python3.11/site-packages/airflow/example_dags/example_dag_decorator.py for tasks to queue
[2025-01-06T12:41:47.226+0000] {logging_mixin.py:188} INFO - [2025-01-06T12:41:47.225+0000] {dagbag.py:538} INFO - Filling up the DagBag from /home/airflow/.local/lib/python3.11/site-packages/airflow/example_dags/example_dag_decorator.py
[2025-01-06T12:41:47.332+0000] {processor.py:840} INFO - DAG(s) 'example_dag_decorator' retrieved from /home/airflow/.local/lib/python3.11/site-packages/airflow/example_dags/example_dag_decorator.py
[2025-01-06T12:41:47.593+0000] {logging_mixin.py:188} INFO - [2025-01-06T12:41:47.593+0000] {dag.py:3036} INFO - Sync 1 DAGs
[2025-01-06T12:41:47.604+0000] {logging_mixin.py:188} INFO - [2025-01-06T12:41:47.604+0000] {dag.py:3823} INFO - Setting next_dagrun for example_dag_decorator to None, run_after=None
[2025-01-06T12:41:47.625+0000] {processor.py:183} INFO - Processing /home/airflow/.local/lib/python3.11/site-packages/airflow/example_dags/example_dag_decorator.py took 0.406 seconds
[2025-01-06T12:42:18.612+0000] {processor.py:161} INFO - Started process (PID=4219) to work on /home/airflow/.local/lib/python3.11/site-packages/airflow/example_dags/example_dag_decorator.py
[2025-01-06T12:42:18.613+0000] {processor.py:830} INFO - Processing file /home/airflow/.local/lib/python3.11/site-packages/airflow/example_dags/example_dag_decorator.py for tasks to queue
[2025-01-06T12:42:18.615+0000] {logging_mixin.py:188} INFO - [2025-01-06T12:42:18.614+0000] {dagbag.py:538} INFO - Filling up the DagBag from /home/airflow/.local/lib/python3.11/site-packages/airflow/example_dags/example_dag_decorator.py
[2025-01-06T12:42:18.721+0000] {processor.py:840} INFO - DAG(s) 'example_dag_decorator' retrieved from /home/airflow/.local/lib/python3.11/site-packages/airflow/example_dags/example_dag_decorator.py
[2025-01-06T12:42:18.988+0000] {logging_mixin.py:188} INFO - [2025-01-06T12:42:18.988+0000] {dag.py:3036} INFO - Sync 1 DAGs
[2025-01-06T12:42:18.998+0000] {logging_mixin.py:188} INFO - [2025-01-06T12:42:18.998+0000] {dag.py:3823} INFO - Setting next_dagrun for example_dag_decorator to None, run_after=None
[2025-01-06T12:42:19.019+0000] {processor.py:183} INFO - Processing /home/airflow/.local/lib/python3.11/site-packages/airflow/example_dags/example_dag_decorator.py took 0.412 seconds
[2025-01-06T12:42:49.125+0000] {processor.py:161} INFO - Started process (PID=4290) to work on /home/airflow/.local/lib/python3.11/site-packages/airflow/example_dags/example_dag_decorator.py
[2025-01-06T12:42:49.126+0000] {processor.py:830} INFO - Processing file /home/airflow/.local/lib/python3.11/site-packages/airflow/example_dags/example_dag_decorator.py for tasks to queue
[2025-01-06T12:42:49.127+0000] {logging_mixin.py:188} INFO - [2025-01-06T12:42:49.127+0000] {dagbag.py:538} INFO - Filling up the DagBag from /home/airflow/.local/lib/python3.11/site-packages/airflow/example_dags/example_dag_decorator.py
[2025-01-06T12:42:49.224+0000] {processor.py:840} INFO - DAG(s) 'example_dag_decorator' retrieved from /home/airflow/.local/lib/python3.11/site-packages/airflow/example_dags/example_dag_decorator.py
[2025-01-06T12:42:49.482+0000] {logging_mixin.py:188} INFO - [2025-01-06T12:42:49.482+0000] {dag.py:3036} INFO - Sync 1 DAGs
[2025-01-06T12:42:49.493+0000] {logging_mixin.py:188} INFO - [2025-01-06T12:42:49.493+0000] {dag.py:3823} INFO - Setting next_dagrun for example_dag_decorator to None, run_after=None
[2025-01-06T12:42:49.521+0000] {processor.py:183} INFO - Processing /home/airflow/.local/lib/python3.11/site-packages/airflow/example_dags/example_dag_decorator.py took 0.399 seconds
[2025-01-06T12:43:20.287+0000] {processor.py:161} INFO - Started process (PID=4355) to work on /home/airflow/.local/lib/python3.11/site-packages/airflow/example_dags/example_dag_decorator.py
[2025-01-06T12:43:20.288+0000] {processor.py:830} INFO - Processing file /home/airflow/.local/lib/python3.11/site-packages/airflow/example_dags/example_dag_decorator.py for tasks to queue
[2025-01-06T12:43:20.289+0000] {logging_mixin.py:188} INFO - [2025-01-06T12:43:20.289+0000] {dagbag.py:538} INFO - Filling up the DagBag from /home/airflow/.local/lib/python3.11/site-packages/airflow/example_dags/example_dag_decorator.py
[2025-01-06T12:43:20.394+0000] {processor.py:840} INFO - DAG(s) 'example_dag_decorator' retrieved from /home/airflow/.local/lib/python3.11/site-packages/airflow/example_dags/example_dag_decorator.py
[2025-01-06T12:43:20.635+0000] {logging_mixin.py:188} INFO - [2025-01-06T12:43:20.635+0000] {dag.py:3036} INFO - Sync 1 DAGs
[2025-01-06T12:43:20.647+0000] {logging_mixin.py:188} INFO - [2025-01-06T12:43:20.647+0000] {dag.py:3823} INFO - Setting next_dagrun for example_dag_decorator to None, run_after=None
[2025-01-06T12:43:20.671+0000] {processor.py:183} INFO - Processing /home/airflow/.local/lib/python3.11/site-packages/airflow/example_dags/example_dag_decorator.py took 0.388 seconds
[2025-01-06T12:43:50.812+0000] {processor.py:161} INFO - Started process (PID=4419) to work on /home/airflow/.local/lib/python3.11/site-packages/airflow/example_dags/example_dag_decorator.py
[2025-01-06T12:43:50.814+0000] {processor.py:830} INFO - Processing file /home/airflow/.local/lib/python3.11/site-packages/airflow/example_dags/example_dag_decorator.py for tasks to queue
[2025-01-06T12:43:50.817+0000] {logging_mixin.py:188} INFO - [2025-01-06T12:43:50.816+0000] {dagbag.py:538} INFO - Filling up the DagBag from /home/airflow/.local/lib/python3.11/site-packages/airflow/example_dags/example_dag_decorator.py
[2025-01-06T12:43:50.926+0000] {processor.py:840} INFO - DAG(s) 'example_dag_decorator' retrieved from /home/airflow/.local/lib/python3.11/site-packages/airflow/example_dags/example_dag_decorator.py
[2025-01-06T12:43:51.187+0000] {logging_mixin.py:188} INFO - [2025-01-06T12:43:51.187+0000] {dag.py:3036} INFO - Sync 1 DAGs
[2025-01-06T12:43:51.196+0000] {logging_mixin.py:188} INFO - [2025-01-06T12:43:51.196+0000] {dag.py:3823} INFO - Setting next_dagrun for example_dag_decorator to None, run_after=None
[2025-01-06T12:43:51.222+0000] {processor.py:183} INFO - Processing /home/airflow/.local/lib/python3.11/site-packages/airflow/example_dags/example_dag_decorator.py took 0.417 seconds
[2025-01-06T12:44:22.094+0000] {processor.py:161} INFO - Started process (PID=4490) to work on /home/airflow/.local/lib/python3.11/site-packages/airflow/example_dags/example_dag_decorator.py
[2025-01-06T12:44:22.095+0000] {processor.py:830} INFO - Processing file /home/airflow/.local/lib/python3.11/site-packages/airflow/example_dags/example_dag_decorator.py for tasks to queue
[2025-01-06T12:44:22.097+0000] {logging_mixin.py:188} INFO - [2025-01-06T12:44:22.096+0000] {dagbag.py:538} INFO - Filling up the DagBag from /home/airflow/.local/lib/python3.11/site-packages/airflow/example_dags/example_dag_decorator.py
[2025-01-06T12:44:22.217+0000] {processor.py:840} INFO - DAG(s) 'example_dag_decorator' retrieved from /home/airflow/.local/lib/python3.11/site-packages/airflow/example_dags/example_dag_decorator.py
[2025-01-06T12:44:22.470+0000] {logging_mixin.py:188} INFO - [2025-01-06T12:44:22.469+0000] {dag.py:3036} INFO - Sync 1 DAGs
[2025-01-06T12:44:22.480+0000] {logging_mixin.py:188} INFO - [2025-01-06T12:44:22.480+0000] {dag.py:3823} INFO - Setting next_dagrun for example_dag_decorator to None, run_after=None
[2025-01-06T12:44:22.503+0000] {processor.py:183} INFO - Processing /home/airflow/.local/lib/python3.11/site-packages/airflow/example_dags/example_dag_decorator.py took 0.414 seconds
[2025-01-06T12:44:52.602+0000] {processor.py:161} INFO - Started process (PID=4557) to work on /home/airflow/.local/lib/python3.11/site-packages/airflow/example_dags/example_dag_decorator.py
[2025-01-06T12:44:52.604+0000] {processor.py:830} INFO - Processing file /home/airflow/.local/lib/python3.11/site-packages/airflow/example_dags/example_dag_decorator.py for tasks to queue
[2025-01-06T12:44:52.605+0000] {logging_mixin.py:188} INFO - [2025-01-06T12:44:52.604+0000] {dagbag.py:538} INFO - Filling up the DagBag from /home/airflow/.local/lib/python3.11/site-packages/airflow/example_dags/example_dag_decorator.py
[2025-01-06T12:44:52.709+0000] {processor.py:840} INFO - DAG(s) 'example_dag_decorator' retrieved from /home/airflow/.local/lib/python3.11/site-packages/airflow/example_dags/example_dag_decorator.py
[2025-01-06T12:44:52.961+0000] {logging_mixin.py:188} INFO - [2025-01-06T12:44:52.961+0000] {dag.py:3036} INFO - Sync 1 DAGs
[2025-01-06T12:44:52.973+0000] {logging_mixin.py:188} INFO - [2025-01-06T12:44:52.973+0000] {dag.py:3823} INFO - Setting next_dagrun for example_dag_decorator to None, run_after=None
[2025-01-06T12:44:53.002+0000] {processor.py:183} INFO - Processing /home/airflow/.local/lib/python3.11/site-packages/airflow/example_dags/example_dag_decorator.py took 0.403 seconds
[2025-01-06T12:45:23.212+0000] {processor.py:161} INFO - Started process (PID=4623) to work on /home/airflow/.local/lib/python3.11/site-packages/airflow/example_dags/example_dag_decorator.py
[2025-01-06T12:45:23.214+0000] {processor.py:830} INFO - Processing file /home/airflow/.local/lib/python3.11/site-packages/airflow/example_dags/example_dag_decorator.py for tasks to queue
[2025-01-06T12:45:23.215+0000] {logging_mixin.py:188} INFO - [2025-01-06T12:45:23.215+0000] {dagbag.py:538} INFO - Filling up the DagBag from /home/airflow/.local/lib/python3.11/site-packages/airflow/example_dags/example_dag_decorator.py
[2025-01-06T12:45:23.507+0000] {processor.py:840} INFO - DAG(s) 'example_dag_decorator' retrieved from /home/airflow/.local/lib/python3.11/site-packages/airflow/example_dags/example_dag_decorator.py
[2025-01-06T12:45:23.619+0000] {logging_mixin.py:188} INFO - [2025-01-06T12:45:23.619+0000] {dag.py:3036} INFO - Sync 1 DAGs
[2025-01-06T12:45:23.629+0000] {logging_mixin.py:188} INFO - [2025-01-06T12:45:23.629+0000] {dag.py:3823} INFO - Setting next_dagrun for example_dag_decorator to None, run_after=None
[2025-01-06T12:45:23.658+0000] {processor.py:183} INFO - Processing /home/airflow/.local/lib/python3.11/site-packages/airflow/example_dags/example_dag_decorator.py took 0.450 seconds
[2025-01-06T12:45:54.362+0000] {processor.py:161} INFO - Started process (PID=4694) to work on /home/airflow/.local/lib/python3.11/site-packages/airflow/example_dags/example_dag_decorator.py
[2025-01-06T12:45:54.365+0000] {processor.py:830} INFO - Processing file /home/airflow/.local/lib/python3.11/site-packages/airflow/example_dags/example_dag_decorator.py for tasks to queue
[2025-01-06T12:45:54.368+0000] {logging_mixin.py:188} INFO - [2025-01-06T12:45:54.367+0000] {dagbag.py:538} INFO - Filling up the DagBag from /home/airflow/.local/lib/python3.11/site-packages/airflow/example_dags/example_dag_decorator.py
[2025-01-06T12:45:54.512+0000] {processor.py:840} INFO - DAG(s) 'example_dag_decorator' retrieved from /home/airflow/.local/lib/python3.11/site-packages/airflow/example_dags/example_dag_decorator.py
[2025-01-06T12:45:54.789+0000] {logging_mixin.py:188} INFO - [2025-01-06T12:45:54.789+0000] {dag.py:3036} INFO - Sync 1 DAGs
[2025-01-06T12:45:54.800+0000] {logging_mixin.py:188} INFO - [2025-01-06T12:45:54.800+0000] {dag.py:3823} INFO - Setting next_dagrun for example_dag_decorator to None, run_after=None
[2025-01-06T12:45:54.821+0000] {processor.py:183} INFO - Processing /home/airflow/.local/lib/python3.11/site-packages/airflow/example_dags/example_dag_decorator.py took 0.465 seconds
[2025-01-06T12:46:25.426+0000] {processor.py:161} INFO - Started process (PID=4764) to work on /home/airflow/.local/lib/python3.11/site-packages/airflow/example_dags/example_dag_decorator.py
[2025-01-06T12:46:25.427+0000] {processor.py:830} INFO - Processing file /home/airflow/.local/lib/python3.11/site-packages/airflow/example_dags/example_dag_decorator.py for tasks to queue
[2025-01-06T12:46:25.429+0000] {logging_mixin.py:188} INFO - [2025-01-06T12:46:25.428+0000] {dagbag.py:538} INFO - Filling up the DagBag from /home/airflow/.local/lib/python3.11/site-packages/airflow/example_dags/example_dag_decorator.py
[2025-01-06T12:46:25.539+0000] {processor.py:840} INFO - DAG(s) 'example_dag_decorator' retrieved from /home/airflow/.local/lib/python3.11/site-packages/airflow/example_dags/example_dag_decorator.py
[2025-01-06T12:46:25.802+0000] {logging_mixin.py:188} INFO - [2025-01-06T12:46:25.802+0000] {dag.py:3036} INFO - Sync 1 DAGs
[2025-01-06T12:46:25.817+0000] {logging_mixin.py:188} INFO - [2025-01-06T12:46:25.816+0000] {dag.py:3823} INFO - Setting next_dagrun for example_dag_decorator to None, run_after=None
[2025-01-06T12:46:25.850+0000] {processor.py:183} INFO - Processing /home/airflow/.local/lib/python3.11/site-packages/airflow/example_dags/example_dag_decorator.py took 0.427 seconds
[2025-01-06T12:46:56.782+0000] {processor.py:161} INFO - Started process (PID=4838) to work on /home/airflow/.local/lib/python3.11/site-packages/airflow/example_dags/example_dag_decorator.py
[2025-01-06T12:46:56.783+0000] {processor.py:830} INFO - Processing file /home/airflow/.local/lib/python3.11/site-packages/airflow/example_dags/example_dag_decorator.py for tasks to queue
[2025-01-06T12:46:56.784+0000] {logging_mixin.py:188} INFO - [2025-01-06T12:46:56.784+0000] {dagbag.py:538} INFO - Filling up the DagBag from /home/airflow/.local/lib/python3.11/site-packages/airflow/example_dags/example_dag_decorator.py
[2025-01-06T12:46:56.894+0000] {processor.py:840} INFO - DAG(s) 'example_dag_decorator' retrieved from /home/airflow/.local/lib/python3.11/site-packages/airflow/example_dags/example_dag_decorator.py
[2025-01-06T12:46:57.212+0000] {logging_mixin.py:188} INFO - [2025-01-06T12:46:57.212+0000] {dag.py:3036} INFO - Sync 1 DAGs
[2025-01-06T12:46:57.229+0000] {logging_mixin.py:188} INFO - [2025-01-06T12:46:57.228+0000] {dag.py:3823} INFO - Setting next_dagrun for example_dag_decorator to None, run_after=None
[2025-01-06T12:46:57.260+0000] {processor.py:183} INFO - Processing /home/airflow/.local/lib/python3.11/site-packages/airflow/example_dags/example_dag_decorator.py took 0.482 seconds
[2025-01-06T12:47:28.067+0000] {processor.py:161} INFO - Started process (PID=4902) to work on /home/airflow/.local/lib/python3.11/site-packages/airflow/example_dags/example_dag_decorator.py
[2025-01-06T12:47:28.068+0000] {processor.py:830} INFO - Processing file /home/airflow/.local/lib/python3.11/site-packages/airflow/example_dags/example_dag_decorator.py for tasks to queue
[2025-01-06T12:47:28.070+0000] {logging_mixin.py:188} INFO - [2025-01-06T12:47:28.069+0000] {dagbag.py:538} INFO - Filling up the DagBag from /home/airflow/.local/lib/python3.11/site-packages/airflow/example_dags/example_dag_decorator.py
[2025-01-06T12:47:28.346+0000] {processor.py:840} INFO - DAG(s) 'example_dag_decorator' retrieved from /home/airflow/.local/lib/python3.11/site-packages/airflow/example_dags/example_dag_decorator.py
[2025-01-06T12:47:28.469+0000] {logging_mixin.py:188} INFO - [2025-01-06T12:47:28.469+0000] {dag.py:3036} INFO - Sync 1 DAGs
[2025-01-06T12:47:28.482+0000] {logging_mixin.py:188} INFO - [2025-01-06T12:47:28.482+0000] {dag.py:3823} INFO - Setting next_dagrun for example_dag_decorator to None, run_after=None
[2025-01-06T12:47:28.510+0000] {processor.py:183} INFO - Processing /home/airflow/.local/lib/python3.11/site-packages/airflow/example_dags/example_dag_decorator.py took 0.446 seconds
[2025-01-06T12:47:59.533+0000] {processor.py:161} INFO - Started process (PID=4970) to work on /home/airflow/.local/lib/python3.11/site-packages/airflow/example_dags/example_dag_decorator.py
[2025-01-06T12:47:59.534+0000] {processor.py:830} INFO - Processing file /home/airflow/.local/lib/python3.11/site-packages/airflow/example_dags/example_dag_decorator.py for tasks to queue
[2025-01-06T12:47:59.535+0000] {logging_mixin.py:188} INFO - [2025-01-06T12:47:59.534+0000] {dagbag.py:538} INFO - Filling up the DagBag from /home/airflow/.local/lib/python3.11/site-packages/airflow/example_dags/example_dag_decorator.py
[2025-01-06T12:47:59.768+0000] {processor.py:840} INFO - DAG(s) 'example_dag_decorator' retrieved from /home/airflow/.local/lib/python3.11/site-packages/airflow/example_dags/example_dag_decorator.py
[2025-01-06T12:47:59.869+0000] {logging_mixin.py:188} INFO - [2025-01-06T12:47:59.869+0000] {dag.py:3036} INFO - Sync 1 DAGs
[2025-01-06T12:47:59.879+0000] {logging_mixin.py:188} INFO - [2025-01-06T12:47:59.878+0000] {dag.py:3823} INFO - Setting next_dagrun for example_dag_decorator to None, run_after=None
[2025-01-06T12:47:59.907+0000] {processor.py:183} INFO - Processing /home/airflow/.local/lib/python3.11/site-packages/airflow/example_dags/example_dag_decorator.py took 0.379 seconds
[2025-01-06T12:48:30.808+0000] {processor.py:161} INFO - Started process (PID=5041) to work on /home/airflow/.local/lib/python3.11/site-packages/airflow/example_dags/example_dag_decorator.py
[2025-01-06T12:48:30.810+0000] {processor.py:830} INFO - Processing file /home/airflow/.local/lib/python3.11/site-packages/airflow/example_dags/example_dag_decorator.py for tasks to queue
[2025-01-06T12:48:30.812+0000] {logging_mixin.py:188} INFO - [2025-01-06T12:48:30.811+0000] {dagbag.py:538} INFO - Filling up the DagBag from /home/airflow/.local/lib/python3.11/site-packages/airflow/example_dags/example_dag_decorator.py
[2025-01-06T12:48:31.069+0000] {processor.py:840} INFO - DAG(s) 'example_dag_decorator' retrieved from /home/airflow/.local/lib/python3.11/site-packages/airflow/example_dags/example_dag_decorator.py
[2025-01-06T12:48:31.170+0000] {logging_mixin.py:188} INFO - [2025-01-06T12:48:31.170+0000] {dag.py:3036} INFO - Sync 1 DAGs
[2025-01-06T12:48:31.179+0000] {logging_mixin.py:188} INFO - [2025-01-06T12:48:31.179+0000] {dag.py:3823} INFO - Setting next_dagrun for example_dag_decorator to None, run_after=None
[2025-01-06T12:48:31.212+0000] {processor.py:183} INFO - Processing /home/airflow/.local/lib/python3.11/site-packages/airflow/example_dags/example_dag_decorator.py took 0.410 seconds
[2025-01-06T12:49:01.477+0000] {processor.py:161} INFO - Started process (PID=5105) to work on /home/airflow/.local/lib/python3.11/site-packages/airflow/example_dags/example_dag_decorator.py
[2025-01-06T12:49:01.479+0000] {processor.py:830} INFO - Processing file /home/airflow/.local/lib/python3.11/site-packages/airflow/example_dags/example_dag_decorator.py for tasks to queue
[2025-01-06T12:49:01.481+0000] {logging_mixin.py:188} INFO - [2025-01-06T12:49:01.480+0000] {dagbag.py:538} INFO - Filling up the DagBag from /home/airflow/.local/lib/python3.11/site-packages/airflow/example_dags/example_dag_decorator.py
[2025-01-06T12:49:01.600+0000] {processor.py:840} INFO - DAG(s) 'example_dag_decorator' retrieved from /home/airflow/.local/lib/python3.11/site-packages/airflow/example_dags/example_dag_decorator.py
[2025-01-06T12:49:01.859+0000] {logging_mixin.py:188} INFO - [2025-01-06T12:49:01.859+0000] {dag.py:3036} INFO - Sync 1 DAGs
[2025-01-06T12:49:01.869+0000] {logging_mixin.py:188} INFO - [2025-01-06T12:49:01.869+0000] {dag.py:3823} INFO - Setting next_dagrun for example_dag_decorator to None, run_after=None
[2025-01-06T12:49:01.899+0000] {processor.py:183} INFO - Processing /home/airflow/.local/lib/python3.11/site-packages/airflow/example_dags/example_dag_decorator.py took 0.429 seconds
[2025-01-06T12:49:32.120+0000] {processor.py:161} INFO - Started process (PID=5176) to work on /home/airflow/.local/lib/python3.11/site-packages/airflow/example_dags/example_dag_decorator.py
[2025-01-06T12:49:32.121+0000] {processor.py:830} INFO - Processing file /home/airflow/.local/lib/python3.11/site-packages/airflow/example_dags/example_dag_decorator.py for tasks to queue
[2025-01-06T12:49:32.122+0000] {logging_mixin.py:188} INFO - [2025-01-06T12:49:32.122+0000] {dagbag.py:538} INFO - Filling up the DagBag from /home/airflow/.local/lib/python3.11/site-packages/airflow/example_dags/example_dag_decorator.py
[2025-01-06T12:49:32.402+0000] {processor.py:840} INFO - DAG(s) 'example_dag_decorator' retrieved from /home/airflow/.local/lib/python3.11/site-packages/airflow/example_dags/example_dag_decorator.py
[2025-01-06T12:49:32.514+0000] {logging_mixin.py:188} INFO - [2025-01-06T12:49:32.513+0000] {dag.py:3036} INFO - Sync 1 DAGs
[2025-01-06T12:49:32.524+0000] {logging_mixin.py:188} INFO - [2025-01-06T12:49:32.524+0000] {dag.py:3823} INFO - Setting next_dagrun for example_dag_decorator to None, run_after=None
[2025-01-06T12:49:32.554+0000] {processor.py:183} INFO - Processing /home/airflow/.local/lib/python3.11/site-packages/airflow/example_dags/example_dag_decorator.py took 0.440 seconds
[2025-01-06T12:50:03.253+0000] {processor.py:161} INFO - Started process (PID=5240) to work on /home/airflow/.local/lib/python3.11/site-packages/airflow/example_dags/example_dag_decorator.py
[2025-01-06T12:50:03.254+0000] {processor.py:830} INFO - Processing file /home/airflow/.local/lib/python3.11/site-packages/airflow/example_dags/example_dag_decorator.py for tasks to queue
[2025-01-06T12:50:03.256+0000] {logging_mixin.py:188} INFO - [2025-01-06T12:50:03.255+0000] {dagbag.py:538} INFO - Filling up the DagBag from /home/airflow/.local/lib/python3.11/site-packages/airflow/example_dags/example_dag_decorator.py
[2025-01-06T12:50:03.552+0000] {processor.py:840} INFO - DAG(s) 'example_dag_decorator' retrieved from /home/airflow/.local/lib/python3.11/site-packages/airflow/example_dags/example_dag_decorator.py
[2025-01-06T12:50:03.664+0000] {logging_mixin.py:188} INFO - [2025-01-06T12:50:03.664+0000] {dag.py:3036} INFO - Sync 1 DAGs
[2025-01-06T12:50:03.675+0000] {logging_mixin.py:188} INFO - [2025-01-06T12:50:03.675+0000] {dag.py:3823} INFO - Setting next_dagrun for example_dag_decorator to None, run_after=None
[2025-01-06T12:50:03.698+0000] {processor.py:183} INFO - Processing /home/airflow/.local/lib/python3.11/site-packages/airflow/example_dags/example_dag_decorator.py took 0.448 seconds
[2025-01-06T12:50:34.354+0000] {processor.py:161} INFO - Started process (PID=5304) to work on /home/airflow/.local/lib/python3.11/site-packages/airflow/example_dags/example_dag_decorator.py
[2025-01-06T12:50:34.355+0000] {processor.py:830} INFO - Processing file /home/airflow/.local/lib/python3.11/site-packages/airflow/example_dags/example_dag_decorator.py for tasks to queue
[2025-01-06T12:50:34.356+0000] {logging_mixin.py:188} INFO - [2025-01-06T12:50:34.356+0000] {dagbag.py:538} INFO - Filling up the DagBag from /home/airflow/.local/lib/python3.11/site-packages/airflow/example_dags/example_dag_decorator.py
[2025-01-06T12:50:34.514+0000] {processor.py:840} INFO - DAG(s) 'example_dag_decorator' retrieved from /home/airflow/.local/lib/python3.11/site-packages/airflow/example_dags/example_dag_decorator.py
[2025-01-06T12:50:34.698+0000] {logging_mixin.py:188} INFO - [2025-01-06T12:50:34.697+0000] {dag.py:3036} INFO - Sync 1 DAGs
[2025-01-06T12:50:34.711+0000] {logging_mixin.py:188} INFO - [2025-01-06T12:50:34.711+0000] {dag.py:3823} INFO - Setting next_dagrun for example_dag_decorator to None, run_after=None
[2025-01-06T12:50:34.732+0000] {processor.py:183} INFO - Processing /home/airflow/.local/lib/python3.11/site-packages/airflow/example_dags/example_dag_decorator.py took 0.382 seconds
[2025-01-06T12:51:05.652+0000] {processor.py:161} INFO - Started process (PID=5375) to work on /home/airflow/.local/lib/python3.11/site-packages/airflow/example_dags/example_dag_decorator.py
[2025-01-06T12:51:05.654+0000] {processor.py:830} INFO - Processing file /home/airflow/.local/lib/python3.11/site-packages/airflow/example_dags/example_dag_decorator.py for tasks to queue
[2025-01-06T12:51:05.656+0000] {logging_mixin.py:188} INFO - [2025-01-06T12:51:05.656+0000] {dagbag.py:538} INFO - Filling up the DagBag from /home/airflow/.local/lib/python3.11/site-packages/airflow/example_dags/example_dag_decorator.py
[2025-01-06T12:51:05.762+0000] {processor.py:840} INFO - DAG(s) 'example_dag_decorator' retrieved from /home/airflow/.local/lib/python3.11/site-packages/airflow/example_dags/example_dag_decorator.py
[2025-01-06T12:51:05.864+0000] {logging_mixin.py:188} INFO - [2025-01-06T12:51:05.864+0000] {dag.py:3036} INFO - Sync 1 DAGs
[2025-01-06T12:51:05.877+0000] {logging_mixin.py:188} INFO - [2025-01-06T12:51:05.876+0000] {dag.py:3823} INFO - Setting next_dagrun for example_dag_decorator to None, run_after=None
[2025-01-06T12:51:05.908+0000] {processor.py:183} INFO - Processing /home/airflow/.local/lib/python3.11/site-packages/airflow/example_dags/example_dag_decorator.py took 0.263 seconds
[2025-01-06T12:51:36.127+0000] {processor.py:161} INFO - Started process (PID=5439) to work on /home/airflow/.local/lib/python3.11/site-packages/airflow/example_dags/example_dag_decorator.py
[2025-01-06T12:51:36.128+0000] {processor.py:830} INFO - Processing file /home/airflow/.local/lib/python3.11/site-packages/airflow/example_dags/example_dag_decorator.py for tasks to queue
[2025-01-06T12:51:36.130+0000] {logging_mixin.py:188} INFO - [2025-01-06T12:51:36.130+0000] {dagbag.py:538} INFO - Filling up the DagBag from /home/airflow/.local/lib/python3.11/site-packages/airflow/example_dags/example_dag_decorator.py
[2025-01-06T12:51:36.272+0000] {processor.py:840} INFO - DAG(s) 'example_dag_decorator' retrieved from /home/airflow/.local/lib/python3.11/site-packages/airflow/example_dags/example_dag_decorator.py
[2025-01-06T12:51:36.436+0000] {logging_mixin.py:188} INFO - [2025-01-06T12:51:36.436+0000] {dag.py:3036} INFO - Sync 1 DAGs
[2025-01-06T12:51:36.447+0000] {logging_mixin.py:188} INFO - [2025-01-06T12:51:36.447+0000] {dag.py:3823} INFO - Setting next_dagrun for example_dag_decorator to None, run_after=None
[2025-01-06T12:51:36.468+0000] {processor.py:183} INFO - Processing /home/airflow/.local/lib/python3.11/site-packages/airflow/example_dags/example_dag_decorator.py took 0.345 seconds
[2025-01-06T12:52:07.347+0000] {processor.py:161} INFO - Started process (PID=5504) to work on /home/airflow/.local/lib/python3.11/site-packages/airflow/example_dags/example_dag_decorator.py
[2025-01-06T12:52:07.349+0000] {processor.py:830} INFO - Processing file /home/airflow/.local/lib/python3.11/site-packages/airflow/example_dags/example_dag_decorator.py for tasks to queue
[2025-01-06T12:52:07.350+0000] {logging_mixin.py:188} INFO - [2025-01-06T12:52:07.350+0000] {dagbag.py:538} INFO - Filling up the DagBag from /home/airflow/.local/lib/python3.11/site-packages/airflow/example_dags/example_dag_decorator.py
[2025-01-06T12:52:07.457+0000] {processor.py:840} INFO - DAG(s) 'example_dag_decorator' retrieved from /home/airflow/.local/lib/python3.11/site-packages/airflow/example_dags/example_dag_decorator.py
[2025-01-06T12:52:07.565+0000] {logging_mixin.py:188} INFO - [2025-01-06T12:52:07.565+0000] {dag.py:3036} INFO - Sync 1 DAGs
[2025-01-06T12:52:07.575+0000] {logging_mixin.py:188} INFO - [2025-01-06T12:52:07.575+0000] {dag.py:3823} INFO - Setting next_dagrun for example_dag_decorator to None, run_after=None
[2025-01-06T12:52:07.604+0000] {processor.py:183} INFO - Processing /home/airflow/.local/lib/python3.11/site-packages/airflow/example_dags/example_dag_decorator.py took 0.261 seconds
[2025-01-06T12:52:37.720+0000] {processor.py:161} INFO - Started process (PID=5575) to work on /home/airflow/.local/lib/python3.11/site-packages/airflow/example_dags/example_dag_decorator.py
[2025-01-06T12:52:37.721+0000] {processor.py:830} INFO - Processing file /home/airflow/.local/lib/python3.11/site-packages/airflow/example_dags/example_dag_decorator.py for tasks to queue
[2025-01-06T12:52:37.722+0000] {logging_mixin.py:188} INFO - [2025-01-06T12:52:37.722+0000] {dagbag.py:538} INFO - Filling up the DagBag from /home/airflow/.local/lib/python3.11/site-packages/airflow/example_dags/example_dag_decorator.py
[2025-01-06T12:52:37.823+0000] {processor.py:840} INFO - DAG(s) 'example_dag_decorator' retrieved from /home/airflow/.local/lib/python3.11/site-packages/airflow/example_dags/example_dag_decorator.py
[2025-01-06T12:52:37.867+0000] {logging_mixin.py:188} INFO - [2025-01-06T12:52:37.866+0000] {dag.py:3036} INFO - Sync 1 DAGs
[2025-01-06T12:52:37.892+0000] {logging_mixin.py:188} INFO - [2025-01-06T12:52:37.892+0000] {dag.py:3823} INFO - Setting next_dagrun for example_dag_decorator to None, run_after=None
[2025-01-06T12:52:37.935+0000] {processor.py:183} INFO - Processing /home/airflow/.local/lib/python3.11/site-packages/airflow/example_dags/example_dag_decorator.py took 0.218 seconds
[2025-01-06T12:53:08.815+0000] {processor.py:161} INFO - Started process (PID=5639) to work on /home/airflow/.local/lib/python3.11/site-packages/airflow/example_dags/example_dag_decorator.py
[2025-01-06T12:53:08.817+0000] {processor.py:830} INFO - Processing file /home/airflow/.local/lib/python3.11/site-packages/airflow/example_dags/example_dag_decorator.py for tasks to queue
[2025-01-06T12:53:08.818+0000] {logging_mixin.py:188} INFO - [2025-01-06T12:53:08.817+0000] {dagbag.py:538} INFO - Filling up the DagBag from /home/airflow/.local/lib/python3.11/site-packages/airflow/example_dags/example_dag_decorator.py
[2025-01-06T12:53:08.924+0000] {processor.py:840} INFO - DAG(s) 'example_dag_decorator' retrieved from /home/airflow/.local/lib/python3.11/site-packages/airflow/example_dags/example_dag_decorator.py
[2025-01-06T12:53:09.051+0000] {logging_mixin.py:188} INFO - [2025-01-06T12:53:09.051+0000] {dag.py:3036} INFO - Sync 1 DAGs
[2025-01-06T12:53:09.064+0000] {logging_mixin.py:188} INFO - [2025-01-06T12:53:09.063+0000] {dag.py:3823} INFO - Setting next_dagrun for example_dag_decorator to None, run_after=None
[2025-01-06T12:53:09.092+0000] {processor.py:183} INFO - Processing /home/airflow/.local/lib/python3.11/site-packages/airflow/example_dags/example_dag_decorator.py took 0.280 seconds
[2025-01-06T12:53:39.335+0000] {processor.py:161} INFO - Started process (PID=5710) to work on /home/airflow/.local/lib/python3.11/site-packages/airflow/example_dags/example_dag_decorator.py
[2025-01-06T12:53:39.337+0000] {processor.py:830} INFO - Processing file /home/airflow/.local/lib/python3.11/site-packages/airflow/example_dags/example_dag_decorator.py for tasks to queue
[2025-01-06T12:53:39.338+0000] {logging_mixin.py:188} INFO - [2025-01-06T12:53:39.338+0000] {dagbag.py:538} INFO - Filling up the DagBag from /home/airflow/.local/lib/python3.11/site-packages/airflow/example_dags/example_dag_decorator.py
[2025-01-06T12:53:39.436+0000] {processor.py:840} INFO - DAG(s) 'example_dag_decorator' retrieved from /home/airflow/.local/lib/python3.11/site-packages/airflow/example_dags/example_dag_decorator.py
[2025-01-06T12:53:39.540+0000] {logging_mixin.py:188} INFO - [2025-01-06T12:53:39.539+0000] {dag.py:3036} INFO - Sync 1 DAGs
[2025-01-06T12:53:39.550+0000] {logging_mixin.py:188} INFO - [2025-01-06T12:53:39.550+0000] {dag.py:3823} INFO - Setting next_dagrun for example_dag_decorator to None, run_after=None
[2025-01-06T12:53:39.579+0000] {processor.py:183} INFO - Processing /home/airflow/.local/lib/python3.11/site-packages/airflow/example_dags/example_dag_decorator.py took 0.249 seconds
[2025-01-06T12:54:09.876+0000] {processor.py:161} INFO - Started process (PID=5775) to work on /home/airflow/.local/lib/python3.11/site-packages/airflow/example_dags/example_dag_decorator.py
[2025-01-06T12:54:09.877+0000] {processor.py:830} INFO - Processing file /home/airflow/.local/lib/python3.11/site-packages/airflow/example_dags/example_dag_decorator.py for tasks to queue
[2025-01-06T12:54:09.878+0000] {logging_mixin.py:188} INFO - [2025-01-06T12:54:09.878+0000] {dagbag.py:538} INFO - Filling up the DagBag from /home/airflow/.local/lib/python3.11/site-packages/airflow/example_dags/example_dag_decorator.py
[2025-01-06T12:54:09.982+0000] {processor.py:840} INFO - DAG(s) 'example_dag_decorator' retrieved from /home/airflow/.local/lib/python3.11/site-packages/airflow/example_dags/example_dag_decorator.py
[2025-01-06T12:54:10.127+0000] {logging_mixin.py:188} INFO - [2025-01-06T12:54:10.127+0000] {dag.py:3036} INFO - Sync 1 DAGs
[2025-01-06T12:54:10.137+0000] {logging_mixin.py:188} INFO - [2025-01-06T12:54:10.137+0000] {dag.py:3823} INFO - Setting next_dagrun for example_dag_decorator to None, run_after=None
[2025-01-06T12:54:10.167+0000] {processor.py:183} INFO - Processing /home/airflow/.local/lib/python3.11/site-packages/airflow/example_dags/example_dag_decorator.py took 0.294 seconds
[2025-01-06T12:54:41.045+0000] {processor.py:161} INFO - Started process (PID=5839) to work on /home/airflow/.local/lib/python3.11/site-packages/airflow/example_dags/example_dag_decorator.py
[2025-01-06T12:54:41.047+0000] {processor.py:830} INFO - Processing file /home/airflow/.local/lib/python3.11/site-packages/airflow/example_dags/example_dag_decorator.py for tasks to queue
[2025-01-06T12:54:41.050+0000] {logging_mixin.py:188} INFO - [2025-01-06T12:54:41.049+0000] {dagbag.py:538} INFO - Filling up the DagBag from /home/airflow/.local/lib/python3.11/site-packages/airflow/example_dags/example_dag_decorator.py
[2025-01-06T12:54:41.155+0000] {processor.py:840} INFO - DAG(s) 'example_dag_decorator' retrieved from /home/airflow/.local/lib/python3.11/site-packages/airflow/example_dags/example_dag_decorator.py
[2025-01-06T12:54:41.256+0000] {logging_mixin.py:188} INFO - [2025-01-06T12:54:41.256+0000] {dag.py:3036} INFO - Sync 1 DAGs
[2025-01-06T12:54:41.268+0000] {logging_mixin.py:188} INFO - [2025-01-06T12:54:41.267+0000] {dag.py:3823} INFO - Setting next_dagrun for example_dag_decorator to None, run_after=None
[2025-01-06T12:54:41.308+0000] {processor.py:183} INFO - Processing /home/airflow/.local/lib/python3.11/site-packages/airflow/example_dags/example_dag_decorator.py took 0.272 seconds
[2025-01-06T12:55:11.477+0000] {processor.py:161} INFO - Started process (PID=5910) to work on /home/airflow/.local/lib/python3.11/site-packages/airflow/example_dags/example_dag_decorator.py
[2025-01-06T12:55:11.478+0000] {processor.py:830} INFO - Processing file /home/airflow/.local/lib/python3.11/site-packages/airflow/example_dags/example_dag_decorator.py for tasks to queue
[2025-01-06T12:55:11.480+0000] {logging_mixin.py:188} INFO - [2025-01-06T12:55:11.479+0000] {dagbag.py:538} INFO - Filling up the DagBag from /home/airflow/.local/lib/python3.11/site-packages/airflow/example_dags/example_dag_decorator.py
[2025-01-06T12:55:11.580+0000] {processor.py:840} INFO - DAG(s) 'example_dag_decorator' retrieved from /home/airflow/.local/lib/python3.11/site-packages/airflow/example_dags/example_dag_decorator.py
[2025-01-06T12:55:11.701+0000] {logging_mixin.py:188} INFO - [2025-01-06T12:55:11.701+0000] {dag.py:3036} INFO - Sync 1 DAGs
[2025-01-06T12:55:11.712+0000] {logging_mixin.py:188} INFO - [2025-01-06T12:55:11.712+0000] {dag.py:3823} INFO - Setting next_dagrun for example_dag_decorator to None, run_after=None
[2025-01-06T12:55:11.733+0000] {processor.py:183} INFO - Processing /home/airflow/.local/lib/python3.11/site-packages/airflow/example_dags/example_dag_decorator.py took 0.259 seconds
[2025-01-06T12:59:13.206+0000] {processor.py:161} INFO - Started process (PID=5961) to work on /home/airflow/.local/lib/python3.11/site-packages/airflow/example_dags/example_dag_decorator.py
[2025-01-06T12:59:13.208+0000] {processor.py:830} INFO - Processing file /home/airflow/.local/lib/python3.11/site-packages/airflow/example_dags/example_dag_decorator.py for tasks to queue
[2025-01-06T12:59:13.209+0000] {logging_mixin.py:188} INFO - [2025-01-06T12:59:13.209+0000] {dagbag.py:538} INFO - Filling up the DagBag from /home/airflow/.local/lib/python3.11/site-packages/airflow/example_dags/example_dag_decorator.py
[2025-01-06T12:59:13.405+0000] {processor.py:840} INFO - DAG(s) 'example_dag_decorator' retrieved from /home/airflow/.local/lib/python3.11/site-packages/airflow/example_dags/example_dag_decorator.py
[2025-01-06T12:59:13.658+0000] {logging_mixin.py:188} INFO - [2025-01-06T12:59:13.658+0000] {dag.py:3036} INFO - Sync 1 DAGs
[2025-01-06T12:59:13.693+0000] {logging_mixin.py:188} INFO - [2025-01-06T12:59:13.692+0000] {dag.py:3823} INFO - Setting next_dagrun for example_dag_decorator to None, run_after=None
[2025-01-06T12:59:13.740+0000] {processor.py:183} INFO - Processing /home/airflow/.local/lib/python3.11/site-packages/airflow/example_dags/example_dag_decorator.py took 0.540 seconds
