[2025-01-06T12:31:37.421+0000] {processor.py:161} INFO - Started process (PID=2846) to work on /home/airflow/.local/lib/python3.11/site-packages/airflow/example_dags/example_time_delta_sensor_async.py
[2025-01-06T12:31:37.423+0000] {processor.py:830} INFO - Processing file /home/airflow/.local/lib/python3.11/site-packages/airflow/example_dags/example_time_delta_sensor_async.py for tasks to queue
[2025-01-06T12:31:37.424+0000] {logging_mixin.py:188} INFO - [2025-01-06T12:31:37.424+0000] {dagbag.py:538} INFO - Filling up the DagBag from /home/airflow/.local/lib/python3.11/site-packages/airflow/example_dags/example_time_delta_sensor_async.py
[2025-01-06T12:31:37.453+0000] {processor.py:840} INFO - DAG(s) 'example_time_delta_sensor_async' retrieved from /home/airflow/.local/lib/python3.11/site-packages/airflow/example_dags/example_time_delta_sensor_async.py
[2025-01-06T12:31:37.556+0000] {logging_mixin.py:188} INFO - [2025-01-06T12:31:37.556+0000] {dag.py:3036} INFO - Sync 1 DAGs
[2025-01-06T12:31:37.592+0000] {logging_mixin.py:188} INFO - [2025-01-06T12:31:37.591+0000] {dag.py:3823} INFO - Setting next_dagrun for example_time_delta_sensor_async to None, run_after=None
[2025-01-06T12:31:37.690+0000] {processor.py:183} INFO - Processing /home/airflow/.local/lib/python3.11/site-packages/airflow/example_dags/example_time_delta_sensor_async.py took 0.281 seconds
[2025-01-06T12:32:07.920+0000] {processor.py:161} INFO - Started process (PID=2908) to work on /home/airflow/.local/lib/python3.11/site-packages/airflow/example_dags/example_time_delta_sensor_async.py
[2025-01-06T12:32:07.921+0000] {processor.py:830} INFO - Processing file /home/airflow/.local/lib/python3.11/site-packages/airflow/example_dags/example_time_delta_sensor_async.py for tasks to queue
[2025-01-06T12:32:07.923+0000] {logging_mixin.py:188} INFO - [2025-01-06T12:32:07.922+0000] {dagbag.py:538} INFO - Filling up the DagBag from /home/airflow/.local/lib/python3.11/site-packages/airflow/example_dags/example_time_delta_sensor_async.py
[2025-01-06T12:32:07.928+0000] {processor.py:840} INFO - DAG(s) 'example_time_delta_sensor_async' retrieved from /home/airflow/.local/lib/python3.11/site-packages/airflow/example_dags/example_time_delta_sensor_async.py
[2025-01-06T12:32:07.953+0000] {logging_mixin.py:188} INFO - [2025-01-06T12:32:07.953+0000] {dag.py:3036} INFO - Sync 1 DAGs
[2025-01-06T12:32:07.973+0000] {logging_mixin.py:188} INFO - [2025-01-06T12:32:07.972+0000] {dag.py:3823} INFO - Setting next_dagrun for example_time_delta_sensor_async to None, run_after=None
[2025-01-06T12:32:08.006+0000] {processor.py:183} INFO - Processing /home/airflow/.local/lib/python3.11/site-packages/airflow/example_dags/example_time_delta_sensor_async.py took 0.090 seconds
[2025-01-06T12:32:38.301+0000] {processor.py:161} INFO - Started process (PID=2972) to work on /home/airflow/.local/lib/python3.11/site-packages/airflow/example_dags/example_time_delta_sensor_async.py
[2025-01-06T12:32:38.303+0000] {processor.py:830} INFO - Processing file /home/airflow/.local/lib/python3.11/site-packages/airflow/example_dags/example_time_delta_sensor_async.py for tasks to queue
[2025-01-06T12:32:38.304+0000] {logging_mixin.py:188} INFO - [2025-01-06T12:32:38.303+0000] {dagbag.py:538} INFO - Filling up the DagBag from /home/airflow/.local/lib/python3.11/site-packages/airflow/example_dags/example_time_delta_sensor_async.py
[2025-01-06T12:32:38.309+0000] {processor.py:840} INFO - DAG(s) 'example_time_delta_sensor_async' retrieved from /home/airflow/.local/lib/python3.11/site-packages/airflow/example_dags/example_time_delta_sensor_async.py
[2025-01-06T12:32:38.335+0000] {logging_mixin.py:188} INFO - [2025-01-06T12:32:38.335+0000] {dag.py:3036} INFO - Sync 1 DAGs
[2025-01-06T12:32:38.350+0000] {logging_mixin.py:188} INFO - [2025-01-06T12:32:38.350+0000] {dag.py:3823} INFO - Setting next_dagrun for example_time_delta_sensor_async to None, run_after=None
[2025-01-06T12:32:38.373+0000] {processor.py:183} INFO - Processing /home/airflow/.local/lib/python3.11/site-packages/airflow/example_dags/example_time_delta_sensor_async.py took 0.075 seconds
[2025-01-06T12:33:08.932+0000] {processor.py:161} INFO - Started process (PID=3036) to work on /home/airflow/.local/lib/python3.11/site-packages/airflow/example_dags/example_time_delta_sensor_async.py
[2025-01-06T12:33:08.933+0000] {processor.py:830} INFO - Processing file /home/airflow/.local/lib/python3.11/site-packages/airflow/example_dags/example_time_delta_sensor_async.py for tasks to queue
[2025-01-06T12:33:08.934+0000] {logging_mixin.py:188} INFO - [2025-01-06T12:33:08.934+0000] {dagbag.py:538} INFO - Filling up the DagBag from /home/airflow/.local/lib/python3.11/site-packages/airflow/example_dags/example_time_delta_sensor_async.py
[2025-01-06T12:33:08.941+0000] {processor.py:840} INFO - DAG(s) 'example_time_delta_sensor_async' retrieved from /home/airflow/.local/lib/python3.11/site-packages/airflow/example_dags/example_time_delta_sensor_async.py
[2025-01-06T12:33:08.973+0000] {logging_mixin.py:188} INFO - [2025-01-06T12:33:08.973+0000] {dag.py:3036} INFO - Sync 1 DAGs
[2025-01-06T12:33:08.992+0000] {logging_mixin.py:188} INFO - [2025-01-06T12:33:08.992+0000] {dag.py:3823} INFO - Setting next_dagrun for example_time_delta_sensor_async to None, run_after=None
[2025-01-06T12:33:09.019+0000] {processor.py:183} INFO - Processing /home/airflow/.local/lib/python3.11/site-packages/airflow/example_dags/example_time_delta_sensor_async.py took 0.092 seconds
[2025-01-06T12:33:39.486+0000] {processor.py:161} INFO - Started process (PID=3100) to work on /home/airflow/.local/lib/python3.11/site-packages/airflow/example_dags/example_time_delta_sensor_async.py
[2025-01-06T12:33:39.487+0000] {processor.py:830} INFO - Processing file /home/airflow/.local/lib/python3.11/site-packages/airflow/example_dags/example_time_delta_sensor_async.py for tasks to queue
[2025-01-06T12:33:39.488+0000] {logging_mixin.py:188} INFO - [2025-01-06T12:33:39.488+0000] {dagbag.py:538} INFO - Filling up the DagBag from /home/airflow/.local/lib/python3.11/site-packages/airflow/example_dags/example_time_delta_sensor_async.py
[2025-01-06T12:33:39.496+0000] {processor.py:840} INFO - DAG(s) 'example_time_delta_sensor_async' retrieved from /home/airflow/.local/lib/python3.11/site-packages/airflow/example_dags/example_time_delta_sensor_async.py
[2025-01-06T12:33:39.524+0000] {logging_mixin.py:188} INFO - [2025-01-06T12:33:39.524+0000] {dag.py:3036} INFO - Sync 1 DAGs
[2025-01-06T12:33:39.542+0000] {logging_mixin.py:188} INFO - [2025-01-06T12:33:39.541+0000] {dag.py:3823} INFO - Setting next_dagrun for example_time_delta_sensor_async to None, run_after=None
[2025-01-06T12:33:39.579+0000] {processor.py:183} INFO - Processing /home/airflow/.local/lib/python3.11/site-packages/airflow/example_dags/example_time_delta_sensor_async.py took 0.099 seconds
[2025-01-06T12:34:10.285+0000] {processor.py:161} INFO - Started process (PID=3171) to work on /home/airflow/.local/lib/python3.11/site-packages/airflow/example_dags/example_time_delta_sensor_async.py
[2025-01-06T12:34:10.288+0000] {processor.py:830} INFO - Processing file /home/airflow/.local/lib/python3.11/site-packages/airflow/example_dags/example_time_delta_sensor_async.py for tasks to queue
[2025-01-06T12:34:10.290+0000] {logging_mixin.py:188} INFO - [2025-01-06T12:34:10.289+0000] {dagbag.py:538} INFO - Filling up the DagBag from /home/airflow/.local/lib/python3.11/site-packages/airflow/example_dags/example_time_delta_sensor_async.py
[2025-01-06T12:34:10.303+0000] {processor.py:840} INFO - DAG(s) 'example_time_delta_sensor_async' retrieved from /home/airflow/.local/lib/python3.11/site-packages/airflow/example_dags/example_time_delta_sensor_async.py
[2025-01-06T12:34:10.354+0000] {logging_mixin.py:188} INFO - [2025-01-06T12:34:10.354+0000] {dag.py:3036} INFO - Sync 1 DAGs
[2025-01-06T12:34:10.381+0000] {logging_mixin.py:188} INFO - [2025-01-06T12:34:10.381+0000] {dag.py:3823} INFO - Setting next_dagrun for example_time_delta_sensor_async to None, run_after=None
[2025-01-06T12:34:10.418+0000] {processor.py:183} INFO - Processing /home/airflow/.local/lib/python3.11/site-packages/airflow/example_dags/example_time_delta_sensor_async.py took 0.142 seconds
[2025-01-06T12:34:40.697+0000] {processor.py:161} INFO - Started process (PID=3235) to work on /home/airflow/.local/lib/python3.11/site-packages/airflow/example_dags/example_time_delta_sensor_async.py
[2025-01-06T12:34:40.699+0000] {processor.py:830} INFO - Processing file /home/airflow/.local/lib/python3.11/site-packages/airflow/example_dags/example_time_delta_sensor_async.py for tasks to queue
[2025-01-06T12:34:40.701+0000] {logging_mixin.py:188} INFO - [2025-01-06T12:34:40.700+0000] {dagbag.py:538} INFO - Filling up the DagBag from /home/airflow/.local/lib/python3.11/site-packages/airflow/example_dags/example_time_delta_sensor_async.py
[2025-01-06T12:34:40.712+0000] {processor.py:840} INFO - DAG(s) 'example_time_delta_sensor_async' retrieved from /home/airflow/.local/lib/python3.11/site-packages/airflow/example_dags/example_time_delta_sensor_async.py
[2025-01-06T12:34:40.754+0000] {logging_mixin.py:188} INFO - [2025-01-06T12:34:40.754+0000] {dag.py:3036} INFO - Sync 1 DAGs
[2025-01-06T12:34:40.772+0000] {logging_mixin.py:188} INFO - [2025-01-06T12:34:40.772+0000] {dag.py:3823} INFO - Setting next_dagrun for example_time_delta_sensor_async to None, run_after=None
[2025-01-06T12:34:40.805+0000] {processor.py:183} INFO - Processing /home/airflow/.local/lib/python3.11/site-packages/airflow/example_dags/example_time_delta_sensor_async.py took 0.116 seconds
[2025-01-06T12:35:11.312+0000] {processor.py:161} INFO - Started process (PID=3299) to work on /home/airflow/.local/lib/python3.11/site-packages/airflow/example_dags/example_time_delta_sensor_async.py
[2025-01-06T12:35:11.314+0000] {processor.py:830} INFO - Processing file /home/airflow/.local/lib/python3.11/site-packages/airflow/example_dags/example_time_delta_sensor_async.py for tasks to queue
[2025-01-06T12:35:11.315+0000] {logging_mixin.py:188} INFO - [2025-01-06T12:35:11.315+0000] {dagbag.py:538} INFO - Filling up the DagBag from /home/airflow/.local/lib/python3.11/site-packages/airflow/example_dags/example_time_delta_sensor_async.py
[2025-01-06T12:35:11.323+0000] {processor.py:840} INFO - DAG(s) 'example_time_delta_sensor_async' retrieved from /home/airflow/.local/lib/python3.11/site-packages/airflow/example_dags/example_time_delta_sensor_async.py
[2025-01-06T12:35:11.357+0000] {logging_mixin.py:188} INFO - [2025-01-06T12:35:11.356+0000] {dag.py:3036} INFO - Sync 1 DAGs
[2025-01-06T12:35:11.381+0000] {logging_mixin.py:188} INFO - [2025-01-06T12:35:11.380+0000] {dag.py:3823} INFO - Setting next_dagrun for example_time_delta_sensor_async to None, run_after=None
[2025-01-06T12:35:11.417+0000] {processor.py:183} INFO - Processing /home/airflow/.local/lib/python3.11/site-packages/airflow/example_dags/example_time_delta_sensor_async.py took 0.109 seconds
[2025-01-06T12:35:41.578+0000] {processor.py:161} INFO - Started process (PID=3363) to work on /home/airflow/.local/lib/python3.11/site-packages/airflow/example_dags/example_time_delta_sensor_async.py
[2025-01-06T12:35:41.579+0000] {processor.py:830} INFO - Processing file /home/airflow/.local/lib/python3.11/site-packages/airflow/example_dags/example_time_delta_sensor_async.py for tasks to queue
[2025-01-06T12:35:41.581+0000] {logging_mixin.py:188} INFO - [2025-01-06T12:35:41.580+0000] {dagbag.py:538} INFO - Filling up the DagBag from /home/airflow/.local/lib/python3.11/site-packages/airflow/example_dags/example_time_delta_sensor_async.py
[2025-01-06T12:35:41.588+0000] {processor.py:840} INFO - DAG(s) 'example_time_delta_sensor_async' retrieved from /home/airflow/.local/lib/python3.11/site-packages/airflow/example_dags/example_time_delta_sensor_async.py
[2025-01-06T12:35:41.623+0000] {logging_mixin.py:188} INFO - [2025-01-06T12:35:41.623+0000] {dag.py:3036} INFO - Sync 1 DAGs
[2025-01-06T12:35:41.641+0000] {logging_mixin.py:188} INFO - [2025-01-06T12:35:41.641+0000] {dag.py:3823} INFO - Setting next_dagrun for example_time_delta_sensor_async to None, run_after=None
[2025-01-06T12:35:41.678+0000] {processor.py:183} INFO - Processing /home/airflow/.local/lib/python3.11/site-packages/airflow/example_dags/example_time_delta_sensor_async.py took 0.105 seconds
[2025-01-06T12:36:12.047+0000] {processor.py:161} INFO - Started process (PID=3427) to work on /home/airflow/.local/lib/python3.11/site-packages/airflow/example_dags/example_time_delta_sensor_async.py
[2025-01-06T12:36:12.049+0000] {processor.py:830} INFO - Processing file /home/airflow/.local/lib/python3.11/site-packages/airflow/example_dags/example_time_delta_sensor_async.py for tasks to queue
[2025-01-06T12:36:12.050+0000] {logging_mixin.py:188} INFO - [2025-01-06T12:36:12.050+0000] {dagbag.py:538} INFO - Filling up the DagBag from /home/airflow/.local/lib/python3.11/site-packages/airflow/example_dags/example_time_delta_sensor_async.py
[2025-01-06T12:36:12.060+0000] {processor.py:840} INFO - DAG(s) 'example_time_delta_sensor_async' retrieved from /home/airflow/.local/lib/python3.11/site-packages/airflow/example_dags/example_time_delta_sensor_async.py
[2025-01-06T12:36:12.089+0000] {logging_mixin.py:188} INFO - [2025-01-06T12:36:12.089+0000] {dag.py:3036} INFO - Sync 1 DAGs
[2025-01-06T12:36:12.105+0000] {logging_mixin.py:188} INFO - [2025-01-06T12:36:12.105+0000] {dag.py:3823} INFO - Setting next_dagrun for example_time_delta_sensor_async to None, run_after=None
[2025-01-06T12:36:12.133+0000] {processor.py:183} INFO - Processing /home/airflow/.local/lib/python3.11/site-packages/airflow/example_dags/example_time_delta_sensor_async.py took 0.091 seconds
[2025-01-06T12:36:42.636+0000] {processor.py:161} INFO - Started process (PID=3491) to work on /home/airflow/.local/lib/python3.11/site-packages/airflow/example_dags/example_time_delta_sensor_async.py
[2025-01-06T12:36:42.638+0000] {processor.py:830} INFO - Processing file /home/airflow/.local/lib/python3.11/site-packages/airflow/example_dags/example_time_delta_sensor_async.py for tasks to queue
[2025-01-06T12:36:42.639+0000] {logging_mixin.py:188} INFO - [2025-01-06T12:36:42.638+0000] {dagbag.py:538} INFO - Filling up the DagBag from /home/airflow/.local/lib/python3.11/site-packages/airflow/example_dags/example_time_delta_sensor_async.py
[2025-01-06T12:36:42.644+0000] {processor.py:840} INFO - DAG(s) 'example_time_delta_sensor_async' retrieved from /home/airflow/.local/lib/python3.11/site-packages/airflow/example_dags/example_time_delta_sensor_async.py
[2025-01-06T12:36:42.670+0000] {logging_mixin.py:188} INFO - [2025-01-06T12:36:42.670+0000] {dag.py:3036} INFO - Sync 1 DAGs
[2025-01-06T12:36:42.694+0000] {logging_mixin.py:188} INFO - [2025-01-06T12:36:42.694+0000] {dag.py:3823} INFO - Setting next_dagrun for example_time_delta_sensor_async to None, run_after=None
[2025-01-06T12:36:42.724+0000] {processor.py:183} INFO - Processing /home/airflow/.local/lib/python3.11/site-packages/airflow/example_dags/example_time_delta_sensor_async.py took 0.091 seconds
[2025-01-06T12:37:13.218+0000] {processor.py:161} INFO - Started process (PID=3555) to work on /home/airflow/.local/lib/python3.11/site-packages/airflow/example_dags/example_time_delta_sensor_async.py
[2025-01-06T12:37:13.219+0000] {processor.py:830} INFO - Processing file /home/airflow/.local/lib/python3.11/site-packages/airflow/example_dags/example_time_delta_sensor_async.py for tasks to queue
[2025-01-06T12:37:13.221+0000] {logging_mixin.py:188} INFO - [2025-01-06T12:37:13.220+0000] {dagbag.py:538} INFO - Filling up the DagBag from /home/airflow/.local/lib/python3.11/site-packages/airflow/example_dags/example_time_delta_sensor_async.py
[2025-01-06T12:37:13.226+0000] {processor.py:840} INFO - DAG(s) 'example_time_delta_sensor_async' retrieved from /home/airflow/.local/lib/python3.11/site-packages/airflow/example_dags/example_time_delta_sensor_async.py
[2025-01-06T12:37:13.258+0000] {logging_mixin.py:188} INFO - [2025-01-06T12:37:13.258+0000] {dag.py:3036} INFO - Sync 1 DAGs
[2025-01-06T12:37:13.285+0000] {logging_mixin.py:188} INFO - [2025-01-06T12:37:13.284+0000] {dag.py:3823} INFO - Setting next_dagrun for example_time_delta_sensor_async to None, run_after=None
[2025-01-06T12:37:13.318+0000] {processor.py:183} INFO - Processing /home/airflow/.local/lib/python3.11/site-packages/airflow/example_dags/example_time_delta_sensor_async.py took 0.105 seconds
[2025-01-06T12:37:43.603+0000] {processor.py:161} INFO - Started process (PID=3627) to work on /home/airflow/.local/lib/python3.11/site-packages/airflow/example_dags/example_time_delta_sensor_async.py
[2025-01-06T12:37:43.605+0000] {processor.py:830} INFO - Processing file /home/airflow/.local/lib/python3.11/site-packages/airflow/example_dags/example_time_delta_sensor_async.py for tasks to queue
[2025-01-06T12:37:43.606+0000] {logging_mixin.py:188} INFO - [2025-01-06T12:37:43.606+0000] {dagbag.py:538} INFO - Filling up the DagBag from /home/airflow/.local/lib/python3.11/site-packages/airflow/example_dags/example_time_delta_sensor_async.py
[2025-01-06T12:37:43.613+0000] {processor.py:840} INFO - DAG(s) 'example_time_delta_sensor_async' retrieved from /home/airflow/.local/lib/python3.11/site-packages/airflow/example_dags/example_time_delta_sensor_async.py
[2025-01-06T12:37:43.645+0000] {logging_mixin.py:188} INFO - [2025-01-06T12:37:43.645+0000] {dag.py:3036} INFO - Sync 1 DAGs
[2025-01-06T12:37:43.671+0000] {logging_mixin.py:188} INFO - [2025-01-06T12:37:43.670+0000] {dag.py:3823} INFO - Setting next_dagrun for example_time_delta_sensor_async to None, run_after=None
[2025-01-06T12:37:43.748+0000] {processor.py:183} INFO - Processing /home/airflow/.local/lib/python3.11/site-packages/airflow/example_dags/example_time_delta_sensor_async.py took 0.149 seconds
[2025-01-06T12:38:14.631+0000] {processor.py:161} INFO - Started process (PID=3691) to work on /home/airflow/.local/lib/python3.11/site-packages/airflow/example_dags/example_time_delta_sensor_async.py
[2025-01-06T12:38:14.633+0000] {processor.py:830} INFO - Processing file /home/airflow/.local/lib/python3.11/site-packages/airflow/example_dags/example_time_delta_sensor_async.py for tasks to queue
[2025-01-06T12:38:14.635+0000] {logging_mixin.py:188} INFO - [2025-01-06T12:38:14.635+0000] {dagbag.py:538} INFO - Filling up the DagBag from /home/airflow/.local/lib/python3.11/site-packages/airflow/example_dags/example_time_delta_sensor_async.py
[2025-01-06T12:38:14.645+0000] {processor.py:840} INFO - DAG(s) 'example_time_delta_sensor_async' retrieved from /home/airflow/.local/lib/python3.11/site-packages/airflow/example_dags/example_time_delta_sensor_async.py
[2025-01-06T12:38:14.683+0000] {logging_mixin.py:188} INFO - [2025-01-06T12:38:14.683+0000] {dag.py:3036} INFO - Sync 1 DAGs
[2025-01-06T12:38:14.707+0000] {logging_mixin.py:188} INFO - [2025-01-06T12:38:14.707+0000] {dag.py:3823} INFO - Setting next_dagrun for example_time_delta_sensor_async to None, run_after=None
[2025-01-06T12:38:14.749+0000] {processor.py:183} INFO - Processing /home/airflow/.local/lib/python3.11/site-packages/airflow/example_dags/example_time_delta_sensor_async.py took 0.124 seconds
[2025-01-06T12:38:45.475+0000] {processor.py:161} INFO - Started process (PID=3755) to work on /home/airflow/.local/lib/python3.11/site-packages/airflow/example_dags/example_time_delta_sensor_async.py
[2025-01-06T12:38:45.477+0000] {processor.py:830} INFO - Processing file /home/airflow/.local/lib/python3.11/site-packages/airflow/example_dags/example_time_delta_sensor_async.py for tasks to queue
[2025-01-06T12:38:45.479+0000] {logging_mixin.py:188} INFO - [2025-01-06T12:38:45.479+0000] {dagbag.py:538} INFO - Filling up the DagBag from /home/airflow/.local/lib/python3.11/site-packages/airflow/example_dags/example_time_delta_sensor_async.py
[2025-01-06T12:38:45.488+0000] {processor.py:840} INFO - DAG(s) 'example_time_delta_sensor_async' retrieved from /home/airflow/.local/lib/python3.11/site-packages/airflow/example_dags/example_time_delta_sensor_async.py
[2025-01-06T12:38:45.517+0000] {logging_mixin.py:188} INFO - [2025-01-06T12:38:45.517+0000] {dag.py:3036} INFO - Sync 1 DAGs
[2025-01-06T12:38:45.530+0000] {logging_mixin.py:188} INFO - [2025-01-06T12:38:45.530+0000] {dag.py:3823} INFO - Setting next_dagrun for example_time_delta_sensor_async to None, run_after=None
[2025-01-06T12:38:45.561+0000] {processor.py:183} INFO - Processing /home/airflow/.local/lib/python3.11/site-packages/airflow/example_dags/example_time_delta_sensor_async.py took 0.093 seconds
[2025-01-06T12:39:15.677+0000] {processor.py:161} INFO - Started process (PID=3819) to work on /home/airflow/.local/lib/python3.11/site-packages/airflow/example_dags/example_time_delta_sensor_async.py
[2025-01-06T12:39:15.678+0000] {processor.py:830} INFO - Processing file /home/airflow/.local/lib/python3.11/site-packages/airflow/example_dags/example_time_delta_sensor_async.py for tasks to queue
[2025-01-06T12:39:15.680+0000] {logging_mixin.py:188} INFO - [2025-01-06T12:39:15.680+0000] {dagbag.py:538} INFO - Filling up the DagBag from /home/airflow/.local/lib/python3.11/site-packages/airflow/example_dags/example_time_delta_sensor_async.py
[2025-01-06T12:39:15.686+0000] {processor.py:840} INFO - DAG(s) 'example_time_delta_sensor_async' retrieved from /home/airflow/.local/lib/python3.11/site-packages/airflow/example_dags/example_time_delta_sensor_async.py
[2025-01-06T12:39:15.715+0000] {logging_mixin.py:188} INFO - [2025-01-06T12:39:15.715+0000] {dag.py:3036} INFO - Sync 1 DAGs
[2025-01-06T12:39:15.728+0000] {logging_mixin.py:188} INFO - [2025-01-06T12:39:15.728+0000] {dag.py:3823} INFO - Setting next_dagrun for example_time_delta_sensor_async to None, run_after=None
[2025-01-06T12:39:15.757+0000] {processor.py:183} INFO - Processing /home/airflow/.local/lib/python3.11/site-packages/airflow/example_dags/example_time_delta_sensor_async.py took 0.085 seconds
[2025-01-06T12:39:45.824+0000] {processor.py:161} INFO - Started process (PID=3890) to work on /home/airflow/.local/lib/python3.11/site-packages/airflow/example_dags/example_time_delta_sensor_async.py
[2025-01-06T12:39:45.825+0000] {processor.py:830} INFO - Processing file /home/airflow/.local/lib/python3.11/site-packages/airflow/example_dags/example_time_delta_sensor_async.py for tasks to queue
[2025-01-06T12:39:45.826+0000] {logging_mixin.py:188} INFO - [2025-01-06T12:39:45.826+0000] {dagbag.py:538} INFO - Filling up the DagBag from /home/airflow/.local/lib/python3.11/site-packages/airflow/example_dags/example_time_delta_sensor_async.py
[2025-01-06T12:39:45.831+0000] {processor.py:840} INFO - DAG(s) 'example_time_delta_sensor_async' retrieved from /home/airflow/.local/lib/python3.11/site-packages/airflow/example_dags/example_time_delta_sensor_async.py
[2025-01-06T12:39:45.855+0000] {logging_mixin.py:188} INFO - [2025-01-06T12:39:45.855+0000] {dag.py:3036} INFO - Sync 1 DAGs
[2025-01-06T12:39:45.868+0000] {logging_mixin.py:188} INFO - [2025-01-06T12:39:45.868+0000] {dag.py:3823} INFO - Setting next_dagrun for example_time_delta_sensor_async to None, run_after=None
[2025-01-06T12:39:45.899+0000] {processor.py:183} INFO - Processing /home/airflow/.local/lib/python3.11/site-packages/airflow/example_dags/example_time_delta_sensor_async.py took 0.079 seconds
[2025-01-06T12:40:16.291+0000] {processor.py:161} INFO - Started process (PID=3954) to work on /home/airflow/.local/lib/python3.11/site-packages/airflow/example_dags/example_time_delta_sensor_async.py
[2025-01-06T12:40:16.293+0000] {processor.py:830} INFO - Processing file /home/airflow/.local/lib/python3.11/site-packages/airflow/example_dags/example_time_delta_sensor_async.py for tasks to queue
[2025-01-06T12:40:16.295+0000] {logging_mixin.py:188} INFO - [2025-01-06T12:40:16.294+0000] {dagbag.py:538} INFO - Filling up the DagBag from /home/airflow/.local/lib/python3.11/site-packages/airflow/example_dags/example_time_delta_sensor_async.py
[2025-01-06T12:40:16.302+0000] {processor.py:840} INFO - DAG(s) 'example_time_delta_sensor_async' retrieved from /home/airflow/.local/lib/python3.11/site-packages/airflow/example_dags/example_time_delta_sensor_async.py
[2025-01-06T12:40:16.325+0000] {logging_mixin.py:188} INFO - [2025-01-06T12:40:16.325+0000] {dag.py:3036} INFO - Sync 1 DAGs
[2025-01-06T12:40:16.338+0000] {logging_mixin.py:188} INFO - [2025-01-06T12:40:16.338+0000] {dag.py:3823} INFO - Setting next_dagrun for example_time_delta_sensor_async to None, run_after=None
[2025-01-06T12:40:16.367+0000] {processor.py:183} INFO - Processing /home/airflow/.local/lib/python3.11/site-packages/airflow/example_dags/example_time_delta_sensor_async.py took 0.083 seconds
[2025-01-06T12:40:46.575+0000] {processor.py:161} INFO - Started process (PID=4018) to work on /home/airflow/.local/lib/python3.11/site-packages/airflow/example_dags/example_time_delta_sensor_async.py
[2025-01-06T12:40:46.576+0000] {processor.py:830} INFO - Processing file /home/airflow/.local/lib/python3.11/site-packages/airflow/example_dags/example_time_delta_sensor_async.py for tasks to queue
[2025-01-06T12:40:46.578+0000] {logging_mixin.py:188} INFO - [2025-01-06T12:40:46.578+0000] {dagbag.py:538} INFO - Filling up the DagBag from /home/airflow/.local/lib/python3.11/site-packages/airflow/example_dags/example_time_delta_sensor_async.py
[2025-01-06T12:40:46.584+0000] {processor.py:840} INFO - DAG(s) 'example_time_delta_sensor_async' retrieved from /home/airflow/.local/lib/python3.11/site-packages/airflow/example_dags/example_time_delta_sensor_async.py
[2025-01-06T12:40:46.612+0000] {logging_mixin.py:188} INFO - [2025-01-06T12:40:46.612+0000] {dag.py:3036} INFO - Sync 1 DAGs
[2025-01-06T12:40:46.625+0000] {logging_mixin.py:188} INFO - [2025-01-06T12:40:46.625+0000] {dag.py:3823} INFO - Setting next_dagrun for example_time_delta_sensor_async to None, run_after=None
[2025-01-06T12:40:46.653+0000] {processor.py:183} INFO - Processing /home/airflow/.local/lib/python3.11/site-packages/airflow/example_dags/example_time_delta_sensor_async.py took 0.084 seconds
[2025-01-06T12:41:16.810+0000] {processor.py:161} INFO - Started process (PID=4089) to work on /home/airflow/.local/lib/python3.11/site-packages/airflow/example_dags/example_time_delta_sensor_async.py
[2025-01-06T12:41:16.811+0000] {processor.py:830} INFO - Processing file /home/airflow/.local/lib/python3.11/site-packages/airflow/example_dags/example_time_delta_sensor_async.py for tasks to queue
[2025-01-06T12:41:16.813+0000] {logging_mixin.py:188} INFO - [2025-01-06T12:41:16.812+0000] {dagbag.py:538} INFO - Filling up the DagBag from /home/airflow/.local/lib/python3.11/site-packages/airflow/example_dags/example_time_delta_sensor_async.py
[2025-01-06T12:41:16.820+0000] {processor.py:840} INFO - DAG(s) 'example_time_delta_sensor_async' retrieved from /home/airflow/.local/lib/python3.11/site-packages/airflow/example_dags/example_time_delta_sensor_async.py
[2025-01-06T12:41:16.846+0000] {logging_mixin.py:188} INFO - [2025-01-06T12:41:16.846+0000] {dag.py:3036} INFO - Sync 1 DAGs
[2025-01-06T12:41:16.860+0000] {logging_mixin.py:188} INFO - [2025-01-06T12:41:16.860+0000] {dag.py:3823} INFO - Setting next_dagrun for example_time_delta_sensor_async to None, run_after=None
[2025-01-06T12:41:16.893+0000] {processor.py:183} INFO - Processing /home/airflow/.local/lib/python3.11/site-packages/airflow/example_dags/example_time_delta_sensor_async.py took 0.089 seconds
[2025-01-06T12:41:47.105+0000] {processor.py:161} INFO - Started process (PID=4152) to work on /home/airflow/.local/lib/python3.11/site-packages/airflow/example_dags/example_time_delta_sensor_async.py
[2025-01-06T12:41:47.107+0000] {processor.py:830} INFO - Processing file /home/airflow/.local/lib/python3.11/site-packages/airflow/example_dags/example_time_delta_sensor_async.py for tasks to queue
[2025-01-06T12:41:47.109+0000] {logging_mixin.py:188} INFO - [2025-01-06T12:41:47.108+0000] {dagbag.py:538} INFO - Filling up the DagBag from /home/airflow/.local/lib/python3.11/site-packages/airflow/example_dags/example_time_delta_sensor_async.py
[2025-01-06T12:41:47.118+0000] {processor.py:840} INFO - DAG(s) 'example_time_delta_sensor_async' retrieved from /home/airflow/.local/lib/python3.11/site-packages/airflow/example_dags/example_time_delta_sensor_async.py
[2025-01-06T12:41:47.142+0000] {logging_mixin.py:188} INFO - [2025-01-06T12:41:47.142+0000] {dag.py:3036} INFO - Sync 1 DAGs
[2025-01-06T12:41:47.159+0000] {logging_mixin.py:188} INFO - [2025-01-06T12:41:47.158+0000] {dag.py:3823} INFO - Setting next_dagrun for example_time_delta_sensor_async to None, run_after=None
[2025-01-06T12:41:47.187+0000] {processor.py:183} INFO - Processing /home/airflow/.local/lib/python3.11/site-packages/airflow/example_dags/example_time_delta_sensor_async.py took 0.090 seconds
[2025-01-06T12:42:17.376+0000] {processor.py:161} INFO - Started process (PID=4216) to work on /home/airflow/.local/lib/python3.11/site-packages/airflow/example_dags/example_time_delta_sensor_async.py
[2025-01-06T12:42:17.377+0000] {processor.py:830} INFO - Processing file /home/airflow/.local/lib/python3.11/site-packages/airflow/example_dags/example_time_delta_sensor_async.py for tasks to queue
[2025-01-06T12:42:17.379+0000] {logging_mixin.py:188} INFO - [2025-01-06T12:42:17.378+0000] {dagbag.py:538} INFO - Filling up the DagBag from /home/airflow/.local/lib/python3.11/site-packages/airflow/example_dags/example_time_delta_sensor_async.py
[2025-01-06T12:42:17.384+0000] {processor.py:840} INFO - DAG(s) 'example_time_delta_sensor_async' retrieved from /home/airflow/.local/lib/python3.11/site-packages/airflow/example_dags/example_time_delta_sensor_async.py
[2025-01-06T12:42:17.409+0000] {logging_mixin.py:188} INFO - [2025-01-06T12:42:17.409+0000] {dag.py:3036} INFO - Sync 1 DAGs
[2025-01-06T12:42:17.422+0000] {logging_mixin.py:188} INFO - [2025-01-06T12:42:17.422+0000] {dag.py:3823} INFO - Setting next_dagrun for example_time_delta_sensor_async to None, run_after=None
[2025-01-06T12:42:17.451+0000] {processor.py:183} INFO - Processing /home/airflow/.local/lib/python3.11/site-packages/airflow/example_dags/example_time_delta_sensor_async.py took 0.079 seconds
[2025-01-06T12:42:47.897+0000] {processor.py:161} INFO - Started process (PID=4287) to work on /home/airflow/.local/lib/python3.11/site-packages/airflow/example_dags/example_time_delta_sensor_async.py
[2025-01-06T12:42:47.899+0000] {processor.py:830} INFO - Processing file /home/airflow/.local/lib/python3.11/site-packages/airflow/example_dags/example_time_delta_sensor_async.py for tasks to queue
[2025-01-06T12:42:47.900+0000] {logging_mixin.py:188} INFO - [2025-01-06T12:42:47.900+0000] {dagbag.py:538} INFO - Filling up the DagBag from /home/airflow/.local/lib/python3.11/site-packages/airflow/example_dags/example_time_delta_sensor_async.py
[2025-01-06T12:42:47.907+0000] {processor.py:840} INFO - DAG(s) 'example_time_delta_sensor_async' retrieved from /home/airflow/.local/lib/python3.11/site-packages/airflow/example_dags/example_time_delta_sensor_async.py
[2025-01-06T12:42:47.933+0000] {logging_mixin.py:188} INFO - [2025-01-06T12:42:47.933+0000] {dag.py:3036} INFO - Sync 1 DAGs
[2025-01-06T12:42:47.947+0000] {logging_mixin.py:188} INFO - [2025-01-06T12:42:47.947+0000] {dag.py:3823} INFO - Setting next_dagrun for example_time_delta_sensor_async to None, run_after=None
[2025-01-06T12:42:47.968+0000] {processor.py:183} INFO - Processing /home/airflow/.local/lib/python3.11/site-packages/airflow/example_dags/example_time_delta_sensor_async.py took 0.074 seconds
[2025-01-06T12:43:18.049+0000] {processor.py:161} INFO - Started process (PID=4351) to work on /home/airflow/.local/lib/python3.11/site-packages/airflow/example_dags/example_time_delta_sensor_async.py
[2025-01-06T12:43:18.051+0000] {processor.py:830} INFO - Processing file /home/airflow/.local/lib/python3.11/site-packages/airflow/example_dags/example_time_delta_sensor_async.py for tasks to queue
[2025-01-06T12:43:18.052+0000] {logging_mixin.py:188} INFO - [2025-01-06T12:43:18.052+0000] {dagbag.py:538} INFO - Filling up the DagBag from /home/airflow/.local/lib/python3.11/site-packages/airflow/example_dags/example_time_delta_sensor_async.py
[2025-01-06T12:43:18.058+0000] {processor.py:840} INFO - DAG(s) 'example_time_delta_sensor_async' retrieved from /home/airflow/.local/lib/python3.11/site-packages/airflow/example_dags/example_time_delta_sensor_async.py
[2025-01-06T12:43:18.086+0000] {logging_mixin.py:188} INFO - [2025-01-06T12:43:18.085+0000] {dag.py:3036} INFO - Sync 1 DAGs
[2025-01-06T12:43:18.099+0000] {logging_mixin.py:188} INFO - [2025-01-06T12:43:18.099+0000] {dag.py:3823} INFO - Setting next_dagrun for example_time_delta_sensor_async to None, run_after=None
[2025-01-06T12:43:18.121+0000] {processor.py:183} INFO - Processing /home/airflow/.local/lib/python3.11/site-packages/airflow/example_dags/example_time_delta_sensor_async.py took 0.076 seconds
[2025-01-06T12:43:48.472+0000] {processor.py:161} INFO - Started process (PID=4415) to work on /home/airflow/.local/lib/python3.11/site-packages/airflow/example_dags/example_time_delta_sensor_async.py
[2025-01-06T12:43:48.474+0000] {processor.py:830} INFO - Processing file /home/airflow/.local/lib/python3.11/site-packages/airflow/example_dags/example_time_delta_sensor_async.py for tasks to queue
[2025-01-06T12:43:48.476+0000] {logging_mixin.py:188} INFO - [2025-01-06T12:43:48.476+0000] {dagbag.py:538} INFO - Filling up the DagBag from /home/airflow/.local/lib/python3.11/site-packages/airflow/example_dags/example_time_delta_sensor_async.py
[2025-01-06T12:43:48.484+0000] {processor.py:840} INFO - DAG(s) 'example_time_delta_sensor_async' retrieved from /home/airflow/.local/lib/python3.11/site-packages/airflow/example_dags/example_time_delta_sensor_async.py
[2025-01-06T12:43:48.520+0000] {logging_mixin.py:188} INFO - [2025-01-06T12:43:48.520+0000] {dag.py:3036} INFO - Sync 1 DAGs
[2025-01-06T12:43:48.537+0000] {logging_mixin.py:188} INFO - [2025-01-06T12:43:48.536+0000] {dag.py:3823} INFO - Setting next_dagrun for example_time_delta_sensor_async to None, run_after=None
[2025-01-06T12:43:48.567+0000] {processor.py:183} INFO - Processing /home/airflow/.local/lib/python3.11/site-packages/airflow/example_dags/example_time_delta_sensor_async.py took 0.098 seconds
[2025-01-06T12:44:18.810+0000] {processor.py:161} INFO - Started process (PID=4486) to work on /home/airflow/.local/lib/python3.11/site-packages/airflow/example_dags/example_time_delta_sensor_async.py
[2025-01-06T12:44:18.811+0000] {processor.py:830} INFO - Processing file /home/airflow/.local/lib/python3.11/site-packages/airflow/example_dags/example_time_delta_sensor_async.py for tasks to queue
[2025-01-06T12:44:18.813+0000] {logging_mixin.py:188} INFO - [2025-01-06T12:44:18.812+0000] {dagbag.py:538} INFO - Filling up the DagBag from /home/airflow/.local/lib/python3.11/site-packages/airflow/example_dags/example_time_delta_sensor_async.py
[2025-01-06T12:44:18.818+0000] {processor.py:840} INFO - DAG(s) 'example_time_delta_sensor_async' retrieved from /home/airflow/.local/lib/python3.11/site-packages/airflow/example_dags/example_time_delta_sensor_async.py
[2025-01-06T12:44:18.843+0000] {logging_mixin.py:188} INFO - [2025-01-06T12:44:18.843+0000] {dag.py:3036} INFO - Sync 1 DAGs
[2025-01-06T12:44:18.856+0000] {logging_mixin.py:188} INFO - [2025-01-06T12:44:18.856+0000] {dag.py:3823} INFO - Setting next_dagrun for example_time_delta_sensor_async to None, run_after=None
[2025-01-06T12:44:18.886+0000] {processor.py:183} INFO - Processing /home/airflow/.local/lib/python3.11/site-packages/airflow/example_dags/example_time_delta_sensor_async.py took 0.079 seconds
[2025-01-06T12:44:49.050+0000] {processor.py:161} INFO - Started process (PID=4550) to work on /home/airflow/.local/lib/python3.11/site-packages/airflow/example_dags/example_time_delta_sensor_async.py
[2025-01-06T12:44:49.052+0000] {processor.py:830} INFO - Processing file /home/airflow/.local/lib/python3.11/site-packages/airflow/example_dags/example_time_delta_sensor_async.py for tasks to queue
[2025-01-06T12:44:49.053+0000] {logging_mixin.py:188} INFO - [2025-01-06T12:44:49.053+0000] {dagbag.py:538} INFO - Filling up the DagBag from /home/airflow/.local/lib/python3.11/site-packages/airflow/example_dags/example_time_delta_sensor_async.py
[2025-01-06T12:44:49.061+0000] {processor.py:840} INFO - DAG(s) 'example_time_delta_sensor_async' retrieved from /home/airflow/.local/lib/python3.11/site-packages/airflow/example_dags/example_time_delta_sensor_async.py
[2025-01-06T12:44:49.088+0000] {logging_mixin.py:188} INFO - [2025-01-06T12:44:49.088+0000] {dag.py:3036} INFO - Sync 1 DAGs
[2025-01-06T12:44:49.103+0000] {logging_mixin.py:188} INFO - [2025-01-06T12:44:49.102+0000] {dag.py:3823} INFO - Setting next_dagrun for example_time_delta_sensor_async to None, run_after=None
[2025-01-06T12:44:49.133+0000] {processor.py:183} INFO - Processing /home/airflow/.local/lib/python3.11/site-packages/airflow/example_dags/example_time_delta_sensor_async.py took 0.088 seconds
[2025-01-06T12:45:19.373+0000] {processor.py:161} INFO - Started process (PID=4614) to work on /home/airflow/.local/lib/python3.11/site-packages/airflow/example_dags/example_time_delta_sensor_async.py
[2025-01-06T12:45:19.375+0000] {processor.py:830} INFO - Processing file /home/airflow/.local/lib/python3.11/site-packages/airflow/example_dags/example_time_delta_sensor_async.py for tasks to queue
[2025-01-06T12:45:19.377+0000] {logging_mixin.py:188} INFO - [2025-01-06T12:45:19.376+0000] {dagbag.py:538} INFO - Filling up the DagBag from /home/airflow/.local/lib/python3.11/site-packages/airflow/example_dags/example_time_delta_sensor_async.py
[2025-01-06T12:45:19.386+0000] {processor.py:840} INFO - DAG(s) 'example_time_delta_sensor_async' retrieved from /home/airflow/.local/lib/python3.11/site-packages/airflow/example_dags/example_time_delta_sensor_async.py
[2025-01-06T12:45:19.419+0000] {logging_mixin.py:188} INFO - [2025-01-06T12:45:19.419+0000] {dag.py:3036} INFO - Sync 1 DAGs
[2025-01-06T12:45:19.433+0000] {logging_mixin.py:188} INFO - [2025-01-06T12:45:19.433+0000] {dag.py:3823} INFO - Setting next_dagrun for example_time_delta_sensor_async to None, run_after=None
[2025-01-06T12:45:19.463+0000] {processor.py:183} INFO - Processing /home/airflow/.local/lib/python3.11/site-packages/airflow/example_dags/example_time_delta_sensor_async.py took 0.096 seconds
[2025-01-06T12:45:49.781+0000] {processor.py:161} INFO - Started process (PID=4685) to work on /home/airflow/.local/lib/python3.11/site-packages/airflow/example_dags/example_time_delta_sensor_async.py
[2025-01-06T12:45:49.782+0000] {processor.py:830} INFO - Processing file /home/airflow/.local/lib/python3.11/site-packages/airflow/example_dags/example_time_delta_sensor_async.py for tasks to queue
[2025-01-06T12:45:49.783+0000] {logging_mixin.py:188} INFO - [2025-01-06T12:45:49.783+0000] {dagbag.py:538} INFO - Filling up the DagBag from /home/airflow/.local/lib/python3.11/site-packages/airflow/example_dags/example_time_delta_sensor_async.py
[2025-01-06T12:45:49.789+0000] {processor.py:840} INFO - DAG(s) 'example_time_delta_sensor_async' retrieved from /home/airflow/.local/lib/python3.11/site-packages/airflow/example_dags/example_time_delta_sensor_async.py
[2025-01-06T12:45:49.813+0000] {logging_mixin.py:188} INFO - [2025-01-06T12:45:49.813+0000] {dag.py:3036} INFO - Sync 1 DAGs
[2025-01-06T12:45:49.827+0000] {logging_mixin.py:188} INFO - [2025-01-06T12:45:49.827+0000] {dag.py:3823} INFO - Setting next_dagrun for example_time_delta_sensor_async to None, run_after=None
[2025-01-06T12:45:49.857+0000] {processor.py:183} INFO - Processing /home/airflow/.local/lib/python3.11/site-packages/airflow/example_dags/example_time_delta_sensor_async.py took 0.080 seconds
[2025-01-06T12:46:19.994+0000] {processor.py:161} INFO - Started process (PID=4749) to work on /home/airflow/.local/lib/python3.11/site-packages/airflow/example_dags/example_time_delta_sensor_async.py
[2025-01-06T12:46:19.996+0000] {processor.py:830} INFO - Processing file /home/airflow/.local/lib/python3.11/site-packages/airflow/example_dags/example_time_delta_sensor_async.py for tasks to queue
[2025-01-06T12:46:19.997+0000] {logging_mixin.py:188} INFO - [2025-01-06T12:46:19.996+0000] {dagbag.py:538} INFO - Filling up the DagBag from /home/airflow/.local/lib/python3.11/site-packages/airflow/example_dags/example_time_delta_sensor_async.py
[2025-01-06T12:46:20.002+0000] {processor.py:840} INFO - DAG(s) 'example_time_delta_sensor_async' retrieved from /home/airflow/.local/lib/python3.11/site-packages/airflow/example_dags/example_time_delta_sensor_async.py
[2025-01-06T12:46:20.026+0000] {logging_mixin.py:188} INFO - [2025-01-06T12:46:20.026+0000] {dag.py:3036} INFO - Sync 1 DAGs
[2025-01-06T12:46:20.039+0000] {logging_mixin.py:188} INFO - [2025-01-06T12:46:20.039+0000] {dag.py:3823} INFO - Setting next_dagrun for example_time_delta_sensor_async to None, run_after=None
[2025-01-06T12:46:20.066+0000] {processor.py:183} INFO - Processing /home/airflow/.local/lib/python3.11/site-packages/airflow/example_dags/example_time_delta_sensor_async.py took 0.074 seconds
[2025-01-06T12:46:50.548+0000] {processor.py:161} INFO - Started process (PID=4813) to work on /home/airflow/.local/lib/python3.11/site-packages/airflow/example_dags/example_time_delta_sensor_async.py
[2025-01-06T12:46:50.549+0000] {processor.py:830} INFO - Processing file /home/airflow/.local/lib/python3.11/site-packages/airflow/example_dags/example_time_delta_sensor_async.py for tasks to queue
[2025-01-06T12:46:50.552+0000] {logging_mixin.py:188} INFO - [2025-01-06T12:46:50.551+0000] {dagbag.py:538} INFO - Filling up the DagBag from /home/airflow/.local/lib/python3.11/site-packages/airflow/example_dags/example_time_delta_sensor_async.py
[2025-01-06T12:46:50.561+0000] {processor.py:840} INFO - DAG(s) 'example_time_delta_sensor_async' retrieved from /home/airflow/.local/lib/python3.11/site-packages/airflow/example_dags/example_time_delta_sensor_async.py
[2025-01-06T12:46:50.591+0000] {logging_mixin.py:188} INFO - [2025-01-06T12:46:50.591+0000] {dag.py:3036} INFO - Sync 1 DAGs
[2025-01-06T12:46:50.604+0000] {logging_mixin.py:188} INFO - [2025-01-06T12:46:50.604+0000] {dag.py:3823} INFO - Setting next_dagrun for example_time_delta_sensor_async to None, run_after=None
[2025-01-06T12:46:50.633+0000] {processor.py:183} INFO - Processing /home/airflow/.local/lib/python3.11/site-packages/airflow/example_dags/example_time_delta_sensor_async.py took 0.092 seconds
[2025-01-06T12:47:21.525+0000] {processor.py:161} INFO - Started process (PID=4885) to work on /home/airflow/.local/lib/python3.11/site-packages/airflow/example_dags/example_time_delta_sensor_async.py
[2025-01-06T12:47:21.526+0000] {processor.py:830} INFO - Processing file /home/airflow/.local/lib/python3.11/site-packages/airflow/example_dags/example_time_delta_sensor_async.py for tasks to queue
[2025-01-06T12:47:21.528+0000] {logging_mixin.py:188} INFO - [2025-01-06T12:47:21.527+0000] {dagbag.py:538} INFO - Filling up the DagBag from /home/airflow/.local/lib/python3.11/site-packages/airflow/example_dags/example_time_delta_sensor_async.py
[2025-01-06T12:47:21.534+0000] {processor.py:840} INFO - DAG(s) 'example_time_delta_sensor_async' retrieved from /home/airflow/.local/lib/python3.11/site-packages/airflow/example_dags/example_time_delta_sensor_async.py
[2025-01-06T12:47:21.560+0000] {logging_mixin.py:188} INFO - [2025-01-06T12:47:21.559+0000] {dag.py:3036} INFO - Sync 1 DAGs
[2025-01-06T12:47:21.573+0000] {logging_mixin.py:188} INFO - [2025-01-06T12:47:21.573+0000] {dag.py:3823} INFO - Setting next_dagrun for example_time_delta_sensor_async to None, run_after=None
[2025-01-06T12:47:21.595+0000] {processor.py:183} INFO - Processing /home/airflow/.local/lib/python3.11/site-packages/airflow/example_dags/example_time_delta_sensor_async.py took 0.073 seconds
[2025-01-06T12:47:51.963+0000] {processor.py:161} INFO - Started process (PID=4949) to work on /home/airflow/.local/lib/python3.11/site-packages/airflow/example_dags/example_time_delta_sensor_async.py
[2025-01-06T12:47:51.964+0000] {processor.py:830} INFO - Processing file /home/airflow/.local/lib/python3.11/site-packages/airflow/example_dags/example_time_delta_sensor_async.py for tasks to queue
[2025-01-06T12:47:51.966+0000] {logging_mixin.py:188} INFO - [2025-01-06T12:47:51.965+0000] {dagbag.py:538} INFO - Filling up the DagBag from /home/airflow/.local/lib/python3.11/site-packages/airflow/example_dags/example_time_delta_sensor_async.py
[2025-01-06T12:47:51.972+0000] {processor.py:840} INFO - DAG(s) 'example_time_delta_sensor_async' retrieved from /home/airflow/.local/lib/python3.11/site-packages/airflow/example_dags/example_time_delta_sensor_async.py
[2025-01-06T12:47:51.998+0000] {logging_mixin.py:188} INFO - [2025-01-06T12:47:51.997+0000] {dag.py:3036} INFO - Sync 1 DAGs
[2025-01-06T12:47:52.012+0000] {logging_mixin.py:188} INFO - [2025-01-06T12:47:52.012+0000] {dag.py:3823} INFO - Setting next_dagrun for example_time_delta_sensor_async to None, run_after=None
[2025-01-06T12:47:52.041+0000] {processor.py:183} INFO - Processing /home/airflow/.local/lib/python3.11/site-packages/airflow/example_dags/example_time_delta_sensor_async.py took 0.083 seconds
[2025-01-06T12:48:22.982+0000] {processor.py:161} INFO - Started process (PID=5013) to work on /home/airflow/.local/lib/python3.11/site-packages/airflow/example_dags/example_time_delta_sensor_async.py
[2025-01-06T12:48:22.984+0000] {processor.py:830} INFO - Processing file /home/airflow/.local/lib/python3.11/site-packages/airflow/example_dags/example_time_delta_sensor_async.py for tasks to queue
[2025-01-06T12:48:22.986+0000] {logging_mixin.py:188} INFO - [2025-01-06T12:48:22.985+0000] {dagbag.py:538} INFO - Filling up the DagBag from /home/airflow/.local/lib/python3.11/site-packages/airflow/example_dags/example_time_delta_sensor_async.py
[2025-01-06T12:48:22.994+0000] {processor.py:840} INFO - DAG(s) 'example_time_delta_sensor_async' retrieved from /home/airflow/.local/lib/python3.11/site-packages/airflow/example_dags/example_time_delta_sensor_async.py
[2025-01-06T12:48:23.026+0000] {logging_mixin.py:188} INFO - [2025-01-06T12:48:23.026+0000] {dag.py:3036} INFO - Sync 1 DAGs
[2025-01-06T12:48:23.043+0000] {logging_mixin.py:188} INFO - [2025-01-06T12:48:23.043+0000] {dag.py:3823} INFO - Setting next_dagrun for example_time_delta_sensor_async to None, run_after=None
[2025-01-06T12:48:23.074+0000] {processor.py:183} INFO - Processing /home/airflow/.local/lib/python3.11/site-packages/airflow/example_dags/example_time_delta_sensor_async.py took 0.098 seconds
[2025-01-06T12:48:53.541+0000] {processor.py:161} INFO - Started process (PID=5084) to work on /home/airflow/.local/lib/python3.11/site-packages/airflow/example_dags/example_time_delta_sensor_async.py
[2025-01-06T12:48:53.543+0000] {processor.py:830} INFO - Processing file /home/airflow/.local/lib/python3.11/site-packages/airflow/example_dags/example_time_delta_sensor_async.py for tasks to queue
[2025-01-06T12:48:53.544+0000] {logging_mixin.py:188} INFO - [2025-01-06T12:48:53.543+0000] {dagbag.py:538} INFO - Filling up the DagBag from /home/airflow/.local/lib/python3.11/site-packages/airflow/example_dags/example_time_delta_sensor_async.py
[2025-01-06T12:48:53.549+0000] {processor.py:840} INFO - DAG(s) 'example_time_delta_sensor_async' retrieved from /home/airflow/.local/lib/python3.11/site-packages/airflow/example_dags/example_time_delta_sensor_async.py
[2025-01-06T12:48:53.576+0000] {logging_mixin.py:188} INFO - [2025-01-06T12:48:53.576+0000] {dag.py:3036} INFO - Sync 1 DAGs
[2025-01-06T12:48:53.591+0000] {logging_mixin.py:188} INFO - [2025-01-06T12:48:53.591+0000] {dag.py:3823} INFO - Setting next_dagrun for example_time_delta_sensor_async to None, run_after=None
[2025-01-06T12:48:53.778+0000] {processor.py:183} INFO - Processing /home/airflow/.local/lib/python3.11/site-packages/airflow/example_dags/example_time_delta_sensor_async.py took 0.240 seconds
[2025-01-06T12:49:23.889+0000] {processor.py:161} INFO - Started process (PID=5148) to work on /home/airflow/.local/lib/python3.11/site-packages/airflow/example_dags/example_time_delta_sensor_async.py
[2025-01-06T12:49:23.891+0000] {processor.py:830} INFO - Processing file /home/airflow/.local/lib/python3.11/site-packages/airflow/example_dags/example_time_delta_sensor_async.py for tasks to queue
[2025-01-06T12:49:23.893+0000] {logging_mixin.py:188} INFO - [2025-01-06T12:49:23.892+0000] {dagbag.py:538} INFO - Filling up the DagBag from /home/airflow/.local/lib/python3.11/site-packages/airflow/example_dags/example_time_delta_sensor_async.py
[2025-01-06T12:49:23.902+0000] {processor.py:840} INFO - DAG(s) 'example_time_delta_sensor_async' retrieved from /home/airflow/.local/lib/python3.11/site-packages/airflow/example_dags/example_time_delta_sensor_async.py
[2025-01-06T12:49:23.945+0000] {logging_mixin.py:188} INFO - [2025-01-06T12:49:23.944+0000] {dag.py:3036} INFO - Sync 1 DAGs
[2025-01-06T12:49:23.975+0000] {logging_mixin.py:188} INFO - [2025-01-06T12:49:23.974+0000] {dag.py:3823} INFO - Setting next_dagrun for example_time_delta_sensor_async to None, run_after=None
[2025-01-06T12:49:24.016+0000] {processor.py:183} INFO - Processing /home/airflow/.local/lib/python3.11/site-packages/airflow/example_dags/example_time_delta_sensor_async.py took 0.134 seconds
[2025-01-06T12:49:54.160+0000] {processor.py:161} INFO - Started process (PID=5212) to work on /home/airflow/.local/lib/python3.11/site-packages/airflow/example_dags/example_time_delta_sensor_async.py
[2025-01-06T12:49:54.161+0000] {processor.py:830} INFO - Processing file /home/airflow/.local/lib/python3.11/site-packages/airflow/example_dags/example_time_delta_sensor_async.py for tasks to queue
[2025-01-06T12:49:54.162+0000] {logging_mixin.py:188} INFO - [2025-01-06T12:49:54.162+0000] {dagbag.py:538} INFO - Filling up the DagBag from /home/airflow/.local/lib/python3.11/site-packages/airflow/example_dags/example_time_delta_sensor_async.py
[2025-01-06T12:49:54.169+0000] {processor.py:840} INFO - DAG(s) 'example_time_delta_sensor_async' retrieved from /home/airflow/.local/lib/python3.11/site-packages/airflow/example_dags/example_time_delta_sensor_async.py
[2025-01-06T12:49:54.193+0000] {logging_mixin.py:188} INFO - [2025-01-06T12:49:54.192+0000] {dag.py:3036} INFO - Sync 1 DAGs
[2025-01-06T12:49:54.205+0000] {logging_mixin.py:188} INFO - [2025-01-06T12:49:54.205+0000] {dag.py:3823} INFO - Setting next_dagrun for example_time_delta_sensor_async to None, run_after=None
[2025-01-06T12:49:54.234+0000] {processor.py:183} INFO - Processing /home/airflow/.local/lib/python3.11/site-packages/airflow/example_dags/example_time_delta_sensor_async.py took 0.078 seconds
[2025-01-06T12:50:24.838+0000] {processor.py:161} INFO - Started process (PID=5283) to work on /home/airflow/.local/lib/python3.11/site-packages/airflow/example_dags/example_time_delta_sensor_async.py
[2025-01-06T12:50:24.840+0000] {processor.py:830} INFO - Processing file /home/airflow/.local/lib/python3.11/site-packages/airflow/example_dags/example_time_delta_sensor_async.py for tasks to queue
[2025-01-06T12:50:24.841+0000] {logging_mixin.py:188} INFO - [2025-01-06T12:50:24.841+0000] {dagbag.py:538} INFO - Filling up the DagBag from /home/airflow/.local/lib/python3.11/site-packages/airflow/example_dags/example_time_delta_sensor_async.py
[2025-01-06T12:50:24.848+0000] {processor.py:840} INFO - DAG(s) 'example_time_delta_sensor_async' retrieved from /home/airflow/.local/lib/python3.11/site-packages/airflow/example_dags/example_time_delta_sensor_async.py
[2025-01-06T12:50:24.877+0000] {logging_mixin.py:188} INFO - [2025-01-06T12:50:24.877+0000] {dag.py:3036} INFO - Sync 1 DAGs
[2025-01-06T12:50:24.894+0000] {logging_mixin.py:188} INFO - [2025-01-06T12:50:24.893+0000] {dag.py:3823} INFO - Setting next_dagrun for example_time_delta_sensor_async to None, run_after=None
[2025-01-06T12:50:24.931+0000] {processor.py:183} INFO - Processing /home/airflow/.local/lib/python3.11/site-packages/airflow/example_dags/example_time_delta_sensor_async.py took 0.096 seconds
[2025-01-06T12:50:55.181+0000] {processor.py:161} INFO - Started process (PID=5347) to work on /home/airflow/.local/lib/python3.11/site-packages/airflow/example_dags/example_time_delta_sensor_async.py
[2025-01-06T12:50:55.183+0000] {processor.py:830} INFO - Processing file /home/airflow/.local/lib/python3.11/site-packages/airflow/example_dags/example_time_delta_sensor_async.py for tasks to queue
[2025-01-06T12:50:55.186+0000] {logging_mixin.py:188} INFO - [2025-01-06T12:50:55.185+0000] {dagbag.py:538} INFO - Filling up the DagBag from /home/airflow/.local/lib/python3.11/site-packages/airflow/example_dags/example_time_delta_sensor_async.py
[2025-01-06T12:50:55.194+0000] {processor.py:840} INFO - DAG(s) 'example_time_delta_sensor_async' retrieved from /home/airflow/.local/lib/python3.11/site-packages/airflow/example_dags/example_time_delta_sensor_async.py
[2025-01-06T12:50:55.221+0000] {logging_mixin.py:188} INFO - [2025-01-06T12:50:55.221+0000] {dag.py:3036} INFO - Sync 1 DAGs
[2025-01-06T12:50:55.234+0000] {logging_mixin.py:188} INFO - [2025-01-06T12:50:55.233+0000] {dag.py:3823} INFO - Setting next_dagrun for example_time_delta_sensor_async to None, run_after=None
[2025-01-06T12:50:55.262+0000] {processor.py:183} INFO - Processing /home/airflow/.local/lib/python3.11/site-packages/airflow/example_dags/example_time_delta_sensor_async.py took 0.087 seconds
[2025-01-06T12:51:25.449+0000] {processor.py:161} INFO - Started process (PID=5411) to work on /home/airflow/.local/lib/python3.11/site-packages/airflow/example_dags/example_time_delta_sensor_async.py
[2025-01-06T12:51:25.451+0000] {processor.py:830} INFO - Processing file /home/airflow/.local/lib/python3.11/site-packages/airflow/example_dags/example_time_delta_sensor_async.py for tasks to queue
[2025-01-06T12:51:25.452+0000] {logging_mixin.py:188} INFO - [2025-01-06T12:51:25.452+0000] {dagbag.py:538} INFO - Filling up the DagBag from /home/airflow/.local/lib/python3.11/site-packages/airflow/example_dags/example_time_delta_sensor_async.py
[2025-01-06T12:51:25.461+0000] {processor.py:840} INFO - DAG(s) 'example_time_delta_sensor_async' retrieved from /home/airflow/.local/lib/python3.11/site-packages/airflow/example_dags/example_time_delta_sensor_async.py
[2025-01-06T12:51:25.490+0000] {logging_mixin.py:188} INFO - [2025-01-06T12:51:25.489+0000] {dag.py:3036} INFO - Sync 1 DAGs
[2025-01-06T12:51:25.502+0000] {logging_mixin.py:188} INFO - [2025-01-06T12:51:25.502+0000] {dag.py:3823} INFO - Setting next_dagrun for example_time_delta_sensor_async to None, run_after=None
[2025-01-06T12:51:25.541+0000] {processor.py:183} INFO - Processing /home/airflow/.local/lib/python3.11/site-packages/airflow/example_dags/example_time_delta_sensor_async.py took 0.099 seconds
[2025-01-06T12:51:55.834+0000] {processor.py:161} INFO - Started process (PID=5483) to work on /home/airflow/.local/lib/python3.11/site-packages/airflow/example_dags/example_time_delta_sensor_async.py
[2025-01-06T12:51:55.836+0000] {processor.py:830} INFO - Processing file /home/airflow/.local/lib/python3.11/site-packages/airflow/example_dags/example_time_delta_sensor_async.py for tasks to queue
[2025-01-06T12:51:55.837+0000] {logging_mixin.py:188} INFO - [2025-01-06T12:51:55.837+0000] {dagbag.py:538} INFO - Filling up the DagBag from /home/airflow/.local/lib/python3.11/site-packages/airflow/example_dags/example_time_delta_sensor_async.py
[2025-01-06T12:51:55.843+0000] {processor.py:840} INFO - DAG(s) 'example_time_delta_sensor_async' retrieved from /home/airflow/.local/lib/python3.11/site-packages/airflow/example_dags/example_time_delta_sensor_async.py
[2025-01-06T12:51:55.868+0000] {logging_mixin.py:188} INFO - [2025-01-06T12:51:55.868+0000] {dag.py:3036} INFO - Sync 1 DAGs
[2025-01-06T12:51:55.881+0000] {logging_mixin.py:188} INFO - [2025-01-06T12:51:55.881+0000] {dag.py:3823} INFO - Setting next_dagrun for example_time_delta_sensor_async to None, run_after=None
[2025-01-06T12:51:55.912+0000] {processor.py:183} INFO - Processing /home/airflow/.local/lib/python3.11/site-packages/airflow/example_dags/example_time_delta_sensor_async.py took 0.082 seconds
[2025-01-06T12:52:26.142+0000] {processor.py:161} INFO - Started process (PID=5547) to work on /home/airflow/.local/lib/python3.11/site-packages/airflow/example_dags/example_time_delta_sensor_async.py
[2025-01-06T12:52:26.144+0000] {processor.py:830} INFO - Processing file /home/airflow/.local/lib/python3.11/site-packages/airflow/example_dags/example_time_delta_sensor_async.py for tasks to queue
[2025-01-06T12:52:26.146+0000] {logging_mixin.py:188} INFO - [2025-01-06T12:52:26.146+0000] {dagbag.py:538} INFO - Filling up the DagBag from /home/airflow/.local/lib/python3.11/site-packages/airflow/example_dags/example_time_delta_sensor_async.py
[2025-01-06T12:52:26.156+0000] {processor.py:840} INFO - DAG(s) 'example_time_delta_sensor_async' retrieved from /home/airflow/.local/lib/python3.11/site-packages/airflow/example_dags/example_time_delta_sensor_async.py
[2025-01-06T12:52:26.197+0000] {logging_mixin.py:188} INFO - [2025-01-06T12:52:26.197+0000] {dag.py:3036} INFO - Sync 1 DAGs
[2025-01-06T12:52:26.222+0000] {logging_mixin.py:188} INFO - [2025-01-06T12:52:26.222+0000] {dag.py:3823} INFO - Setting next_dagrun for example_time_delta_sensor_async to None, run_after=None
[2025-01-06T12:52:26.270+0000] {processor.py:183} INFO - Processing /home/airflow/.local/lib/python3.11/site-packages/airflow/example_dags/example_time_delta_sensor_async.py took 0.134 seconds
[2025-01-06T12:52:56.363+0000] {processor.py:161} INFO - Started process (PID=5611) to work on /home/airflow/.local/lib/python3.11/site-packages/airflow/example_dags/example_time_delta_sensor_async.py
[2025-01-06T12:52:56.365+0000] {processor.py:830} INFO - Processing file /home/airflow/.local/lib/python3.11/site-packages/airflow/example_dags/example_time_delta_sensor_async.py for tasks to queue
[2025-01-06T12:52:56.366+0000] {logging_mixin.py:188} INFO - [2025-01-06T12:52:56.365+0000] {dagbag.py:538} INFO - Filling up the DagBag from /home/airflow/.local/lib/python3.11/site-packages/airflow/example_dags/example_time_delta_sensor_async.py
[2025-01-06T12:52:56.371+0000] {processor.py:840} INFO - DAG(s) 'example_time_delta_sensor_async' retrieved from /home/airflow/.local/lib/python3.11/site-packages/airflow/example_dags/example_time_delta_sensor_async.py
[2025-01-06T12:52:56.396+0000] {logging_mixin.py:188} INFO - [2025-01-06T12:52:56.396+0000] {dag.py:3036} INFO - Sync 1 DAGs
[2025-01-06T12:52:56.409+0000] {logging_mixin.py:188} INFO - [2025-01-06T12:52:56.409+0000] {dag.py:3823} INFO - Setting next_dagrun for example_time_delta_sensor_async to None, run_after=None
[2025-01-06T12:52:56.439+0000] {processor.py:183} INFO - Processing /home/airflow/.local/lib/python3.11/site-packages/airflow/example_dags/example_time_delta_sensor_async.py took 0.079 seconds
[2025-01-06T12:53:26.761+0000] {processor.py:161} INFO - Started process (PID=5682) to work on /home/airflow/.local/lib/python3.11/site-packages/airflow/example_dags/example_time_delta_sensor_async.py
[2025-01-06T12:53:26.762+0000] {processor.py:830} INFO - Processing file /home/airflow/.local/lib/python3.11/site-packages/airflow/example_dags/example_time_delta_sensor_async.py for tasks to queue
[2025-01-06T12:53:26.763+0000] {logging_mixin.py:188} INFO - [2025-01-06T12:53:26.763+0000] {dagbag.py:538} INFO - Filling up the DagBag from /home/airflow/.local/lib/python3.11/site-packages/airflow/example_dags/example_time_delta_sensor_async.py
[2025-01-06T12:53:26.769+0000] {processor.py:840} INFO - DAG(s) 'example_time_delta_sensor_async' retrieved from /home/airflow/.local/lib/python3.11/site-packages/airflow/example_dags/example_time_delta_sensor_async.py
[2025-01-06T12:53:26.803+0000] {logging_mixin.py:188} INFO - [2025-01-06T12:53:26.803+0000] {dag.py:3036} INFO - Sync 1 DAGs
[2025-01-06T12:53:26.817+0000] {logging_mixin.py:188} INFO - [2025-01-06T12:53:26.816+0000] {dag.py:3823} INFO - Setting next_dagrun for example_time_delta_sensor_async to None, run_after=None
[2025-01-06T12:53:26.848+0000] {processor.py:183} INFO - Processing /home/airflow/.local/lib/python3.11/site-packages/airflow/example_dags/example_time_delta_sensor_async.py took 0.091 seconds
[2025-01-06T12:53:57.214+0000] {processor.py:161} INFO - Started process (PID=5746) to work on /home/airflow/.local/lib/python3.11/site-packages/airflow/example_dags/example_time_delta_sensor_async.py
[2025-01-06T12:53:57.216+0000] {processor.py:830} INFO - Processing file /home/airflow/.local/lib/python3.11/site-packages/airflow/example_dags/example_time_delta_sensor_async.py for tasks to queue
[2025-01-06T12:53:57.217+0000] {logging_mixin.py:188} INFO - [2025-01-06T12:53:57.216+0000] {dagbag.py:538} INFO - Filling up the DagBag from /home/airflow/.local/lib/python3.11/site-packages/airflow/example_dags/example_time_delta_sensor_async.py
[2025-01-06T12:53:57.221+0000] {processor.py:840} INFO - DAG(s) 'example_time_delta_sensor_async' retrieved from /home/airflow/.local/lib/python3.11/site-packages/airflow/example_dags/example_time_delta_sensor_async.py
[2025-01-06T12:53:57.244+0000] {logging_mixin.py:188} INFO - [2025-01-06T12:53:57.244+0000] {dag.py:3036} INFO - Sync 1 DAGs
[2025-01-06T12:53:57.257+0000] {logging_mixin.py:188} INFO - [2025-01-06T12:53:57.257+0000] {dag.py:3823} INFO - Setting next_dagrun for example_time_delta_sensor_async to None, run_after=None
[2025-01-06T12:53:57.287+0000] {processor.py:183} INFO - Processing /home/airflow/.local/lib/python3.11/site-packages/airflow/example_dags/example_time_delta_sensor_async.py took 0.076 seconds
[2025-01-06T12:54:28.160+0000] {processor.py:161} INFO - Started process (PID=5809) to work on /home/airflow/.local/lib/python3.11/site-packages/airflow/example_dags/example_time_delta_sensor_async.py
[2025-01-06T12:54:28.162+0000] {processor.py:830} INFO - Processing file /home/airflow/.local/lib/python3.11/site-packages/airflow/example_dags/example_time_delta_sensor_async.py for tasks to queue
[2025-01-06T12:54:28.163+0000] {logging_mixin.py:188} INFO - [2025-01-06T12:54:28.163+0000] {dagbag.py:538} INFO - Filling up the DagBag from /home/airflow/.local/lib/python3.11/site-packages/airflow/example_dags/example_time_delta_sensor_async.py
[2025-01-06T12:54:28.169+0000] {processor.py:840} INFO - DAG(s) 'example_time_delta_sensor_async' retrieved from /home/airflow/.local/lib/python3.11/site-packages/airflow/example_dags/example_time_delta_sensor_async.py
[2025-01-06T12:54:28.197+0000] {logging_mixin.py:188} INFO - [2025-01-06T12:54:28.197+0000] {dag.py:3036} INFO - Sync 1 DAGs
[2025-01-06T12:54:28.213+0000] {logging_mixin.py:188} INFO - [2025-01-06T12:54:28.212+0000] {dag.py:3823} INFO - Setting next_dagrun for example_time_delta_sensor_async to None, run_after=None
[2025-01-06T12:54:28.246+0000] {processor.py:183} INFO - Processing /home/airflow/.local/lib/python3.11/site-packages/airflow/example_dags/example_time_delta_sensor_async.py took 0.092 seconds
[2025-01-06T12:54:58.474+0000] {processor.py:161} INFO - Started process (PID=5880) to work on /home/airflow/.local/lib/python3.11/site-packages/airflow/example_dags/example_time_delta_sensor_async.py
[2025-01-06T12:54:58.475+0000] {processor.py:830} INFO - Processing file /home/airflow/.local/lib/python3.11/site-packages/airflow/example_dags/example_time_delta_sensor_async.py for tasks to queue
[2025-01-06T12:54:58.476+0000] {logging_mixin.py:188} INFO - [2025-01-06T12:54:58.476+0000] {dagbag.py:538} INFO - Filling up the DagBag from /home/airflow/.local/lib/python3.11/site-packages/airflow/example_dags/example_time_delta_sensor_async.py
[2025-01-06T12:54:58.481+0000] {processor.py:840} INFO - DAG(s) 'example_time_delta_sensor_async' retrieved from /home/airflow/.local/lib/python3.11/site-packages/airflow/example_dags/example_time_delta_sensor_async.py
[2025-01-06T12:54:58.510+0000] {logging_mixin.py:188} INFO - [2025-01-06T12:54:58.510+0000] {dag.py:3036} INFO - Sync 1 DAGs
[2025-01-06T12:54:58.523+0000] {logging_mixin.py:188} INFO - [2025-01-06T12:54:58.522+0000] {dag.py:3823} INFO - Setting next_dagrun for example_time_delta_sensor_async to None, run_after=None
[2025-01-06T12:54:58.553+0000] {processor.py:183} INFO - Processing /home/airflow/.local/lib/python3.11/site-packages/airflow/example_dags/example_time_delta_sensor_async.py took 0.082 seconds
[2025-01-06T12:59:11.462+0000] {processor.py:161} INFO - Started process (PID=5936) to work on /home/airflow/.local/lib/python3.11/site-packages/airflow/example_dags/example_time_delta_sensor_async.py
[2025-01-06T12:59:11.464+0000] {processor.py:830} INFO - Processing file /home/airflow/.local/lib/python3.11/site-packages/airflow/example_dags/example_time_delta_sensor_async.py for tasks to queue
[2025-01-06T12:59:11.465+0000] {logging_mixin.py:188} INFO - [2025-01-06T12:59:11.464+0000] {dagbag.py:538} INFO - Filling up the DagBag from /home/airflow/.local/lib/python3.11/site-packages/airflow/example_dags/example_time_delta_sensor_async.py
[2025-01-06T12:59:11.470+0000] {processor.py:840} INFO - DAG(s) 'example_time_delta_sensor_async' retrieved from /home/airflow/.local/lib/python3.11/site-packages/airflow/example_dags/example_time_delta_sensor_async.py
[2025-01-06T12:59:11.500+0000] {logging_mixin.py:188} INFO - [2025-01-06T12:59:11.500+0000] {dag.py:3036} INFO - Sync 1 DAGs
[2025-01-06T12:59:11.514+0000] {logging_mixin.py:188} INFO - [2025-01-06T12:59:11.514+0000] {dag.py:3823} INFO - Setting next_dagrun for example_time_delta_sensor_async to None, run_after=None
[2025-01-06T12:59:11.537+0000] {processor.py:183} INFO - Processing /home/airflow/.local/lib/python3.11/site-packages/airflow/example_dags/example_time_delta_sensor_async.py took 0.078 seconds
