[2025-01-06T12:31:40.249+0000] {processor.py:161} INFO - Started process (PID=2856) to work on /home/airflow/.local/lib/python3.11/site-packages/airflow/example_dags/example_sla_dag.py
[2025-01-06T12:31:40.273+0000] {processor.py:830} INFO - Processing file /home/airflow/.local/lib/python3.11/site-packages/airflow/example_dags/example_sla_dag.py for tasks to queue
[2025-01-06T12:31:40.275+0000] {logging_mixin.py:188} INFO - [2025-01-06T12:31:40.275+0000] {dagbag.py:538} INFO - Filling up the DagBag from /home/airflow/.local/lib/python3.11/site-packages/airflow/example_dags/example_sla_dag.py
[2025-01-06T12:31:40.316+0000] {processor.py:840} INFO - DAG(s) 'example_sla_dag' retrieved from /home/airflow/.local/lib/python3.11/site-packages/airflow/example_dags/example_sla_dag.py
[2025-01-06T12:31:40.370+0000] {logging_mixin.py:188} INFO - [2025-01-06T12:31:40.370+0000] {dag.py:3036} INFO - Sync 1 DAGs
[2025-01-06T12:31:40.467+0000] {logging_mixin.py:188} INFO - [2025-01-06T12:31:40.466+0000] {dag.py:3823} INFO - Setting next_dagrun for example_sla_dag to 2025-01-06 12:28:00+00:00, run_after=2025-01-06 12:30:00+00:00
[2025-01-06T12:31:40.535+0000] {processor.py:183} INFO - Processing /home/airflow/.local/lib/python3.11/site-packages/airflow/example_dags/example_sla_dag.py took 0.310 seconds
[2025-01-06T12:32:11.356+0000] {processor.py:161} INFO - Started process (PID=2920) to work on /home/airflow/.local/lib/python3.11/site-packages/airflow/example_dags/example_sla_dag.py
[2025-01-06T12:32:11.357+0000] {processor.py:830} INFO - Processing file /home/airflow/.local/lib/python3.11/site-packages/airflow/example_dags/example_sla_dag.py for tasks to queue
[2025-01-06T12:32:11.358+0000] {logging_mixin.py:188} INFO - [2025-01-06T12:32:11.358+0000] {dagbag.py:538} INFO - Filling up the DagBag from /home/airflow/.local/lib/python3.11/site-packages/airflow/example_dags/example_sla_dag.py
[2025-01-06T12:32:11.368+0000] {processor.py:840} INFO - DAG(s) 'example_sla_dag' retrieved from /home/airflow/.local/lib/python3.11/site-packages/airflow/example_dags/example_sla_dag.py
[2025-01-06T12:32:11.399+0000] {logging_mixin.py:188} INFO - [2025-01-06T12:32:11.398+0000] {dag.py:3036} INFO - Sync 1 DAGs
[2025-01-06T12:32:11.431+0000] {logging_mixin.py:188} INFO - [2025-01-06T12:32:11.431+0000] {dag.py:3823} INFO - Setting next_dagrun for example_sla_dag to 2025-01-06 12:30:00+00:00, run_after=2025-01-06 12:32:00+00:00
[2025-01-06T12:32:11.457+0000] {processor.py:183} INFO - Processing /home/airflow/.local/lib/python3.11/site-packages/airflow/example_dags/example_sla_dag.py took 0.106 seconds
[2025-01-06T12:32:41.660+0000] {processor.py:161} INFO - Started process (PID=2984) to work on /home/airflow/.local/lib/python3.11/site-packages/airflow/example_dags/example_sla_dag.py
[2025-01-06T12:32:41.661+0000] {processor.py:830} INFO - Processing file /home/airflow/.local/lib/python3.11/site-packages/airflow/example_dags/example_sla_dag.py for tasks to queue
[2025-01-06T12:32:41.663+0000] {logging_mixin.py:188} INFO - [2025-01-06T12:32:41.663+0000] {dagbag.py:538} INFO - Filling up the DagBag from /home/airflow/.local/lib/python3.11/site-packages/airflow/example_dags/example_sla_dag.py
[2025-01-06T12:32:41.673+0000] {processor.py:840} INFO - DAG(s) 'example_sla_dag' retrieved from /home/airflow/.local/lib/python3.11/site-packages/airflow/example_dags/example_sla_dag.py
[2025-01-06T12:32:41.707+0000] {logging_mixin.py:188} INFO - [2025-01-06T12:32:41.707+0000] {dag.py:3036} INFO - Sync 1 DAGs
[2025-01-06T12:32:41.741+0000] {logging_mixin.py:188} INFO - [2025-01-06T12:32:41.741+0000] {dag.py:3823} INFO - Setting next_dagrun for example_sla_dag to 2025-01-06 12:30:00+00:00, run_after=2025-01-06 12:32:00+00:00
[2025-01-06T12:32:41.772+0000] {processor.py:183} INFO - Processing /home/airflow/.local/lib/python3.11/site-packages/airflow/example_dags/example_sla_dag.py took 0.116 seconds
[2025-01-06T12:33:12.005+0000] {processor.py:161} INFO - Started process (PID=3055) to work on /home/airflow/.local/lib/python3.11/site-packages/airflow/example_dags/example_sla_dag.py
[2025-01-06T12:33:12.006+0000] {processor.py:830} INFO - Processing file /home/airflow/.local/lib/python3.11/site-packages/airflow/example_dags/example_sla_dag.py for tasks to queue
[2025-01-06T12:33:12.008+0000] {logging_mixin.py:188} INFO - [2025-01-06T12:33:12.007+0000] {dagbag.py:538} INFO - Filling up the DagBag from /home/airflow/.local/lib/python3.11/site-packages/airflow/example_dags/example_sla_dag.py
[2025-01-06T12:33:12.025+0000] {processor.py:840} INFO - DAG(s) 'example_sla_dag' retrieved from /home/airflow/.local/lib/python3.11/site-packages/airflow/example_dags/example_sla_dag.py
[2025-01-06T12:33:12.059+0000] {logging_mixin.py:188} INFO - [2025-01-06T12:33:12.059+0000] {dag.py:3036} INFO - Sync 1 DAGs
[2025-01-06T12:33:12.105+0000] {logging_mixin.py:188} INFO - [2025-01-06T12:33:12.105+0000] {dag.py:3823} INFO - Setting next_dagrun for example_sla_dag to 2025-01-06 12:30:00+00:00, run_after=2025-01-06 12:32:00+00:00
[2025-01-06T12:33:12.133+0000] {processor.py:183} INFO - Processing /home/airflow/.local/lib/python3.11/site-packages/airflow/example_dags/example_sla_dag.py took 0.135 seconds
[2025-01-06T12:33:42.443+0000] {processor.py:161} INFO - Started process (PID=3119) to work on /home/airflow/.local/lib/python3.11/site-packages/airflow/example_dags/example_sla_dag.py
[2025-01-06T12:33:42.445+0000] {processor.py:830} INFO - Processing file /home/airflow/.local/lib/python3.11/site-packages/airflow/example_dags/example_sla_dag.py for tasks to queue
[2025-01-06T12:33:42.446+0000] {logging_mixin.py:188} INFO - [2025-01-06T12:33:42.446+0000] {dagbag.py:538} INFO - Filling up the DagBag from /home/airflow/.local/lib/python3.11/site-packages/airflow/example_dags/example_sla_dag.py
[2025-01-06T12:33:42.457+0000] {processor.py:840} INFO - DAG(s) 'example_sla_dag' retrieved from /home/airflow/.local/lib/python3.11/site-packages/airflow/example_dags/example_sla_dag.py
[2025-01-06T12:33:42.481+0000] {logging_mixin.py:188} INFO - [2025-01-06T12:33:42.480+0000] {dag.py:3036} INFO - Sync 1 DAGs
[2025-01-06T12:33:42.510+0000] {logging_mixin.py:188} INFO - [2025-01-06T12:33:42.510+0000] {dag.py:3823} INFO - Setting next_dagrun for example_sla_dag to 2025-01-06 12:30:00+00:00, run_after=2025-01-06 12:32:00+00:00
[2025-01-06T12:33:42.533+0000] {processor.py:183} INFO - Processing /home/airflow/.local/lib/python3.11/site-packages/airflow/example_dags/example_sla_dag.py took 0.095 seconds
[2025-01-06T12:34:12.776+0000] {processor.py:161} INFO - Started process (PID=3183) to work on /home/airflow/.local/lib/python3.11/site-packages/airflow/example_dags/example_sla_dag.py
[2025-01-06T12:34:12.778+0000] {processor.py:830} INFO - Processing file /home/airflow/.local/lib/python3.11/site-packages/airflow/example_dags/example_sla_dag.py for tasks to queue
[2025-01-06T12:34:12.779+0000] {logging_mixin.py:188} INFO - [2025-01-06T12:34:12.779+0000] {dagbag.py:538} INFO - Filling up the DagBag from /home/airflow/.local/lib/python3.11/site-packages/airflow/example_dags/example_sla_dag.py
[2025-01-06T12:34:12.791+0000] {processor.py:840} INFO - DAG(s) 'example_sla_dag' retrieved from /home/airflow/.local/lib/python3.11/site-packages/airflow/example_dags/example_sla_dag.py
[2025-01-06T12:34:12.820+0000] {logging_mixin.py:188} INFO - [2025-01-06T12:34:12.820+0000] {dag.py:3036} INFO - Sync 1 DAGs
[2025-01-06T12:34:12.856+0000] {logging_mixin.py:188} INFO - [2025-01-06T12:34:12.855+0000] {dag.py:3823} INFO - Setting next_dagrun for example_sla_dag to 2025-01-06 12:32:00+00:00, run_after=2025-01-06 12:34:00+00:00
[2025-01-06T12:34:12.884+0000] {processor.py:183} INFO - Processing /home/airflow/.local/lib/python3.11/site-packages/airflow/example_dags/example_sla_dag.py took 0.112 seconds
[2025-01-06T12:34:43.722+0000] {processor.py:161} INFO - Started process (PID=3245) to work on /home/airflow/.local/lib/python3.11/site-packages/airflow/example_dags/example_sla_dag.py
[2025-01-06T12:34:43.723+0000] {processor.py:830} INFO - Processing file /home/airflow/.local/lib/python3.11/site-packages/airflow/example_dags/example_sla_dag.py for tasks to queue
[2025-01-06T12:34:43.724+0000] {logging_mixin.py:188} INFO - [2025-01-06T12:34:43.724+0000] {dagbag.py:538} INFO - Filling up the DagBag from /home/airflow/.local/lib/python3.11/site-packages/airflow/example_dags/example_sla_dag.py
[2025-01-06T12:34:43.739+0000] {processor.py:840} INFO - DAG(s) 'example_sla_dag' retrieved from /home/airflow/.local/lib/python3.11/site-packages/airflow/example_dags/example_sla_dag.py
[2025-01-06T12:34:43.779+0000] {logging_mixin.py:188} INFO - [2025-01-06T12:34:43.779+0000] {dag.py:3036} INFO - Sync 1 DAGs
[2025-01-06T12:34:43.825+0000] {logging_mixin.py:188} INFO - [2025-01-06T12:34:43.825+0000] {dag.py:3823} INFO - Setting next_dagrun for example_sla_dag to 2025-01-06 12:32:00+00:00, run_after=2025-01-06 12:34:00+00:00
[2025-01-06T12:34:43.857+0000] {processor.py:183} INFO - Processing /home/airflow/.local/lib/python3.11/site-packages/airflow/example_dags/example_sla_dag.py took 0.140 seconds
[2025-01-06T12:35:14.169+0000] {processor.py:161} INFO - Started process (PID=3309) to work on /home/airflow/.local/lib/python3.11/site-packages/airflow/example_dags/example_sla_dag.py
[2025-01-06T12:35:14.170+0000] {processor.py:830} INFO - Processing file /home/airflow/.local/lib/python3.11/site-packages/airflow/example_dags/example_sla_dag.py for tasks to queue
[2025-01-06T12:35:14.173+0000] {logging_mixin.py:188} INFO - [2025-01-06T12:35:14.172+0000] {dagbag.py:538} INFO - Filling up the DagBag from /home/airflow/.local/lib/python3.11/site-packages/airflow/example_dags/example_sla_dag.py
[2025-01-06T12:35:14.210+0000] {processor.py:840} INFO - DAG(s) 'example_sla_dag' retrieved from /home/airflow/.local/lib/python3.11/site-packages/airflow/example_dags/example_sla_dag.py
[2025-01-06T12:35:14.302+0000] {logging_mixin.py:188} INFO - [2025-01-06T12:35:14.302+0000] {dag.py:3036} INFO - Sync 1 DAGs
[2025-01-06T12:35:14.411+0000] {logging_mixin.py:188} INFO - [2025-01-06T12:35:14.410+0000] {dag.py:3823} INFO - Setting next_dagrun for example_sla_dag to 2025-01-06 12:32:00+00:00, run_after=2025-01-06 12:34:00+00:00
[2025-01-06T12:35:14.469+0000] {processor.py:183} INFO - Processing /home/airflow/.local/lib/python3.11/site-packages/airflow/example_dags/example_sla_dag.py took 0.307 seconds
[2025-01-06T12:35:45.411+0000] {processor.py:161} INFO - Started process (PID=3380) to work on /home/airflow/.local/lib/python3.11/site-packages/airflow/example_dags/example_sla_dag.py
[2025-01-06T12:35:45.413+0000] {processor.py:830} INFO - Processing file /home/airflow/.local/lib/python3.11/site-packages/airflow/example_dags/example_sla_dag.py for tasks to queue
[2025-01-06T12:35:45.414+0000] {logging_mixin.py:188} INFO - [2025-01-06T12:35:45.414+0000] {dagbag.py:538} INFO - Filling up the DagBag from /home/airflow/.local/lib/python3.11/site-packages/airflow/example_dags/example_sla_dag.py
[2025-01-06T12:35:45.426+0000] {processor.py:840} INFO - DAG(s) 'example_sla_dag' retrieved from /home/airflow/.local/lib/python3.11/site-packages/airflow/example_dags/example_sla_dag.py
[2025-01-06T12:35:45.460+0000] {logging_mixin.py:188} INFO - [2025-01-06T12:35:45.460+0000] {dag.py:3036} INFO - Sync 1 DAGs
[2025-01-06T12:35:45.522+0000] {logging_mixin.py:188} INFO - [2025-01-06T12:35:45.521+0000] {dag.py:3823} INFO - Setting next_dagrun for example_sla_dag to 2025-01-06 12:32:00+00:00, run_after=2025-01-06 12:34:00+00:00
[2025-01-06T12:35:45.565+0000] {processor.py:183} INFO - Processing /home/airflow/.local/lib/python3.11/site-packages/airflow/example_dags/example_sla_dag.py took 0.159 seconds
[2025-01-06T12:36:15.753+0000] {processor.py:161} INFO - Started process (PID=3444) to work on /home/airflow/.local/lib/python3.11/site-packages/airflow/example_dags/example_sla_dag.py
[2025-01-06T12:36:15.755+0000] {processor.py:830} INFO - Processing file /home/airflow/.local/lib/python3.11/site-packages/airflow/example_dags/example_sla_dag.py for tasks to queue
[2025-01-06T12:36:15.756+0000] {logging_mixin.py:188} INFO - [2025-01-06T12:36:15.756+0000] {dagbag.py:538} INFO - Filling up the DagBag from /home/airflow/.local/lib/python3.11/site-packages/airflow/example_dags/example_sla_dag.py
[2025-01-06T12:36:15.776+0000] {processor.py:840} INFO - DAG(s) 'example_sla_dag' retrieved from /home/airflow/.local/lib/python3.11/site-packages/airflow/example_dags/example_sla_dag.py
[2025-01-06T12:36:15.817+0000] {logging_mixin.py:188} INFO - [2025-01-06T12:36:15.816+0000] {dag.py:3036} INFO - Sync 1 DAGs
[2025-01-06T12:36:15.867+0000] {logging_mixin.py:188} INFO - [2025-01-06T12:36:15.867+0000] {dag.py:3823} INFO - Setting next_dagrun for example_sla_dag to 2025-01-06 12:34:00+00:00, run_after=2025-01-06 12:36:00+00:00
[2025-01-06T12:36:15.902+0000] {processor.py:183} INFO - Processing /home/airflow/.local/lib/python3.11/site-packages/airflow/example_dags/example_sla_dag.py took 0.155 seconds
[2025-01-06T12:36:46.490+0000] {processor.py:161} INFO - Started process (PID=3508) to work on /home/airflow/.local/lib/python3.11/site-packages/airflow/example_dags/example_sla_dag.py
[2025-01-06T12:36:46.491+0000] {processor.py:830} INFO - Processing file /home/airflow/.local/lib/python3.11/site-packages/airflow/example_dags/example_sla_dag.py for tasks to queue
[2025-01-06T12:36:46.492+0000] {logging_mixin.py:188} INFO - [2025-01-06T12:36:46.492+0000] {dagbag.py:538} INFO - Filling up the DagBag from /home/airflow/.local/lib/python3.11/site-packages/airflow/example_dags/example_sla_dag.py
[2025-01-06T12:36:46.504+0000] {processor.py:840} INFO - DAG(s) 'example_sla_dag' retrieved from /home/airflow/.local/lib/python3.11/site-packages/airflow/example_dags/example_sla_dag.py
[2025-01-06T12:36:46.532+0000] {logging_mixin.py:188} INFO - [2025-01-06T12:36:46.531+0000] {dag.py:3036} INFO - Sync 1 DAGs
[2025-01-06T12:36:46.581+0000] {logging_mixin.py:188} INFO - [2025-01-06T12:36:46.579+0000] {dag.py:3823} INFO - Setting next_dagrun for example_sla_dag to 2025-01-06 12:34:00+00:00, run_after=2025-01-06 12:36:00+00:00
[2025-01-06T12:36:46.623+0000] {processor.py:183} INFO - Processing /home/airflow/.local/lib/python3.11/site-packages/airflow/example_dags/example_sla_dag.py took 0.137 seconds
[2025-01-06T12:37:17.097+0000] {processor.py:161} INFO - Started process (PID=3572) to work on /home/airflow/.local/lib/python3.11/site-packages/airflow/example_dags/example_sla_dag.py
[2025-01-06T12:37:17.098+0000] {processor.py:830} INFO - Processing file /home/airflow/.local/lib/python3.11/site-packages/airflow/example_dags/example_sla_dag.py for tasks to queue
[2025-01-06T12:37:17.100+0000] {logging_mixin.py:188} INFO - [2025-01-06T12:37:17.099+0000] {dagbag.py:538} INFO - Filling up the DagBag from /home/airflow/.local/lib/python3.11/site-packages/airflow/example_dags/example_sla_dag.py
[2025-01-06T12:37:17.113+0000] {processor.py:840} INFO - DAG(s) 'example_sla_dag' retrieved from /home/airflow/.local/lib/python3.11/site-packages/airflow/example_dags/example_sla_dag.py
[2025-01-06T12:37:17.145+0000] {logging_mixin.py:188} INFO - [2025-01-06T12:37:17.145+0000] {dag.py:3036} INFO - Sync 1 DAGs
[2025-01-06T12:37:17.189+0000] {logging_mixin.py:188} INFO - [2025-01-06T12:37:17.188+0000] {dag.py:3823} INFO - Setting next_dagrun for example_sla_dag to 2025-01-06 12:34:00+00:00, run_after=2025-01-06 12:36:00+00:00
[2025-01-06T12:37:17.215+0000] {processor.py:183} INFO - Processing /home/airflow/.local/lib/python3.11/site-packages/airflow/example_dags/example_sla_dag.py took 0.122 seconds
[2025-01-06T12:37:47.850+0000] {processor.py:161} INFO - Started process (PID=3637) to work on /home/airflow/.local/lib/python3.11/site-packages/airflow/example_dags/example_sla_dag.py
[2025-01-06T12:37:47.853+0000] {processor.py:830} INFO - Processing file /home/airflow/.local/lib/python3.11/site-packages/airflow/example_dags/example_sla_dag.py for tasks to queue
[2025-01-06T12:37:47.855+0000] {logging_mixin.py:188} INFO - [2025-01-06T12:37:47.854+0000] {dagbag.py:538} INFO - Filling up the DagBag from /home/airflow/.local/lib/python3.11/site-packages/airflow/example_dags/example_sla_dag.py
[2025-01-06T12:37:47.878+0000] {processor.py:840} INFO - DAG(s) 'example_sla_dag' retrieved from /home/airflow/.local/lib/python3.11/site-packages/airflow/example_dags/example_sla_dag.py
[2025-01-06T12:37:47.932+0000] {logging_mixin.py:188} INFO - [2025-01-06T12:37:47.931+0000] {dag.py:3036} INFO - Sync 1 DAGs
[2025-01-06T12:37:48.008+0000] {logging_mixin.py:188} INFO - [2025-01-06T12:37:48.005+0000] {dag.py:3823} INFO - Setting next_dagrun for example_sla_dag to 2025-01-06 12:34:00+00:00, run_after=2025-01-06 12:36:00+00:00
[2025-01-06T12:37:48.067+0000] {processor.py:183} INFO - Processing /home/airflow/.local/lib/python3.11/site-packages/airflow/example_dags/example_sla_dag.py took 0.224 seconds
[2025-01-06T12:38:18.581+0000] {processor.py:161} INFO - Started process (PID=3701) to work on /home/airflow/.local/lib/python3.11/site-packages/airflow/example_dags/example_sla_dag.py
[2025-01-06T12:38:18.583+0000] {processor.py:830} INFO - Processing file /home/airflow/.local/lib/python3.11/site-packages/airflow/example_dags/example_sla_dag.py for tasks to queue
[2025-01-06T12:38:18.585+0000] {logging_mixin.py:188} INFO - [2025-01-06T12:38:18.584+0000] {dagbag.py:538} INFO - Filling up the DagBag from /home/airflow/.local/lib/python3.11/site-packages/airflow/example_dags/example_sla_dag.py
[2025-01-06T12:38:18.604+0000] {processor.py:840} INFO - DAG(s) 'example_sla_dag' retrieved from /home/airflow/.local/lib/python3.11/site-packages/airflow/example_dags/example_sla_dag.py
[2025-01-06T12:38:18.644+0000] {logging_mixin.py:188} INFO - [2025-01-06T12:38:18.644+0000] {dag.py:3036} INFO - Sync 1 DAGs
[2025-01-06T12:38:18.677+0000] {logging_mixin.py:188} INFO - [2025-01-06T12:38:18.677+0000] {dag.py:3823} INFO - Setting next_dagrun for example_sla_dag to 2025-01-06 12:36:00+00:00, run_after=2025-01-06 12:38:00+00:00
[2025-01-06T12:38:18.712+0000] {processor.py:183} INFO - Processing /home/airflow/.local/lib/python3.11/site-packages/airflow/example_dags/example_sla_dag.py took 0.140 seconds
[2025-01-06T12:38:49.178+0000] {processor.py:161} INFO - Started process (PID=3765) to work on /home/airflow/.local/lib/python3.11/site-packages/airflow/example_dags/example_sla_dag.py
[2025-01-06T12:38:49.180+0000] {processor.py:830} INFO - Processing file /home/airflow/.local/lib/python3.11/site-packages/airflow/example_dags/example_sla_dag.py for tasks to queue
[2025-01-06T12:38:49.182+0000] {logging_mixin.py:188} INFO - [2025-01-06T12:38:49.181+0000] {dagbag.py:538} INFO - Filling up the DagBag from /home/airflow/.local/lib/python3.11/site-packages/airflow/example_dags/example_sla_dag.py
[2025-01-06T12:38:49.195+0000] {processor.py:840} INFO - DAG(s) 'example_sla_dag' retrieved from /home/airflow/.local/lib/python3.11/site-packages/airflow/example_dags/example_sla_dag.py
[2025-01-06T12:38:49.220+0000] {logging_mixin.py:188} INFO - [2025-01-06T12:38:49.219+0000] {dag.py:3036} INFO - Sync 1 DAGs
[2025-01-06T12:38:49.248+0000] {logging_mixin.py:188} INFO - [2025-01-06T12:38:49.247+0000] {dag.py:3823} INFO - Setting next_dagrun for example_sla_dag to 2025-01-06 12:36:00+00:00, run_after=2025-01-06 12:38:00+00:00
[2025-01-06T12:38:49.270+0000] {processor.py:183} INFO - Processing /home/airflow/.local/lib/python3.11/site-packages/airflow/example_dags/example_sla_dag.py took 0.099 seconds
[2025-01-06T12:39:19.404+0000] {processor.py:161} INFO - Started process (PID=3836) to work on /home/airflow/.local/lib/python3.11/site-packages/airflow/example_dags/example_sla_dag.py
[2025-01-06T12:39:19.406+0000] {processor.py:830} INFO - Processing file /home/airflow/.local/lib/python3.11/site-packages/airflow/example_dags/example_sla_dag.py for tasks to queue
[2025-01-06T12:39:19.407+0000] {logging_mixin.py:188} INFO - [2025-01-06T12:39:19.407+0000] {dagbag.py:538} INFO - Filling up the DagBag from /home/airflow/.local/lib/python3.11/site-packages/airflow/example_dags/example_sla_dag.py
[2025-01-06T12:39:19.418+0000] {processor.py:840} INFO - DAG(s) 'example_sla_dag' retrieved from /home/airflow/.local/lib/python3.11/site-packages/airflow/example_dags/example_sla_dag.py
[2025-01-06T12:39:19.445+0000] {logging_mixin.py:188} INFO - [2025-01-06T12:39:19.445+0000] {dag.py:3036} INFO - Sync 1 DAGs
[2025-01-06T12:39:19.478+0000] {logging_mixin.py:188} INFO - [2025-01-06T12:39:19.477+0000] {dag.py:3823} INFO - Setting next_dagrun for example_sla_dag to 2025-01-06 12:36:00+00:00, run_after=2025-01-06 12:38:00+00:00
[2025-01-06T12:39:19.515+0000] {processor.py:183} INFO - Processing /home/airflow/.local/lib/python3.11/site-packages/airflow/example_dags/example_sla_dag.py took 0.115 seconds
[2025-01-06T12:39:49.812+0000] {processor.py:161} INFO - Started process (PID=3900) to work on /home/airflow/.local/lib/python3.11/site-packages/airflow/example_dags/example_sla_dag.py
[2025-01-06T12:39:49.813+0000] {processor.py:830} INFO - Processing file /home/airflow/.local/lib/python3.11/site-packages/airflow/example_dags/example_sla_dag.py for tasks to queue
[2025-01-06T12:39:49.815+0000] {logging_mixin.py:188} INFO - [2025-01-06T12:39:49.814+0000] {dagbag.py:538} INFO - Filling up the DagBag from /home/airflow/.local/lib/python3.11/site-packages/airflow/example_dags/example_sla_dag.py
[2025-01-06T12:39:49.825+0000] {processor.py:840} INFO - DAG(s) 'example_sla_dag' retrieved from /home/airflow/.local/lib/python3.11/site-packages/airflow/example_dags/example_sla_dag.py
[2025-01-06T12:39:49.848+0000] {logging_mixin.py:188} INFO - [2025-01-06T12:39:49.848+0000] {dag.py:3036} INFO - Sync 1 DAGs
[2025-01-06T12:39:49.875+0000] {logging_mixin.py:188} INFO - [2025-01-06T12:39:49.874+0000] {dag.py:3823} INFO - Setting next_dagrun for example_sla_dag to 2025-01-06 12:36:00+00:00, run_after=2025-01-06 12:38:00+00:00
[2025-01-06T12:39:49.898+0000] {processor.py:183} INFO - Processing /home/airflow/.local/lib/python3.11/site-packages/airflow/example_dags/example_sla_dag.py took 0.090 seconds
[2025-01-06T12:40:20.033+0000] {processor.py:161} INFO - Started process (PID=3964) to work on /home/airflow/.local/lib/python3.11/site-packages/airflow/example_dags/example_sla_dag.py
[2025-01-06T12:40:20.035+0000] {processor.py:830} INFO - Processing file /home/airflow/.local/lib/python3.11/site-packages/airflow/example_dags/example_sla_dag.py for tasks to queue
[2025-01-06T12:40:20.036+0000] {logging_mixin.py:188} INFO - [2025-01-06T12:40:20.036+0000] {dagbag.py:538} INFO - Filling up the DagBag from /home/airflow/.local/lib/python3.11/site-packages/airflow/example_dags/example_sla_dag.py
[2025-01-06T12:40:20.047+0000] {processor.py:840} INFO - DAG(s) 'example_sla_dag' retrieved from /home/airflow/.local/lib/python3.11/site-packages/airflow/example_dags/example_sla_dag.py
[2025-01-06T12:40:20.072+0000] {logging_mixin.py:188} INFO - [2025-01-06T12:40:20.071+0000] {dag.py:3036} INFO - Sync 1 DAGs
[2025-01-06T12:40:20.100+0000] {logging_mixin.py:188} INFO - [2025-01-06T12:40:20.099+0000] {dag.py:3823} INFO - Setting next_dagrun for example_sla_dag to 2025-01-06 12:38:00+00:00, run_after=2025-01-06 12:40:00+00:00
[2025-01-06T12:40:20.131+0000] {processor.py:183} INFO - Processing /home/airflow/.local/lib/python3.11/site-packages/airflow/example_dags/example_sla_dag.py took 0.102 seconds
[2025-01-06T12:40:50.330+0000] {processor.py:161} INFO - Started process (PID=4035) to work on /home/airflow/.local/lib/python3.11/site-packages/airflow/example_dags/example_sla_dag.py
[2025-01-06T12:40:50.331+0000] {processor.py:830} INFO - Processing file /home/airflow/.local/lib/python3.11/site-packages/airflow/example_dags/example_sla_dag.py for tasks to queue
[2025-01-06T12:40:50.333+0000] {logging_mixin.py:188} INFO - [2025-01-06T12:40:50.332+0000] {dagbag.py:538} INFO - Filling up the DagBag from /home/airflow/.local/lib/python3.11/site-packages/airflow/example_dags/example_sla_dag.py
[2025-01-06T12:40:50.342+0000] {processor.py:840} INFO - DAG(s) 'example_sla_dag' retrieved from /home/airflow/.local/lib/python3.11/site-packages/airflow/example_dags/example_sla_dag.py
[2025-01-06T12:40:50.364+0000] {logging_mixin.py:188} INFO - [2025-01-06T12:40:50.364+0000] {dag.py:3036} INFO - Sync 1 DAGs
[2025-01-06T12:40:50.392+0000] {logging_mixin.py:188} INFO - [2025-01-06T12:40:50.392+0000] {dag.py:3823} INFO - Setting next_dagrun for example_sla_dag to 2025-01-06 12:38:00+00:00, run_after=2025-01-06 12:40:00+00:00
[2025-01-06T12:40:50.423+0000] {processor.py:183} INFO - Processing /home/airflow/.local/lib/python3.11/site-packages/airflow/example_dags/example_sla_dag.py took 0.096 seconds
[2025-01-06T12:41:20.584+0000] {processor.py:161} INFO - Started process (PID=4099) to work on /home/airflow/.local/lib/python3.11/site-packages/airflow/example_dags/example_sla_dag.py
[2025-01-06T12:41:20.587+0000] {processor.py:830} INFO - Processing file /home/airflow/.local/lib/python3.11/site-packages/airflow/example_dags/example_sla_dag.py for tasks to queue
[2025-01-06T12:41:20.588+0000] {logging_mixin.py:188} INFO - [2025-01-06T12:41:20.588+0000] {dagbag.py:538} INFO - Filling up the DagBag from /home/airflow/.local/lib/python3.11/site-packages/airflow/example_dags/example_sla_dag.py
[2025-01-06T12:41:20.600+0000] {processor.py:840} INFO - DAG(s) 'example_sla_dag' retrieved from /home/airflow/.local/lib/python3.11/site-packages/airflow/example_dags/example_sla_dag.py
[2025-01-06T12:41:20.623+0000] {logging_mixin.py:188} INFO - [2025-01-06T12:41:20.622+0000] {dag.py:3036} INFO - Sync 1 DAGs
[2025-01-06T12:41:20.649+0000] {logging_mixin.py:188} INFO - [2025-01-06T12:41:20.649+0000] {dag.py:3823} INFO - Setting next_dagrun for example_sla_dag to 2025-01-06 12:38:00+00:00, run_after=2025-01-06 12:40:00+00:00
[2025-01-06T12:41:20.672+0000] {processor.py:183} INFO - Processing /home/airflow/.local/lib/python3.11/site-packages/airflow/example_dags/example_sla_dag.py took 0.094 seconds
[2025-01-06T12:41:50.809+0000] {processor.py:161} INFO - Started process (PID=4163) to work on /home/airflow/.local/lib/python3.11/site-packages/airflow/example_dags/example_sla_dag.py
[2025-01-06T12:41:50.810+0000] {processor.py:830} INFO - Processing file /home/airflow/.local/lib/python3.11/site-packages/airflow/example_dags/example_sla_dag.py for tasks to queue
[2025-01-06T12:41:50.812+0000] {logging_mixin.py:188} INFO - [2025-01-06T12:41:50.811+0000] {dagbag.py:538} INFO - Filling up the DagBag from /home/airflow/.local/lib/python3.11/site-packages/airflow/example_dags/example_sla_dag.py
[2025-01-06T12:41:50.822+0000] {processor.py:840} INFO - DAG(s) 'example_sla_dag' retrieved from /home/airflow/.local/lib/python3.11/site-packages/airflow/example_dags/example_sla_dag.py
[2025-01-06T12:41:50.845+0000] {logging_mixin.py:188} INFO - [2025-01-06T12:41:50.845+0000] {dag.py:3036} INFO - Sync 1 DAGs
[2025-01-06T12:41:50.872+0000] {logging_mixin.py:188} INFO - [2025-01-06T12:41:50.872+0000] {dag.py:3823} INFO - Setting next_dagrun for example_sla_dag to 2025-01-06 12:38:00+00:00, run_after=2025-01-06 12:40:00+00:00
[2025-01-06T12:41:50.902+0000] {processor.py:183} INFO - Processing /home/airflow/.local/lib/python3.11/site-packages/airflow/example_dags/example_sla_dag.py took 0.097 seconds
[2025-01-06T12:42:21.400+0000] {processor.py:161} INFO - Started process (PID=4234) to work on /home/airflow/.local/lib/python3.11/site-packages/airflow/example_dags/example_sla_dag.py
[2025-01-06T12:42:21.401+0000] {processor.py:830} INFO - Processing file /home/airflow/.local/lib/python3.11/site-packages/airflow/example_dags/example_sla_dag.py for tasks to queue
[2025-01-06T12:42:21.402+0000] {logging_mixin.py:188} INFO - [2025-01-06T12:42:21.402+0000] {dagbag.py:538} INFO - Filling up the DagBag from /home/airflow/.local/lib/python3.11/site-packages/airflow/example_dags/example_sla_dag.py
[2025-01-06T12:42:21.411+0000] {processor.py:840} INFO - DAG(s) 'example_sla_dag' retrieved from /home/airflow/.local/lib/python3.11/site-packages/airflow/example_dags/example_sla_dag.py
[2025-01-06T12:42:21.434+0000] {logging_mixin.py:188} INFO - [2025-01-06T12:42:21.434+0000] {dag.py:3036} INFO - Sync 1 DAGs
[2025-01-06T12:42:21.462+0000] {logging_mixin.py:188} INFO - [2025-01-06T12:42:21.461+0000] {dag.py:3823} INFO - Setting next_dagrun for example_sla_dag to 2025-01-06 12:40:00+00:00, run_after=2025-01-06 12:42:00+00:00
[2025-01-06T12:42:21.494+0000] {processor.py:183} INFO - Processing /home/airflow/.local/lib/python3.11/site-packages/airflow/example_dags/example_sla_dag.py took 0.097 seconds
[2025-01-06T12:42:51.966+0000] {processor.py:161} INFO - Started process (PID=4298) to work on /home/airflow/.local/lib/python3.11/site-packages/airflow/example_dags/example_sla_dag.py
[2025-01-06T12:42:51.968+0000] {processor.py:830} INFO - Processing file /home/airflow/.local/lib/python3.11/site-packages/airflow/example_dags/example_sla_dag.py for tasks to queue
[2025-01-06T12:42:51.970+0000] {logging_mixin.py:188} INFO - [2025-01-06T12:42:51.970+0000] {dagbag.py:538} INFO - Filling up the DagBag from /home/airflow/.local/lib/python3.11/site-packages/airflow/example_dags/example_sla_dag.py
[2025-01-06T12:42:51.986+0000] {processor.py:840} INFO - DAG(s) 'example_sla_dag' retrieved from /home/airflow/.local/lib/python3.11/site-packages/airflow/example_dags/example_sla_dag.py
[2025-01-06T12:42:52.011+0000] {logging_mixin.py:188} INFO - [2025-01-06T12:42:52.011+0000] {dag.py:3036} INFO - Sync 1 DAGs
[2025-01-06T12:42:52.037+0000] {logging_mixin.py:188} INFO - [2025-01-06T12:42:52.036+0000] {dag.py:3823} INFO - Setting next_dagrun for example_sla_dag to 2025-01-06 12:40:00+00:00, run_after=2025-01-06 12:42:00+00:00
[2025-01-06T12:42:52.066+0000] {processor.py:183} INFO - Processing /home/airflow/.local/lib/python3.11/site-packages/airflow/example_dags/example_sla_dag.py took 0.107 seconds
[2025-01-06T12:43:22.759+0000] {processor.py:161} INFO - Started process (PID=4362) to work on /home/airflow/.local/lib/python3.11/site-packages/airflow/example_dags/example_sla_dag.py
[2025-01-06T12:43:22.761+0000] {processor.py:830} INFO - Processing file /home/airflow/.local/lib/python3.11/site-packages/airflow/example_dags/example_sla_dag.py for tasks to queue
[2025-01-06T12:43:22.762+0000] {logging_mixin.py:188} INFO - [2025-01-06T12:43:22.762+0000] {dagbag.py:538} INFO - Filling up the DagBag from /home/airflow/.local/lib/python3.11/site-packages/airflow/example_dags/example_sla_dag.py
[2025-01-06T12:43:22.772+0000] {processor.py:840} INFO - DAG(s) 'example_sla_dag' retrieved from /home/airflow/.local/lib/python3.11/site-packages/airflow/example_dags/example_sla_dag.py
[2025-01-06T12:43:22.796+0000] {logging_mixin.py:188} INFO - [2025-01-06T12:43:22.796+0000] {dag.py:3036} INFO - Sync 1 DAGs
[2025-01-06T12:43:22.823+0000] {logging_mixin.py:188} INFO - [2025-01-06T12:43:22.823+0000] {dag.py:3823} INFO - Setting next_dagrun for example_sla_dag to 2025-01-06 12:40:00+00:00, run_after=2025-01-06 12:42:00+00:00
[2025-01-06T12:43:22.845+0000] {processor.py:183} INFO - Processing /home/airflow/.local/lib/python3.11/site-packages/airflow/example_dags/example_sla_dag.py took 0.090 seconds
[2025-01-06T12:43:53.300+0000] {processor.py:161} INFO - Started process (PID=4433) to work on /home/airflow/.local/lib/python3.11/site-packages/airflow/example_dags/example_sla_dag.py
[2025-01-06T12:43:53.301+0000] {processor.py:830} INFO - Processing file /home/airflow/.local/lib/python3.11/site-packages/airflow/example_dags/example_sla_dag.py for tasks to queue
[2025-01-06T12:43:53.302+0000] {logging_mixin.py:188} INFO - [2025-01-06T12:43:53.302+0000] {dagbag.py:538} INFO - Filling up the DagBag from /home/airflow/.local/lib/python3.11/site-packages/airflow/example_dags/example_sla_dag.py
[2025-01-06T12:43:53.312+0000] {processor.py:840} INFO - DAG(s) 'example_sla_dag' retrieved from /home/airflow/.local/lib/python3.11/site-packages/airflow/example_dags/example_sla_dag.py
[2025-01-06T12:43:53.338+0000] {logging_mixin.py:188} INFO - [2025-01-06T12:43:53.337+0000] {dag.py:3036} INFO - Sync 1 DAGs
[2025-01-06T12:43:53.365+0000] {logging_mixin.py:188} INFO - [2025-01-06T12:43:53.365+0000] {dag.py:3823} INFO - Setting next_dagrun for example_sla_dag to 2025-01-06 12:40:00+00:00, run_after=2025-01-06 12:42:00+00:00
[2025-01-06T12:43:53.395+0000] {processor.py:183} INFO - Processing /home/airflow/.local/lib/python3.11/site-packages/airflow/example_dags/example_sla_dag.py took 0.099 seconds
[2025-01-06T12:44:23.557+0000] {processor.py:161} INFO - Started process (PID=4497) to work on /home/airflow/.local/lib/python3.11/site-packages/airflow/example_dags/example_sla_dag.py
[2025-01-06T12:44:23.558+0000] {processor.py:830} INFO - Processing file /home/airflow/.local/lib/python3.11/site-packages/airflow/example_dags/example_sla_dag.py for tasks to queue
[2025-01-06T12:44:23.559+0000] {logging_mixin.py:188} INFO - [2025-01-06T12:44:23.559+0000] {dagbag.py:538} INFO - Filling up the DagBag from /home/airflow/.local/lib/python3.11/site-packages/airflow/example_dags/example_sla_dag.py
[2025-01-06T12:44:23.568+0000] {processor.py:840} INFO - DAG(s) 'example_sla_dag' retrieved from /home/airflow/.local/lib/python3.11/site-packages/airflow/example_dags/example_sla_dag.py
[2025-01-06T12:44:23.589+0000] {logging_mixin.py:188} INFO - [2025-01-06T12:44:23.589+0000] {dag.py:3036} INFO - Sync 1 DAGs
[2025-01-06T12:44:23.617+0000] {logging_mixin.py:188} INFO - [2025-01-06T12:44:23.617+0000] {dag.py:3823} INFO - Setting next_dagrun for example_sla_dag to 2025-01-06 12:42:00+00:00, run_after=2025-01-06 12:44:00+00:00
[2025-01-06T12:44:23.647+0000] {processor.py:183} INFO - Processing /home/airflow/.local/lib/python3.11/site-packages/airflow/example_dags/example_sla_dag.py took 0.093 seconds
[2025-01-06T12:44:54.020+0000] {processor.py:161} INFO - Started process (PID=4561) to work on /home/airflow/.local/lib/python3.11/site-packages/airflow/example_dags/example_sla_dag.py
[2025-01-06T12:44:54.023+0000] {processor.py:830} INFO - Processing file /home/airflow/.local/lib/python3.11/site-packages/airflow/example_dags/example_sla_dag.py for tasks to queue
[2025-01-06T12:44:54.025+0000] {logging_mixin.py:188} INFO - [2025-01-06T12:44:54.024+0000] {dagbag.py:538} INFO - Filling up the DagBag from /home/airflow/.local/lib/python3.11/site-packages/airflow/example_dags/example_sla_dag.py
[2025-01-06T12:44:54.038+0000] {processor.py:840} INFO - DAG(s) 'example_sla_dag' retrieved from /home/airflow/.local/lib/python3.11/site-packages/airflow/example_dags/example_sla_dag.py
[2025-01-06T12:44:54.068+0000] {logging_mixin.py:188} INFO - [2025-01-06T12:44:54.068+0000] {dag.py:3036} INFO - Sync 1 DAGs
[2025-01-06T12:44:54.112+0000] {logging_mixin.py:188} INFO - [2025-01-06T12:44:54.112+0000] {dag.py:3823} INFO - Setting next_dagrun for example_sla_dag to 2025-01-06 12:42:00+00:00, run_after=2025-01-06 12:44:00+00:00
[2025-01-06T12:44:54.147+0000] {processor.py:183} INFO - Processing /home/airflow/.local/lib/python3.11/site-packages/airflow/example_dags/example_sla_dag.py took 0.133 seconds
[2025-01-06T12:45:24.206+0000] {processor.py:161} INFO - Started process (PID=4632) to work on /home/airflow/.local/lib/python3.11/site-packages/airflow/example_dags/example_sla_dag.py
[2025-01-06T12:45:24.207+0000] {processor.py:830} INFO - Processing file /home/airflow/.local/lib/python3.11/site-packages/airflow/example_dags/example_sla_dag.py for tasks to queue
[2025-01-06T12:45:24.209+0000] {logging_mixin.py:188} INFO - [2025-01-06T12:45:24.208+0000] {dagbag.py:538} INFO - Filling up the DagBag from /home/airflow/.local/lib/python3.11/site-packages/airflow/example_dags/example_sla_dag.py
[2025-01-06T12:45:24.222+0000] {processor.py:840} INFO - DAG(s) 'example_sla_dag' retrieved from /home/airflow/.local/lib/python3.11/site-packages/airflow/example_dags/example_sla_dag.py
[2025-01-06T12:45:24.252+0000] {logging_mixin.py:188} INFO - [2025-01-06T12:45:24.251+0000] {dag.py:3036} INFO - Sync 1 DAGs
[2025-01-06T12:45:24.290+0000] {logging_mixin.py:188} INFO - [2025-01-06T12:45:24.290+0000] {dag.py:3823} INFO - Setting next_dagrun for example_sla_dag to 2025-01-06 12:42:00+00:00, run_after=2025-01-06 12:44:00+00:00
[2025-01-06T12:45:24.321+0000] {processor.py:183} INFO - Processing /home/airflow/.local/lib/python3.11/site-packages/airflow/example_dags/example_sla_dag.py took 0.120 seconds
[2025-01-06T12:45:54.533+0000] {processor.py:161} INFO - Started process (PID=4696) to work on /home/airflow/.local/lib/python3.11/site-packages/airflow/example_dags/example_sla_dag.py
[2025-01-06T12:45:54.535+0000] {processor.py:830} INFO - Processing file /home/airflow/.local/lib/python3.11/site-packages/airflow/example_dags/example_sla_dag.py for tasks to queue
[2025-01-06T12:45:54.536+0000] {logging_mixin.py:188} INFO - [2025-01-06T12:45:54.535+0000] {dagbag.py:538} INFO - Filling up the DagBag from /home/airflow/.local/lib/python3.11/site-packages/airflow/example_dags/example_sla_dag.py
[2025-01-06T12:45:54.545+0000] {processor.py:840} INFO - DAG(s) 'example_sla_dag' retrieved from /home/airflow/.local/lib/python3.11/site-packages/airflow/example_dags/example_sla_dag.py
[2025-01-06T12:45:54.569+0000] {logging_mixin.py:188} INFO - [2025-01-06T12:45:54.569+0000] {dag.py:3036} INFO - Sync 1 DAGs
[2025-01-06T12:45:54.599+0000] {logging_mixin.py:188} INFO - [2025-01-06T12:45:54.599+0000] {dag.py:3823} INFO - Setting next_dagrun for example_sla_dag to 2025-01-06 12:42:00+00:00, run_after=2025-01-06 12:44:00+00:00
[2025-01-06T12:45:54.622+0000] {processor.py:183} INFO - Processing /home/airflow/.local/lib/python3.11/site-packages/airflow/example_dags/example_sla_dag.py took 0.092 seconds
[2025-01-06T12:46:24.822+0000] {processor.py:161} INFO - Started process (PID=4759) to work on /home/airflow/.local/lib/python3.11/site-packages/airflow/example_dags/example_sla_dag.py
[2025-01-06T12:46:24.824+0000] {processor.py:830} INFO - Processing file /home/airflow/.local/lib/python3.11/site-packages/airflow/example_dags/example_sla_dag.py for tasks to queue
[2025-01-06T12:46:24.826+0000] {logging_mixin.py:188} INFO - [2025-01-06T12:46:24.825+0000] {dagbag.py:538} INFO - Filling up the DagBag from /home/airflow/.local/lib/python3.11/site-packages/airflow/example_dags/example_sla_dag.py
[2025-01-06T12:46:24.842+0000] {processor.py:840} INFO - DAG(s) 'example_sla_dag' retrieved from /home/airflow/.local/lib/python3.11/site-packages/airflow/example_dags/example_sla_dag.py
[2025-01-06T12:46:24.864+0000] {logging_mixin.py:188} INFO - [2025-01-06T12:46:24.864+0000] {dag.py:3036} INFO - Sync 1 DAGs
[2025-01-06T12:46:24.891+0000] {logging_mixin.py:188} INFO - [2025-01-06T12:46:24.891+0000] {dag.py:3823} INFO - Setting next_dagrun for example_sla_dag to 2025-01-06 12:44:00+00:00, run_after=2025-01-06 12:46:00+00:00
[2025-01-06T12:46:24.911+0000] {processor.py:183} INFO - Processing /home/airflow/.local/lib/python3.11/site-packages/airflow/example_dags/example_sla_dag.py took 0.096 seconds
[2025-01-06T12:46:55.247+0000] {processor.py:161} INFO - Started process (PID=4831) to work on /home/airflow/.local/lib/python3.11/site-packages/airflow/example_dags/example_sla_dag.py
[2025-01-06T12:46:55.249+0000] {processor.py:830} INFO - Processing file /home/airflow/.local/lib/python3.11/site-packages/airflow/example_dags/example_sla_dag.py for tasks to queue
[2025-01-06T12:46:55.250+0000] {logging_mixin.py:188} INFO - [2025-01-06T12:46:55.250+0000] {dagbag.py:538} INFO - Filling up the DagBag from /home/airflow/.local/lib/python3.11/site-packages/airflow/example_dags/example_sla_dag.py
[2025-01-06T12:46:55.259+0000] {processor.py:840} INFO - DAG(s) 'example_sla_dag' retrieved from /home/airflow/.local/lib/python3.11/site-packages/airflow/example_dags/example_sla_dag.py
[2025-01-06T12:46:55.283+0000] {logging_mixin.py:188} INFO - [2025-01-06T12:46:55.283+0000] {dag.py:3036} INFO - Sync 1 DAGs
[2025-01-06T12:46:55.313+0000] {logging_mixin.py:188} INFO - [2025-01-06T12:46:55.313+0000] {dag.py:3823} INFO - Setting next_dagrun for example_sla_dag to 2025-01-06 12:44:00+00:00, run_after=2025-01-06 12:46:00+00:00
[2025-01-06T12:46:55.334+0000] {processor.py:183} INFO - Processing /home/airflow/.local/lib/python3.11/site-packages/airflow/example_dags/example_sla_dag.py took 0.091 seconds
[2025-01-06T12:47:25.435+0000] {processor.py:161} INFO - Started process (PID=4895) to work on /home/airflow/.local/lib/python3.11/site-packages/airflow/example_dags/example_sla_dag.py
[2025-01-06T12:47:25.437+0000] {processor.py:830} INFO - Processing file /home/airflow/.local/lib/python3.11/site-packages/airflow/example_dags/example_sla_dag.py for tasks to queue
[2025-01-06T12:47:25.439+0000] {logging_mixin.py:188} INFO - [2025-01-06T12:47:25.438+0000] {dagbag.py:538} INFO - Filling up the DagBag from /home/airflow/.local/lib/python3.11/site-packages/airflow/example_dags/example_sla_dag.py
[2025-01-06T12:47:25.451+0000] {processor.py:840} INFO - DAG(s) 'example_sla_dag' retrieved from /home/airflow/.local/lib/python3.11/site-packages/airflow/example_dags/example_sla_dag.py
[2025-01-06T12:47:25.479+0000] {logging_mixin.py:188} INFO - [2025-01-06T12:47:25.479+0000] {dag.py:3036} INFO - Sync 1 DAGs
[2025-01-06T12:47:25.510+0000] {logging_mixin.py:188} INFO - [2025-01-06T12:47:25.510+0000] {dag.py:3823} INFO - Setting next_dagrun for example_sla_dag to 2025-01-06 12:44:00+00:00, run_after=2025-01-06 12:46:00+00:00
[2025-01-06T12:47:25.541+0000] {processor.py:183} INFO - Processing /home/airflow/.local/lib/python3.11/site-packages/airflow/example_dags/example_sla_dag.py took 0.112 seconds
[2025-01-06T12:47:55.720+0000] {processor.py:161} INFO - Started process (PID=4959) to work on /home/airflow/.local/lib/python3.11/site-packages/airflow/example_dags/example_sla_dag.py
[2025-01-06T12:47:55.721+0000] {processor.py:830} INFO - Processing file /home/airflow/.local/lib/python3.11/site-packages/airflow/example_dags/example_sla_dag.py for tasks to queue
[2025-01-06T12:47:55.722+0000] {logging_mixin.py:188} INFO - [2025-01-06T12:47:55.722+0000] {dagbag.py:538} INFO - Filling up the DagBag from /home/airflow/.local/lib/python3.11/site-packages/airflow/example_dags/example_sla_dag.py
[2025-01-06T12:47:55.733+0000] {processor.py:840} INFO - DAG(s) 'example_sla_dag' retrieved from /home/airflow/.local/lib/python3.11/site-packages/airflow/example_dags/example_sla_dag.py
[2025-01-06T12:47:55.761+0000] {logging_mixin.py:188} INFO - [2025-01-06T12:47:55.761+0000] {dag.py:3036} INFO - Sync 1 DAGs
[2025-01-06T12:47:55.796+0000] {logging_mixin.py:188} INFO - [2025-01-06T12:47:55.796+0000] {dag.py:3823} INFO - Setting next_dagrun for example_sla_dag to 2025-01-06 12:44:00+00:00, run_after=2025-01-06 12:46:00+00:00
[2025-01-06T12:47:55.819+0000] {processor.py:183} INFO - Processing /home/airflow/.local/lib/python3.11/site-packages/airflow/example_dags/example_sla_dag.py took 0.104 seconds
[2025-01-06T12:48:25.896+0000] {processor.py:161} INFO - Started process (PID=5030) to work on /home/airflow/.local/lib/python3.11/site-packages/airflow/example_dags/example_sla_dag.py
[2025-01-06T12:48:25.897+0000] {processor.py:830} INFO - Processing file /home/airflow/.local/lib/python3.11/site-packages/airflow/example_dags/example_sla_dag.py for tasks to queue
[2025-01-06T12:48:25.898+0000] {logging_mixin.py:188} INFO - [2025-01-06T12:48:25.897+0000] {dagbag.py:538} INFO - Filling up the DagBag from /home/airflow/.local/lib/python3.11/site-packages/airflow/example_dags/example_sla_dag.py
[2025-01-06T12:48:25.906+0000] {processor.py:840} INFO - DAG(s) 'example_sla_dag' retrieved from /home/airflow/.local/lib/python3.11/site-packages/airflow/example_dags/example_sla_dag.py
[2025-01-06T12:48:25.928+0000] {logging_mixin.py:188} INFO - [2025-01-06T12:48:25.928+0000] {dag.py:3036} INFO - Sync 1 DAGs
[2025-01-06T12:48:25.956+0000] {logging_mixin.py:188} INFO - [2025-01-06T12:48:25.956+0000] {dag.py:3823} INFO - Setting next_dagrun for example_sla_dag to 2025-01-06 12:46:00+00:00, run_after=2025-01-06 12:48:00+00:00
[2025-01-06T12:48:25.977+0000] {processor.py:183} INFO - Processing /home/airflow/.local/lib/python3.11/site-packages/airflow/example_dags/example_sla_dag.py took 0.085 seconds
[2025-01-06T12:48:57.073+0000] {processor.py:161} INFO - Started process (PID=5094) to work on /home/airflow/.local/lib/python3.11/site-packages/airflow/example_dags/example_sla_dag.py
[2025-01-06T12:48:57.074+0000] {processor.py:830} INFO - Processing file /home/airflow/.local/lib/python3.11/site-packages/airflow/example_dags/example_sla_dag.py for tasks to queue
[2025-01-06T12:48:57.076+0000] {logging_mixin.py:188} INFO - [2025-01-06T12:48:57.075+0000] {dagbag.py:538} INFO - Filling up the DagBag from /home/airflow/.local/lib/python3.11/site-packages/airflow/example_dags/example_sla_dag.py
[2025-01-06T12:48:57.086+0000] {processor.py:840} INFO - DAG(s) 'example_sla_dag' retrieved from /home/airflow/.local/lib/python3.11/site-packages/airflow/example_dags/example_sla_dag.py
[2025-01-06T12:48:57.108+0000] {logging_mixin.py:188} INFO - [2025-01-06T12:48:57.108+0000] {dag.py:3036} INFO - Sync 1 DAGs
[2025-01-06T12:48:57.296+0000] {logging_mixin.py:188} INFO - [2025-01-06T12:48:57.296+0000] {dag.py:3823} INFO - Setting next_dagrun for example_sla_dag to 2025-01-06 12:46:00+00:00, run_after=2025-01-06 12:48:00+00:00
[2025-01-06T12:48:57.324+0000] {processor.py:183} INFO - Processing /home/airflow/.local/lib/python3.11/site-packages/airflow/example_dags/example_sla_dag.py took 0.257 seconds
[2025-01-06T12:49:28.220+0000] {processor.py:161} INFO - Started process (PID=5158) to work on /home/airflow/.local/lib/python3.11/site-packages/airflow/example_dags/example_sla_dag.py
[2025-01-06T12:49:28.222+0000] {processor.py:830} INFO - Processing file /home/airflow/.local/lib/python3.11/site-packages/airflow/example_dags/example_sla_dag.py for tasks to queue
[2025-01-06T12:49:28.223+0000] {logging_mixin.py:188} INFO - [2025-01-06T12:49:28.223+0000] {dagbag.py:538} INFO - Filling up the DagBag from /home/airflow/.local/lib/python3.11/site-packages/airflow/example_dags/example_sla_dag.py
[2025-01-06T12:49:28.236+0000] {processor.py:840} INFO - DAG(s) 'example_sla_dag' retrieved from /home/airflow/.local/lib/python3.11/site-packages/airflow/example_dags/example_sla_dag.py
[2025-01-06T12:49:28.262+0000] {logging_mixin.py:188} INFO - [2025-01-06T12:49:28.262+0000] {dag.py:3036} INFO - Sync 1 DAGs
[2025-01-06T12:49:28.293+0000] {logging_mixin.py:188} INFO - [2025-01-06T12:49:28.292+0000] {dag.py:3823} INFO - Setting next_dagrun for example_sla_dag to 2025-01-06 12:46:00+00:00, run_after=2025-01-06 12:48:00+00:00
[2025-01-06T12:49:28.322+0000] {processor.py:183} INFO - Processing /home/airflow/.local/lib/python3.11/site-packages/airflow/example_dags/example_sla_dag.py took 0.107 seconds
[2025-01-06T12:49:58.998+0000] {processor.py:161} INFO - Started process (PID=5229) to work on /home/airflow/.local/lib/python3.11/site-packages/airflow/example_dags/example_sla_dag.py
[2025-01-06T12:49:58.999+0000] {processor.py:830} INFO - Processing file /home/airflow/.local/lib/python3.11/site-packages/airflow/example_dags/example_sla_dag.py for tasks to queue
[2025-01-06T12:49:59.000+0000] {logging_mixin.py:188} INFO - [2025-01-06T12:49:59.000+0000] {dagbag.py:538} INFO - Filling up the DagBag from /home/airflow/.local/lib/python3.11/site-packages/airflow/example_dags/example_sla_dag.py
[2025-01-06T12:49:59.012+0000] {processor.py:840} INFO - DAG(s) 'example_sla_dag' retrieved from /home/airflow/.local/lib/python3.11/site-packages/airflow/example_dags/example_sla_dag.py
[2025-01-06T12:49:59.035+0000] {logging_mixin.py:188} INFO - [2025-01-06T12:49:59.035+0000] {dag.py:3036} INFO - Sync 1 DAGs
[2025-01-06T12:49:59.062+0000] {logging_mixin.py:188} INFO - [2025-01-06T12:49:59.062+0000] {dag.py:3823} INFO - Setting next_dagrun for example_sla_dag to 2025-01-06 12:46:00+00:00, run_after=2025-01-06 12:48:00+00:00
[2025-01-06T12:49:59.092+0000] {processor.py:183} INFO - Processing /home/airflow/.local/lib/python3.11/site-packages/airflow/example_dags/example_sla_dag.py took 0.099 seconds
[2025-01-06T12:50:29.574+0000] {processor.py:161} INFO - Started process (PID=5293) to work on /home/airflow/.local/lib/python3.11/site-packages/airflow/example_dags/example_sla_dag.py
[2025-01-06T12:50:29.575+0000] {processor.py:830} INFO - Processing file /home/airflow/.local/lib/python3.11/site-packages/airflow/example_dags/example_sla_dag.py for tasks to queue
[2025-01-06T12:50:29.576+0000] {logging_mixin.py:188} INFO - [2025-01-06T12:50:29.575+0000] {dagbag.py:538} INFO - Filling up the DagBag from /home/airflow/.local/lib/python3.11/site-packages/airflow/example_dags/example_sla_dag.py
[2025-01-06T12:50:29.585+0000] {processor.py:840} INFO - DAG(s) 'example_sla_dag' retrieved from /home/airflow/.local/lib/python3.11/site-packages/airflow/example_dags/example_sla_dag.py
[2025-01-06T12:50:29.607+0000] {logging_mixin.py:188} INFO - [2025-01-06T12:50:29.607+0000] {dag.py:3036} INFO - Sync 1 DAGs
[2025-01-06T12:50:29.637+0000] {logging_mixin.py:188} INFO - [2025-01-06T12:50:29.637+0000] {dag.py:3823} INFO - Setting next_dagrun for example_sla_dag to 2025-01-06 12:48:00+00:00, run_after=2025-01-06 12:50:00+00:00
[2025-01-06T12:50:29.667+0000] {processor.py:183} INFO - Processing /home/airflow/.local/lib/python3.11/site-packages/airflow/example_dags/example_sla_dag.py took 0.097 seconds
[2025-01-06T12:50:59.971+0000] {processor.py:161} INFO - Started process (PID=5357) to work on /home/airflow/.local/lib/python3.11/site-packages/airflow/example_dags/example_sla_dag.py
[2025-01-06T12:50:59.973+0000] {processor.py:830} INFO - Processing file /home/airflow/.local/lib/python3.11/site-packages/airflow/example_dags/example_sla_dag.py for tasks to queue
[2025-01-06T12:50:59.975+0000] {logging_mixin.py:188} INFO - [2025-01-06T12:50:59.975+0000] {dagbag.py:538} INFO - Filling up the DagBag from /home/airflow/.local/lib/python3.11/site-packages/airflow/example_dags/example_sla_dag.py
[2025-01-06T12:50:59.991+0000] {processor.py:840} INFO - DAG(s) 'example_sla_dag' retrieved from /home/airflow/.local/lib/python3.11/site-packages/airflow/example_dags/example_sla_dag.py
[2025-01-06T12:51:00.017+0000] {logging_mixin.py:188} INFO - [2025-01-06T12:51:00.017+0000] {dag.py:3036} INFO - Sync 1 DAGs
[2025-01-06T12:51:00.043+0000] {logging_mixin.py:188} INFO - [2025-01-06T12:51:00.043+0000] {dag.py:3823} INFO - Setting next_dagrun for example_sla_dag to 2025-01-06 12:48:00+00:00, run_after=2025-01-06 12:50:00+00:00
[2025-01-06T12:51:00.072+0000] {processor.py:183} INFO - Processing /home/airflow/.local/lib/python3.11/site-packages/airflow/example_dags/example_sla_dag.py took 0.108 seconds
[2025-01-06T12:51:30.252+0000] {processor.py:161} INFO - Started process (PID=5428) to work on /home/airflow/.local/lib/python3.11/site-packages/airflow/example_dags/example_sla_dag.py
[2025-01-06T12:51:30.253+0000] {processor.py:830} INFO - Processing file /home/airflow/.local/lib/python3.11/site-packages/airflow/example_dags/example_sla_dag.py for tasks to queue
[2025-01-06T12:51:30.255+0000] {logging_mixin.py:188} INFO - [2025-01-06T12:51:30.254+0000] {dagbag.py:538} INFO - Filling up the DagBag from /home/airflow/.local/lib/python3.11/site-packages/airflow/example_dags/example_sla_dag.py
[2025-01-06T12:51:30.266+0000] {processor.py:840} INFO - DAG(s) 'example_sla_dag' retrieved from /home/airflow/.local/lib/python3.11/site-packages/airflow/example_dags/example_sla_dag.py
[2025-01-06T12:51:30.295+0000] {logging_mixin.py:188} INFO - [2025-01-06T12:51:30.294+0000] {dag.py:3036} INFO - Sync 1 DAGs
[2025-01-06T12:51:30.323+0000] {logging_mixin.py:188} INFO - [2025-01-06T12:51:30.322+0000] {dag.py:3823} INFO - Setting next_dagrun for example_sla_dag to 2025-01-06 12:48:00+00:00, run_after=2025-01-06 12:50:00+00:00
[2025-01-06T12:51:30.347+0000] {processor.py:183} INFO - Processing /home/airflow/.local/lib/python3.11/site-packages/airflow/example_dags/example_sla_dag.py took 0.099 seconds
[2025-01-06T12:52:00.588+0000] {processor.py:161} INFO - Started process (PID=5493) to work on /home/airflow/.local/lib/python3.11/site-packages/airflow/example_dags/example_sla_dag.py
[2025-01-06T12:52:00.589+0000] {processor.py:830} INFO - Processing file /home/airflow/.local/lib/python3.11/site-packages/airflow/example_dags/example_sla_dag.py for tasks to queue
[2025-01-06T12:52:00.590+0000] {logging_mixin.py:188} INFO - [2025-01-06T12:52:00.590+0000] {dagbag.py:538} INFO - Filling up the DagBag from /home/airflow/.local/lib/python3.11/site-packages/airflow/example_dags/example_sla_dag.py
[2025-01-06T12:52:00.600+0000] {processor.py:840} INFO - DAG(s) 'example_sla_dag' retrieved from /home/airflow/.local/lib/python3.11/site-packages/airflow/example_dags/example_sla_dag.py
[2025-01-06T12:52:00.622+0000] {logging_mixin.py:188} INFO - [2025-01-06T12:52:00.622+0000] {dag.py:3036} INFO - Sync 1 DAGs
[2025-01-06T12:52:00.649+0000] {logging_mixin.py:188} INFO - [2025-01-06T12:52:00.648+0000] {dag.py:3823} INFO - Setting next_dagrun for example_sla_dag to 2025-01-06 12:50:00+00:00, run_after=2025-01-06 12:52:00+00:00
[2025-01-06T12:52:00.669+0000] {processor.py:183} INFO - Processing /home/airflow/.local/lib/python3.11/site-packages/airflow/example_dags/example_sla_dag.py took 0.086 seconds
[2025-01-06T12:52:30.834+0000] {processor.py:161} INFO - Started process (PID=5557) to work on /home/airflow/.local/lib/python3.11/site-packages/airflow/example_dags/example_sla_dag.py
[2025-01-06T12:52:30.836+0000] {processor.py:830} INFO - Processing file /home/airflow/.local/lib/python3.11/site-packages/airflow/example_dags/example_sla_dag.py for tasks to queue
[2025-01-06T12:52:30.838+0000] {logging_mixin.py:188} INFO - [2025-01-06T12:52:30.837+0000] {dagbag.py:538} INFO - Filling up the DagBag from /home/airflow/.local/lib/python3.11/site-packages/airflow/example_dags/example_sla_dag.py
[2025-01-06T12:52:30.855+0000] {processor.py:840} INFO - DAG(s) 'example_sla_dag' retrieved from /home/airflow/.local/lib/python3.11/site-packages/airflow/example_dags/example_sla_dag.py
[2025-01-06T12:52:30.888+0000] {logging_mixin.py:188} INFO - [2025-01-06T12:52:30.888+0000] {dag.py:3036} INFO - Sync 1 DAGs
[2025-01-06T12:52:30.914+0000] {logging_mixin.py:188} INFO - [2025-01-06T12:52:30.914+0000] {dag.py:3823} INFO - Setting next_dagrun for example_sla_dag to 2025-01-06 12:50:00+00:00, run_after=2025-01-06 12:52:00+00:00
[2025-01-06T12:52:30.952+0000] {processor.py:183} INFO - Processing /home/airflow/.local/lib/python3.11/site-packages/airflow/example_dags/example_sla_dag.py took 0.125 seconds
[2025-01-06T12:53:01.087+0000] {processor.py:161} INFO - Started process (PID=5628) to work on /home/airflow/.local/lib/python3.11/site-packages/airflow/example_dags/example_sla_dag.py
[2025-01-06T12:53:01.088+0000] {processor.py:830} INFO - Processing file /home/airflow/.local/lib/python3.11/site-packages/airflow/example_dags/example_sla_dag.py for tasks to queue
[2025-01-06T12:53:01.090+0000] {logging_mixin.py:188} INFO - [2025-01-06T12:53:01.089+0000] {dagbag.py:538} INFO - Filling up the DagBag from /home/airflow/.local/lib/python3.11/site-packages/airflow/example_dags/example_sla_dag.py
[2025-01-06T12:53:01.099+0000] {processor.py:840} INFO - DAG(s) 'example_sla_dag' retrieved from /home/airflow/.local/lib/python3.11/site-packages/airflow/example_dags/example_sla_dag.py
[2025-01-06T12:53:01.123+0000] {logging_mixin.py:188} INFO - [2025-01-06T12:53:01.123+0000] {dag.py:3036} INFO - Sync 1 DAGs
[2025-01-06T12:53:01.153+0000] {logging_mixin.py:188} INFO - [2025-01-06T12:53:01.153+0000] {dag.py:3823} INFO - Setting next_dagrun for example_sla_dag to 2025-01-06 12:50:00+00:00, run_after=2025-01-06 12:52:00+00:00
[2025-01-06T12:53:01.182+0000] {processor.py:183} INFO - Processing /home/airflow/.local/lib/python3.11/site-packages/airflow/example_dags/example_sla_dag.py took 0.099 seconds
[2025-01-06T12:53:31.566+0000] {processor.py:161} INFO - Started process (PID=5692) to work on /home/airflow/.local/lib/python3.11/site-packages/airflow/example_dags/example_sla_dag.py
[2025-01-06T12:53:31.569+0000] {processor.py:830} INFO - Processing file /home/airflow/.local/lib/python3.11/site-packages/airflow/example_dags/example_sla_dag.py for tasks to queue
[2025-01-06T12:53:31.571+0000] {logging_mixin.py:188} INFO - [2025-01-06T12:53:31.570+0000] {dagbag.py:538} INFO - Filling up the DagBag from /home/airflow/.local/lib/python3.11/site-packages/airflow/example_dags/example_sla_dag.py
[2025-01-06T12:53:31.585+0000] {processor.py:840} INFO - DAG(s) 'example_sla_dag' retrieved from /home/airflow/.local/lib/python3.11/site-packages/airflow/example_dags/example_sla_dag.py
[2025-01-06T12:53:31.615+0000] {logging_mixin.py:188} INFO - [2025-01-06T12:53:31.615+0000] {dag.py:3036} INFO - Sync 1 DAGs
[2025-01-06T12:53:31.646+0000] {logging_mixin.py:188} INFO - [2025-01-06T12:53:31.646+0000] {dag.py:3823} INFO - Setting next_dagrun for example_sla_dag to 2025-01-06 12:50:00+00:00, run_after=2025-01-06 12:52:00+00:00
[2025-01-06T12:53:31.675+0000] {processor.py:183} INFO - Processing /home/airflow/.local/lib/python3.11/site-packages/airflow/example_dags/example_sla_dag.py took 0.115 seconds
[2025-01-06T12:54:01.975+0000] {processor.py:161} INFO - Started process (PID=5756) to work on /home/airflow/.local/lib/python3.11/site-packages/airflow/example_dags/example_sla_dag.py
[2025-01-06T12:54:01.976+0000] {processor.py:830} INFO - Processing file /home/airflow/.local/lib/python3.11/site-packages/airflow/example_dags/example_sla_dag.py for tasks to queue
[2025-01-06T12:54:01.977+0000] {logging_mixin.py:188} INFO - [2025-01-06T12:54:01.977+0000] {dagbag.py:538} INFO - Filling up the DagBag from /home/airflow/.local/lib/python3.11/site-packages/airflow/example_dags/example_sla_dag.py
[2025-01-06T12:54:01.986+0000] {processor.py:840} INFO - DAG(s) 'example_sla_dag' retrieved from /home/airflow/.local/lib/python3.11/site-packages/airflow/example_dags/example_sla_dag.py
[2025-01-06T12:54:02.011+0000] {logging_mixin.py:188} INFO - [2025-01-06T12:54:02.011+0000] {dag.py:3036} INFO - Sync 1 DAGs
[2025-01-06T12:54:02.039+0000] {logging_mixin.py:188} INFO - [2025-01-06T12:54:02.039+0000] {dag.py:3823} INFO - Setting next_dagrun for example_sla_dag to 2025-01-06 12:52:00+00:00, run_after=2025-01-06 12:54:00+00:00
[2025-01-06T12:54:02.060+0000] {processor.py:183} INFO - Processing /home/airflow/.local/lib/python3.11/site-packages/airflow/example_dags/example_sla_dag.py took 0.089 seconds
[2025-01-06T12:54:32.270+0000] {processor.py:161} INFO - Started process (PID=5828) to work on /home/airflow/.local/lib/python3.11/site-packages/airflow/example_dags/example_sla_dag.py
[2025-01-06T12:54:32.271+0000] {processor.py:830} INFO - Processing file /home/airflow/.local/lib/python3.11/site-packages/airflow/example_dags/example_sla_dag.py for tasks to queue
[2025-01-06T12:54:32.273+0000] {logging_mixin.py:188} INFO - [2025-01-06T12:54:32.273+0000] {dagbag.py:538} INFO - Filling up the DagBag from /home/airflow/.local/lib/python3.11/site-packages/airflow/example_dags/example_sla_dag.py
[2025-01-06T12:54:32.283+0000] {processor.py:840} INFO - DAG(s) 'example_sla_dag' retrieved from /home/airflow/.local/lib/python3.11/site-packages/airflow/example_dags/example_sla_dag.py
[2025-01-06T12:54:32.306+0000] {logging_mixin.py:188} INFO - [2025-01-06T12:54:32.306+0000] {dag.py:3036} INFO - Sync 1 DAGs
[2025-01-06T12:54:32.337+0000] {logging_mixin.py:188} INFO - [2025-01-06T12:54:32.336+0000] {dag.py:3823} INFO - Setting next_dagrun for example_sla_dag to 2025-01-06 12:52:00+00:00, run_after=2025-01-06 12:54:00+00:00
[2025-01-06T12:54:32.367+0000] {processor.py:183} INFO - Processing /home/airflow/.local/lib/python3.11/site-packages/airflow/example_dags/example_sla_dag.py took 0.102 seconds
[2025-01-06T12:55:02.722+0000] {processor.py:161} INFO - Started process (PID=5892) to work on /home/airflow/.local/lib/python3.11/site-packages/airflow/example_dags/example_sla_dag.py
[2025-01-06T12:55:02.723+0000] {processor.py:830} INFO - Processing file /home/airflow/.local/lib/python3.11/site-packages/airflow/example_dags/example_sla_dag.py for tasks to queue
[2025-01-06T12:55:02.725+0000] {logging_mixin.py:188} INFO - [2025-01-06T12:55:02.724+0000] {dagbag.py:538} INFO - Filling up the DagBag from /home/airflow/.local/lib/python3.11/site-packages/airflow/example_dags/example_sla_dag.py
[2025-01-06T12:55:02.736+0000] {processor.py:840} INFO - DAG(s) 'example_sla_dag' retrieved from /home/airflow/.local/lib/python3.11/site-packages/airflow/example_dags/example_sla_dag.py
[2025-01-06T12:55:02.759+0000] {logging_mixin.py:188} INFO - [2025-01-06T12:55:02.759+0000] {dag.py:3036} INFO - Sync 1 DAGs
[2025-01-06T12:55:02.785+0000] {logging_mixin.py:188} INFO - [2025-01-06T12:55:02.785+0000] {dag.py:3823} INFO - Setting next_dagrun for example_sla_dag to 2025-01-06 12:52:00+00:00, run_after=2025-01-06 12:54:00+00:00
[2025-01-06T12:55:02.805+0000] {processor.py:183} INFO - Processing /home/airflow/.local/lib/python3.11/site-packages/airflow/example_dags/example_sla_dag.py took 0.087 seconds
[2025-01-06T12:59:12.447+0000] {processor.py:161} INFO - Started process (PID=5950) to work on /home/airflow/.local/lib/python3.11/site-packages/airflow/example_dags/example_sla_dag.py
[2025-01-06T12:59:12.449+0000] {processor.py:830} INFO - Processing file /home/airflow/.local/lib/python3.11/site-packages/airflow/example_dags/example_sla_dag.py for tasks to queue
[2025-01-06T12:59:12.450+0000] {logging_mixin.py:188} INFO - [2025-01-06T12:59:12.450+0000] {dagbag.py:538} INFO - Filling up the DagBag from /home/airflow/.local/lib/python3.11/site-packages/airflow/example_dags/example_sla_dag.py
[2025-01-06T12:59:12.460+0000] {processor.py:840} INFO - DAG(s) 'example_sla_dag' retrieved from /home/airflow/.local/lib/python3.11/site-packages/airflow/example_dags/example_sla_dag.py
[2025-01-06T12:59:12.485+0000] {logging_mixin.py:188} INFO - [2025-01-06T12:59:12.485+0000] {dag.py:3036} INFO - Sync 1 DAGs
[2025-01-06T12:59:12.518+0000] {logging_mixin.py:188} INFO - [2025-01-06T12:59:12.518+0000] {dag.py:3823} INFO - Setting next_dagrun for example_sla_dag to 2025-01-06 12:56:00+00:00, run_after=2025-01-06 12:58:00+00:00
[2025-01-06T12:59:12.540+0000] {processor.py:183} INFO - Processing /home/airflow/.local/lib/python3.11/site-packages/airflow/example_dags/example_sla_dag.py took 0.097 seconds
