[2025-01-06T12:31:43.940+0000] {processor.py:161} INFO - Started process (PID=2866) to work on /home/airflow/.local/lib/python3.11/site-packages/airflow/example_dags/example_xcom.py
[2025-01-06T12:31:43.942+0000] {processor.py:830} INFO - Processing file /home/airflow/.local/lib/python3.11/site-packages/airflow/example_dags/example_xcom.py for tasks to queue
[2025-01-06T12:31:43.954+0000] {logging_mixin.py:188} INFO - [2025-01-06T12:31:43.953+0000] {dagbag.py:538} INFO - Filling up the DagBag from /home/airflow/.local/lib/python3.11/site-packages/airflow/example_dags/example_xcom.py
[2025-01-06T12:31:44.003+0000] {processor.py:840} INFO - DAG(s) 'example_xcom' retrieved from /home/airflow/.local/lib/python3.11/site-packages/airflow/example_dags/example_xcom.py
[2025-01-06T12:31:44.121+0000] {logging_mixin.py:188} INFO - [2025-01-06T12:31:44.121+0000] {dag.py:3036} INFO - Sync 1 DAGs
[2025-01-06T12:31:44.258+0000] {logging_mixin.py:188} INFO - [2025-01-06T12:31:44.257+0000] {dag.py:3823} INFO - Setting next_dagrun for example_xcom to 2021-01-01 00:00:00+00:00, run_after=2021-01-01 00:00:00+00:00
[2025-01-06T12:31:44.361+0000] {processor.py:183} INFO - Processing /home/airflow/.local/lib/python3.11/site-packages/airflow/example_dags/example_xcom.py took 0.427 seconds
[2025-01-06T12:32:15.162+0000] {processor.py:161} INFO - Started process (PID=2930) to work on /home/airflow/.local/lib/python3.11/site-packages/airflow/example_dags/example_xcom.py
[2025-01-06T12:32:15.164+0000] {processor.py:830} INFO - Processing file /home/airflow/.local/lib/python3.11/site-packages/airflow/example_dags/example_xcom.py for tasks to queue
[2025-01-06T12:32:15.166+0000] {logging_mixin.py:188} INFO - [2025-01-06T12:32:15.165+0000] {dagbag.py:538} INFO - Filling up the DagBag from /home/airflow/.local/lib/python3.11/site-packages/airflow/example_dags/example_xcom.py
[2025-01-06T12:32:15.177+0000] {processor.py:840} INFO - DAG(s) 'example_xcom' retrieved from /home/airflow/.local/lib/python3.11/site-packages/airflow/example_dags/example_xcom.py
[2025-01-06T12:32:15.206+0000] {logging_mixin.py:188} INFO - [2025-01-06T12:32:15.205+0000] {dag.py:3036} INFO - Sync 1 DAGs
[2025-01-06T12:32:15.234+0000] {logging_mixin.py:188} INFO - [2025-01-06T12:32:15.234+0000] {dag.py:3823} INFO - Setting next_dagrun for example_xcom to 2021-01-01 00:00:00+00:00, run_after=2021-01-01 00:00:00+00:00
[2025-01-06T12:32:15.258+0000] {processor.py:183} INFO - Processing /home/airflow/.local/lib/python3.11/site-packages/airflow/example_dags/example_xcom.py took 0.101 seconds
[2025-01-06T12:32:45.393+0000] {processor.py:161} INFO - Started process (PID=3001) to work on /home/airflow/.local/lib/python3.11/site-packages/airflow/example_dags/example_xcom.py
[2025-01-06T12:32:45.395+0000] {processor.py:830} INFO - Processing file /home/airflow/.local/lib/python3.11/site-packages/airflow/example_dags/example_xcom.py for tasks to queue
[2025-01-06T12:32:45.396+0000] {logging_mixin.py:188} INFO - [2025-01-06T12:32:45.395+0000] {dagbag.py:538} INFO - Filling up the DagBag from /home/airflow/.local/lib/python3.11/site-packages/airflow/example_dags/example_xcom.py
[2025-01-06T12:32:45.407+0000] {processor.py:840} INFO - DAG(s) 'example_xcom' retrieved from /home/airflow/.local/lib/python3.11/site-packages/airflow/example_dags/example_xcom.py
[2025-01-06T12:32:45.434+0000] {logging_mixin.py:188} INFO - [2025-01-06T12:32:45.434+0000] {dag.py:3036} INFO - Sync 1 DAGs
[2025-01-06T12:32:45.465+0000] {logging_mixin.py:188} INFO - [2025-01-06T12:32:45.465+0000] {dag.py:3823} INFO - Setting next_dagrun for example_xcom to 2021-01-01 00:00:00+00:00, run_after=2021-01-01 00:00:00+00:00
[2025-01-06T12:32:45.496+0000] {processor.py:183} INFO - Processing /home/airflow/.local/lib/python3.11/site-packages/airflow/example_dags/example_xcom.py took 0.107 seconds
[2025-01-06T12:33:15.917+0000] {processor.py:161} INFO - Started process (PID=3065) to work on /home/airflow/.local/lib/python3.11/site-packages/airflow/example_dags/example_xcom.py
[2025-01-06T12:33:15.922+0000] {processor.py:830} INFO - Processing file /home/airflow/.local/lib/python3.11/site-packages/airflow/example_dags/example_xcom.py for tasks to queue
[2025-01-06T12:33:15.928+0000] {logging_mixin.py:188} INFO - [2025-01-06T12:33:15.927+0000] {dagbag.py:538} INFO - Filling up the DagBag from /home/airflow/.local/lib/python3.11/site-packages/airflow/example_dags/example_xcom.py
[2025-01-06T12:33:15.946+0000] {processor.py:840} INFO - DAG(s) 'example_xcom' retrieved from /home/airflow/.local/lib/python3.11/site-packages/airflow/example_dags/example_xcom.py
[2025-01-06T12:33:16.012+0000] {logging_mixin.py:188} INFO - [2025-01-06T12:33:16.012+0000] {dag.py:3036} INFO - Sync 1 DAGs
[2025-01-06T12:33:16.085+0000] {logging_mixin.py:188} INFO - [2025-01-06T12:33:16.085+0000] {dag.py:3823} INFO - Setting next_dagrun for example_xcom to 2021-01-01 00:00:00+00:00, run_after=2021-01-01 00:00:00+00:00
[2025-01-06T12:33:16.155+0000] {processor.py:183} INFO - Processing /home/airflow/.local/lib/python3.11/site-packages/airflow/example_dags/example_xcom.py took 0.244 seconds
[2025-01-06T12:33:46.278+0000] {processor.py:161} INFO - Started process (PID=3128) to work on /home/airflow/.local/lib/python3.11/site-packages/airflow/example_dags/example_xcom.py
[2025-01-06T12:33:46.280+0000] {processor.py:830} INFO - Processing file /home/airflow/.local/lib/python3.11/site-packages/airflow/example_dags/example_xcom.py for tasks to queue
[2025-01-06T12:33:46.282+0000] {logging_mixin.py:188} INFO - [2025-01-06T12:33:46.281+0000] {dagbag.py:538} INFO - Filling up the DagBag from /home/airflow/.local/lib/python3.11/site-packages/airflow/example_dags/example_xcom.py
[2025-01-06T12:33:46.297+0000] {processor.py:840} INFO - DAG(s) 'example_xcom' retrieved from /home/airflow/.local/lib/python3.11/site-packages/airflow/example_dags/example_xcom.py
[2025-01-06T12:33:46.340+0000] {logging_mixin.py:188} INFO - [2025-01-06T12:33:46.339+0000] {dag.py:3036} INFO - Sync 1 DAGs
[2025-01-06T12:33:46.370+0000] {logging_mixin.py:188} INFO - [2025-01-06T12:33:46.369+0000] {dag.py:3823} INFO - Setting next_dagrun for example_xcom to 2021-01-01 00:00:00+00:00, run_after=2021-01-01 00:00:00+00:00
[2025-01-06T12:33:46.394+0000] {processor.py:183} INFO - Processing /home/airflow/.local/lib/python3.11/site-packages/airflow/example_dags/example_xcom.py took 0.123 seconds
[2025-01-06T12:34:16.480+0000] {processor.py:161} INFO - Started process (PID=3192) to work on /home/airflow/.local/lib/python3.11/site-packages/airflow/example_dags/example_xcom.py
[2025-01-06T12:34:16.482+0000] {processor.py:830} INFO - Processing file /home/airflow/.local/lib/python3.11/site-packages/airflow/example_dags/example_xcom.py for tasks to queue
[2025-01-06T12:34:16.483+0000] {logging_mixin.py:188} INFO - [2025-01-06T12:34:16.483+0000] {dagbag.py:538} INFO - Filling up the DagBag from /home/airflow/.local/lib/python3.11/site-packages/airflow/example_dags/example_xcom.py
[2025-01-06T12:34:16.494+0000] {processor.py:840} INFO - DAG(s) 'example_xcom' retrieved from /home/airflow/.local/lib/python3.11/site-packages/airflow/example_dags/example_xcom.py
[2025-01-06T12:34:16.531+0000] {logging_mixin.py:188} INFO - [2025-01-06T12:34:16.530+0000] {dag.py:3036} INFO - Sync 1 DAGs
[2025-01-06T12:34:16.574+0000] {logging_mixin.py:188} INFO - [2025-01-06T12:34:16.573+0000] {dag.py:3823} INFO - Setting next_dagrun for example_xcom to 2021-01-01 00:00:00+00:00, run_after=2021-01-01 00:00:00+00:00
[2025-01-06T12:34:16.612+0000] {processor.py:183} INFO - Processing /home/airflow/.local/lib/python3.11/site-packages/airflow/example_dags/example_xcom.py took 0.136 seconds
[2025-01-06T12:34:47.175+0000] {processor.py:161} INFO - Started process (PID=3257) to work on /home/airflow/.local/lib/python3.11/site-packages/airflow/example_dags/example_xcom.py
[2025-01-06T12:34:47.176+0000] {processor.py:830} INFO - Processing file /home/airflow/.local/lib/python3.11/site-packages/airflow/example_dags/example_xcom.py for tasks to queue
[2025-01-06T12:34:47.178+0000] {logging_mixin.py:188} INFO - [2025-01-06T12:34:47.177+0000] {dagbag.py:538} INFO - Filling up the DagBag from /home/airflow/.local/lib/python3.11/site-packages/airflow/example_dags/example_xcom.py
[2025-01-06T12:34:47.188+0000] {processor.py:840} INFO - DAG(s) 'example_xcom' retrieved from /home/airflow/.local/lib/python3.11/site-packages/airflow/example_dags/example_xcom.py
[2025-01-06T12:34:47.216+0000] {logging_mixin.py:188} INFO - [2025-01-06T12:34:47.216+0000] {dag.py:3036} INFO - Sync 1 DAGs
[2025-01-06T12:34:47.241+0000] {logging_mixin.py:188} INFO - [2025-01-06T12:34:47.241+0000] {dag.py:3823} INFO - Setting next_dagrun for example_xcom to 2021-01-01 00:00:00+00:00, run_after=2021-01-01 00:00:00+00:00
[2025-01-06T12:34:47.276+0000] {processor.py:183} INFO - Processing /home/airflow/.local/lib/python3.11/site-packages/airflow/example_dags/example_xcom.py took 0.109 seconds
[2025-01-06T12:35:18.126+0000] {processor.py:161} INFO - Started process (PID=3328) to work on /home/airflow/.local/lib/python3.11/site-packages/airflow/example_dags/example_xcom.py
[2025-01-06T12:35:18.128+0000] {processor.py:830} INFO - Processing file /home/airflow/.local/lib/python3.11/site-packages/airflow/example_dags/example_xcom.py for tasks to queue
[2025-01-06T12:35:18.129+0000] {logging_mixin.py:188} INFO - [2025-01-06T12:35:18.129+0000] {dagbag.py:538} INFO - Filling up the DagBag from /home/airflow/.local/lib/python3.11/site-packages/airflow/example_dags/example_xcom.py
[2025-01-06T12:35:18.144+0000] {processor.py:840} INFO - DAG(s) 'example_xcom' retrieved from /home/airflow/.local/lib/python3.11/site-packages/airflow/example_dags/example_xcom.py
[2025-01-06T12:35:18.184+0000] {logging_mixin.py:188} INFO - [2025-01-06T12:35:18.183+0000] {dag.py:3036} INFO - Sync 1 DAGs
[2025-01-06T12:35:18.215+0000] {logging_mixin.py:188} INFO - [2025-01-06T12:35:18.215+0000] {dag.py:3823} INFO - Setting next_dagrun for example_xcom to 2021-01-01 00:00:00+00:00, run_after=2021-01-01 00:00:00+00:00
[2025-01-06T12:35:18.245+0000] {processor.py:183} INFO - Processing /home/airflow/.local/lib/python3.11/site-packages/airflow/example_dags/example_xcom.py took 0.124 seconds
[2025-01-06T12:35:48.602+0000] {processor.py:161} INFO - Started process (PID=3392) to work on /home/airflow/.local/lib/python3.11/site-packages/airflow/example_dags/example_xcom.py
[2025-01-06T12:35:48.604+0000] {processor.py:830} INFO - Processing file /home/airflow/.local/lib/python3.11/site-packages/airflow/example_dags/example_xcom.py for tasks to queue
[2025-01-06T12:35:48.606+0000] {logging_mixin.py:188} INFO - [2025-01-06T12:35:48.605+0000] {dagbag.py:538} INFO - Filling up the DagBag from /home/airflow/.local/lib/python3.11/site-packages/airflow/example_dags/example_xcom.py
[2025-01-06T12:35:48.622+0000] {processor.py:840} INFO - DAG(s) 'example_xcom' retrieved from /home/airflow/.local/lib/python3.11/site-packages/airflow/example_dags/example_xcom.py
[2025-01-06T12:35:48.659+0000] {logging_mixin.py:188} INFO - [2025-01-06T12:35:48.659+0000] {dag.py:3036} INFO - Sync 1 DAGs
[2025-01-06T12:35:48.701+0000] {logging_mixin.py:188} INFO - [2025-01-06T12:35:48.700+0000] {dag.py:3823} INFO - Setting next_dagrun for example_xcom to 2021-01-01 00:00:00+00:00, run_after=2021-01-01 00:00:00+00:00
[2025-01-06T12:35:48.731+0000] {processor.py:183} INFO - Processing /home/airflow/.local/lib/python3.11/site-packages/airflow/example_dags/example_xcom.py took 0.136 seconds
[2025-01-06T12:36:19.013+0000] {processor.py:161} INFO - Started process (PID=3456) to work on /home/airflow/.local/lib/python3.11/site-packages/airflow/example_dags/example_xcom.py
[2025-01-06T12:36:19.014+0000] {processor.py:830} INFO - Processing file /home/airflow/.local/lib/python3.11/site-packages/airflow/example_dags/example_xcom.py for tasks to queue
[2025-01-06T12:36:19.016+0000] {logging_mixin.py:188} INFO - [2025-01-06T12:36:19.015+0000] {dagbag.py:538} INFO - Filling up the DagBag from /home/airflow/.local/lib/python3.11/site-packages/airflow/example_dags/example_xcom.py
[2025-01-06T12:36:19.026+0000] {processor.py:840} INFO - DAG(s) 'example_xcom' retrieved from /home/airflow/.local/lib/python3.11/site-packages/airflow/example_dags/example_xcom.py
[2025-01-06T12:36:19.050+0000] {logging_mixin.py:188} INFO - [2025-01-06T12:36:19.050+0000] {dag.py:3036} INFO - Sync 1 DAGs
[2025-01-06T12:36:19.078+0000] {logging_mixin.py:188} INFO - [2025-01-06T12:36:19.078+0000] {dag.py:3823} INFO - Setting next_dagrun for example_xcom to 2021-01-01 00:00:00+00:00, run_after=2021-01-01 00:00:00+00:00
[2025-01-06T12:36:19.107+0000] {processor.py:183} INFO - Processing /home/airflow/.local/lib/python3.11/site-packages/airflow/example_dags/example_xcom.py took 0.098 seconds
[2025-01-06T12:36:49.513+0000] {processor.py:161} INFO - Started process (PID=3518) to work on /home/airflow/.local/lib/python3.11/site-packages/airflow/example_dags/example_xcom.py
[2025-01-06T12:36:49.515+0000] {processor.py:830} INFO - Processing file /home/airflow/.local/lib/python3.11/site-packages/airflow/example_dags/example_xcom.py for tasks to queue
[2025-01-06T12:36:49.516+0000] {logging_mixin.py:188} INFO - [2025-01-06T12:36:49.516+0000] {dagbag.py:538} INFO - Filling up the DagBag from /home/airflow/.local/lib/python3.11/site-packages/airflow/example_dags/example_xcom.py
[2025-01-06T12:36:49.531+0000] {processor.py:840} INFO - DAG(s) 'example_xcom' retrieved from /home/airflow/.local/lib/python3.11/site-packages/airflow/example_dags/example_xcom.py
[2025-01-06T12:36:49.566+0000] {logging_mixin.py:188} INFO - [2025-01-06T12:36:49.566+0000] {dag.py:3036} INFO - Sync 1 DAGs
[2025-01-06T12:36:49.592+0000] {logging_mixin.py:188} INFO - [2025-01-06T12:36:49.591+0000] {dag.py:3823} INFO - Setting next_dagrun for example_xcom to 2021-01-01 00:00:00+00:00, run_after=2021-01-01 00:00:00+00:00
[2025-01-06T12:36:49.622+0000] {processor.py:183} INFO - Processing /home/airflow/.local/lib/python3.11/site-packages/airflow/example_dags/example_xcom.py took 0.114 seconds
[2025-01-06T12:37:20.006+0000] {processor.py:161} INFO - Started process (PID=3582) to work on /home/airflow/.local/lib/python3.11/site-packages/airflow/example_dags/example_xcom.py
[2025-01-06T12:37:20.007+0000] {processor.py:830} INFO - Processing file /home/airflow/.local/lib/python3.11/site-packages/airflow/example_dags/example_xcom.py for tasks to queue
[2025-01-06T12:37:20.008+0000] {logging_mixin.py:188} INFO - [2025-01-06T12:37:20.008+0000] {dagbag.py:538} INFO - Filling up the DagBag from /home/airflow/.local/lib/python3.11/site-packages/airflow/example_dags/example_xcom.py
[2025-01-06T12:37:20.017+0000] {processor.py:840} INFO - DAG(s) 'example_xcom' retrieved from /home/airflow/.local/lib/python3.11/site-packages/airflow/example_dags/example_xcom.py
[2025-01-06T12:37:20.042+0000] {logging_mixin.py:188} INFO - [2025-01-06T12:37:20.041+0000] {dag.py:3036} INFO - Sync 1 DAGs
[2025-01-06T12:37:20.067+0000] {logging_mixin.py:188} INFO - [2025-01-06T12:37:20.066+0000] {dag.py:3823} INFO - Setting next_dagrun for example_xcom to 2021-01-01 00:00:00+00:00, run_after=2021-01-01 00:00:00+00:00
[2025-01-06T12:37:20.095+0000] {processor.py:183} INFO - Processing /home/airflow/.local/lib/python3.11/site-packages/airflow/example_dags/example_xcom.py took 0.093 seconds
[2025-01-06T12:37:50.999+0000] {processor.py:161} INFO - Started process (PID=3647) to work on /home/airflow/.local/lib/python3.11/site-packages/airflow/example_dags/example_xcom.py
[2025-01-06T12:37:51.000+0000] {processor.py:830} INFO - Processing file /home/airflow/.local/lib/python3.11/site-packages/airflow/example_dags/example_xcom.py for tasks to queue
[2025-01-06T12:37:51.002+0000] {logging_mixin.py:188} INFO - [2025-01-06T12:37:51.002+0000] {dagbag.py:538} INFO - Filling up the DagBag from /home/airflow/.local/lib/python3.11/site-packages/airflow/example_dags/example_xcom.py
[2025-01-06T12:37:51.011+0000] {processor.py:840} INFO - DAG(s) 'example_xcom' retrieved from /home/airflow/.local/lib/python3.11/site-packages/airflow/example_dags/example_xcom.py
[2025-01-06T12:37:51.046+0000] {logging_mixin.py:188} INFO - [2025-01-06T12:37:51.045+0000] {dag.py:3036} INFO - Sync 1 DAGs
[2025-01-06T12:37:51.077+0000] {logging_mixin.py:188} INFO - [2025-01-06T12:37:51.077+0000] {dag.py:3823} INFO - Setting next_dagrun for example_xcom to 2021-01-01 00:00:00+00:00, run_after=2021-01-01 00:00:00+00:00
[2025-01-06T12:37:51.100+0000] {processor.py:183} INFO - Processing /home/airflow/.local/lib/python3.11/site-packages/airflow/example_dags/example_xcom.py took 0.106 seconds
[2025-01-06T12:38:21.529+0000] {processor.py:161} INFO - Started process (PID=3711) to work on /home/airflow/.local/lib/python3.11/site-packages/airflow/example_dags/example_xcom.py
[2025-01-06T12:38:21.530+0000] {processor.py:830} INFO - Processing file /home/airflow/.local/lib/python3.11/site-packages/airflow/example_dags/example_xcom.py for tasks to queue
[2025-01-06T12:38:21.531+0000] {logging_mixin.py:188} INFO - [2025-01-06T12:38:21.531+0000] {dagbag.py:538} INFO - Filling up the DagBag from /home/airflow/.local/lib/python3.11/site-packages/airflow/example_dags/example_xcom.py
[2025-01-06T12:38:21.542+0000] {processor.py:840} INFO - DAG(s) 'example_xcom' retrieved from /home/airflow/.local/lib/python3.11/site-packages/airflow/example_dags/example_xcom.py
[2025-01-06T12:38:21.572+0000] {logging_mixin.py:188} INFO - [2025-01-06T12:38:21.571+0000] {dag.py:3036} INFO - Sync 1 DAGs
[2025-01-06T12:38:21.600+0000] {logging_mixin.py:188} INFO - [2025-01-06T12:38:21.600+0000] {dag.py:3823} INFO - Setting next_dagrun for example_xcom to 2021-01-01 00:00:00+00:00, run_after=2021-01-01 00:00:00+00:00
[2025-01-06T12:38:21.635+0000] {processor.py:183} INFO - Processing /home/airflow/.local/lib/python3.11/site-packages/airflow/example_dags/example_xcom.py took 0.110 seconds
[2025-01-06T12:38:51.982+0000] {processor.py:161} INFO - Started process (PID=3782) to work on /home/airflow/.local/lib/python3.11/site-packages/airflow/example_dags/example_xcom.py
[2025-01-06T12:38:51.983+0000] {processor.py:830} INFO - Processing file /home/airflow/.local/lib/python3.11/site-packages/airflow/example_dags/example_xcom.py for tasks to queue
[2025-01-06T12:38:51.984+0000] {logging_mixin.py:188} INFO - [2025-01-06T12:38:51.984+0000] {dagbag.py:538} INFO - Filling up the DagBag from /home/airflow/.local/lib/python3.11/site-packages/airflow/example_dags/example_xcom.py
[2025-01-06T12:38:51.993+0000] {processor.py:840} INFO - DAG(s) 'example_xcom' retrieved from /home/airflow/.local/lib/python3.11/site-packages/airflow/example_dags/example_xcom.py
[2025-01-06T12:38:52.020+0000] {logging_mixin.py:188} INFO - [2025-01-06T12:38:52.019+0000] {dag.py:3036} INFO - Sync 1 DAGs
[2025-01-06T12:38:52.043+0000] {logging_mixin.py:188} INFO - [2025-01-06T12:38:52.042+0000] {dag.py:3823} INFO - Setting next_dagrun for example_xcom to 2021-01-01 00:00:00+00:00, run_after=2021-01-01 00:00:00+00:00
[2025-01-06T12:38:52.069+0000] {processor.py:183} INFO - Processing /home/airflow/.local/lib/python3.11/site-packages/airflow/example_dags/example_xcom.py took 0.091 seconds
[2025-01-06T12:39:22.276+0000] {processor.py:161} INFO - Started process (PID=3846) to work on /home/airflow/.local/lib/python3.11/site-packages/airflow/example_dags/example_xcom.py
[2025-01-06T12:39:22.277+0000] {processor.py:830} INFO - Processing file /home/airflow/.local/lib/python3.11/site-packages/airflow/example_dags/example_xcom.py for tasks to queue
[2025-01-06T12:39:22.278+0000] {logging_mixin.py:188} INFO - [2025-01-06T12:39:22.278+0000] {dagbag.py:538} INFO - Filling up the DagBag from /home/airflow/.local/lib/python3.11/site-packages/airflow/example_dags/example_xcom.py
[2025-01-06T12:39:22.287+0000] {processor.py:840} INFO - DAG(s) 'example_xcom' retrieved from /home/airflow/.local/lib/python3.11/site-packages/airflow/example_dags/example_xcom.py
[2025-01-06T12:39:22.313+0000] {logging_mixin.py:188} INFO - [2025-01-06T12:39:22.313+0000] {dag.py:3036} INFO - Sync 1 DAGs
[2025-01-06T12:39:22.334+0000] {logging_mixin.py:188} INFO - [2025-01-06T12:39:22.334+0000] {dag.py:3823} INFO - Setting next_dagrun for example_xcom to 2021-01-01 00:00:00+00:00, run_after=2021-01-01 00:00:00+00:00
[2025-01-06T12:39:22.357+0000] {processor.py:183} INFO - Processing /home/airflow/.local/lib/python3.11/site-packages/airflow/example_dags/example_xcom.py took 0.085 seconds
[2025-01-06T12:39:52.547+0000] {processor.py:161} INFO - Started process (PID=3910) to work on /home/airflow/.local/lib/python3.11/site-packages/airflow/example_dags/example_xcom.py
[2025-01-06T12:39:52.548+0000] {processor.py:830} INFO - Processing file /home/airflow/.local/lib/python3.11/site-packages/airflow/example_dags/example_xcom.py for tasks to queue
[2025-01-06T12:39:52.549+0000] {logging_mixin.py:188} INFO - [2025-01-06T12:39:52.549+0000] {dagbag.py:538} INFO - Filling up the DagBag from /home/airflow/.local/lib/python3.11/site-packages/airflow/example_dags/example_xcom.py
[2025-01-06T12:39:52.557+0000] {processor.py:840} INFO - DAG(s) 'example_xcom' retrieved from /home/airflow/.local/lib/python3.11/site-packages/airflow/example_dags/example_xcom.py
[2025-01-06T12:39:52.583+0000] {logging_mixin.py:188} INFO - [2025-01-06T12:39:52.582+0000] {dag.py:3036} INFO - Sync 1 DAGs
[2025-01-06T12:39:52.621+0000] {logging_mixin.py:188} INFO - [2025-01-06T12:39:52.621+0000] {dag.py:3823} INFO - Setting next_dagrun for example_xcom to 2021-01-01 00:00:00+00:00, run_after=2021-01-01 00:00:00+00:00
[2025-01-06T12:39:52.658+0000] {processor.py:183} INFO - Processing /home/airflow/.local/lib/python3.11/site-packages/airflow/example_dags/example_xcom.py took 0.114 seconds
[2025-01-06T12:40:22.784+0000] {processor.py:161} INFO - Started process (PID=3974) to work on /home/airflow/.local/lib/python3.11/site-packages/airflow/example_dags/example_xcom.py
[2025-01-06T12:40:22.786+0000] {processor.py:830} INFO - Processing file /home/airflow/.local/lib/python3.11/site-packages/airflow/example_dags/example_xcom.py for tasks to queue
[2025-01-06T12:40:22.787+0000] {logging_mixin.py:188} INFO - [2025-01-06T12:40:22.786+0000] {dagbag.py:538} INFO - Filling up the DagBag from /home/airflow/.local/lib/python3.11/site-packages/airflow/example_dags/example_xcom.py
[2025-01-06T12:40:22.795+0000] {processor.py:840} INFO - DAG(s) 'example_xcom' retrieved from /home/airflow/.local/lib/python3.11/site-packages/airflow/example_dags/example_xcom.py
[2025-01-06T12:40:22.820+0000] {logging_mixin.py:188} INFO - [2025-01-06T12:40:22.820+0000] {dag.py:3036} INFO - Sync 1 DAGs
[2025-01-06T12:40:22.843+0000] {logging_mixin.py:188} INFO - [2025-01-06T12:40:22.842+0000] {dag.py:3823} INFO - Setting next_dagrun for example_xcom to 2021-01-01 00:00:00+00:00, run_after=2021-01-01 00:00:00+00:00
[2025-01-06T12:40:22.865+0000] {processor.py:183} INFO - Processing /home/airflow/.local/lib/python3.11/site-packages/airflow/example_dags/example_xcom.py took 0.084 seconds
[2025-01-06T12:40:52.997+0000] {processor.py:161} INFO - Started process (PID=4045) to work on /home/airflow/.local/lib/python3.11/site-packages/airflow/example_dags/example_xcom.py
[2025-01-06T12:40:52.999+0000] {processor.py:830} INFO - Processing file /home/airflow/.local/lib/python3.11/site-packages/airflow/example_dags/example_xcom.py for tasks to queue
[2025-01-06T12:40:53.000+0000] {logging_mixin.py:188} INFO - [2025-01-06T12:40:52.999+0000] {dagbag.py:538} INFO - Filling up the DagBag from /home/airflow/.local/lib/python3.11/site-packages/airflow/example_dags/example_xcom.py
[2025-01-06T12:40:53.008+0000] {processor.py:840} INFO - DAG(s) 'example_xcom' retrieved from /home/airflow/.local/lib/python3.11/site-packages/airflow/example_dags/example_xcom.py
[2025-01-06T12:40:53.031+0000] {logging_mixin.py:188} INFO - [2025-01-06T12:40:53.031+0000] {dag.py:3036} INFO - Sync 1 DAGs
[2025-01-06T12:40:53.055+0000] {logging_mixin.py:188} INFO - [2025-01-06T12:40:53.054+0000] {dag.py:3823} INFO - Setting next_dagrun for example_xcom to 2021-01-01 00:00:00+00:00, run_after=2021-01-01 00:00:00+00:00
[2025-01-06T12:40:53.078+0000] {processor.py:183} INFO - Processing /home/airflow/.local/lib/python3.11/site-packages/airflow/example_dags/example_xcom.py took 0.084 seconds
[2025-01-06T12:41:23.332+0000] {processor.py:161} INFO - Started process (PID=4109) to work on /home/airflow/.local/lib/python3.11/site-packages/airflow/example_dags/example_xcom.py
[2025-01-06T12:41:23.334+0000] {processor.py:830} INFO - Processing file /home/airflow/.local/lib/python3.11/site-packages/airflow/example_dags/example_xcom.py for tasks to queue
[2025-01-06T12:41:23.335+0000] {logging_mixin.py:188} INFO - [2025-01-06T12:41:23.334+0000] {dagbag.py:538} INFO - Filling up the DagBag from /home/airflow/.local/lib/python3.11/site-packages/airflow/example_dags/example_xcom.py
[2025-01-06T12:41:23.343+0000] {processor.py:840} INFO - DAG(s) 'example_xcom' retrieved from /home/airflow/.local/lib/python3.11/site-packages/airflow/example_dags/example_xcom.py
[2025-01-06T12:41:23.367+0000] {logging_mixin.py:188} INFO - [2025-01-06T12:41:23.367+0000] {dag.py:3036} INFO - Sync 1 DAGs
[2025-01-06T12:41:23.398+0000] {logging_mixin.py:188} INFO - [2025-01-06T12:41:23.398+0000] {dag.py:3823} INFO - Setting next_dagrun for example_xcom to 2021-01-01 00:00:00+00:00, run_after=2021-01-01 00:00:00+00:00
[2025-01-06T12:41:23.426+0000] {processor.py:183} INFO - Processing /home/airflow/.local/lib/python3.11/site-packages/airflow/example_dags/example_xcom.py took 0.098 seconds
[2025-01-06T12:41:53.548+0000] {processor.py:161} INFO - Started process (PID=4173) to work on /home/airflow/.local/lib/python3.11/site-packages/airflow/example_dags/example_xcom.py
[2025-01-06T12:41:53.549+0000] {processor.py:830} INFO - Processing file /home/airflow/.local/lib/python3.11/site-packages/airflow/example_dags/example_xcom.py for tasks to queue
[2025-01-06T12:41:53.550+0000] {logging_mixin.py:188} INFO - [2025-01-06T12:41:53.549+0000] {dagbag.py:538} INFO - Filling up the DagBag from /home/airflow/.local/lib/python3.11/site-packages/airflow/example_dags/example_xcom.py
[2025-01-06T12:41:53.559+0000] {processor.py:840} INFO - DAG(s) 'example_xcom' retrieved from /home/airflow/.local/lib/python3.11/site-packages/airflow/example_dags/example_xcom.py
[2025-01-06T12:41:53.583+0000] {logging_mixin.py:188} INFO - [2025-01-06T12:41:53.583+0000] {dag.py:3036} INFO - Sync 1 DAGs
[2025-01-06T12:41:53.604+0000] {logging_mixin.py:188} INFO - [2025-01-06T12:41:53.604+0000] {dag.py:3823} INFO - Setting next_dagrun for example_xcom to 2021-01-01 00:00:00+00:00, run_after=2021-01-01 00:00:00+00:00
[2025-01-06T12:41:53.624+0000] {processor.py:183} INFO - Processing /home/airflow/.local/lib/python3.11/site-packages/airflow/example_dags/example_xcom.py took 0.080 seconds
[2025-01-06T12:42:24.152+0000] {processor.py:161} INFO - Started process (PID=4244) to work on /home/airflow/.local/lib/python3.11/site-packages/airflow/example_dags/example_xcom.py
[2025-01-06T12:42:24.154+0000] {processor.py:830} INFO - Processing file /home/airflow/.local/lib/python3.11/site-packages/airflow/example_dags/example_xcom.py for tasks to queue
[2025-01-06T12:42:24.155+0000] {logging_mixin.py:188} INFO - [2025-01-06T12:42:24.155+0000] {dagbag.py:538} INFO - Filling up the DagBag from /home/airflow/.local/lib/python3.11/site-packages/airflow/example_dags/example_xcom.py
[2025-01-06T12:42:24.168+0000] {processor.py:840} INFO - DAG(s) 'example_xcom' retrieved from /home/airflow/.local/lib/python3.11/site-packages/airflow/example_dags/example_xcom.py
[2025-01-06T12:42:24.208+0000] {logging_mixin.py:188} INFO - [2025-01-06T12:42:24.208+0000] {dag.py:3036} INFO - Sync 1 DAGs
[2025-01-06T12:42:24.250+0000] {logging_mixin.py:188} INFO - [2025-01-06T12:42:24.250+0000] {dag.py:3823} INFO - Setting next_dagrun for example_xcom to 2021-01-01 00:00:00+00:00, run_after=2021-01-01 00:00:00+00:00
[2025-01-06T12:42:24.274+0000] {processor.py:183} INFO - Processing /home/airflow/.local/lib/python3.11/site-packages/airflow/example_dags/example_xcom.py took 0.127 seconds
[2025-01-06T12:42:54.676+0000] {processor.py:161} INFO - Started process (PID=4308) to work on /home/airflow/.local/lib/python3.11/site-packages/airflow/example_dags/example_xcom.py
[2025-01-06T12:42:54.678+0000] {processor.py:830} INFO - Processing file /home/airflow/.local/lib/python3.11/site-packages/airflow/example_dags/example_xcom.py for tasks to queue
[2025-01-06T12:42:54.679+0000] {logging_mixin.py:188} INFO - [2025-01-06T12:42:54.678+0000] {dagbag.py:538} INFO - Filling up the DagBag from /home/airflow/.local/lib/python3.11/site-packages/airflow/example_dags/example_xcom.py
[2025-01-06T12:42:54.688+0000] {processor.py:840} INFO - DAG(s) 'example_xcom' retrieved from /home/airflow/.local/lib/python3.11/site-packages/airflow/example_dags/example_xcom.py
[2025-01-06T12:42:54.714+0000] {logging_mixin.py:188} INFO - [2025-01-06T12:42:54.714+0000] {dag.py:3036} INFO - Sync 1 DAGs
[2025-01-06T12:42:54.737+0000] {logging_mixin.py:188} INFO - [2025-01-06T12:42:54.736+0000] {dag.py:3823} INFO - Setting next_dagrun for example_xcom to 2021-01-01 00:00:00+00:00, run_after=2021-01-01 00:00:00+00:00
[2025-01-06T12:42:54.771+0000] {processor.py:183} INFO - Processing /home/airflow/.local/lib/python3.11/site-packages/airflow/example_dags/example_xcom.py took 0.098 seconds
[2025-01-06T12:43:25.535+0000] {processor.py:161} INFO - Started process (PID=4372) to work on /home/airflow/.local/lib/python3.11/site-packages/airflow/example_dags/example_xcom.py
[2025-01-06T12:43:25.536+0000] {processor.py:830} INFO - Processing file /home/airflow/.local/lib/python3.11/site-packages/airflow/example_dags/example_xcom.py for tasks to queue
[2025-01-06T12:43:25.537+0000] {logging_mixin.py:188} INFO - [2025-01-06T12:43:25.536+0000] {dagbag.py:538} INFO - Filling up the DagBag from /home/airflow/.local/lib/python3.11/site-packages/airflow/example_dags/example_xcom.py
[2025-01-06T12:43:25.545+0000] {processor.py:840} INFO - DAG(s) 'example_xcom' retrieved from /home/airflow/.local/lib/python3.11/site-packages/airflow/example_dags/example_xcom.py
[2025-01-06T12:43:25.568+0000] {logging_mixin.py:188} INFO - [2025-01-06T12:43:25.568+0000] {dag.py:3036} INFO - Sync 1 DAGs
[2025-01-06T12:43:25.589+0000] {logging_mixin.py:188} INFO - [2025-01-06T12:43:25.589+0000] {dag.py:3823} INFO - Setting next_dagrun for example_xcom to 2021-01-01 00:00:00+00:00, run_after=2021-01-01 00:00:00+00:00
[2025-01-06T12:43:25.610+0000] {processor.py:183} INFO - Processing /home/airflow/.local/lib/python3.11/site-packages/airflow/example_dags/example_xcom.py took 0.079 seconds
[2025-01-06T12:43:56.180+0000] {processor.py:161} INFO - Started process (PID=4443) to work on /home/airflow/.local/lib/python3.11/site-packages/airflow/example_dags/example_xcom.py
[2025-01-06T12:43:56.182+0000] {processor.py:830} INFO - Processing file /home/airflow/.local/lib/python3.11/site-packages/airflow/example_dags/example_xcom.py for tasks to queue
[2025-01-06T12:43:56.183+0000] {logging_mixin.py:188} INFO - [2025-01-06T12:43:56.182+0000] {dagbag.py:538} INFO - Filling up the DagBag from /home/airflow/.local/lib/python3.11/site-packages/airflow/example_dags/example_xcom.py
[2025-01-06T12:43:56.191+0000] {processor.py:840} INFO - DAG(s) 'example_xcom' retrieved from /home/airflow/.local/lib/python3.11/site-packages/airflow/example_dags/example_xcom.py
[2025-01-06T12:43:56.217+0000] {logging_mixin.py:188} INFO - [2025-01-06T12:43:56.217+0000] {dag.py:3036} INFO - Sync 1 DAGs
[2025-01-06T12:43:56.257+0000] {logging_mixin.py:188} INFO - [2025-01-06T12:43:56.257+0000] {dag.py:3823} INFO - Setting next_dagrun for example_xcom to 2021-01-01 00:00:00+00:00, run_after=2021-01-01 00:00:00+00:00
[2025-01-06T12:43:56.290+0000] {processor.py:183} INFO - Processing /home/airflow/.local/lib/python3.11/site-packages/airflow/example_dags/example_xcom.py took 0.114 seconds
[2025-01-06T12:44:26.406+0000] {processor.py:161} INFO - Started process (PID=4507) to work on /home/airflow/.local/lib/python3.11/site-packages/airflow/example_dags/example_xcom.py
[2025-01-06T12:44:26.407+0000] {processor.py:830} INFO - Processing file /home/airflow/.local/lib/python3.11/site-packages/airflow/example_dags/example_xcom.py for tasks to queue
[2025-01-06T12:44:26.409+0000] {logging_mixin.py:188} INFO - [2025-01-06T12:44:26.409+0000] {dagbag.py:538} INFO - Filling up the DagBag from /home/airflow/.local/lib/python3.11/site-packages/airflow/example_dags/example_xcom.py
[2025-01-06T12:44:26.418+0000] {processor.py:840} INFO - DAG(s) 'example_xcom' retrieved from /home/airflow/.local/lib/python3.11/site-packages/airflow/example_dags/example_xcom.py
[2025-01-06T12:44:26.461+0000] {logging_mixin.py:188} INFO - [2025-01-06T12:44:26.460+0000] {dag.py:3036} INFO - Sync 1 DAGs
[2025-01-06T12:44:26.493+0000] {logging_mixin.py:188} INFO - [2025-01-06T12:44:26.493+0000] {dag.py:3823} INFO - Setting next_dagrun for example_xcom to 2021-01-01 00:00:00+00:00, run_after=2021-01-01 00:00:00+00:00
[2025-01-06T12:44:26.533+0000] {processor.py:183} INFO - Processing /home/airflow/.local/lib/python3.11/site-packages/airflow/example_dags/example_xcom.py took 0.130 seconds
[2025-01-06T12:44:56.712+0000] {processor.py:161} INFO - Started process (PID=4571) to work on /home/airflow/.local/lib/python3.11/site-packages/airflow/example_dags/example_xcom.py
[2025-01-06T12:44:56.714+0000] {processor.py:830} INFO - Processing file /home/airflow/.local/lib/python3.11/site-packages/airflow/example_dags/example_xcom.py for tasks to queue
[2025-01-06T12:44:56.715+0000] {logging_mixin.py:188} INFO - [2025-01-06T12:44:56.714+0000] {dagbag.py:538} INFO - Filling up the DagBag from /home/airflow/.local/lib/python3.11/site-packages/airflow/example_dags/example_xcom.py
[2025-01-06T12:44:56.723+0000] {processor.py:840} INFO - DAG(s) 'example_xcom' retrieved from /home/airflow/.local/lib/python3.11/site-packages/airflow/example_dags/example_xcom.py
[2025-01-06T12:44:56.746+0000] {logging_mixin.py:188} INFO - [2025-01-06T12:44:56.746+0000] {dag.py:3036} INFO - Sync 1 DAGs
[2025-01-06T12:44:56.768+0000] {logging_mixin.py:188} INFO - [2025-01-06T12:44:56.768+0000] {dag.py:3823} INFO - Setting next_dagrun for example_xcom to 2021-01-01 00:00:00+00:00, run_after=2021-01-01 00:00:00+00:00
[2025-01-06T12:44:56.789+0000] {processor.py:183} INFO - Processing /home/airflow/.local/lib/python3.11/site-packages/airflow/example_dags/example_xcom.py took 0.081 seconds
[2025-01-06T12:45:26.961+0000] {processor.py:161} INFO - Started process (PID=4642) to work on /home/airflow/.local/lib/python3.11/site-packages/airflow/example_dags/example_xcom.py
[2025-01-06T12:45:26.962+0000] {processor.py:830} INFO - Processing file /home/airflow/.local/lib/python3.11/site-packages/airflow/example_dags/example_xcom.py for tasks to queue
[2025-01-06T12:45:26.963+0000] {logging_mixin.py:188} INFO - [2025-01-06T12:45:26.963+0000] {dagbag.py:538} INFO - Filling up the DagBag from /home/airflow/.local/lib/python3.11/site-packages/airflow/example_dags/example_xcom.py
[2025-01-06T12:45:26.972+0000] {processor.py:840} INFO - DAG(s) 'example_xcom' retrieved from /home/airflow/.local/lib/python3.11/site-packages/airflow/example_dags/example_xcom.py
[2025-01-06T12:45:27.009+0000] {logging_mixin.py:188} INFO - [2025-01-06T12:45:27.008+0000] {dag.py:3036} INFO - Sync 1 DAGs
[2025-01-06T12:45:27.035+0000] {logging_mixin.py:188} INFO - [2025-01-06T12:45:27.035+0000] {dag.py:3823} INFO - Setting next_dagrun for example_xcom to 2021-01-01 00:00:00+00:00, run_after=2021-01-01 00:00:00+00:00
[2025-01-06T12:45:27.064+0000] {processor.py:183} INFO - Processing /home/airflow/.local/lib/python3.11/site-packages/airflow/example_dags/example_xcom.py took 0.106 seconds
[2025-01-06T12:45:57.213+0000] {processor.py:161} INFO - Started process (PID=4706) to work on /home/airflow/.local/lib/python3.11/site-packages/airflow/example_dags/example_xcom.py
[2025-01-06T12:45:57.215+0000] {processor.py:830} INFO - Processing file /home/airflow/.local/lib/python3.11/site-packages/airflow/example_dags/example_xcom.py for tasks to queue
[2025-01-06T12:45:57.216+0000] {logging_mixin.py:188} INFO - [2025-01-06T12:45:57.215+0000] {dagbag.py:538} INFO - Filling up the DagBag from /home/airflow/.local/lib/python3.11/site-packages/airflow/example_dags/example_xcom.py
[2025-01-06T12:45:57.225+0000] {processor.py:840} INFO - DAG(s) 'example_xcom' retrieved from /home/airflow/.local/lib/python3.11/site-packages/airflow/example_dags/example_xcom.py
[2025-01-06T12:45:57.249+0000] {logging_mixin.py:188} INFO - [2025-01-06T12:45:57.249+0000] {dag.py:3036} INFO - Sync 1 DAGs
[2025-01-06T12:45:57.275+0000] {logging_mixin.py:188} INFO - [2025-01-06T12:45:57.274+0000] {dag.py:3823} INFO - Setting next_dagrun for example_xcom to 2021-01-01 00:00:00+00:00, run_after=2021-01-01 00:00:00+00:00
[2025-01-06T12:45:57.307+0000] {processor.py:183} INFO - Processing /home/airflow/.local/lib/python3.11/site-packages/airflow/example_dags/example_xcom.py took 0.098 seconds
[2025-01-06T12:46:27.715+0000] {processor.py:161} INFO - Started process (PID=4770) to work on /home/airflow/.local/lib/python3.11/site-packages/airflow/example_dags/example_xcom.py
[2025-01-06T12:46:27.717+0000] {processor.py:830} INFO - Processing file /home/airflow/.local/lib/python3.11/site-packages/airflow/example_dags/example_xcom.py for tasks to queue
[2025-01-06T12:46:27.718+0000] {logging_mixin.py:188} INFO - [2025-01-06T12:46:27.717+0000] {dagbag.py:538} INFO - Filling up the DagBag from /home/airflow/.local/lib/python3.11/site-packages/airflow/example_dags/example_xcom.py
[2025-01-06T12:46:27.726+0000] {processor.py:840} INFO - DAG(s) 'example_xcom' retrieved from /home/airflow/.local/lib/python3.11/site-packages/airflow/example_dags/example_xcom.py
[2025-01-06T12:46:27.750+0000] {logging_mixin.py:188} INFO - [2025-01-06T12:46:27.750+0000] {dag.py:3036} INFO - Sync 1 DAGs
[2025-01-06T12:46:27.772+0000] {logging_mixin.py:188} INFO - [2025-01-06T12:46:27.772+0000] {dag.py:3823} INFO - Setting next_dagrun for example_xcom to 2021-01-01 00:00:00+00:00, run_after=2021-01-01 00:00:00+00:00
[2025-01-06T12:46:27.792+0000] {processor.py:183} INFO - Processing /home/airflow/.local/lib/python3.11/site-packages/airflow/example_dags/example_xcom.py took 0.081 seconds
[2025-01-06T12:46:58.075+0000] {processor.py:161} INFO - Started process (PID=4842) to work on /home/airflow/.local/lib/python3.11/site-packages/airflow/example_dags/example_xcom.py
[2025-01-06T12:46:58.076+0000] {processor.py:830} INFO - Processing file /home/airflow/.local/lib/python3.11/site-packages/airflow/example_dags/example_xcom.py for tasks to queue
[2025-01-06T12:46:58.077+0000] {logging_mixin.py:188} INFO - [2025-01-06T12:46:58.077+0000] {dagbag.py:538} INFO - Filling up the DagBag from /home/airflow/.local/lib/python3.11/site-packages/airflow/example_dags/example_xcom.py
[2025-01-06T12:46:58.086+0000] {processor.py:840} INFO - DAG(s) 'example_xcom' retrieved from /home/airflow/.local/lib/python3.11/site-packages/airflow/example_dags/example_xcom.py
[2025-01-06T12:46:58.108+0000] {logging_mixin.py:188} INFO - [2025-01-06T12:46:58.108+0000] {dag.py:3036} INFO - Sync 1 DAGs
[2025-01-06T12:46:58.137+0000] {logging_mixin.py:188} INFO - [2025-01-06T12:46:58.137+0000] {dag.py:3823} INFO - Setting next_dagrun for example_xcom to 2021-01-01 00:00:00+00:00, run_after=2021-01-01 00:00:00+00:00
[2025-01-06T12:46:58.158+0000] {processor.py:183} INFO - Processing /home/airflow/.local/lib/python3.11/site-packages/airflow/example_dags/example_xcom.py took 0.086 seconds
[2025-01-06T12:47:28.650+0000] {processor.py:161} INFO - Started process (PID=4906) to work on /home/airflow/.local/lib/python3.11/site-packages/airflow/example_dags/example_xcom.py
[2025-01-06T12:47:28.652+0000] {processor.py:830} INFO - Processing file /home/airflow/.local/lib/python3.11/site-packages/airflow/example_dags/example_xcom.py for tasks to queue
[2025-01-06T12:47:28.653+0000] {logging_mixin.py:188} INFO - [2025-01-06T12:47:28.653+0000] {dagbag.py:538} INFO - Filling up the DagBag from /home/airflow/.local/lib/python3.11/site-packages/airflow/example_dags/example_xcom.py
[2025-01-06T12:47:28.662+0000] {processor.py:840} INFO - DAG(s) 'example_xcom' retrieved from /home/airflow/.local/lib/python3.11/site-packages/airflow/example_dags/example_xcom.py
[2025-01-06T12:47:28.689+0000] {logging_mixin.py:188} INFO - [2025-01-06T12:47:28.689+0000] {dag.py:3036} INFO - Sync 1 DAGs
[2025-01-06T12:47:28.715+0000] {logging_mixin.py:188} INFO - [2025-01-06T12:47:28.715+0000] {dag.py:3823} INFO - Setting next_dagrun for example_xcom to 2021-01-01 00:00:00+00:00, run_after=2021-01-01 00:00:00+00:00
[2025-01-06T12:47:28.884+0000] {processor.py:183} INFO - Processing /home/airflow/.local/lib/python3.11/site-packages/airflow/example_dags/example_xcom.py took 0.238 seconds
[2025-01-06T12:47:59.412+0000] {processor.py:161} INFO - Started process (PID=4969) to work on /home/airflow/.local/lib/python3.11/site-packages/airflow/example_dags/example_xcom.py
[2025-01-06T12:47:59.414+0000] {processor.py:830} INFO - Processing file /home/airflow/.local/lib/python3.11/site-packages/airflow/example_dags/example_xcom.py for tasks to queue
[2025-01-06T12:47:59.415+0000] {logging_mixin.py:188} INFO - [2025-01-06T12:47:59.414+0000] {dagbag.py:538} INFO - Filling up the DagBag from /home/airflow/.local/lib/python3.11/site-packages/airflow/example_dags/example_xcom.py
[2025-01-06T12:47:59.424+0000] {processor.py:840} INFO - DAG(s) 'example_xcom' retrieved from /home/airflow/.local/lib/python3.11/site-packages/airflow/example_dags/example_xcom.py
[2025-01-06T12:47:59.447+0000] {logging_mixin.py:188} INFO - [2025-01-06T12:47:59.447+0000] {dag.py:3036} INFO - Sync 1 DAGs
[2025-01-06T12:47:59.468+0000] {logging_mixin.py:188} INFO - [2025-01-06T12:47:59.468+0000] {dag.py:3823} INFO - Setting next_dagrun for example_xcom to 2021-01-01 00:00:00+00:00, run_after=2021-01-01 00:00:00+00:00
[2025-01-06T12:47:59.489+0000] {processor.py:183} INFO - Processing /home/airflow/.local/lib/python3.11/site-packages/airflow/example_dags/example_xcom.py took 0.080 seconds
[2025-01-06T12:48:29.640+0000] {processor.py:161} INFO - Started process (PID=5040) to work on /home/airflow/.local/lib/python3.11/site-packages/airflow/example_dags/example_xcom.py
[2025-01-06T12:48:29.641+0000] {processor.py:830} INFO - Processing file /home/airflow/.local/lib/python3.11/site-packages/airflow/example_dags/example_xcom.py for tasks to queue
[2025-01-06T12:48:29.642+0000] {logging_mixin.py:188} INFO - [2025-01-06T12:48:29.642+0000] {dagbag.py:538} INFO - Filling up the DagBag from /home/airflow/.local/lib/python3.11/site-packages/airflow/example_dags/example_xcom.py
[2025-01-06T12:48:29.652+0000] {processor.py:840} INFO - DAG(s) 'example_xcom' retrieved from /home/airflow/.local/lib/python3.11/site-packages/airflow/example_dags/example_xcom.py
[2025-01-06T12:48:29.679+0000] {logging_mixin.py:188} INFO - [2025-01-06T12:48:29.679+0000] {dag.py:3036} INFO - Sync 1 DAGs
[2025-01-06T12:48:29.705+0000] {logging_mixin.py:188} INFO - [2025-01-06T12:48:29.704+0000] {dag.py:3823} INFO - Setting next_dagrun for example_xcom to 2021-01-01 00:00:00+00:00, run_after=2021-01-01 00:00:00+00:00
[2025-01-06T12:48:29.728+0000] {processor.py:183} INFO - Processing /home/airflow/.local/lib/python3.11/site-packages/airflow/example_dags/example_xcom.py took 0.093 seconds
[2025-01-06T12:49:00.420+0000] {processor.py:161} INFO - Started process (PID=5104) to work on /home/airflow/.local/lib/python3.11/site-packages/airflow/example_dags/example_xcom.py
[2025-01-06T12:49:00.421+0000] {processor.py:830} INFO - Processing file /home/airflow/.local/lib/python3.11/site-packages/airflow/example_dags/example_xcom.py for tasks to queue
[2025-01-06T12:49:00.422+0000] {logging_mixin.py:188} INFO - [2025-01-06T12:49:00.422+0000] {dagbag.py:538} INFO - Filling up the DagBag from /home/airflow/.local/lib/python3.11/site-packages/airflow/example_dags/example_xcom.py
[2025-01-06T12:49:00.430+0000] {processor.py:840} INFO - DAG(s) 'example_xcom' retrieved from /home/airflow/.local/lib/python3.11/site-packages/airflow/example_dags/example_xcom.py
[2025-01-06T12:49:00.454+0000] {logging_mixin.py:188} INFO - [2025-01-06T12:49:00.454+0000] {dag.py:3036} INFO - Sync 1 DAGs
[2025-01-06T12:49:00.475+0000] {logging_mixin.py:188} INFO - [2025-01-06T12:49:00.475+0000] {dag.py:3823} INFO - Setting next_dagrun for example_xcom to 2021-01-01 00:00:00+00:00, run_after=2021-01-01 00:00:00+00:00
[2025-01-06T12:49:00.504+0000] {processor.py:183} INFO - Processing /home/airflow/.local/lib/python3.11/site-packages/airflow/example_dags/example_xcom.py took 0.088 seconds
[2025-01-06T12:49:31.837+0000] {processor.py:161} INFO - Started process (PID=5175) to work on /home/airflow/.local/lib/python3.11/site-packages/airflow/example_dags/example_xcom.py
[2025-01-06T12:49:31.838+0000] {processor.py:830} INFO - Processing file /home/airflow/.local/lib/python3.11/site-packages/airflow/example_dags/example_xcom.py for tasks to queue
[2025-01-06T12:49:31.840+0000] {logging_mixin.py:188} INFO - [2025-01-06T12:49:31.839+0000] {dagbag.py:538} INFO - Filling up the DagBag from /home/airflow/.local/lib/python3.11/site-packages/airflow/example_dags/example_xcom.py
[2025-01-06T12:49:31.848+0000] {processor.py:840} INFO - DAG(s) 'example_xcom' retrieved from /home/airflow/.local/lib/python3.11/site-packages/airflow/example_dags/example_xcom.py
[2025-01-06T12:49:31.870+0000] {logging_mixin.py:188} INFO - [2025-01-06T12:49:31.870+0000] {dag.py:3036} INFO - Sync 1 DAGs
[2025-01-06T12:49:32.050+0000] {logging_mixin.py:188} INFO - [2025-01-06T12:49:32.049+0000] {dag.py:3823} INFO - Setting next_dagrun for example_xcom to 2021-01-01 00:00:00+00:00, run_after=2021-01-01 00:00:00+00:00
[2025-01-06T12:49:32.075+0000] {processor.py:183} INFO - Processing /home/airflow/.local/lib/python3.11/site-packages/airflow/example_dags/example_xcom.py took 0.241 seconds
[2025-01-06T12:50:02.233+0000] {processor.py:161} INFO - Started process (PID=5239) to work on /home/airflow/.local/lib/python3.11/site-packages/airflow/example_dags/example_xcom.py
[2025-01-06T12:50:02.234+0000] {processor.py:830} INFO - Processing file /home/airflow/.local/lib/python3.11/site-packages/airflow/example_dags/example_xcom.py for tasks to queue
[2025-01-06T12:50:02.235+0000] {logging_mixin.py:188} INFO - [2025-01-06T12:50:02.235+0000] {dagbag.py:538} INFO - Filling up the DagBag from /home/airflow/.local/lib/python3.11/site-packages/airflow/example_dags/example_xcom.py
[2025-01-06T12:50:02.244+0000] {processor.py:840} INFO - DAG(s) 'example_xcom' retrieved from /home/airflow/.local/lib/python3.11/site-packages/airflow/example_dags/example_xcom.py
[2025-01-06T12:50:02.270+0000] {logging_mixin.py:188} INFO - [2025-01-06T12:50:02.269+0000] {dag.py:3036} INFO - Sync 1 DAGs
[2025-01-06T12:50:02.436+0000] {logging_mixin.py:188} INFO - [2025-01-06T12:50:02.436+0000] {dag.py:3823} INFO - Setting next_dagrun for example_xcom to 2021-01-01 00:00:00+00:00, run_after=2021-01-01 00:00:00+00:00
[2025-01-06T12:50:02.474+0000] {processor.py:183} INFO - Processing /home/airflow/.local/lib/python3.11/site-packages/airflow/example_dags/example_xcom.py took 0.245 seconds
[2025-01-06T12:50:33.191+0000] {processor.py:161} INFO - Started process (PID=5303) to work on /home/airflow/.local/lib/python3.11/site-packages/airflow/example_dags/example_xcom.py
[2025-01-06T12:50:33.193+0000] {processor.py:830} INFO - Processing file /home/airflow/.local/lib/python3.11/site-packages/airflow/example_dags/example_xcom.py for tasks to queue
[2025-01-06T12:50:33.195+0000] {logging_mixin.py:188} INFO - [2025-01-06T12:50:33.194+0000] {dagbag.py:538} INFO - Filling up the DagBag from /home/airflow/.local/lib/python3.11/site-packages/airflow/example_dags/example_xcom.py
[2025-01-06T12:50:33.211+0000] {processor.py:840} INFO - DAG(s) 'example_xcom' retrieved from /home/airflow/.local/lib/python3.11/site-packages/airflow/example_dags/example_xcom.py
[2025-01-06T12:50:33.239+0000] {logging_mixin.py:188} INFO - [2025-01-06T12:50:33.239+0000] {dag.py:3036} INFO - Sync 1 DAGs
[2025-01-06T12:50:33.260+0000] {logging_mixin.py:188} INFO - [2025-01-06T12:50:33.260+0000] {dag.py:3823} INFO - Setting next_dagrun for example_xcom to 2021-01-01 00:00:00+00:00, run_after=2021-01-01 00:00:00+00:00
[2025-01-06T12:50:33.289+0000] {processor.py:183} INFO - Processing /home/airflow/.local/lib/python3.11/site-packages/airflow/example_dags/example_xcom.py took 0.102 seconds
[2025-01-06T12:51:03.588+0000] {processor.py:161} INFO - Started process (PID=5374) to work on /home/airflow/.local/lib/python3.11/site-packages/airflow/example_dags/example_xcom.py
[2025-01-06T12:51:03.590+0000] {processor.py:830} INFO - Processing file /home/airflow/.local/lib/python3.11/site-packages/airflow/example_dags/example_xcom.py for tasks to queue
[2025-01-06T12:51:03.591+0000] {logging_mixin.py:188} INFO - [2025-01-06T12:51:03.590+0000] {dagbag.py:538} INFO - Filling up the DagBag from /home/airflow/.local/lib/python3.11/site-packages/airflow/example_dags/example_xcom.py
[2025-01-06T12:51:03.599+0000] {processor.py:840} INFO - DAG(s) 'example_xcom' retrieved from /home/airflow/.local/lib/python3.11/site-packages/airflow/example_dags/example_xcom.py
[2025-01-06T12:51:03.626+0000] {logging_mixin.py:188} INFO - [2025-01-06T12:51:03.626+0000] {dag.py:3036} INFO - Sync 1 DAGs
[2025-01-06T12:51:03.651+0000] {logging_mixin.py:188} INFO - [2025-01-06T12:51:03.651+0000] {dag.py:3823} INFO - Setting next_dagrun for example_xcom to 2021-01-01 00:00:00+00:00, run_after=2021-01-01 00:00:00+00:00
[2025-01-06T12:51:03.681+0000] {processor.py:183} INFO - Processing /home/airflow/.local/lib/python3.11/site-packages/airflow/example_dags/example_xcom.py took 0.097 seconds
[2025-01-06T12:51:33.962+0000] {processor.py:161} INFO - Started process (PID=5438) to work on /home/airflow/.local/lib/python3.11/site-packages/airflow/example_dags/example_xcom.py
[2025-01-06T12:51:33.964+0000] {processor.py:830} INFO - Processing file /home/airflow/.local/lib/python3.11/site-packages/airflow/example_dags/example_xcom.py for tasks to queue
[2025-01-06T12:51:33.965+0000] {logging_mixin.py:188} INFO - [2025-01-06T12:51:33.965+0000] {dagbag.py:538} INFO - Filling up the DagBag from /home/airflow/.local/lib/python3.11/site-packages/airflow/example_dags/example_xcom.py
[2025-01-06T12:51:33.975+0000] {processor.py:840} INFO - DAG(s) 'example_xcom' retrieved from /home/airflow/.local/lib/python3.11/site-packages/airflow/example_dags/example_xcom.py
[2025-01-06T12:51:34.001+0000] {logging_mixin.py:188} INFO - [2025-01-06T12:51:34.001+0000] {dag.py:3036} INFO - Sync 1 DAGs
[2025-01-06T12:51:34.022+0000] {logging_mixin.py:188} INFO - [2025-01-06T12:51:34.022+0000] {dag.py:3823} INFO - Setting next_dagrun for example_xcom to 2021-01-01 00:00:00+00:00, run_after=2021-01-01 00:00:00+00:00
[2025-01-06T12:51:34.051+0000] {processor.py:183} INFO - Processing /home/airflow/.local/lib/python3.11/site-packages/airflow/example_dags/example_xcom.py took 0.092 seconds
[2025-01-06T12:52:04.297+0000] {processor.py:161} INFO - Started process (PID=5503) to work on /home/airflow/.local/lib/python3.11/site-packages/airflow/example_dags/example_xcom.py
[2025-01-06T12:52:04.298+0000] {processor.py:830} INFO - Processing file /home/airflow/.local/lib/python3.11/site-packages/airflow/example_dags/example_xcom.py for tasks to queue
[2025-01-06T12:52:04.300+0000] {logging_mixin.py:188} INFO - [2025-01-06T12:52:04.299+0000] {dagbag.py:538} INFO - Filling up the DagBag from /home/airflow/.local/lib/python3.11/site-packages/airflow/example_dags/example_xcom.py
[2025-01-06T12:52:04.310+0000] {processor.py:840} INFO - DAG(s) 'example_xcom' retrieved from /home/airflow/.local/lib/python3.11/site-packages/airflow/example_dags/example_xcom.py
[2025-01-06T12:52:04.341+0000] {logging_mixin.py:188} INFO - [2025-01-06T12:52:04.340+0000] {dag.py:3036} INFO - Sync 1 DAGs
[2025-01-06T12:52:04.366+0000] {logging_mixin.py:188} INFO - [2025-01-06T12:52:04.365+0000] {dag.py:3823} INFO - Setting next_dagrun for example_xcom to 2021-01-01 00:00:00+00:00, run_after=2021-01-01 00:00:00+00:00
[2025-01-06T12:52:04.395+0000] {processor.py:183} INFO - Processing /home/airflow/.local/lib/python3.11/site-packages/airflow/example_dags/example_xcom.py took 0.102 seconds
[2025-01-06T12:52:34.522+0000] {processor.py:161} INFO - Started process (PID=5574) to work on /home/airflow/.local/lib/python3.11/site-packages/airflow/example_dags/example_xcom.py
[2025-01-06T12:52:34.524+0000] {processor.py:830} INFO - Processing file /home/airflow/.local/lib/python3.11/site-packages/airflow/example_dags/example_xcom.py for tasks to queue
[2025-01-06T12:52:34.526+0000] {logging_mixin.py:188} INFO - [2025-01-06T12:52:34.525+0000] {dagbag.py:538} INFO - Filling up the DagBag from /home/airflow/.local/lib/python3.11/site-packages/airflow/example_dags/example_xcom.py
[2025-01-06T12:52:34.539+0000] {processor.py:840} INFO - DAG(s) 'example_xcom' retrieved from /home/airflow/.local/lib/python3.11/site-packages/airflow/example_dags/example_xcom.py
[2025-01-06T12:52:34.574+0000] {logging_mixin.py:188} INFO - [2025-01-06T12:52:34.574+0000] {dag.py:3036} INFO - Sync 1 DAGs
[2025-01-06T12:52:34.607+0000] {logging_mixin.py:188} INFO - [2025-01-06T12:52:34.607+0000] {dag.py:3823} INFO - Setting next_dagrun for example_xcom to 2021-01-01 00:00:00+00:00, run_after=2021-01-01 00:00:00+00:00
[2025-01-06T12:52:34.642+0000] {processor.py:183} INFO - Processing /home/airflow/.local/lib/python3.11/site-packages/airflow/example_dags/example_xcom.py took 0.125 seconds
[2025-01-06T12:53:04.752+0000] {processor.py:161} INFO - Started process (PID=5638) to work on /home/airflow/.local/lib/python3.11/site-packages/airflow/example_dags/example_xcom.py
[2025-01-06T12:53:04.753+0000] {processor.py:830} INFO - Processing file /home/airflow/.local/lib/python3.11/site-packages/airflow/example_dags/example_xcom.py for tasks to queue
[2025-01-06T12:53:04.754+0000] {logging_mixin.py:188} INFO - [2025-01-06T12:53:04.754+0000] {dagbag.py:538} INFO - Filling up the DagBag from /home/airflow/.local/lib/python3.11/site-packages/airflow/example_dags/example_xcom.py
[2025-01-06T12:53:04.766+0000] {processor.py:840} INFO - DAG(s) 'example_xcom' retrieved from /home/airflow/.local/lib/python3.11/site-packages/airflow/example_dags/example_xcom.py
[2025-01-06T12:53:04.799+0000] {logging_mixin.py:188} INFO - [2025-01-06T12:53:04.799+0000] {dag.py:3036} INFO - Sync 1 DAGs
[2025-01-06T12:53:04.822+0000] {logging_mixin.py:188} INFO - [2025-01-06T12:53:04.821+0000] {dag.py:3823} INFO - Setting next_dagrun for example_xcom to 2021-01-01 00:00:00+00:00, run_after=2021-01-01 00:00:00+00:00
[2025-01-06T12:53:04.850+0000] {processor.py:183} INFO - Processing /home/airflow/.local/lib/python3.11/site-packages/airflow/example_dags/example_xcom.py took 0.102 seconds
[2025-01-06T12:53:35.276+0000] {processor.py:161} INFO - Started process (PID=5702) to work on /home/airflow/.local/lib/python3.11/site-packages/airflow/example_dags/example_xcom.py
[2025-01-06T12:53:35.277+0000] {processor.py:830} INFO - Processing file /home/airflow/.local/lib/python3.11/site-packages/airflow/example_dags/example_xcom.py for tasks to queue
[2025-01-06T12:53:35.278+0000] {logging_mixin.py:188} INFO - [2025-01-06T12:53:35.278+0000] {dagbag.py:538} INFO - Filling up the DagBag from /home/airflow/.local/lib/python3.11/site-packages/airflow/example_dags/example_xcom.py
[2025-01-06T12:53:35.286+0000] {processor.py:840} INFO - DAG(s) 'example_xcom' retrieved from /home/airflow/.local/lib/python3.11/site-packages/airflow/example_dags/example_xcom.py
[2025-01-06T12:53:35.316+0000] {logging_mixin.py:188} INFO - [2025-01-06T12:53:35.316+0000] {dag.py:3036} INFO - Sync 1 DAGs
[2025-01-06T12:53:35.338+0000] {logging_mixin.py:188} INFO - [2025-01-06T12:53:35.338+0000] {dag.py:3823} INFO - Setting next_dagrun for example_xcom to 2021-01-01 00:00:00+00:00, run_after=2021-01-01 00:00:00+00:00
[2025-01-06T12:53:35.367+0000] {processor.py:183} INFO - Processing /home/airflow/.local/lib/python3.11/site-packages/airflow/example_dags/example_xcom.py took 0.095 seconds
[2025-01-06T12:54:05.703+0000] {processor.py:161} INFO - Started process (PID=5774) to work on /home/airflow/.local/lib/python3.11/site-packages/airflow/example_dags/example_xcom.py
[2025-01-06T12:54:05.705+0000] {processor.py:830} INFO - Processing file /home/airflow/.local/lib/python3.11/site-packages/airflow/example_dags/example_xcom.py for tasks to queue
[2025-01-06T12:54:05.706+0000] {logging_mixin.py:188} INFO - [2025-01-06T12:54:05.706+0000] {dagbag.py:538} INFO - Filling up the DagBag from /home/airflow/.local/lib/python3.11/site-packages/airflow/example_dags/example_xcom.py
[2025-01-06T12:54:05.715+0000] {processor.py:840} INFO - DAG(s) 'example_xcom' retrieved from /home/airflow/.local/lib/python3.11/site-packages/airflow/example_dags/example_xcom.py
[2025-01-06T12:54:05.742+0000] {logging_mixin.py:188} INFO - [2025-01-06T12:54:05.741+0000] {dag.py:3036} INFO - Sync 1 DAGs
[2025-01-06T12:54:05.764+0000] {logging_mixin.py:188} INFO - [2025-01-06T12:54:05.764+0000] {dag.py:3823} INFO - Setting next_dagrun for example_xcom to 2021-01-01 00:00:00+00:00, run_after=2021-01-01 00:00:00+00:00
[2025-01-06T12:54:05.794+0000] {processor.py:183} INFO - Processing /home/airflow/.local/lib/python3.11/site-packages/airflow/example_dags/example_xcom.py took 0.095 seconds
[2025-01-06T12:54:35.965+0000] {processor.py:161} INFO - Started process (PID=5838) to work on /home/airflow/.local/lib/python3.11/site-packages/airflow/example_dags/example_xcom.py
[2025-01-06T12:54:35.967+0000] {processor.py:830} INFO - Processing file /home/airflow/.local/lib/python3.11/site-packages/airflow/example_dags/example_xcom.py for tasks to queue
[2025-01-06T12:54:35.969+0000] {logging_mixin.py:188} INFO - [2025-01-06T12:54:35.969+0000] {dagbag.py:538} INFO - Filling up the DagBag from /home/airflow/.local/lib/python3.11/site-packages/airflow/example_dags/example_xcom.py
[2025-01-06T12:54:35.984+0000] {processor.py:840} INFO - DAG(s) 'example_xcom' retrieved from /home/airflow/.local/lib/python3.11/site-packages/airflow/example_dags/example_xcom.py
[2025-01-06T12:54:36.011+0000] {logging_mixin.py:188} INFO - [2025-01-06T12:54:36.011+0000] {dag.py:3036} INFO - Sync 1 DAGs
[2025-01-06T12:54:36.032+0000] {logging_mixin.py:188} INFO - [2025-01-06T12:54:36.032+0000] {dag.py:3823} INFO - Setting next_dagrun for example_xcom to 2021-01-01 00:00:00+00:00, run_after=2021-01-01 00:00:00+00:00
[2025-01-06T12:54:36.063+0000] {processor.py:183} INFO - Processing /home/airflow/.local/lib/python3.11/site-packages/airflow/example_dags/example_xcom.py took 0.104 seconds
[2025-01-06T12:55:06.410+0000] {processor.py:161} INFO - Started process (PID=5902) to work on /home/airflow/.local/lib/python3.11/site-packages/airflow/example_dags/example_xcom.py
[2025-01-06T12:55:06.412+0000] {processor.py:830} INFO - Processing file /home/airflow/.local/lib/python3.11/site-packages/airflow/example_dags/example_xcom.py for tasks to queue
[2025-01-06T12:55:06.413+0000] {logging_mixin.py:188} INFO - [2025-01-06T12:55:06.412+0000] {dagbag.py:538} INFO - Filling up the DagBag from /home/airflow/.local/lib/python3.11/site-packages/airflow/example_dags/example_xcom.py
[2025-01-06T12:55:06.422+0000] {processor.py:840} INFO - DAG(s) 'example_xcom' retrieved from /home/airflow/.local/lib/python3.11/site-packages/airflow/example_dags/example_xcom.py
[2025-01-06T12:55:06.447+0000] {logging_mixin.py:188} INFO - [2025-01-06T12:55:06.447+0000] {dag.py:3036} INFO - Sync 1 DAGs
[2025-01-06T12:55:06.469+0000] {logging_mixin.py:188} INFO - [2025-01-06T12:55:06.469+0000] {dag.py:3823} INFO - Setting next_dagrun for example_xcom to 2021-01-01 00:00:00+00:00, run_after=2021-01-01 00:00:00+00:00
[2025-01-06T12:55:06.497+0000] {processor.py:183} INFO - Processing /home/airflow/.local/lib/python3.11/site-packages/airflow/example_dags/example_xcom.py took 0.091 seconds
[2025-01-06T12:59:13.099+0000] {processor.py:161} INFO - Started process (PID=5960) to work on /home/airflow/.local/lib/python3.11/site-packages/airflow/example_dags/example_xcom.py
[2025-01-06T12:59:13.101+0000] {processor.py:830} INFO - Processing file /home/airflow/.local/lib/python3.11/site-packages/airflow/example_dags/example_xcom.py for tasks to queue
[2025-01-06T12:59:13.103+0000] {logging_mixin.py:188} INFO - [2025-01-06T12:59:13.102+0000] {dagbag.py:538} INFO - Filling up the DagBag from /home/airflow/.local/lib/python3.11/site-packages/airflow/example_dags/example_xcom.py
[2025-01-06T12:59:13.113+0000] {processor.py:840} INFO - DAG(s) 'example_xcom' retrieved from /home/airflow/.local/lib/python3.11/site-packages/airflow/example_dags/example_xcom.py
[2025-01-06T12:59:13.140+0000] {logging_mixin.py:188} INFO - [2025-01-06T12:59:13.140+0000] {dag.py:3036} INFO - Sync 1 DAGs
[2025-01-06T12:59:13.175+0000] {logging_mixin.py:188} INFO - [2025-01-06T12:59:13.175+0000] {dag.py:3823} INFO - Setting next_dagrun for example_xcom to 2021-01-01 00:00:00+00:00, run_after=2021-01-01 00:00:00+00:00
[2025-01-06T12:59:13.211+0000] {processor.py:183} INFO - Processing /home/airflow/.local/lib/python3.11/site-packages/airflow/example_dags/example_xcom.py took 0.120 seconds
