[2025-01-06T12:31:39.248+0000] {processor.py:161} INFO - Started process (PID=2852) to work on /home/airflow/.local/lib/python3.11/site-packages/airflow/example_dags/example_sensors.py
[2025-01-06T12:31:39.253+0000] {processor.py:830} INFO - Processing file /home/airflow/.local/lib/python3.11/site-packages/airflow/example_dags/example_sensors.py for tasks to queue
[2025-01-06T12:31:39.272+0000] {logging_mixin.py:188} INFO - [2025-01-06T12:31:39.272+0000] {dagbag.py:538} INFO - Filling up the DagBag from /home/airflow/.local/lib/python3.11/site-packages/airflow/example_dags/example_sensors.py
[2025-01-06T12:31:39.305+0000] {processor.py:840} INFO - DAG(s) 'example_sensors' retrieved from /home/airflow/.local/lib/python3.11/site-packages/airflow/example_dags/example_sensors.py
[2025-01-06T12:31:39.389+0000] {logging_mixin.py:188} INFO - [2025-01-06T12:31:39.389+0000] {dag.py:3036} INFO - Sync 1 DAGs
[2025-01-06T12:31:39.455+0000] {logging_mixin.py:188} INFO - [2025-01-06T12:31:39.455+0000] {dag.py:3823} INFO - Setting next_dagrun for example_sensors to None, run_after=None
[2025-01-06T12:31:39.624+0000] {processor.py:183} INFO - Processing /home/airflow/.local/lib/python3.11/site-packages/airflow/example_dags/example_sensors.py took 0.382 seconds
[2025-01-06T12:32:10.044+0000] {processor.py:161} INFO - Started process (PID=2916) to work on /home/airflow/.local/lib/python3.11/site-packages/airflow/example_dags/example_sensors.py
[2025-01-06T12:32:10.046+0000] {processor.py:830} INFO - Processing file /home/airflow/.local/lib/python3.11/site-packages/airflow/example_dags/example_sensors.py for tasks to queue
[2025-01-06T12:32:10.048+0000] {logging_mixin.py:188} INFO - [2025-01-06T12:32:10.047+0000] {dagbag.py:538} INFO - Filling up the DagBag from /home/airflow/.local/lib/python3.11/site-packages/airflow/example_dags/example_sensors.py
[2025-01-06T12:32:10.061+0000] {processor.py:840} INFO - DAG(s) 'example_sensors' retrieved from /home/airflow/.local/lib/python3.11/site-packages/airflow/example_dags/example_sensors.py
[2025-01-06T12:32:10.098+0000] {logging_mixin.py:188} INFO - [2025-01-06T12:32:10.097+0000] {dag.py:3036} INFO - Sync 1 DAGs
[2025-01-06T12:32:10.116+0000] {logging_mixin.py:188} INFO - [2025-01-06T12:32:10.116+0000] {dag.py:3823} INFO - Setting next_dagrun for example_sensors to None, run_after=None
[2025-01-06T12:32:10.145+0000] {processor.py:183} INFO - Processing /home/airflow/.local/lib/python3.11/site-packages/airflow/example_dags/example_sensors.py took 0.104 seconds
[2025-01-06T12:32:40.379+0000] {processor.py:161} INFO - Started process (PID=2980) to work on /home/airflow/.local/lib/python3.11/site-packages/airflow/example_dags/example_sensors.py
[2025-01-06T12:32:40.380+0000] {processor.py:830} INFO - Processing file /home/airflow/.local/lib/python3.11/site-packages/airflow/example_dags/example_sensors.py for tasks to queue
[2025-01-06T12:32:40.382+0000] {logging_mixin.py:188} INFO - [2025-01-06T12:32:40.381+0000] {dagbag.py:538} INFO - Filling up the DagBag from /home/airflow/.local/lib/python3.11/site-packages/airflow/example_dags/example_sensors.py
[2025-01-06T12:32:40.395+0000] {processor.py:840} INFO - DAG(s) 'example_sensors' retrieved from /home/airflow/.local/lib/python3.11/site-packages/airflow/example_dags/example_sensors.py
[2025-01-06T12:32:40.426+0000] {logging_mixin.py:188} INFO - [2025-01-06T12:32:40.425+0000] {dag.py:3036} INFO - Sync 1 DAGs
[2025-01-06T12:32:40.439+0000] {logging_mixin.py:188} INFO - [2025-01-06T12:32:40.439+0000] {dag.py:3823} INFO - Setting next_dagrun for example_sensors to None, run_after=None
[2025-01-06T12:32:40.459+0000] {processor.py:183} INFO - Processing /home/airflow/.local/lib/python3.11/site-packages/airflow/example_dags/example_sensors.py took 0.084 seconds
[2025-01-06T12:33:10.512+0000] {processor.py:161} INFO - Started process (PID=3041) to work on /home/airflow/.local/lib/python3.11/site-packages/airflow/example_dags/example_sensors.py
[2025-01-06T12:33:10.514+0000] {processor.py:830} INFO - Processing file /home/airflow/.local/lib/python3.11/site-packages/airflow/example_dags/example_sensors.py for tasks to queue
[2025-01-06T12:33:10.515+0000] {logging_mixin.py:188} INFO - [2025-01-06T12:33:10.514+0000] {dagbag.py:538} INFO - Filling up the DagBag from /home/airflow/.local/lib/python3.11/site-packages/airflow/example_dags/example_sensors.py
[2025-01-06T12:33:10.527+0000] {processor.py:840} INFO - DAG(s) 'example_sensors' retrieved from /home/airflow/.local/lib/python3.11/site-packages/airflow/example_dags/example_sensors.py
[2025-01-06T12:33:10.557+0000] {logging_mixin.py:188} INFO - [2025-01-06T12:33:10.556+0000] {dag.py:3036} INFO - Sync 1 DAGs
[2025-01-06T12:33:10.571+0000] {logging_mixin.py:188} INFO - [2025-01-06T12:33:10.571+0000] {dag.py:3823} INFO - Setting next_dagrun for example_sensors to None, run_after=None
[2025-01-06T12:33:10.594+0000] {processor.py:183} INFO - Processing /home/airflow/.local/lib/python3.11/site-packages/airflow/example_dags/example_sensors.py took 0.087 seconds
[2025-01-06T12:33:41.059+0000] {processor.py:161} INFO - Started process (PID=3113) to work on /home/airflow/.local/lib/python3.11/site-packages/airflow/example_dags/example_sensors.py
[2025-01-06T12:33:41.062+0000] {processor.py:830} INFO - Processing file /home/airflow/.local/lib/python3.11/site-packages/airflow/example_dags/example_sensors.py for tasks to queue
[2025-01-06T12:33:41.064+0000] {logging_mixin.py:188} INFO - [2025-01-06T12:33:41.064+0000] {dagbag.py:538} INFO - Filling up the DagBag from /home/airflow/.local/lib/python3.11/site-packages/airflow/example_dags/example_sensors.py
[2025-01-06T12:33:41.083+0000] {processor.py:840} INFO - DAG(s) 'example_sensors' retrieved from /home/airflow/.local/lib/python3.11/site-packages/airflow/example_dags/example_sensors.py
[2025-01-06T12:33:41.135+0000] {logging_mixin.py:188} INFO - [2025-01-06T12:33:41.134+0000] {dag.py:3036} INFO - Sync 1 DAGs
[2025-01-06T12:33:41.158+0000] {logging_mixin.py:188} INFO - [2025-01-06T12:33:41.157+0000] {dag.py:3823} INFO - Setting next_dagrun for example_sensors to None, run_after=None
[2025-01-06T12:33:41.187+0000] {processor.py:183} INFO - Processing /home/airflow/.local/lib/python3.11/site-packages/airflow/example_dags/example_sensors.py took 0.134 seconds
[2025-01-06T12:34:11.935+0000] {processor.py:161} INFO - Started process (PID=3177) to work on /home/airflow/.local/lib/python3.11/site-packages/airflow/example_dags/example_sensors.py
[2025-01-06T12:34:11.936+0000] {processor.py:830} INFO - Processing file /home/airflow/.local/lib/python3.11/site-packages/airflow/example_dags/example_sensors.py for tasks to queue
[2025-01-06T12:34:11.937+0000] {logging_mixin.py:188} INFO - [2025-01-06T12:34:11.937+0000] {dagbag.py:538} INFO - Filling up the DagBag from /home/airflow/.local/lib/python3.11/site-packages/airflow/example_dags/example_sensors.py
[2025-01-06T12:34:11.949+0000] {processor.py:840} INFO - DAG(s) 'example_sensors' retrieved from /home/airflow/.local/lib/python3.11/site-packages/airflow/example_dags/example_sensors.py
[2025-01-06T12:34:11.980+0000] {logging_mixin.py:188} INFO - [2025-01-06T12:34:11.980+0000] {dag.py:3036} INFO - Sync 1 DAGs
[2025-01-06T12:34:11.996+0000] {logging_mixin.py:188} INFO - [2025-01-06T12:34:11.995+0000] {dag.py:3823} INFO - Setting next_dagrun for example_sensors to None, run_after=None
[2025-01-06T12:34:12.021+0000] {processor.py:183} INFO - Processing /home/airflow/.local/lib/python3.11/site-packages/airflow/example_dags/example_sensors.py took 0.090 seconds
[2025-01-06T12:34:42.332+0000] {processor.py:161} INFO - Started process (PID=3241) to work on /home/airflow/.local/lib/python3.11/site-packages/airflow/example_dags/example_sensors.py
[2025-01-06T12:34:42.334+0000] {processor.py:830} INFO - Processing file /home/airflow/.local/lib/python3.11/site-packages/airflow/example_dags/example_sensors.py for tasks to queue
[2025-01-06T12:34:42.335+0000] {logging_mixin.py:188} INFO - [2025-01-06T12:34:42.335+0000] {dagbag.py:538} INFO - Filling up the DagBag from /home/airflow/.local/lib/python3.11/site-packages/airflow/example_dags/example_sensors.py
[2025-01-06T12:34:42.349+0000] {processor.py:840} INFO - DAG(s) 'example_sensors' retrieved from /home/airflow/.local/lib/python3.11/site-packages/airflow/example_dags/example_sensors.py
[2025-01-06T12:34:42.388+0000] {logging_mixin.py:188} INFO - [2025-01-06T12:34:42.387+0000] {dag.py:3036} INFO - Sync 1 DAGs
[2025-01-06T12:34:42.405+0000] {logging_mixin.py:188} INFO - [2025-01-06T12:34:42.405+0000] {dag.py:3823} INFO - Setting next_dagrun for example_sensors to None, run_after=None
[2025-01-06T12:34:42.442+0000] {processor.py:183} INFO - Processing /home/airflow/.local/lib/python3.11/site-packages/airflow/example_dags/example_sensors.py took 0.114 seconds
[2025-01-06T12:35:13.227+0000] {processor.py:161} INFO - Started process (PID=3305) to work on /home/airflow/.local/lib/python3.11/site-packages/airflow/example_dags/example_sensors.py
[2025-01-06T12:35:13.228+0000] {processor.py:830} INFO - Processing file /home/airflow/.local/lib/python3.11/site-packages/airflow/example_dags/example_sensors.py for tasks to queue
[2025-01-06T12:35:13.230+0000] {logging_mixin.py:188} INFO - [2025-01-06T12:35:13.229+0000] {dagbag.py:538} INFO - Filling up the DagBag from /home/airflow/.local/lib/python3.11/site-packages/airflow/example_dags/example_sensors.py
[2025-01-06T12:35:13.249+0000] {processor.py:840} INFO - DAG(s) 'example_sensors' retrieved from /home/airflow/.local/lib/python3.11/site-packages/airflow/example_dags/example_sensors.py
[2025-01-06T12:35:13.323+0000] {logging_mixin.py:188} INFO - [2025-01-06T12:35:13.319+0000] {dag.py:3036} INFO - Sync 1 DAGs
[2025-01-06T12:35:13.360+0000] {logging_mixin.py:188} INFO - [2025-01-06T12:35:13.359+0000] {dag.py:3823} INFO - Setting next_dagrun for example_sensors to None, run_after=None
[2025-01-06T12:35:13.418+0000] {processor.py:183} INFO - Processing /home/airflow/.local/lib/python3.11/site-packages/airflow/example_dags/example_sensors.py took 0.200 seconds
[2025-01-06T12:35:44.100+0000] {processor.py:161} INFO - Started process (PID=3369) to work on /home/airflow/.local/lib/python3.11/site-packages/airflow/example_dags/example_sensors.py
[2025-01-06T12:35:44.102+0000] {processor.py:830} INFO - Processing file /home/airflow/.local/lib/python3.11/site-packages/airflow/example_dags/example_sensors.py for tasks to queue
[2025-01-06T12:35:44.103+0000] {logging_mixin.py:188} INFO - [2025-01-06T12:35:44.103+0000] {dagbag.py:538} INFO - Filling up the DagBag from /home/airflow/.local/lib/python3.11/site-packages/airflow/example_dags/example_sensors.py
[2025-01-06T12:35:44.118+0000] {processor.py:840} INFO - DAG(s) 'example_sensors' retrieved from /home/airflow/.local/lib/python3.11/site-packages/airflow/example_dags/example_sensors.py
[2025-01-06T12:35:44.154+0000] {logging_mixin.py:188} INFO - [2025-01-06T12:35:44.154+0000] {dag.py:3036} INFO - Sync 1 DAGs
[2025-01-06T12:35:44.175+0000] {logging_mixin.py:188} INFO - [2025-01-06T12:35:44.175+0000] {dag.py:3823} INFO - Setting next_dagrun for example_sensors to None, run_after=None
[2025-01-06T12:35:44.207+0000] {processor.py:183} INFO - Processing /home/airflow/.local/lib/python3.11/site-packages/airflow/example_dags/example_sensors.py took 0.111 seconds
[2025-01-06T12:36:14.493+0000] {processor.py:161} INFO - Started process (PID=3440) to work on /home/airflow/.local/lib/python3.11/site-packages/airflow/example_dags/example_sensors.py
[2025-01-06T12:36:14.494+0000] {processor.py:830} INFO - Processing file /home/airflow/.local/lib/python3.11/site-packages/airflow/example_dags/example_sensors.py for tasks to queue
[2025-01-06T12:36:14.495+0000] {logging_mixin.py:188} INFO - [2025-01-06T12:36:14.495+0000] {dagbag.py:538} INFO - Filling up the DagBag from /home/airflow/.local/lib/python3.11/site-packages/airflow/example_dags/example_sensors.py
[2025-01-06T12:36:14.509+0000] {processor.py:840} INFO - DAG(s) 'example_sensors' retrieved from /home/airflow/.local/lib/python3.11/site-packages/airflow/example_dags/example_sensors.py
[2025-01-06T12:36:14.548+0000] {logging_mixin.py:188} INFO - [2025-01-06T12:36:14.548+0000] {dag.py:3036} INFO - Sync 1 DAGs
[2025-01-06T12:36:14.566+0000] {logging_mixin.py:188} INFO - [2025-01-06T12:36:14.566+0000] {dag.py:3823} INFO - Setting next_dagrun for example_sensors to None, run_after=None
[2025-01-06T12:36:14.590+0000] {processor.py:183} INFO - Processing /home/airflow/.local/lib/python3.11/site-packages/airflow/example_dags/example_sensors.py took 0.102 seconds
[2025-01-06T12:36:45.180+0000] {processor.py:161} INFO - Started process (PID=3504) to work on /home/airflow/.local/lib/python3.11/site-packages/airflow/example_dags/example_sensors.py
[2025-01-06T12:36:45.182+0000] {processor.py:830} INFO - Processing file /home/airflow/.local/lib/python3.11/site-packages/airflow/example_dags/example_sensors.py for tasks to queue
[2025-01-06T12:36:45.184+0000] {logging_mixin.py:188} INFO - [2025-01-06T12:36:45.183+0000] {dagbag.py:538} INFO - Filling up the DagBag from /home/airflow/.local/lib/python3.11/site-packages/airflow/example_dags/example_sensors.py
[2025-01-06T12:36:45.206+0000] {processor.py:840} INFO - DAG(s) 'example_sensors' retrieved from /home/airflow/.local/lib/python3.11/site-packages/airflow/example_dags/example_sensors.py
[2025-01-06T12:36:45.256+0000] {logging_mixin.py:188} INFO - [2025-01-06T12:36:45.256+0000] {dag.py:3036} INFO - Sync 1 DAGs
[2025-01-06T12:36:45.279+0000] {logging_mixin.py:188} INFO - [2025-01-06T12:36:45.278+0000] {dag.py:3823} INFO - Setting next_dagrun for example_sensors to None, run_after=None
[2025-01-06T12:36:45.313+0000] {processor.py:183} INFO - Processing /home/airflow/.local/lib/python3.11/site-packages/airflow/example_dags/example_sensors.py took 0.139 seconds
[2025-01-06T12:37:15.753+0000] {processor.py:161} INFO - Started process (PID=3568) to work on /home/airflow/.local/lib/python3.11/site-packages/airflow/example_dags/example_sensors.py
[2025-01-06T12:37:15.755+0000] {processor.py:830} INFO - Processing file /home/airflow/.local/lib/python3.11/site-packages/airflow/example_dags/example_sensors.py for tasks to queue
[2025-01-06T12:37:15.757+0000] {logging_mixin.py:188} INFO - [2025-01-06T12:37:15.756+0000] {dagbag.py:538} INFO - Filling up the DagBag from /home/airflow/.local/lib/python3.11/site-packages/airflow/example_dags/example_sensors.py
[2025-01-06T12:37:15.775+0000] {processor.py:840} INFO - DAG(s) 'example_sensors' retrieved from /home/airflow/.local/lib/python3.11/site-packages/airflow/example_dags/example_sensors.py
[2025-01-06T12:37:15.823+0000] {logging_mixin.py:188} INFO - [2025-01-06T12:37:15.823+0000] {dag.py:3036} INFO - Sync 1 DAGs
[2025-01-06T12:37:15.843+0000] {logging_mixin.py:188} INFO - [2025-01-06T12:37:15.843+0000] {dag.py:3823} INFO - Setting next_dagrun for example_sensors to None, run_after=None
[2025-01-06T12:37:15.870+0000] {processor.py:183} INFO - Processing /home/airflow/.local/lib/python3.11/site-packages/airflow/example_dags/example_sensors.py took 0.122 seconds
[2025-01-06T12:37:46.316+0000] {processor.py:161} INFO - Started process (PID=3633) to work on /home/airflow/.local/lib/python3.11/site-packages/airflow/example_dags/example_sensors.py
[2025-01-06T12:37:46.318+0000] {processor.py:830} INFO - Processing file /home/airflow/.local/lib/python3.11/site-packages/airflow/example_dags/example_sensors.py for tasks to queue
[2025-01-06T12:37:46.320+0000] {logging_mixin.py:188} INFO - [2025-01-06T12:37:46.319+0000] {dagbag.py:538} INFO - Filling up the DagBag from /home/airflow/.local/lib/python3.11/site-packages/airflow/example_dags/example_sensors.py
[2025-01-06T12:37:46.348+0000] {processor.py:840} INFO - DAG(s) 'example_sensors' retrieved from /home/airflow/.local/lib/python3.11/site-packages/airflow/example_dags/example_sensors.py
[2025-01-06T12:37:46.418+0000] {logging_mixin.py:188} INFO - [2025-01-06T12:37:46.418+0000] {dag.py:3036} INFO - Sync 1 DAGs
[2025-01-06T12:37:46.452+0000] {logging_mixin.py:188} INFO - [2025-01-06T12:37:46.451+0000] {dag.py:3823} INFO - Setting next_dagrun for example_sensors to None, run_after=None
[2025-01-06T12:37:46.527+0000] {processor.py:183} INFO - Processing /home/airflow/.local/lib/python3.11/site-packages/airflow/example_dags/example_sensors.py took 0.217 seconds
[2025-01-06T12:38:17.145+0000] {processor.py:161} INFO - Started process (PID=3697) to work on /home/airflow/.local/lib/python3.11/site-packages/airflow/example_dags/example_sensors.py
[2025-01-06T12:38:17.147+0000] {processor.py:830} INFO - Processing file /home/airflow/.local/lib/python3.11/site-packages/airflow/example_dags/example_sensors.py for tasks to queue
[2025-01-06T12:38:17.149+0000] {logging_mixin.py:188} INFO - [2025-01-06T12:38:17.148+0000] {dagbag.py:538} INFO - Filling up the DagBag from /home/airflow/.local/lib/python3.11/site-packages/airflow/example_dags/example_sensors.py
[2025-01-06T12:38:17.167+0000] {processor.py:840} INFO - DAG(s) 'example_sensors' retrieved from /home/airflow/.local/lib/python3.11/site-packages/airflow/example_dags/example_sensors.py
[2025-01-06T12:38:17.233+0000] {logging_mixin.py:188} INFO - [2025-01-06T12:38:17.233+0000] {dag.py:3036} INFO - Sync 1 DAGs
[2025-01-06T12:38:17.257+0000] {logging_mixin.py:188} INFO - [2025-01-06T12:38:17.257+0000] {dag.py:3823} INFO - Setting next_dagrun for example_sensors to None, run_after=None
[2025-01-06T12:38:17.306+0000] {processor.py:183} INFO - Processing /home/airflow/.local/lib/python3.11/site-packages/airflow/example_dags/example_sensors.py took 0.169 seconds
[2025-01-06T12:38:47.916+0000] {processor.py:161} INFO - Started process (PID=3761) to work on /home/airflow/.local/lib/python3.11/site-packages/airflow/example_dags/example_sensors.py
[2025-01-06T12:38:47.917+0000] {processor.py:830} INFO - Processing file /home/airflow/.local/lib/python3.11/site-packages/airflow/example_dags/example_sensors.py for tasks to queue
[2025-01-06T12:38:47.918+0000] {logging_mixin.py:188} INFO - [2025-01-06T12:38:47.918+0000] {dagbag.py:538} INFO - Filling up the DagBag from /home/airflow/.local/lib/python3.11/site-packages/airflow/example_dags/example_sensors.py
[2025-01-06T12:38:47.929+0000] {processor.py:840} INFO - DAG(s) 'example_sensors' retrieved from /home/airflow/.local/lib/python3.11/site-packages/airflow/example_dags/example_sensors.py
[2025-01-06T12:38:47.965+0000] {logging_mixin.py:188} INFO - [2025-01-06T12:38:47.965+0000] {dag.py:3036} INFO - Sync 1 DAGs
[2025-01-06T12:38:47.982+0000] {logging_mixin.py:188} INFO - [2025-01-06T12:38:47.982+0000] {dag.py:3823} INFO - Setting next_dagrun for example_sensors to None, run_after=None
[2025-01-06T12:38:48.006+0000] {processor.py:183} INFO - Processing /home/airflow/.local/lib/python3.11/site-packages/airflow/example_dags/example_sensors.py took 0.094 seconds
[2025-01-06T12:39:18.084+0000] {processor.py:161} INFO - Started process (PID=3832) to work on /home/airflow/.local/lib/python3.11/site-packages/airflow/example_dags/example_sensors.py
[2025-01-06T12:39:18.086+0000] {processor.py:830} INFO - Processing file /home/airflow/.local/lib/python3.11/site-packages/airflow/example_dags/example_sensors.py for tasks to queue
[2025-01-06T12:39:18.087+0000] {logging_mixin.py:188} INFO - [2025-01-06T12:39:18.087+0000] {dagbag.py:538} INFO - Filling up the DagBag from /home/airflow/.local/lib/python3.11/site-packages/airflow/example_dags/example_sensors.py
[2025-01-06T12:39:18.104+0000] {processor.py:840} INFO - DAG(s) 'example_sensors' retrieved from /home/airflow/.local/lib/python3.11/site-packages/airflow/example_dags/example_sensors.py
[2025-01-06T12:39:18.140+0000] {logging_mixin.py:188} INFO - [2025-01-06T12:39:18.140+0000] {dag.py:3036} INFO - Sync 1 DAGs
[2025-01-06T12:39:18.160+0000] {logging_mixin.py:188} INFO - [2025-01-06T12:39:18.160+0000] {dag.py:3823} INFO - Setting next_dagrun for example_sensors to None, run_after=None
[2025-01-06T12:39:18.193+0000] {processor.py:183} INFO - Processing /home/airflow/.local/lib/python3.11/site-packages/airflow/example_dags/example_sensors.py took 0.112 seconds
[2025-01-06T12:39:48.257+0000] {processor.py:161} INFO - Started process (PID=3895) to work on /home/airflow/.local/lib/python3.11/site-packages/airflow/example_dags/example_sensors.py
[2025-01-06T12:39:48.258+0000] {processor.py:830} INFO - Processing file /home/airflow/.local/lib/python3.11/site-packages/airflow/example_dags/example_sensors.py for tasks to queue
[2025-01-06T12:39:48.260+0000] {logging_mixin.py:188} INFO - [2025-01-06T12:39:48.259+0000] {dagbag.py:538} INFO - Filling up the DagBag from /home/airflow/.local/lib/python3.11/site-packages/airflow/example_dags/example_sensors.py
[2025-01-06T12:39:48.275+0000] {processor.py:840} INFO - DAG(s) 'example_sensors' retrieved from /home/airflow/.local/lib/python3.11/site-packages/airflow/example_dags/example_sensors.py
[2025-01-06T12:39:48.309+0000] {logging_mixin.py:188} INFO - [2025-01-06T12:39:48.308+0000] {dag.py:3036} INFO - Sync 1 DAGs
[2025-01-06T12:39:48.325+0000] {logging_mixin.py:188} INFO - [2025-01-06T12:39:48.325+0000] {dag.py:3823} INFO - Setting next_dagrun for example_sensors to None, run_after=None
[2025-01-06T12:39:48.352+0000] {processor.py:183} INFO - Processing /home/airflow/.local/lib/python3.11/site-packages/airflow/example_dags/example_sensors.py took 0.099 seconds
[2025-01-06T12:40:18.590+0000] {processor.py:161} INFO - Started process (PID=3959) to work on /home/airflow/.local/lib/python3.11/site-packages/airflow/example_dags/example_sensors.py
[2025-01-06T12:40:18.592+0000] {processor.py:830} INFO - Processing file /home/airflow/.local/lib/python3.11/site-packages/airflow/example_dags/example_sensors.py for tasks to queue
[2025-01-06T12:40:18.594+0000] {logging_mixin.py:188} INFO - [2025-01-06T12:40:18.593+0000] {dagbag.py:538} INFO - Filling up the DagBag from /home/airflow/.local/lib/python3.11/site-packages/airflow/example_dags/example_sensors.py
[2025-01-06T12:40:18.613+0000] {processor.py:840} INFO - DAG(s) 'example_sensors' retrieved from /home/airflow/.local/lib/python3.11/site-packages/airflow/example_dags/example_sensors.py
[2025-01-06T12:40:18.645+0000] {logging_mixin.py:188} INFO - [2025-01-06T12:40:18.645+0000] {dag.py:3036} INFO - Sync 1 DAGs
[2025-01-06T12:40:18.658+0000] {logging_mixin.py:188} INFO - [2025-01-06T12:40:18.658+0000] {dag.py:3823} INFO - Setting next_dagrun for example_sensors to None, run_after=None
[2025-01-06T12:40:18.680+0000] {processor.py:183} INFO - Processing /home/airflow/.local/lib/python3.11/site-packages/airflow/example_dags/example_sensors.py took 0.096 seconds
[2025-01-06T12:40:48.837+0000] {processor.py:161} INFO - Started process (PID=4023) to work on /home/airflow/.local/lib/python3.11/site-packages/airflow/example_dags/example_sensors.py
[2025-01-06T12:40:48.839+0000] {processor.py:830} INFO - Processing file /home/airflow/.local/lib/python3.11/site-packages/airflow/example_dags/example_sensors.py for tasks to queue
[2025-01-06T12:40:48.840+0000] {logging_mixin.py:188} INFO - [2025-01-06T12:40:48.840+0000] {dagbag.py:538} INFO - Filling up the DagBag from /home/airflow/.local/lib/python3.11/site-packages/airflow/example_dags/example_sensors.py
[2025-01-06T12:40:48.853+0000] {processor.py:840} INFO - DAG(s) 'example_sensors' retrieved from /home/airflow/.local/lib/python3.11/site-packages/airflow/example_dags/example_sensors.py
[2025-01-06T12:40:48.887+0000] {logging_mixin.py:188} INFO - [2025-01-06T12:40:48.886+0000] {dag.py:3036} INFO - Sync 1 DAGs
[2025-01-06T12:40:48.903+0000] {logging_mixin.py:188} INFO - [2025-01-06T12:40:48.902+0000] {dag.py:3823} INFO - Setting next_dagrun for example_sensors to None, run_after=None
[2025-01-06T12:40:48.929+0000] {processor.py:183} INFO - Processing /home/airflow/.local/lib/python3.11/site-packages/airflow/example_dags/example_sensors.py took 0.096 seconds
[2025-01-06T12:41:19.106+0000] {processor.py:161} INFO - Started process (PID=4094) to work on /home/airflow/.local/lib/python3.11/site-packages/airflow/example_dags/example_sensors.py
[2025-01-06T12:41:19.108+0000] {processor.py:830} INFO - Processing file /home/airflow/.local/lib/python3.11/site-packages/airflow/example_dags/example_sensors.py for tasks to queue
[2025-01-06T12:41:19.111+0000] {logging_mixin.py:188} INFO - [2025-01-06T12:41:19.110+0000] {dagbag.py:538} INFO - Filling up the DagBag from /home/airflow/.local/lib/python3.11/site-packages/airflow/example_dags/example_sensors.py
[2025-01-06T12:41:19.126+0000] {processor.py:840} INFO - DAG(s) 'example_sensors' retrieved from /home/airflow/.local/lib/python3.11/site-packages/airflow/example_dags/example_sensors.py
[2025-01-06T12:41:19.154+0000] {logging_mixin.py:188} INFO - [2025-01-06T12:41:19.154+0000] {dag.py:3036} INFO - Sync 1 DAGs
[2025-01-06T12:41:19.167+0000] {logging_mixin.py:188} INFO - [2025-01-06T12:41:19.167+0000] {dag.py:3823} INFO - Setting next_dagrun for example_sensors to None, run_after=None
[2025-01-06T12:41:19.188+0000] {processor.py:183} INFO - Processing /home/airflow/.local/lib/python3.11/site-packages/airflow/example_dags/example_sensors.py took 0.088 seconds
[2025-01-06T12:41:49.595+0000] {processor.py:161} INFO - Started process (PID=4159) to work on /home/airflow/.local/lib/python3.11/site-packages/airflow/example_dags/example_sensors.py
[2025-01-06T12:41:49.597+0000] {processor.py:830} INFO - Processing file /home/airflow/.local/lib/python3.11/site-packages/airflow/example_dags/example_sensors.py for tasks to queue
[2025-01-06T12:41:49.598+0000] {logging_mixin.py:188} INFO - [2025-01-06T12:41:49.597+0000] {dagbag.py:538} INFO - Filling up the DagBag from /home/airflow/.local/lib/python3.11/site-packages/airflow/example_dags/example_sensors.py
[2025-01-06T12:41:49.609+0000] {processor.py:840} INFO - DAG(s) 'example_sensors' retrieved from /home/airflow/.local/lib/python3.11/site-packages/airflow/example_dags/example_sensors.py
[2025-01-06T12:41:49.637+0000] {logging_mixin.py:188} INFO - [2025-01-06T12:41:49.637+0000] {dag.py:3036} INFO - Sync 1 DAGs
[2025-01-06T12:41:49.654+0000] {logging_mixin.py:188} INFO - [2025-01-06T12:41:49.654+0000] {dag.py:3823} INFO - Setting next_dagrun for example_sensors to None, run_after=None
[2025-01-06T12:41:49.675+0000] {processor.py:183} INFO - Processing /home/airflow/.local/lib/python3.11/site-packages/airflow/example_dags/example_sensors.py took 0.084 seconds
[2025-01-06T12:42:20.194+0000] {processor.py:161} INFO - Started process (PID=4223) to work on /home/airflow/.local/lib/python3.11/site-packages/airflow/example_dags/example_sensors.py
[2025-01-06T12:42:20.195+0000] {processor.py:830} INFO - Processing file /home/airflow/.local/lib/python3.11/site-packages/airflow/example_dags/example_sensors.py for tasks to queue
[2025-01-06T12:42:20.196+0000] {logging_mixin.py:188} INFO - [2025-01-06T12:42:20.195+0000] {dagbag.py:538} INFO - Filling up the DagBag from /home/airflow/.local/lib/python3.11/site-packages/airflow/example_dags/example_sensors.py
[2025-01-06T12:42:20.207+0000] {processor.py:840} INFO - DAG(s) 'example_sensors' retrieved from /home/airflow/.local/lib/python3.11/site-packages/airflow/example_dags/example_sensors.py
[2025-01-06T12:42:20.237+0000] {logging_mixin.py:188} INFO - [2025-01-06T12:42:20.236+0000] {dag.py:3036} INFO - Sync 1 DAGs
[2025-01-06T12:42:20.250+0000] {logging_mixin.py:188} INFO - [2025-01-06T12:42:20.250+0000] {dag.py:3823} INFO - Setting next_dagrun for example_sensors to None, run_after=None
[2025-01-06T12:42:20.271+0000] {processor.py:183} INFO - Processing /home/airflow/.local/lib/python3.11/site-packages/airflow/example_dags/example_sensors.py took 0.081 seconds
[2025-01-06T12:42:50.724+0000] {processor.py:161} INFO - Started process (PID=4294) to work on /home/airflow/.local/lib/python3.11/site-packages/airflow/example_dags/example_sensors.py
[2025-01-06T12:42:50.725+0000] {processor.py:830} INFO - Processing file /home/airflow/.local/lib/python3.11/site-packages/airflow/example_dags/example_sensors.py for tasks to queue
[2025-01-06T12:42:50.726+0000] {logging_mixin.py:188} INFO - [2025-01-06T12:42:50.726+0000] {dagbag.py:538} INFO - Filling up the DagBag from /home/airflow/.local/lib/python3.11/site-packages/airflow/example_dags/example_sensors.py
[2025-01-06T12:42:50.737+0000] {processor.py:840} INFO - DAG(s) 'example_sensors' retrieved from /home/airflow/.local/lib/python3.11/site-packages/airflow/example_dags/example_sensors.py
[2025-01-06T12:42:50.767+0000] {logging_mixin.py:188} INFO - [2025-01-06T12:42:50.767+0000] {dag.py:3036} INFO - Sync 1 DAGs
[2025-01-06T12:42:50.781+0000] {logging_mixin.py:188} INFO - [2025-01-06T12:42:50.781+0000] {dag.py:3823} INFO - Setting next_dagrun for example_sensors to None, run_after=None
[2025-01-06T12:42:50.807+0000] {processor.py:183} INFO - Processing /home/airflow/.local/lib/python3.11/site-packages/airflow/example_dags/example_sensors.py took 0.087 seconds
[2025-01-06T12:43:21.544+0000] {processor.py:161} INFO - Started process (PID=4358) to work on /home/airflow/.local/lib/python3.11/site-packages/airflow/example_dags/example_sensors.py
[2025-01-06T12:43:21.545+0000] {processor.py:830} INFO - Processing file /home/airflow/.local/lib/python3.11/site-packages/airflow/example_dags/example_sensors.py for tasks to queue
[2025-01-06T12:43:21.546+0000] {logging_mixin.py:188} INFO - [2025-01-06T12:43:21.546+0000] {dagbag.py:538} INFO - Filling up the DagBag from /home/airflow/.local/lib/python3.11/site-packages/airflow/example_dags/example_sensors.py
[2025-01-06T12:43:21.558+0000] {processor.py:840} INFO - DAG(s) 'example_sensors' retrieved from /home/airflow/.local/lib/python3.11/site-packages/airflow/example_dags/example_sensors.py
[2025-01-06T12:43:21.594+0000] {logging_mixin.py:188} INFO - [2025-01-06T12:43:21.594+0000] {dag.py:3036} INFO - Sync 1 DAGs
[2025-01-06T12:43:21.609+0000] {logging_mixin.py:188} INFO - [2025-01-06T12:43:21.609+0000] {dag.py:3823} INFO - Setting next_dagrun for example_sensors to None, run_after=None
[2025-01-06T12:43:21.633+0000] {processor.py:183} INFO - Processing /home/airflow/.local/lib/python3.11/site-packages/airflow/example_dags/example_sensors.py took 0.092 seconds
[2025-01-06T12:43:52.090+0000] {processor.py:161} INFO - Started process (PID=4429) to work on /home/airflow/.local/lib/python3.11/site-packages/airflow/example_dags/example_sensors.py
[2025-01-06T12:43:52.091+0000] {processor.py:830} INFO - Processing file /home/airflow/.local/lib/python3.11/site-packages/airflow/example_dags/example_sensors.py for tasks to queue
[2025-01-06T12:43:52.092+0000] {logging_mixin.py:188} INFO - [2025-01-06T12:43:52.092+0000] {dagbag.py:538} INFO - Filling up the DagBag from /home/airflow/.local/lib/python3.11/site-packages/airflow/example_dags/example_sensors.py
[2025-01-06T12:43:52.103+0000] {processor.py:840} INFO - DAG(s) 'example_sensors' retrieved from /home/airflow/.local/lib/python3.11/site-packages/airflow/example_dags/example_sensors.py
[2025-01-06T12:43:52.138+0000] {logging_mixin.py:188} INFO - [2025-01-06T12:43:52.138+0000] {dag.py:3036} INFO - Sync 1 DAGs
[2025-01-06T12:43:52.152+0000] {logging_mixin.py:188} INFO - [2025-01-06T12:43:52.152+0000] {dag.py:3823} INFO - Setting next_dagrun for example_sensors to None, run_after=None
[2025-01-06T12:43:52.173+0000] {processor.py:183} INFO - Processing /home/airflow/.local/lib/python3.11/site-packages/airflow/example_dags/example_sensors.py took 0.087 seconds
[2025-01-06T12:44:22.405+0000] {processor.py:161} INFO - Started process (PID=4493) to work on /home/airflow/.local/lib/python3.11/site-packages/airflow/example_dags/example_sensors.py
[2025-01-06T12:44:22.406+0000] {processor.py:830} INFO - Processing file /home/airflow/.local/lib/python3.11/site-packages/airflow/example_dags/example_sensors.py for tasks to queue
[2025-01-06T12:44:22.407+0000] {logging_mixin.py:188} INFO - [2025-01-06T12:44:22.407+0000] {dagbag.py:538} INFO - Filling up the DagBag from /home/airflow/.local/lib/python3.11/site-packages/airflow/example_dags/example_sensors.py
[2025-01-06T12:44:22.420+0000] {processor.py:840} INFO - DAG(s) 'example_sensors' retrieved from /home/airflow/.local/lib/python3.11/site-packages/airflow/example_dags/example_sensors.py
[2025-01-06T12:44:22.450+0000] {logging_mixin.py:188} INFO - [2025-01-06T12:44:22.450+0000] {dag.py:3036} INFO - Sync 1 DAGs
[2025-01-06T12:44:22.463+0000] {logging_mixin.py:188} INFO - [2025-01-06T12:44:22.463+0000] {dag.py:3823} INFO - Setting next_dagrun for example_sensors to None, run_after=None
[2025-01-06T12:44:22.485+0000] {processor.py:183} INFO - Processing /home/airflow/.local/lib/python3.11/site-packages/airflow/example_dags/example_sensors.py took 0.084 seconds
[2025-01-06T12:44:52.602+0000] {processor.py:161} INFO - Started process (PID=4556) to work on /home/airflow/.local/lib/python3.11/site-packages/airflow/example_dags/example_sensors.py
[2025-01-06T12:44:52.604+0000] {processor.py:830} INFO - Processing file /home/airflow/.local/lib/python3.11/site-packages/airflow/example_dags/example_sensors.py for tasks to queue
[2025-01-06T12:44:52.605+0000] {logging_mixin.py:188} INFO - [2025-01-06T12:44:52.604+0000] {dagbag.py:538} INFO - Filling up the DagBag from /home/airflow/.local/lib/python3.11/site-packages/airflow/example_dags/example_sensors.py
[2025-01-06T12:44:52.616+0000] {processor.py:840} INFO - DAG(s) 'example_sensors' retrieved from /home/airflow/.local/lib/python3.11/site-packages/airflow/example_dags/example_sensors.py
[2025-01-06T12:44:52.643+0000] {logging_mixin.py:188} INFO - [2025-01-06T12:44:52.643+0000] {dag.py:3036} INFO - Sync 1 DAGs
[2025-01-06T12:44:52.656+0000] {logging_mixin.py:188} INFO - [2025-01-06T12:44:52.656+0000] {dag.py:3823} INFO - Setting next_dagrun for example_sensors to None, run_after=None
[2025-01-06T12:44:52.686+0000] {processor.py:183} INFO - Processing /home/airflow/.local/lib/python3.11/site-packages/airflow/example_dags/example_sensors.py took 0.087 seconds
[2025-01-06T12:45:22.799+0000] {processor.py:161} INFO - Started process (PID=4620) to work on /home/airflow/.local/lib/python3.11/site-packages/airflow/example_dags/example_sensors.py
[2025-01-06T12:45:22.800+0000] {processor.py:830} INFO - Processing file /home/airflow/.local/lib/python3.11/site-packages/airflow/example_dags/example_sensors.py for tasks to queue
[2025-01-06T12:45:22.801+0000] {logging_mixin.py:188} INFO - [2025-01-06T12:45:22.801+0000] {dagbag.py:538} INFO - Filling up the DagBag from /home/airflow/.local/lib/python3.11/site-packages/airflow/example_dags/example_sensors.py
[2025-01-06T12:45:22.812+0000] {processor.py:840} INFO - DAG(s) 'example_sensors' retrieved from /home/airflow/.local/lib/python3.11/site-packages/airflow/example_dags/example_sensors.py
[2025-01-06T12:45:22.841+0000] {logging_mixin.py:188} INFO - [2025-01-06T12:45:22.841+0000] {dag.py:3036} INFO - Sync 1 DAGs
[2025-01-06T12:45:22.854+0000] {logging_mixin.py:188} INFO - [2025-01-06T12:45:22.854+0000] {dag.py:3823} INFO - Setting next_dagrun for example_sensors to None, run_after=None
[2025-01-06T12:45:22.874+0000] {processor.py:183} INFO - Processing /home/airflow/.local/lib/python3.11/site-packages/airflow/example_dags/example_sensors.py took 0.079 seconds
[2025-01-06T12:45:53.141+0000] {processor.py:161} INFO - Started process (PID=4691) to work on /home/airflow/.local/lib/python3.11/site-packages/airflow/example_dags/example_sensors.py
[2025-01-06T12:45:53.142+0000] {processor.py:830} INFO - Processing file /home/airflow/.local/lib/python3.11/site-packages/airflow/example_dags/example_sensors.py for tasks to queue
[2025-01-06T12:45:53.143+0000] {logging_mixin.py:188} INFO - [2025-01-06T12:45:53.143+0000] {dagbag.py:538} INFO - Filling up the DagBag from /home/airflow/.local/lib/python3.11/site-packages/airflow/example_dags/example_sensors.py
[2025-01-06T12:45:53.154+0000] {processor.py:840} INFO - DAG(s) 'example_sensors' retrieved from /home/airflow/.local/lib/python3.11/site-packages/airflow/example_dags/example_sensors.py
[2025-01-06T12:45:53.182+0000] {logging_mixin.py:188} INFO - [2025-01-06T12:45:53.181+0000] {dag.py:3036} INFO - Sync 1 DAGs
[2025-01-06T12:45:53.197+0000] {logging_mixin.py:188} INFO - [2025-01-06T12:45:53.197+0000] {dag.py:3823} INFO - Setting next_dagrun for example_sensors to None, run_after=None
[2025-01-06T12:45:53.217+0000] {processor.py:183} INFO - Processing /home/airflow/.local/lib/python3.11/site-packages/airflow/example_dags/example_sensors.py took 0.080 seconds
[2025-01-06T12:46:23.592+0000] {processor.py:161} INFO - Started process (PID=4755) to work on /home/airflow/.local/lib/python3.11/site-packages/airflow/example_dags/example_sensors.py
[2025-01-06T12:46:23.593+0000] {processor.py:830} INFO - Processing file /home/airflow/.local/lib/python3.11/site-packages/airflow/example_dags/example_sensors.py for tasks to queue
[2025-01-06T12:46:23.594+0000] {logging_mixin.py:188} INFO - [2025-01-06T12:46:23.594+0000] {dagbag.py:538} INFO - Filling up the DagBag from /home/airflow/.local/lib/python3.11/site-packages/airflow/example_dags/example_sensors.py
[2025-01-06T12:46:23.605+0000] {processor.py:840} INFO - DAG(s) 'example_sensors' retrieved from /home/airflow/.local/lib/python3.11/site-packages/airflow/example_dags/example_sensors.py
[2025-01-06T12:46:23.632+0000] {logging_mixin.py:188} INFO - [2025-01-06T12:46:23.632+0000] {dag.py:3036} INFO - Sync 1 DAGs
[2025-01-06T12:46:23.646+0000] {logging_mixin.py:188} INFO - [2025-01-06T12:46:23.646+0000] {dag.py:3823} INFO - Setting next_dagrun for example_sensors to None, run_after=None
[2025-01-06T12:46:23.666+0000] {processor.py:183} INFO - Processing /home/airflow/.local/lib/python3.11/site-packages/airflow/example_dags/example_sensors.py took 0.077 seconds
[2025-01-06T12:46:53.939+0000] {processor.py:161} INFO - Started process (PID=4819) to work on /home/airflow/.local/lib/python3.11/site-packages/airflow/example_dags/example_sensors.py
[2025-01-06T12:46:53.940+0000] {processor.py:830} INFO - Processing file /home/airflow/.local/lib/python3.11/site-packages/airflow/example_dags/example_sensors.py for tasks to queue
[2025-01-06T12:46:53.941+0000] {logging_mixin.py:188} INFO - [2025-01-06T12:46:53.941+0000] {dagbag.py:538} INFO - Filling up the DagBag from /home/airflow/.local/lib/python3.11/site-packages/airflow/example_dags/example_sensors.py
[2025-01-06T12:46:53.951+0000] {processor.py:840} INFO - DAG(s) 'example_sensors' retrieved from /home/airflow/.local/lib/python3.11/site-packages/airflow/example_dags/example_sensors.py
[2025-01-06T12:46:53.979+0000] {logging_mixin.py:188} INFO - [2025-01-06T12:46:53.979+0000] {dag.py:3036} INFO - Sync 1 DAGs
[2025-01-06T12:46:53.992+0000] {logging_mixin.py:188} INFO - [2025-01-06T12:46:53.992+0000] {dag.py:3823} INFO - Setting next_dagrun for example_sensors to None, run_after=None
[2025-01-06T12:46:54.018+0000] {processor.py:183} INFO - Processing /home/airflow/.local/lib/python3.11/site-packages/airflow/example_dags/example_sensors.py took 0.082 seconds
[2025-01-06T12:47:25.154+0000] {processor.py:161} INFO - Started process (PID=4891) to work on /home/airflow/.local/lib/python3.11/site-packages/airflow/example_dags/example_sensors.py
[2025-01-06T12:47:25.156+0000] {processor.py:830} INFO - Processing file /home/airflow/.local/lib/python3.11/site-packages/airflow/example_dags/example_sensors.py for tasks to queue
[2025-01-06T12:47:25.157+0000] {logging_mixin.py:188} INFO - [2025-01-06T12:47:25.157+0000] {dagbag.py:538} INFO - Filling up the DagBag from /home/airflow/.local/lib/python3.11/site-packages/airflow/example_dags/example_sensors.py
[2025-01-06T12:47:25.171+0000] {processor.py:840} INFO - DAG(s) 'example_sensors' retrieved from /home/airflow/.local/lib/python3.11/site-packages/airflow/example_dags/example_sensors.py
[2025-01-06T12:47:25.214+0000] {logging_mixin.py:188} INFO - [2025-01-06T12:47:25.214+0000] {dag.py:3036} INFO - Sync 1 DAGs
[2025-01-06T12:47:25.231+0000] {logging_mixin.py:188} INFO - [2025-01-06T12:47:25.230+0000] {dag.py:3823} INFO - Setting next_dagrun for example_sensors to None, run_after=None
[2025-01-06T12:47:25.261+0000] {processor.py:183} INFO - Processing /home/airflow/.local/lib/python3.11/site-packages/airflow/example_dags/example_sensors.py took 0.112 seconds
[2025-01-06T12:47:55.435+0000] {processor.py:161} INFO - Started process (PID=4955) to work on /home/airflow/.local/lib/python3.11/site-packages/airflow/example_dags/example_sensors.py
[2025-01-06T12:47:55.436+0000] {processor.py:830} INFO - Processing file /home/airflow/.local/lib/python3.11/site-packages/airflow/example_dags/example_sensors.py for tasks to queue
[2025-01-06T12:47:55.438+0000] {logging_mixin.py:188} INFO - [2025-01-06T12:47:55.438+0000] {dagbag.py:538} INFO - Filling up the DagBag from /home/airflow/.local/lib/python3.11/site-packages/airflow/example_dags/example_sensors.py
[2025-01-06T12:47:55.453+0000] {processor.py:840} INFO - DAG(s) 'example_sensors' retrieved from /home/airflow/.local/lib/python3.11/site-packages/airflow/example_dags/example_sensors.py
[2025-01-06T12:47:55.488+0000] {logging_mixin.py:188} INFO - [2025-01-06T12:47:55.488+0000] {dag.py:3036} INFO - Sync 1 DAGs
[2025-01-06T12:47:55.505+0000] {logging_mixin.py:188} INFO - [2025-01-06T12:47:55.505+0000] {dag.py:3823} INFO - Setting next_dagrun for example_sensors to None, run_after=None
[2025-01-06T12:47:55.532+0000] {processor.py:183} INFO - Processing /home/airflow/.local/lib/python3.11/site-packages/airflow/example_dags/example_sensors.py took 0.105 seconds
[2025-01-06T12:48:25.604+0000] {processor.py:161} INFO - Started process (PID=5019) to work on /home/airflow/.local/lib/python3.11/site-packages/airflow/example_dags/example_sensors.py
[2025-01-06T12:48:25.605+0000] {processor.py:830} INFO - Processing file /home/airflow/.local/lib/python3.11/site-packages/airflow/example_dags/example_sensors.py for tasks to queue
[2025-01-06T12:48:25.606+0000] {logging_mixin.py:188} INFO - [2025-01-06T12:48:25.606+0000] {dagbag.py:538} INFO - Filling up the DagBag from /home/airflow/.local/lib/python3.11/site-packages/airflow/example_dags/example_sensors.py
[2025-01-06T12:48:25.617+0000] {processor.py:840} INFO - DAG(s) 'example_sensors' retrieved from /home/airflow/.local/lib/python3.11/site-packages/airflow/example_dags/example_sensors.py
[2025-01-06T12:48:25.646+0000] {logging_mixin.py:188} INFO - [2025-01-06T12:48:25.646+0000] {dag.py:3036} INFO - Sync 1 DAGs
[2025-01-06T12:48:25.659+0000] {logging_mixin.py:188} INFO - [2025-01-06T12:48:25.659+0000] {dag.py:3823} INFO - Setting next_dagrun for example_sensors to None, run_after=None
[2025-01-06T12:48:25.695+0000] {processor.py:183} INFO - Processing /home/airflow/.local/lib/python3.11/site-packages/airflow/example_dags/example_sensors.py took 0.096 seconds
[2025-01-06T12:48:56.167+0000] {processor.py:161} INFO - Started process (PID=5090) to work on /home/airflow/.local/lib/python3.11/site-packages/airflow/example_dags/example_sensors.py
[2025-01-06T12:48:56.168+0000] {processor.py:830} INFO - Processing file /home/airflow/.local/lib/python3.11/site-packages/airflow/example_dags/example_sensors.py for tasks to queue
[2025-01-06T12:48:56.170+0000] {logging_mixin.py:188} INFO - [2025-01-06T12:48:56.169+0000] {dagbag.py:538} INFO - Filling up the DagBag from /home/airflow/.local/lib/python3.11/site-packages/airflow/example_dags/example_sensors.py
[2025-01-06T12:48:56.181+0000] {processor.py:840} INFO - DAG(s) 'example_sensors' retrieved from /home/airflow/.local/lib/python3.11/site-packages/airflow/example_dags/example_sensors.py
[2025-01-06T12:48:56.210+0000] {logging_mixin.py:188} INFO - [2025-01-06T12:48:56.209+0000] {dag.py:3036} INFO - Sync 1 DAGs
[2025-01-06T12:48:56.362+0000] {logging_mixin.py:188} INFO - [2025-01-06T12:48:56.361+0000] {dag.py:3823} INFO - Setting next_dagrun for example_sensors to None, run_after=None
[2025-01-06T12:48:56.391+0000] {processor.py:183} INFO - Processing /home/airflow/.local/lib/python3.11/site-packages/airflow/example_dags/example_sensors.py took 0.228 seconds
[2025-01-06T12:49:26.535+0000] {processor.py:161} INFO - Started process (PID=5154) to work on /home/airflow/.local/lib/python3.11/site-packages/airflow/example_dags/example_sensors.py
[2025-01-06T12:49:26.536+0000] {processor.py:830} INFO - Processing file /home/airflow/.local/lib/python3.11/site-packages/airflow/example_dags/example_sensors.py for tasks to queue
[2025-01-06T12:49:26.538+0000] {logging_mixin.py:188} INFO - [2025-01-06T12:49:26.537+0000] {dagbag.py:538} INFO - Filling up the DagBag from /home/airflow/.local/lib/python3.11/site-packages/airflow/example_dags/example_sensors.py
[2025-01-06T12:49:26.552+0000] {processor.py:840} INFO - DAG(s) 'example_sensors' retrieved from /home/airflow/.local/lib/python3.11/site-packages/airflow/example_dags/example_sensors.py
[2025-01-06T12:49:26.580+0000] {logging_mixin.py:188} INFO - [2025-01-06T12:49:26.580+0000] {dag.py:3036} INFO - Sync 1 DAGs
[2025-01-06T12:49:26.593+0000] {logging_mixin.py:188} INFO - [2025-01-06T12:49:26.593+0000] {dag.py:3823} INFO - Setting next_dagrun for example_sensors to None, run_after=None
[2025-01-06T12:49:26.623+0000] {processor.py:183} INFO - Processing /home/airflow/.local/lib/python3.11/site-packages/airflow/example_dags/example_sensors.py took 0.092 seconds
[2025-01-06T12:49:57.553+0000] {processor.py:161} INFO - Started process (PID=5225) to work on /home/airflow/.local/lib/python3.11/site-packages/airflow/example_dags/example_sensors.py
[2025-01-06T12:49:57.554+0000] {processor.py:830} INFO - Processing file /home/airflow/.local/lib/python3.11/site-packages/airflow/example_dags/example_sensors.py for tasks to queue
[2025-01-06T12:49:57.555+0000] {logging_mixin.py:188} INFO - [2025-01-06T12:49:57.555+0000] {dagbag.py:538} INFO - Filling up the DagBag from /home/airflow/.local/lib/python3.11/site-packages/airflow/example_dags/example_sensors.py
[2025-01-06T12:49:57.571+0000] {processor.py:840} INFO - DAG(s) 'example_sensors' retrieved from /home/airflow/.local/lib/python3.11/site-packages/airflow/example_dags/example_sensors.py
[2025-01-06T12:49:57.605+0000] {logging_mixin.py:188} INFO - [2025-01-06T12:49:57.605+0000] {dag.py:3036} INFO - Sync 1 DAGs
[2025-01-06T12:49:57.623+0000] {logging_mixin.py:188} INFO - [2025-01-06T12:49:57.623+0000] {dag.py:3823} INFO - Setting next_dagrun for example_sensors to None, run_after=None
[2025-01-06T12:49:57.654+0000] {processor.py:183} INFO - Processing /home/airflow/.local/lib/python3.11/site-packages/airflow/example_dags/example_sensors.py took 0.106 seconds
[2025-01-06T12:50:28.268+0000] {processor.py:161} INFO - Started process (PID=5289) to work on /home/airflow/.local/lib/python3.11/site-packages/airflow/example_dags/example_sensors.py
[2025-01-06T12:50:28.269+0000] {processor.py:830} INFO - Processing file /home/airflow/.local/lib/python3.11/site-packages/airflow/example_dags/example_sensors.py for tasks to queue
[2025-01-06T12:50:28.271+0000] {logging_mixin.py:188} INFO - [2025-01-06T12:50:28.270+0000] {dagbag.py:538} INFO - Filling up the DagBag from /home/airflow/.local/lib/python3.11/site-packages/airflow/example_dags/example_sensors.py
[2025-01-06T12:50:28.285+0000] {processor.py:840} INFO - DAG(s) 'example_sensors' retrieved from /home/airflow/.local/lib/python3.11/site-packages/airflow/example_dags/example_sensors.py
[2025-01-06T12:50:28.316+0000] {logging_mixin.py:188} INFO - [2025-01-06T12:50:28.316+0000] {dag.py:3036} INFO - Sync 1 DAGs
[2025-01-06T12:50:28.331+0000] {logging_mixin.py:188} INFO - [2025-01-06T12:50:28.330+0000] {dag.py:3823} INFO - Setting next_dagrun for example_sensors to None, run_after=None
[2025-01-06T12:50:28.353+0000] {processor.py:183} INFO - Processing /home/airflow/.local/lib/python3.11/site-packages/airflow/example_dags/example_sensors.py took 0.089 seconds
[2025-01-06T12:50:58.648+0000] {processor.py:161} INFO - Started process (PID=5353) to work on /home/airflow/.local/lib/python3.11/site-packages/airflow/example_dags/example_sensors.py
[2025-01-06T12:50:58.650+0000] {processor.py:830} INFO - Processing file /home/airflow/.local/lib/python3.11/site-packages/airflow/example_dags/example_sensors.py for tasks to queue
[2025-01-06T12:50:58.651+0000] {logging_mixin.py:188} INFO - [2025-01-06T12:50:58.651+0000] {dagbag.py:538} INFO - Filling up the DagBag from /home/airflow/.local/lib/python3.11/site-packages/airflow/example_dags/example_sensors.py
[2025-01-06T12:50:58.665+0000] {processor.py:840} INFO - DAG(s) 'example_sensors' retrieved from /home/airflow/.local/lib/python3.11/site-packages/airflow/example_dags/example_sensors.py
[2025-01-06T12:50:58.694+0000] {logging_mixin.py:188} INFO - [2025-01-06T12:50:58.694+0000] {dag.py:3036} INFO - Sync 1 DAGs
[2025-01-06T12:50:58.707+0000] {logging_mixin.py:188} INFO - [2025-01-06T12:50:58.707+0000] {dag.py:3823} INFO - Setting next_dagrun for example_sensors to None, run_after=None
[2025-01-06T12:50:58.737+0000] {processor.py:183} INFO - Processing /home/airflow/.local/lib/python3.11/site-packages/airflow/example_dags/example_sensors.py took 0.094 seconds
[2025-01-06T12:51:28.936+0000] {processor.py:161} INFO - Started process (PID=5424) to work on /home/airflow/.local/lib/python3.11/site-packages/airflow/example_dags/example_sensors.py
[2025-01-06T12:51:28.937+0000] {processor.py:830} INFO - Processing file /home/airflow/.local/lib/python3.11/site-packages/airflow/example_dags/example_sensors.py for tasks to queue
[2025-01-06T12:51:28.939+0000] {logging_mixin.py:188} INFO - [2025-01-06T12:51:28.938+0000] {dagbag.py:538} INFO - Filling up the DagBag from /home/airflow/.local/lib/python3.11/site-packages/airflow/example_dags/example_sensors.py
[2025-01-06T12:51:28.956+0000] {processor.py:840} INFO - DAG(s) 'example_sensors' retrieved from /home/airflow/.local/lib/python3.11/site-packages/airflow/example_dags/example_sensors.py
[2025-01-06T12:51:28.987+0000] {logging_mixin.py:188} INFO - [2025-01-06T12:51:28.987+0000] {dag.py:3036} INFO - Sync 1 DAGs
[2025-01-06T12:51:29.006+0000] {logging_mixin.py:188} INFO - [2025-01-06T12:51:29.006+0000] {dag.py:3823} INFO - Setting next_dagrun for example_sensors to None, run_after=None
[2025-01-06T12:51:29.039+0000] {processor.py:183} INFO - Processing /home/airflow/.local/lib/python3.11/site-packages/airflow/example_dags/example_sensors.py took 0.108 seconds
[2025-01-06T12:51:59.269+0000] {processor.py:161} INFO - Started process (PID=5489) to work on /home/airflow/.local/lib/python3.11/site-packages/airflow/example_dags/example_sensors.py
[2025-01-06T12:51:59.270+0000] {processor.py:830} INFO - Processing file /home/airflow/.local/lib/python3.11/site-packages/airflow/example_dags/example_sensors.py for tasks to queue
[2025-01-06T12:51:59.272+0000] {logging_mixin.py:188} INFO - [2025-01-06T12:51:59.272+0000] {dagbag.py:538} INFO - Filling up the DagBag from /home/airflow/.local/lib/python3.11/site-packages/airflow/example_dags/example_sensors.py
[2025-01-06T12:51:59.284+0000] {processor.py:840} INFO - DAG(s) 'example_sensors' retrieved from /home/airflow/.local/lib/python3.11/site-packages/airflow/example_dags/example_sensors.py
[2025-01-06T12:51:59.313+0000] {logging_mixin.py:188} INFO - [2025-01-06T12:51:59.312+0000] {dag.py:3036} INFO - Sync 1 DAGs
[2025-01-06T12:51:59.326+0000] {logging_mixin.py:188} INFO - [2025-01-06T12:51:59.326+0000] {dag.py:3823} INFO - Setting next_dagrun for example_sensors to None, run_after=None
[2025-01-06T12:51:59.355+0000] {processor.py:183} INFO - Processing /home/airflow/.local/lib/python3.11/site-packages/airflow/example_dags/example_sensors.py took 0.091 seconds
[2025-01-06T12:52:29.505+0000] {processor.py:161} INFO - Started process (PID=5553) to work on /home/airflow/.local/lib/python3.11/site-packages/airflow/example_dags/example_sensors.py
[2025-01-06T12:52:29.508+0000] {processor.py:830} INFO - Processing file /home/airflow/.local/lib/python3.11/site-packages/airflow/example_dags/example_sensors.py for tasks to queue
[2025-01-06T12:52:29.510+0000] {logging_mixin.py:188} INFO - [2025-01-06T12:52:29.509+0000] {dagbag.py:538} INFO - Filling up the DagBag from /home/airflow/.local/lib/python3.11/site-packages/airflow/example_dags/example_sensors.py
[2025-01-06T12:52:29.527+0000] {processor.py:840} INFO - DAG(s) 'example_sensors' retrieved from /home/airflow/.local/lib/python3.11/site-packages/airflow/example_dags/example_sensors.py
[2025-01-06T12:52:29.557+0000] {logging_mixin.py:188} INFO - [2025-01-06T12:52:29.557+0000] {dag.py:3036} INFO - Sync 1 DAGs
[2025-01-06T12:52:29.570+0000] {logging_mixin.py:188} INFO - [2025-01-06T12:52:29.569+0000] {dag.py:3823} INFO - Setting next_dagrun for example_sensors to None, run_after=None
[2025-01-06T12:52:29.598+0000] {processor.py:183} INFO - Processing /home/airflow/.local/lib/python3.11/site-packages/airflow/example_dags/example_sensors.py took 0.100 seconds
[2025-01-06T12:52:59.770+0000] {processor.py:161} INFO - Started process (PID=5617) to work on /home/airflow/.local/lib/python3.11/site-packages/airflow/example_dags/example_sensors.py
[2025-01-06T12:52:59.772+0000] {processor.py:830} INFO - Processing file /home/airflow/.local/lib/python3.11/site-packages/airflow/example_dags/example_sensors.py for tasks to queue
[2025-01-06T12:52:59.773+0000] {logging_mixin.py:188} INFO - [2025-01-06T12:52:59.773+0000] {dagbag.py:538} INFO - Filling up the DagBag from /home/airflow/.local/lib/python3.11/site-packages/airflow/example_dags/example_sensors.py
[2025-01-06T12:52:59.784+0000] {processor.py:840} INFO - DAG(s) 'example_sensors' retrieved from /home/airflow/.local/lib/python3.11/site-packages/airflow/example_dags/example_sensors.py
[2025-01-06T12:52:59.811+0000] {logging_mixin.py:188} INFO - [2025-01-06T12:52:59.811+0000] {dag.py:3036} INFO - Sync 1 DAGs
[2025-01-06T12:52:59.824+0000] {logging_mixin.py:188} INFO - [2025-01-06T12:52:59.824+0000] {dag.py:3823} INFO - Setting next_dagrun for example_sensors to None, run_after=None
[2025-01-06T12:52:59.853+0000] {processor.py:183} INFO - Processing /home/airflow/.local/lib/python3.11/site-packages/airflow/example_dags/example_sensors.py took 0.087 seconds
[2025-01-06T12:53:30.240+0000] {processor.py:161} INFO - Started process (PID=5688) to work on /home/airflow/.local/lib/python3.11/site-packages/airflow/example_dags/example_sensors.py
[2025-01-06T12:53:30.242+0000] {processor.py:830} INFO - Processing file /home/airflow/.local/lib/python3.11/site-packages/airflow/example_dags/example_sensors.py for tasks to queue
[2025-01-06T12:53:30.243+0000] {logging_mixin.py:188} INFO - [2025-01-06T12:53:30.243+0000] {dagbag.py:538} INFO - Filling up the DagBag from /home/airflow/.local/lib/python3.11/site-packages/airflow/example_dags/example_sensors.py
[2025-01-06T12:53:30.261+0000] {processor.py:840} INFO - DAG(s) 'example_sensors' retrieved from /home/airflow/.local/lib/python3.11/site-packages/airflow/example_dags/example_sensors.py
[2025-01-06T12:53:30.295+0000] {logging_mixin.py:188} INFO - [2025-01-06T12:53:30.295+0000] {dag.py:3036} INFO - Sync 1 DAGs
[2025-01-06T12:53:30.309+0000] {logging_mixin.py:188} INFO - [2025-01-06T12:53:30.308+0000] {dag.py:3823} INFO - Setting next_dagrun for example_sensors to None, run_after=None
[2025-01-06T12:53:30.338+0000] {processor.py:183} INFO - Processing /home/airflow/.local/lib/python3.11/site-packages/airflow/example_dags/example_sensors.py took 0.104 seconds
[2025-01-06T12:54:00.661+0000] {processor.py:161} INFO - Started process (PID=5752) to work on /home/airflow/.local/lib/python3.11/site-packages/airflow/example_dags/example_sensors.py
[2025-01-06T12:54:00.662+0000] {processor.py:830} INFO - Processing file /home/airflow/.local/lib/python3.11/site-packages/airflow/example_dags/example_sensors.py for tasks to queue
[2025-01-06T12:54:00.664+0000] {logging_mixin.py:188} INFO - [2025-01-06T12:54:00.663+0000] {dagbag.py:538} INFO - Filling up the DagBag from /home/airflow/.local/lib/python3.11/site-packages/airflow/example_dags/example_sensors.py
[2025-01-06T12:54:00.675+0000] {processor.py:840} INFO - DAG(s) 'example_sensors' retrieved from /home/airflow/.local/lib/python3.11/site-packages/airflow/example_dags/example_sensors.py
[2025-01-06T12:54:00.705+0000] {logging_mixin.py:188} INFO - [2025-01-06T12:54:00.705+0000] {dag.py:3036} INFO - Sync 1 DAGs
[2025-01-06T12:54:00.719+0000] {logging_mixin.py:188} INFO - [2025-01-06T12:54:00.719+0000] {dag.py:3823} INFO - Setting next_dagrun for example_sensors to None, run_after=None
[2025-01-06T12:54:00.750+0000] {processor.py:183} INFO - Processing /home/airflow/.local/lib/python3.11/site-packages/airflow/example_dags/example_sensors.py took 0.093 seconds
[2025-01-06T12:54:30.957+0000] {processor.py:161} INFO - Started process (PID=5824) to work on /home/airflow/.local/lib/python3.11/site-packages/airflow/example_dags/example_sensors.py
[2025-01-06T12:54:30.959+0000] {processor.py:830} INFO - Processing file /home/airflow/.local/lib/python3.11/site-packages/airflow/example_dags/example_sensors.py for tasks to queue
[2025-01-06T12:54:30.960+0000] {logging_mixin.py:188} INFO - [2025-01-06T12:54:30.960+0000] {dagbag.py:538} INFO - Filling up the DagBag from /home/airflow/.local/lib/python3.11/site-packages/airflow/example_dags/example_sensors.py
[2025-01-06T12:54:30.970+0000] {processor.py:840} INFO - DAG(s) 'example_sensors' retrieved from /home/airflow/.local/lib/python3.11/site-packages/airflow/example_dags/example_sensors.py
[2025-01-06T12:54:31.000+0000] {logging_mixin.py:188} INFO - [2025-01-06T12:54:31.000+0000] {dag.py:3036} INFO - Sync 1 DAGs
[2025-01-06T12:54:31.014+0000] {logging_mixin.py:188} INFO - [2025-01-06T12:54:31.014+0000] {dag.py:3823} INFO - Setting next_dagrun for example_sensors to None, run_after=None
[2025-01-06T12:54:31.044+0000] {processor.py:183} INFO - Processing /home/airflow/.local/lib/python3.11/site-packages/airflow/example_dags/example_sensors.py took 0.090 seconds
[2025-01-06T12:55:01.416+0000] {processor.py:161} INFO - Started process (PID=5888) to work on /home/airflow/.local/lib/python3.11/site-packages/airflow/example_dags/example_sensors.py
[2025-01-06T12:55:01.418+0000] {processor.py:830} INFO - Processing file /home/airflow/.local/lib/python3.11/site-packages/airflow/example_dags/example_sensors.py for tasks to queue
[2025-01-06T12:55:01.419+0000] {logging_mixin.py:188} INFO - [2025-01-06T12:55:01.419+0000] {dagbag.py:538} INFO - Filling up the DagBag from /home/airflow/.local/lib/python3.11/site-packages/airflow/example_dags/example_sensors.py
[2025-01-06T12:55:01.433+0000] {processor.py:840} INFO - DAG(s) 'example_sensors' retrieved from /home/airflow/.local/lib/python3.11/site-packages/airflow/example_dags/example_sensors.py
[2025-01-06T12:55:01.462+0000] {logging_mixin.py:188} INFO - [2025-01-06T12:55:01.461+0000] {dag.py:3036} INFO - Sync 1 DAGs
[2025-01-06T12:55:01.475+0000] {logging_mixin.py:188} INFO - [2025-01-06T12:55:01.475+0000] {dag.py:3823} INFO - Setting next_dagrun for example_sensors to None, run_after=None
[2025-01-06T12:55:01.497+0000] {processor.py:183} INFO - Processing /home/airflow/.local/lib/python3.11/site-packages/airflow/example_dags/example_sensors.py took 0.085 seconds
[2025-01-06T12:59:11.961+0000] {processor.py:161} INFO - Started process (PID=5942) to work on /home/airflow/.local/lib/python3.11/site-packages/airflow/example_dags/example_sensors.py
[2025-01-06T12:59:11.963+0000] {processor.py:830} INFO - Processing file /home/airflow/.local/lib/python3.11/site-packages/airflow/example_dags/example_sensors.py for tasks to queue
[2025-01-06T12:59:11.964+0000] {logging_mixin.py:188} INFO - [2025-01-06T12:59:11.964+0000] {dagbag.py:538} INFO - Filling up the DagBag from /home/airflow/.local/lib/python3.11/site-packages/airflow/example_dags/example_sensors.py
[2025-01-06T12:59:11.978+0000] {processor.py:840} INFO - DAG(s) 'example_sensors' retrieved from /home/airflow/.local/lib/python3.11/site-packages/airflow/example_dags/example_sensors.py
[2025-01-06T12:59:12.010+0000] {logging_mixin.py:188} INFO - [2025-01-06T12:59:12.010+0000] {dag.py:3036} INFO - Sync 1 DAGs
[2025-01-06T12:59:12.028+0000] {logging_mixin.py:188} INFO - [2025-01-06T12:59:12.028+0000] {dag.py:3823} INFO - Setting next_dagrun for example_sensors to None, run_after=None
[2025-01-06T12:59:12.058+0000] {processor.py:183} INFO - Processing /home/airflow/.local/lib/python3.11/site-packages/airflow/example_dags/example_sensors.py took 0.100 seconds
