[2025-01-06T12:31:43.840+0000] {processor.py:161} INFO - Started process (PID=2865) to work on /home/airflow/.local/lib/python3.11/site-packages/airflow/example_dags/example_task_group_decorator.py
[2025-01-06T12:31:43.855+0000] {processor.py:830} INFO - Processing file /home/airflow/.local/lib/python3.11/site-packages/airflow/example_dags/example_task_group_decorator.py for tasks to queue
[2025-01-06T12:31:43.883+0000] {logging_mixin.py:188} INFO - [2025-01-06T12:31:43.882+0000] {dagbag.py:538} INFO - Filling up the DagBag from /home/airflow/.local/lib/python3.11/site-packages/airflow/example_dags/example_task_group_decorator.py
[2025-01-06T12:31:43.949+0000] {processor.py:840} INFO - DAG(s) 'example_task_group_decorator' retrieved from /home/airflow/.local/lib/python3.11/site-packages/airflow/example_dags/example_task_group_decorator.py
[2025-01-06T12:31:44.052+0000] {logging_mixin.py:188} INFO - [2025-01-06T12:31:44.052+0000] {dag.py:3036} INFO - Sync 1 DAGs
[2025-01-06T12:31:44.164+0000] {logging_mixin.py:188} INFO - [2025-01-06T12:31:44.154+0000] {dag.py:3823} INFO - Setting next_dagrun for example_task_group_decorator to 2025-01-05 00:00:00+00:00, run_after=2025-01-06 00:00:00+00:00
[2025-01-06T12:31:44.262+0000] {processor.py:183} INFO - Processing /home/airflow/.local/lib/python3.11/site-packages/airflow/example_dags/example_task_group_decorator.py took 0.427 seconds
[2025-01-06T12:32:15.160+0000] {processor.py:161} INFO - Started process (PID=2929) to work on /home/airflow/.local/lib/python3.11/site-packages/airflow/example_dags/example_task_group_decorator.py
[2025-01-06T12:32:15.161+0000] {processor.py:830} INFO - Processing file /home/airflow/.local/lib/python3.11/site-packages/airflow/example_dags/example_task_group_decorator.py for tasks to queue
[2025-01-06T12:32:15.163+0000] {logging_mixin.py:188} INFO - [2025-01-06T12:32:15.162+0000] {dagbag.py:538} INFO - Filling up the DagBag from /home/airflow/.local/lib/python3.11/site-packages/airflow/example_dags/example_task_group_decorator.py
[2025-01-06T12:32:15.186+0000] {processor.py:840} INFO - DAG(s) 'example_task_group_decorator' retrieved from /home/airflow/.local/lib/python3.11/site-packages/airflow/example_dags/example_task_group_decorator.py
[2025-01-06T12:32:15.220+0000] {logging_mixin.py:188} INFO - [2025-01-06T12:32:15.219+0000] {dag.py:3036} INFO - Sync 1 DAGs
[2025-01-06T12:32:15.246+0000] {logging_mixin.py:188} INFO - [2025-01-06T12:32:15.246+0000] {dag.py:3823} INFO - Setting next_dagrun for example_task_group_decorator to 2025-01-05 00:00:00+00:00, run_after=2025-01-06 00:00:00+00:00
[2025-01-06T12:32:15.274+0000] {processor.py:183} INFO - Processing /home/airflow/.local/lib/python3.11/site-packages/airflow/example_dags/example_task_group_decorator.py took 0.119 seconds
[2025-01-06T12:32:45.393+0000] {processor.py:161} INFO - Started process (PID=3000) to work on /home/airflow/.local/lib/python3.11/site-packages/airflow/example_dags/example_task_group_decorator.py
[2025-01-06T12:32:45.394+0000] {processor.py:830} INFO - Processing file /home/airflow/.local/lib/python3.11/site-packages/airflow/example_dags/example_task_group_decorator.py for tasks to queue
[2025-01-06T12:32:45.395+0000] {logging_mixin.py:188} INFO - [2025-01-06T12:32:45.395+0000] {dagbag.py:538} INFO - Filling up the DagBag from /home/airflow/.local/lib/python3.11/site-packages/airflow/example_dags/example_task_group_decorator.py
[2025-01-06T12:32:45.418+0000] {processor.py:840} INFO - DAG(s) 'example_task_group_decorator' retrieved from /home/airflow/.local/lib/python3.11/site-packages/airflow/example_dags/example_task_group_decorator.py
[2025-01-06T12:32:45.452+0000] {logging_mixin.py:188} INFO - [2025-01-06T12:32:45.451+0000] {dag.py:3036} INFO - Sync 1 DAGs
[2025-01-06T12:32:45.480+0000] {logging_mixin.py:188} INFO - [2025-01-06T12:32:45.479+0000] {dag.py:3823} INFO - Setting next_dagrun for example_task_group_decorator to 2025-01-05 00:00:00+00:00, run_after=2025-01-06 00:00:00+00:00
[2025-01-06T12:32:45.505+0000] {processor.py:183} INFO - Processing /home/airflow/.local/lib/python3.11/site-packages/airflow/example_dags/example_task_group_decorator.py took 0.117 seconds
[2025-01-06T12:33:15.917+0000] {processor.py:161} INFO - Started process (PID=3064) to work on /home/airflow/.local/lib/python3.11/site-packages/airflow/example_dags/example_task_group_decorator.py
[2025-01-06T12:33:15.919+0000] {processor.py:830} INFO - Processing file /home/airflow/.local/lib/python3.11/site-packages/airflow/example_dags/example_task_group_decorator.py for tasks to queue
[2025-01-06T12:33:15.925+0000] {logging_mixin.py:188} INFO - [2025-01-06T12:33:15.920+0000] {dagbag.py:538} INFO - Filling up the DagBag from /home/airflow/.local/lib/python3.11/site-packages/airflow/example_dags/example_task_group_decorator.py
[2025-01-06T12:33:15.972+0000] {processor.py:840} INFO - DAG(s) 'example_task_group_decorator' retrieved from /home/airflow/.local/lib/python3.11/site-packages/airflow/example_dags/example_task_group_decorator.py
[2025-01-06T12:33:16.082+0000] {logging_mixin.py:188} INFO - [2025-01-06T12:33:16.082+0000] {dag.py:3036} INFO - Sync 1 DAGs
[2025-01-06T12:33:16.164+0000] {logging_mixin.py:188} INFO - [2025-01-06T12:33:16.163+0000] {dag.py:3823} INFO - Setting next_dagrun for example_task_group_decorator to 2025-01-05 00:00:00+00:00, run_after=2025-01-06 00:00:00+00:00
[2025-01-06T12:33:16.247+0000] {processor.py:183} INFO - Processing /home/airflow/.local/lib/python3.11/site-packages/airflow/example_dags/example_task_group_decorator.py took 0.336 seconds
[2025-01-06T12:33:46.383+0000] {processor.py:161} INFO - Started process (PID=3129) to work on /home/airflow/.local/lib/python3.11/site-packages/airflow/example_dags/example_task_group_decorator.py
[2025-01-06T12:33:46.385+0000] {processor.py:830} INFO - Processing file /home/airflow/.local/lib/python3.11/site-packages/airflow/example_dags/example_task_group_decorator.py for tasks to queue
[2025-01-06T12:33:46.386+0000] {logging_mixin.py:188} INFO - [2025-01-06T12:33:46.385+0000] {dagbag.py:538} INFO - Filling up the DagBag from /home/airflow/.local/lib/python3.11/site-packages/airflow/example_dags/example_task_group_decorator.py
[2025-01-06T12:33:46.403+0000] {processor.py:840} INFO - DAG(s) 'example_task_group_decorator' retrieved from /home/airflow/.local/lib/python3.11/site-packages/airflow/example_dags/example_task_group_decorator.py
[2025-01-06T12:33:46.431+0000] {logging_mixin.py:188} INFO - [2025-01-06T12:33:46.431+0000] {dag.py:3036} INFO - Sync 1 DAGs
[2025-01-06T12:33:46.454+0000] {logging_mixin.py:188} INFO - [2025-01-06T12:33:46.454+0000] {dag.py:3823} INFO - Setting next_dagrun for example_task_group_decorator to 2025-01-05 00:00:00+00:00, run_after=2025-01-06 00:00:00+00:00
[2025-01-06T12:33:46.474+0000] {processor.py:183} INFO - Processing /home/airflow/.local/lib/python3.11/site-packages/airflow/example_dags/example_task_group_decorator.py took 0.094 seconds
[2025-01-06T12:34:16.575+0000] {processor.py:161} INFO - Started process (PID=3193) to work on /home/airflow/.local/lib/python3.11/site-packages/airflow/example_dags/example_task_group_decorator.py
[2025-01-06T12:34:16.577+0000] {processor.py:830} INFO - Processing file /home/airflow/.local/lib/python3.11/site-packages/airflow/example_dags/example_task_group_decorator.py for tasks to queue
[2025-01-06T12:34:16.579+0000] {logging_mixin.py:188} INFO - [2025-01-06T12:34:16.579+0000] {dagbag.py:538} INFO - Filling up the DagBag from /home/airflow/.local/lib/python3.11/site-packages/airflow/example_dags/example_task_group_decorator.py
[2025-01-06T12:34:16.608+0000] {processor.py:840} INFO - DAG(s) 'example_task_group_decorator' retrieved from /home/airflow/.local/lib/python3.11/site-packages/airflow/example_dags/example_task_group_decorator.py
[2025-01-06T12:34:16.686+0000] {logging_mixin.py:188} INFO - [2025-01-06T12:34:16.684+0000] {dag.py:3036} INFO - Sync 1 DAGs
[2025-01-06T12:34:16.724+0000] {logging_mixin.py:188} INFO - [2025-01-06T12:34:16.724+0000] {dag.py:3823} INFO - Setting next_dagrun for example_task_group_decorator to 2025-01-05 00:00:00+00:00, run_after=2025-01-06 00:00:00+00:00
[2025-01-06T12:34:16.756+0000] {processor.py:183} INFO - Processing /home/airflow/.local/lib/python3.11/site-packages/airflow/example_dags/example_task_group_decorator.py took 0.186 seconds
[2025-01-06T12:34:47.172+0000] {processor.py:161} INFO - Started process (PID=3256) to work on /home/airflow/.local/lib/python3.11/site-packages/airflow/example_dags/example_task_group_decorator.py
[2025-01-06T12:34:47.175+0000] {processor.py:830} INFO - Processing file /home/airflow/.local/lib/python3.11/site-packages/airflow/example_dags/example_task_group_decorator.py for tasks to queue
[2025-01-06T12:34:47.177+0000] {logging_mixin.py:188} INFO - [2025-01-06T12:34:47.176+0000] {dagbag.py:538} INFO - Filling up the DagBag from /home/airflow/.local/lib/python3.11/site-packages/airflow/example_dags/example_task_group_decorator.py
[2025-01-06T12:34:47.197+0000] {processor.py:840} INFO - DAG(s) 'example_task_group_decorator' retrieved from /home/airflow/.local/lib/python3.11/site-packages/airflow/example_dags/example_task_group_decorator.py
[2025-01-06T12:34:47.231+0000] {logging_mixin.py:188} INFO - [2025-01-06T12:34:47.231+0000] {dag.py:3036} INFO - Sync 1 DAGs
[2025-01-06T12:34:47.261+0000] {logging_mixin.py:188} INFO - [2025-01-06T12:34:47.260+0000] {dag.py:3823} INFO - Setting next_dagrun for example_task_group_decorator to 2025-01-05 00:00:00+00:00, run_after=2025-01-06 00:00:00+00:00
[2025-01-06T12:34:47.288+0000] {processor.py:183} INFO - Processing /home/airflow/.local/lib/python3.11/site-packages/airflow/example_dags/example_task_group_decorator.py took 0.122 seconds
[2025-01-06T12:35:18.125+0000] {processor.py:161} INFO - Started process (PID=3327) to work on /home/airflow/.local/lib/python3.11/site-packages/airflow/example_dags/example_task_group_decorator.py
[2025-01-06T12:35:18.126+0000] {processor.py:830} INFO - Processing file /home/airflow/.local/lib/python3.11/site-packages/airflow/example_dags/example_task_group_decorator.py for tasks to queue
[2025-01-06T12:35:18.127+0000] {logging_mixin.py:188} INFO - [2025-01-06T12:35:18.127+0000] {dagbag.py:538} INFO - Filling up the DagBag from /home/airflow/.local/lib/python3.11/site-packages/airflow/example_dags/example_task_group_decorator.py
[2025-01-06T12:35:18.158+0000] {processor.py:840} INFO - DAG(s) 'example_task_group_decorator' retrieved from /home/airflow/.local/lib/python3.11/site-packages/airflow/example_dags/example_task_group_decorator.py
[2025-01-06T12:35:18.214+0000] {logging_mixin.py:188} INFO - [2025-01-06T12:35:18.214+0000] {dag.py:3036} INFO - Sync 1 DAGs
[2025-01-06T12:35:18.254+0000] {logging_mixin.py:188} INFO - [2025-01-06T12:35:18.253+0000] {dag.py:3823} INFO - Setting next_dagrun for example_task_group_decorator to 2025-01-05 00:00:00+00:00, run_after=2025-01-06 00:00:00+00:00
[2025-01-06T12:35:18.300+0000] {processor.py:183} INFO - Processing /home/airflow/.local/lib/python3.11/site-packages/airflow/example_dags/example_task_group_decorator.py took 0.180 seconds
[2025-01-06T12:35:48.602+0000] {processor.py:161} INFO - Started process (PID=3391) to work on /home/airflow/.local/lib/python3.11/site-packages/airflow/example_dags/example_task_group_decorator.py
[2025-01-06T12:35:48.603+0000] {processor.py:830} INFO - Processing file /home/airflow/.local/lib/python3.11/site-packages/airflow/example_dags/example_task_group_decorator.py for tasks to queue
[2025-01-06T12:35:48.605+0000] {logging_mixin.py:188} INFO - [2025-01-06T12:35:48.604+0000] {dagbag.py:538} INFO - Filling up the DagBag from /home/airflow/.local/lib/python3.11/site-packages/airflow/example_dags/example_task_group_decorator.py
[2025-01-06T12:35:48.635+0000] {processor.py:840} INFO - DAG(s) 'example_task_group_decorator' retrieved from /home/airflow/.local/lib/python3.11/site-packages/airflow/example_dags/example_task_group_decorator.py
[2025-01-06T12:35:48.686+0000] {logging_mixin.py:188} INFO - [2025-01-06T12:35:48.686+0000] {dag.py:3036} INFO - Sync 1 DAGs
[2025-01-06T12:35:48.725+0000] {logging_mixin.py:188} INFO - [2025-01-06T12:35:48.725+0000] {dag.py:3823} INFO - Setting next_dagrun for example_task_group_decorator to 2025-01-05 00:00:00+00:00, run_after=2025-01-06 00:00:00+00:00
[2025-01-06T12:35:48.761+0000] {processor.py:183} INFO - Processing /home/airflow/.local/lib/python3.11/site-packages/airflow/example_dags/example_task_group_decorator.py took 0.165 seconds
[2025-01-06T12:36:18.840+0000] {processor.py:161} INFO - Started process (PID=3454) to work on /home/airflow/.local/lib/python3.11/site-packages/airflow/example_dags/example_task_group_decorator.py
[2025-01-06T12:36:18.842+0000] {processor.py:830} INFO - Processing file /home/airflow/.local/lib/python3.11/site-packages/airflow/example_dags/example_task_group_decorator.py for tasks to queue
[2025-01-06T12:36:18.844+0000] {logging_mixin.py:188} INFO - [2025-01-06T12:36:18.844+0000] {dagbag.py:538} INFO - Filling up the DagBag from /home/airflow/.local/lib/python3.11/site-packages/airflow/example_dags/example_task_group_decorator.py
[2025-01-06T12:36:18.875+0000] {processor.py:840} INFO - DAG(s) 'example_task_group_decorator' retrieved from /home/airflow/.local/lib/python3.11/site-packages/airflow/example_dags/example_task_group_decorator.py
[2025-01-06T12:36:18.919+0000] {logging_mixin.py:188} INFO - [2025-01-06T12:36:18.918+0000] {dag.py:3036} INFO - Sync 1 DAGs
[2025-01-06T12:36:18.961+0000] {logging_mixin.py:188} INFO - [2025-01-06T12:36:18.961+0000] {dag.py:3823} INFO - Setting next_dagrun for example_task_group_decorator to 2025-01-05 00:00:00+00:00, run_after=2025-01-06 00:00:00+00:00
[2025-01-06T12:36:18.982+0000] {processor.py:183} INFO - Processing /home/airflow/.local/lib/python3.11/site-packages/airflow/example_dags/example_task_group_decorator.py took 0.149 seconds
[2025-01-06T12:36:49.512+0000] {processor.py:161} INFO - Started process (PID=3517) to work on /home/airflow/.local/lib/python3.11/site-packages/airflow/example_dags/example_task_group_decorator.py
[2025-01-06T12:36:49.514+0000] {processor.py:830} INFO - Processing file /home/airflow/.local/lib/python3.11/site-packages/airflow/example_dags/example_task_group_decorator.py for tasks to queue
[2025-01-06T12:36:49.515+0000] {logging_mixin.py:188} INFO - [2025-01-06T12:36:49.515+0000] {dagbag.py:538} INFO - Filling up the DagBag from /home/airflow/.local/lib/python3.11/site-packages/airflow/example_dags/example_task_group_decorator.py
[2025-01-06T12:36:49.542+0000] {processor.py:840} INFO - DAG(s) 'example_task_group_decorator' retrieved from /home/airflow/.local/lib/python3.11/site-packages/airflow/example_dags/example_task_group_decorator.py
[2025-01-06T12:36:49.580+0000] {logging_mixin.py:188} INFO - [2025-01-06T12:36:49.580+0000] {dag.py:3036} INFO - Sync 1 DAGs
[2025-01-06T12:36:49.605+0000] {logging_mixin.py:188} INFO - [2025-01-06T12:36:49.605+0000] {dag.py:3823} INFO - Setting next_dagrun for example_task_group_decorator to 2025-01-05 00:00:00+00:00, run_after=2025-01-06 00:00:00+00:00
[2025-01-06T12:36:49.627+0000] {processor.py:183} INFO - Processing /home/airflow/.local/lib/python3.11/site-packages/airflow/example_dags/example_task_group_decorator.py took 0.120 seconds
[2025-01-06T12:37:20.006+0000] {processor.py:161} INFO - Started process (PID=3581) to work on /home/airflow/.local/lib/python3.11/site-packages/airflow/example_dags/example_task_group_decorator.py
[2025-01-06T12:37:20.007+0000] {processor.py:830} INFO - Processing file /home/airflow/.local/lib/python3.11/site-packages/airflow/example_dags/example_task_group_decorator.py for tasks to queue
[2025-01-06T12:37:20.008+0000] {logging_mixin.py:188} INFO - [2025-01-06T12:37:20.008+0000] {dagbag.py:538} INFO - Filling up the DagBag from /home/airflow/.local/lib/python3.11/site-packages/airflow/example_dags/example_task_group_decorator.py
[2025-01-06T12:37:20.026+0000] {processor.py:840} INFO - DAG(s) 'example_task_group_decorator' retrieved from /home/airflow/.local/lib/python3.11/site-packages/airflow/example_dags/example_task_group_decorator.py
[2025-01-06T12:37:20.053+0000] {logging_mixin.py:188} INFO - [2025-01-06T12:37:20.053+0000] {dag.py:3036} INFO - Sync 1 DAGs
[2025-01-06T12:37:20.079+0000] {logging_mixin.py:188} INFO - [2025-01-06T12:37:20.079+0000] {dag.py:3823} INFO - Setting next_dagrun for example_task_group_decorator to 2025-01-05 00:00:00+00:00, run_after=2025-01-06 00:00:00+00:00
[2025-01-06T12:37:20.100+0000] {processor.py:183} INFO - Processing /home/airflow/.local/lib/python3.11/site-packages/airflow/example_dags/example_task_group_decorator.py took 0.098 seconds
[2025-01-06T12:37:50.998+0000] {processor.py:161} INFO - Started process (PID=3646) to work on /home/airflow/.local/lib/python3.11/site-packages/airflow/example_dags/example_task_group_decorator.py
[2025-01-06T12:37:51.000+0000] {processor.py:830} INFO - Processing file /home/airflow/.local/lib/python3.11/site-packages/airflow/example_dags/example_task_group_decorator.py for tasks to queue
[2025-01-06T12:37:51.002+0000] {logging_mixin.py:188} INFO - [2025-01-06T12:37:51.001+0000] {dagbag.py:538} INFO - Filling up the DagBag from /home/airflow/.local/lib/python3.11/site-packages/airflow/example_dags/example_task_group_decorator.py
[2025-01-06T12:37:51.022+0000] {processor.py:840} INFO - DAG(s) 'example_task_group_decorator' retrieved from /home/airflow/.local/lib/python3.11/site-packages/airflow/example_dags/example_task_group_decorator.py
[2025-01-06T12:37:51.064+0000] {logging_mixin.py:188} INFO - [2025-01-06T12:37:51.064+0000] {dag.py:3036} INFO - Sync 1 DAGs
[2025-01-06T12:37:51.091+0000] {logging_mixin.py:188} INFO - [2025-01-06T12:37:51.091+0000] {dag.py:3823} INFO - Setting next_dagrun for example_task_group_decorator to 2025-01-05 00:00:00+00:00, run_after=2025-01-06 00:00:00+00:00
[2025-01-06T12:37:51.113+0000] {processor.py:183} INFO - Processing /home/airflow/.local/lib/python3.11/site-packages/airflow/example_dags/example_task_group_decorator.py took 0.120 seconds
[2025-01-06T12:38:21.528+0000] {processor.py:161} INFO - Started process (PID=3710) to work on /home/airflow/.local/lib/python3.11/site-packages/airflow/example_dags/example_task_group_decorator.py
[2025-01-06T12:38:21.530+0000] {processor.py:830} INFO - Processing file /home/airflow/.local/lib/python3.11/site-packages/airflow/example_dags/example_task_group_decorator.py for tasks to queue
[2025-01-06T12:38:21.531+0000] {logging_mixin.py:188} INFO - [2025-01-06T12:38:21.531+0000] {dagbag.py:538} INFO - Filling up the DagBag from /home/airflow/.local/lib/python3.11/site-packages/airflow/example_dags/example_task_group_decorator.py
[2025-01-06T12:38:21.550+0000] {processor.py:840} INFO - DAG(s) 'example_task_group_decorator' retrieved from /home/airflow/.local/lib/python3.11/site-packages/airflow/example_dags/example_task_group_decorator.py
[2025-01-06T12:38:21.581+0000] {logging_mixin.py:188} INFO - [2025-01-06T12:38:21.581+0000] {dag.py:3036} INFO - Sync 1 DAGs
[2025-01-06T12:38:21.613+0000] {logging_mixin.py:188} INFO - [2025-01-06T12:38:21.613+0000] {dag.py:3823} INFO - Setting next_dagrun for example_task_group_decorator to 2025-01-05 00:00:00+00:00, run_after=2025-01-06 00:00:00+00:00
[2025-01-06T12:38:21.639+0000] {processor.py:183} INFO - Processing /home/airflow/.local/lib/python3.11/site-packages/airflow/example_dags/example_task_group_decorator.py took 0.114 seconds
[2025-01-06T12:38:51.983+0000] {processor.py:161} INFO - Started process (PID=3781) to work on /home/airflow/.local/lib/python3.11/site-packages/airflow/example_dags/example_task_group_decorator.py
[2025-01-06T12:38:51.984+0000] {processor.py:830} INFO - Processing file /home/airflow/.local/lib/python3.11/site-packages/airflow/example_dags/example_task_group_decorator.py for tasks to queue
[2025-01-06T12:38:51.985+0000] {logging_mixin.py:188} INFO - [2025-01-06T12:38:51.985+0000] {dagbag.py:538} INFO - Filling up the DagBag from /home/airflow/.local/lib/python3.11/site-packages/airflow/example_dags/example_task_group_decorator.py
[2025-01-06T12:38:52.003+0000] {processor.py:840} INFO - DAG(s) 'example_task_group_decorator' retrieved from /home/airflow/.local/lib/python3.11/site-packages/airflow/example_dags/example_task_group_decorator.py
[2025-01-06T12:38:52.033+0000] {logging_mixin.py:188} INFO - [2025-01-06T12:38:52.033+0000] {dag.py:3036} INFO - Sync 1 DAGs
[2025-01-06T12:38:52.058+0000] {logging_mixin.py:188} INFO - [2025-01-06T12:38:52.058+0000] {dag.py:3823} INFO - Setting next_dagrun for example_task_group_decorator to 2025-01-05 00:00:00+00:00, run_after=2025-01-06 00:00:00+00:00
[2025-01-06T12:38:52.084+0000] {processor.py:183} INFO - Processing /home/airflow/.local/lib/python3.11/site-packages/airflow/example_dags/example_task_group_decorator.py took 0.106 seconds
[2025-01-06T12:39:22.148+0000] {processor.py:161} INFO - Started process (PID=3845) to work on /home/airflow/.local/lib/python3.11/site-packages/airflow/example_dags/example_task_group_decorator.py
[2025-01-06T12:39:22.149+0000] {processor.py:830} INFO - Processing file /home/airflow/.local/lib/python3.11/site-packages/airflow/example_dags/example_task_group_decorator.py for tasks to queue
[2025-01-06T12:39:22.150+0000] {logging_mixin.py:188} INFO - [2025-01-06T12:39:22.150+0000] {dagbag.py:538} INFO - Filling up the DagBag from /home/airflow/.local/lib/python3.11/site-packages/airflow/example_dags/example_task_group_decorator.py
[2025-01-06T12:39:22.172+0000] {processor.py:840} INFO - DAG(s) 'example_task_group_decorator' retrieved from /home/airflow/.local/lib/python3.11/site-packages/airflow/example_dags/example_task_group_decorator.py
[2025-01-06T12:39:22.205+0000] {logging_mixin.py:188} INFO - [2025-01-06T12:39:22.205+0000] {dag.py:3036} INFO - Sync 1 DAGs
[2025-01-06T12:39:22.231+0000] {logging_mixin.py:188} INFO - [2025-01-06T12:39:22.231+0000] {dag.py:3823} INFO - Setting next_dagrun for example_task_group_decorator to 2025-01-05 00:00:00+00:00, run_after=2025-01-06 00:00:00+00:00
[2025-01-06T12:39:22.255+0000] {processor.py:183} INFO - Processing /home/airflow/.local/lib/python3.11/site-packages/airflow/example_dags/example_task_group_decorator.py took 0.111 seconds
[2025-01-06T12:39:52.422+0000] {processor.py:161} INFO - Started process (PID=3909) to work on /home/airflow/.local/lib/python3.11/site-packages/airflow/example_dags/example_task_group_decorator.py
[2025-01-06T12:39:52.423+0000] {processor.py:830} INFO - Processing file /home/airflow/.local/lib/python3.11/site-packages/airflow/example_dags/example_task_group_decorator.py for tasks to queue
[2025-01-06T12:39:52.424+0000] {logging_mixin.py:188} INFO - [2025-01-06T12:39:52.424+0000] {dagbag.py:538} INFO - Filling up the DagBag from /home/airflow/.local/lib/python3.11/site-packages/airflow/example_dags/example_task_group_decorator.py
[2025-01-06T12:39:52.444+0000] {processor.py:840} INFO - DAG(s) 'example_task_group_decorator' retrieved from /home/airflow/.local/lib/python3.11/site-packages/airflow/example_dags/example_task_group_decorator.py
[2025-01-06T12:39:52.471+0000] {logging_mixin.py:188} INFO - [2025-01-06T12:39:52.471+0000] {dag.py:3036} INFO - Sync 1 DAGs
[2025-01-06T12:39:52.493+0000] {logging_mixin.py:188} INFO - [2025-01-06T12:39:52.493+0000] {dag.py:3823} INFO - Setting next_dagrun for example_task_group_decorator to 2025-01-05 00:00:00+00:00, run_after=2025-01-06 00:00:00+00:00
[2025-01-06T12:39:52.515+0000] {processor.py:183} INFO - Processing /home/airflow/.local/lib/python3.11/site-packages/airflow/example_dags/example_task_group_decorator.py took 0.097 seconds
[2025-01-06T12:40:22.647+0000] {processor.py:161} INFO - Started process (PID=3973) to work on /home/airflow/.local/lib/python3.11/site-packages/airflow/example_dags/example_task_group_decorator.py
[2025-01-06T12:40:22.648+0000] {processor.py:830} INFO - Processing file /home/airflow/.local/lib/python3.11/site-packages/airflow/example_dags/example_task_group_decorator.py for tasks to queue
[2025-01-06T12:40:22.650+0000] {logging_mixin.py:188} INFO - [2025-01-06T12:40:22.649+0000] {dagbag.py:538} INFO - Filling up the DagBag from /home/airflow/.local/lib/python3.11/site-packages/airflow/example_dags/example_task_group_decorator.py
[2025-01-06T12:40:22.669+0000] {processor.py:840} INFO - DAG(s) 'example_task_group_decorator' retrieved from /home/airflow/.local/lib/python3.11/site-packages/airflow/example_dags/example_task_group_decorator.py
[2025-01-06T12:40:22.703+0000] {logging_mixin.py:188} INFO - [2025-01-06T12:40:22.703+0000] {dag.py:3036} INFO - Sync 1 DAGs
[2025-01-06T12:40:22.728+0000] {logging_mixin.py:188} INFO - [2025-01-06T12:40:22.727+0000] {dag.py:3823} INFO - Setting next_dagrun for example_task_group_decorator to 2025-01-05 00:00:00+00:00, run_after=2025-01-06 00:00:00+00:00
[2025-01-06T12:40:22.750+0000] {processor.py:183} INFO - Processing /home/airflow/.local/lib/python3.11/site-packages/airflow/example_dags/example_task_group_decorator.py took 0.107 seconds
[2025-01-06T12:40:52.965+0000] {processor.py:161} INFO - Started process (PID=4044) to work on /home/airflow/.local/lib/python3.11/site-packages/airflow/example_dags/example_task_group_decorator.py
[2025-01-06T12:40:52.966+0000] {processor.py:830} INFO - Processing file /home/airflow/.local/lib/python3.11/site-packages/airflow/example_dags/example_task_group_decorator.py for tasks to queue
[2025-01-06T12:40:52.967+0000] {logging_mixin.py:188} INFO - [2025-01-06T12:40:52.967+0000] {dagbag.py:538} INFO - Filling up the DagBag from /home/airflow/.local/lib/python3.11/site-packages/airflow/example_dags/example_task_group_decorator.py
[2025-01-06T12:40:52.987+0000] {processor.py:840} INFO - DAG(s) 'example_task_group_decorator' retrieved from /home/airflow/.local/lib/python3.11/site-packages/airflow/example_dags/example_task_group_decorator.py
[2025-01-06T12:40:53.016+0000] {logging_mixin.py:188} INFO - [2025-01-06T12:40:53.015+0000] {dag.py:3036} INFO - Sync 1 DAGs
[2025-01-06T12:40:53.039+0000] {logging_mixin.py:188} INFO - [2025-01-06T12:40:53.039+0000] {dag.py:3823} INFO - Setting next_dagrun for example_task_group_decorator to 2025-01-05 00:00:00+00:00, run_after=2025-01-06 00:00:00+00:00
[2025-01-06T12:40:53.061+0000] {processor.py:183} INFO - Processing /home/airflow/.local/lib/python3.11/site-packages/airflow/example_dags/example_task_group_decorator.py took 0.100 seconds
[2025-01-06T12:41:23.315+0000] {processor.py:161} INFO - Started process (PID=4108) to work on /home/airflow/.local/lib/python3.11/site-packages/airflow/example_dags/example_task_group_decorator.py
[2025-01-06T12:41:23.316+0000] {processor.py:830} INFO - Processing file /home/airflow/.local/lib/python3.11/site-packages/airflow/example_dags/example_task_group_decorator.py for tasks to queue
[2025-01-06T12:41:23.317+0000] {logging_mixin.py:188} INFO - [2025-01-06T12:41:23.317+0000] {dagbag.py:538} INFO - Filling up the DagBag from /home/airflow/.local/lib/python3.11/site-packages/airflow/example_dags/example_task_group_decorator.py
[2025-01-06T12:41:23.335+0000] {processor.py:840} INFO - DAG(s) 'example_task_group_decorator' retrieved from /home/airflow/.local/lib/python3.11/site-packages/airflow/example_dags/example_task_group_decorator.py
[2025-01-06T12:41:23.362+0000] {logging_mixin.py:188} INFO - [2025-01-06T12:41:23.362+0000] {dag.py:3036} INFO - Sync 1 DAGs
[2025-01-06T12:41:23.391+0000] {logging_mixin.py:188} INFO - [2025-01-06T12:41:23.391+0000] {dag.py:3823} INFO - Setting next_dagrun for example_task_group_decorator to 2025-01-05 00:00:00+00:00, run_after=2025-01-06 00:00:00+00:00
[2025-01-06T12:41:23.422+0000] {processor.py:183} INFO - Processing /home/airflow/.local/lib/python3.11/site-packages/airflow/example_dags/example_task_group_decorator.py took 0.111 seconds
[2025-01-06T12:41:53.532+0000] {processor.py:161} INFO - Started process (PID=4172) to work on /home/airflow/.local/lib/python3.11/site-packages/airflow/example_dags/example_task_group_decorator.py
[2025-01-06T12:41:53.533+0000] {processor.py:830} INFO - Processing file /home/airflow/.local/lib/python3.11/site-packages/airflow/example_dags/example_task_group_decorator.py for tasks to queue
[2025-01-06T12:41:53.534+0000] {logging_mixin.py:188} INFO - [2025-01-06T12:41:53.534+0000] {dagbag.py:538} INFO - Filling up the DagBag from /home/airflow/.local/lib/python3.11/site-packages/airflow/example_dags/example_task_group_decorator.py
[2025-01-06T12:41:53.554+0000] {processor.py:840} INFO - DAG(s) 'example_task_group_decorator' retrieved from /home/airflow/.local/lib/python3.11/site-packages/airflow/example_dags/example_task_group_decorator.py
[2025-01-06T12:41:53.582+0000] {logging_mixin.py:188} INFO - [2025-01-06T12:41:53.581+0000] {dag.py:3036} INFO - Sync 1 DAGs
[2025-01-06T12:41:53.604+0000] {logging_mixin.py:188} INFO - [2025-01-06T12:41:53.604+0000] {dag.py:3823} INFO - Setting next_dagrun for example_task_group_decorator to 2025-01-05 00:00:00+00:00, run_after=2025-01-06 00:00:00+00:00
[2025-01-06T12:41:53.627+0000] {processor.py:183} INFO - Processing /home/airflow/.local/lib/python3.11/site-packages/airflow/example_dags/example_task_group_decorator.py took 0.098 seconds
[2025-01-06T12:42:24.128+0000] {processor.py:161} INFO - Started process (PID=4243) to work on /home/airflow/.local/lib/python3.11/site-packages/airflow/example_dags/example_task_group_decorator.py
[2025-01-06T12:42:24.129+0000] {processor.py:830} INFO - Processing file /home/airflow/.local/lib/python3.11/site-packages/airflow/example_dags/example_task_group_decorator.py for tasks to queue
[2025-01-06T12:42:24.131+0000] {logging_mixin.py:188} INFO - [2025-01-06T12:42:24.130+0000] {dagbag.py:538} INFO - Filling up the DagBag from /home/airflow/.local/lib/python3.11/site-packages/airflow/example_dags/example_task_group_decorator.py
[2025-01-06T12:42:24.157+0000] {processor.py:840} INFO - DAG(s) 'example_task_group_decorator' retrieved from /home/airflow/.local/lib/python3.11/site-packages/airflow/example_dags/example_task_group_decorator.py
[2025-01-06T12:42:24.200+0000] {logging_mixin.py:188} INFO - [2025-01-06T12:42:24.200+0000] {dag.py:3036} INFO - Sync 1 DAGs
[2025-01-06T12:42:24.247+0000] {logging_mixin.py:188} INFO - [2025-01-06T12:42:24.247+0000] {dag.py:3823} INFO - Setting next_dagrun for example_task_group_decorator to 2025-01-05 00:00:00+00:00, run_after=2025-01-06 00:00:00+00:00
[2025-01-06T12:42:24.272+0000] {processor.py:183} INFO - Processing /home/airflow/.local/lib/python3.11/site-packages/airflow/example_dags/example_task_group_decorator.py took 0.150 seconds
[2025-01-06T12:42:54.661+0000] {processor.py:161} INFO - Started process (PID=4307) to work on /home/airflow/.local/lib/python3.11/site-packages/airflow/example_dags/example_task_group_decorator.py
[2025-01-06T12:42:54.663+0000] {processor.py:830} INFO - Processing file /home/airflow/.local/lib/python3.11/site-packages/airflow/example_dags/example_task_group_decorator.py for tasks to queue
[2025-01-06T12:42:54.664+0000] {logging_mixin.py:188} INFO - [2025-01-06T12:42:54.663+0000] {dagbag.py:538} INFO - Filling up the DagBag from /home/airflow/.local/lib/python3.11/site-packages/airflow/example_dags/example_task_group_decorator.py
[2025-01-06T12:42:54.681+0000] {processor.py:840} INFO - DAG(s) 'example_task_group_decorator' retrieved from /home/airflow/.local/lib/python3.11/site-packages/airflow/example_dags/example_task_group_decorator.py
[2025-01-06T12:42:54.712+0000] {logging_mixin.py:188} INFO - [2025-01-06T12:42:54.712+0000] {dag.py:3036} INFO - Sync 1 DAGs
[2025-01-06T12:42:54.736+0000] {logging_mixin.py:188} INFO - [2025-01-06T12:42:54.736+0000] {dag.py:3823} INFO - Setting next_dagrun for example_task_group_decorator to 2025-01-05 00:00:00+00:00, run_after=2025-01-06 00:00:00+00:00
[2025-01-06T12:42:54.771+0000] {processor.py:183} INFO - Processing /home/airflow/.local/lib/python3.11/site-packages/airflow/example_dags/example_task_group_decorator.py took 0.114 seconds
[2025-01-06T12:43:25.518+0000] {processor.py:161} INFO - Started process (PID=4371) to work on /home/airflow/.local/lib/python3.11/site-packages/airflow/example_dags/example_task_group_decorator.py
[2025-01-06T12:43:25.519+0000] {processor.py:830} INFO - Processing file /home/airflow/.local/lib/python3.11/site-packages/airflow/example_dags/example_task_group_decorator.py for tasks to queue
[2025-01-06T12:43:25.521+0000] {logging_mixin.py:188} INFO - [2025-01-06T12:43:25.520+0000] {dagbag.py:538} INFO - Filling up the DagBag from /home/airflow/.local/lib/python3.11/site-packages/airflow/example_dags/example_task_group_decorator.py
[2025-01-06T12:43:25.540+0000] {processor.py:840} INFO - DAG(s) 'example_task_group_decorator' retrieved from /home/airflow/.local/lib/python3.11/site-packages/airflow/example_dags/example_task_group_decorator.py
[2025-01-06T12:43:25.567+0000] {logging_mixin.py:188} INFO - [2025-01-06T12:43:25.566+0000] {dag.py:3036} INFO - Sync 1 DAGs
[2025-01-06T12:43:25.589+0000] {logging_mixin.py:188} INFO - [2025-01-06T12:43:25.589+0000] {dag.py:3823} INFO - Setting next_dagrun for example_task_group_decorator to 2025-01-05 00:00:00+00:00, run_after=2025-01-06 00:00:00+00:00
[2025-01-06T12:43:25.609+0000] {processor.py:183} INFO - Processing /home/airflow/.local/lib/python3.11/site-packages/airflow/example_dags/example_task_group_decorator.py took 0.094 seconds
[2025-01-06T12:43:56.027+0000] {processor.py:161} INFO - Started process (PID=4442) to work on /home/airflow/.local/lib/python3.11/site-packages/airflow/example_dags/example_task_group_decorator.py
[2025-01-06T12:43:56.028+0000] {processor.py:830} INFO - Processing file /home/airflow/.local/lib/python3.11/site-packages/airflow/example_dags/example_task_group_decorator.py for tasks to queue
[2025-01-06T12:43:56.029+0000] {logging_mixin.py:188} INFO - [2025-01-06T12:43:56.029+0000] {dagbag.py:538} INFO - Filling up the DagBag from /home/airflow/.local/lib/python3.11/site-packages/airflow/example_dags/example_task_group_decorator.py
[2025-01-06T12:43:56.054+0000] {processor.py:840} INFO - DAG(s) 'example_task_group_decorator' retrieved from /home/airflow/.local/lib/python3.11/site-packages/airflow/example_dags/example_task_group_decorator.py
[2025-01-06T12:43:56.087+0000] {logging_mixin.py:188} INFO - [2025-01-06T12:43:56.087+0000] {dag.py:3036} INFO - Sync 1 DAGs
[2025-01-06T12:43:56.108+0000] {logging_mixin.py:188} INFO - [2025-01-06T12:43:56.108+0000] {dag.py:3823} INFO - Setting next_dagrun for example_task_group_decorator to 2025-01-05 00:00:00+00:00, run_after=2025-01-06 00:00:00+00:00
[2025-01-06T12:43:56.132+0000] {processor.py:183} INFO - Processing /home/airflow/.local/lib/python3.11/site-packages/airflow/example_dags/example_task_group_decorator.py took 0.110 seconds
[2025-01-06T12:44:26.242+0000] {processor.py:161} INFO - Started process (PID=4506) to work on /home/airflow/.local/lib/python3.11/site-packages/airflow/example_dags/example_task_group_decorator.py
[2025-01-06T12:44:26.243+0000] {processor.py:830} INFO - Processing file /home/airflow/.local/lib/python3.11/site-packages/airflow/example_dags/example_task_group_decorator.py for tasks to queue
[2025-01-06T12:44:26.245+0000] {logging_mixin.py:188} INFO - [2025-01-06T12:44:26.244+0000] {dagbag.py:538} INFO - Filling up the DagBag from /home/airflow/.local/lib/python3.11/site-packages/airflow/example_dags/example_task_group_decorator.py
[2025-01-06T12:44:26.264+0000] {processor.py:840} INFO - DAG(s) 'example_task_group_decorator' retrieved from /home/airflow/.local/lib/python3.11/site-packages/airflow/example_dags/example_task_group_decorator.py
[2025-01-06T12:44:26.305+0000] {logging_mixin.py:188} INFO - [2025-01-06T12:44:26.304+0000] {dag.py:3036} INFO - Sync 1 DAGs
[2025-01-06T12:44:26.329+0000] {logging_mixin.py:188} INFO - [2025-01-06T12:44:26.329+0000] {dag.py:3823} INFO - Setting next_dagrun for example_task_group_decorator to 2025-01-05 00:00:00+00:00, run_after=2025-01-06 00:00:00+00:00
[2025-01-06T12:44:26.352+0000] {processor.py:183} INFO - Processing /home/airflow/.local/lib/python3.11/site-packages/airflow/example_dags/example_task_group_decorator.py took 0.114 seconds
[2025-01-06T12:44:56.688+0000] {processor.py:161} INFO - Started process (PID=4570) to work on /home/airflow/.local/lib/python3.11/site-packages/airflow/example_dags/example_task_group_decorator.py
[2025-01-06T12:44:56.689+0000] {processor.py:830} INFO - Processing file /home/airflow/.local/lib/python3.11/site-packages/airflow/example_dags/example_task_group_decorator.py for tasks to queue
[2025-01-06T12:44:56.691+0000] {logging_mixin.py:188} INFO - [2025-01-06T12:44:56.690+0000] {dagbag.py:538} INFO - Filling up the DagBag from /home/airflow/.local/lib/python3.11/site-packages/airflow/example_dags/example_task_group_decorator.py
[2025-01-06T12:44:56.709+0000] {processor.py:840} INFO - DAG(s) 'example_task_group_decorator' retrieved from /home/airflow/.local/lib/python3.11/site-packages/airflow/example_dags/example_task_group_decorator.py
[2025-01-06T12:44:56.737+0000] {logging_mixin.py:188} INFO - [2025-01-06T12:44:56.737+0000] {dag.py:3036} INFO - Sync 1 DAGs
[2025-01-06T12:44:56.759+0000] {logging_mixin.py:188} INFO - [2025-01-06T12:44:56.759+0000] {dag.py:3823} INFO - Setting next_dagrun for example_task_group_decorator to 2025-01-05 00:00:00+00:00, run_after=2025-01-06 00:00:00+00:00
[2025-01-06T12:44:56.778+0000] {processor.py:183} INFO - Processing /home/airflow/.local/lib/python3.11/site-packages/airflow/example_dags/example_task_group_decorator.py took 0.094 seconds
[2025-01-06T12:45:26.938+0000] {processor.py:161} INFO - Started process (PID=4641) to work on /home/airflow/.local/lib/python3.11/site-packages/airflow/example_dags/example_task_group_decorator.py
[2025-01-06T12:45:26.939+0000] {processor.py:830} INFO - Processing file /home/airflow/.local/lib/python3.11/site-packages/airflow/example_dags/example_task_group_decorator.py for tasks to queue
[2025-01-06T12:45:26.941+0000] {logging_mixin.py:188} INFO - [2025-01-06T12:45:26.940+0000] {dagbag.py:538} INFO - Filling up the DagBag from /home/airflow/.local/lib/python3.11/site-packages/airflow/example_dags/example_task_group_decorator.py
[2025-01-06T12:45:26.962+0000] {processor.py:840} INFO - DAG(s) 'example_task_group_decorator' retrieved from /home/airflow/.local/lib/python3.11/site-packages/airflow/example_dags/example_task_group_decorator.py
[2025-01-06T12:45:27.004+0000] {logging_mixin.py:188} INFO - [2025-01-06T12:45:27.004+0000] {dag.py:3036} INFO - Sync 1 DAGs
[2025-01-06T12:45:27.030+0000] {logging_mixin.py:188} INFO - [2025-01-06T12:45:27.030+0000] {dag.py:3823} INFO - Setting next_dagrun for example_task_group_decorator to 2025-01-05 00:00:00+00:00, run_after=2025-01-06 00:00:00+00:00
[2025-01-06T12:45:27.060+0000] {processor.py:183} INFO - Processing /home/airflow/.local/lib/python3.11/site-packages/airflow/example_dags/example_task_group_decorator.py took 0.127 seconds
[2025-01-06T12:45:57.199+0000] {processor.py:161} INFO - Started process (PID=4705) to work on /home/airflow/.local/lib/python3.11/site-packages/airflow/example_dags/example_task_group_decorator.py
[2025-01-06T12:45:57.200+0000] {processor.py:830} INFO - Processing file /home/airflow/.local/lib/python3.11/site-packages/airflow/example_dags/example_task_group_decorator.py for tasks to queue
[2025-01-06T12:45:57.201+0000] {logging_mixin.py:188} INFO - [2025-01-06T12:45:57.201+0000] {dagbag.py:538} INFO - Filling up the DagBag from /home/airflow/.local/lib/python3.11/site-packages/airflow/example_dags/example_task_group_decorator.py
[2025-01-06T12:45:57.220+0000] {processor.py:840} INFO - DAG(s) 'example_task_group_decorator' retrieved from /home/airflow/.local/lib/python3.11/site-packages/airflow/example_dags/example_task_group_decorator.py
[2025-01-06T12:45:57.249+0000] {logging_mixin.py:188} INFO - [2025-01-06T12:45:57.248+0000] {dag.py:3036} INFO - Sync 1 DAGs
[2025-01-06T12:45:57.276+0000] {logging_mixin.py:188} INFO - [2025-01-06T12:45:57.276+0000] {dag.py:3823} INFO - Setting next_dagrun for example_task_group_decorator to 2025-01-05 00:00:00+00:00, run_after=2025-01-06 00:00:00+00:00
[2025-01-06T12:45:57.307+0000] {processor.py:183} INFO - Processing /home/airflow/.local/lib/python3.11/site-packages/airflow/example_dags/example_task_group_decorator.py took 0.112 seconds
[2025-01-06T12:46:27.708+0000] {processor.py:161} INFO - Started process (PID=4769) to work on /home/airflow/.local/lib/python3.11/site-packages/airflow/example_dags/example_task_group_decorator.py
[2025-01-06T12:46:27.709+0000] {processor.py:830} INFO - Processing file /home/airflow/.local/lib/python3.11/site-packages/airflow/example_dags/example_task_group_decorator.py for tasks to queue
[2025-01-06T12:46:27.710+0000] {logging_mixin.py:188} INFO - [2025-01-06T12:46:27.710+0000] {dagbag.py:538} INFO - Filling up the DagBag from /home/airflow/.local/lib/python3.11/site-packages/airflow/example_dags/example_task_group_decorator.py
[2025-01-06T12:46:27.728+0000] {processor.py:840} INFO - DAG(s) 'example_task_group_decorator' retrieved from /home/airflow/.local/lib/python3.11/site-packages/airflow/example_dags/example_task_group_decorator.py
[2025-01-06T12:46:27.754+0000] {logging_mixin.py:188} INFO - [2025-01-06T12:46:27.754+0000] {dag.py:3036} INFO - Sync 1 DAGs
[2025-01-06T12:46:27.776+0000] {logging_mixin.py:188} INFO - [2025-01-06T12:46:27.776+0000] {dag.py:3823} INFO - Setting next_dagrun for example_task_group_decorator to 2025-01-05 00:00:00+00:00, run_after=2025-01-06 00:00:00+00:00
[2025-01-06T12:46:27.796+0000] {processor.py:183} INFO - Processing /home/airflow/.local/lib/python3.11/site-packages/airflow/example_dags/example_task_group_decorator.py took 0.092 seconds
[2025-01-06T12:46:58.066+0000] {processor.py:161} INFO - Started process (PID=4841) to work on /home/airflow/.local/lib/python3.11/site-packages/airflow/example_dags/example_task_group_decorator.py
[2025-01-06T12:46:58.067+0000] {processor.py:830} INFO - Processing file /home/airflow/.local/lib/python3.11/site-packages/airflow/example_dags/example_task_group_decorator.py for tasks to queue
[2025-01-06T12:46:58.068+0000] {logging_mixin.py:188} INFO - [2025-01-06T12:46:58.068+0000] {dagbag.py:538} INFO - Filling up the DagBag from /home/airflow/.local/lib/python3.11/site-packages/airflow/example_dags/example_task_group_decorator.py
[2025-01-06T12:46:58.085+0000] {processor.py:840} INFO - DAG(s) 'example_task_group_decorator' retrieved from /home/airflow/.local/lib/python3.11/site-packages/airflow/example_dags/example_task_group_decorator.py
[2025-01-06T12:46:58.112+0000] {logging_mixin.py:188} INFO - [2025-01-06T12:46:58.112+0000] {dag.py:3036} INFO - Sync 1 DAGs
[2025-01-06T12:46:58.136+0000] {logging_mixin.py:188} INFO - [2025-01-06T12:46:58.136+0000] {dag.py:3823} INFO - Setting next_dagrun for example_task_group_decorator to 2025-01-05 00:00:00+00:00, run_after=2025-01-06 00:00:00+00:00
[2025-01-06T12:46:58.155+0000] {processor.py:183} INFO - Processing /home/airflow/.local/lib/python3.11/site-packages/airflow/example_dags/example_task_group_decorator.py took 0.093 seconds
[2025-01-06T12:47:28.549+0000] {processor.py:161} INFO - Started process (PID=4905) to work on /home/airflow/.local/lib/python3.11/site-packages/airflow/example_dags/example_task_group_decorator.py
[2025-01-06T12:47:28.550+0000] {processor.py:830} INFO - Processing file /home/airflow/.local/lib/python3.11/site-packages/airflow/example_dags/example_task_group_decorator.py for tasks to queue
[2025-01-06T12:47:28.552+0000] {logging_mixin.py:188} INFO - [2025-01-06T12:47:28.551+0000] {dagbag.py:538} INFO - Filling up the DagBag from /home/airflow/.local/lib/python3.11/site-packages/airflow/example_dags/example_task_group_decorator.py
[2025-01-06T12:47:28.572+0000] {processor.py:840} INFO - DAG(s) 'example_task_group_decorator' retrieved from /home/airflow/.local/lib/python3.11/site-packages/airflow/example_dags/example_task_group_decorator.py
[2025-01-06T12:47:28.603+0000] {logging_mixin.py:188} INFO - [2025-01-06T12:47:28.603+0000] {dag.py:3036} INFO - Sync 1 DAGs
[2025-01-06T12:47:28.631+0000] {logging_mixin.py:188} INFO - [2025-01-06T12:47:28.631+0000] {dag.py:3823} INFO - Setting next_dagrun for example_task_group_decorator to 2025-01-05 00:00:00+00:00, run_after=2025-01-06 00:00:00+00:00
[2025-01-06T12:47:28.799+0000] {processor.py:183} INFO - Processing /home/airflow/.local/lib/python3.11/site-packages/airflow/example_dags/example_task_group_decorator.py took 0.255 seconds
[2025-01-06T12:47:59.407+0000] {processor.py:161} INFO - Started process (PID=4968) to work on /home/airflow/.local/lib/python3.11/site-packages/airflow/example_dags/example_task_group_decorator.py
[2025-01-06T12:47:59.408+0000] {processor.py:830} INFO - Processing file /home/airflow/.local/lib/python3.11/site-packages/airflow/example_dags/example_task_group_decorator.py for tasks to queue
[2025-01-06T12:47:59.410+0000] {logging_mixin.py:188} INFO - [2025-01-06T12:47:59.409+0000] {dagbag.py:538} INFO - Filling up the DagBag from /home/airflow/.local/lib/python3.11/site-packages/airflow/example_dags/example_task_group_decorator.py
[2025-01-06T12:47:59.427+0000] {processor.py:840} INFO - DAG(s) 'example_task_group_decorator' retrieved from /home/airflow/.local/lib/python3.11/site-packages/airflow/example_dags/example_task_group_decorator.py
[2025-01-06T12:47:59.453+0000] {logging_mixin.py:188} INFO - [2025-01-06T12:47:59.453+0000] {dag.py:3036} INFO - Sync 1 DAGs
[2025-01-06T12:47:59.475+0000] {logging_mixin.py:188} INFO - [2025-01-06T12:47:59.475+0000] {dag.py:3823} INFO - Setting next_dagrun for example_task_group_decorator to 2025-01-05 00:00:00+00:00, run_after=2025-01-06 00:00:00+00:00
[2025-01-06T12:47:59.496+0000] {processor.py:183} INFO - Processing /home/airflow/.local/lib/python3.11/site-packages/airflow/example_dags/example_task_group_decorator.py took 0.092 seconds
[2025-01-06T12:48:29.633+0000] {processor.py:161} INFO - Started process (PID=5039) to work on /home/airflow/.local/lib/python3.11/site-packages/airflow/example_dags/example_task_group_decorator.py
[2025-01-06T12:48:29.635+0000] {processor.py:830} INFO - Processing file /home/airflow/.local/lib/python3.11/site-packages/airflow/example_dags/example_task_group_decorator.py for tasks to queue
[2025-01-06T12:48:29.636+0000] {logging_mixin.py:188} INFO - [2025-01-06T12:48:29.635+0000] {dagbag.py:538} INFO - Filling up the DagBag from /home/airflow/.local/lib/python3.11/site-packages/airflow/example_dags/example_task_group_decorator.py
[2025-01-06T12:48:29.655+0000] {processor.py:840} INFO - DAG(s) 'example_task_group_decorator' retrieved from /home/airflow/.local/lib/python3.11/site-packages/airflow/example_dags/example_task_group_decorator.py
[2025-01-06T12:48:29.686+0000] {logging_mixin.py:188} INFO - [2025-01-06T12:48:29.686+0000] {dag.py:3036} INFO - Sync 1 DAGs
[2025-01-06T12:48:29.712+0000] {logging_mixin.py:188} INFO - [2025-01-06T12:48:29.712+0000] {dag.py:3823} INFO - Setting next_dagrun for example_task_group_decorator to 2025-01-05 00:00:00+00:00, run_after=2025-01-06 00:00:00+00:00
[2025-01-06T12:48:29.736+0000] {processor.py:183} INFO - Processing /home/airflow/.local/lib/python3.11/site-packages/airflow/example_dags/example_task_group_decorator.py took 0.106 seconds
[2025-01-06T12:49:00.418+0000] {processor.py:161} INFO - Started process (PID=5103) to work on /home/airflow/.local/lib/python3.11/site-packages/airflow/example_dags/example_task_group_decorator.py
[2025-01-06T12:49:00.419+0000] {processor.py:830} INFO - Processing file /home/airflow/.local/lib/python3.11/site-packages/airflow/example_dags/example_task_group_decorator.py for tasks to queue
[2025-01-06T12:49:00.420+0000] {logging_mixin.py:188} INFO - [2025-01-06T12:49:00.420+0000] {dagbag.py:538} INFO - Filling up the DagBag from /home/airflow/.local/lib/python3.11/site-packages/airflow/example_dags/example_task_group_decorator.py
[2025-01-06T12:49:00.437+0000] {processor.py:840} INFO - DAG(s) 'example_task_group_decorator' retrieved from /home/airflow/.local/lib/python3.11/site-packages/airflow/example_dags/example_task_group_decorator.py
[2025-01-06T12:49:00.463+0000] {logging_mixin.py:188} INFO - [2025-01-06T12:49:00.463+0000] {dag.py:3036} INFO - Sync 1 DAGs
[2025-01-06T12:49:00.486+0000] {logging_mixin.py:188} INFO - [2025-01-06T12:49:00.485+0000] {dag.py:3823} INFO - Setting next_dagrun for example_task_group_decorator to 2025-01-05 00:00:00+00:00, run_after=2025-01-06 00:00:00+00:00
[2025-01-06T12:49:00.506+0000] {processor.py:183} INFO - Processing /home/airflow/.local/lib/python3.11/site-packages/airflow/example_dags/example_task_group_decorator.py took 0.091 seconds
[2025-01-06T12:49:31.545+0000] {processor.py:161} INFO - Started process (PID=5174) to work on /home/airflow/.local/lib/python3.11/site-packages/airflow/example_dags/example_task_group_decorator.py
[2025-01-06T12:49:31.546+0000] {processor.py:830} INFO - Processing file /home/airflow/.local/lib/python3.11/site-packages/airflow/example_dags/example_task_group_decorator.py for tasks to queue
[2025-01-06T12:49:31.547+0000] {logging_mixin.py:188} INFO - [2025-01-06T12:49:31.547+0000] {dagbag.py:538} INFO - Filling up the DagBag from /home/airflow/.local/lib/python3.11/site-packages/airflow/example_dags/example_task_group_decorator.py
[2025-01-06T12:49:31.563+0000] {processor.py:840} INFO - DAG(s) 'example_task_group_decorator' retrieved from /home/airflow/.local/lib/python3.11/site-packages/airflow/example_dags/example_task_group_decorator.py
[2025-01-06T12:49:31.589+0000] {logging_mixin.py:188} INFO - [2025-01-06T12:49:31.589+0000] {dag.py:3036} INFO - Sync 1 DAGs
[2025-01-06T12:49:31.771+0000] {logging_mixin.py:188} INFO - [2025-01-06T12:49:31.770+0000] {dag.py:3823} INFO - Setting next_dagrun for example_task_group_decorator to 2025-01-05 00:00:00+00:00, run_after=2025-01-06 00:00:00+00:00
[2025-01-06T12:49:31.797+0000] {processor.py:183} INFO - Processing /home/airflow/.local/lib/python3.11/site-packages/airflow/example_dags/example_task_group_decorator.py took 0.256 seconds
[2025-01-06T12:50:01.918+0000] {processor.py:161} INFO - Started process (PID=5238) to work on /home/airflow/.local/lib/python3.11/site-packages/airflow/example_dags/example_task_group_decorator.py
[2025-01-06T12:50:01.920+0000] {processor.py:830} INFO - Processing file /home/airflow/.local/lib/python3.11/site-packages/airflow/example_dags/example_task_group_decorator.py for tasks to queue
[2025-01-06T12:50:01.921+0000] {logging_mixin.py:188} INFO - [2025-01-06T12:50:01.921+0000] {dagbag.py:538} INFO - Filling up the DagBag from /home/airflow/.local/lib/python3.11/site-packages/airflow/example_dags/example_task_group_decorator.py
[2025-01-06T12:50:01.942+0000] {processor.py:840} INFO - DAG(s) 'example_task_group_decorator' retrieved from /home/airflow/.local/lib/python3.11/site-packages/airflow/example_dags/example_task_group_decorator.py
[2025-01-06T12:50:01.976+0000] {logging_mixin.py:188} INFO - [2025-01-06T12:50:01.976+0000] {dag.py:3036} INFO - Sync 1 DAGs
[2025-01-06T12:50:02.139+0000] {logging_mixin.py:188} INFO - [2025-01-06T12:50:02.139+0000] {dag.py:3823} INFO - Setting next_dagrun for example_task_group_decorator to 2025-01-05 00:00:00+00:00, run_after=2025-01-06 00:00:00+00:00
[2025-01-06T12:50:02.173+0000] {processor.py:183} INFO - Processing /home/airflow/.local/lib/python3.11/site-packages/airflow/example_dags/example_task_group_decorator.py took 0.259 seconds
[2025-01-06T12:50:33.191+0000] {processor.py:161} INFO - Started process (PID=5302) to work on /home/airflow/.local/lib/python3.11/site-packages/airflow/example_dags/example_task_group_decorator.py
[2025-01-06T12:50:33.193+0000] {processor.py:830} INFO - Processing file /home/airflow/.local/lib/python3.11/site-packages/airflow/example_dags/example_task_group_decorator.py for tasks to queue
[2025-01-06T12:50:33.195+0000] {logging_mixin.py:188} INFO - [2025-01-06T12:50:33.194+0000] {dagbag.py:538} INFO - Filling up the DagBag from /home/airflow/.local/lib/python3.11/site-packages/airflow/example_dags/example_task_group_decorator.py
[2025-01-06T12:50:33.222+0000] {processor.py:840} INFO - DAG(s) 'example_task_group_decorator' retrieved from /home/airflow/.local/lib/python3.11/site-packages/airflow/example_dags/example_task_group_decorator.py
[2025-01-06T12:50:33.250+0000] {logging_mixin.py:188} INFO - [2025-01-06T12:50:33.250+0000] {dag.py:3036} INFO - Sync 1 DAGs
[2025-01-06T12:50:33.273+0000] {logging_mixin.py:188} INFO - [2025-01-06T12:50:33.273+0000] {dag.py:3823} INFO - Setting next_dagrun for example_task_group_decorator to 2025-01-05 00:00:00+00:00, run_after=2025-01-06 00:00:00+00:00
[2025-01-06T12:50:33.295+0000] {processor.py:183} INFO - Processing /home/airflow/.local/lib/python3.11/site-packages/airflow/example_dags/example_task_group_decorator.py took 0.108 seconds
[2025-01-06T12:51:03.587+0000] {processor.py:161} INFO - Started process (PID=5373) to work on /home/airflow/.local/lib/python3.11/site-packages/airflow/example_dags/example_task_group_decorator.py
[2025-01-06T12:51:03.588+0000] {processor.py:830} INFO - Processing file /home/airflow/.local/lib/python3.11/site-packages/airflow/example_dags/example_task_group_decorator.py for tasks to queue
[2025-01-06T12:51:03.589+0000] {logging_mixin.py:188} INFO - [2025-01-06T12:51:03.589+0000] {dagbag.py:538} INFO - Filling up the DagBag from /home/airflow/.local/lib/python3.11/site-packages/airflow/example_dags/example_task_group_decorator.py
[2025-01-06T12:51:03.608+0000] {processor.py:840} INFO - DAG(s) 'example_task_group_decorator' retrieved from /home/airflow/.local/lib/python3.11/site-packages/airflow/example_dags/example_task_group_decorator.py
[2025-01-06T12:51:03.638+0000] {logging_mixin.py:188} INFO - [2025-01-06T12:51:03.638+0000] {dag.py:3036} INFO - Sync 1 DAGs
[2025-01-06T12:51:03.667+0000] {logging_mixin.py:188} INFO - [2025-01-06T12:51:03.667+0000] {dag.py:3823} INFO - Setting next_dagrun for example_task_group_decorator to 2025-01-05 00:00:00+00:00, run_after=2025-01-06 00:00:00+00:00
[2025-01-06T12:51:03.688+0000] {processor.py:183} INFO - Processing /home/airflow/.local/lib/python3.11/site-packages/airflow/example_dags/example_task_group_decorator.py took 0.105 seconds
[2025-01-06T12:51:33.962+0000] {processor.py:161} INFO - Started process (PID=5437) to work on /home/airflow/.local/lib/python3.11/site-packages/airflow/example_dags/example_task_group_decorator.py
[2025-01-06T12:51:33.964+0000] {processor.py:830} INFO - Processing file /home/airflow/.local/lib/python3.11/site-packages/airflow/example_dags/example_task_group_decorator.py for tasks to queue
[2025-01-06T12:51:33.965+0000] {logging_mixin.py:188} INFO - [2025-01-06T12:51:33.965+0000] {dagbag.py:538} INFO - Filling up the DagBag from /home/airflow/.local/lib/python3.11/site-packages/airflow/example_dags/example_task_group_decorator.py
[2025-01-06T12:51:33.984+0000] {processor.py:840} INFO - DAG(s) 'example_task_group_decorator' retrieved from /home/airflow/.local/lib/python3.11/site-packages/airflow/example_dags/example_task_group_decorator.py
[2025-01-06T12:51:34.013+0000] {logging_mixin.py:188} INFO - [2025-01-06T12:51:34.013+0000] {dag.py:3036} INFO - Sync 1 DAGs
[2025-01-06T12:51:34.035+0000] {logging_mixin.py:188} INFO - [2025-01-06T12:51:34.035+0000] {dag.py:3823} INFO - Setting next_dagrun for example_task_group_decorator to 2025-01-05 00:00:00+00:00, run_after=2025-01-06 00:00:00+00:00
[2025-01-06T12:51:34.056+0000] {processor.py:183} INFO - Processing /home/airflow/.local/lib/python3.11/site-packages/airflow/example_dags/example_task_group_decorator.py took 0.098 seconds
[2025-01-06T12:52:04.297+0000] {processor.py:161} INFO - Started process (PID=5502) to work on /home/airflow/.local/lib/python3.11/site-packages/airflow/example_dags/example_task_group_decorator.py
[2025-01-06T12:52:04.298+0000] {processor.py:830} INFO - Processing file /home/airflow/.local/lib/python3.11/site-packages/airflow/example_dags/example_task_group_decorator.py for tasks to queue
[2025-01-06T12:52:04.300+0000] {logging_mixin.py:188} INFO - [2025-01-06T12:52:04.299+0000] {dagbag.py:538} INFO - Filling up the DagBag from /home/airflow/.local/lib/python3.11/site-packages/airflow/example_dags/example_task_group_decorator.py
[2025-01-06T12:52:04.321+0000] {processor.py:840} INFO - DAG(s) 'example_task_group_decorator' retrieved from /home/airflow/.local/lib/python3.11/site-packages/airflow/example_dags/example_task_group_decorator.py
[2025-01-06T12:52:04.355+0000] {logging_mixin.py:188} INFO - [2025-01-06T12:52:04.355+0000] {dag.py:3036} INFO - Sync 1 DAGs
[2025-01-06T12:52:04.378+0000] {logging_mixin.py:188} INFO - [2025-01-06T12:52:04.378+0000] {dag.py:3823} INFO - Setting next_dagrun for example_task_group_decorator to 2025-01-05 00:00:00+00:00, run_after=2025-01-06 00:00:00+00:00
[2025-01-06T12:52:04.399+0000] {processor.py:183} INFO - Processing /home/airflow/.local/lib/python3.11/site-packages/airflow/example_dags/example_task_group_decorator.py took 0.106 seconds
[2025-01-06T12:52:34.519+0000] {processor.py:161} INFO - Started process (PID=5573) to work on /home/airflow/.local/lib/python3.11/site-packages/airflow/example_dags/example_task_group_decorator.py
[2025-01-06T12:52:34.520+0000] {processor.py:830} INFO - Processing file /home/airflow/.local/lib/python3.11/site-packages/airflow/example_dags/example_task_group_decorator.py for tasks to queue
[2025-01-06T12:52:34.522+0000] {logging_mixin.py:188} INFO - [2025-01-06T12:52:34.521+0000] {dagbag.py:538} INFO - Filling up the DagBag from /home/airflow/.local/lib/python3.11/site-packages/airflow/example_dags/example_task_group_decorator.py
[2025-01-06T12:52:34.551+0000] {processor.py:840} INFO - DAG(s) 'example_task_group_decorator' retrieved from /home/airflow/.local/lib/python3.11/site-packages/airflow/example_dags/example_task_group_decorator.py
[2025-01-06T12:52:34.593+0000] {logging_mixin.py:188} INFO - [2025-01-06T12:52:34.593+0000] {dag.py:3036} INFO - Sync 1 DAGs
[2025-01-06T12:52:34.627+0000] {logging_mixin.py:188} INFO - [2025-01-06T12:52:34.627+0000] {dag.py:3823} INFO - Setting next_dagrun for example_task_group_decorator to 2025-01-05 00:00:00+00:00, run_after=2025-01-06 00:00:00+00:00
[2025-01-06T12:52:34.654+0000] {processor.py:183} INFO - Processing /home/airflow/.local/lib/python3.11/site-packages/airflow/example_dags/example_task_group_decorator.py took 0.141 seconds
[2025-01-06T12:53:04.752+0000] {processor.py:161} INFO - Started process (PID=5637) to work on /home/airflow/.local/lib/python3.11/site-packages/airflow/example_dags/example_task_group_decorator.py
[2025-01-06T12:53:04.753+0000] {processor.py:830} INFO - Processing file /home/airflow/.local/lib/python3.11/site-packages/airflow/example_dags/example_task_group_decorator.py for tasks to queue
[2025-01-06T12:53:04.754+0000] {logging_mixin.py:188} INFO - [2025-01-06T12:53:04.754+0000] {dagbag.py:538} INFO - Filling up the DagBag from /home/airflow/.local/lib/python3.11/site-packages/airflow/example_dags/example_task_group_decorator.py
[2025-01-06T12:53:04.776+0000] {processor.py:840} INFO - DAG(s) 'example_task_group_decorator' retrieved from /home/airflow/.local/lib/python3.11/site-packages/airflow/example_dags/example_task_group_decorator.py
[2025-01-06T12:53:04.810+0000] {logging_mixin.py:188} INFO - [2025-01-06T12:53:04.810+0000] {dag.py:3036} INFO - Sync 1 DAGs
[2025-01-06T12:53:04.833+0000] {logging_mixin.py:188} INFO - [2025-01-06T12:53:04.833+0000] {dag.py:3823} INFO - Setting next_dagrun for example_task_group_decorator to 2025-01-05 00:00:00+00:00, run_after=2025-01-06 00:00:00+00:00
[2025-01-06T12:53:04.852+0000] {processor.py:183} INFO - Processing /home/airflow/.local/lib/python3.11/site-packages/airflow/example_dags/example_task_group_decorator.py took 0.105 seconds
[2025-01-06T12:53:35.276+0000] {processor.py:161} INFO - Started process (PID=5701) to work on /home/airflow/.local/lib/python3.11/site-packages/airflow/example_dags/example_task_group_decorator.py
[2025-01-06T12:53:35.277+0000] {processor.py:830} INFO - Processing file /home/airflow/.local/lib/python3.11/site-packages/airflow/example_dags/example_task_group_decorator.py for tasks to queue
[2025-01-06T12:53:35.278+0000] {logging_mixin.py:188} INFO - [2025-01-06T12:53:35.278+0000] {dagbag.py:538} INFO - Filling up the DagBag from /home/airflow/.local/lib/python3.11/site-packages/airflow/example_dags/example_task_group_decorator.py
[2025-01-06T12:53:35.297+0000] {processor.py:840} INFO - DAG(s) 'example_task_group_decorator' retrieved from /home/airflow/.local/lib/python3.11/site-packages/airflow/example_dags/example_task_group_decorator.py
[2025-01-06T12:53:35.324+0000] {logging_mixin.py:188} INFO - [2025-01-06T12:53:35.324+0000] {dag.py:3036} INFO - Sync 1 DAGs
[2025-01-06T12:53:35.347+0000] {logging_mixin.py:188} INFO - [2025-01-06T12:53:35.347+0000] {dag.py:3823} INFO - Setting next_dagrun for example_task_group_decorator to 2025-01-05 00:00:00+00:00, run_after=2025-01-06 00:00:00+00:00
[2025-01-06T12:53:35.369+0000] {processor.py:183} INFO - Processing /home/airflow/.local/lib/python3.11/site-packages/airflow/example_dags/example_task_group_decorator.py took 0.096 seconds
[2025-01-06T12:54:05.703+0000] {processor.py:161} INFO - Started process (PID=5773) to work on /home/airflow/.local/lib/python3.11/site-packages/airflow/example_dags/example_task_group_decorator.py
[2025-01-06T12:54:05.705+0000] {processor.py:830} INFO - Processing file /home/airflow/.local/lib/python3.11/site-packages/airflow/example_dags/example_task_group_decorator.py for tasks to queue
[2025-01-06T12:54:05.706+0000] {logging_mixin.py:188} INFO - [2025-01-06T12:54:05.706+0000] {dagbag.py:538} INFO - Filling up the DagBag from /home/airflow/.local/lib/python3.11/site-packages/airflow/example_dags/example_task_group_decorator.py
[2025-01-06T12:54:05.725+0000] {processor.py:840} INFO - DAG(s) 'example_task_group_decorator' retrieved from /home/airflow/.local/lib/python3.11/site-packages/airflow/example_dags/example_task_group_decorator.py
[2025-01-06T12:54:05.754+0000] {logging_mixin.py:188} INFO - [2025-01-06T12:54:05.754+0000] {dag.py:3036} INFO - Sync 1 DAGs
[2025-01-06T12:54:05.777+0000] {logging_mixin.py:188} INFO - [2025-01-06T12:54:05.777+0000] {dag.py:3823} INFO - Setting next_dagrun for example_task_group_decorator to 2025-01-05 00:00:00+00:00, run_after=2025-01-06 00:00:00+00:00
[2025-01-06T12:54:05.800+0000] {processor.py:183} INFO - Processing /home/airflow/.local/lib/python3.11/site-packages/airflow/example_dags/example_task_group_decorator.py took 0.101 seconds
[2025-01-06T12:54:35.965+0000] {processor.py:161} INFO - Started process (PID=5837) to work on /home/airflow/.local/lib/python3.11/site-packages/airflow/example_dags/example_task_group_decorator.py
[2025-01-06T12:54:35.967+0000] {processor.py:830} INFO - Processing file /home/airflow/.local/lib/python3.11/site-packages/airflow/example_dags/example_task_group_decorator.py for tasks to queue
[2025-01-06T12:54:35.969+0000] {logging_mixin.py:188} INFO - [2025-01-06T12:54:35.969+0000] {dagbag.py:538} INFO - Filling up the DagBag from /home/airflow/.local/lib/python3.11/site-packages/airflow/example_dags/example_task_group_decorator.py
[2025-01-06T12:54:35.994+0000] {processor.py:840} INFO - DAG(s) 'example_task_group_decorator' retrieved from /home/airflow/.local/lib/python3.11/site-packages/airflow/example_dags/example_task_group_decorator.py
[2025-01-06T12:54:36.021+0000] {logging_mixin.py:188} INFO - [2025-01-06T12:54:36.021+0000] {dag.py:3036} INFO - Sync 1 DAGs
[2025-01-06T12:54:36.044+0000] {logging_mixin.py:188} INFO - [2025-01-06T12:54:36.043+0000] {dag.py:3823} INFO - Setting next_dagrun for example_task_group_decorator to 2025-01-05 00:00:00+00:00, run_after=2025-01-06 00:00:00+00:00
[2025-01-06T12:54:36.064+0000] {processor.py:183} INFO - Processing /home/airflow/.local/lib/python3.11/site-packages/airflow/example_dags/example_task_group_decorator.py took 0.105 seconds
[2025-01-06T12:55:06.410+0000] {processor.py:161} INFO - Started process (PID=5901) to work on /home/airflow/.local/lib/python3.11/site-packages/airflow/example_dags/example_task_group_decorator.py
[2025-01-06T12:55:06.412+0000] {processor.py:830} INFO - Processing file /home/airflow/.local/lib/python3.11/site-packages/airflow/example_dags/example_task_group_decorator.py for tasks to queue
[2025-01-06T12:55:06.413+0000] {logging_mixin.py:188} INFO - [2025-01-06T12:55:06.412+0000] {dagbag.py:538} INFO - Filling up the DagBag from /home/airflow/.local/lib/python3.11/site-packages/airflow/example_dags/example_task_group_decorator.py
[2025-01-06T12:55:06.431+0000] {processor.py:840} INFO - DAG(s) 'example_task_group_decorator' retrieved from /home/airflow/.local/lib/python3.11/site-packages/airflow/example_dags/example_task_group_decorator.py
[2025-01-06T12:55:06.459+0000] {logging_mixin.py:188} INFO - [2025-01-06T12:55:06.458+0000] {dag.py:3036} INFO - Sync 1 DAGs
[2025-01-06T12:55:06.481+0000] {logging_mixin.py:188} INFO - [2025-01-06T12:55:06.480+0000] {dag.py:3823} INFO - Setting next_dagrun for example_task_group_decorator to 2025-01-05 00:00:00+00:00, run_after=2025-01-06 00:00:00+00:00
[2025-01-06T12:55:06.501+0000] {processor.py:183} INFO - Processing /home/airflow/.local/lib/python3.11/site-packages/airflow/example_dags/example_task_group_decorator.py took 0.095 seconds
[2025-01-06T12:59:13.044+0000] {processor.py:161} INFO - Started process (PID=5959) to work on /home/airflow/.local/lib/python3.11/site-packages/airflow/example_dags/example_task_group_decorator.py
[2025-01-06T12:59:13.046+0000] {processor.py:830} INFO - Processing file /home/airflow/.local/lib/python3.11/site-packages/airflow/example_dags/example_task_group_decorator.py for tasks to queue
[2025-01-06T12:59:13.047+0000] {logging_mixin.py:188} INFO - [2025-01-06T12:59:13.047+0000] {dagbag.py:538} INFO - Filling up the DagBag from /home/airflow/.local/lib/python3.11/site-packages/airflow/example_dags/example_task_group_decorator.py
[2025-01-06T12:59:13.066+0000] {processor.py:840} INFO - DAG(s) 'example_task_group_decorator' retrieved from /home/airflow/.local/lib/python3.11/site-packages/airflow/example_dags/example_task_group_decorator.py
[2025-01-06T12:59:13.104+0000] {logging_mixin.py:188} INFO - [2025-01-06T12:59:13.104+0000] {dag.py:3036} INFO - Sync 1 DAGs
[2025-01-06T12:59:13.131+0000] {logging_mixin.py:188} INFO - [2025-01-06T12:59:13.131+0000] {dag.py:3823} INFO - Setting next_dagrun for example_task_group_decorator to 2025-01-05 00:00:00+00:00, run_after=2025-01-06 00:00:00+00:00
[2025-01-06T12:59:13.160+0000] {processor.py:183} INFO - Processing /home/airflow/.local/lib/python3.11/site-packages/airflow/example_dags/example_task_group_decorator.py took 0.124 seconds
