[2025-01-06T12:31:29.662+0000] {processor.py:161} INFO - Started process (PID=2823) to work on /home/airflow/.local/lib/python3.11/site-packages/airflow/example_dags/example_branch_day_of_week_operator.py
[2025-01-06T12:31:29.705+0000] {processor.py:830} INFO - Processing file /home/airflow/.local/lib/python3.11/site-packages/airflow/example_dags/example_branch_day_of_week_operator.py for tasks to queue
[2025-01-06T12:31:29.707+0000] {logging_mixin.py:188} INFO - [2025-01-06T12:31:29.707+0000] {dagbag.py:538} INFO - Filling up the DagBag from /home/airflow/.local/lib/python3.11/site-packages/airflow/example_dags/example_branch_day_of_week_operator.py
[2025-01-06T12:31:29.753+0000] {processor.py:840} INFO - DAG(s) 'example_weekday_branch_operator' retrieved from /home/airflow/.local/lib/python3.11/site-packages/airflow/example_dags/example_branch_day_of_week_operator.py
[2025-01-06T12:31:29.862+0000] {logging_mixin.py:188} INFO - [2025-01-06T12:31:29.862+0000] {dag.py:3036} INFO - Sync 1 DAGs
[2025-01-06T12:31:29.987+0000] {logging_mixin.py:188} INFO - [2025-01-06T12:31:29.987+0000] {dag.py:3823} INFO - Setting next_dagrun for example_weekday_branch_operator to 2025-01-05 00:00:00+00:00, run_after=2025-01-06 00:00:00+00:00
[2025-01-06T12:31:30.076+0000] {processor.py:183} INFO - Processing /home/airflow/.local/lib/python3.11/site-packages/airflow/example_dags/example_branch_day_of_week_operator.py took 0.421 seconds
[2025-01-06T12:32:00.162+0000] {processor.py:161} INFO - Started process (PID=2880) to work on /home/airflow/.local/lib/python3.11/site-packages/airflow/example_dags/example_branch_day_of_week_operator.py
[2025-01-06T12:32:00.163+0000] {processor.py:830} INFO - Processing file /home/airflow/.local/lib/python3.11/site-packages/airflow/example_dags/example_branch_day_of_week_operator.py for tasks to queue
[2025-01-06T12:32:00.164+0000] {logging_mixin.py:188} INFO - [2025-01-06T12:32:00.164+0000] {dagbag.py:538} INFO - Filling up the DagBag from /home/airflow/.local/lib/python3.11/site-packages/airflow/example_dags/example_branch_day_of_week_operator.py
[2025-01-06T12:32:00.174+0000] {processor.py:840} INFO - DAG(s) 'example_weekday_branch_operator' retrieved from /home/airflow/.local/lib/python3.11/site-packages/airflow/example_dags/example_branch_day_of_week_operator.py
[2025-01-06T12:32:00.200+0000] {logging_mixin.py:188} INFO - [2025-01-06T12:32:00.199+0000] {dag.py:3036} INFO - Sync 1 DAGs
[2025-01-06T12:32:00.226+0000] {logging_mixin.py:188} INFO - [2025-01-06T12:32:00.226+0000] {dag.py:3823} INFO - Setting next_dagrun for example_weekday_branch_operator to 2025-01-05 00:00:00+00:00, run_after=2025-01-06 00:00:00+00:00
[2025-01-06T12:32:00.248+0000] {processor.py:183} INFO - Processing /home/airflow/.local/lib/python3.11/site-packages/airflow/example_dags/example_branch_day_of_week_operator.py took 0.090 seconds
[2025-01-06T12:32:30.773+0000] {processor.py:161} INFO - Started process (PID=2944) to work on /home/airflow/.local/lib/python3.11/site-packages/airflow/example_dags/example_branch_day_of_week_operator.py
[2025-01-06T12:32:30.775+0000] {processor.py:830} INFO - Processing file /home/airflow/.local/lib/python3.11/site-packages/airflow/example_dags/example_branch_day_of_week_operator.py for tasks to queue
[2025-01-06T12:32:30.776+0000] {logging_mixin.py:188} INFO - [2025-01-06T12:32:30.776+0000] {dagbag.py:538} INFO - Filling up the DagBag from /home/airflow/.local/lib/python3.11/site-packages/airflow/example_dags/example_branch_day_of_week_operator.py
[2025-01-06T12:32:30.786+0000] {processor.py:840} INFO - DAG(s) 'example_weekday_branch_operator' retrieved from /home/airflow/.local/lib/python3.11/site-packages/airflow/example_dags/example_branch_day_of_week_operator.py
[2025-01-06T12:32:30.814+0000] {logging_mixin.py:188} INFO - [2025-01-06T12:32:30.814+0000] {dag.py:3036} INFO - Sync 1 DAGs
[2025-01-06T12:32:30.843+0000] {logging_mixin.py:188} INFO - [2025-01-06T12:32:30.843+0000] {dag.py:3823} INFO - Setting next_dagrun for example_weekday_branch_operator to 2025-01-05 00:00:00+00:00, run_after=2025-01-06 00:00:00+00:00
[2025-01-06T12:32:30.871+0000] {processor.py:183} INFO - Processing /home/airflow/.local/lib/python3.11/site-packages/airflow/example_dags/example_branch_day_of_week_operator.py took 0.101 seconds
[2025-01-06T12:33:01.081+0000] {processor.py:161} INFO - Started process (PID=3015) to work on /home/airflow/.local/lib/python3.11/site-packages/airflow/example_dags/example_branch_day_of_week_operator.py
[2025-01-06T12:33:01.082+0000] {processor.py:830} INFO - Processing file /home/airflow/.local/lib/python3.11/site-packages/airflow/example_dags/example_branch_day_of_week_operator.py for tasks to queue
[2025-01-06T12:33:01.083+0000] {logging_mixin.py:188} INFO - [2025-01-06T12:33:01.083+0000] {dagbag.py:538} INFO - Filling up the DagBag from /home/airflow/.local/lib/python3.11/site-packages/airflow/example_dags/example_branch_day_of_week_operator.py
[2025-01-06T12:33:01.094+0000] {processor.py:840} INFO - DAG(s) 'example_weekday_branch_operator' retrieved from /home/airflow/.local/lib/python3.11/site-packages/airflow/example_dags/example_branch_day_of_week_operator.py
[2025-01-06T12:33:01.127+0000] {logging_mixin.py:188} INFO - [2025-01-06T12:33:01.126+0000] {dag.py:3036} INFO - Sync 1 DAGs
[2025-01-06T12:33:01.159+0000] {logging_mixin.py:188} INFO - [2025-01-06T12:33:01.159+0000] {dag.py:3823} INFO - Setting next_dagrun for example_weekday_branch_operator to 2025-01-05 00:00:00+00:00, run_after=2025-01-06 00:00:00+00:00
[2025-01-06T12:33:01.189+0000] {processor.py:183} INFO - Processing /home/airflow/.local/lib/python3.11/site-packages/airflow/example_dags/example_branch_day_of_week_operator.py took 0.113 seconds
[2025-01-06T12:33:31.606+0000] {processor.py:161} INFO - Started process (PID=3079) to work on /home/airflow/.local/lib/python3.11/site-packages/airflow/example_dags/example_branch_day_of_week_operator.py
[2025-01-06T12:33:31.607+0000] {processor.py:830} INFO - Processing file /home/airflow/.local/lib/python3.11/site-packages/airflow/example_dags/example_branch_day_of_week_operator.py for tasks to queue
[2025-01-06T12:33:31.609+0000] {logging_mixin.py:188} INFO - [2025-01-06T12:33:31.608+0000] {dagbag.py:538} INFO - Filling up the DagBag from /home/airflow/.local/lib/python3.11/site-packages/airflow/example_dags/example_branch_day_of_week_operator.py
[2025-01-06T12:33:31.621+0000] {processor.py:840} INFO - DAG(s) 'example_weekday_branch_operator' retrieved from /home/airflow/.local/lib/python3.11/site-packages/airflow/example_dags/example_branch_day_of_week_operator.py
[2025-01-06T12:33:31.652+0000] {logging_mixin.py:188} INFO - [2025-01-06T12:33:31.652+0000] {dag.py:3036} INFO - Sync 1 DAGs
[2025-01-06T12:33:31.680+0000] {logging_mixin.py:188} INFO - [2025-01-06T12:33:31.680+0000] {dag.py:3823} INFO - Setting next_dagrun for example_weekday_branch_operator to 2025-01-05 00:00:00+00:00, run_after=2025-01-06 00:00:00+00:00
[2025-01-06T12:33:31.701+0000] {processor.py:183} INFO - Processing /home/airflow/.local/lib/python3.11/site-packages/airflow/example_dags/example_branch_day_of_week_operator.py took 0.100 seconds
[2025-01-06T12:34:01.856+0000] {processor.py:161} INFO - Started process (PID=3143) to work on /home/airflow/.local/lib/python3.11/site-packages/airflow/example_dags/example_branch_day_of_week_operator.py
[2025-01-06T12:34:01.857+0000] {processor.py:830} INFO - Processing file /home/airflow/.local/lib/python3.11/site-packages/airflow/example_dags/example_branch_day_of_week_operator.py for tasks to queue
[2025-01-06T12:34:01.858+0000] {logging_mixin.py:188} INFO - [2025-01-06T12:34:01.858+0000] {dagbag.py:538} INFO - Filling up the DagBag from /home/airflow/.local/lib/python3.11/site-packages/airflow/example_dags/example_branch_day_of_week_operator.py
[2025-01-06T12:34:01.868+0000] {processor.py:840} INFO - DAG(s) 'example_weekday_branch_operator' retrieved from /home/airflow/.local/lib/python3.11/site-packages/airflow/example_dags/example_branch_day_of_week_operator.py
[2025-01-06T12:34:01.893+0000] {logging_mixin.py:188} INFO - [2025-01-06T12:34:01.892+0000] {dag.py:3036} INFO - Sync 1 DAGs
[2025-01-06T12:34:01.918+0000] {logging_mixin.py:188} INFO - [2025-01-06T12:34:01.917+0000] {dag.py:3823} INFO - Setting next_dagrun for example_weekday_branch_operator to 2025-01-05 00:00:00+00:00, run_after=2025-01-06 00:00:00+00:00
[2025-01-06T12:34:01.941+0000] {processor.py:183} INFO - Processing /home/airflow/.local/lib/python3.11/site-packages/airflow/example_dags/example_branch_day_of_week_operator.py took 0.089 seconds
[2025-01-06T12:34:32.227+0000] {processor.py:161} INFO - Started process (PID=3207) to work on /home/airflow/.local/lib/python3.11/site-packages/airflow/example_dags/example_branch_day_of_week_operator.py
[2025-01-06T12:34:32.229+0000] {processor.py:830} INFO - Processing file /home/airflow/.local/lib/python3.11/site-packages/airflow/example_dags/example_branch_day_of_week_operator.py for tasks to queue
[2025-01-06T12:34:32.230+0000] {logging_mixin.py:188} INFO - [2025-01-06T12:34:32.230+0000] {dagbag.py:538} INFO - Filling up the DagBag from /home/airflow/.local/lib/python3.11/site-packages/airflow/example_dags/example_branch_day_of_week_operator.py
[2025-01-06T12:34:32.242+0000] {processor.py:840} INFO - DAG(s) 'example_weekday_branch_operator' retrieved from /home/airflow/.local/lib/python3.11/site-packages/airflow/example_dags/example_branch_day_of_week_operator.py
[2025-01-06T12:34:32.277+0000] {logging_mixin.py:188} INFO - [2025-01-06T12:34:32.277+0000] {dag.py:3036} INFO - Sync 1 DAGs
[2025-01-06T12:34:32.316+0000] {logging_mixin.py:188} INFO - [2025-01-06T12:34:32.316+0000] {dag.py:3823} INFO - Setting next_dagrun for example_weekday_branch_operator to 2025-01-05 00:00:00+00:00, run_after=2025-01-06 00:00:00+00:00
[2025-01-06T12:34:32.348+0000] {processor.py:183} INFO - Processing /home/airflow/.local/lib/python3.11/site-packages/airflow/example_dags/example_branch_day_of_week_operator.py took 0.125 seconds
[2025-01-06T12:35:02.743+0000] {processor.py:161} INFO - Started process (PID=3278) to work on /home/airflow/.local/lib/python3.11/site-packages/airflow/example_dags/example_branch_day_of_week_operator.py
[2025-01-06T12:35:02.745+0000] {processor.py:830} INFO - Processing file /home/airflow/.local/lib/python3.11/site-packages/airflow/example_dags/example_branch_day_of_week_operator.py for tasks to queue
[2025-01-06T12:35:02.746+0000] {logging_mixin.py:188} INFO - [2025-01-06T12:35:02.745+0000] {dagbag.py:538} INFO - Filling up the DagBag from /home/airflow/.local/lib/python3.11/site-packages/airflow/example_dags/example_branch_day_of_week_operator.py
[2025-01-06T12:35:02.755+0000] {processor.py:840} INFO - DAG(s) 'example_weekday_branch_operator' retrieved from /home/airflow/.local/lib/python3.11/site-packages/airflow/example_dags/example_branch_day_of_week_operator.py
[2025-01-06T12:35:02.784+0000] {logging_mixin.py:188} INFO - [2025-01-06T12:35:02.784+0000] {dag.py:3036} INFO - Sync 1 DAGs
[2025-01-06T12:35:02.810+0000] {logging_mixin.py:188} INFO - [2025-01-06T12:35:02.810+0000] {dag.py:3823} INFO - Setting next_dagrun for example_weekday_branch_operator to 2025-01-05 00:00:00+00:00, run_after=2025-01-06 00:00:00+00:00
[2025-01-06T12:35:02.832+0000] {processor.py:183} INFO - Processing /home/airflow/.local/lib/python3.11/site-packages/airflow/example_dags/example_branch_day_of_week_operator.py took 0.093 seconds
[2025-01-06T12:35:33.946+0000] {processor.py:161} INFO - Started process (PID=3342) to work on /home/airflow/.local/lib/python3.11/site-packages/airflow/example_dags/example_branch_day_of_week_operator.py
[2025-01-06T12:35:33.948+0000] {processor.py:830} INFO - Processing file /home/airflow/.local/lib/python3.11/site-packages/airflow/example_dags/example_branch_day_of_week_operator.py for tasks to queue
[2025-01-06T12:35:33.950+0000] {logging_mixin.py:188} INFO - [2025-01-06T12:35:33.949+0000] {dagbag.py:538} INFO - Filling up the DagBag from /home/airflow/.local/lib/python3.11/site-packages/airflow/example_dags/example_branch_day_of_week_operator.py
[2025-01-06T12:35:33.981+0000] {processor.py:840} INFO - DAG(s) 'example_weekday_branch_operator' retrieved from /home/airflow/.local/lib/python3.11/site-packages/airflow/example_dags/example_branch_day_of_week_operator.py
[2025-01-06T12:35:34.077+0000] {logging_mixin.py:188} INFO - [2025-01-06T12:35:34.076+0000] {dag.py:3036} INFO - Sync 1 DAGs
[2025-01-06T12:35:34.126+0000] {logging_mixin.py:188} INFO - [2025-01-06T12:35:34.126+0000] {dag.py:3823} INFO - Setting next_dagrun for example_weekday_branch_operator to 2025-01-05 00:00:00+00:00, run_after=2025-01-06 00:00:00+00:00
[2025-01-06T12:35:34.150+0000] {processor.py:183} INFO - Processing /home/airflow/.local/lib/python3.11/site-packages/airflow/example_dags/example_branch_day_of_week_operator.py took 0.215 seconds
[2025-01-06T12:36:04.464+0000] {processor.py:161} INFO - Started process (PID=3406) to work on /home/airflow/.local/lib/python3.11/site-packages/airflow/example_dags/example_branch_day_of_week_operator.py
[2025-01-06T12:36:04.466+0000] {processor.py:830} INFO - Processing file /home/airflow/.local/lib/python3.11/site-packages/airflow/example_dags/example_branch_day_of_week_operator.py for tasks to queue
[2025-01-06T12:36:04.468+0000] {logging_mixin.py:188} INFO - [2025-01-06T12:36:04.467+0000] {dagbag.py:538} INFO - Filling up the DagBag from /home/airflow/.local/lib/python3.11/site-packages/airflow/example_dags/example_branch_day_of_week_operator.py
[2025-01-06T12:36:04.480+0000] {processor.py:840} INFO - DAG(s) 'example_weekday_branch_operator' retrieved from /home/airflow/.local/lib/python3.11/site-packages/airflow/example_dags/example_branch_day_of_week_operator.py
[2025-01-06T12:36:04.526+0000] {logging_mixin.py:188} INFO - [2025-01-06T12:36:04.526+0000] {dag.py:3036} INFO - Sync 1 DAGs
[2025-01-06T12:36:04.563+0000] {logging_mixin.py:188} INFO - [2025-01-06T12:36:04.563+0000] {dag.py:3823} INFO - Setting next_dagrun for example_weekday_branch_operator to 2025-01-05 00:00:00+00:00, run_after=2025-01-06 00:00:00+00:00
[2025-01-06T12:36:04.602+0000] {processor.py:183} INFO - Processing /home/airflow/.local/lib/python3.11/site-packages/airflow/example_dags/example_branch_day_of_week_operator.py took 0.144 seconds
[2025-01-06T12:36:35.010+0000] {processor.py:161} INFO - Started process (PID=3470) to work on /home/airflow/.local/lib/python3.11/site-packages/airflow/example_dags/example_branch_day_of_week_operator.py
[2025-01-06T12:36:35.012+0000] {processor.py:830} INFO - Processing file /home/airflow/.local/lib/python3.11/site-packages/airflow/example_dags/example_branch_day_of_week_operator.py for tasks to queue
[2025-01-06T12:36:35.014+0000] {logging_mixin.py:188} INFO - [2025-01-06T12:36:35.013+0000] {dagbag.py:538} INFO - Filling up the DagBag from /home/airflow/.local/lib/python3.11/site-packages/airflow/example_dags/example_branch_day_of_week_operator.py
[2025-01-06T12:36:35.029+0000] {processor.py:840} INFO - DAG(s) 'example_weekday_branch_operator' retrieved from /home/airflow/.local/lib/python3.11/site-packages/airflow/example_dags/example_branch_day_of_week_operator.py
[2025-01-06T12:36:35.076+0000] {logging_mixin.py:188} INFO - [2025-01-06T12:36:35.075+0000] {dag.py:3036} INFO - Sync 1 DAGs
[2025-01-06T12:36:35.138+0000] {logging_mixin.py:188} INFO - [2025-01-06T12:36:35.138+0000] {dag.py:3823} INFO - Setting next_dagrun for example_weekday_branch_operator to 2025-01-05 00:00:00+00:00, run_after=2025-01-06 00:00:00+00:00
[2025-01-06T12:36:35.187+0000] {processor.py:183} INFO - Processing /home/airflow/.local/lib/python3.11/site-packages/airflow/example_dags/example_branch_day_of_week_operator.py took 0.183 seconds
[2025-01-06T12:37:05.429+0000] {processor.py:161} INFO - Started process (PID=3534) to work on /home/airflow/.local/lib/python3.11/site-packages/airflow/example_dags/example_branch_day_of_week_operator.py
[2025-01-06T12:37:05.430+0000] {processor.py:830} INFO - Processing file /home/airflow/.local/lib/python3.11/site-packages/airflow/example_dags/example_branch_day_of_week_operator.py for tasks to queue
[2025-01-06T12:37:05.432+0000] {logging_mixin.py:188} INFO - [2025-01-06T12:37:05.431+0000] {dagbag.py:538} INFO - Filling up the DagBag from /home/airflow/.local/lib/python3.11/site-packages/airflow/example_dags/example_branch_day_of_week_operator.py
[2025-01-06T12:37:05.442+0000] {processor.py:840} INFO - DAG(s) 'example_weekday_branch_operator' retrieved from /home/airflow/.local/lib/python3.11/site-packages/airflow/example_dags/example_branch_day_of_week_operator.py
[2025-01-06T12:37:05.472+0000] {logging_mixin.py:188} INFO - [2025-01-06T12:37:05.472+0000] {dag.py:3036} INFO - Sync 1 DAGs
[2025-01-06T12:37:05.509+0000] {logging_mixin.py:188} INFO - [2025-01-06T12:37:05.508+0000] {dag.py:3823} INFO - Setting next_dagrun for example_weekday_branch_operator to 2025-01-05 00:00:00+00:00, run_after=2025-01-06 00:00:00+00:00
[2025-01-06T12:37:05.538+0000] {processor.py:183} INFO - Processing /home/airflow/.local/lib/python3.11/site-packages/airflow/example_dags/example_branch_day_of_week_operator.py took 0.114 seconds
[2025-01-06T12:37:35.612+0000] {processor.py:161} INFO - Started process (PID=3599) to work on /home/airflow/.local/lib/python3.11/site-packages/airflow/example_dags/example_branch_day_of_week_operator.py
[2025-01-06T12:37:35.614+0000] {processor.py:830} INFO - Processing file /home/airflow/.local/lib/python3.11/site-packages/airflow/example_dags/example_branch_day_of_week_operator.py for tasks to queue
[2025-01-06T12:37:35.616+0000] {logging_mixin.py:188} INFO - [2025-01-06T12:37:35.615+0000] {dagbag.py:538} INFO - Filling up the DagBag from /home/airflow/.local/lib/python3.11/site-packages/airflow/example_dags/example_branch_day_of_week_operator.py
[2025-01-06T12:37:35.634+0000] {processor.py:840} INFO - DAG(s) 'example_weekday_branch_operator' retrieved from /home/airflow/.local/lib/python3.11/site-packages/airflow/example_dags/example_branch_day_of_week_operator.py
[2025-01-06T12:37:35.702+0000] {logging_mixin.py:188} INFO - [2025-01-06T12:37:35.701+0000] {dag.py:3036} INFO - Sync 1 DAGs
[2025-01-06T12:37:35.765+0000] {logging_mixin.py:188} INFO - [2025-01-06T12:37:35.765+0000] {dag.py:3823} INFO - Setting next_dagrun for example_weekday_branch_operator to 2025-01-05 00:00:00+00:00, run_after=2025-01-06 00:00:00+00:00
[2025-01-06T12:37:35.818+0000] {processor.py:183} INFO - Processing /home/airflow/.local/lib/python3.11/site-packages/airflow/example_dags/example_branch_day_of_week_operator.py took 0.211 seconds
[2025-01-06T12:38:06.777+0000] {processor.py:161} INFO - Started process (PID=3663) to work on /home/airflow/.local/lib/python3.11/site-packages/airflow/example_dags/example_branch_day_of_week_operator.py
[2025-01-06T12:38:06.779+0000] {processor.py:830} INFO - Processing file /home/airflow/.local/lib/python3.11/site-packages/airflow/example_dags/example_branch_day_of_week_operator.py for tasks to queue
[2025-01-06T12:38:06.781+0000] {logging_mixin.py:188} INFO - [2025-01-06T12:38:06.781+0000] {dagbag.py:538} INFO - Filling up the DagBag from /home/airflow/.local/lib/python3.11/site-packages/airflow/example_dags/example_branch_day_of_week_operator.py
[2025-01-06T12:38:06.796+0000] {processor.py:840} INFO - DAG(s) 'example_weekday_branch_operator' retrieved from /home/airflow/.local/lib/python3.11/site-packages/airflow/example_dags/example_branch_day_of_week_operator.py
[2025-01-06T12:38:06.855+0000] {logging_mixin.py:188} INFO - [2025-01-06T12:38:06.855+0000] {dag.py:3036} INFO - Sync 1 DAGs
[2025-01-06T12:38:06.885+0000] {logging_mixin.py:188} INFO - [2025-01-06T12:38:06.885+0000] {dag.py:3823} INFO - Setting next_dagrun for example_weekday_branch_operator to 2025-01-05 00:00:00+00:00, run_after=2025-01-06 00:00:00+00:00
[2025-01-06T12:38:06.921+0000] {processor.py:183} INFO - Processing /home/airflow/.local/lib/python3.11/site-packages/airflow/example_dags/example_branch_day_of_week_operator.py took 0.147 seconds
[2025-01-06T12:38:37.060+0000] {processor.py:161} INFO - Started process (PID=3727) to work on /home/airflow/.local/lib/python3.11/site-packages/airflow/example_dags/example_branch_day_of_week_operator.py
[2025-01-06T12:38:37.061+0000] {processor.py:830} INFO - Processing file /home/airflow/.local/lib/python3.11/site-packages/airflow/example_dags/example_branch_day_of_week_operator.py for tasks to queue
[2025-01-06T12:38:37.062+0000] {logging_mixin.py:188} INFO - [2025-01-06T12:38:37.062+0000] {dagbag.py:538} INFO - Filling up the DagBag from /home/airflow/.local/lib/python3.11/site-packages/airflow/example_dags/example_branch_day_of_week_operator.py
[2025-01-06T12:38:37.070+0000] {processor.py:840} INFO - DAG(s) 'example_weekday_branch_operator' retrieved from /home/airflow/.local/lib/python3.11/site-packages/airflow/example_dags/example_branch_day_of_week_operator.py
[2025-01-06T12:38:37.094+0000] {logging_mixin.py:188} INFO - [2025-01-06T12:38:37.094+0000] {dag.py:3036} INFO - Sync 1 DAGs
[2025-01-06T12:38:37.118+0000] {logging_mixin.py:188} INFO - [2025-01-06T12:38:37.118+0000] {dag.py:3823} INFO - Setting next_dagrun for example_weekday_branch_operator to 2025-01-05 00:00:00+00:00, run_after=2025-01-06 00:00:00+00:00
[2025-01-06T12:38:37.140+0000] {processor.py:183} INFO - Processing /home/airflow/.local/lib/python3.11/site-packages/airflow/example_dags/example_branch_day_of_week_operator.py took 0.084 seconds
[2025-01-06T12:39:07.301+0000] {processor.py:161} INFO - Started process (PID=3798) to work on /home/airflow/.local/lib/python3.11/site-packages/airflow/example_dags/example_branch_day_of_week_operator.py
[2025-01-06T12:39:07.303+0000] {processor.py:830} INFO - Processing file /home/airflow/.local/lib/python3.11/site-packages/airflow/example_dags/example_branch_day_of_week_operator.py for tasks to queue
[2025-01-06T12:39:07.304+0000] {logging_mixin.py:188} INFO - [2025-01-06T12:39:07.303+0000] {dagbag.py:538} INFO - Filling up the DagBag from /home/airflow/.local/lib/python3.11/site-packages/airflow/example_dags/example_branch_day_of_week_operator.py
[2025-01-06T12:39:07.312+0000] {processor.py:840} INFO - DAG(s) 'example_weekday_branch_operator' retrieved from /home/airflow/.local/lib/python3.11/site-packages/airflow/example_dags/example_branch_day_of_week_operator.py
[2025-01-06T12:39:07.339+0000] {logging_mixin.py:188} INFO - [2025-01-06T12:39:07.339+0000] {dag.py:3036} INFO - Sync 1 DAGs
[2025-01-06T12:39:07.368+0000] {logging_mixin.py:188} INFO - [2025-01-06T12:39:07.368+0000] {dag.py:3823} INFO - Setting next_dagrun for example_weekday_branch_operator to 2025-01-05 00:00:00+00:00, run_after=2025-01-06 00:00:00+00:00
[2025-01-06T12:39:07.394+0000] {processor.py:183} INFO - Processing /home/airflow/.local/lib/python3.11/site-packages/airflow/example_dags/example_branch_day_of_week_operator.py took 0.095 seconds
[2025-01-06T12:39:37.542+0000] {processor.py:161} INFO - Started process (PID=3862) to work on /home/airflow/.local/lib/python3.11/site-packages/airflow/example_dags/example_branch_day_of_week_operator.py
[2025-01-06T12:39:37.543+0000] {processor.py:830} INFO - Processing file /home/airflow/.local/lib/python3.11/site-packages/airflow/example_dags/example_branch_day_of_week_operator.py for tasks to queue
[2025-01-06T12:39:37.545+0000] {logging_mixin.py:188} INFO - [2025-01-06T12:39:37.544+0000] {dagbag.py:538} INFO - Filling up the DagBag from /home/airflow/.local/lib/python3.11/site-packages/airflow/example_dags/example_branch_day_of_week_operator.py
[2025-01-06T12:39:37.553+0000] {processor.py:840} INFO - DAG(s) 'example_weekday_branch_operator' retrieved from /home/airflow/.local/lib/python3.11/site-packages/airflow/example_dags/example_branch_day_of_week_operator.py
[2025-01-06T12:39:37.577+0000] {logging_mixin.py:188} INFO - [2025-01-06T12:39:37.577+0000] {dag.py:3036} INFO - Sync 1 DAGs
[2025-01-06T12:39:37.601+0000] {logging_mixin.py:188} INFO - [2025-01-06T12:39:37.601+0000] {dag.py:3823} INFO - Setting next_dagrun for example_weekday_branch_operator to 2025-01-05 00:00:00+00:00, run_after=2025-01-06 00:00:00+00:00
[2025-01-06T12:39:37.622+0000] {processor.py:183} INFO - Processing /home/airflow/.local/lib/python3.11/site-packages/airflow/example_dags/example_branch_day_of_week_operator.py took 0.083 seconds
[2025-01-06T12:40:08.034+0000] {processor.py:161} INFO - Started process (PID=3926) to work on /home/airflow/.local/lib/python3.11/site-packages/airflow/example_dags/example_branch_day_of_week_operator.py
[2025-01-06T12:40:08.036+0000] {processor.py:830} INFO - Processing file /home/airflow/.local/lib/python3.11/site-packages/airflow/example_dags/example_branch_day_of_week_operator.py for tasks to queue
[2025-01-06T12:40:08.037+0000] {logging_mixin.py:188} INFO - [2025-01-06T12:40:08.037+0000] {dagbag.py:538} INFO - Filling up the DagBag from /home/airflow/.local/lib/python3.11/site-packages/airflow/example_dags/example_branch_day_of_week_operator.py
[2025-01-06T12:40:08.048+0000] {processor.py:840} INFO - DAG(s) 'example_weekday_branch_operator' retrieved from /home/airflow/.local/lib/python3.11/site-packages/airflow/example_dags/example_branch_day_of_week_operator.py
[2025-01-06T12:40:08.078+0000] {logging_mixin.py:188} INFO - [2025-01-06T12:40:08.078+0000] {dag.py:3036} INFO - Sync 1 DAGs
[2025-01-06T12:40:08.106+0000] {logging_mixin.py:188} INFO - [2025-01-06T12:40:08.105+0000] {dag.py:3823} INFO - Setting next_dagrun for example_weekday_branch_operator to 2025-01-05 00:00:00+00:00, run_after=2025-01-06 00:00:00+00:00
[2025-01-06T12:40:08.135+0000] {processor.py:183} INFO - Processing /home/airflow/.local/lib/python3.11/site-packages/airflow/example_dags/example_branch_day_of_week_operator.py took 0.106 seconds
[2025-01-06T12:40:38.278+0000] {processor.py:161} INFO - Started process (PID=3997) to work on /home/airflow/.local/lib/python3.11/site-packages/airflow/example_dags/example_branch_day_of_week_operator.py
[2025-01-06T12:40:38.280+0000] {processor.py:830} INFO - Processing file /home/airflow/.local/lib/python3.11/site-packages/airflow/example_dags/example_branch_day_of_week_operator.py for tasks to queue
[2025-01-06T12:40:38.282+0000] {logging_mixin.py:188} INFO - [2025-01-06T12:40:38.281+0000] {dagbag.py:538} INFO - Filling up the DagBag from /home/airflow/.local/lib/python3.11/site-packages/airflow/example_dags/example_branch_day_of_week_operator.py
[2025-01-06T12:40:38.290+0000] {processor.py:840} INFO - DAG(s) 'example_weekday_branch_operator' retrieved from /home/airflow/.local/lib/python3.11/site-packages/airflow/example_dags/example_branch_day_of_week_operator.py
[2025-01-06T12:40:38.317+0000] {logging_mixin.py:188} INFO - [2025-01-06T12:40:38.317+0000] {dag.py:3036} INFO - Sync 1 DAGs
[2025-01-06T12:40:38.346+0000] {logging_mixin.py:188} INFO - [2025-01-06T12:40:38.346+0000] {dag.py:3823} INFO - Setting next_dagrun for example_weekday_branch_operator to 2025-01-05 00:00:00+00:00, run_after=2025-01-06 00:00:00+00:00
[2025-01-06T12:40:38.369+0000] {processor.py:183} INFO - Processing /home/airflow/.local/lib/python3.11/site-packages/airflow/example_dags/example_branch_day_of_week_operator.py took 0.095 seconds
[2025-01-06T12:41:08.544+0000] {processor.py:161} INFO - Started process (PID=4061) to work on /home/airflow/.local/lib/python3.11/site-packages/airflow/example_dags/example_branch_day_of_week_operator.py
[2025-01-06T12:41:08.546+0000] {processor.py:830} INFO - Processing file /home/airflow/.local/lib/python3.11/site-packages/airflow/example_dags/example_branch_day_of_week_operator.py for tasks to queue
[2025-01-06T12:41:08.548+0000] {logging_mixin.py:188} INFO - [2025-01-06T12:41:08.548+0000] {dagbag.py:538} INFO - Filling up the DagBag from /home/airflow/.local/lib/python3.11/site-packages/airflow/example_dags/example_branch_day_of_week_operator.py
[2025-01-06T12:41:08.562+0000] {processor.py:840} INFO - DAG(s) 'example_weekday_branch_operator' retrieved from /home/airflow/.local/lib/python3.11/site-packages/airflow/example_dags/example_branch_day_of_week_operator.py
[2025-01-06T12:41:08.588+0000] {logging_mixin.py:188} INFO - [2025-01-06T12:41:08.587+0000] {dag.py:3036} INFO - Sync 1 DAGs
[2025-01-06T12:41:08.612+0000] {logging_mixin.py:188} INFO - [2025-01-06T12:41:08.612+0000] {dag.py:3823} INFO - Setting next_dagrun for example_weekday_branch_operator to 2025-01-05 00:00:00+00:00, run_after=2025-01-06 00:00:00+00:00
[2025-01-06T12:41:08.642+0000] {processor.py:183} INFO - Processing /home/airflow/.local/lib/python3.11/site-packages/airflow/example_dags/example_branch_day_of_week_operator.py took 0.105 seconds
[2025-01-06T12:41:38.893+0000] {processor.py:161} INFO - Started process (PID=4125) to work on /home/airflow/.local/lib/python3.11/site-packages/airflow/example_dags/example_branch_day_of_week_operator.py
[2025-01-06T12:41:38.894+0000] {processor.py:830} INFO - Processing file /home/airflow/.local/lib/python3.11/site-packages/airflow/example_dags/example_branch_day_of_week_operator.py for tasks to queue
[2025-01-06T12:41:38.896+0000] {logging_mixin.py:188} INFO - [2025-01-06T12:41:38.895+0000] {dagbag.py:538} INFO - Filling up the DagBag from /home/airflow/.local/lib/python3.11/site-packages/airflow/example_dags/example_branch_day_of_week_operator.py
[2025-01-06T12:41:38.908+0000] {processor.py:840} INFO - DAG(s) 'example_weekday_branch_operator' retrieved from /home/airflow/.local/lib/python3.11/site-packages/airflow/example_dags/example_branch_day_of_week_operator.py
[2025-01-06T12:41:38.935+0000] {logging_mixin.py:188} INFO - [2025-01-06T12:41:38.935+0000] {dag.py:3036} INFO - Sync 1 DAGs
[2025-01-06T12:41:38.960+0000] {logging_mixin.py:188} INFO - [2025-01-06T12:41:38.960+0000] {dag.py:3823} INFO - Setting next_dagrun for example_weekday_branch_operator to 2025-01-05 00:00:00+00:00, run_after=2025-01-06 00:00:00+00:00
[2025-01-06T12:41:38.983+0000] {processor.py:183} INFO - Processing /home/airflow/.local/lib/python3.11/site-packages/airflow/example_dags/example_branch_day_of_week_operator.py took 0.095 seconds
[2025-01-06T12:42:09.096+0000] {processor.py:161} INFO - Started process (PID=4196) to work on /home/airflow/.local/lib/python3.11/site-packages/airflow/example_dags/example_branch_day_of_week_operator.py
[2025-01-06T12:42:09.097+0000] {processor.py:830} INFO - Processing file /home/airflow/.local/lib/python3.11/site-packages/airflow/example_dags/example_branch_day_of_week_operator.py for tasks to queue
[2025-01-06T12:42:09.099+0000] {logging_mixin.py:188} INFO - [2025-01-06T12:42:09.099+0000] {dagbag.py:538} INFO - Filling up the DagBag from /home/airflow/.local/lib/python3.11/site-packages/airflow/example_dags/example_branch_day_of_week_operator.py
[2025-01-06T12:42:09.112+0000] {processor.py:840} INFO - DAG(s) 'example_weekday_branch_operator' retrieved from /home/airflow/.local/lib/python3.11/site-packages/airflow/example_dags/example_branch_day_of_week_operator.py
[2025-01-06T12:42:09.139+0000] {logging_mixin.py:188} INFO - [2025-01-06T12:42:09.138+0000] {dag.py:3036} INFO - Sync 1 DAGs
[2025-01-06T12:42:09.164+0000] {logging_mixin.py:188} INFO - [2025-01-06T12:42:09.163+0000] {dag.py:3823} INFO - Setting next_dagrun for example_weekday_branch_operator to 2025-01-05 00:00:00+00:00, run_after=2025-01-06 00:00:00+00:00
[2025-01-06T12:42:09.194+0000] {processor.py:183} INFO - Processing /home/airflow/.local/lib/python3.11/site-packages/airflow/example_dags/example_branch_day_of_week_operator.py took 0.103 seconds
[2025-01-06T12:42:39.729+0000] {processor.py:161} INFO - Started process (PID=4260) to work on /home/airflow/.local/lib/python3.11/site-packages/airflow/example_dags/example_branch_day_of_week_operator.py
[2025-01-06T12:42:39.732+0000] {processor.py:830} INFO - Processing file /home/airflow/.local/lib/python3.11/site-packages/airflow/example_dags/example_branch_day_of_week_operator.py for tasks to queue
[2025-01-06T12:42:39.734+0000] {logging_mixin.py:188} INFO - [2025-01-06T12:42:39.733+0000] {dagbag.py:538} INFO - Filling up the DagBag from /home/airflow/.local/lib/python3.11/site-packages/airflow/example_dags/example_branch_day_of_week_operator.py
[2025-01-06T12:42:39.746+0000] {processor.py:840} INFO - DAG(s) 'example_weekday_branch_operator' retrieved from /home/airflow/.local/lib/python3.11/site-packages/airflow/example_dags/example_branch_day_of_week_operator.py
[2025-01-06T12:42:39.772+0000] {logging_mixin.py:188} INFO - [2025-01-06T12:42:39.772+0000] {dag.py:3036} INFO - Sync 1 DAGs
[2025-01-06T12:42:39.797+0000] {logging_mixin.py:188} INFO - [2025-01-06T12:42:39.797+0000] {dag.py:3823} INFO - Setting next_dagrun for example_weekday_branch_operator to 2025-01-05 00:00:00+00:00, run_after=2025-01-06 00:00:00+00:00
[2025-01-06T12:42:39.818+0000] {processor.py:183} INFO - Processing /home/airflow/.local/lib/python3.11/site-packages/airflow/example_dags/example_branch_day_of_week_operator.py took 0.096 seconds
[2025-01-06T12:43:09.899+0000] {processor.py:161} INFO - Started process (PID=4323) to work on /home/airflow/.local/lib/python3.11/site-packages/airflow/example_dags/example_branch_day_of_week_operator.py
[2025-01-06T12:43:09.902+0000] {processor.py:830} INFO - Processing file /home/airflow/.local/lib/python3.11/site-packages/airflow/example_dags/example_branch_day_of_week_operator.py for tasks to queue
[2025-01-06T12:43:09.903+0000] {logging_mixin.py:188} INFO - [2025-01-06T12:43:09.902+0000] {dagbag.py:538} INFO - Filling up the DagBag from /home/airflow/.local/lib/python3.11/site-packages/airflow/example_dags/example_branch_day_of_week_operator.py
[2025-01-06T12:43:09.919+0000] {processor.py:840} INFO - DAG(s) 'example_weekday_branch_operator' retrieved from /home/airflow/.local/lib/python3.11/site-packages/airflow/example_dags/example_branch_day_of_week_operator.py
[2025-01-06T12:43:09.958+0000] {logging_mixin.py:188} INFO - [2025-01-06T12:43:09.958+0000] {dag.py:3036} INFO - Sync 1 DAGs
[2025-01-06T12:43:09.987+0000] {logging_mixin.py:188} INFO - [2025-01-06T12:43:09.987+0000] {dag.py:3823} INFO - Setting next_dagrun for example_weekday_branch_operator to 2025-01-05 00:00:00+00:00, run_after=2025-01-06 00:00:00+00:00
[2025-01-06T12:43:10.016+0000] {processor.py:183} INFO - Processing /home/airflow/.local/lib/python3.11/site-packages/airflow/example_dags/example_branch_day_of_week_operator.py took 0.126 seconds
[2025-01-06T12:43:40.063+0000] {processor.py:161} INFO - Started process (PID=4394) to work on /home/airflow/.local/lib/python3.11/site-packages/airflow/example_dags/example_branch_day_of_week_operator.py
[2025-01-06T12:43:40.064+0000] {processor.py:830} INFO - Processing file /home/airflow/.local/lib/python3.11/site-packages/airflow/example_dags/example_branch_day_of_week_operator.py for tasks to queue
[2025-01-06T12:43:40.065+0000] {logging_mixin.py:188} INFO - [2025-01-06T12:43:40.065+0000] {dagbag.py:538} INFO - Filling up the DagBag from /home/airflow/.local/lib/python3.11/site-packages/airflow/example_dags/example_branch_day_of_week_operator.py
[2025-01-06T12:43:40.073+0000] {processor.py:840} INFO - DAG(s) 'example_weekday_branch_operator' retrieved from /home/airflow/.local/lib/python3.11/site-packages/airflow/example_dags/example_branch_day_of_week_operator.py
[2025-01-06T12:43:40.098+0000] {logging_mixin.py:188} INFO - [2025-01-06T12:43:40.098+0000] {dag.py:3036} INFO - Sync 1 DAGs
[2025-01-06T12:43:40.121+0000] {logging_mixin.py:188} INFO - [2025-01-06T12:43:40.121+0000] {dag.py:3823} INFO - Setting next_dagrun for example_weekday_branch_operator to 2025-01-05 00:00:00+00:00, run_after=2025-01-06 00:00:00+00:00
[2025-01-06T12:43:40.152+0000] {processor.py:183} INFO - Processing /home/airflow/.local/lib/python3.11/site-packages/airflow/example_dags/example_branch_day_of_week_operator.py took 0.093 seconds
[2025-01-06T12:44:10.700+0000] {processor.py:161} INFO - Started process (PID=4459) to work on /home/airflow/.local/lib/python3.11/site-packages/airflow/example_dags/example_branch_day_of_week_operator.py
[2025-01-06T12:44:10.701+0000] {processor.py:830} INFO - Processing file /home/airflow/.local/lib/python3.11/site-packages/airflow/example_dags/example_branch_day_of_week_operator.py for tasks to queue
[2025-01-06T12:44:10.702+0000] {logging_mixin.py:188} INFO - [2025-01-06T12:44:10.702+0000] {dagbag.py:538} INFO - Filling up the DagBag from /home/airflow/.local/lib/python3.11/site-packages/airflow/example_dags/example_branch_day_of_week_operator.py
[2025-01-06T12:44:10.710+0000] {processor.py:840} INFO - DAG(s) 'example_weekday_branch_operator' retrieved from /home/airflow/.local/lib/python3.11/site-packages/airflow/example_dags/example_branch_day_of_week_operator.py
[2025-01-06T12:44:10.737+0000] {logging_mixin.py:188} INFO - [2025-01-06T12:44:10.737+0000] {dag.py:3036} INFO - Sync 1 DAGs
[2025-01-06T12:44:10.762+0000] {logging_mixin.py:188} INFO - [2025-01-06T12:44:10.762+0000] {dag.py:3823} INFO - Setting next_dagrun for example_weekday_branch_operator to 2025-01-05 00:00:00+00:00, run_after=2025-01-06 00:00:00+00:00
[2025-01-06T12:44:10.786+0000] {processor.py:183} INFO - Processing /home/airflow/.local/lib/python3.11/site-packages/airflow/example_dags/example_branch_day_of_week_operator.py took 0.091 seconds
[2025-01-06T12:44:40.841+0000] {processor.py:161} INFO - Started process (PID=4522) to work on /home/airflow/.local/lib/python3.11/site-packages/airflow/example_dags/example_branch_day_of_week_operator.py
[2025-01-06T12:44:40.843+0000] {processor.py:830} INFO - Processing file /home/airflow/.local/lib/python3.11/site-packages/airflow/example_dags/example_branch_day_of_week_operator.py for tasks to queue
[2025-01-06T12:44:40.844+0000] {logging_mixin.py:188} INFO - [2025-01-06T12:44:40.843+0000] {dagbag.py:538} INFO - Filling up the DagBag from /home/airflow/.local/lib/python3.11/site-packages/airflow/example_dags/example_branch_day_of_week_operator.py
[2025-01-06T12:44:40.852+0000] {processor.py:840} INFO - DAG(s) 'example_weekday_branch_operator' retrieved from /home/airflow/.local/lib/python3.11/site-packages/airflow/example_dags/example_branch_day_of_week_operator.py
[2025-01-06T12:44:40.877+0000] {logging_mixin.py:188} INFO - [2025-01-06T12:44:40.877+0000] {dag.py:3036} INFO - Sync 1 DAGs
[2025-01-06T12:44:40.902+0000] {logging_mixin.py:188} INFO - [2025-01-06T12:44:40.902+0000] {dag.py:3823} INFO - Setting next_dagrun for example_weekday_branch_operator to 2025-01-05 00:00:00+00:00, run_after=2025-01-06 00:00:00+00:00
[2025-01-06T12:44:40.926+0000] {processor.py:183} INFO - Processing /home/airflow/.local/lib/python3.11/site-packages/airflow/example_dags/example_branch_day_of_week_operator.py took 0.088 seconds
[2025-01-06T12:45:11.299+0000] {processor.py:161} INFO - Started process (PID=4594) to work on /home/airflow/.local/lib/python3.11/site-packages/airflow/example_dags/example_branch_day_of_week_operator.py
[2025-01-06T12:45:11.300+0000] {processor.py:830} INFO - Processing file /home/airflow/.local/lib/python3.11/site-packages/airflow/example_dags/example_branch_day_of_week_operator.py for tasks to queue
[2025-01-06T12:45:11.301+0000] {logging_mixin.py:188} INFO - [2025-01-06T12:45:11.301+0000] {dagbag.py:538} INFO - Filling up the DagBag from /home/airflow/.local/lib/python3.11/site-packages/airflow/example_dags/example_branch_day_of_week_operator.py
[2025-01-06T12:45:11.310+0000] {processor.py:840} INFO - DAG(s) 'example_weekday_branch_operator' retrieved from /home/airflow/.local/lib/python3.11/site-packages/airflow/example_dags/example_branch_day_of_week_operator.py
[2025-01-06T12:45:11.337+0000] {logging_mixin.py:188} INFO - [2025-01-06T12:45:11.336+0000] {dag.py:3036} INFO - Sync 1 DAGs
[2025-01-06T12:45:11.365+0000] {logging_mixin.py:188} INFO - [2025-01-06T12:45:11.365+0000] {dag.py:3823} INFO - Setting next_dagrun for example_weekday_branch_operator to 2025-01-05 00:00:00+00:00, run_after=2025-01-06 00:00:00+00:00
[2025-01-06T12:45:11.391+0000] {processor.py:183} INFO - Processing /home/airflow/.local/lib/python3.11/site-packages/airflow/example_dags/example_branch_day_of_week_operator.py took 0.095 seconds
[2025-01-06T12:45:41.480+0000] {processor.py:161} INFO - Started process (PID=4658) to work on /home/airflow/.local/lib/python3.11/site-packages/airflow/example_dags/example_branch_day_of_week_operator.py
[2025-01-06T12:45:41.481+0000] {processor.py:830} INFO - Processing file /home/airflow/.local/lib/python3.11/site-packages/airflow/example_dags/example_branch_day_of_week_operator.py for tasks to queue
[2025-01-06T12:45:41.483+0000] {logging_mixin.py:188} INFO - [2025-01-06T12:45:41.482+0000] {dagbag.py:538} INFO - Filling up the DagBag from /home/airflow/.local/lib/python3.11/site-packages/airflow/example_dags/example_branch_day_of_week_operator.py
[2025-01-06T12:45:41.492+0000] {processor.py:840} INFO - DAG(s) 'example_weekday_branch_operator' retrieved from /home/airflow/.local/lib/python3.11/site-packages/airflow/example_dags/example_branch_day_of_week_operator.py
[2025-01-06T12:45:41.516+0000] {logging_mixin.py:188} INFO - [2025-01-06T12:45:41.516+0000] {dag.py:3036} INFO - Sync 1 DAGs
[2025-01-06T12:45:41.541+0000] {logging_mixin.py:188} INFO - [2025-01-06T12:45:41.541+0000] {dag.py:3823} INFO - Setting next_dagrun for example_weekday_branch_operator to 2025-01-05 00:00:00+00:00, run_after=2025-01-06 00:00:00+00:00
[2025-01-06T12:45:41.578+0000] {processor.py:183} INFO - Processing /home/airflow/.local/lib/python3.11/site-packages/airflow/example_dags/example_branch_day_of_week_operator.py took 0.102 seconds
[2025-01-06T12:46:11.657+0000] {processor.py:161} INFO - Started process (PID=4721) to work on /home/airflow/.local/lib/python3.11/site-packages/airflow/example_dags/example_branch_day_of_week_operator.py
[2025-01-06T12:46:11.659+0000] {processor.py:830} INFO - Processing file /home/airflow/.local/lib/python3.11/site-packages/airflow/example_dags/example_branch_day_of_week_operator.py for tasks to queue
[2025-01-06T12:46:11.660+0000] {logging_mixin.py:188} INFO - [2025-01-06T12:46:11.660+0000] {dagbag.py:538} INFO - Filling up the DagBag from /home/airflow/.local/lib/python3.11/site-packages/airflow/example_dags/example_branch_day_of_week_operator.py
[2025-01-06T12:46:11.674+0000] {processor.py:840} INFO - DAG(s) 'example_weekday_branch_operator' retrieved from /home/airflow/.local/lib/python3.11/site-packages/airflow/example_dags/example_branch_day_of_week_operator.py
[2025-01-06T12:46:11.702+0000] {logging_mixin.py:188} INFO - [2025-01-06T12:46:11.701+0000] {dag.py:3036} INFO - Sync 1 DAGs
[2025-01-06T12:46:11.725+0000] {logging_mixin.py:188} INFO - [2025-01-06T12:46:11.725+0000] {dag.py:3823} INFO - Setting next_dagrun for example_weekday_branch_operator to 2025-01-05 00:00:00+00:00, run_after=2025-01-06 00:00:00+00:00
[2025-01-06T12:46:11.748+0000] {processor.py:183} INFO - Processing /home/airflow/.local/lib/python3.11/site-packages/airflow/example_dags/example_branch_day_of_week_operator.py took 0.097 seconds
[2025-01-06T12:46:42.126+0000] {processor.py:161} INFO - Started process (PID=4791) to work on /home/airflow/.local/lib/python3.11/site-packages/airflow/example_dags/example_branch_day_of_week_operator.py
[2025-01-06T12:46:42.127+0000] {processor.py:830} INFO - Processing file /home/airflow/.local/lib/python3.11/site-packages/airflow/example_dags/example_branch_day_of_week_operator.py for tasks to queue
[2025-01-06T12:46:42.128+0000] {logging_mixin.py:188} INFO - [2025-01-06T12:46:42.128+0000] {dagbag.py:538} INFO - Filling up the DagBag from /home/airflow/.local/lib/python3.11/site-packages/airflow/example_dags/example_branch_day_of_week_operator.py
[2025-01-06T12:46:42.138+0000] {processor.py:840} INFO - DAG(s) 'example_weekday_branch_operator' retrieved from /home/airflow/.local/lib/python3.11/site-packages/airflow/example_dags/example_branch_day_of_week_operator.py
[2025-01-06T12:46:42.168+0000] {logging_mixin.py:188} INFO - [2025-01-06T12:46:42.168+0000] {dag.py:3036} INFO - Sync 1 DAGs
[2025-01-06T12:46:42.194+0000] {logging_mixin.py:188} INFO - [2025-01-06T12:46:42.193+0000] {dag.py:3823} INFO - Setting next_dagrun for example_weekday_branch_operator to 2025-01-05 00:00:00+00:00, run_after=2025-01-06 00:00:00+00:00
[2025-01-06T12:46:42.216+0000] {processor.py:183} INFO - Processing /home/airflow/.local/lib/python3.11/site-packages/airflow/example_dags/example_branch_day_of_week_operator.py took 0.095 seconds
[2025-01-06T12:47:12.467+0000] {processor.py:161} INFO - Started process (PID=4856) to work on /home/airflow/.local/lib/python3.11/site-packages/airflow/example_dags/example_branch_day_of_week_operator.py
[2025-01-06T12:47:12.468+0000] {processor.py:830} INFO - Processing file /home/airflow/.local/lib/python3.11/site-packages/airflow/example_dags/example_branch_day_of_week_operator.py for tasks to queue
[2025-01-06T12:47:12.469+0000] {logging_mixin.py:188} INFO - [2025-01-06T12:47:12.469+0000] {dagbag.py:538} INFO - Filling up the DagBag from /home/airflow/.local/lib/python3.11/site-packages/airflow/example_dags/example_branch_day_of_week_operator.py
[2025-01-06T12:47:12.478+0000] {processor.py:840} INFO - DAG(s) 'example_weekday_branch_operator' retrieved from /home/airflow/.local/lib/python3.11/site-packages/airflow/example_dags/example_branch_day_of_week_operator.py
[2025-01-06T12:47:12.504+0000] {logging_mixin.py:188} INFO - [2025-01-06T12:47:12.504+0000] {dag.py:3036} INFO - Sync 1 DAGs
[2025-01-06T12:47:12.527+0000] {logging_mixin.py:188} INFO - [2025-01-06T12:47:12.527+0000] {dag.py:3823} INFO - Setting next_dagrun for example_weekday_branch_operator to 2025-01-05 00:00:00+00:00, run_after=2025-01-06 00:00:00+00:00
[2025-01-06T12:47:12.545+0000] {processor.py:183} INFO - Processing /home/airflow/.local/lib/python3.11/site-packages/airflow/example_dags/example_branch_day_of_week_operator.py took 0.082 seconds
[2025-01-06T12:47:43.124+0000] {processor.py:161} INFO - Started process (PID=4920) to work on /home/airflow/.local/lib/python3.11/site-packages/airflow/example_dags/example_branch_day_of_week_operator.py
[2025-01-06T12:47:43.125+0000] {processor.py:830} INFO - Processing file /home/airflow/.local/lib/python3.11/site-packages/airflow/example_dags/example_branch_day_of_week_operator.py for tasks to queue
[2025-01-06T12:47:43.127+0000] {logging_mixin.py:188} INFO - [2025-01-06T12:47:43.126+0000] {dagbag.py:538} INFO - Filling up the DagBag from /home/airflow/.local/lib/python3.11/site-packages/airflow/example_dags/example_branch_day_of_week_operator.py
[2025-01-06T12:47:43.136+0000] {processor.py:840} INFO - DAG(s) 'example_weekday_branch_operator' retrieved from /home/airflow/.local/lib/python3.11/site-packages/airflow/example_dags/example_branch_day_of_week_operator.py
[2025-01-06T12:47:43.168+0000] {logging_mixin.py:188} INFO - [2025-01-06T12:47:43.168+0000] {dag.py:3036} INFO - Sync 1 DAGs
[2025-01-06T12:47:43.344+0000] {logging_mixin.py:188} INFO - [2025-01-06T12:47:43.344+0000] {dag.py:3823} INFO - Setting next_dagrun for example_weekday_branch_operator to 2025-01-05 00:00:00+00:00, run_after=2025-01-06 00:00:00+00:00
[2025-01-06T12:47:43.375+0000] {processor.py:183} INFO - Processing /home/airflow/.local/lib/python3.11/site-packages/airflow/example_dags/example_branch_day_of_week_operator.py took 0.255 seconds
[2025-01-06T12:48:13.799+0000] {processor.py:161} INFO - Started process (PID=4991) to work on /home/airflow/.local/lib/python3.11/site-packages/airflow/example_dags/example_branch_day_of_week_operator.py
[2025-01-06T12:48:13.800+0000] {processor.py:830} INFO - Processing file /home/airflow/.local/lib/python3.11/site-packages/airflow/example_dags/example_branch_day_of_week_operator.py for tasks to queue
[2025-01-06T12:48:13.801+0000] {logging_mixin.py:188} INFO - [2025-01-06T12:48:13.801+0000] {dagbag.py:538} INFO - Filling up the DagBag from /home/airflow/.local/lib/python3.11/site-packages/airflow/example_dags/example_branch_day_of_week_operator.py
[2025-01-06T12:48:13.809+0000] {processor.py:840} INFO - DAG(s) 'example_weekday_branch_operator' retrieved from /home/airflow/.local/lib/python3.11/site-packages/airflow/example_dags/example_branch_day_of_week_operator.py
[2025-01-06T12:48:13.833+0000] {logging_mixin.py:188} INFO - [2025-01-06T12:48:13.833+0000] {dag.py:3036} INFO - Sync 1 DAGs
[2025-01-06T12:48:13.865+0000] {logging_mixin.py:188} INFO - [2025-01-06T12:48:13.865+0000] {dag.py:3823} INFO - Setting next_dagrun for example_weekday_branch_operator to 2025-01-05 00:00:00+00:00, run_after=2025-01-06 00:00:00+00:00
[2025-01-06T12:48:13.907+0000] {processor.py:183} INFO - Processing /home/airflow/.local/lib/python3.11/site-packages/airflow/example_dags/example_branch_day_of_week_operator.py took 0.112 seconds
[2025-01-06T12:48:44.188+0000] {processor.py:161} INFO - Started process (PID=5055) to work on /home/airflow/.local/lib/python3.11/site-packages/airflow/example_dags/example_branch_day_of_week_operator.py
[2025-01-06T12:48:44.189+0000] {processor.py:830} INFO - Processing file /home/airflow/.local/lib/python3.11/site-packages/airflow/example_dags/example_branch_day_of_week_operator.py for tasks to queue
[2025-01-06T12:48:44.190+0000] {logging_mixin.py:188} INFO - [2025-01-06T12:48:44.190+0000] {dagbag.py:538} INFO - Filling up the DagBag from /home/airflow/.local/lib/python3.11/site-packages/airflow/example_dags/example_branch_day_of_week_operator.py
[2025-01-06T12:48:44.200+0000] {processor.py:840} INFO - DAG(s) 'example_weekday_branch_operator' retrieved from /home/airflow/.local/lib/python3.11/site-packages/airflow/example_dags/example_branch_day_of_week_operator.py
[2025-01-06T12:48:44.233+0000] {logging_mixin.py:188} INFO - [2025-01-06T12:48:44.233+0000] {dag.py:3036} INFO - Sync 1 DAGs
[2025-01-06T12:48:44.265+0000] {logging_mixin.py:188} INFO - [2025-01-06T12:48:44.265+0000] {dag.py:3823} INFO - Setting next_dagrun for example_weekday_branch_operator to 2025-01-05 00:00:00+00:00, run_after=2025-01-06 00:00:00+00:00
[2025-01-06T12:48:44.309+0000] {processor.py:183} INFO - Processing /home/airflow/.local/lib/python3.11/site-packages/airflow/example_dags/example_branch_day_of_week_operator.py took 0.125 seconds
[2025-01-06T12:49:14.456+0000] {processor.py:161} INFO - Started process (PID=5119) to work on /home/airflow/.local/lib/python3.11/site-packages/airflow/example_dags/example_branch_day_of_week_operator.py
[2025-01-06T12:49:14.457+0000] {processor.py:830} INFO - Processing file /home/airflow/.local/lib/python3.11/site-packages/airflow/example_dags/example_branch_day_of_week_operator.py for tasks to queue
[2025-01-06T12:49:14.459+0000] {logging_mixin.py:188} INFO - [2025-01-06T12:49:14.458+0000] {dagbag.py:538} INFO - Filling up the DagBag from /home/airflow/.local/lib/python3.11/site-packages/airflow/example_dags/example_branch_day_of_week_operator.py
[2025-01-06T12:49:14.471+0000] {processor.py:840} INFO - DAG(s) 'example_weekday_branch_operator' retrieved from /home/airflow/.local/lib/python3.11/site-packages/airflow/example_dags/example_branch_day_of_week_operator.py
[2025-01-06T12:49:14.504+0000] {logging_mixin.py:188} INFO - [2025-01-06T12:49:14.504+0000] {dag.py:3036} INFO - Sync 1 DAGs
[2025-01-06T12:49:14.547+0000] {logging_mixin.py:188} INFO - [2025-01-06T12:49:14.547+0000] {dag.py:3823} INFO - Setting next_dagrun for example_weekday_branch_operator to 2025-01-05 00:00:00+00:00, run_after=2025-01-06 00:00:00+00:00
[2025-01-06T12:49:14.578+0000] {processor.py:183} INFO - Processing /home/airflow/.local/lib/python3.11/site-packages/airflow/example_dags/example_branch_day_of_week_operator.py took 0.126 seconds
[2025-01-06T12:49:44.855+0000] {processor.py:161} INFO - Started process (PID=5190) to work on /home/airflow/.local/lib/python3.11/site-packages/airflow/example_dags/example_branch_day_of_week_operator.py
[2025-01-06T12:49:44.857+0000] {processor.py:830} INFO - Processing file /home/airflow/.local/lib/python3.11/site-packages/airflow/example_dags/example_branch_day_of_week_operator.py for tasks to queue
[2025-01-06T12:49:44.858+0000] {logging_mixin.py:188} INFO - [2025-01-06T12:49:44.857+0000] {dagbag.py:538} INFO - Filling up the DagBag from /home/airflow/.local/lib/python3.11/site-packages/airflow/example_dags/example_branch_day_of_week_operator.py
[2025-01-06T12:49:44.867+0000] {processor.py:840} INFO - DAG(s) 'example_weekday_branch_operator' retrieved from /home/airflow/.local/lib/python3.11/site-packages/airflow/example_dags/example_branch_day_of_week_operator.py
[2025-01-06T12:49:45.066+0000] {logging_mixin.py:188} INFO - [2025-01-06T12:49:45.066+0000] {dag.py:3036} INFO - Sync 1 DAGs
[2025-01-06T12:49:45.090+0000] {logging_mixin.py:188} INFO - [2025-01-06T12:49:45.090+0000] {dag.py:3823} INFO - Setting next_dagrun for example_weekday_branch_operator to 2025-01-05 00:00:00+00:00, run_after=2025-01-06 00:00:00+00:00
[2025-01-06T12:49:45.111+0000] {processor.py:183} INFO - Processing /home/airflow/.local/lib/python3.11/site-packages/airflow/example_dags/example_branch_day_of_week_operator.py took 0.260 seconds
[2025-01-06T12:50:15.212+0000] {processor.py:161} INFO - Started process (PID=5254) to work on /home/airflow/.local/lib/python3.11/site-packages/airflow/example_dags/example_branch_day_of_week_operator.py
[2025-01-06T12:50:15.213+0000] {processor.py:830} INFO - Processing file /home/airflow/.local/lib/python3.11/site-packages/airflow/example_dags/example_branch_day_of_week_operator.py for tasks to queue
[2025-01-06T12:50:15.214+0000] {logging_mixin.py:188} INFO - [2025-01-06T12:50:15.214+0000] {dagbag.py:538} INFO - Filling up the DagBag from /home/airflow/.local/lib/python3.11/site-packages/airflow/example_dags/example_branch_day_of_week_operator.py
[2025-01-06T12:50:15.224+0000] {processor.py:840} INFO - DAG(s) 'example_weekday_branch_operator' retrieved from /home/airflow/.local/lib/python3.11/site-packages/airflow/example_dags/example_branch_day_of_week_operator.py
[2025-01-06T12:50:15.251+0000] {logging_mixin.py:188} INFO - [2025-01-06T12:50:15.250+0000] {dag.py:3036} INFO - Sync 1 DAGs
[2025-01-06T12:50:15.446+0000] {logging_mixin.py:188} INFO - [2025-01-06T12:50:15.446+0000] {dag.py:3823} INFO - Setting next_dagrun for example_weekday_branch_operator to 2025-01-05 00:00:00+00:00, run_after=2025-01-06 00:00:00+00:00
[2025-01-06T12:50:15.470+0000] {processor.py:183} INFO - Processing /home/airflow/.local/lib/python3.11/site-packages/airflow/example_dags/example_branch_day_of_week_operator.py took 0.263 seconds
[2025-01-06T12:50:45.715+0000] {processor.py:161} INFO - Started process (PID=5318) to work on /home/airflow/.local/lib/python3.11/site-packages/airflow/example_dags/example_branch_day_of_week_operator.py
[2025-01-06T12:50:45.716+0000] {processor.py:830} INFO - Processing file /home/airflow/.local/lib/python3.11/site-packages/airflow/example_dags/example_branch_day_of_week_operator.py for tasks to queue
[2025-01-06T12:50:45.717+0000] {logging_mixin.py:188} INFO - [2025-01-06T12:50:45.717+0000] {dagbag.py:538} INFO - Filling up the DagBag from /home/airflow/.local/lib/python3.11/site-packages/airflow/example_dags/example_branch_day_of_week_operator.py
[2025-01-06T12:50:45.725+0000] {processor.py:840} INFO - DAG(s) 'example_weekday_branch_operator' retrieved from /home/airflow/.local/lib/python3.11/site-packages/airflow/example_dags/example_branch_day_of_week_operator.py
[2025-01-06T12:50:45.751+0000] {logging_mixin.py:188} INFO - [2025-01-06T12:50:45.751+0000] {dag.py:3036} INFO - Sync 1 DAGs
[2025-01-06T12:50:45.777+0000] {logging_mixin.py:188} INFO - [2025-01-06T12:50:45.777+0000] {dag.py:3823} INFO - Setting next_dagrun for example_weekday_branch_operator to 2025-01-05 00:00:00+00:00, run_after=2025-01-06 00:00:00+00:00
[2025-01-06T12:50:45.799+0000] {processor.py:183} INFO - Processing /home/airflow/.local/lib/python3.11/site-packages/airflow/example_dags/example_branch_day_of_week_operator.py took 0.088 seconds
[2025-01-06T12:51:16.077+0000] {processor.py:161} INFO - Started process (PID=5389) to work on /home/airflow/.local/lib/python3.11/site-packages/airflow/example_dags/example_branch_day_of_week_operator.py
[2025-01-06T12:51:16.078+0000] {processor.py:830} INFO - Processing file /home/airflow/.local/lib/python3.11/site-packages/airflow/example_dags/example_branch_day_of_week_operator.py for tasks to queue
[2025-01-06T12:51:16.079+0000] {logging_mixin.py:188} INFO - [2025-01-06T12:51:16.079+0000] {dagbag.py:538} INFO - Filling up the DagBag from /home/airflow/.local/lib/python3.11/site-packages/airflow/example_dags/example_branch_day_of_week_operator.py
[2025-01-06T12:51:16.090+0000] {processor.py:840} INFO - DAG(s) 'example_weekday_branch_operator' retrieved from /home/airflow/.local/lib/python3.11/site-packages/airflow/example_dags/example_branch_day_of_week_operator.py
[2025-01-06T12:51:16.116+0000] {logging_mixin.py:188} INFO - [2025-01-06T12:51:16.116+0000] {dag.py:3036} INFO - Sync 1 DAGs
[2025-01-06T12:51:16.141+0000] {logging_mixin.py:188} INFO - [2025-01-06T12:51:16.141+0000] {dag.py:3823} INFO - Setting next_dagrun for example_weekday_branch_operator to 2025-01-05 00:00:00+00:00, run_after=2025-01-06 00:00:00+00:00
[2025-01-06T12:51:16.163+0000] {processor.py:183} INFO - Processing /home/airflow/.local/lib/python3.11/site-packages/airflow/example_dags/example_branch_day_of_week_operator.py took 0.090 seconds
[2025-01-06T12:51:46.489+0000] {processor.py:161} INFO - Started process (PID=5453) to work on /home/airflow/.local/lib/python3.11/site-packages/airflow/example_dags/example_branch_day_of_week_operator.py
[2025-01-06T12:51:46.491+0000] {processor.py:830} INFO - Processing file /home/airflow/.local/lib/python3.11/site-packages/airflow/example_dags/example_branch_day_of_week_operator.py for tasks to queue
[2025-01-06T12:51:46.492+0000] {logging_mixin.py:188} INFO - [2025-01-06T12:51:46.492+0000] {dagbag.py:538} INFO - Filling up the DagBag from /home/airflow/.local/lib/python3.11/site-packages/airflow/example_dags/example_branch_day_of_week_operator.py
[2025-01-06T12:51:46.504+0000] {processor.py:840} INFO - DAG(s) 'example_weekday_branch_operator' retrieved from /home/airflow/.local/lib/python3.11/site-packages/airflow/example_dags/example_branch_day_of_week_operator.py
[2025-01-06T12:51:46.529+0000] {logging_mixin.py:188} INFO - [2025-01-06T12:51:46.528+0000] {dag.py:3036} INFO - Sync 1 DAGs
[2025-01-06T12:51:46.552+0000] {logging_mixin.py:188} INFO - [2025-01-06T12:51:46.552+0000] {dag.py:3823} INFO - Setting next_dagrun for example_weekday_branch_operator to 2025-01-05 00:00:00+00:00, run_after=2025-01-06 00:00:00+00:00
[2025-01-06T12:51:46.571+0000] {processor.py:183} INFO - Processing /home/airflow/.local/lib/python3.11/site-packages/airflow/example_dags/example_branch_day_of_week_operator.py took 0.086 seconds
[2025-01-06T12:52:16.844+0000] {processor.py:161} INFO - Started process (PID=5518) to work on /home/airflow/.local/lib/python3.11/site-packages/airflow/example_dags/example_branch_day_of_week_operator.py
[2025-01-06T12:52:16.845+0000] {processor.py:830} INFO - Processing file /home/airflow/.local/lib/python3.11/site-packages/airflow/example_dags/example_branch_day_of_week_operator.py for tasks to queue
[2025-01-06T12:52:16.847+0000] {logging_mixin.py:188} INFO - [2025-01-06T12:52:16.846+0000] {dagbag.py:538} INFO - Filling up the DagBag from /home/airflow/.local/lib/python3.11/site-packages/airflow/example_dags/example_branch_day_of_week_operator.py
[2025-01-06T12:52:16.856+0000] {processor.py:840} INFO - DAG(s) 'example_weekday_branch_operator' retrieved from /home/airflow/.local/lib/python3.11/site-packages/airflow/example_dags/example_branch_day_of_week_operator.py
[2025-01-06T12:52:16.880+0000] {logging_mixin.py:188} INFO - [2025-01-06T12:52:16.880+0000] {dag.py:3036} INFO - Sync 1 DAGs
[2025-01-06T12:52:16.905+0000] {logging_mixin.py:188} INFO - [2025-01-06T12:52:16.905+0000] {dag.py:3823} INFO - Setting next_dagrun for example_weekday_branch_operator to 2025-01-05 00:00:00+00:00, run_after=2025-01-06 00:00:00+00:00
[2025-01-06T12:52:16.926+0000] {processor.py:183} INFO - Processing /home/airflow/.local/lib/python3.11/site-packages/airflow/example_dags/example_branch_day_of_week_operator.py took 0.086 seconds
[2025-01-06T12:52:47.112+0000] {processor.py:161} INFO - Started process (PID=5589) to work on /home/airflow/.local/lib/python3.11/site-packages/airflow/example_dags/example_branch_day_of_week_operator.py
[2025-01-06T12:52:47.113+0000] {processor.py:830} INFO - Processing file /home/airflow/.local/lib/python3.11/site-packages/airflow/example_dags/example_branch_day_of_week_operator.py for tasks to queue
[2025-01-06T12:52:47.114+0000] {logging_mixin.py:188} INFO - [2025-01-06T12:52:47.114+0000] {dagbag.py:538} INFO - Filling up the DagBag from /home/airflow/.local/lib/python3.11/site-packages/airflow/example_dags/example_branch_day_of_week_operator.py
[2025-01-06T12:52:47.123+0000] {processor.py:840} INFO - DAG(s) 'example_weekday_branch_operator' retrieved from /home/airflow/.local/lib/python3.11/site-packages/airflow/example_dags/example_branch_day_of_week_operator.py
[2025-01-06T12:52:47.150+0000] {logging_mixin.py:188} INFO - [2025-01-06T12:52:47.150+0000] {dag.py:3036} INFO - Sync 1 DAGs
[2025-01-06T12:52:47.177+0000] {logging_mixin.py:188} INFO - [2025-01-06T12:52:47.176+0000] {dag.py:3823} INFO - Setting next_dagrun for example_weekday_branch_operator to 2025-01-05 00:00:00+00:00, run_after=2025-01-06 00:00:00+00:00
[2025-01-06T12:52:47.199+0000] {processor.py:183} INFO - Processing /home/airflow/.local/lib/python3.11/site-packages/airflow/example_dags/example_branch_day_of_week_operator.py took 0.091 seconds
[2025-01-06T12:53:17.315+0000] {processor.py:161} INFO - Started process (PID=5653) to work on /home/airflow/.local/lib/python3.11/site-packages/airflow/example_dags/example_branch_day_of_week_operator.py
[2025-01-06T12:53:17.316+0000] {processor.py:830} INFO - Processing file /home/airflow/.local/lib/python3.11/site-packages/airflow/example_dags/example_branch_day_of_week_operator.py for tasks to queue
[2025-01-06T12:53:17.317+0000] {logging_mixin.py:188} INFO - [2025-01-06T12:53:17.317+0000] {dagbag.py:538} INFO - Filling up the DagBag from /home/airflow/.local/lib/python3.11/site-packages/airflow/example_dags/example_branch_day_of_week_operator.py
[2025-01-06T12:53:17.326+0000] {processor.py:840} INFO - DAG(s) 'example_weekday_branch_operator' retrieved from /home/airflow/.local/lib/python3.11/site-packages/airflow/example_dags/example_branch_day_of_week_operator.py
[2025-01-06T12:53:17.351+0000] {logging_mixin.py:188} INFO - [2025-01-06T12:53:17.351+0000] {dag.py:3036} INFO - Sync 1 DAGs
[2025-01-06T12:53:17.377+0000] {logging_mixin.py:188} INFO - [2025-01-06T12:53:17.377+0000] {dag.py:3823} INFO - Setting next_dagrun for example_weekday_branch_operator to 2025-01-05 00:00:00+00:00, run_after=2025-01-06 00:00:00+00:00
[2025-01-06T12:53:17.413+0000] {processor.py:183} INFO - Processing /home/airflow/.local/lib/python3.11/site-packages/airflow/example_dags/example_branch_day_of_week_operator.py took 0.102 seconds
[2025-01-06T12:53:47.786+0000] {processor.py:161} INFO - Started process (PID=5717) to work on /home/airflow/.local/lib/python3.11/site-packages/airflow/example_dags/example_branch_day_of_week_operator.py
[2025-01-06T12:53:47.787+0000] {processor.py:830} INFO - Processing file /home/airflow/.local/lib/python3.11/site-packages/airflow/example_dags/example_branch_day_of_week_operator.py for tasks to queue
[2025-01-06T12:53:47.788+0000] {logging_mixin.py:188} INFO - [2025-01-06T12:53:47.787+0000] {dagbag.py:538} INFO - Filling up the DagBag from /home/airflow/.local/lib/python3.11/site-packages/airflow/example_dags/example_branch_day_of_week_operator.py
[2025-01-06T12:53:47.797+0000] {processor.py:840} INFO - DAG(s) 'example_weekday_branch_operator' retrieved from /home/airflow/.local/lib/python3.11/site-packages/airflow/example_dags/example_branch_day_of_week_operator.py
[2025-01-06T12:53:47.824+0000] {logging_mixin.py:188} INFO - [2025-01-06T12:53:47.823+0000] {dag.py:3036} INFO - Sync 1 DAGs
[2025-01-06T12:53:47.850+0000] {logging_mixin.py:188} INFO - [2025-01-06T12:53:47.850+0000] {dag.py:3823} INFO - Setting next_dagrun for example_weekday_branch_operator to 2025-01-05 00:00:00+00:00, run_after=2025-01-06 00:00:00+00:00
[2025-01-06T12:53:47.874+0000] {processor.py:183} INFO - Processing /home/airflow/.local/lib/python3.11/site-packages/airflow/example_dags/example_branch_day_of_week_operator.py took 0.092 seconds
[2025-01-06T12:54:18.209+0000] {processor.py:161} INFO - Started process (PID=5789) to work on /home/airflow/.local/lib/python3.11/site-packages/airflow/example_dags/example_branch_day_of_week_operator.py
[2025-01-06T12:54:18.210+0000] {processor.py:830} INFO - Processing file /home/airflow/.local/lib/python3.11/site-packages/airflow/example_dags/example_branch_day_of_week_operator.py for tasks to queue
[2025-01-06T12:54:18.211+0000] {logging_mixin.py:188} INFO - [2025-01-06T12:54:18.211+0000] {dagbag.py:538} INFO - Filling up the DagBag from /home/airflow/.local/lib/python3.11/site-packages/airflow/example_dags/example_branch_day_of_week_operator.py
[2025-01-06T12:54:18.220+0000] {processor.py:840} INFO - DAG(s) 'example_weekday_branch_operator' retrieved from /home/airflow/.local/lib/python3.11/site-packages/airflow/example_dags/example_branch_day_of_week_operator.py
[2025-01-06T12:54:18.249+0000] {logging_mixin.py:188} INFO - [2025-01-06T12:54:18.249+0000] {dag.py:3036} INFO - Sync 1 DAGs
[2025-01-06T12:54:18.277+0000] {logging_mixin.py:188} INFO - [2025-01-06T12:54:18.277+0000] {dag.py:3823} INFO - Setting next_dagrun for example_weekday_branch_operator to 2025-01-05 00:00:00+00:00, run_after=2025-01-06 00:00:00+00:00
[2025-01-06T12:54:18.300+0000] {processor.py:183} INFO - Processing /home/airflow/.local/lib/python3.11/site-packages/airflow/example_dags/example_branch_day_of_week_operator.py took 0.094 seconds
[2025-01-06T12:54:48.434+0000] {processor.py:161} INFO - Started process (PID=5853) to work on /home/airflow/.local/lib/python3.11/site-packages/airflow/example_dags/example_branch_day_of_week_operator.py
[2025-01-06T12:54:48.436+0000] {processor.py:830} INFO - Processing file /home/airflow/.local/lib/python3.11/site-packages/airflow/example_dags/example_branch_day_of_week_operator.py for tasks to queue
[2025-01-06T12:54:48.437+0000] {logging_mixin.py:188} INFO - [2025-01-06T12:54:48.437+0000] {dagbag.py:538} INFO - Filling up the DagBag from /home/airflow/.local/lib/python3.11/site-packages/airflow/example_dags/example_branch_day_of_week_operator.py
[2025-01-06T12:54:48.446+0000] {processor.py:840} INFO - DAG(s) 'example_weekday_branch_operator' retrieved from /home/airflow/.local/lib/python3.11/site-packages/airflow/example_dags/example_branch_day_of_week_operator.py
[2025-01-06T12:54:48.471+0000] {logging_mixin.py:188} INFO - [2025-01-06T12:54:48.471+0000] {dag.py:3036} INFO - Sync 1 DAGs
[2025-01-06T12:54:48.495+0000] {logging_mixin.py:188} INFO - [2025-01-06T12:54:48.495+0000] {dag.py:3823} INFO - Setting next_dagrun for example_weekday_branch_operator to 2025-01-05 00:00:00+00:00, run_after=2025-01-06 00:00:00+00:00
[2025-01-06T12:54:48.516+0000] {processor.py:183} INFO - Processing /home/airflow/.local/lib/python3.11/site-packages/airflow/example_dags/example_branch_day_of_week_operator.py took 0.085 seconds
[2025-01-06T12:59:09.881+0000] {processor.py:161} INFO - Started process (PID=5925) to work on /home/airflow/.local/lib/python3.11/site-packages/airflow/example_dags/example_branch_day_of_week_operator.py
[2025-01-06T12:59:09.907+0000] {processor.py:830} INFO - Processing file /home/airflow/.local/lib/python3.11/site-packages/airflow/example_dags/example_branch_day_of_week_operator.py for tasks to queue
[2025-01-06T12:59:09.939+0000] {logging_mixin.py:188} INFO - [2025-01-06T12:59:09.914+0000] {dagbag.py:538} INFO - Filling up the DagBag from /home/airflow/.local/lib/python3.11/site-packages/airflow/example_dags/example_branch_day_of_week_operator.py
[2025-01-06T12:59:10.010+0000] {processor.py:840} INFO - DAG(s) 'example_weekday_branch_operator' retrieved from /home/airflow/.local/lib/python3.11/site-packages/airflow/example_dags/example_branch_day_of_week_operator.py
[2025-01-06T12:59:10.155+0000] {logging_mixin.py:188} INFO - [2025-01-06T12:59:10.154+0000] {dag.py:3036} INFO - Sync 1 DAGs
[2025-01-06T12:59:10.219+0000] {logging_mixin.py:188} INFO - [2025-01-06T12:59:10.219+0000] {dag.py:3823} INFO - Setting next_dagrun for example_weekday_branch_operator to 2025-01-05 00:00:00+00:00, run_after=2025-01-06 00:00:00+00:00
[2025-01-06T12:59:10.291+0000] {processor.py:183} INFO - Processing /home/airflow/.local/lib/python3.11/site-packages/airflow/example_dags/example_branch_day_of_week_operator.py took 0.442 seconds
