[2025-01-06T12:31:33.116+0000] {processor.py:161} INFO - Started process (PID=2833) to work on /home/airflow/.local/lib/python3.11/site-packages/airflow/example_dags/tutorial_dag.py
[2025-01-06T12:31:33.117+0000] {processor.py:830} INFO - Processing file /home/airflow/.local/lib/python3.11/site-packages/airflow/example_dags/tutorial_dag.py for tasks to queue
[2025-01-06T12:31:33.119+0000] {logging_mixin.py:188} INFO - [2025-01-06T12:31:33.119+0000] {dagbag.py:538} INFO - Filling up the DagBag from /home/airflow/.local/lib/python3.11/site-packages/airflow/example_dags/tutorial_dag.py
[2025-01-06T12:31:33.146+0000] {processor.py:840} INFO - DAG(s) 'tutorial_dag' retrieved from /home/airflow/.local/lib/python3.11/site-packages/airflow/example_dags/tutorial_dag.py
[2025-01-06T12:31:33.223+0000] {logging_mixin.py:188} INFO - [2025-01-06T12:31:33.222+0000] {dag.py:3036} INFO - Sync 1 DAGs
[2025-01-06T12:31:33.285+0000] {logging_mixin.py:188} INFO - [2025-01-06T12:31:33.285+0000] {dag.py:3823} INFO - Setting next_dagrun for tutorial_dag to None, run_after=None
[2025-01-06T12:31:33.749+0000] {processor.py:183} INFO - Processing /home/airflow/.local/lib/python3.11/site-packages/airflow/example_dags/tutorial_dag.py took 0.638 seconds
[2025-01-06T12:32:03.941+0000] {processor.py:161} INFO - Started process (PID=2890) to work on /home/airflow/.local/lib/python3.11/site-packages/airflow/example_dags/tutorial_dag.py
[2025-01-06T12:32:03.942+0000] {processor.py:830} INFO - Processing file /home/airflow/.local/lib/python3.11/site-packages/airflow/example_dags/tutorial_dag.py for tasks to queue
[2025-01-06T12:32:03.943+0000] {logging_mixin.py:188} INFO - [2025-01-06T12:32:03.943+0000] {dagbag.py:538} INFO - Filling up the DagBag from /home/airflow/.local/lib/python3.11/site-packages/airflow/example_dags/tutorial_dag.py
[2025-01-06T12:32:03.949+0000] {processor.py:840} INFO - DAG(s) 'tutorial_dag' retrieved from /home/airflow/.local/lib/python3.11/site-packages/airflow/example_dags/tutorial_dag.py
[2025-01-06T12:32:03.972+0000] {logging_mixin.py:188} INFO - [2025-01-06T12:32:03.972+0000] {dag.py:3036} INFO - Sync 1 DAGs
[2025-01-06T12:32:03.986+0000] {logging_mixin.py:188} INFO - [2025-01-06T12:32:03.986+0000] {dag.py:3823} INFO - Setting next_dagrun for tutorial_dag to None, run_after=None
[2025-01-06T12:32:04.009+0000] {processor.py:183} INFO - Processing /home/airflow/.local/lib/python3.11/site-packages/airflow/example_dags/tutorial_dag.py took 0.074 seconds
[2025-01-06T12:32:34.613+0000] {processor.py:161} INFO - Started process (PID=2961) to work on /home/airflow/.local/lib/python3.11/site-packages/airflow/example_dags/tutorial_dag.py
[2025-01-06T12:32:34.614+0000] {processor.py:830} INFO - Processing file /home/airflow/.local/lib/python3.11/site-packages/airflow/example_dags/tutorial_dag.py for tasks to queue
[2025-01-06T12:32:34.615+0000] {logging_mixin.py:188} INFO - [2025-01-06T12:32:34.615+0000] {dagbag.py:538} INFO - Filling up the DagBag from /home/airflow/.local/lib/python3.11/site-packages/airflow/example_dags/tutorial_dag.py
[2025-01-06T12:32:34.621+0000] {processor.py:840} INFO - DAG(s) 'tutorial_dag' retrieved from /home/airflow/.local/lib/python3.11/site-packages/airflow/example_dags/tutorial_dag.py
[2025-01-06T12:32:34.651+0000] {logging_mixin.py:188} INFO - [2025-01-06T12:32:34.650+0000] {dag.py:3036} INFO - Sync 1 DAGs
[2025-01-06T12:32:34.665+0000] {logging_mixin.py:188} INFO - [2025-01-06T12:32:34.665+0000] {dag.py:3823} INFO - Setting next_dagrun for tutorial_dag to None, run_after=None
[2025-01-06T12:32:34.688+0000] {processor.py:183} INFO - Processing /home/airflow/.local/lib/python3.11/site-packages/airflow/example_dags/tutorial_dag.py took 0.080 seconds
[2025-01-06T12:33:05.115+0000] {processor.py:161} INFO - Started process (PID=3025) to work on /home/airflow/.local/lib/python3.11/site-packages/airflow/example_dags/tutorial_dag.py
[2025-01-06T12:33:05.116+0000] {processor.py:830} INFO - Processing file /home/airflow/.local/lib/python3.11/site-packages/airflow/example_dags/tutorial_dag.py for tasks to queue
[2025-01-06T12:33:05.117+0000] {logging_mixin.py:188} INFO - [2025-01-06T12:33:05.117+0000] {dagbag.py:538} INFO - Filling up the DagBag from /home/airflow/.local/lib/python3.11/site-packages/airflow/example_dags/tutorial_dag.py
[2025-01-06T12:33:05.126+0000] {processor.py:840} INFO - DAG(s) 'tutorial_dag' retrieved from /home/airflow/.local/lib/python3.11/site-packages/airflow/example_dags/tutorial_dag.py
[2025-01-06T12:33:05.155+0000] {logging_mixin.py:188} INFO - [2025-01-06T12:33:05.155+0000] {dag.py:3036} INFO - Sync 1 DAGs
[2025-01-06T12:33:05.172+0000] {logging_mixin.py:188} INFO - [2025-01-06T12:33:05.171+0000] {dag.py:3823} INFO - Setting next_dagrun for tutorial_dag to None, run_after=None
[2025-01-06T12:33:05.197+0000] {processor.py:183} INFO - Processing /home/airflow/.local/lib/python3.11/site-packages/airflow/example_dags/tutorial_dag.py took 0.087 seconds
[2025-01-06T12:33:35.699+0000] {processor.py:161} INFO - Started process (PID=3089) to work on /home/airflow/.local/lib/python3.11/site-packages/airflow/example_dags/tutorial_dag.py
[2025-01-06T12:33:35.700+0000] {processor.py:830} INFO - Processing file /home/airflow/.local/lib/python3.11/site-packages/airflow/example_dags/tutorial_dag.py for tasks to queue
[2025-01-06T12:33:35.702+0000] {logging_mixin.py:188} INFO - [2025-01-06T12:33:35.701+0000] {dagbag.py:538} INFO - Filling up the DagBag from /home/airflow/.local/lib/python3.11/site-packages/airflow/example_dags/tutorial_dag.py
[2025-01-06T12:33:35.709+0000] {processor.py:840} INFO - DAG(s) 'tutorial_dag' retrieved from /home/airflow/.local/lib/python3.11/site-packages/airflow/example_dags/tutorial_dag.py
[2025-01-06T12:33:35.734+0000] {logging_mixin.py:188} INFO - [2025-01-06T12:33:35.733+0000] {dag.py:3036} INFO - Sync 1 DAGs
[2025-01-06T12:33:35.755+0000] {logging_mixin.py:188} INFO - [2025-01-06T12:33:35.754+0000] {dag.py:3823} INFO - Setting next_dagrun for tutorial_dag to None, run_after=None
[2025-01-06T12:33:35.781+0000] {processor.py:183} INFO - Processing /home/airflow/.local/lib/python3.11/site-packages/airflow/example_dags/tutorial_dag.py took 0.088 seconds
[2025-01-06T12:34:06.618+0000] {processor.py:161} INFO - Started process (PID=3153) to work on /home/airflow/.local/lib/python3.11/site-packages/airflow/example_dags/tutorial_dag.py
[2025-01-06T12:34:06.620+0000] {processor.py:830} INFO - Processing file /home/airflow/.local/lib/python3.11/site-packages/airflow/example_dags/tutorial_dag.py for tasks to queue
[2025-01-06T12:34:06.622+0000] {logging_mixin.py:188} INFO - [2025-01-06T12:34:06.621+0000] {dagbag.py:538} INFO - Filling up the DagBag from /home/airflow/.local/lib/python3.11/site-packages/airflow/example_dags/tutorial_dag.py
[2025-01-06T12:34:06.630+0000] {processor.py:840} INFO - DAG(s) 'tutorial_dag' retrieved from /home/airflow/.local/lib/python3.11/site-packages/airflow/example_dags/tutorial_dag.py
[2025-01-06T12:34:06.662+0000] {logging_mixin.py:188} INFO - [2025-01-06T12:34:06.661+0000] {dag.py:3036} INFO - Sync 1 DAGs
[2025-01-06T12:34:06.679+0000] {logging_mixin.py:188} INFO - [2025-01-06T12:34:06.679+0000] {dag.py:3823} INFO - Setting next_dagrun for tutorial_dag to None, run_after=None
[2025-01-06T12:34:06.705+0000] {processor.py:183} INFO - Processing /home/airflow/.local/lib/python3.11/site-packages/airflow/example_dags/tutorial_dag.py took 0.091 seconds
[2025-01-06T12:34:37.062+0000] {processor.py:161} INFO - Started process (PID=3224) to work on /home/airflow/.local/lib/python3.11/site-packages/airflow/example_dags/tutorial_dag.py
[2025-01-06T12:34:37.063+0000] {processor.py:830} INFO - Processing file /home/airflow/.local/lib/python3.11/site-packages/airflow/example_dags/tutorial_dag.py for tasks to queue
[2025-01-06T12:34:37.065+0000] {logging_mixin.py:188} INFO - [2025-01-06T12:34:37.064+0000] {dagbag.py:538} INFO - Filling up the DagBag from /home/airflow/.local/lib/python3.11/site-packages/airflow/example_dags/tutorial_dag.py
[2025-01-06T12:34:37.074+0000] {processor.py:840} INFO - DAG(s) 'tutorial_dag' retrieved from /home/airflow/.local/lib/python3.11/site-packages/airflow/example_dags/tutorial_dag.py
[2025-01-06T12:34:37.100+0000] {logging_mixin.py:188} INFO - [2025-01-06T12:34:37.100+0000] {dag.py:3036} INFO - Sync 1 DAGs
[2025-01-06T12:34:37.116+0000] {logging_mixin.py:188} INFO - [2025-01-06T12:34:37.116+0000] {dag.py:3823} INFO - Setting next_dagrun for tutorial_dag to None, run_after=None
[2025-01-06T12:34:37.141+0000] {processor.py:183} INFO - Processing /home/airflow/.local/lib/python3.11/site-packages/airflow/example_dags/tutorial_dag.py took 0.083 seconds
[2025-01-06T12:35:07.644+0000] {processor.py:161} INFO - Started process (PID=3288) to work on /home/airflow/.local/lib/python3.11/site-packages/airflow/example_dags/tutorial_dag.py
[2025-01-06T12:35:07.646+0000] {processor.py:830} INFO - Processing file /home/airflow/.local/lib/python3.11/site-packages/airflow/example_dags/tutorial_dag.py for tasks to queue
[2025-01-06T12:35:07.647+0000] {logging_mixin.py:188} INFO - [2025-01-06T12:35:07.647+0000] {dagbag.py:538} INFO - Filling up the DagBag from /home/airflow/.local/lib/python3.11/site-packages/airflow/example_dags/tutorial_dag.py
[2025-01-06T12:35:07.654+0000] {processor.py:840} INFO - DAG(s) 'tutorial_dag' retrieved from /home/airflow/.local/lib/python3.11/site-packages/airflow/example_dags/tutorial_dag.py
[2025-01-06T12:35:07.682+0000] {logging_mixin.py:188} INFO - [2025-01-06T12:35:07.682+0000] {dag.py:3036} INFO - Sync 1 DAGs
[2025-01-06T12:35:07.704+0000] {logging_mixin.py:188} INFO - [2025-01-06T12:35:07.704+0000] {dag.py:3823} INFO - Setting next_dagrun for tutorial_dag to None, run_after=None
[2025-01-06T12:35:07.732+0000] {processor.py:183} INFO - Processing /home/airflow/.local/lib/python3.11/site-packages/airflow/example_dags/tutorial_dag.py took 0.094 seconds
[2025-01-06T12:35:37.857+0000] {processor.py:161} INFO - Started process (PID=3352) to work on /home/airflow/.local/lib/python3.11/site-packages/airflow/example_dags/tutorial_dag.py
[2025-01-06T12:35:37.858+0000] {processor.py:830} INFO - Processing file /home/airflow/.local/lib/python3.11/site-packages/airflow/example_dags/tutorial_dag.py for tasks to queue
[2025-01-06T12:35:37.860+0000] {logging_mixin.py:188} INFO - [2025-01-06T12:35:37.859+0000] {dagbag.py:538} INFO - Filling up the DagBag from /home/airflow/.local/lib/python3.11/site-packages/airflow/example_dags/tutorial_dag.py
[2025-01-06T12:35:37.868+0000] {processor.py:840} INFO - DAG(s) 'tutorial_dag' retrieved from /home/airflow/.local/lib/python3.11/site-packages/airflow/example_dags/tutorial_dag.py
[2025-01-06T12:35:37.899+0000] {logging_mixin.py:188} INFO - [2025-01-06T12:35:37.899+0000] {dag.py:3036} INFO - Sync 1 DAGs
[2025-01-06T12:35:37.919+0000] {logging_mixin.py:188} INFO - [2025-01-06T12:35:37.918+0000] {dag.py:3823} INFO - Setting next_dagrun for tutorial_dag to None, run_after=None
[2025-01-06T12:35:37.950+0000] {processor.py:183} INFO - Processing /home/airflow/.local/lib/python3.11/site-packages/airflow/example_dags/tutorial_dag.py took 0.098 seconds
[2025-01-06T12:36:08.326+0000] {processor.py:161} INFO - Started process (PID=3416) to work on /home/airflow/.local/lib/python3.11/site-packages/airflow/example_dags/tutorial_dag.py
[2025-01-06T12:36:08.327+0000] {processor.py:830} INFO - Processing file /home/airflow/.local/lib/python3.11/site-packages/airflow/example_dags/tutorial_dag.py for tasks to queue
[2025-01-06T12:36:08.329+0000] {logging_mixin.py:188} INFO - [2025-01-06T12:36:08.328+0000] {dagbag.py:538} INFO - Filling up the DagBag from /home/airflow/.local/lib/python3.11/site-packages/airflow/example_dags/tutorial_dag.py
[2025-01-06T12:36:08.337+0000] {processor.py:840} INFO - DAG(s) 'tutorial_dag' retrieved from /home/airflow/.local/lib/python3.11/site-packages/airflow/example_dags/tutorial_dag.py
[2025-01-06T12:36:08.373+0000] {logging_mixin.py:188} INFO - [2025-01-06T12:36:08.373+0000] {dag.py:3036} INFO - Sync 1 DAGs
[2025-01-06T12:36:08.393+0000] {logging_mixin.py:188} INFO - [2025-01-06T12:36:08.392+0000] {dag.py:3823} INFO - Setting next_dagrun for tutorial_dag to None, run_after=None
[2025-01-06T12:36:08.425+0000] {processor.py:183} INFO - Processing /home/airflow/.local/lib/python3.11/site-packages/airflow/example_dags/tutorial_dag.py took 0.103 seconds
[2025-01-06T12:36:38.923+0000] {processor.py:161} INFO - Started process (PID=3480) to work on /home/airflow/.local/lib/python3.11/site-packages/airflow/example_dags/tutorial_dag.py
[2025-01-06T12:36:38.925+0000] {processor.py:830} INFO - Processing file /home/airflow/.local/lib/python3.11/site-packages/airflow/example_dags/tutorial_dag.py for tasks to queue
[2025-01-06T12:36:38.926+0000] {logging_mixin.py:188} INFO - [2025-01-06T12:36:38.926+0000] {dagbag.py:538} INFO - Filling up the DagBag from /home/airflow/.local/lib/python3.11/site-packages/airflow/example_dags/tutorial_dag.py
[2025-01-06T12:36:38.936+0000] {processor.py:840} INFO - DAG(s) 'tutorial_dag' retrieved from /home/airflow/.local/lib/python3.11/site-packages/airflow/example_dags/tutorial_dag.py
[2025-01-06T12:36:38.976+0000] {logging_mixin.py:188} INFO - [2025-01-06T12:36:38.976+0000] {dag.py:3036} INFO - Sync 1 DAGs
[2025-01-06T12:36:39.001+0000] {logging_mixin.py:188} INFO - [2025-01-06T12:36:39.000+0000] {dag.py:3823} INFO - Setting next_dagrun for tutorial_dag to None, run_after=None
[2025-01-06T12:36:39.036+0000] {processor.py:183} INFO - Processing /home/airflow/.local/lib/python3.11/site-packages/airflow/example_dags/tutorial_dag.py took 0.118 seconds
[2025-01-06T12:37:09.556+0000] {processor.py:161} INFO - Started process (PID=3544) to work on /home/airflow/.local/lib/python3.11/site-packages/airflow/example_dags/tutorial_dag.py
[2025-01-06T12:37:09.558+0000] {processor.py:830} INFO - Processing file /home/airflow/.local/lib/python3.11/site-packages/airflow/example_dags/tutorial_dag.py for tasks to queue
[2025-01-06T12:37:09.559+0000] {logging_mixin.py:188} INFO - [2025-01-06T12:37:09.558+0000] {dagbag.py:538} INFO - Filling up the DagBag from /home/airflow/.local/lib/python3.11/site-packages/airflow/example_dags/tutorial_dag.py
[2025-01-06T12:37:09.568+0000] {processor.py:840} INFO - DAG(s) 'tutorial_dag' retrieved from /home/airflow/.local/lib/python3.11/site-packages/airflow/example_dags/tutorial_dag.py
[2025-01-06T12:37:09.600+0000] {logging_mixin.py:188} INFO - [2025-01-06T12:37:09.600+0000] {dag.py:3036} INFO - Sync 1 DAGs
[2025-01-06T12:37:09.618+0000] {logging_mixin.py:188} INFO - [2025-01-06T12:37:09.617+0000] {dag.py:3823} INFO - Setting next_dagrun for tutorial_dag to None, run_after=None
[2025-01-06T12:37:09.652+0000] {processor.py:183} INFO - Processing /home/airflow/.local/lib/python3.11/site-packages/airflow/example_dags/tutorial_dag.py took 0.100 seconds
[2025-01-06T12:37:39.979+0000] {processor.py:161} INFO - Started process (PID=3609) to work on /home/airflow/.local/lib/python3.11/site-packages/airflow/example_dags/tutorial_dag.py
[2025-01-06T12:37:39.980+0000] {processor.py:830} INFO - Processing file /home/airflow/.local/lib/python3.11/site-packages/airflow/example_dags/tutorial_dag.py for tasks to queue
[2025-01-06T12:37:39.982+0000] {logging_mixin.py:188} INFO - [2025-01-06T12:37:39.981+0000] {dagbag.py:538} INFO - Filling up the DagBag from /home/airflow/.local/lib/python3.11/site-packages/airflow/example_dags/tutorial_dag.py
[2025-01-06T12:37:39.988+0000] {processor.py:840} INFO - DAG(s) 'tutorial_dag' retrieved from /home/airflow/.local/lib/python3.11/site-packages/airflow/example_dags/tutorial_dag.py
[2025-01-06T12:37:40.015+0000] {logging_mixin.py:188} INFO - [2025-01-06T12:37:40.014+0000] {dag.py:3036} INFO - Sync 1 DAGs
[2025-01-06T12:37:40.030+0000] {logging_mixin.py:188} INFO - [2025-01-06T12:37:40.029+0000] {dag.py:3823} INFO - Setting next_dagrun for tutorial_dag to None, run_after=None
[2025-01-06T12:37:40.060+0000] {processor.py:183} INFO - Processing /home/airflow/.local/lib/python3.11/site-packages/airflow/example_dags/tutorial_dag.py took 0.085 seconds
[2025-01-06T12:38:10.789+0000] {processor.py:161} INFO - Started process (PID=3673) to work on /home/airflow/.local/lib/python3.11/site-packages/airflow/example_dags/tutorial_dag.py
[2025-01-06T12:38:10.790+0000] {processor.py:830} INFO - Processing file /home/airflow/.local/lib/python3.11/site-packages/airflow/example_dags/tutorial_dag.py for tasks to queue
[2025-01-06T12:38:10.791+0000] {logging_mixin.py:188} INFO - [2025-01-06T12:38:10.791+0000] {dagbag.py:538} INFO - Filling up the DagBag from /home/airflow/.local/lib/python3.11/site-packages/airflow/example_dags/tutorial_dag.py
[2025-01-06T12:38:10.798+0000] {processor.py:840} INFO - DAG(s) 'tutorial_dag' retrieved from /home/airflow/.local/lib/python3.11/site-packages/airflow/example_dags/tutorial_dag.py
[2025-01-06T12:38:10.825+0000] {logging_mixin.py:188} INFO - [2025-01-06T12:38:10.824+0000] {dag.py:3036} INFO - Sync 1 DAGs
[2025-01-06T12:38:10.839+0000] {logging_mixin.py:188} INFO - [2025-01-06T12:38:10.839+0000] {dag.py:3823} INFO - Setting next_dagrun for tutorial_dag to None, run_after=None
[2025-01-06T12:38:10.871+0000] {processor.py:183} INFO - Processing /home/airflow/.local/lib/python3.11/site-packages/airflow/example_dags/tutorial_dag.py took 0.088 seconds
[2025-01-06T12:38:41.624+0000] {processor.py:161} INFO - Started process (PID=3744) to work on /home/airflow/.local/lib/python3.11/site-packages/airflow/example_dags/tutorial_dag.py
[2025-01-06T12:38:41.626+0000] {processor.py:830} INFO - Processing file /home/airflow/.local/lib/python3.11/site-packages/airflow/example_dags/tutorial_dag.py for tasks to queue
[2025-01-06T12:38:41.627+0000] {logging_mixin.py:188} INFO - [2025-01-06T12:38:41.627+0000] {dagbag.py:538} INFO - Filling up the DagBag from /home/airflow/.local/lib/python3.11/site-packages/airflow/example_dags/tutorial_dag.py
[2025-01-06T12:38:41.634+0000] {processor.py:840} INFO - DAG(s) 'tutorial_dag' retrieved from /home/airflow/.local/lib/python3.11/site-packages/airflow/example_dags/tutorial_dag.py
[2025-01-06T12:38:41.657+0000] {logging_mixin.py:188} INFO - [2025-01-06T12:38:41.657+0000] {dag.py:3036} INFO - Sync 1 DAGs
[2025-01-06T12:38:41.670+0000] {logging_mixin.py:188} INFO - [2025-01-06T12:38:41.670+0000] {dag.py:3823} INFO - Setting next_dagrun for tutorial_dag to None, run_after=None
[2025-01-06T12:38:41.692+0000] {processor.py:183} INFO - Processing /home/airflow/.local/lib/python3.11/site-packages/airflow/example_dags/tutorial_dag.py took 0.071 seconds
[2025-01-06T12:39:11.843+0000] {processor.py:161} INFO - Started process (PID=3807) to work on /home/airflow/.local/lib/python3.11/site-packages/airflow/example_dags/tutorial_dag.py
[2025-01-06T12:39:11.846+0000] {processor.py:830} INFO - Processing file /home/airflow/.local/lib/python3.11/site-packages/airflow/example_dags/tutorial_dag.py for tasks to queue
[2025-01-06T12:39:11.848+0000] {logging_mixin.py:188} INFO - [2025-01-06T12:39:11.847+0000] {dagbag.py:538} INFO - Filling up the DagBag from /home/airflow/.local/lib/python3.11/site-packages/airflow/example_dags/tutorial_dag.py
[2025-01-06T12:39:11.858+0000] {processor.py:840} INFO - DAG(s) 'tutorial_dag' retrieved from /home/airflow/.local/lib/python3.11/site-packages/airflow/example_dags/tutorial_dag.py
[2025-01-06T12:39:11.899+0000] {logging_mixin.py:188} INFO - [2025-01-06T12:39:11.898+0000] {dag.py:3036} INFO - Sync 1 DAGs
[2025-01-06T12:39:11.915+0000] {logging_mixin.py:188} INFO - [2025-01-06T12:39:11.915+0000] {dag.py:3823} INFO - Setting next_dagrun for tutorial_dag to None, run_after=None
[2025-01-06T12:39:11.944+0000] {processor.py:183} INFO - Processing /home/airflow/.local/lib/python3.11/site-packages/airflow/example_dags/tutorial_dag.py took 0.108 seconds
[2025-01-06T12:39:42.107+0000] {processor.py:161} INFO - Started process (PID=3871) to work on /home/airflow/.local/lib/python3.11/site-packages/airflow/example_dags/tutorial_dag.py
[2025-01-06T12:39:42.108+0000] {processor.py:830} INFO - Processing file /home/airflow/.local/lib/python3.11/site-packages/airflow/example_dags/tutorial_dag.py for tasks to queue
[2025-01-06T12:39:42.109+0000] {logging_mixin.py:188} INFO - [2025-01-06T12:39:42.109+0000] {dagbag.py:538} INFO - Filling up the DagBag from /home/airflow/.local/lib/python3.11/site-packages/airflow/example_dags/tutorial_dag.py
[2025-01-06T12:39:42.115+0000] {processor.py:840} INFO - DAG(s) 'tutorial_dag' retrieved from /home/airflow/.local/lib/python3.11/site-packages/airflow/example_dags/tutorial_dag.py
[2025-01-06T12:39:42.138+0000] {logging_mixin.py:188} INFO - [2025-01-06T12:39:42.138+0000] {dag.py:3036} INFO - Sync 1 DAGs
[2025-01-06T12:39:42.151+0000] {logging_mixin.py:188} INFO - [2025-01-06T12:39:42.151+0000] {dag.py:3823} INFO - Setting next_dagrun for tutorial_dag to None, run_after=None
[2025-01-06T12:39:42.180+0000] {processor.py:183} INFO - Processing /home/airflow/.local/lib/python3.11/site-packages/airflow/example_dags/tutorial_dag.py took 0.077 seconds
[2025-01-06T12:40:12.500+0000] {processor.py:161} INFO - Started process (PID=3942) to work on /home/airflow/.local/lib/python3.11/site-packages/airflow/example_dags/tutorial_dag.py
[2025-01-06T12:40:12.502+0000] {processor.py:830} INFO - Processing file /home/airflow/.local/lib/python3.11/site-packages/airflow/example_dags/tutorial_dag.py for tasks to queue
[2025-01-06T12:40:12.503+0000] {logging_mixin.py:188} INFO - [2025-01-06T12:40:12.503+0000] {dagbag.py:538} INFO - Filling up the DagBag from /home/airflow/.local/lib/python3.11/site-packages/airflow/example_dags/tutorial_dag.py
[2025-01-06T12:40:12.508+0000] {processor.py:840} INFO - DAG(s) 'tutorial_dag' retrieved from /home/airflow/.local/lib/python3.11/site-packages/airflow/example_dags/tutorial_dag.py
[2025-01-06T12:40:12.533+0000] {logging_mixin.py:188} INFO - [2025-01-06T12:40:12.533+0000] {dag.py:3036} INFO - Sync 1 DAGs
[2025-01-06T12:40:12.546+0000] {logging_mixin.py:188} INFO - [2025-01-06T12:40:12.545+0000] {dag.py:3823} INFO - Setting next_dagrun for tutorial_dag to None, run_after=None
[2025-01-06T12:40:12.576+0000] {processor.py:183} INFO - Processing /home/airflow/.local/lib/python3.11/site-packages/airflow/example_dags/tutorial_dag.py took 0.078 seconds
[2025-01-06T12:40:42.761+0000] {processor.py:161} INFO - Started process (PID=4006) to work on /home/airflow/.local/lib/python3.11/site-packages/airflow/example_dags/tutorial_dag.py
[2025-01-06T12:40:42.763+0000] {processor.py:830} INFO - Processing file /home/airflow/.local/lib/python3.11/site-packages/airflow/example_dags/tutorial_dag.py for tasks to queue
[2025-01-06T12:40:42.765+0000] {logging_mixin.py:188} INFO - [2025-01-06T12:40:42.765+0000] {dagbag.py:538} INFO - Filling up the DagBag from /home/airflow/.local/lib/python3.11/site-packages/airflow/example_dags/tutorial_dag.py
[2025-01-06T12:40:42.776+0000] {processor.py:840} INFO - DAG(s) 'tutorial_dag' retrieved from /home/airflow/.local/lib/python3.11/site-packages/airflow/example_dags/tutorial_dag.py
[2025-01-06T12:40:42.802+0000] {logging_mixin.py:188} INFO - [2025-01-06T12:40:42.801+0000] {dag.py:3036} INFO - Sync 1 DAGs
[2025-01-06T12:40:42.814+0000] {logging_mixin.py:188} INFO - [2025-01-06T12:40:42.814+0000] {dag.py:3823} INFO - Setting next_dagrun for tutorial_dag to None, run_after=None
[2025-01-06T12:40:42.845+0000] {processor.py:183} INFO - Processing /home/airflow/.local/lib/python3.11/site-packages/airflow/example_dags/tutorial_dag.py took 0.090 seconds
[2025-01-06T12:41:13.198+0000] {processor.py:161} INFO - Started process (PID=4070) to work on /home/airflow/.local/lib/python3.11/site-packages/airflow/example_dags/tutorial_dag.py
[2025-01-06T12:41:13.200+0000] {processor.py:830} INFO - Processing file /home/airflow/.local/lib/python3.11/site-packages/airflow/example_dags/tutorial_dag.py for tasks to queue
[2025-01-06T12:41:13.201+0000] {logging_mixin.py:188} INFO - [2025-01-06T12:41:13.201+0000] {dagbag.py:538} INFO - Filling up the DagBag from /home/airflow/.local/lib/python3.11/site-packages/airflow/example_dags/tutorial_dag.py
[2025-01-06T12:41:13.207+0000] {processor.py:840} INFO - DAG(s) 'tutorial_dag' retrieved from /home/airflow/.local/lib/python3.11/site-packages/airflow/example_dags/tutorial_dag.py
[2025-01-06T12:41:13.234+0000] {logging_mixin.py:188} INFO - [2025-01-06T12:41:13.234+0000] {dag.py:3036} INFO - Sync 1 DAGs
[2025-01-06T12:41:13.249+0000] {logging_mixin.py:188} INFO - [2025-01-06T12:41:13.248+0000] {dag.py:3823} INFO - Setting next_dagrun for tutorial_dag to None, run_after=None
[2025-01-06T12:41:13.276+0000] {processor.py:183} INFO - Processing /home/airflow/.local/lib/python3.11/site-packages/airflow/example_dags/tutorial_dag.py took 0.082 seconds
[2025-01-06T12:41:43.497+0000] {processor.py:161} INFO - Started process (PID=4141) to work on /home/airflow/.local/lib/python3.11/site-packages/airflow/example_dags/tutorial_dag.py
[2025-01-06T12:41:43.498+0000] {processor.py:830} INFO - Processing file /home/airflow/.local/lib/python3.11/site-packages/airflow/example_dags/tutorial_dag.py for tasks to queue
[2025-01-06T12:41:43.499+0000] {logging_mixin.py:188} INFO - [2025-01-06T12:41:43.499+0000] {dagbag.py:538} INFO - Filling up the DagBag from /home/airflow/.local/lib/python3.11/site-packages/airflow/example_dags/tutorial_dag.py
[2025-01-06T12:41:43.507+0000] {processor.py:840} INFO - DAG(s) 'tutorial_dag' retrieved from /home/airflow/.local/lib/python3.11/site-packages/airflow/example_dags/tutorial_dag.py
[2025-01-06T12:41:43.532+0000] {logging_mixin.py:188} INFO - [2025-01-06T12:41:43.532+0000] {dag.py:3036} INFO - Sync 1 DAGs
[2025-01-06T12:41:43.546+0000] {logging_mixin.py:188} INFO - [2025-01-06T12:41:43.546+0000] {dag.py:3823} INFO - Setting next_dagrun for tutorial_dag to None, run_after=None
[2025-01-06T12:41:43.577+0000] {processor.py:183} INFO - Processing /home/airflow/.local/lib/python3.11/site-packages/airflow/example_dags/tutorial_dag.py took 0.084 seconds
[2025-01-06T12:42:13.667+0000] {processor.py:161} INFO - Started process (PID=4205) to work on /home/airflow/.local/lib/python3.11/site-packages/airflow/example_dags/tutorial_dag.py
[2025-01-06T12:42:13.669+0000] {processor.py:830} INFO - Processing file /home/airflow/.local/lib/python3.11/site-packages/airflow/example_dags/tutorial_dag.py for tasks to queue
[2025-01-06T12:42:13.670+0000] {logging_mixin.py:188} INFO - [2025-01-06T12:42:13.670+0000] {dagbag.py:538} INFO - Filling up the DagBag from /home/airflow/.local/lib/python3.11/site-packages/airflow/example_dags/tutorial_dag.py
[2025-01-06T12:42:13.678+0000] {processor.py:840} INFO - DAG(s) 'tutorial_dag' retrieved from /home/airflow/.local/lib/python3.11/site-packages/airflow/example_dags/tutorial_dag.py
[2025-01-06T12:42:13.706+0000] {logging_mixin.py:188} INFO - [2025-01-06T12:42:13.706+0000] {dag.py:3036} INFO - Sync 1 DAGs
[2025-01-06T12:42:13.722+0000] {logging_mixin.py:188} INFO - [2025-01-06T12:42:13.722+0000] {dag.py:3823} INFO - Setting next_dagrun for tutorial_dag to None, run_after=None
[2025-01-06T12:42:13.763+0000] {processor.py:183} INFO - Processing /home/airflow/.local/lib/python3.11/site-packages/airflow/example_dags/tutorial_dag.py took 0.101 seconds
[2025-01-06T12:42:44.195+0000] {processor.py:161} INFO - Started process (PID=4269) to work on /home/airflow/.local/lib/python3.11/site-packages/airflow/example_dags/tutorial_dag.py
[2025-01-06T12:42:44.197+0000] {processor.py:830} INFO - Processing file /home/airflow/.local/lib/python3.11/site-packages/airflow/example_dags/tutorial_dag.py for tasks to queue
[2025-01-06T12:42:44.199+0000] {logging_mixin.py:188} INFO - [2025-01-06T12:42:44.199+0000] {dagbag.py:538} INFO - Filling up the DagBag from /home/airflow/.local/lib/python3.11/site-packages/airflow/example_dags/tutorial_dag.py
[2025-01-06T12:42:44.212+0000] {processor.py:840} INFO - DAG(s) 'tutorial_dag' retrieved from /home/airflow/.local/lib/python3.11/site-packages/airflow/example_dags/tutorial_dag.py
[2025-01-06T12:42:44.243+0000] {logging_mixin.py:188} INFO - [2025-01-06T12:42:44.243+0000] {dag.py:3036} INFO - Sync 1 DAGs
[2025-01-06T12:42:44.260+0000] {logging_mixin.py:188} INFO - [2025-01-06T12:42:44.260+0000] {dag.py:3823} INFO - Setting next_dagrun for tutorial_dag to None, run_after=None
[2025-01-06T12:42:44.283+0000] {processor.py:183} INFO - Processing /home/airflow/.local/lib/python3.11/site-packages/airflow/example_dags/tutorial_dag.py took 0.094 seconds
[2025-01-06T12:43:14.441+0000] {processor.py:161} INFO - Started process (PID=4340) to work on /home/airflow/.local/lib/python3.11/site-packages/airflow/example_dags/tutorial_dag.py
[2025-01-06T12:43:14.443+0000] {processor.py:830} INFO - Processing file /home/airflow/.local/lib/python3.11/site-packages/airflow/example_dags/tutorial_dag.py for tasks to queue
[2025-01-06T12:43:14.444+0000] {logging_mixin.py:188} INFO - [2025-01-06T12:43:14.443+0000] {dagbag.py:538} INFO - Filling up the DagBag from /home/airflow/.local/lib/python3.11/site-packages/airflow/example_dags/tutorial_dag.py
[2025-01-06T12:43:14.451+0000] {processor.py:840} INFO - DAG(s) 'tutorial_dag' retrieved from /home/airflow/.local/lib/python3.11/site-packages/airflow/example_dags/tutorial_dag.py
[2025-01-06T12:43:14.474+0000] {logging_mixin.py:188} INFO - [2025-01-06T12:43:14.473+0000] {dag.py:3036} INFO - Sync 1 DAGs
[2025-01-06T12:43:14.486+0000] {logging_mixin.py:188} INFO - [2025-01-06T12:43:14.486+0000] {dag.py:3823} INFO - Setting next_dagrun for tutorial_dag to None, run_after=None
[2025-01-06T12:43:14.517+0000] {processor.py:183} INFO - Processing /home/airflow/.local/lib/python3.11/site-packages/airflow/example_dags/tutorial_dag.py took 0.080 seconds
[2025-01-06T12:43:44.799+0000] {processor.py:161} INFO - Started process (PID=4404) to work on /home/airflow/.local/lib/python3.11/site-packages/airflow/example_dags/tutorial_dag.py
[2025-01-06T12:43:44.801+0000] {processor.py:830} INFO - Processing file /home/airflow/.local/lib/python3.11/site-packages/airflow/example_dags/tutorial_dag.py for tasks to queue
[2025-01-06T12:43:44.803+0000] {logging_mixin.py:188} INFO - [2025-01-06T12:43:44.802+0000] {dagbag.py:538} INFO - Filling up the DagBag from /home/airflow/.local/lib/python3.11/site-packages/airflow/example_dags/tutorial_dag.py
[2025-01-06T12:43:44.812+0000] {processor.py:840} INFO - DAG(s) 'tutorial_dag' retrieved from /home/airflow/.local/lib/python3.11/site-packages/airflow/example_dags/tutorial_dag.py
[2025-01-06T12:43:44.838+0000] {logging_mixin.py:188} INFO - [2025-01-06T12:43:44.838+0000] {dag.py:3036} INFO - Sync 1 DAGs
[2025-01-06T12:43:44.852+0000] {logging_mixin.py:188} INFO - [2025-01-06T12:43:44.851+0000] {dag.py:3823} INFO - Setting next_dagrun for tutorial_dag to None, run_after=None
[2025-01-06T12:43:44.892+0000] {processor.py:183} INFO - Processing /home/airflow/.local/lib/python3.11/site-packages/airflow/example_dags/tutorial_dag.py took 0.100 seconds
[2025-01-06T12:44:15.164+0000] {processor.py:161} INFO - Started process (PID=4468) to work on /home/airflow/.local/lib/python3.11/site-packages/airflow/example_dags/tutorial_dag.py
[2025-01-06T12:44:15.166+0000] {processor.py:830} INFO - Processing file /home/airflow/.local/lib/python3.11/site-packages/airflow/example_dags/tutorial_dag.py for tasks to queue
[2025-01-06T12:44:15.168+0000] {logging_mixin.py:188} INFO - [2025-01-06T12:44:15.167+0000] {dagbag.py:538} INFO - Filling up the DagBag from /home/airflow/.local/lib/python3.11/site-packages/airflow/example_dags/tutorial_dag.py
[2025-01-06T12:44:15.175+0000] {processor.py:840} INFO - DAG(s) 'tutorial_dag' retrieved from /home/airflow/.local/lib/python3.11/site-packages/airflow/example_dags/tutorial_dag.py
[2025-01-06T12:44:15.205+0000] {logging_mixin.py:188} INFO - [2025-01-06T12:44:15.205+0000] {dag.py:3036} INFO - Sync 1 DAGs
[2025-01-06T12:44:15.221+0000] {logging_mixin.py:188} INFO - [2025-01-06T12:44:15.221+0000] {dag.py:3823} INFO - Setting next_dagrun for tutorial_dag to None, run_after=None
[2025-01-06T12:44:15.255+0000] {processor.py:183} INFO - Processing /home/airflow/.local/lib/python3.11/site-packages/airflow/example_dags/tutorial_dag.py took 0.096 seconds
[2025-01-06T12:44:45.439+0000] {processor.py:161} INFO - Started process (PID=4539) to work on /home/airflow/.local/lib/python3.11/site-packages/airflow/example_dags/tutorial_dag.py
[2025-01-06T12:44:45.440+0000] {processor.py:830} INFO - Processing file /home/airflow/.local/lib/python3.11/site-packages/airflow/example_dags/tutorial_dag.py for tasks to queue
[2025-01-06T12:44:45.441+0000] {logging_mixin.py:188} INFO - [2025-01-06T12:44:45.441+0000] {dagbag.py:538} INFO - Filling up the DagBag from /home/airflow/.local/lib/python3.11/site-packages/airflow/example_dags/tutorial_dag.py
[2025-01-06T12:44:45.447+0000] {processor.py:840} INFO - DAG(s) 'tutorial_dag' retrieved from /home/airflow/.local/lib/python3.11/site-packages/airflow/example_dags/tutorial_dag.py
[2025-01-06T12:44:45.474+0000] {logging_mixin.py:188} INFO - [2025-01-06T12:44:45.474+0000] {dag.py:3036} INFO - Sync 1 DAGs
[2025-01-06T12:44:45.491+0000] {logging_mixin.py:188} INFO - [2025-01-06T12:44:45.491+0000] {dag.py:3823} INFO - Setting next_dagrun for tutorial_dag to None, run_after=None
[2025-01-06T12:44:45.515+0000] {processor.py:183} INFO - Processing /home/airflow/.local/lib/python3.11/site-packages/airflow/example_dags/tutorial_dag.py took 0.080 seconds
[2025-01-06T12:45:15.751+0000] {processor.py:161} INFO - Started process (PID=4603) to work on /home/airflow/.local/lib/python3.11/site-packages/airflow/example_dags/tutorial_dag.py
[2025-01-06T12:45:15.752+0000] {processor.py:830} INFO - Processing file /home/airflow/.local/lib/python3.11/site-packages/airflow/example_dags/tutorial_dag.py for tasks to queue
[2025-01-06T12:45:15.754+0000] {logging_mixin.py:188} INFO - [2025-01-06T12:45:15.753+0000] {dagbag.py:538} INFO - Filling up the DagBag from /home/airflow/.local/lib/python3.11/site-packages/airflow/example_dags/tutorial_dag.py
[2025-01-06T12:45:15.759+0000] {processor.py:840} INFO - DAG(s) 'tutorial_dag' retrieved from /home/airflow/.local/lib/python3.11/site-packages/airflow/example_dags/tutorial_dag.py
[2025-01-06T12:45:15.784+0000] {logging_mixin.py:188} INFO - [2025-01-06T12:45:15.783+0000] {dag.py:3036} INFO - Sync 1 DAGs
[2025-01-06T12:45:15.796+0000] {logging_mixin.py:188} INFO - [2025-01-06T12:45:15.796+0000] {dag.py:3823} INFO - Setting next_dagrun for tutorial_dag to None, run_after=None
[2025-01-06T12:45:15.828+0000] {processor.py:183} INFO - Processing /home/airflow/.local/lib/python3.11/site-packages/airflow/example_dags/tutorial_dag.py took 0.080 seconds
[2025-01-06T12:45:46.146+0000] {processor.py:161} INFO - Started process (PID=4667) to work on /home/airflow/.local/lib/python3.11/site-packages/airflow/example_dags/tutorial_dag.py
[2025-01-06T12:45:46.148+0000] {processor.py:830} INFO - Processing file /home/airflow/.local/lib/python3.11/site-packages/airflow/example_dags/tutorial_dag.py for tasks to queue
[2025-01-06T12:45:46.149+0000] {logging_mixin.py:188} INFO - [2025-01-06T12:45:46.149+0000] {dagbag.py:538} INFO - Filling up the DagBag from /home/airflow/.local/lib/python3.11/site-packages/airflow/example_dags/tutorial_dag.py
[2025-01-06T12:45:46.155+0000] {processor.py:840} INFO - DAG(s) 'tutorial_dag' retrieved from /home/airflow/.local/lib/python3.11/site-packages/airflow/example_dags/tutorial_dag.py
[2025-01-06T12:45:46.181+0000] {logging_mixin.py:188} INFO - [2025-01-06T12:45:46.181+0000] {dag.py:3036} INFO - Sync 1 DAGs
[2025-01-06T12:45:46.195+0000] {logging_mixin.py:188} INFO - [2025-01-06T12:45:46.195+0000] {dag.py:3823} INFO - Setting next_dagrun for tutorial_dag to None, run_after=None
[2025-01-06T12:45:46.228+0000] {processor.py:183} INFO - Processing /home/airflow/.local/lib/python3.11/site-packages/airflow/example_dags/tutorial_dag.py took 0.085 seconds
[2025-01-06T12:46:16.412+0000] {processor.py:161} INFO - Started process (PID=4738) to work on /home/airflow/.local/lib/python3.11/site-packages/airflow/example_dags/tutorial_dag.py
[2025-01-06T12:46:16.413+0000] {processor.py:830} INFO - Processing file /home/airflow/.local/lib/python3.11/site-packages/airflow/example_dags/tutorial_dag.py for tasks to queue
[2025-01-06T12:46:16.415+0000] {logging_mixin.py:188} INFO - [2025-01-06T12:46:16.414+0000] {dagbag.py:538} INFO - Filling up the DagBag from /home/airflow/.local/lib/python3.11/site-packages/airflow/example_dags/tutorial_dag.py
[2025-01-06T12:46:16.425+0000] {processor.py:840} INFO - DAG(s) 'tutorial_dag' retrieved from /home/airflow/.local/lib/python3.11/site-packages/airflow/example_dags/tutorial_dag.py
[2025-01-06T12:46:16.453+0000] {logging_mixin.py:188} INFO - [2025-01-06T12:46:16.453+0000] {dag.py:3036} INFO - Sync 1 DAGs
[2025-01-06T12:46:16.467+0000] {logging_mixin.py:188} INFO - [2025-01-06T12:46:16.467+0000] {dag.py:3823} INFO - Setting next_dagrun for tutorial_dag to None, run_after=None
[2025-01-06T12:46:16.498+0000] {processor.py:183} INFO - Processing /home/airflow/.local/lib/python3.11/site-packages/airflow/example_dags/tutorial_dag.py took 0.091 seconds
[2025-01-06T12:46:46.800+0000] {processor.py:161} INFO - Started process (PID=4802) to work on /home/airflow/.local/lib/python3.11/site-packages/airflow/example_dags/tutorial_dag.py
[2025-01-06T12:46:46.802+0000] {processor.py:830} INFO - Processing file /home/airflow/.local/lib/python3.11/site-packages/airflow/example_dags/tutorial_dag.py for tasks to queue
[2025-01-06T12:46:46.804+0000] {logging_mixin.py:188} INFO - [2025-01-06T12:46:46.803+0000] {dagbag.py:538} INFO - Filling up the DagBag from /home/airflow/.local/lib/python3.11/site-packages/airflow/example_dags/tutorial_dag.py
[2025-01-06T12:46:46.811+0000] {processor.py:840} INFO - DAG(s) 'tutorial_dag' retrieved from /home/airflow/.local/lib/python3.11/site-packages/airflow/example_dags/tutorial_dag.py
[2025-01-06T12:46:46.835+0000] {logging_mixin.py:188} INFO - [2025-01-06T12:46:46.834+0000] {dag.py:3036} INFO - Sync 1 DAGs
[2025-01-06T12:46:46.847+0000] {logging_mixin.py:188} INFO - [2025-01-06T12:46:46.847+0000] {dag.py:3823} INFO - Setting next_dagrun for tutorial_dag to None, run_after=None
[2025-01-06T12:46:46.883+0000] {processor.py:183} INFO - Processing /home/airflow/.local/lib/python3.11/site-packages/airflow/example_dags/tutorial_dag.py took 0.090 seconds
[2025-01-06T12:47:16.987+0000] {processor.py:161} INFO - Started process (PID=4867) to work on /home/airflow/.local/lib/python3.11/site-packages/airflow/example_dags/tutorial_dag.py
[2025-01-06T12:47:16.988+0000] {processor.py:830} INFO - Processing file /home/airflow/.local/lib/python3.11/site-packages/airflow/example_dags/tutorial_dag.py for tasks to queue
[2025-01-06T12:47:16.990+0000] {logging_mixin.py:188} INFO - [2025-01-06T12:47:16.989+0000] {dagbag.py:538} INFO - Filling up the DagBag from /home/airflow/.local/lib/python3.11/site-packages/airflow/example_dags/tutorial_dag.py
[2025-01-06T12:47:16.996+0000] {processor.py:840} INFO - DAG(s) 'tutorial_dag' retrieved from /home/airflow/.local/lib/python3.11/site-packages/airflow/example_dags/tutorial_dag.py
[2025-01-06T12:47:17.021+0000] {logging_mixin.py:188} INFO - [2025-01-06T12:47:17.021+0000] {dag.py:3036} INFO - Sync 1 DAGs
[2025-01-06T12:47:17.034+0000] {logging_mixin.py:188} INFO - [2025-01-06T12:47:17.034+0000] {dag.py:3823} INFO - Setting next_dagrun for tutorial_dag to None, run_after=None
[2025-01-06T12:47:17.071+0000] {processor.py:183} INFO - Processing /home/airflow/.local/lib/python3.11/site-packages/airflow/example_dags/tutorial_dag.py took 0.090 seconds
[2025-01-06T12:47:47.505+0000] {processor.py:161} INFO - Started process (PID=4938) to work on /home/airflow/.local/lib/python3.11/site-packages/airflow/example_dags/tutorial_dag.py
[2025-01-06T12:47:47.506+0000] {processor.py:830} INFO - Processing file /home/airflow/.local/lib/python3.11/site-packages/airflow/example_dags/tutorial_dag.py for tasks to queue
[2025-01-06T12:47:47.508+0000] {logging_mixin.py:188} INFO - [2025-01-06T12:47:47.507+0000] {dagbag.py:538} INFO - Filling up the DagBag from /home/airflow/.local/lib/python3.11/site-packages/airflow/example_dags/tutorial_dag.py
[2025-01-06T12:47:47.513+0000] {processor.py:840} INFO - DAG(s) 'tutorial_dag' retrieved from /home/airflow/.local/lib/python3.11/site-packages/airflow/example_dags/tutorial_dag.py
[2025-01-06T12:47:47.538+0000] {logging_mixin.py:188} INFO - [2025-01-06T12:47:47.537+0000] {dag.py:3036} INFO - Sync 1 DAGs
[2025-01-06T12:47:47.551+0000] {logging_mixin.py:188} INFO - [2025-01-06T12:47:47.550+0000] {dag.py:3823} INFO - Setting next_dagrun for tutorial_dag to None, run_after=None
[2025-01-06T12:47:47.582+0000] {processor.py:183} INFO - Processing /home/airflow/.local/lib/python3.11/site-packages/airflow/example_dags/tutorial_dag.py took 0.082 seconds
[2025-01-06T12:48:18.352+0000] {processor.py:161} INFO - Started process (PID=5002) to work on /home/airflow/.local/lib/python3.11/site-packages/airflow/example_dags/tutorial_dag.py
[2025-01-06T12:48:18.353+0000] {processor.py:830} INFO - Processing file /home/airflow/.local/lib/python3.11/site-packages/airflow/example_dags/tutorial_dag.py for tasks to queue
[2025-01-06T12:48:18.354+0000] {logging_mixin.py:188} INFO - [2025-01-06T12:48:18.354+0000] {dagbag.py:538} INFO - Filling up the DagBag from /home/airflow/.local/lib/python3.11/site-packages/airflow/example_dags/tutorial_dag.py
[2025-01-06T12:48:18.361+0000] {processor.py:840} INFO - DAG(s) 'tutorial_dag' retrieved from /home/airflow/.local/lib/python3.11/site-packages/airflow/example_dags/tutorial_dag.py
[2025-01-06T12:48:18.385+0000] {logging_mixin.py:188} INFO - [2025-01-06T12:48:18.385+0000] {dag.py:3036} INFO - Sync 1 DAGs
[2025-01-06T12:48:18.398+0000] {logging_mixin.py:188} INFO - [2025-01-06T12:48:18.398+0000] {dag.py:3823} INFO - Setting next_dagrun for tutorial_dag to None, run_after=None
[2025-01-06T12:48:18.435+0000] {processor.py:183} INFO - Processing /home/airflow/.local/lib/python3.11/site-packages/airflow/example_dags/tutorial_dag.py took 0.087 seconds
[2025-01-06T12:48:48.954+0000] {processor.py:161} INFO - Started process (PID=5066) to work on /home/airflow/.local/lib/python3.11/site-packages/airflow/example_dags/tutorial_dag.py
[2025-01-06T12:48:48.956+0000] {processor.py:830} INFO - Processing file /home/airflow/.local/lib/python3.11/site-packages/airflow/example_dags/tutorial_dag.py for tasks to queue
[2025-01-06T12:48:48.958+0000] {logging_mixin.py:188} INFO - [2025-01-06T12:48:48.958+0000] {dagbag.py:538} INFO - Filling up the DagBag from /home/airflow/.local/lib/python3.11/site-packages/airflow/example_dags/tutorial_dag.py
[2025-01-06T12:48:48.969+0000] {processor.py:840} INFO - DAG(s) 'tutorial_dag' retrieved from /home/airflow/.local/lib/python3.11/site-packages/airflow/example_dags/tutorial_dag.py
[2025-01-06T12:48:48.995+0000] {logging_mixin.py:188} INFO - [2025-01-06T12:48:48.995+0000] {dag.py:3036} INFO - Sync 1 DAGs
[2025-01-06T12:48:49.008+0000] {logging_mixin.py:188} INFO - [2025-01-06T12:48:49.008+0000] {dag.py:3823} INFO - Setting next_dagrun for tutorial_dag to None, run_after=None
[2025-01-06T12:48:49.040+0000] {processor.py:183} INFO - Processing /home/airflow/.local/lib/python3.11/site-packages/airflow/example_dags/tutorial_dag.py took 0.092 seconds
[2025-01-06T12:49:19.411+0000] {processor.py:161} INFO - Started process (PID=5137) to work on /home/airflow/.local/lib/python3.11/site-packages/airflow/example_dags/tutorial_dag.py
[2025-01-06T12:49:19.412+0000] {processor.py:830} INFO - Processing file /home/airflow/.local/lib/python3.11/site-packages/airflow/example_dags/tutorial_dag.py for tasks to queue
[2025-01-06T12:49:19.413+0000] {logging_mixin.py:188} INFO - [2025-01-06T12:49:19.413+0000] {dagbag.py:538} INFO - Filling up the DagBag from /home/airflow/.local/lib/python3.11/site-packages/airflow/example_dags/tutorial_dag.py
[2025-01-06T12:49:19.419+0000] {processor.py:840} INFO - DAG(s) 'tutorial_dag' retrieved from /home/airflow/.local/lib/python3.11/site-packages/airflow/example_dags/tutorial_dag.py
[2025-01-06T12:49:19.444+0000] {logging_mixin.py:188} INFO - [2025-01-06T12:49:19.444+0000] {dag.py:3036} INFO - Sync 1 DAGs
[2025-01-06T12:49:19.457+0000] {logging_mixin.py:188} INFO - [2025-01-06T12:49:19.457+0000] {dag.py:3823} INFO - Setting next_dagrun for tutorial_dag to None, run_after=None
[2025-01-06T12:49:19.487+0000] {processor.py:183} INFO - Processing /home/airflow/.local/lib/python3.11/site-packages/airflow/example_dags/tutorial_dag.py took 0.080 seconds
[2025-01-06T12:49:49.707+0000] {processor.py:161} INFO - Started process (PID=5201) to work on /home/airflow/.local/lib/python3.11/site-packages/airflow/example_dags/tutorial_dag.py
[2025-01-06T12:49:49.708+0000] {processor.py:830} INFO - Processing file /home/airflow/.local/lib/python3.11/site-packages/airflow/example_dags/tutorial_dag.py for tasks to queue
[2025-01-06T12:49:49.709+0000] {logging_mixin.py:188} INFO - [2025-01-06T12:49:49.709+0000] {dagbag.py:538} INFO - Filling up the DagBag from /home/airflow/.local/lib/python3.11/site-packages/airflow/example_dags/tutorial_dag.py
[2025-01-06T12:49:49.715+0000] {processor.py:840} INFO - DAG(s) 'tutorial_dag' retrieved from /home/airflow/.local/lib/python3.11/site-packages/airflow/example_dags/tutorial_dag.py
[2025-01-06T12:49:49.739+0000] {logging_mixin.py:188} INFO - [2025-01-06T12:49:49.739+0000] {dag.py:3036} INFO - Sync 1 DAGs
[2025-01-06T12:49:49.752+0000] {logging_mixin.py:188} INFO - [2025-01-06T12:49:49.752+0000] {dag.py:3823} INFO - Setting next_dagrun for tutorial_dag to None, run_after=None
[2025-01-06T12:49:49.782+0000] {processor.py:183} INFO - Processing /home/airflow/.local/lib/python3.11/site-packages/airflow/example_dags/tutorial_dag.py took 0.079 seconds
[2025-01-06T12:50:20.173+0000] {processor.py:161} INFO - Started process (PID=5263) to work on /home/airflow/.local/lib/python3.11/site-packages/airflow/example_dags/tutorial_dag.py
[2025-01-06T12:50:20.175+0000] {processor.py:830} INFO - Processing file /home/airflow/.local/lib/python3.11/site-packages/airflow/example_dags/tutorial_dag.py for tasks to queue
[2025-01-06T12:50:20.176+0000] {logging_mixin.py:188} INFO - [2025-01-06T12:50:20.176+0000] {dagbag.py:538} INFO - Filling up the DagBag from /home/airflow/.local/lib/python3.11/site-packages/airflow/example_dags/tutorial_dag.py
[2025-01-06T12:50:20.184+0000] {processor.py:840} INFO - DAG(s) 'tutorial_dag' retrieved from /home/airflow/.local/lib/python3.11/site-packages/airflow/example_dags/tutorial_dag.py
[2025-01-06T12:50:20.209+0000] {logging_mixin.py:188} INFO - [2025-01-06T12:50:20.209+0000] {dag.py:3036} INFO - Sync 1 DAGs
[2025-01-06T12:50:20.359+0000] {logging_mixin.py:188} INFO - [2025-01-06T12:50:20.359+0000] {dag.py:3823} INFO - Setting next_dagrun for tutorial_dag to None, run_after=None
[2025-01-06T12:50:20.383+0000] {processor.py:183} INFO - Processing /home/airflow/.local/lib/python3.11/site-packages/airflow/example_dags/tutorial_dag.py took 0.217 seconds
[2025-01-06T12:50:51.161+0000] {processor.py:161} INFO - Started process (PID=5334) to work on /home/airflow/.local/lib/python3.11/site-packages/airflow/example_dags/tutorial_dag.py
[2025-01-06T12:50:51.162+0000] {processor.py:830} INFO - Processing file /home/airflow/.local/lib/python3.11/site-packages/airflow/example_dags/tutorial_dag.py for tasks to queue
[2025-01-06T12:50:51.163+0000] {logging_mixin.py:188} INFO - [2025-01-06T12:50:51.163+0000] {dagbag.py:538} INFO - Filling up the DagBag from /home/airflow/.local/lib/python3.11/site-packages/airflow/example_dags/tutorial_dag.py
[2025-01-06T12:50:51.169+0000] {processor.py:840} INFO - DAG(s) 'tutorial_dag' retrieved from /home/airflow/.local/lib/python3.11/site-packages/airflow/example_dags/tutorial_dag.py
[2025-01-06T12:50:51.198+0000] {logging_mixin.py:188} INFO - [2025-01-06T12:50:51.198+0000] {dag.py:3036} INFO - Sync 1 DAGs
[2025-01-06T12:50:51.214+0000] {logging_mixin.py:188} INFO - [2025-01-06T12:50:51.214+0000] {dag.py:3823} INFO - Setting next_dagrun for tutorial_dag to None, run_after=None
[2025-01-06T12:50:51.246+0000] {processor.py:183} INFO - Processing /home/airflow/.local/lib/python3.11/site-packages/airflow/example_dags/tutorial_dag.py took 0.090 seconds
[2025-01-06T12:51:21.532+0000] {processor.py:161} INFO - Started process (PID=5398) to work on /home/airflow/.local/lib/python3.11/site-packages/airflow/example_dags/tutorial_dag.py
[2025-01-06T12:51:21.534+0000] {processor.py:830} INFO - Processing file /home/airflow/.local/lib/python3.11/site-packages/airflow/example_dags/tutorial_dag.py for tasks to queue
[2025-01-06T12:51:21.536+0000] {logging_mixin.py:188} INFO - [2025-01-06T12:51:21.535+0000] {dagbag.py:538} INFO - Filling up the DagBag from /home/airflow/.local/lib/python3.11/site-packages/airflow/example_dags/tutorial_dag.py
[2025-01-06T12:51:21.546+0000] {processor.py:840} INFO - DAG(s) 'tutorial_dag' retrieved from /home/airflow/.local/lib/python3.11/site-packages/airflow/example_dags/tutorial_dag.py
[2025-01-06T12:51:21.572+0000] {logging_mixin.py:188} INFO - [2025-01-06T12:51:21.572+0000] {dag.py:3036} INFO - Sync 1 DAGs
[2025-01-06T12:51:21.585+0000] {logging_mixin.py:188} INFO - [2025-01-06T12:51:21.585+0000] {dag.py:3823} INFO - Setting next_dagrun for tutorial_dag to None, run_after=None
[2025-01-06T12:51:21.615+0000] {processor.py:183} INFO - Processing /home/airflow/.local/lib/python3.11/site-packages/airflow/example_dags/tutorial_dag.py took 0.090 seconds
[2025-01-06T12:51:51.956+0000] {processor.py:161} INFO - Started process (PID=5462) to work on /home/airflow/.local/lib/python3.11/site-packages/airflow/example_dags/tutorial_dag.py
[2025-01-06T12:51:51.958+0000] {processor.py:830} INFO - Processing file /home/airflow/.local/lib/python3.11/site-packages/airflow/example_dags/tutorial_dag.py for tasks to queue
[2025-01-06T12:51:51.960+0000] {logging_mixin.py:188} INFO - [2025-01-06T12:51:51.959+0000] {dagbag.py:538} INFO - Filling up the DagBag from /home/airflow/.local/lib/python3.11/site-packages/airflow/example_dags/tutorial_dag.py
[2025-01-06T12:51:51.968+0000] {processor.py:840} INFO - DAG(s) 'tutorial_dag' retrieved from /home/airflow/.local/lib/python3.11/site-packages/airflow/example_dags/tutorial_dag.py
[2025-01-06T12:51:51.998+0000] {logging_mixin.py:188} INFO - [2025-01-06T12:51:51.998+0000] {dag.py:3036} INFO - Sync 1 DAGs
[2025-01-06T12:51:52.011+0000] {logging_mixin.py:188} INFO - [2025-01-06T12:51:52.010+0000] {dag.py:3823} INFO - Setting next_dagrun for tutorial_dag to None, run_after=None
[2025-01-06T12:51:52.049+0000] {processor.py:183} INFO - Processing /home/airflow/.local/lib/python3.11/site-packages/airflow/example_dags/tutorial_dag.py took 0.098 seconds
[2025-01-06T12:52:22.269+0000] {processor.py:161} INFO - Started process (PID=5534) to work on /home/airflow/.local/lib/python3.11/site-packages/airflow/example_dags/tutorial_dag.py
[2025-01-06T12:52:22.271+0000] {processor.py:830} INFO - Processing file /home/airflow/.local/lib/python3.11/site-packages/airflow/example_dags/tutorial_dag.py for tasks to queue
[2025-01-06T12:52:22.272+0000] {logging_mixin.py:188} INFO - [2025-01-06T12:52:22.271+0000] {dagbag.py:538} INFO - Filling up the DagBag from /home/airflow/.local/lib/python3.11/site-packages/airflow/example_dags/tutorial_dag.py
[2025-01-06T12:52:22.278+0000] {processor.py:840} INFO - DAG(s) 'tutorial_dag' retrieved from /home/airflow/.local/lib/python3.11/site-packages/airflow/example_dags/tutorial_dag.py
[2025-01-06T12:52:22.304+0000] {logging_mixin.py:188} INFO - [2025-01-06T12:52:22.304+0000] {dag.py:3036} INFO - Sync 1 DAGs
[2025-01-06T12:52:22.318+0000] {logging_mixin.py:188} INFO - [2025-01-06T12:52:22.318+0000] {dag.py:3823} INFO - Setting next_dagrun for tutorial_dag to None, run_after=None
[2025-01-06T12:52:22.347+0000] {processor.py:183} INFO - Processing /home/airflow/.local/lib/python3.11/site-packages/airflow/example_dags/tutorial_dag.py took 0.082 seconds
[2025-01-06T12:52:52.580+0000] {processor.py:161} INFO - Started process (PID=5598) to work on /home/airflow/.local/lib/python3.11/site-packages/airflow/example_dags/tutorial_dag.py
[2025-01-06T12:52:52.581+0000] {processor.py:830} INFO - Processing file /home/airflow/.local/lib/python3.11/site-packages/airflow/example_dags/tutorial_dag.py for tasks to queue
[2025-01-06T12:52:52.582+0000] {logging_mixin.py:188} INFO - [2025-01-06T12:52:52.582+0000] {dagbag.py:538} INFO - Filling up the DagBag from /home/airflow/.local/lib/python3.11/site-packages/airflow/example_dags/tutorial_dag.py
[2025-01-06T12:52:52.589+0000] {processor.py:840} INFO - DAG(s) 'tutorial_dag' retrieved from /home/airflow/.local/lib/python3.11/site-packages/airflow/example_dags/tutorial_dag.py
[2025-01-06T12:52:52.613+0000] {logging_mixin.py:188} INFO - [2025-01-06T12:52:52.613+0000] {dag.py:3036} INFO - Sync 1 DAGs
[2025-01-06T12:52:52.626+0000] {logging_mixin.py:188} INFO - [2025-01-06T12:52:52.626+0000] {dag.py:3823} INFO - Setting next_dagrun for tutorial_dag to None, run_after=None
[2025-01-06T12:52:52.657+0000] {processor.py:183} INFO - Processing /home/airflow/.local/lib/python3.11/site-packages/airflow/example_dags/tutorial_dag.py took 0.081 seconds
[2025-01-06T12:53:22.812+0000] {processor.py:161} INFO - Started process (PID=5662) to work on /home/airflow/.local/lib/python3.11/site-packages/airflow/example_dags/tutorial_dag.py
[2025-01-06T12:53:22.813+0000] {processor.py:830} INFO - Processing file /home/airflow/.local/lib/python3.11/site-packages/airflow/example_dags/tutorial_dag.py for tasks to queue
[2025-01-06T12:53:22.814+0000] {logging_mixin.py:188} INFO - [2025-01-06T12:53:22.814+0000] {dagbag.py:538} INFO - Filling up the DagBag from /home/airflow/.local/lib/python3.11/site-packages/airflow/example_dags/tutorial_dag.py
[2025-01-06T12:53:22.820+0000] {processor.py:840} INFO - DAG(s) 'tutorial_dag' retrieved from /home/airflow/.local/lib/python3.11/site-packages/airflow/example_dags/tutorial_dag.py
[2025-01-06T12:53:22.850+0000] {logging_mixin.py:188} INFO - [2025-01-06T12:53:22.850+0000] {dag.py:3036} INFO - Sync 1 DAGs
[2025-01-06T12:53:22.865+0000] {logging_mixin.py:188} INFO - [2025-01-06T12:53:22.864+0000] {dag.py:3823} INFO - Setting next_dagrun for tutorial_dag to None, run_after=None
[2025-01-06T12:53:22.897+0000] {processor.py:183} INFO - Processing /home/airflow/.local/lib/python3.11/site-packages/airflow/example_dags/tutorial_dag.py took 0.089 seconds
[2025-01-06T12:53:53.220+0000] {processor.py:161} INFO - Started process (PID=5733) to work on /home/airflow/.local/lib/python3.11/site-packages/airflow/example_dags/tutorial_dag.py
[2025-01-06T12:53:53.221+0000] {processor.py:830} INFO - Processing file /home/airflow/.local/lib/python3.11/site-packages/airflow/example_dags/tutorial_dag.py for tasks to queue
[2025-01-06T12:53:53.222+0000] {logging_mixin.py:188} INFO - [2025-01-06T12:53:53.222+0000] {dagbag.py:538} INFO - Filling up the DagBag from /home/airflow/.local/lib/python3.11/site-packages/airflow/example_dags/tutorial_dag.py
[2025-01-06T12:53:53.229+0000] {processor.py:840} INFO - DAG(s) 'tutorial_dag' retrieved from /home/airflow/.local/lib/python3.11/site-packages/airflow/example_dags/tutorial_dag.py
[2025-01-06T12:53:53.255+0000] {logging_mixin.py:188} INFO - [2025-01-06T12:53:53.255+0000] {dag.py:3036} INFO - Sync 1 DAGs
[2025-01-06T12:53:53.272+0000] {logging_mixin.py:188} INFO - [2025-01-06T12:53:53.272+0000] {dag.py:3823} INFO - Setting next_dagrun for tutorial_dag to None, run_after=None
[2025-01-06T12:53:53.300+0000] {processor.py:183} INFO - Processing /home/airflow/.local/lib/python3.11/site-packages/airflow/example_dags/tutorial_dag.py took 0.084 seconds
[2025-01-06T12:54:23.667+0000] {processor.py:161} INFO - Started process (PID=5798) to work on /home/airflow/.local/lib/python3.11/site-packages/airflow/example_dags/tutorial_dag.py
[2025-01-06T12:54:23.668+0000] {processor.py:830} INFO - Processing file /home/airflow/.local/lib/python3.11/site-packages/airflow/example_dags/tutorial_dag.py for tasks to queue
[2025-01-06T12:54:23.669+0000] {logging_mixin.py:188} INFO - [2025-01-06T12:54:23.669+0000] {dagbag.py:538} INFO - Filling up the DagBag from /home/airflow/.local/lib/python3.11/site-packages/airflow/example_dags/tutorial_dag.py
[2025-01-06T12:54:23.674+0000] {processor.py:840} INFO - DAG(s) 'tutorial_dag' retrieved from /home/airflow/.local/lib/python3.11/site-packages/airflow/example_dags/tutorial_dag.py
[2025-01-06T12:54:23.695+0000] {logging_mixin.py:188} INFO - [2025-01-06T12:54:23.694+0000] {dag.py:3036} INFO - Sync 1 DAGs
[2025-01-06T12:54:23.707+0000] {logging_mixin.py:188} INFO - [2025-01-06T12:54:23.707+0000] {dag.py:3823} INFO - Setting next_dagrun for tutorial_dag to None, run_after=None
[2025-01-06T12:54:23.737+0000] {processor.py:183} INFO - Processing /home/airflow/.local/lib/python3.11/site-packages/airflow/example_dags/tutorial_dag.py took 0.073 seconds
[2025-01-06T12:54:53.888+0000] {processor.py:161} INFO - Started process (PID=5862) to work on /home/airflow/.local/lib/python3.11/site-packages/airflow/example_dags/tutorial_dag.py
[2025-01-06T12:54:53.890+0000] {processor.py:830} INFO - Processing file /home/airflow/.local/lib/python3.11/site-packages/airflow/example_dags/tutorial_dag.py for tasks to queue
[2025-01-06T12:54:53.892+0000] {logging_mixin.py:188} INFO - [2025-01-06T12:54:53.892+0000] {dagbag.py:538} INFO - Filling up the DagBag from /home/airflow/.local/lib/python3.11/site-packages/airflow/example_dags/tutorial_dag.py
[2025-01-06T12:54:53.903+0000] {processor.py:840} INFO - DAG(s) 'tutorial_dag' retrieved from /home/airflow/.local/lib/python3.11/site-packages/airflow/example_dags/tutorial_dag.py
[2025-01-06T12:54:53.928+0000] {logging_mixin.py:188} INFO - [2025-01-06T12:54:53.928+0000] {dag.py:3036} INFO - Sync 1 DAGs
[2025-01-06T12:54:53.941+0000] {logging_mixin.py:188} INFO - [2025-01-06T12:54:53.941+0000] {dag.py:3823} INFO - Setting next_dagrun for tutorial_dag to None, run_after=None
[2025-01-06T12:54:53.972+0000] {processor.py:183} INFO - Processing /home/airflow/.local/lib/python3.11/site-packages/airflow/example_dags/tutorial_dag.py took 0.091 seconds
[2025-01-06T12:59:13.713+0000] {processor.py:161} INFO - Started process (PID=5964) to work on /home/airflow/.local/lib/python3.11/site-packages/airflow/example_dags/tutorial_dag.py
[2025-01-06T12:59:13.714+0000] {processor.py:830} INFO - Processing file /home/airflow/.local/lib/python3.11/site-packages/airflow/example_dags/tutorial_dag.py for tasks to queue
[2025-01-06T12:59:13.716+0000] {logging_mixin.py:188} INFO - [2025-01-06T12:59:13.716+0000] {dagbag.py:538} INFO - Filling up the DagBag from /home/airflow/.local/lib/python3.11/site-packages/airflow/example_dags/tutorial_dag.py
[2025-01-06T12:59:13.727+0000] {processor.py:840} INFO - DAG(s) 'tutorial_dag' retrieved from /home/airflow/.local/lib/python3.11/site-packages/airflow/example_dags/tutorial_dag.py
[2025-01-06T12:59:13.760+0000] {logging_mixin.py:188} INFO - [2025-01-06T12:59:13.759+0000] {dag.py:3036} INFO - Sync 1 DAGs
[2025-01-06T12:59:13.779+0000] {logging_mixin.py:188} INFO - [2025-01-06T12:59:13.779+0000] {dag.py:3823} INFO - Setting next_dagrun for tutorial_dag to None, run_after=None
[2025-01-06T12:59:13.816+0000] {processor.py:183} INFO - Processing /home/airflow/.local/lib/python3.11/site-packages/airflow/example_dags/tutorial_dag.py took 0.108 seconds
